Log file open, 11/22/18 14:28:31
LogWindows: Failed to load 'aqProf.dll' (GetLastError=126)
LogWindows: File 'aqProf.dll' does not exist
LogWindows: Failed to load 'VSPerf140.dll' (GetLastError=126)
LogWindows: File 'VSPerf140.dll' does not exist
LogWindows: Failed to load 'VtuneApi.dll' (GetLastError=126)
LogWindows: File 'VtuneApi.dll' does not exist
LogWindows: Failed to load 'VtuneApi32e.dll' (GetLastError=126)
LogWindows: File 'VtuneApi32e.dll' does not exist
LogInit: Display: Running engine for game: APsec1LargeCityBase
LogPlatformFile: Not using cached read wrapper
LogTaskGraph: Started task graph with 5 named threads and 23 total threads with 3 sets of task threads.
LogStats: Stats thread started at 1.246272
LogD3D11RHI: Loaded GFSDK_Aftermath_Lib.x64.dll
LogICUInternationalization: Display: ICU TimeZone Detection - Raw Offset: -7:00, Platform Override: ''
LogPluginManager: Mounting plugin Paper2D
LogPluginManager: Mounting plugin AISupport
LogPluginManager: Mounting plugin LightPropagationVolume
LogPluginManager: Mounting plugin CLionSourceCodeAccess
LogPluginManager: Mounting plugin CodeLiteSourceCodeAccess
LogPluginManager: Mounting plugin GitSourceControl
LogPluginManager: Mounting plugin KDevelopSourceCodeAccess
LogPluginManager: Mounting plugin NullSourceCodeAccess
LogPluginManager: Mounting plugin PerforceSourceControl
LogPluginManager: Mounting plugin SubversionSourceControl
LogPluginManager: Mounting plugin UObjectPlugin
LogPluginManager: Mounting plugin VisualStudioCodeSourceCodeAccess
LogPluginManager: Mounting plugin VisualStudioSourceCodeAccess
LogPluginManager: Mounting plugin XCodeSourceCodeAccess
LogPluginManager: Mounting plugin AssetManagerEditor
LogPluginManager: Mounting plugin CryptoKeys
LogPluginManager: Mounting plugin DataValidation
LogPluginManager: Mounting plugin FacialAnimation
LogPluginManager: Mounting plugin GameplayTagsEditor
LogPluginManager: Mounting plugin MacGraphicsSwitching
LogPluginManager: Mounting plugin MeshEditor
LogPluginManager: Mounting plugin MobileLauncherProfileWizard
LogPluginManager: Mounting plugin PluginBrowser
LogPluginManager: Mounting plugin SpeedTreeImporter
LogPluginManager: Mounting plugin DatasmithContent
LogPluginManager: Mounting plugin AlembicImporter
LogPluginManager: Mounting plugin AppleImageUtils
LogPluginManager: Mounting plugin AppleVision
LogPluginManager: Mounting plugin BackChannel
LogPluginManager: Mounting plugin CharacterAI
LogPluginManager: Mounting plugin GeometryCache
LogPluginManager: Mounting plugin HTML5Networking
LogPluginManager: Mounting plugin ProxyLODPlugin
LogPluginManager: Mounting plugin MagicLeap
LogPluginManager: Mounting plugin MagicLeapEmulator
LogPluginManager: Mounting plugin MagicLeapMedia
LogPluginManager: Mounting plugin AndroidMedia
LogPluginManager: Mounting plugin AvfMedia
LogPluginManager: Mounting plugin ImgMedia
LogPluginManager: Mounting plugin LinearTimecode
LogPluginManager: Mounting plugin MediaCompositing
LogPluginManager: Mounting plugin MediaPlayerEditor
LogPluginManager: Mounting plugin WmfMedia
LogPluginManager: Mounting plugin TcpMessaging
LogPluginManager: Mounting plugin UdpMessaging
LogPluginManager: Mounting plugin ActorSequence
LogPluginManager: Mounting plugin LevelSequenceEditor
LogPluginManager: Mounting plugin MatineeToLevelSequence
LogPluginManager: Mounting plugin NetcodeUnitTest
LogPluginManager: Mounting plugin NUTUnrealEngine4
LogPluginManager: Mounting plugin OnlineSubsystemGooglePlay
LogPluginManager: Mounting plugin OnlineSubsystemIOS
LogPluginManager: Mounting plugin OnlineSubsystem
LogPluginManager: Mounting plugin OnlineSubsystemNull
LogPluginManager: Mounting plugin OnlineSubsystemUtils
LogPluginManager: Mounting plugin LauncherChunkInstaller
LogPluginManager: Mounting plugin AndroidDeviceProfileSelector
LogPluginManager: Mounting plugin AndroidMoviePlayer
LogPluginManager: Mounting plugin AndroidPermission
LogPluginManager: Mounting plugin AppleMoviePlayer
LogPluginManager: Mounting plugin ArchVisCharacter
LogPluginManager: Mounting plugin AudioCapture
LogPluginManager: Mounting plugin CableComponent
LogPluginManager: Mounting plugin CustomMeshComponent
LogPluginManager: Mounting plugin EditableMesh
LogPluginManager: Mounting plugin ExampleDeviceProfileSelector
LogPluginManager: Mounting plugin GoogleCloudMessaging
LogPluginManager: Mounting plugin ImmediatePhysics
LogPluginManager: Mounting plugin IOSDeviceProfileSelector
LogPluginManager: Mounting plugin LinuxDeviceProfileSelector
LogPluginManager: Mounting plugin LocationServicesBPLibrary
LogPluginManager: Mounting plugin MobilePatchingUtils
LogPluginManager: Mounting plugin OculusVR
LogPluginManager: Plugin shader directory ../../../Engine/Plugins/Runtime/Oculus/OculusVR/Shaders found
LogPluginManager: Mapping shader source directory ../../../Engine/Plugins/Runtime/Oculus/OculusVR/Shaders to virtual directory /Plugin/OculusVR
LogPluginManager: Mounting plugin PhysXVehicles
LogPluginManager: Mounting plugin ProceduralMeshComponent
LogPluginManager: Mounting plugin RuntimePhysXCooking
LogPluginManager: Mounting plugin SteamVR
LogPluginManager: Mounting plugin WindowsMoviePlayer
LogStreaming: Display: Took  0.162s to configure plugins.
LogInit: Using libcurl 7.55.1-DEV
LogInit:  - built for x86_64-pc-win32
LogInit:  - supports SSL with OpenSSL/1.0.2h
LogInit:  - supports HTTP deflate (compression) using libz 1.2.8
LogInit:  - other features:
LogInit:      CURL_VERSION_SSL
LogInit:      CURL_VERSION_LIBZ
LogInit:      CURL_VERSION_IPV6
LogInit:      CURL_VERSION_ASYNCHDNS
LogInit:      CURL_VERSION_LARGEFILE
LogInit:      CURL_VERSION_IDN
LogInit:  CurlRequestOptions (configurable via config and command line):
LogInit:  - bVerifyPeer = false  - Libcurl will NOT verify peer certificate
LogInit:  - bUseHttpProxy = false  - Libcurl will NOT use HTTP proxy
LogInit:  - bDontReuseConnections = false  - Libcurl will reuse connections
LogInit:  - CertBundlePath = nullptr  - Libcurl will use whatever was configured at build time.
LogInit:  - MaxHostConnections = 16  - Libcurl will limit the number of connections to a host
LogInit:  - LocalHostAddr = Default
LogInit:  - BufferSize = 65536
LogInit: WinSock: version 1.1 (2.2), MaxSocks=32767, MaxUdp=65467
LogInit: Build: ++UE4+Release-4.20-CL-4302132
LogInit: Engine Version: 4.20.2-4302132+++UE4+Release-4.20
LogInit: Compatible Engine Version: 4.20.0-4212847+++UE4+Release-4.20
LogInit: Net CL: 4212847
LogInit: OS: Windows 10 (), CPU: Intel(R) Core(TM) i7-6820HQ CPU @ 2.70GHz, GPU: Intel(R) HD Graphics 530
LogInit: Compiled (64-bit): Aug 21 2018 02:06:06
LogInit: Compiled with Visual C++: 19.13.26129.00
LogInit: Build Configuration: Development
LogInit: Branch Name: ++UE4+Release-4.20
LogInit: Command Line:  
LogInit: Base Directory: C:/Program Files/Epic Games/UE_4.20/Engine/Binaries/Win64/
LogInit: Installed Engine Build: 1
LogDevObjectVersion: Number of dev versions registered: 20
LogDevObjectVersion:   Dev-Blueprints (B0D832E4-1F89-4F0D-ACCF-7EB736FD4AA2): 10
LogDevObjectVersion:   Dev-Build (E1C64328-A22C-4D53-A36C-8E866417BD8C): 0
LogDevObjectVersion:   Dev-Core (375EC13C-06E4-48FB-B500-84F0262A717E): 2
LogDevObjectVersion:   Dev-Editor (E4B068ED-F494-42E9-A231-DA0B2E46BB41): 24
LogDevObjectVersion:   Dev-Framework (CFFC743F-43B0-4480-9391-14DF171D2073): 34
LogDevObjectVersion:   Dev-Mobile (B02B49B5-BB20-44E9-A304-32B752E40360): 2
LogDevObjectVersion:   Dev-Networking (A4E4105C-59A1-49B5-A7C5-40C4547EDFEE): 0
LogDevObjectVersion:   Dev-Online (39C831C9-5AE6-47DC-9A44-9C173E1C8E7C): 0
LogDevObjectVersion:   Dev-Physics (78F01B33-EBEA-4F98-B9B4-84EACCB95AA2): 0
LogDevObjectVersion:   Dev-Platform (6631380F-2D4D-43E0-8009-CF276956A95A): 0
LogDevObjectVersion:   Dev-Rendering (12F88B9F-8875-4AFC-A67C-D90C383ABD29): 26
LogDevObjectVersion:   Dev-Sequencer (7B5AE74C-D270-4C10-A958-57980B212A5A): 9
LogDevObjectVersion:   Dev-VR (D7296918-1DD6-4BDD-9DE2-64A83CC13884): 2
LogDevObjectVersion:   Dev-LoadTimes (C2A15278-BFE7-4AFE-6C17-90FF531DF755): 1
LogDevObjectVersion:   Private-Geometry (6EACA3D4-40EC-4CC1-B786-8BED09428FC5): 3
LogDevObjectVersion:   Dev-AnimPhys (29E575DD-E0A3-4627-9D10-D276232CDCEA): 17
LogDevObjectVersion:   Dev-ReflectionCapture (6B266CEC-1EC7-4B8F-A30B-E4D90942FC07): 1
LogDevObjectVersion:   Dev-Automation (0DF73D61-A23F-47EA-B727-89E90C41499A): 1
LogDevObjectVersion:   FortniteMain (601D1886-AC64-4F84-AA16-D3DE0DEAC7D6): 12
LogDevObjectVersion:   Dev-Enterprise (9DFFBCD6-494F-0158-E221-12823C92A888): 1
LogStreaming: Display: Took  0.008s to delete old logs.
LogInit: Presizing for max 8388607 objects, including 0 objects not considered by GC, pre-allocating 0 bytes for permanent pool.
LogInit: Object subsystem initialized
[2018.11.22-21.28.33:559][  0]LogInit: Selected Device Profile: [Windows]
[2018.11.22-21.28.33:560][  0]LogInit: Applying CVar settings loaded from the selected device profile: [Windows]
[2018.11.22-21.28.33:603][  0]LogHAL: Display: Platform has ~ 32 GB [34173624320 / 34359738368 / 32], which maps to Largest [LargestMinGB=32, LargerMinGB=12, DefaultMinGB=8, SmallerMinGB=6, SmallestMinGB=0)
[2018.11.22-21.28.33:604][  0]LogInit: Setting Device Profile CVar: [[r.Vulkan.UseRealUBs:1]]
[2018.11.22-21.28.33:604][  0]LogInit: Going up to parent DeviceProfile []
[2018.11.22-21.28.33:618][  0]LogInit: Computer: EVANPLAPTOP
[2018.11.22-21.28.33:618][  0]LogInit: User: bearl
[2018.11.22-21.28.33:618][  0]LogInit: CPU Page size=4096, Cores=4
[2018.11.22-21.28.33:618][  0]LogInit: High frequency timer resolution =2.648438 MHz
[2018.11.22-21.28.33:619][  0]LogMemory: Memory total: Physical=31.8GB (32GB approx)
[2018.11.22-21.28.33:619][  0]LogMemory: Platform Memory Stats for Windows
[2018.11.22-21.28.33:619][  0]LogMemory: Process Physical Memory: 100.04 MB used, 100.04 MB peak
[2018.11.22-21.28.33:619][  0]LogMemory: Process Virtual Memory: 90.97 MB used, 90.97 MB peak
[2018.11.22-21.28.33:619][  0]LogMemory: Physical Memory: 10146.01 MB used,  22444.50 MB free, 32590.51 MB total
[2018.11.22-21.28.33:619][  0]LogMemory: Virtual Memory: 4640.11 MB used,  22444.50 MB free, 134217728.00 MB total
[2018.11.22-21.28.34:647][  0]LogInit: Using OS detected language (en-US).
[2018.11.22-21.28.34:647][  0]LogInit: Using OS detected locale (en-US).
[2018.11.22-21.28.34:652][  0]LogTextLocalizationManager: No specific localization for 'en-US' exists, so the 'en' localization will be used.
[2018.11.22-21.28.35:627][  0]LogStreaming: Display: Took  0.979s to InitEngineTextLocalization.
[2018.11.22-21.28.35:628][  0]LogInit: Setting process to per monitor DPI aware
[2018.11.22-21.28.35:770][  0]LogSlate: New Slate User Created.  User Index 0, Is Virtual User: 0
[2018.11.22-21.28.35:770][  0]LogSlate: Slate User Registered.  User Index 0, Is Virtual User: 0
[2018.11.22-21.28.42:922][  0]LogHMD: Failed to initialize OpenVR with code 110
[2018.11.22-21.28.42:922][  0]LogD3D11RHI: D3D11 adapters:
[2018.11.22-21.28.43:501][  0]LogD3D11RHI:    0. 'NVIDIA Quadro M1000M' (Feature Level 11_0)
[2018.11.22-21.28.43:501][  0]LogD3D11RHI:       2017/0/16295 MB DedicatedVideo/DedicatedSystem/SharedSystem, Outputs:1, VendorId:0x10de
[2018.11.22-21.28.43:537][  0]LogD3D11RHI:    1. 'Intel(R) HD Graphics 530' (Feature Level 11_0)
[2018.11.22-21.28.43:537][  0]LogD3D11RHI:       128/0/16295 MB DedicatedVideo/DedicatedSystem/SharedSystem, Outputs:0, VendorId:0x8086
[2018.11.22-21.28.43:542][  0]LogD3D11RHI:    2. 'Microsoft Basic Render Driver' (Feature Level 11_0)
[2018.11.22-21.28.43:542][  0]LogD3D11RHI:       0/0/16295 MB DedicatedVideo/DedicatedSystem/SharedSystem, Outputs:0, VendorId:0x1414
[2018.11.22-21.28.43:543][  0]LogD3D11RHI: Chosen D3D11 Adapter: 0
[2018.11.22-21.28.43:639][  0]LogD3D11RHI: Creating new Direct3DDevice
[2018.11.22-21.28.43:639][  0]LogD3D11RHI:     GPU DeviceId: 0x13b1 (for the marketing name, search the web for "GPU Device Id")
[2018.11.22-21.28.43:640][  0]LogWindows: EnumDisplayDevices:
[2018.11.22-21.28.43:640][  0]LogWindows:    0. 'Intel(R) HD Graphics 530' (P:1 D:1)
[2018.11.22-21.28.43:641][  0]LogWindows:    1. 'Intel(R) HD Graphics 530' (P:0 D:0)
[2018.11.22-21.28.43:642][  0]LogWindows:    2. 'Intel(R) HD Graphics 530' (P:0 D:0)
[2018.11.22-21.28.43:643][  0]LogWindows:    3. 'NVIDIA Quadro M1000M' (P:0 D:0)
[2018.11.22-21.28.43:643][  0]LogWindows:    4. 'NVIDIA Quadro M1000M' (P:0 D:0)
[2018.11.22-21.28.43:644][  0]LogWindows:    5. 'NVIDIA Quadro M1000M' (P:0 D:0)
[2018.11.22-21.28.43:644][  0]LogWindows:    6. 'NVIDIA Quadro M1000M' (P:0 D:0)
[2018.11.22-21.28.43:645][  0]LogWindows: DebugString: PrimaryIsNotTheChoosenAdapter PrimaryIsNotTheChoosenAdapter PrimaryIsNotTheChoosenAdapter FoundDriverCount:4 
[2018.11.22-21.28.43:645][  0]LogD3D11RHI:     Adapter Name: NVIDIA Quadro M1000M
[2018.11.22-21.28.43:645][  0]LogD3D11RHI:   Driver Version: 389.08 (internal:23.21.13.8908, unified:389.08)
[2018.11.22-21.28.43:645][  0]LogD3D11RHI:      Driver Date: 2-27-2018
[2018.11.22-21.28.43:645][  0]LogRHI: Texture pool is 1412 MB (70% of 2017 MB)
[2018.11.22-21.28.43:727][  0]LogD3D11RHI: Async texture creation enabled
[2018.11.22-21.28.43:757][  0]LogD3D11RHI: GPU Timing Frequency: 1000.000000 (Debug: 2 1)
[2018.11.22-21.28.43:763][  0]LogShaderCompilers: Guid format shader working directory is -51 characters bigger than the processId version (../../../../../../Users/bearl/Documents/Fall 2018/EAE 3010/AssetPipeMaster01/APsec1LargeCityBase/Intermediate/Shaders/WorkingDirectory/13084/).
[2018.11.22-21.28.43:763][  0]LogShaderCompilers: Cleaned the shader compiler working directory 'C:/Users/bearl/AppData/Local/Temp/UnrealShaderWorkingDir/C00FE18B43A9B62C36E7F6ADB2B642C5/'.
[2018.11.22-21.28.44:787][  0]LogTemp: Display: Loaded TP AllDesktopTargetPlatform
[2018.11.22-21.28.44:822][  0]LogTemp: Display: Loaded TP MacClientTargetPlatform
[2018.11.22-21.28.44:865][  0]LogTemp: Display: Loaded TP MacNoEditorTargetPlatform
[2018.11.22-21.28.44:903][  0]LogTemp: Display: Loaded TP MacServerTargetPlatform
[2018.11.22-21.28.44:955][  0]LogTemp: Display: Loaded TP MacTargetPlatform
[2018.11.22-21.28.44:989][  0]LogTemp: Display: Loaded TP WindowsClientTargetPlatform
[2018.11.22-21.28.45:026][  0]LogTemp: Display: Loaded TP WindowsNoEditorTargetPlatform
[2018.11.22-21.28.45:066][  0]LogTemp: Display: Loaded TP WindowsServerTargetPlatform
[2018.11.22-21.28.45:083][  0]LogTemp: Display: Loaded TP WindowsTargetPlatform
[2018.11.22-21.28.45:301][  0]LogTemp: Display: Loaded TP AndroidTargetPlatform
[2018.11.22-21.28.45:301][  0]LogTemp: Display: Loaded TP AndroidTargetPlatform
[2018.11.22-21.28.45:301][  0]LogTemp: Display: Loaded TP AndroidTargetPlatform
[2018.11.22-21.28.45:301][  0]LogTemp: Display: Loaded TP AndroidTargetPlatform
[2018.11.22-21.28.45:301][  0]LogTemp: Display: Loaded TP AndroidTargetPlatform
[2018.11.22-21.28.45:301][  0]LogTemp: Display: Loaded TP AndroidTargetPlatform
[2018.11.22-21.28.45:301][  0]LogTemp: Display: Loaded TP AndroidTargetPlatform
[2018.11.22-21.28.45:301][  0]LogTemp: Display: Loaded TP AndroidTargetPlatform
[2018.11.22-21.28.45:301][  0]LogTemp: Display: Loaded TP AndroidTargetPlatform
[2018.11.22-21.28.45:301][  0]LogTemp: Display: Loaded TP AndroidTargetPlatform
[2018.11.22-21.28.45:301][  0]LogTemp: Display: Loaded TP AndroidTargetPlatform
[2018.11.22-21.28.45:301][  0]LogTemp: Display: Loaded TP AndroidTargetPlatform
[2018.11.22-21.28.45:301][  0]LogTemp: Display: Loaded TP AndroidTargetPlatform
[2018.11.22-21.28.45:301][  0]LogTemp: Display: Loaded TP AndroidTargetPlatform
[2018.11.22-21.28.45:301][  0]LogTemp: Display: Loaded TP AndroidTargetPlatform
[2018.11.22-21.28.45:301][  0]LogTemp: Display: Loaded TP AndroidTargetPlatform
[2018.11.22-21.28.45:301][  0]LogTemp: Display: Loaded TP AndroidTargetPlatform
[2018.11.22-21.28.45:301][  0]LogTemp: Display: Loaded TP AndroidTargetPlatform
[2018.11.22-21.28.45:305][  0]LogTemp: Display: Loaded TP HTML5TargetPlatform
[2018.11.22-21.28.45:452][  0]LogTemp: Display: Loaded TP IOSTargetPlatform
[2018.11.22-21.28.45:452][  0]LogTemp: Display: Loaded TP IOSTargetPlatform
[2018.11.22-21.28.45:566][  0]LogTemp: Display: Loaded TP TVOSTargetPlatform
[2018.11.22-21.28.45:566][  0]LogTemp: Display: Loaded TP TVOSTargetPlatform
[2018.11.22-21.28.45:624][  0]LogTemp: Display: Loaded TP LinuxClientTargetPlatform
[2018.11.22-21.28.45:678][  0]LogTemp: Display: Loaded TP LinuxNoEditorTargetPlatform
[2018.11.22-21.28.45:744][  0]LogTemp: Display: Loaded TP LinuxServerTargetPlatform
[2018.11.22-21.28.45:855][  0]LogTemp: Display: Loaded TP LinuxTargetPlatform
[2018.11.22-21.28.45:886][  0]LogTemp: Display: Loaded TP LuminTargetPlatform
[2018.11.22-21.28.45:886][  0]LogTargetPlatformManager: Display: Building Assets For Windows
[2018.11.22-21.28.46:138][  0]LogXGEController: Cleaning working directory: C:/Users/bearl/AppData/Local/Temp/UnrealXGEWorkingDir/
[2018.11.22-21.28.46:138][  0]LogXGEController: Cannot use XGE Controller as Incredibuild is not installed on this machine.
[2018.11.22-21.28.46:138][  0]LogShaderCompilers: Cannot use XGE Shader Compiler as Incredibuild is not installed on this machine.
[2018.11.22-21.28.46:138][  0]LogShaderCompilers: Display: Using Local Shader Compiler.
[2018.11.22-21.28.51:306][  0]LogDerivedDataCache: Display: Max Cache Size: 512 MB
[2018.11.22-21.28.51:527][  0]LogDerivedDataCache: Loaded boot cache 0.22s 71MB C:/Users/bearl/AppData/Local/UnrealEngine/4.20/DerivedDataCache/Boot.ddc.
[2018.11.22-21.28.51:527][  0]LogDerivedDataCache: Display: Loaded Boot cache: C:/Users/bearl/AppData/Local/UnrealEngine/4.20/DerivedDataCache/Boot.ddc
[2018.11.22-21.28.51:527][  0]LogDerivedDataCache: FDerivedDataBackendGraph:  Pak pak cache file ../../../../../../Users/bearl/Documents/Fall 2018/EAE 3010/AssetPipeMaster01/APsec1LargeCityBase/DerivedDataCache/DDC.ddp not found, will not use a pak cache.
[2018.11.22-21.28.51:527][  0]LogDerivedDataCache: Unable to find inner node Pak for hierarchical cache Hierarchy.
[2018.11.22-21.28.51:527][  0]LogDerivedDataCache: FDerivedDataBackendGraph:  CompressedPak pak cache file ../../../../../../Users/bearl/Documents/Fall 2018/EAE 3010/AssetPipeMaster01/APsec1LargeCityBase/DerivedDataCache/Compressed.ddp not found, will not use a pak cache.
[2018.11.22-21.28.51:527][  0]LogDerivedDataCache: Unable to find inner node CompressedPak for hierarchical cache Hierarchy.
[2018.11.22-21.28.51:580][  0]LogDerivedDataCache: Display: Pak cache opened for reading ../../../Engine/DerivedDataCache/Compressed.ddp.
[2018.11.22-21.28.51:595][  0]LogDerivedDataCache: Using Local data cache path C:/Users/bearl/AppData/Local/UnrealEngine/Common/DerivedDataCache: Writable
[2018.11.22-21.28.51:595][  0]LogDerivedDataCache: Shared data cache path not found in *engine.ini, will not use an Shared cache.
[2018.11.22-21.28.51:595][  0]LogDerivedDataCache: Unable to find inner node Shared for hierarchical cache Hierarchy.
[2018.11.22-21.28.51:639][  0]LogMaterial: Verifying Global Shaders for PCD3D_SM5
[2018.11.22-21.28.51:647][  0]LogSlate: Using FreeType 2.6.0
[2018.11.22-21.28.51:692][  0]LogSlate: SlateFontServices - WITH_FREETYPE: 1, WITH_HARFBUZZ: 1
[2018.11.22-21.28.52:245][  0]LogAssetRegistry: FAssetRegistry took 0.0366 seconds to start up
[2018.11.22-21.28.53:109][  0]LogInit: Selected Device Profile: [Windows]
[2018.11.22-21.28.53:902][  0]LogSimplygon: Simplygon DLL not present - disabling.
[2018.11.22-21.28.53:935][  0]LogMeshReduction: Using SimplygonSwarm for distributed automatic mesh merging
[2018.11.22-21.28.53:936][  0]LogMeshReduction: Using ProxyLODMeshReduction for automatic mesh merging
[2018.11.22-21.28.53:937][  0]LogMeshReduction: Using QuadricMeshReduction for automatic static mesh reduction
[2018.11.22-21.28.53:937][  0]LogMeshReduction: No automatic skeletal mesh reduction module available
[2018.11.22-21.28.54:090][  0]LogNetVersion: APsec1LargeCityBase 1.0.0, NetCL: 4212847, EngineNetVer: 5, GameNetVer: 0 (Checksum: 1121110827)
[2018.11.22-21.28.56:642][  0]LogPackageLocalizationCache: Processed 11 localized package path(s) for 2 prioritized culture(s) in 0.321132 seconds
[2018.11.22-21.28.56:657][  0]LogUObjectArray: 38425 objects as part of root set at end of initial load.
[2018.11.22-21.28.56:657][  0]LogUObjectAllocator: 6690864 out of 0 bytes used by permanent object pool.
[2018.11.22-21.28.56:657][  0]LogUObjectArray: CloseDisregardForGC: 0/0 objects in disregard for GC pool
[2018.11.22-21.29.05:206][  0]LogTcpMessaging: Initializing TcpMessaging bridge
[2018.11.22-21.29.05:224][  0]LogUdpMessaging: Initializing bridge on interface 0.0.0.0:0 to multicast group 230.0.0.1:6666.
[2018.11.22-21.29.05:749][  0]SourceControl: Source control is disabled
[2018.11.22-21.29.05:750][  0]SourceControl: Source control is disabled
[2018.11.22-21.29.05:763][  0]SourceControl: Source control is disabled
[2018.11.22-21.29.05:770][  0]SourceControl: Source control is disabled
[2018.11.22-21.29.06:241][  0]LogAndroidPermission: UAndroidPermissionCallbackProxy::GetInstance
[2018.11.22-21.29.06:351][  0]LogOcInput: OculusInput pre-init called
[2018.11.22-21.29.06:527][  0]LogEngine: Initializing Engine...
[2018.11.22-21.29.06:531][  0]LogHMD: Failed to initialize OpenVR with code 110
[2018.11.22-21.29.06:537][  0]LogStats: UGameplayTagsManager::ConstructGameplayTagTree: ImportINI prefixes -  0.001 s
[2018.11.22-21.29.06:537][  0]LogStats: UGameplayTagsManager::ConstructGameplayTagTree: Construct from data asset -  0.000 s
[2018.11.22-21.29.06:537][  0]LogStats: UGameplayTagsManager::ConstructGameplayTagTree: ImportINI -  0.000 s
[2018.11.22-21.29.06:537][  0]LogStats: UGameplayTagsManager::ConstructGameplayTagTree: GameplayTagTreeChangedEvent.Broadcast -  0.000 s
[2018.11.22-21.29.07:196][  0]LogInit: Initializing FReadOnlyCVARCache
[2018.11.22-21.29.07:266][  0]LogAIModule: Creating AISystem for world Untitled
[2018.11.22-21.29.07:292][  0]LogInit: XAudio2 using 'Speaker/HP (Realtek High Definition Audio)' : 2 channels at 48 kHz using 32 bits per sample (channel mask 0x3)
[2018.11.22-21.29.07:353][  0]LogInit: FAudioDevice initialized.
[2018.11.22-21.29.07:354][  0]LogNetVersion: Set ProjectVersion to 1.0.0.0. Version Checksum will be recalculated on next use.
[2018.11.22-21.29.07:455][  0]LogDerivedDataCache: Saved boot cache 0.10s 71MB C:/Users/bearl/AppData/Local/UnrealEngine/4.20/DerivedDataCache/Boot.ddc.
[2018.11.22-21.29.07:477][  0]LogInit: Texture streaming: Enabled
[2018.11.22-21.29.07:510][  0]LogEngineSessionManager: EngineSessionManager initialized
[2018.11.22-21.29.07:614][  0]LogInit: Transaction tracking system initialized
[2018.11.22-21.29.07:702][  0]BlueprintLog: New page: Editor Load
[2018.11.22-21.29.08:123][  0]LocalizationService: Localization service is disabled
[2018.11.22-21.29.08:723][  0]LogCook: Display: Max memory allowance for cook 16384mb min free memory 0mb
[2018.11.22-21.29.08:724][  0]LogCook: Display: Mobile HDR setting 1
[2018.11.22-21.29.08:724][  0]LogGameplayTags: Display: UGameplayTagsManager::DoneAddingNativeTags. DelegateIsBound: 0
[2018.11.22-21.29.08:724][  0]LogStats: UGameplayTagsManager::ConstructGameplayTagTree: ImportINI prefixes -  0.000 s
[2018.11.22-21.29.08:724][  0]LogStats: UGameplayTagsManager::ConstructGameplayTagTree: Construct from data asset -  0.000 s
[2018.11.22-21.29.08:724][  0]LogStats: UGameplayTagsManager::ConstructGameplayTagTree: ImportINI -  0.000 s
[2018.11.22-21.29.08:724][  0]LogStats: UGameplayTagsManager::ConstructGameplayTagTree: GameplayTagTreeChangedEvent.Broadcast -  0.000 s
[2018.11.22-21.29.08:733][  0]LogFileCache: Scanning file cache for directory 'C:/Users/bearl/Documents/Fall 2018/EAE 3010/AssetPipeMaster01/APsec1LargeCityBase/Content/' took 0.02s
[2018.11.22-21.29.09:078][  0]SourceControl: Source control is disabled
[2018.11.22-21.29.09:079][  0]Cmd: MAP LOAD FILE="../../../Engine/Content/Maps/Templates/Template_Default.umap" TEMPLATE=1 SHOWPROGRESS=1 FEATURELEVEL=3
[2018.11.22-21.29.09:080][  0]LightingResults: New page: Lighting Build
[2018.11.22-21.29.09:089][  0]MapCheck: New page: Map Check
[2018.11.22-21.29.09:089][  0]LightingResults: New page: Lighting Build
[2018.11.22-21.29.09:472][  0]LogAIModule: Creating AISystem for world Untitled_1
[2018.11.22-21.29.09:491][  0]LogEditorServer: Finished looking for orphan Actors (0.000 secs)
[2018.11.22-21.29.09:529][  0]Cmd: MAP CHECKDEP NOCLEARLOG
[2018.11.22-21.29.09:623][  0]MapCheck: Map check complete: 0 Error(s), 0 Warning(s), took 93.115ms to complete.
[2018.11.22-21.29.09:623][  0]LogFileHelpers: Loading map 'Template_Default' took 0.544
[2018.11.22-21.29.09:847][  0]LogSlate: Updating window title bar state: overlay mode, drag disabled, window buttons hidden, title bar hidden
[2018.11.22-21.29.09:865][  0]LogSlate: Updating window title bar state: overlay mode, drag disabled, window buttons hidden, title bar hidden
[2018.11.22-21.29.09:881][  0]LogSlate: Updating window title bar state: overlay mode, drag disabled, window buttons hidden, title bar hidden
[2018.11.22-21.29.09:899][  0]LogSlate: Updating window title bar state: overlay mode, drag disabled, window buttons hidden, title bar hidden
[2018.11.22-21.29.09:929][  0]LogCollectionManager: Loaded 0 collections in 0.003798 seconds
[2018.11.22-21.29.09:999][  0]LogFileCache: Scanning file cache for directory 'C:/Users/bearl/Documents/Fall 2018/EAE 3010/AssetPipeMaster01/APsec1LargeCityBase/Saved/Collections/' took 0.01s
[2018.11.22-21.29.09:999][  0]LogFileCache: Scanning file cache for directory 'C:/Users/bearl/Documents/Fall 2018/EAE 3010/AssetPipeMaster01/APsec1LargeCityBase/Content/Developers/bearl/Collections/' took 0.01s
[2018.11.22-21.29.09:999][  0]LogFileCache: Scanning file cache for directory 'C:/Users/bearl/Documents/Fall 2018/EAE 3010/AssetPipeMaster01/APsec1LargeCityBase/Content/Collections/' took 0.01s
[2018.11.22-21.29.09:999][  0]LogCollectionManager: Rebuilt the GUID cache for 0 collections in 0.000001 seconds
[2018.11.22-21.29.10:024][  0]LogContentBrowser: Native class hierarchy populated in 0.0228 seconds. Added 2572 classes and 603 folders.
[2018.11.22-21.29.10:045][  0]LogContentBrowser: Native class hierarchy updated for 'WidgetCarousel' in 0.0005 seconds. Added 0 classes and 0 folders.
[2018.11.22-21.29.11:011][  0]LogContentBrowser: Native class hierarchy updated for 'AddContentDialog' in 0.0005 seconds. Added 0 classes and 0 folders.
[2018.11.22-21.29.11:026][  0]LogContentBrowser: Native class hierarchy updated for 'SceneOutliner' in 0.0004 seconds. Added 1 classes and 2 folders.
[2018.11.22-21.29.11:096][  0]LogSlate: Took 0.010582 seconds to synchronously load lazily loaded font '../../../Engine/Content/Slate/Fonts/Roboto-Regular.ttf' (155K)
[2018.11.22-21.29.11:111][  0]LogSlate: Took 0.009761 seconds to synchronously load lazily loaded font '../../../Engine/Content/Slate/Fonts/Roboto-Bold.ttf' (160K)
[2018.11.22-21.29.11:132][  0]LogSlate: Took 0.010644 seconds to synchronously load lazily loaded font '../../../Engine/Content/Editor/Slate/Fonts/FontAwesome.ttf' (139K)
[2018.11.22-21.29.11:379][  0]LogRenderer: Reallocating scene render targets to support 964x684 Format 10 NumSamples 1 (Frame:1).
[2018.11.22-21.29.11:617][  0]LogContentBrowser: Native class hierarchy updated for 'HierarchicalLODOutliner' in 0.0003 seconds. Added 0 classes and 0 folders.
[2018.11.22-21.29.11:617][  0]LogLoad: (Engine Initialization) Total time: 48.00 seconds
[2018.11.22-21.29.11:617][  0]LogLoad: (Engine Initialization) Total Blueprint compile time: 0.00 seconds
[2018.11.22-21.29.11:677][  0]LogContentStreaming: Texture pool size now 1000 MB
[2018.11.22-21.29.11:761][  1]LogFileCache: Retrieving MD5 hashes for directory 'C:/Users/bearl/Documents/Fall 2018/EAE 3010/AssetPipeMaster01/APsec1LargeCityBase/Content/' took 0.12s
[2018.11.22-21.29.20:329][609]LogAssetRegistry: Asset discovery search completed in 28.1084 seconds
[2018.11.22-21.29.20:332][609]LogCollectionManager: Rebuilt the object cache for 0 collections in 0.000000 seconds (found 0 objects)
[2018.11.22-21.29.20:332][609]LogCollectionManager: Fixed up redirectors for 0 collections in 0.000105 seconds (updated 0 objects)
[2018.11.22-21.29.48:148][813]LogSlate: FSceneViewport::OnFocusLost() reason 0
[2018.11.22-21.29.48:440][820]LogSlate: Took 0.015265 seconds to synchronously load lazily loaded font '../../../Engine/Content/Slate/Fonts/Roboto-Light.ttf' (167K)
[2018.11.22-21.29.53:822][ 91]LogSlate: Took 0.000281 seconds to synchronously load lazily loaded font '../../../Engine/Content/Slate/Fonts/Roboto-Light.ttf' (167K)
[2018.11.22-21.29.53:949][ 91]LogLinker: Warning: Asset '../../../../../../Users/bearl/Documents/Fall 2018/EAE 3010/AssetPipeMaster01/APsec1LargeCityBase/Content/Car_DJW/BatmobileTexture_DJW.uasset' has been saved with empty engine version. The asset will be loaded but may be incompatible.
[2018.11.22-21.29.53:950][ 91]LogLinker: Warning: Asset '../../../../../../Users/bearl/Documents/Fall 2018/EAE 3010/AssetPipeMaster01/APsec1LargeCityBase/Content/Car_DJW/M_MasterWoodBlock_AP_DJW.uasset' has been saved with empty engine version. The asset will be loaded but may be incompatible.
[2018.11.22-21.29.53:952][ 91]LogLinker: Warning: Asset '../../../../../../Users/bearl/Documents/Fall 2018/EAE 3010/AssetPipeMaster01/APsec1LargeCityBase/Content/Car_DJW/WoodTexture004_DJW.uasset' has been saved with empty engine version. The asset will be loaded but may be incompatible.
[2018.11.22-21.29.53:955][ 91]LogLinker: Warning: Asset '../../../../../../Users/bearl/Documents/Fall 2018/EAE 3010/AssetPipeMaster01/APsec1LargeCityBase/Content/Car_DJW/WoodTexture004Norm_DJW.uasset' has been saved with empty engine version. The asset will be loaded but may be incompatible.
[2018.11.22-21.29.53:959][ 91]LogLinker: Warning: Asset '../../../../../../Users/bearl/Documents/Fall 2018/EAE 3010/AssetPipeMaster01/APsec1LargeCityBase/Content/Car_DJW/M_MasterWoodBlock_AP_WHeel_DJW.uasset' has been saved with empty engine version. The asset will be loaded but may be incompatible.
[2018.11.22-21.29.54:129][ 91]LogLinker: Warning: Can't find file '/Game/Beecroft_Car/gold_painted_wood'
[2018.11.22-21.29.54:130][ 91]LogLinker: Warning: Can't find file for asset '/Game/Beecroft_Car/gold_painted_wood' while loading ../../../../../../Users/bearl/Documents/Fall 2018/EAE 3010/AssetPipeMaster01/APsec1LargeCityBase/Content/Beecroft_Car/the_car.uasset.
[2018.11.22-21.29.54:130][ 91]LoadErrors: Error: /Game/Beecroft_Car/the_car : Can't find file for asset. /Game/Beecroft_Car/gold_painted_wood
[2018.11.22-21.29.54:131][ 91]LogLinker: Warning: Can't find file '/Game/Beecroft_Car/Grill_wood'
[2018.11.22-21.29.54:131][ 91]LogLinker: Warning: Can't find file for asset '/Game/Beecroft_Car/Grill_wood' while loading ../../../../../../Users/bearl/Documents/Fall 2018/EAE 3010/AssetPipeMaster01/APsec1LargeCityBase/Content/Beecroft_Car/the_car.uasset.
[2018.11.22-21.29.54:131][ 91]LoadErrors: Error: /Game/Beecroft_Car/the_car : Can't find file for asset. /Game/Beecroft_Car/Grill_wood
[2018.11.22-21.29.54:131][ 91]LogLinker: Warning: Can't find file '/Game/Beecroft_Car/lambert1'
[2018.11.22-21.29.54:131][ 91]LogLinker: Warning: Can't find file for asset '/Game/Beecroft_Car/lambert1' while loading ../../../../../../Users/bearl/Documents/Fall 2018/EAE 3010/AssetPipeMaster01/APsec1LargeCityBase/Content/Beecroft_Car/the_car.uasset.
[2018.11.22-21.29.54:131][ 91]LoadErrors: Error: /Game/Beecroft_Car/the_car : Can't find file for asset. /Game/Beecroft_Car/lambert1
[2018.11.22-21.29.54:134][ 91]LogLinker: Warning: Can't find file '/Game/Beecroft_Car/gold_painted_wood'
[2018.11.22-21.29.54:135][ 91]LogLinker: Warning: Can't find file for asset '/Game/Beecroft_Car/gold_painted_wood' while loading ../../../../../../Users/bearl/Documents/Fall 2018/EAE 3010/AssetPipeMaster01/APsec1LargeCityBase/Content/Beecroft_Car/the_car.uasset.
[2018.11.22-21.29.54:135][ 91]LogLinker: Warning: Can't find file '/Game/Beecroft_Car/Grill_wood'
[2018.11.22-21.29.54:135][ 91]LogLinker: Warning: Can't find file for asset '/Game/Beecroft_Car/Grill_wood' while loading ../../../../../../Users/bearl/Documents/Fall 2018/EAE 3010/AssetPipeMaster01/APsec1LargeCityBase/Content/Beecroft_Car/the_car.uasset.
[2018.11.22-21.29.54:136][ 91]LogLinker: Warning: Can't find file '/Game/Beecroft_Car/lambert1'
[2018.11.22-21.29.54:136][ 91]LogLinker: Warning: Can't find file for asset '/Game/Beecroft_Car/lambert1' while loading ../../../../../../Users/bearl/Documents/Fall 2018/EAE 3010/AssetPipeMaster01/APsec1LargeCityBase/Content/Beecroft_Car/the_car.uasset.
[2018.11.22-21.29.54:138][ 91]LogLinker: Warning: Asset '../../../../../../Users/bearl/Documents/Fall 2018/EAE 3010/AssetPipeMaster01/APsec1LargeCityBase/Content/Car_DJW/BatmobileProperUnwrapped_pCube3_DJW.uasset' has been saved with empty engine version. The asset will be loaded but may be incompatible.
[2018.11.22-21.29.54:142][ 91]LogLinker: Warning: Asset '../../../../../../Users/bearl/Documents/Fall 2018/EAE 3010/AssetPipeMaster01/APsec1LargeCityBase/Content/Car_DJW/BatmobileProperUnwrapped_pCylinder8_DJW.uasset' has been saved with empty engine version. The asset will be loaded but may be incompatible.
[2018.11.22-21.29.54:145][ 91]LogLinker: Warning: Asset '../../../../../../Users/bearl/Documents/Fall 2018/EAE 3010/AssetPipeMaster01/APsec1LargeCityBase/Content/Car_DJW/BatmobileProperUnwrapped_pCylinder9_DJW.uasset' has been saved with empty engine version. The asset will be loaded but may be incompatible.
[2018.11.22-21.29.54:166][ 91]LogLinker: Warning: Can't find file '/Game/wood/blinn2'
[2018.11.22-21.29.54:166][ 91]LogLinker: Warning: Can't find file for asset '/Game/wood/blinn2' while loading ../../../../../../Users/bearl/Documents/Fall 2018/EAE 3010/AssetPipeMaster01/APsec1LargeCityBase/Content/Car_XH/wood/car.uasset.
[2018.11.22-21.29.54:166][ 91]LoadErrors: Error: /Game/Car_XH/wood/car : Can't find file for asset. /Game/wood/blinn2
[2018.11.22-21.29.54:167][ 91]LogLinker: Warning: Can't find file '/Game/wood/blinn3'
[2018.11.22-21.29.54:167][ 91]LogLinker: Warning: Can't find file for asset '/Game/wood/blinn3' while loading ../../../../../../Users/bearl/Documents/Fall 2018/EAE 3010/AssetPipeMaster01/APsec1LargeCityBase/Content/Car_XH/wood/car.uasset.
[2018.11.22-21.29.54:167][ 91]LoadErrors: Error: /Game/Car_XH/wood/car : Can't find file for asset. /Game/wood/blinn3
[2018.11.22-21.29.54:167][ 91]LogLinker: Warning: Can't find file '/Game/wood/blinn2'
[2018.11.22-21.29.54:168][ 91]LogLinker: Warning: Can't find file for asset '/Game/wood/blinn2' while loading ../../../../../../Users/bearl/Documents/Fall 2018/EAE 3010/AssetPipeMaster01/APsec1LargeCityBase/Content/Car_XH/wood/car.uasset.
[2018.11.22-21.29.54:168][ 91]LogLinker: Warning: Can't find file '/Game/wood/blinn3'
[2018.11.22-21.29.54:168][ 91]LogLinker: Warning: Can't find file for asset '/Game/wood/blinn3' while loading ../../../../../../Users/bearl/Documents/Fall 2018/EAE 3010/AssetPipeMaster01/APsec1LargeCityBase/Content/Car_XH/wood/car.uasset.
[2018.11.22-21.29.54:211][ 91]LogLinker: Warning: Asset '../../../../../../Users/bearl/Documents/Fall 2018/EAE 3010/AssetPipeMaster01/APsec1LargeCityBase/Content/DJW_Source/WoodBlocks_DJW/Doadech.uasset' has been saved with empty engine version. The asset will be loaded but may be incompatible.
[2018.11.22-21.29.54:241][ 91]LogLinker: Warning: Can't find file '/Game/woodblockContent/myWoodBlocksContent/textureEditorIsolateSelectSet_Pelvis2Mat'
[2018.11.22-21.29.54:241][ 91]LogLinker: Warning: Can't find file for asset '/Game/woodblockContent/myWoodBlocksContent/textureEditorIsolateSelectSet_Pelvis2Mat' while loading ../../../../../../Users/bearl/Documents/Fall 2018/EAE 3010/AssetPipeMaster01/APsec1LargeCityBase/Content/ERPCarContent/woodblockContent/myWoodBlocksContent/ERPMannequinAssets/MannequinResizedCombinedMesh.uasset.
[2018.11.22-21.29.54:241][ 91]LoadErrors: Error: /Game/ERPCarContent/woodblockContent/myWoodBlocksContent/ERPMannequinAssets/MannequinResizedCombinedMesh : Can't find file for asset. /Game/woodblockContent/myWoodBlocksContent/textureEditorIsolateSelectSet_Pelvis2Mat
[2018.11.22-21.29.54:242][ 91]LogLinker: Warning: Can't find file '/Game/woodblockContent/myWoodBlocksContent/textureEditorIsolateSelectSet_Pelvis2Mat'
[2018.11.22-21.29.54:242][ 91]LogLinker: Warning: Can't find file for asset '/Game/woodblockContent/myWoodBlocksContent/textureEditorIsolateSelectSet_Pelvis2Mat' while loading ../../../../../../Users/bearl/Documents/Fall 2018/EAE 3010/AssetPipeMaster01/APsec1LargeCityBase/Content/ERPCarContent/woodblockContent/myWoodBlocksContent/ERPMannequinAssets/MannequinResizedCombinedMesh.uasset.
[2018.11.22-21.29.54:392][ 91]LogLinker: Warning: Can't find file '/Game/phong3SG'
[2018.11.22-21.29.54:393][ 91]LogLinker: Warning: Can't find file for asset '/Game/phong3SG' while loading ../../../../../../Users/bearl/Documents/Fall 2018/EAE 3010/AssetPipeMaster01/APsec1LargeCityBase/Content/Resources_TA/SmartCarUVObj_pCube1.uasset.
[2018.11.22-21.29.54:393][ 91]LoadErrors: Error: /Game/Resources_TA/SmartCarUVObj_pCube1 : Can't find file for asset. /Game/phong3SG
[2018.11.22-21.29.54:393][ 91]LogLinker: Warning: Can't find file '/Game/phong3SG'
[2018.11.22-21.29.54:393][ 91]LogLinker: Warning: Can't find file for asset '/Game/phong3SG' while loading ../../../../../../Users/bearl/Documents/Fall 2018/EAE 3010/AssetPipeMaster01/APsec1LargeCityBase/Content/Resources_TA/SmartCarUVObj_pCube1.uasset.
[2018.11.22-21.29.54:397][ 91]LogLinker: Warning: Can't find file '/Game/phong1SG'
[2018.11.22-21.29.54:397][ 91]LogLinker: Warning: Can't find file for asset '/Game/phong1SG' while loading ../../../../../../Users/bearl/Documents/Fall 2018/EAE 3010/AssetPipeMaster01/APsec1LargeCityBase/Content/Resources_TA/SmartCarUVObj_pCylinder10.uasset.
[2018.11.22-21.29.54:397][ 91]LoadErrors: Error: /Game/Resources_TA/SmartCarUVObj_pCylinder10 : Can't find file for asset. /Game/phong1SG
[2018.11.22-21.29.54:398][ 91]LogLinker: Warning: Can't find file '/Game/phong1SG'
[2018.11.22-21.29.54:398][ 91]LogLinker: Warning: Can't find file for asset '/Game/phong1SG' while loading ../../../../../../Users/bearl/Documents/Fall 2018/EAE 3010/AssetPipeMaster01/APsec1LargeCityBase/Content/Resources_TA/SmartCarUVObj_pCylinder10.uasset.
[2018.11.22-21.29.54:402][ 91]LogLinker: Warning: Can't find file '/Game/phong2SG'
[2018.11.22-21.29.54:402][ 91]LogLinker: Warning: Can't find file for asset '/Game/phong2SG' while loading ../../../../../../Users/bearl/Documents/Fall 2018/EAE 3010/AssetPipeMaster01/APsec1LargeCityBase/Content/Resources_TA/SmartCarUVObj_pCylinder8.uasset.
[2018.11.22-21.29.54:402][ 91]LoadErrors: Error: /Game/Resources_TA/SmartCarUVObj_pCylinder8 : Can't find file for asset. /Game/phong2SG
[2018.11.22-21.29.54:403][ 91]LogLinker: Warning: Can't find file '/Game/phong2SG'
[2018.11.22-21.29.54:403][ 91]LogLinker: Warning: Can't find file for asset '/Game/phong2SG' while loading ../../../../../../Users/bearl/Documents/Fall 2018/EAE 3010/AssetPipeMaster01/APsec1LargeCityBase/Content/Resources_TA/SmartCarUVObj_pCylinder8.uasset.
[2018.11.22-21.29.54:407][ 91]LogLinker: Warning: Can't find file '/Game/woodBlocksContent/M_WoodBlock001'
[2018.11.22-21.29.54:407][ 91]LogLinker: Warning: Can't find file for asset '/Game/woodBlocksContent/M_WoodBlock001' while loading ../../../../../../Users/bearl/Documents/Fall 2018/EAE 3010/AssetPipeMaster01/APsec1LargeCityBase/Content/Resources_TA/woodBlocksContent/halfSphereTAdy.uasset.
[2018.11.22-21.29.54:407][ 91]LoadErrors: Error: /Game/Resources_TA/woodBlocksContent/halfSphereTAdy : Can't find file for asset. /Game/woodBlocksContent/M_WoodBlock001
[2018.11.22-21.29.54:407][ 91]LogLinker: Warning: Can't find file '/Game/woodBlocksContent/M_WoodBlock001'
[2018.11.22-21.29.54:408][ 91]LogLinker: Warning: Can't find file for asset '/Game/woodBlocksContent/M_WoodBlock001' while loading ../../../../../../Users/bearl/Documents/Fall 2018/EAE 3010/AssetPipeMaster01/APsec1LargeCityBase/Content/Resources_TA/woodBlocksContent/halfSphereTAdy.uasset.
[2018.11.22-21.29.54:411][ 91]LogLinker: Warning: Can't find file '/Game/woodBlocksContent/M_BarkNormal'
[2018.11.22-21.29.54:412][ 91]LogLinker: Warning: Can't find file for asset '/Game/woodBlocksContent/M_BarkNormal' while loading ../../../../../../Users/bearl/Documents/Fall 2018/EAE 3010/AssetPipeMaster01/APsec1LargeCityBase/Content/Resources_TA/woodBlocksContent/hangingBrickTAdyREDO.uasset.
[2018.11.22-21.29.54:412][ 91]LoadErrors: Error: /Game/Resources_TA/woodBlocksContent/hangingBrickTAdyREDO : Can't find file for asset. /Game/woodBlocksContent/M_BarkNormal
[2018.11.22-21.29.54:412][ 91]LogLinker: Warning: Can't find file '/Game/woodBlocksContent/M_BarkNormal'
[2018.11.22-21.29.54:413][ 91]LogLinker: Warning: Can't find file for asset '/Game/woodBlocksContent/M_BarkNormal' while loading ../../../../../../Users/bearl/Documents/Fall 2018/EAE 3010/AssetPipeMaster01/APsec1LargeCityBase/Content/Resources_TA/woodBlocksContent/hangingBrickTAdyREDO.uasset.
[2018.11.22-21.29.54:416][ 91]LogLinker: Warning: Can't find file '/Game/woodBlocksContent/M_BarkBurned'
[2018.11.22-21.29.54:416][ 91]LogLinker: Warning: Can't find file for asset '/Game/woodBlocksContent/M_BarkBurned' while loading ../../../../../../Users/bearl/Documents/Fall 2018/EAE 3010/AssetPipeMaster01/APsec1LargeCityBase/Content/Resources_TA/woodBlocksContent/tubeTAdy.uasset.
[2018.11.22-21.29.54:417][ 91]LoadErrors: Error: /Game/Resources_TA/woodBlocksContent/tubeTAdy : Can't find file for asset. /Game/woodBlocksContent/M_BarkBurned
[2018.11.22-21.29.54:417][ 91]LogLinker: Warning: Can't find file '/Game/woodBlocksContent/M_BarkBurned'
[2018.11.22-21.29.54:417][ 91]LogLinker: Warning: Can't find file for asset '/Game/woodBlocksContent/M_BarkBurned' while loading ../../../../../../Users/bearl/Documents/Fall 2018/EAE 3010/AssetPipeMaster01/APsec1LargeCityBase/Content/Resources_TA/woodBlocksContent/tubeTAdy.uasset.
[2018.11.22-21.29.56:211][ 91]LogLinker: Warning: Can't find file '/Game/Beecroft_Car/Grill_wood'
[2018.11.22-21.29.56:211][ 91]LoadErrors: Failed to load /Game/Beecroft_Car/Grill_wood.Grill_wood Referenced by the_car
[2018.11.22-21.29.56:212][ 91]LogLinker: Warning: Can't find file for asset '/Game/Beecroft_Car/Grill_wood' while loading NULL.
[2018.11.22-21.29.56:212][ 91]LogLinker: Warning: Can't find file '/Game/Beecroft_Car/lambert1'
[2018.11.22-21.29.56:212][ 91]LoadErrors: Failed to load /Game/Beecroft_Car/lambert1.lambert1 Referenced by the_car
[2018.11.22-21.29.56:212][ 91]LogLinker: Warning: Can't find file for asset '/Game/Beecroft_Car/lambert1' while loading NULL.
[2018.11.22-21.29.56:213][ 91]LogLinker: Warning: Can't find file '/Game/Beecroft_Car/gold_painted_wood'
[2018.11.22-21.29.56:213][ 91]LoadErrors: Failed to load /Game/Beecroft_Car/gold_painted_wood.gold_painted_wood Referenced by the_car
[2018.11.22-21.29.56:213][ 91]LogLinker: Warning: Can't find file for asset '/Game/Beecroft_Car/gold_painted_wood' while loading NULL.
[2018.11.22-21.29.56:213][ 91]LogLinker: Warning: Can't find file '/Game/Beecroft_Car/Grill_wood'
[2018.11.22-21.29.56:214][ 91]LogLinker: Warning: Can't find file for asset '/Game/Beecroft_Car/Grill_wood' while loading NULL.
[2018.11.22-21.29.56:214][ 91]LogLinker: Warning: Can't find file '/Game/Beecroft_Car/lambert1'
[2018.11.22-21.29.56:214][ 91]LogLinker: Warning: Can't find file for asset '/Game/Beecroft_Car/lambert1' while loading NULL.
[2018.11.22-21.29.56:215][ 91]LogLinker: Warning: Can't find file '/Game/Beecroft_Car/gold_painted_wood'
[2018.11.22-21.29.56:215][ 91]LogLinker: Warning: Can't find file for asset '/Game/Beecroft_Car/gold_painted_wood' while loading NULL.
[2018.11.22-21.29.56:221][ 91]LogLinker: Warning: Can't find file '/Game/wood/blinn2'
[2018.11.22-21.29.56:221][ 91]LoadErrors: Failed to load /Game/wood/blinn2.blinn2 Referenced by car
[2018.11.22-21.29.56:221][ 91]LogLinker: Warning: Can't find file for asset '/Game/wood/blinn2' while loading NULL.
[2018.11.22-21.29.56:222][ 91]LogLinker: Warning: Can't find file '/Game/wood/blinn3'
[2018.11.22-21.29.56:222][ 91]LoadErrors: Failed to load /Game/wood/blinn3.blinn3 Referenced by car
[2018.11.22-21.29.56:222][ 91]LogLinker: Warning: Can't find file for asset '/Game/wood/blinn3' while loading NULL.
[2018.11.22-21.29.56:223][ 91]LogLinker: Warning: Can't find file '/Game/wood/blinn2'
[2018.11.22-21.29.56:223][ 91]LogLinker: Warning: Can't find file for asset '/Game/wood/blinn2' while loading NULL.
[2018.11.22-21.29.56:224][ 91]LogLinker: Warning: Can't find file '/Game/wood/blinn3'
[2018.11.22-21.29.56:224][ 91]LogLinker: Warning: Can't find file for asset '/Game/wood/blinn3' while loading NULL.
[2018.11.22-21.29.56:227][ 91]LogLinker: Warning: Can't find file '/Game/phong3SG'
[2018.11.22-21.29.56:227][ 91]LoadErrors: Failed to load /Game/phong3SG.phong3SG Referenced by SmartCarUVObj_pCube1
[2018.11.22-21.29.56:227][ 91]LogLinker: Warning: Can't find file for asset '/Game/phong3SG' while loading NULL.
[2018.11.22-21.29.56:228][ 91]LogLinker: Warning: Can't find file '/Game/phong3SG'
[2018.11.22-21.29.56:228][ 91]LogLinker: Warning: Can't find file for asset '/Game/phong3SG' while loading NULL.
[2018.11.22-21.29.56:229][ 91]LogLinker: Warning: Can't find file '/Game/phong1SG'
[2018.11.22-21.29.56:229][ 91]LoadErrors: Failed to load /Game/phong1SG.phong1SG Referenced by SmartCarUVObj_pCylinder10
[2018.11.22-21.29.56:229][ 91]LogLinker: Warning: Can't find file for asset '/Game/phong1SG' while loading NULL.
[2018.11.22-21.29.56:230][ 91]LogLinker: Warning: Can't find file '/Game/phong1SG'
[2018.11.22-21.29.56:230][ 91]LogLinker: Warning: Can't find file for asset '/Game/phong1SG' while loading NULL.
[2018.11.22-21.29.56:637][ 91]LogTexture: Display: Building textures: WoodTexture004 (AutoDXT, 2048X2048)
[2018.11.22-21.29.56:638][ 91]LogLinker: Warning: Can't find file '/Game/woodblockContent/myWoodBlocksContent/textureEditorIsolateSelectSet_Pelvis2Mat'
[2018.11.22-21.29.56:638][ 91]LoadErrors: Failed to load /Game/woodblockContent/myWoodBlocksContent/textureEditorIsolateSelectSet_Pelvis2Mat.textureEditorIsolateSelectSet_Pelvis2Mat Referenced by MannequinResizedCombinedMesh
[2018.11.22-21.29.56:638][ 91]LogLinker: Warning: Can't find file for asset '/Game/woodblockContent/myWoodBlocksContent/textureEditorIsolateSelectSet_Pelvis2Mat' while loading NULL.
[2018.11.22-21.29.56:638][ 91]LogLinker: Warning: Can't find file '/Game/woodblockContent/myWoodBlocksContent/textureEditorIsolateSelectSet_Pelvis2Mat'
[2018.11.22-21.29.56:638][ 91]LogLinker: Warning: Can't find file for asset '/Game/woodblockContent/myWoodBlocksContent/textureEditorIsolateSelectSet_Pelvis2Mat' while loading NULL.
[2018.11.22-21.29.56:639][ 91]LogLinker: Warning: Can't find file '/Game/woodBlocksContent/M_BarkNormal'
[2018.11.22-21.29.56:639][ 91]LoadErrors: Failed to load /Game/woodBlocksContent/M_BarkNormal.M_BarkNormal Referenced by hangingBrickTAdyREDO
[2018.11.22-21.29.56:640][ 91]LogLinker: Warning: Can't find file for asset '/Game/woodBlocksContent/M_BarkNormal' while loading NULL.
[2018.11.22-21.29.56:640][ 91]LogLinker: Warning: Can't find file '/Game/woodBlocksContent/M_BarkNormal'
[2018.11.22-21.29.56:640][ 91]LogLinker: Warning: Can't find file for asset '/Game/woodBlocksContent/M_BarkNormal' while loading NULL.
[2018.11.22-21.29.56:641][ 91]LogLinker: Warning: Can't find file '/Game/woodBlocksContent/M_WoodBlock001'
[2018.11.22-21.29.56:641][ 91]LoadErrors: Failed to load /Game/woodBlocksContent/M_WoodBlock001.M_WoodBlock001 Referenced by halfSphereTAdy
[2018.11.22-21.29.56:641][ 91]LogLinker: Warning: Can't find file for asset '/Game/woodBlocksContent/M_WoodBlock001' while loading NULL.
[2018.11.22-21.29.56:641][ 91]LogLinker: Warning: Can't find file '/Game/woodBlocksContent/M_WoodBlock001'
[2018.11.22-21.29.56:641][ 91]LogLinker: Warning: Can't find file for asset '/Game/woodBlocksContent/M_WoodBlock001' while loading NULL.
[2018.11.22-21.29.56:642][ 91]LogLinker: Warning: Can't find file '/Game/phong2SG'
[2018.11.22-21.29.56:642][ 91]LoadErrors: Failed to load /Game/phong2SG.phong2SG Referenced by SmartCarUVObj_pCylinder8
[2018.11.22-21.29.56:642][ 91]LogLinker: Warning: Can't find file for asset '/Game/phong2SG' while loading NULL.
[2018.11.22-21.29.56:642][ 91]LogLinker: Warning: Can't find file '/Game/phong2SG'
[2018.11.22-21.29.56:643][ 91]LogLinker: Warning: Can't find file for asset '/Game/phong2SG' while loading NULL.
[2018.11.22-21.29.56:645][ 91]LogLinker: Warning: Can't find file '/Game/woodBlocksContent/M_BarkBurned'
[2018.11.22-21.29.56:645][ 91]LoadErrors: Failed to load /Game/woodBlocksContent/M_BarkBurned.M_BarkBurned Referenced by tubeTAdy
[2018.11.22-21.29.56:645][ 91]LogLinker: Warning: Can't find file for asset '/Game/woodBlocksContent/M_BarkBurned' while loading NULL.
[2018.11.22-21.29.56:646][ 91]LogLinker: Warning: Can't find file '/Game/woodBlocksContent/M_BarkBurned'
[2018.11.22-21.29.56:646][ 91]LogLinker: Warning: Can't find file for asset '/Game/woodBlocksContent/M_BarkBurned' while loading NULL.
[2018.11.22-21.29.57:708][ 91]LogMaterial: Display: Missing cached shader map for material blinn1SG, compiling. 
[2018.11.22-21.29.58:001][ 91]LogTexture: Display: Building textures: HatUV (AutoDXT, 2048X2048)
[2018.11.22-21.29.58:001][ 91]LogShaderCompilers: Display: Shaders left to compile 22
[2018.11.22-21.29.58:001][ 91]LogShaderCompilers: Display: Shaders left to compile 12
[2018.11.22-21.29.58:001][ 91]LogShaderCompilers: Display: Shaders left to compile 2
[2018.11.22-21.29.58:315][ 91]LogStaticMesh: Building static mesh BBlock3...
[2018.11.22-21.29.58:331][ 91]LogStaticMesh: Built static mesh [0.02s] /Game/Car_XH/wood/BBlock3.BBlock3
[2018.11.22-21.29.58:338][ 91]LogStaticMesh: Building static mesh wall_4...
[2018.11.22-21.29.58:359][ 91]LogStaticMesh: Built static mesh [0.02s] /Game/Car_XH/wood/wall_4.wall_4
[2018.11.22-21.29.59:240][ 91]LogStaticMesh: Building static mesh BBlock2...
[2018.11.22-21.29.59:254][ 91]LogStaticMesh: Built static mesh [0.01s] /Game/Car_XH/wood/BBlock2.BBlock2
[2018.11.22-21.29.59:462][ 91]LogStaticMesh: Building static mesh Doadech...
[2018.11.22-21.29.59:475][ 91]LogStaticMesh: Built static mesh [0.01s] /Game/DJW_Source/WoodBlocks_DJW/Doadech.Doadech
[2018.11.22-21.30.00:390][ 91]LogTexture: Display: Building textures: manPaint (AutoDXT, 8192X8192)
[2018.11.22-21.30.00:390][ 91]LogTexture: Display: Building textures: brickMap (BGRA8, 275X183)
[2018.11.22-21.30.00:390][ 91]LogTexture: Display: Building textures: cloth (BC5, 3576X3576)
[2018.11.22-21.30.00:957][ 91]LogStaticMesh: Building static mesh m_Core1...
[2018.11.22-21.30.01:477][ 91]LogStaticMesh: Built static mesh [0.52s] /Game/Resources_TA/m_Core1.m_Core1
[2018.11.22-21.30.01:510][ 91]LogStaticMesh: Building static mesh m_pCylinder1...
[2018.11.22-21.30.01:518][ 91]LogStaticMesh: Built static mesh [0.01s] /Game/Resources_TA/m_pCylinder1.m_pCylinder1
[2018.11.22-21.30.03:950][ 91]LogStaticMesh: Building static mesh UV_Hex...
[2018.11.22-21.30.04:033][ 91]LogStaticMesh: Built static mesh [0.08s] /Game/GY_Blocks/UV_Hex.UV_Hex
[2018.11.22-21.30.04:038][ 91]LogStaticMesh: Building static mesh UV_Octagon...
[2018.11.22-21.30.04:052][ 91]LogStaticMesh: Built static mesh [0.01s] /Game/GY_Blocks/UV_Octagon.UV_Octagon
[2018.11.22-21.30.06:973][ 91]LogMaterial: Display: Missing cached shader map for material pCylinder1Mat, compiling. 
[2018.11.22-21.30.07:082][ 91]LogShaderCompilers: Display: Shaders left to compile 22
[2018.11.22-21.30.07:083][ 91]LogShaderCompilers: Display: Shaders left to compile 12
[2018.11.22-21.30.07:083][ 91]LogShaderCompilers: Display: Shaders left to compile 2
[2018.11.22-21.30.07:083][ 91]LogMaterial: Display: Missing cached shader map for material blinn2, compiling. 
[2018.11.22-21.30.07:103][ 91]LogShaderCompilers: Display: Shaders left to compile 22
[2018.11.22-21.30.07:107][ 91]LogMaterial: Display: Missing cached shader map for material blinn5, compiling. 
[2018.11.22-21.30.07:470][ 91]LogShaderCompilers: Display: Shaders left to compile 34
[2018.11.22-21.30.07:470][ 91]LogMaterial: Display: Missing cached shader map for material pCube1Mat, compiling. 
[2018.11.22-21.30.07:609][ 91]LogMaterial: Display: Missing cached shader map for material lambert4, compiling. 
[2018.11.22-21.30.07:630][ 91]LogMaterial: Display: Missing cached shader map for material lambert3, compiling. 
[2018.11.22-21.30.07:826][ 91]LogAIModule: Creating AISystem for world StreetSceneLarge
[2018.11.22-21.30.08:015][ 91]LogAssetEditorManager: Opening Asset editor for World /Game/StreetSceneLarge.StreetSceneLarge
[2018.11.22-21.30.08:155][ 91]Cmd: MAP LOAD FILE="../../../../../../Users/bearl/Documents/Fall 2018/EAE 3010/AssetPipeMaster01/APsec1LargeCityBase/Content/StreetSceneLarge.umap" TEMPLATE=0 SHOWPROGRESS=1 FEATURELEVEL=3
[2018.11.22-21.30.08:155][ 91]LightingResults: New page: Lighting Build
[2018.11.22-21.30.08:156][ 91]LoadErrors: New page: Loading map: StreetSceneLarge.umap
[2018.11.22-21.30.08:160][ 91]MapCheck: New page: Map Check
[2018.11.22-21.30.08:160][ 91]LightingResults: New page: Lighting Build
[2018.11.22-21.30.08:480][ 91]LogEditorServer: Finished looking for orphan Actors (0.001 secs)
[2018.11.22-21.30.08:693][ 91]Cmd: MAP CHECKDEP NOCLEARLOG
[2018.11.22-21.30.08:893][ 91]MapCheck: Map check complete: 0 Error(s), 0 Warning(s), took 199.172ms to complete.
[2018.11.22-21.30.08:893][ 91]LogFileHelpers: Loading map 'StreetSceneLarge' took 0.740
[2018.11.22-21.30.09:351][ 98]LogShaderCompilers: Display: Shaders left to compile 90
[2018.11.22-21.30.10:300][144]LogShaderCompilers: Display: Shaders left to compile 80
[2018.11.22-21.30.11:442][191]LogShaderCompilers: Display: Shaders left to compile 70
[2018.11.22-21.30.11:938][201]LogShaderCompilers: Display: Shaders left to compile 60
[2018.11.22-21.30.11:985][201]LogShaderCompilers: Display: Shaders left to compile 50
[2018.11.22-21.30.14:706][335]LogShaderCompilers: Display: Shaders left to compile 40
[2018.11.22-21.30.14:874][345]LogShaderCompilers: Display: Shaders left to compile 30
[2018.11.22-21.30.15:134][359]LogEditorViewport: Clicking Background
[2018.11.22-21.30.15:781][397]LogShaderCompilers: Display: Shaders left to compile 20
[2018.11.22-21.30.16:159][419]LogShaderCompilers: Display: Shaders left to compile 10
[2018.11.22-21.30.22:639][624]LogEditorViewport: Clicking Background
[2018.11.22-21.30.22:675][624]LogEditorViewport: Clicking Background
[2018.11.22-21.30.29:079][906]LogEditorViewport: Clicking on Actor (LMB): StaticMeshActor (streetBlockBase936)
[2018.11.22-21.30.30:052][932]Cmd: CAMERA ALIGN ACTIVEVIEWPORTONLY
[2018.11.22-21.30.47:088][632]LogEditorViewport: Clicking on Actor (LMB): StaticMeshActor (BBlock15)
[2018.11.22-21.30.47:431][640]Cmd: CAMERA ALIGN ACTIVEVIEWPORTONLY
[2018.11.22-21.30.50:068][770]LogEditorViewport: Clicking Background
[2018.11.22-21.31.09:867][844]LogEditorViewport: Clicking on Actor (LMB): StaticMeshActor (Doadech)
[2018.11.22-21.31.10:283][865]Cmd: CAMERA ALIGN ACTIVEVIEWPORTONLY
[2018.11.22-21.31.14:081][ 55]LogEditorViewport: Clicking Background
[2018.11.22-21.31.24:351][579]LogEditorViewport: Clicking on Actor (LMB): StaticMeshActor (SmallWindowBlock_JackODonoghue3)
[2018.11.22-21.31.24:688][588]Cmd: CAMERA ALIGN ACTIVEVIEWPORTONLY
[2018.11.22-21.31.37:997][185]LogEditorViewport: Clicking on Actor (LMB): StaticMeshActor (ModelforA6c)
[2018.11.22-21.31.38:412][205]Cmd: CAMERA ALIGN ACTIVEVIEWPORTONLY
[2018.11.22-21.31.44:825][506]LogEditorViewport: Clicking on Actor (LMB): StaticMeshActor (BBlock32)
[2018.11.22-21.31.45:227][518]Cmd: CAMERA ALIGN ACTIVEVIEWPORTONLY
[2018.11.22-21.32.19:379][509]LogEditorViewport: Clicking on Actor (LMB): StaticMeshActor (m_pCylinder1)
[2018.11.22-21.32.19:876][533]Cmd: CAMERA ALIGN ACTIVEVIEWPORTONLY
[2018.11.22-21.32.39:429][472]LogEditorViewport: Clicking on Actor (LMB): StaticMeshActor (EP_Arch24)
[2018.11.22-21.32.39:949][496]Cmd: CAMERA ALIGN ACTIVEVIEWPORTONLY
[2018.11.22-21.32.49:172][900]LogEditorViewport: Clicking Background
[2018.11.22-21.32.55:347][207]LogEditorViewport: Clicking on Actor (LMB): StaticMeshActor (ColumnBody30)
[2018.11.22-21.32.56:493][262]LogEditorViewport: Clicking on Actor (context menu): StaticMeshActor (ColumnBody30)
[2018.11.22-21.32.56:536][262]LogSlate: FSceneViewport::OnFocusLost() reason 2
[2018.11.22-21.33.01:284][509]LogEditorViewport: Clicking on Actor (LMB): StaticMeshActor (ColumnBody30)
[2018.11.22-21.33.09:622][891]LogEditorViewport: Clicking on Actor (LMB): StaticMeshActor (GroundBase1414)
[2018.11.22-21.33.26:560][701]LogEditorViewport: Clicking on Actor (LMB): StaticMeshActor (Block4)
[2018.11.22-21.33.40:811][472]LogSlate: FSceneViewport::OnFocusLost() reason 0
[2018.11.22-21.33.45:296][633]LogAIModule: Creating AISystem for world StreetSceneLarge_ERP1
[2018.11.22-21.33.45:343][633]LogAssetEditorManager: Opening Asset editor for World /Game/ERPCarContent/StreetSceneLarge_ERP1.StreetSceneLarge_ERP1
[2018.11.22-21.33.45:386][633]LightingResults: New page: Lighting Build
[2018.11.22-21.33.45:387][633]LoadErrors: New page: Loading map: StreetSceneLarge_ERP1.umap
[2018.11.22-21.33.45:488][633]MapCheck: New page: Map Check
[2018.11.22-21.33.45:488][633]LightingResults: New page: Lighting Build
[2018.11.22-21.33.45:627][633]LogEditorServer: Finished looking for orphan Actors (0.000 secs)
[2018.11.22-21.33.45:739][633]Cmd: MAP CHECKDEP NOCLEARLOG
[2018.11.22-21.33.45:964][633]MapCheck: Map check complete: 0 Error(s), 0 Warning(s), took 224.169ms to complete.
[2018.11.22-21.33.45:968][633]LogFileHelpers: Loading map 'StreetSceneLarge_ERP1' took 0.582
[2018.11.22-21.33.47:416][708]LogSlate: FSceneViewport::OnFocusLost() reason 0
[2018.11.22-21.33.48:879][768]LogEditorViewport: Clicking on Actor (LMB): StaticMeshActor (EP_Arch40)
[2018.11.22-21.33.52:980][  1]Cmd: CAMERA ALIGN ACTIVEVIEWPORTONLY
[2018.11.22-21.34.06:558][718]LogEditorViewport: Clicking on Actor (context menu): StaticMeshActor (EP_Arch43)
[2018.11.22-21.34.06:597][718]LogSlate: FSceneViewport::OnFocusLost() reason 2
[2018.11.22-21.34.25:383][703]LogSlate: FSceneViewport::OnFocusLost() reason 2
[2018.11.22-21.34.27:876][703]LogSavePackage: Moving '../../../../../../Users/bearl/Documents/Fall 2018/EAE 3010/AssetPipeMaster01/APsec1LargeCityBase/Saved/StreetSceneLarge_ERP1CC88B26547296C7ECB4723ABEFE669E9.tmp' to '../../../../../../Users/bearl/Documents/Fall 2018/EAE 3010/AssetPipeMaster01/APsec1LargeCityBase/Content/ERPCarContent/StreetSceneLarge_ERP1.umap'
[2018.11.22-21.34.28:325][703]LogSavePackage: Moving '../../../../../../Users/bearl/Documents/Fall 2018/EAE 3010/AssetPipeMaster01/APsec1LargeCityBase/Saved/StreetSceneLarge_ERP1_BuiltDataEEC6691143471BD63F861C9D46CF9F7E.tmp' to '../../../../../../Users/bearl/Documents/Fall 2018/EAE 3010/AssetPipeMaster01/APsec1LargeCityBase/Content/ERPCarContent/StreetSceneLarge_ERP1_BuiltData.uasset'
[2018.11.22-21.34.29:481][768]Cmd: EDIT COPY
[2018.11.22-21.34.32:215][918]LogSlate: FSceneViewport::OnFocusLost() reason 0
[2018.11.22-21.34.38:754][ 89]LogAIModule: Creating AISystem for world StreetSceneLarge
[2018.11.22-21.34.38:858][ 89]LogAssetEditorManager: Opening Asset editor for World /Game/StreetSceneLarge.StreetSceneLarge
[2018.11.22-21.34.38:944][ 89]Cmd: MAP LOAD FILE="../../../../../../Users/bearl/Documents/Fall 2018/EAE 3010/AssetPipeMaster01/APsec1LargeCityBase/Content/StreetSceneLarge.umap" TEMPLATE=0 SHOWPROGRESS=1 FEATURELEVEL=3
[2018.11.22-21.34.38:944][ 89]LightingResults: New page: Lighting Build
[2018.11.22-21.34.38:945][ 89]LoadErrors: New page: Loading map: StreetSceneLarge.umap
[2018.11.22-21.34.39:028][ 89]MapCheck: New page: Map Check
[2018.11.22-21.34.39:028][ 89]LightingResults: New page: Lighting Build
[2018.11.22-21.34.39:308][ 89]LogEditorServer: Finished looking for orphan Actors (0.000 secs)
[2018.11.22-21.34.39:499][ 89]Cmd: MAP CHECKDEP NOCLEARLOG
[2018.11.22-21.34.39:696][ 89]MapCheck: Map check complete: 0 Error(s), 0 Warning(s), took 196.79ms to complete.
[2018.11.22-21.34.39:699][ 89]LogFileHelpers: Loading map 'StreetSceneLarge' took 0.756
[2018.11.22-21.35.34:055][406]LogSlate: FSceneViewport::OnFocusLost() reason 0
[2018.11.22-21.35.37:846][567]LogEditorViewport: Clicking on Actor (LMB): StaticMeshActor (Block4)
[2018.11.22-21.35.38:325][584]Cmd: CAMERA ALIGN ACTIVEVIEWPORTONLY
[2018.11.22-21.35.40:729][703]Cmd: DELETE
[2018.11.22-21.35.40:729][703]Cmd: ACTOR DELETE
[2018.11.22-21.35.41:002][703]LogEditorActor: Deleted Actor: StaticMeshActor
[2018.11.22-21.35.41:004][703]LogEditorActor: Deleted Actor: StaticMeshActor
[2018.11.22-21.35.41:005][703]LogEditorActor: Deleted Actor: StaticMeshActor
[2018.11.22-21.35.41:005][703]LogEditorActor: Deleted Actor: StaticMeshActor
[2018.11.22-21.35.41:006][703]LogEditorActor: Deleted Actor: StaticMeshActor
[2018.11.22-21.35.41:007][703]LogEditorActor: Deleted Actor: StaticMeshActor
[2018.11.22-21.35.41:008][703]LogEditorActor: Deleted Actor: StaticMeshActor
[2018.11.22-21.35.41:009][703]LogEditorActor: Deleted Actor: StaticMeshActor
[2018.11.22-21.35.41:010][703]LogEditorActor: Deleted Actor: StaticMeshActor
[2018.11.22-21.35.41:011][703]LogEditorActor: Deleted Actor: StaticMeshActor
[2018.11.22-21.35.41:012][703]LogEditorActor: Deleted Actor: StaticMeshActor
[2018.11.22-21.35.41:013][703]LogEditorActor: Deleted Actor: StaticMeshActor
[2018.11.22-21.35.41:013][703]LogEditorActor: Deleted Actor: StaticMeshActor
[2018.11.22-21.35.41:014][703]LogEditorActor: Deleted Actor: StaticMeshActor
[2018.11.22-21.35.41:015][703]LogEditorActor: Deleted Actor: StaticMeshActor
[2018.11.22-21.35.41:017][703]LogEditorActor: Deleted Actor: StaticMeshActor
[2018.11.22-21.35.41:018][703]LogEditorActor: Deleted Actor: StaticMeshActor
[2018.11.22-21.35.41:018][703]LogEditorActor: Deleted Actor: StaticMeshActor
[2018.11.22-21.35.41:019][703]LogEditorActor: Deleted Actor: StaticMeshActor
[2018.11.22-21.35.41:020][703]LogEditorActor: Deleted Actor: StaticMeshActor
[2018.11.22-21.35.41:021][703]LogEditorActor: Deleted Actor: StaticMeshActor
[2018.11.22-21.35.41:022][703]LogEditorActor: Deleted Actor: StaticMeshActor
[2018.11.22-21.35.41:023][703]LogEditorActor: Deleted Actor: StaticMeshActor
[2018.11.22-21.35.41:024][703]LogEditorActor: Deleted Actor: StaticMeshActor
[2018.11.22-21.35.41:025][703]LogEditorActor: Deleted Actor: StaticMeshActor
[2018.11.22-21.35.41:026][703]LogEditorActor: Deleted Actor: StaticMeshActor
[2018.11.22-21.35.41:027][703]LogEditorActor: Deleted Actor: StaticMeshActor
[2018.11.22-21.35.41:028][703]LogEditorActor: Deleted Actor: StaticMeshActor
[2018.11.22-21.35.41:029][703]LogEditorActor: Deleted Actor: StaticMeshActor
[2018.11.22-21.35.41:030][703]LogEditorActor: Deleted Actor: StaticMeshActor
[2018.11.22-21.35.41:031][703]LogEditorActor: Deleted Actor: StaticMeshActor
[2018.11.22-21.35.41:032][703]LogEditorActor: Deleted Actor: StaticMeshActor
[2018.11.22-21.35.41:033][703]LogEditorActor: Deleted Actor: StaticMeshActor
[2018.11.22-21.35.41:034][703]LogEditorActor: Deleted Actor: StaticMeshActor
[2018.11.22-21.35.41:035][703]LogEditorActor: Deleted Actor: StaticMeshActor
[2018.11.22-21.35.41:036][703]LogEditorActor: Deleted Actor: StaticMeshActor
[2018.11.22-21.35.41:037][703]LogEditorActor: Deleted Actor: StaticMeshActor
[2018.11.22-21.35.41:038][703]LogEditorActor: Deleted Actor: StaticMeshActor
[2018.11.22-21.35.41:039][703]LogEditorActor: Deleted Actor: StaticMeshActor
[2018.11.22-21.35.41:040][703]LogEditorActor: Deleted Actor: StaticMeshActor
[2018.11.22-21.35.41:041][703]LogEditorActor: Deleted Actor: StaticMeshActor
[2018.11.22-21.35.41:042][703]LogEditorActor: Deleted Actor: StaticMeshActor
[2018.11.22-21.35.41:043][703]LogEditorActor: Deleted Actor: StaticMeshActor
[2018.11.22-21.35.41:044][703]LogEditorActor: Deleted Actor: StaticMeshActor
[2018.11.22-21.35.41:045][703]LogEditorActor: Deleted Actor: StaticMeshActor
[2018.11.22-21.35.41:046][703]LogEditorActor: Deleted Actor: StaticMeshActor
[2018.11.22-21.35.41:046][703]LogEditorActor: Deleted Actor: StaticMeshActor
[2018.11.22-21.35.41:047][703]LogEditorActor: Deleted Actor: StaticMeshActor
[2018.11.22-21.35.41:048][703]LogEditorActor: Deleted Actor: StaticMeshActor
[2018.11.22-21.35.41:049][703]LogEditorActor: Deleted Actor: StaticMeshActor
[2018.11.22-21.35.41:050][703]LogEditorActor: Deleted Actor: StaticMeshActor
[2018.11.22-21.35.41:050][703]LogEditorActor: Deleted Actor: StaticMeshActor
[2018.11.22-21.35.41:051][703]LogEditorActor: Deleted Actor: StaticMeshActor
[2018.11.22-21.35.41:052][703]LogEditorActor: Deleted Actor: StaticMeshActor
[2018.11.22-21.35.41:053][703]LogEditorActor: Deleted Actor: StaticMeshActor
[2018.11.22-21.35.41:054][703]LogEditorActor: Deleted Actor: StaticMeshActor
[2018.11.22-21.35.41:055][703]LogEditorActor: Deleted Actor: StaticMeshActor
[2018.11.22-21.35.41:056][703]LogEditorActor: Deleted Actor: StaticMeshActor
[2018.11.22-21.35.41:057][703]LogEditorActor: Deleted Actor: StaticMeshActor
[2018.11.22-21.35.41:058][703]LogEditorActor: Deleted Actor: StaticMeshActor
[2018.11.22-21.35.41:059][703]LogEditorActor: Deleted Actor: StaticMeshActor
[2018.11.22-21.35.41:060][703]LogEditorActor: Deleted Actor: StaticMeshActor
[2018.11.22-21.35.41:060][703]LogEditorActor: Deleted Actor: StaticMeshActor
[2018.11.22-21.35.41:061][703]LogEditorActor: Deleted Actor: StaticMeshActor
[2018.11.22-21.35.41:062][703]LogEditorActor: Deleted Actor: StaticMeshActor
[2018.11.22-21.35.41:063][703]LogEditorActor: Deleted Actor: StaticMeshActor
[2018.11.22-21.35.41:064][703]LogEditorActor: Deleted Actor: StaticMeshActor
[2018.11.22-21.35.41:065][703]LogEditorActor: Deleted Actor: StaticMeshActor
[2018.11.22-21.35.41:066][703]LogEditorActor: Deleted Actor: StaticMeshActor
[2018.11.22-21.35.41:067][703]LogEditorActor: Deleted Actor: StaticMeshActor
[2018.11.22-21.35.41:067][703]LogEditorActor: Deleted Actor: StaticMeshActor
[2018.11.22-21.35.41:068][703]LogEditorActor: Deleted Actor: StaticMeshActor
[2018.11.22-21.35.41:069][703]LogEditorActor: Deleted Actor: StaticMeshActor
[2018.11.22-21.35.41:070][703]LogEditorActor: Deleted Actor: StaticMeshActor
[2018.11.22-21.35.41:071][703]LogEditorActor: Deleted Actor: StaticMeshActor
[2018.11.22-21.35.41:071][703]LogEditorActor: Deleted Actor: StaticMeshActor
[2018.11.22-21.35.41:072][703]LogEditorActor: Deleted Actor: StaticMeshActor
[2018.11.22-21.35.41:073][703]LogEditorActor: Deleted Actor: StaticMeshActor
[2018.11.22-21.35.41:074][703]LogEditorActor: Deleted Actor: StaticMeshActor
[2018.11.22-21.35.41:075][703]LogEditorActor: Deleted Actor: StaticMeshActor
[2018.11.22-21.35.41:076][703]LogEditorActor: Deleted Actor: StaticMeshActor
[2018.11.22-21.35.41:076][703]LogEditorActor: Deleted Actor: StaticMeshActor
[2018.11.22-21.35.41:077][703]LogEditorActor: Deleted Actor: StaticMeshActor
[2018.11.22-21.35.41:078][703]LogEditorActor: Deleted Actor: StaticMeshActor
[2018.11.22-21.35.41:079][703]LogEditorActor: Deleted Actor: StaticMeshActor
[2018.11.22-21.35.41:080][703]LogEditorActor: Deleted Actor: StaticMeshActor
[2018.11.22-21.35.41:080][703]LogEditorActor: Deleted Actor: StaticMeshActor
[2018.11.22-21.35.41:081][703]LogEditorActor: Deleted Actor: StaticMeshActor
[2018.11.22-21.35.41:082][703]LogEditorActor: Deleted Actor: StaticMeshActor
[2018.11.22-21.35.41:083][703]LogEditorActor: Deleted Actor: StaticMeshActor
[2018.11.22-21.35.41:083][703]LogEditorActor: Deleted Actor: StaticMeshActor
[2018.11.22-21.35.41:084][703]LogEditorActor: Deleted Actor: StaticMeshActor
[2018.11.22-21.35.41:085][703]LogEditorActor: Deleted Actor: StaticMeshActor
[2018.11.22-21.35.41:086][703]LogEditorActor: Deleted Actor: StaticMeshActor
[2018.11.22-21.35.41:086][703]LogEditorActor: Deleted Actor: StaticMeshActor
[2018.11.22-21.35.41:087][703]LogEditorActor: Deleted Actor: StaticMeshActor
[2018.11.22-21.35.41:088][703]LogEditorActor: Deleted Actor: StaticMeshActor
[2018.11.22-21.35.41:089][703]LogEditorActor: Deleted Actor: StaticMeshActor
[2018.11.22-21.35.41:089][703]LogEditorActor: Deleted Actor: StaticMeshActor
[2018.11.22-21.35.41:090][703]LogEditorActor: Deleted Actor: StaticMeshActor
[2018.11.22-21.35.41:091][703]LogEditorActor: Deleted Actor: StaticMeshActor
[2018.11.22-21.35.41:092][703]LogEditorActor: Deleted Actor: StaticMeshActor
[2018.11.22-21.35.41:092][703]LogEditorActor: Deleted Actor: StaticMeshActor
[2018.11.22-21.35.41:093][703]LogEditorActor: Deleted Actor: StaticMeshActor
[2018.11.22-21.35.41:094][703]LogEditorActor: Deleted Actor: StaticMeshActor
[2018.11.22-21.35.41:095][703]LogEditorActor: Deleted Actor: StaticMeshActor
[2018.11.22-21.35.41:095][703]LogEditorActor: Deleted Actor: StaticMeshActor
[2018.11.22-21.35.41:096][703]LogEditorActor: Deleted Actor: StaticMeshActor
[2018.11.22-21.35.41:097][703]LogEditorActor: Deleted Actor: StaticMeshActor
[2018.11.22-21.35.41:097][703]LogEditorActor: Deleted Actor: StaticMeshActor
[2018.11.22-21.35.41:098][703]LogEditorActor: Deleted Actor: StaticMeshActor
[2018.11.22-21.35.41:099][703]LogEditorActor: Deleted Actor: StaticMeshActor
[2018.11.22-21.35.41:100][703]LogEditorActor: Deleted Actor: StaticMeshActor
[2018.11.22-21.35.41:100][703]LogEditorActor: Deleted Actor: StaticMeshActor
[2018.11.22-21.35.41:101][703]LogEditorActor: Deleted Actor: StaticMeshActor
[2018.11.22-21.35.41:101][703]LogEditorActor: Deleted Actor: StaticMeshActor
[2018.11.22-21.35.41:102][703]LogEditorActor: Deleted Actor: StaticMeshActor
[2018.11.22-21.35.41:103][703]LogEditorActor: Deleted Actor: StaticMeshActor
[2018.11.22-21.35.41:103][703]LogEditorActor: Deleted Actor: StaticMeshActor
[2018.11.22-21.35.41:104][703]LogEditorActor: Deleted Actor: StaticMeshActor
[2018.11.22-21.35.41:105][703]LogEditorActor: Deleted Actor: StaticMeshActor
[2018.11.22-21.35.41:106][703]LogEditorActor: Deleted Actor: StaticMeshActor
[2018.11.22-21.35.41:106][703]LogEditorActor: Deleted Actor: StaticMeshActor
[2018.11.22-21.35.41:107][703]LogEditorActor: Deleted Actor: StaticMeshActor
[2018.11.22-21.35.41:107][703]LogEditorActor: Deleted Actor: StaticMeshActor
[2018.11.22-21.35.41:108][703]LogEditorActor: Deleted Actor: StaticMeshActor
[2018.11.22-21.35.41:109][703]LogEditorActor: Deleted Actor: StaticMeshActor
[2018.11.22-21.35.41:109][703]LogEditorActor: Deleted Actor: StaticMeshActor
[2018.11.22-21.35.41:110][703]LogEditorActor: Deleted Actor: StaticMeshActor
[2018.11.22-21.35.41:110][703]LogEditorActor: Deleted Actor: StaticMeshActor
[2018.11.22-21.35.41:111][703]LogEditorActor: Deleted Actor: StaticMeshActor
[2018.11.22-21.35.41:112][703]LogEditorActor: Deleted Actor: StaticMeshActor
[2018.11.22-21.35.41:112][703]LogEditorActor: Deleted Actor: StaticMeshActor
[2018.11.22-21.35.41:113][703]LogEditorActor: Deleted Actor: StaticMeshActor
[2018.11.22-21.35.41:114][703]LogEditorActor: Deleted Actor: StaticMeshActor
[2018.11.22-21.35.41:114][703]LogEditorActor: Deleted Actor: StaticMeshActor
[2018.11.22-21.35.41:115][703]LogEditorActor: Deleted Actor: StaticMeshActor
[2018.11.22-21.35.41:115][703]LogEditorActor: Deleted Actor: StaticMeshActor
[2018.11.22-21.35.41:116][703]LogEditorActor: Deleted Actor: StaticMeshActor
[2018.11.22-21.35.41:116][703]LogEditorActor: Deleted Actor: StaticMeshActor
[2018.11.22-21.35.41:117][703]LogEditorActor: Deleted Actor: StaticMeshActor
[2018.11.22-21.35.41:118][703]LogEditorActor: Deleted Actor: StaticMeshActor
[2018.11.22-21.35.41:118][703]LogEditorActor: Deleted Actor: StaticMeshActor
[2018.11.22-21.35.41:118][703]LogEditorActor: Deleted Actor: StaticMeshActor
[2018.11.22-21.35.41:119][703]LogEditorActor: Deleted Actor: ERP_Car_C
[2018.11.22-21.35.41:119][703]LogEditorActor: Deleted Actor: StaticMeshActor
[2018.11.22-21.35.41:119][703]LogEditorActor: Deleted Actor: StaticMeshActor
[2018.11.22-21.35.41:120][703]LogEditorActor: Deleted Actor: StaticMeshActor
[2018.11.22-21.35.41:120][703]LogEditorActor: Deleted Actor: StaticMeshActor
[2018.11.22-21.35.41:121][703]LogEditorActor: Deleted Actor: StaticMeshActor
[2018.11.22-21.35.41:121][703]LogEditorActor: Deleted Actor: StaticMeshActor
[2018.11.22-21.35.41:122][703]LogEditorActor: Deleted Actor: StaticMeshActor
[2018.11.22-21.35.41:122][703]LogEditorActor: Deleted Actor: StaticMeshActor
[2018.11.22-21.35.41:122][703]LogEditorActor: Deleted Actor: StaticMeshActor
[2018.11.22-21.35.41:123][703]LogEditorActor: Deleted Actor: StaticMeshActor
[2018.11.22-21.35.41:123][703]LogEditorActor: Deleted Actor: StaticMeshActor
[2018.11.22-21.35.41:124][703]LogEditorActor: Deleted Actor: StaticMeshActor
[2018.11.22-21.35.41:124][703]LogEditorActor: Deleted Actor: StaticMeshActor
[2018.11.22-21.35.41:124][703]LogEditorActor: Deleted Actor: StaticMeshActor
[2018.11.22-21.35.41:125][703]LogEditorActor: Deleted Actor: StaticMeshActor
[2018.11.22-21.35.41:125][703]LogEditorActor: Deleted Actor: StaticMeshActor
[2018.11.22-21.35.41:126][703]LogEditorActor: Deleted Actor: StaticMeshActor
[2018.11.22-21.35.41:126][703]LogEditorActor: Deleted Actor: StaticMeshActor
[2018.11.22-21.35.41:126][703]LogEditorActor: Deleted Actor: StaticMeshActor
[2018.11.22-21.35.41:126][703]LogEditorActor: Deleted Actor: StaticMeshActor
[2018.11.22-21.35.41:126][703]LogEditorActor: Deleted Actor: StaticMeshActor
[2018.11.22-21.35.41:127][703]LogEditorActor: Deleted Actor: StaticMeshActor
[2018.11.22-21.35.41:128][703]LogEditorActor: Deleted Actor: StaticMeshActor
[2018.11.22-21.35.41:128][703]LogEditorActor: Deleted Actor: StaticMeshActor
[2018.11.22-21.35.41:128][703]LogEditorActor: Deleted Actor: StaticMeshActor
[2018.11.22-21.35.41:128][703]LogEditorActor: Deleted Actor: StaticMeshActor
[2018.11.22-21.35.41:128][703]LogEditorActor: Deleted Actor: StaticMeshActor
[2018.11.22-21.35.41:129][703]LogEditorActor: Deleted Actor: StaticMeshActor
[2018.11.22-21.35.41:129][703]LogEditorActor: Deleted Actor: StaticMeshActor
[2018.11.22-21.35.41:129][703]LogEditorActor: Deleted Actor: StaticMeshActor
[2018.11.22-21.35.41:129][703]LogEditorActor: Deleted Actor: StaticMeshActor
[2018.11.22-21.35.41:130][703]LogEditorActor: Deleted Actor: StaticMeshActor
[2018.11.22-21.35.41:131][703]LogEditorActor: Deleted Actor: StaticMeshActor
[2018.11.22-21.35.41:131][703]LogEditorActor: Deleted Actor: StaticMeshActor
[2018.11.22-21.35.41:131][703]LogEditorActor: Deleted Actor: StaticMeshActor
[2018.11.22-21.35.41:131][703]LogEditorActor: Deleted Actor: StaticMeshActor
[2018.11.22-21.35.41:131][703]LogEditorActor: Deleted Actor: StaticMeshActor
[2018.11.22-21.35.41:131][703]LogEditorActor: Deleted Actor: StaticMeshActor
[2018.11.22-21.35.41:132][703]LogEditorActor: Deleted Actor: StaticMeshActor
[2018.11.22-21.35.41:132][703]LogEditorActor: Deleted Actor: StaticMeshActor
[2018.11.22-21.35.41:132][703]LogEditorActor: Deleted Actor: StaticMeshActor
[2018.11.22-21.35.41:132][703]LogEditorActor: Deleted Actor: StaticMeshActor
[2018.11.22-21.35.41:133][703]LogEditorActor: Deleted Actor: StaticMeshActor
[2018.11.22-21.35.41:133][703]LogEditorActor: Deleted Actor: StaticMeshActor
[2018.11.22-21.35.41:133][703]LogEditorActor: Deleted Actor: StaticMeshActor
[2018.11.22-21.35.41:133][703]LogEditorActor: Deleted Actor: StaticMeshActor
[2018.11.22-21.35.41:133][703]LogEditorActor: Deleted Actor: StaticMeshActor
[2018.11.22-21.35.41:134][703]LogEditorActor: Deleted Actor: StaticMeshActor
[2018.11.22-21.35.41:134][703]LogEditorActor: Deleted Actor: StaticMeshActor
[2018.11.22-21.35.41:134][703]LogEditorActor: Deleted Actor: StaticMeshActor
[2018.11.22-21.35.41:134][703]LogEditorActor: Deleted Actor: StaticMeshActor
[2018.11.22-21.35.41:135][703]LogEditorActor: Deleted Actor: StaticMeshActor
[2018.11.22-21.35.41:135][703]LogEditorActor: Deleted Actor: StaticMeshActor
[2018.11.22-21.35.41:135][703]LogEditorActor: Deleted Actor: StaticMeshActor
[2018.11.22-21.35.41:135][703]LogEditorActor: Deleted Actor: StaticMeshActor
[2018.11.22-21.35.41:136][703]LogEditorActor: Deleted Actor: StaticMeshActor
[2018.11.22-21.35.41:136][703]LogEditorActor: Deleted Actor: StaticMeshActor
[2018.11.22-21.35.41:136][703]LogEditorActor: Deleted Actor: StaticMeshActor
[2018.11.22-21.35.41:137][703]LogEditorActor: Deleted Actor: StaticMeshActor
[2018.11.22-21.35.41:137][703]LogEditorActor: Deleted Actor: StaticMeshActor
[2018.11.22-21.35.41:137][703]LogEditorActor: Deleted Actor: StaticMeshActor
[2018.11.22-21.35.41:137][703]LogEditorActor: Deleted Actor: StaticMeshActor
[2018.11.22-21.35.41:137][703]LogEditorActor: Deleted Actor: StaticMeshActor
[2018.11.22-21.35.41:138][703]LogEditorActor: Deleted Actor: StaticMeshActor
[2018.11.22-21.35.41:138][703]LogEditorActor: Deleted Actor: StaticMeshActor
[2018.11.22-21.35.41:138][703]LogEditorActor: Deleted Actor: StaticMeshActor
[2018.11.22-21.35.41:138][703]LogEditorActor: Deleted Actor: StaticMeshActor
[2018.11.22-21.35.41:138][703]LogEditorActor: Deleted Actor: StaticMeshActor
[2018.11.22-21.35.41:138][703]LogEditorActor: Deleted Actor: StaticMeshActor
[2018.11.22-21.35.41:139][703]LogEditorActor: Deleted Actor: StaticMeshActor
[2018.11.22-21.35.41:139][703]LogEditorActor: Deleted Actor: StaticMeshActor
[2018.11.22-21.35.41:139][703]LogEditorActor: Deleted Actor: StaticMeshActor
[2018.11.22-21.35.41:139][703]LogEditorActor: Deleted Actor: StaticMeshActor
[2018.11.22-21.35.41:139][703]LogEditorActor: Deleted Actor: StaticMeshActor
[2018.11.22-21.35.41:139][703]LogEditorActor: Deleted Actor: StaticMeshActor
[2018.11.22-21.35.41:139][703]LogEditorActor: Deleted Actor: StaticMeshActor
[2018.11.22-21.35.41:140][703]LogEditorActor: Deleted Actor: StaticMeshActor
[2018.11.22-21.35.41:140][703]LogEditorActor: Deleted Actor: StaticMeshActor
[2018.11.22-21.35.41:140][703]LogEditorActor: Deleted Actor: StaticMeshActor
[2018.11.22-21.35.41:140][703]LogEditorActor: Deleted Actor: StaticMeshActor
[2018.11.22-21.35.41:140][703]LogEditorActor: Deleted Actor: StaticMeshActor
[2018.11.22-21.35.41:140][703]LogEditorActor: Deleted Actor: StaticMeshActor
[2018.11.22-21.35.41:140][703]LogEditorActor: Deleted Actor: StaticMeshActor
[2018.11.22-21.35.41:141][703]LogEditorActor: Deleted Actor: StaticMeshActor
[2018.11.22-21.35.41:141][703]LogEditorActor: Deleted Actor: StaticMeshActor
[2018.11.22-21.35.41:141][703]LogEditorActor: Deleted Actor: StaticMeshActor
[2018.11.22-21.35.41:141][703]LogEditorActor: Deleted Actor: StaticMeshActor
[2018.11.22-21.35.41:141][703]LogEditorActor: Deleted Actor: StaticMeshActor
[2018.11.22-21.35.41:141][703]LogEditorActor: Deleted Actor: StaticMeshActor
[2018.11.22-21.35.41:141][703]LogEditorActor: Deleted Actor: StaticMeshActor
[2018.11.22-21.35.41:141][703]LogEditorActor: Deleted Actor: StaticMeshActor
[2018.11.22-21.35.41:142][703]LogEditorActor: Deleted Actor: StaticMeshActor
[2018.11.22-21.35.41:142][703]LogEditorActor: Deleted Actor: StaticMeshActor
[2018.11.22-21.35.41:142][703]LogEditorActor: Deleted Actor: StaticMeshActor
[2018.11.22-21.35.41:142][703]LogEditorActor: Deleted Actor: StaticMeshActor
[2018.11.22-21.35.41:142][703]LogEditorActor: Deleted Actor: StaticMeshActor
[2018.11.22-21.35.41:142][703]LogEditorActor: Deleted Actor: StaticMeshActor
[2018.11.22-21.35.41:142][703]LogEditorActor: Deleted Actor: StaticMeshActor
[2018.11.22-21.35.41:142][703]LogEditorActor: Deleted Actor: StaticMeshActor
[2018.11.22-21.35.41:142][703]LogEditorActor: Deleted Actor: StaticMeshActor
[2018.11.22-21.35.41:143][703]LogEditorActor: Deleted Actor: StaticMeshActor
[2018.11.22-21.35.41:143][703]LogEditorActor: Deleted Actor: StaticMeshActor
[2018.11.22-21.35.41:143][703]LogEditorActor: Deleted Actor: StaticMeshActor
[2018.11.22-21.35.41:143][703]LogEditorActor: Deleted Actor: StaticMeshActor
[2018.11.22-21.35.41:143][703]LogEditorActor: Deleted Actor: StaticMeshActor
[2018.11.22-21.35.41:143][703]LogEditorActor: Deleted Actor: StaticMeshActor
[2018.11.22-21.35.41:143][703]LogEditorActor: Deleted Actor: StaticMeshActor
[2018.11.22-21.35.41:143][703]LogEditorActor: Deleted Actor: StaticMeshActor
[2018.11.22-21.35.41:143][703]LogEditorActor: Deleted Actor: StaticMeshActor
[2018.11.22-21.35.41:143][703]LogEditorActor: Deleted Actor: StaticMeshActor
[2018.11.22-21.35.41:143][703]LogEditorActor: Deleted Actor: StaticMeshActor
[2018.11.22-21.35.41:144][703]LogEditorActor: Deleted Actor: StaticMeshActor
[2018.11.22-21.35.41:144][703]LogEditorActor: Deleted Actor: StaticMeshActor
[2018.11.22-21.35.41:144][703]LogEditorActor: Deleted Actor: StaticMeshActor
[2018.11.22-21.35.41:144][703]LogEditorActor: Deleted Actor: StaticMeshActor
[2018.11.22-21.35.41:144][703]LogEditorActor: Deleted Actor: StaticMeshActor
[2018.11.22-21.35.41:144][703]LogEditorActor: Deleted Actor: StaticMeshActor
[2018.11.22-21.35.41:144][703]LogEditorActor: Deleted Actor: StaticMeshActor
[2018.11.22-21.35.41:144][703]LogEditorActor: Deleted Actor: StaticMeshActor
[2018.11.22-21.35.41:144][703]LogEditorActor: Deleted Actor: StaticMeshActor
[2018.11.22-21.35.41:171][703]LogEditorActor: Deleted 265 Actors (0.441 secs)
[2018.11.22-21.35.42:166][753]Cmd: EDIT PASTE
[2018.11.22-21.35.47:311][753]LogEditorViewport: Clicking Background
[2018.11.22-21.35.48:532][809]LogEditorViewport: Clicking on Actor (LMB): StaticMeshActor (streetBlockBase868)
[2018.11.22-21.35.50:424][919]LogSlate: FSceneViewport::OnFocusLost() reason 0
[2018.11.22-21.36.02:922][587]Cmd: CAMERA ALIGN ACTIVEVIEWPORTONLY
[2018.11.22-21.36.16:412][284]LogSlate: FSceneViewport::OnFocusLost() reason 0
[2018.11.22-21.36.21:398][555]LogSlate: FSceneViewport::OnFocusLost() reason 0
[2018.11.22-21.37.14:469][457]LogSlate: FSceneViewport::OnFocusLost() reason 0
[2018.11.22-21.37.48:216][272]LogSlate: FSceneViewport::OnFocusLost() reason 2
[2018.11.22-21.37.55:642][272]LogSavePackage: Moving '../../../../../../Users/bearl/Documents/Fall 2018/EAE 3010/AssetPipeMaster01/APsec1LargeCityBase/Saved/StreetSceneLarge5D83ADD04270872FAD17FCAE91055768.tmp' to '../../../../../../Users/bearl/Documents/Fall 2018/EAE 3010/AssetPipeMaster01/APsec1LargeCityBase/Content/StreetSceneLarge.umap'
[2018.11.22-21.38.04:942][749]LogSlate: FSceneViewport::OnFocusLost() reason 2
[2018.11.22-21.38.11:879][749]LogSavePackage: Moving '../../../../../../Users/bearl/Documents/Fall 2018/EAE 3010/AssetPipeMaster01/APsec1LargeCityBase/Saved/StreetSceneLarge2713B65C46BB85F6FCE778BAD30A1780.tmp' to '../../../../../../Users/bearl/Documents/Fall 2018/EAE 3010/AssetPipeMaster01/APsec1LargeCityBase/Content/StreetSceneLarge.umap'
