Log file open, 12/17/18 14:43:44
LogWindows: Failed to load 'aqProf.dll' (GetLastError=126)
LogWindows: File 'aqProf.dll' does not exist
LogWindows: Failed to load 'VtuneApi.dll' (GetLastError=126)
LogWindows: File 'VtuneApi.dll' does not exist
LogWindows: Failed to load 'VtuneApi32e.dll' (GetLastError=126)
LogWindows: File 'VtuneApi32e.dll' does not exist
LogInit: Display: Running engine for game: APsec1LargeCityBase
LogPlatformFile: Not using cached read wrapper
LogTaskGraph: Started task graph with 5 named threads and 23 total threads with 3 sets of task threads.
LogStats: Stats thread started at 0.311191
LogD3D11RHI: Loaded GFSDK_Aftermath_Lib.x64.dll
LogICUInternationalization: Display: ICU TimeZone Detection - Raw Offset: -7:00, Platform Override: ''
LogPluginManager: Mounting plugin Paper2D
LogPluginManager: Mounting plugin AISupport
LogPluginManager: Mounting plugin LightPropagationVolume
LogPluginManager: Mounting plugin CLionSourceCodeAccess
LogPluginManager: Mounting plugin CodeLiteSourceCodeAccess
LogPluginManager: Mounting plugin GitSourceControl
LogPluginManager: Mounting plugin KDevelopSourceCodeAccess
LogPluginManager: Mounting plugin NullSourceCodeAccess
LogPluginManager: Mounting plugin PerforceSourceControl
LogPluginManager: Mounting plugin SubversionSourceControl
LogPluginManager: Mounting plugin UObjectPlugin
LogPluginManager: Mounting plugin VisualStudioCodeSourceCodeAccess
LogPluginManager: Mounting plugin VisualStudioSourceCodeAccess
LogPluginManager: Mounting plugin XCodeSourceCodeAccess
LogPluginManager: Mounting plugin AssetManagerEditor
LogPluginManager: Mounting plugin CryptoKeys
LogPluginManager: Mounting plugin DataValidation
LogPluginManager: Mounting plugin FacialAnimation
LogPluginManager: Mounting plugin GameplayTagsEditor
LogPluginManager: Mounting plugin MacGraphicsSwitching
LogPluginManager: Mounting plugin MeshEditor
LogPluginManager: Mounting plugin MobileLauncherProfileWizard
LogPluginManager: Mounting plugin PluginBrowser
LogPluginManager: Mounting plugin SpeedTreeImporter
LogPluginManager: Mounting plugin DatasmithContent
LogPluginManager: Mounting plugin AlembicImporter
LogPluginManager: Mounting plugin AppleImageUtils
LogPluginManager: Mounting plugin AppleVision
LogPluginManager: Mounting plugin BackChannel
LogPluginManager: Mounting plugin CharacterAI
LogPluginManager: Mounting plugin GeometryCache
LogPluginManager: Mounting plugin HTML5Networking
LogPluginManager: Mounting plugin ProxyLODPlugin
LogPluginManager: Mounting plugin MagicLeap
LogPluginManager: Mounting plugin MagicLeapEmulator
LogPluginManager: Mounting plugin MagicLeapMedia
LogPluginManager: Mounting plugin AndroidMedia
LogPluginManager: Mounting plugin AvfMedia
LogPluginManager: Mounting plugin ImgMedia
LogPluginManager: Mounting plugin LinearTimecode
LogPluginManager: Mounting plugin MediaCompositing
LogPluginManager: Mounting plugin MediaPlayerEditor
LogPluginManager: Mounting plugin WmfMedia
LogPluginManager: Mounting plugin TcpMessaging
LogPluginManager: Mounting plugin UdpMessaging
LogPluginManager: Mounting plugin ActorSequence
LogPluginManager: Mounting plugin LevelSequenceEditor
LogPluginManager: Mounting plugin MatineeToLevelSequence
LogPluginManager: Mounting plugin NetcodeUnitTest
LogPluginManager: Mounting plugin NUTUnrealEngine4
LogPluginManager: Mounting plugin OnlineSubsystemGooglePlay
LogPluginManager: Mounting plugin OnlineSubsystemIOS
LogPluginManager: Mounting plugin OnlineSubsystem
LogPluginManager: Mounting plugin OnlineSubsystemNull
LogPluginManager: Mounting plugin OnlineSubsystemUtils
LogPluginManager: Mounting plugin LauncherChunkInstaller
LogPluginManager: Mounting plugin AndroidDeviceProfileSelector
LogPluginManager: Mounting plugin AndroidMoviePlayer
LogPluginManager: Mounting plugin AndroidPermission
LogPluginManager: Mounting plugin AppleMoviePlayer
LogPluginManager: Mounting plugin ArchVisCharacter
LogPluginManager: Mounting plugin AudioCapture
LogPluginManager: Mounting plugin CableComponent
LogPluginManager: Mounting plugin CustomMeshComponent
LogPluginManager: Mounting plugin EditableMesh
LogPluginManager: Mounting plugin ExampleDeviceProfileSelector
LogPluginManager: Mounting plugin GoogleCloudMessaging
LogPluginManager: Mounting plugin HoudiniEngine
LogPluginManager: Mounting plugin ImmediatePhysics
LogPluginManager: Mounting plugin IOSDeviceProfileSelector
LogPluginManager: Mounting plugin LinuxDeviceProfileSelector
LogPluginManager: Mounting plugin LocationServicesBPLibrary
LogPluginManager: Mounting plugin MobilePatchingUtils
LogPluginManager: Mounting plugin OculusVR
LogPluginManager: Plugin shader directory ../../../Engine/Plugins/Runtime/Oculus/OculusVR/Shaders found
LogPluginManager: Mapping shader source directory ../../../Engine/Plugins/Runtime/Oculus/OculusVR/Shaders to virtual directory /Plugin/OculusVR
LogPluginManager: Mounting plugin PhysXVehicles
LogPluginManager: Mounting plugin ProceduralMeshComponent
LogPluginManager: Mounting plugin RuntimePhysXCooking
LogPluginManager: Mounting plugin SteamVR
LogPluginManager: Mounting plugin WindowsMoviePlayer
LogStreaming: Display: Took  0.133s to configure plugins.
LogInit: Using libcurl 7.55.1-DEV
LogInit:  - built for x86_64-pc-win32
LogInit:  - supports SSL with OpenSSL/1.0.2h
LogInit:  - supports HTTP deflate (compression) using libz 1.2.8
LogInit:  - other features:
LogInit:      CURL_VERSION_SSL
LogInit:      CURL_VERSION_LIBZ
LogInit:      CURL_VERSION_IPV6
LogInit:      CURL_VERSION_ASYNCHDNS
LogInit:      CURL_VERSION_LARGEFILE
LogInit:      CURL_VERSION_IDN
LogInit:  CurlRequestOptions (configurable via config and command line):
LogInit:  - bVerifyPeer = false  - Libcurl will NOT verify peer certificate
LogInit:  - bUseHttpProxy = false  - Libcurl will NOT use HTTP proxy
LogInit:  - bDontReuseConnections = false  - Libcurl will reuse connections
LogInit:  - CertBundlePath = nullptr  - Libcurl will use whatever was configured at build time.
LogInit:  - MaxHostConnections = 16  - Libcurl will limit the number of connections to a host
LogInit:  - LocalHostAddr = Default
LogInit:  - BufferSize = 65536
LogInit: WinSock: version 1.1 (2.2), MaxSocks=32767, MaxUdp=65467
LogInit: Build: ++UE4+Release-4.20-CL-4233996
LogInit: Engine Version: 4.20.2-4233996+++UE4+Release-4.20
LogInit: Compatible Engine Version: 4.20.0-4212847+++UE4+Release-4.20
LogInit: Net CL: 4212847
LogInit: OS: Windows 10 (), CPU: Intel(R) Core(TM) i7-4770 CPU @ 3.40GHz, GPU: NVIDIA GeForce GTX 1070
LogInit: Compiled (64-bit): Jul 26 2018 10:07:30
LogInit: Compiled with Visual C++: 19.13.26129.00
LogInit: Build Configuration: Development
LogInit: Branch Name: ++UE4+Release-4.20
LogInit: Command Line:  
LogInit: Base Directory: C:/Program Files/Epic Games/UE_4.20/Engine/Binaries/Win64/
LogInit: Installed Engine Build: 1
LogDevObjectVersion: Number of dev versions registered: 20
LogDevObjectVersion:   Dev-Blueprints (B0D832E4-1F89-4F0D-ACCF-7EB736FD4AA2): 10
LogDevObjectVersion:   Dev-Build (E1C64328-A22C-4D53-A36C-8E866417BD8C): 0
LogDevObjectVersion:   Dev-Core (375EC13C-06E4-48FB-B500-84F0262A717E): 2
LogDevObjectVersion:   Dev-Editor (E4B068ED-F494-42E9-A231-DA0B2E46BB41): 24
LogDevObjectVersion:   Dev-Framework (CFFC743F-43B0-4480-9391-14DF171D2073): 34
LogDevObjectVersion:   Dev-Mobile (B02B49B5-BB20-44E9-A304-32B752E40360): 2
LogDevObjectVersion:   Dev-Networking (A4E4105C-59A1-49B5-A7C5-40C4547EDFEE): 0
LogDevObjectVersion:   Dev-Online (39C831C9-5AE6-47DC-9A44-9C173E1C8E7C): 0
LogDevObjectVersion:   Dev-Physics (78F01B33-EBEA-4F98-B9B4-84EACCB95AA2): 0
LogDevObjectVersion:   Dev-Platform (6631380F-2D4D-43E0-8009-CF276956A95A): 0
LogDevObjectVersion:   Dev-Rendering (12F88B9F-8875-4AFC-A67C-D90C383ABD29): 26
LogDevObjectVersion:   Dev-Sequencer (7B5AE74C-D270-4C10-A958-57980B212A5A): 9
LogDevObjectVersion:   Dev-VR (D7296918-1DD6-4BDD-9DE2-64A83CC13884): 2
LogDevObjectVersion:   Dev-LoadTimes (C2A15278-BFE7-4AFE-6C17-90FF531DF755): 1
LogDevObjectVersion:   Private-Geometry (6EACA3D4-40EC-4CC1-B786-8BED09428FC5): 3
LogDevObjectVersion:   Dev-AnimPhys (29E575DD-E0A3-4627-9D10-D276232CDCEA): 17
LogDevObjectVersion:   Dev-ReflectionCapture (6B266CEC-1EC7-4B8F-A30B-E4D90942FC07): 1
LogDevObjectVersion:   Dev-Automation (0DF73D61-A23F-47EA-B727-89E90C41499A): 1
LogDevObjectVersion:   FortniteMain (601D1886-AC64-4F84-AA16-D3DE0DEAC7D6): 12
LogDevObjectVersion:   Dev-Enterprise (9DFFBCD6-494F-0158-E221-12823C92A888): 1
LogStreaming: Display: Took  0.005s to delete old logs.
LogInit: Presizing for max 8388607 objects, including 0 objects not considered by GC, pre-allocating 0 bytes for permanent pool.
LogInit: Object subsystem initialized
[2018.12.17-21.43.44:616][  0]LogInit: Selected Device Profile: [Windows]
[2018.12.17-21.43.44:616][  0]LogInit: Applying CVar settings loaded from the selected device profile: [Windows]
[2018.12.17-21.43.44:630][  0]LogHAL: Display: Platform has ~ 32 GB [34297425920 / 34359738368 / 32], which maps to Largest [LargestMinGB=32, LargerMinGB=12, DefaultMinGB=8, SmallerMinGB=6, SmallestMinGB=0)
[2018.12.17-21.43.44:630][  0]LogInit: Setting Device Profile CVar: [[r.Vulkan.UseRealUBs:1]]
[2018.12.17-21.43.44:630][  0]LogInit: Going up to parent DeviceProfile []
[2018.12.17-21.43.44:631][  0]LogInit: Computer: eae-d-136
[2018.12.17-21.43.44:631][  0]LogInit: User: u0723839
[2018.12.17-21.43.44:631][  0]LogInit: CPU Page size=4096, Cores=4
[2018.12.17-21.43.44:631][  0]LogInit: High frequency timer resolution =3.318387 MHz
[2018.12.17-21.43.44:631][  0]LogMemory: Memory total: Physical=31.9GB (32GB approx)
[2018.12.17-21.43.44:631][  0]LogMemory: Platform Memory Stats for Windows
[2018.12.17-21.43.44:631][  0]LogMemory: Process Physical Memory: 99.96 MB used, 99.96 MB peak
[2018.12.17-21.43.44:631][  0]LogMemory: Process Virtual Memory: 90.98 MB used, 90.98 MB peak
[2018.12.17-21.43.44:631][  0]LogMemory: Physical Memory: 11916.73 MB used,  20791.85 MB free, 32708.57 MB total
[2018.12.17-21.43.44:631][  0]LogMemory: Virtual Memory: 4640.31 MB used,  20791.85 MB free, 134217728.00 MB total
[2018.12.17-21.43.44:657][  0]LogInit: Using OS detected language (en-US).
[2018.12.17-21.43.44:657][  0]LogInit: Using OS detected locale (en-US).
[2018.12.17-21.43.44:659][  0]LogTextLocalizationManager: No specific localization for 'en-US' exists, so the 'en' localization will be used.
[2018.12.17-21.43.45:070][  0]LogStreaming: Display: Took  0.413s to InitEngineTextLocalization.
[2018.12.17-21.43.45:070][  0]LogInit: Setting process to per monitor DPI aware
[2018.12.17-21.43.45:108][  0]LogSlate: New Slate User Created.  User Index 0, Is Virtual User: 0
[2018.12.17-21.43.45:108][  0]LogSlate: Slate User Registered.  User Index 0, Is Virtual User: 0
[2018.12.17-21.43.45:348][  0]LogHMD: Failed to initialize OpenVR with code 110
[2018.12.17-21.43.45:348][  0]LogD3D11RHI: D3D11 adapters:
[2018.12.17-21.43.45:418][  0]LogD3D11RHI:    0. 'NVIDIA GeForce GTX 1070' (Feature Level 11_0)
[2018.12.17-21.43.45:418][  0]LogD3D11RHI:       8088/0/16354 MB DedicatedVideo/DedicatedSystem/SharedSystem, Outputs:2, VendorId:0x10de
[2018.12.17-21.43.45:420][  0]LogD3D11RHI:    1. 'Microsoft Basic Render Driver' (Feature Level 11_0)
[2018.12.17-21.43.45:420][  0]LogD3D11RHI:       0/0/16354 MB DedicatedVideo/DedicatedSystem/SharedSystem, Outputs:0, VendorId:0x1414
[2018.12.17-21.43.45:420][  0]LogD3D11RHI: Chosen D3D11 Adapter: 0
[2018.12.17-21.43.45:430][  0]LogD3D11RHI: Creating new Direct3DDevice
[2018.12.17-21.43.45:430][  0]LogD3D11RHI:     GPU DeviceId: 0x1b81 (for the marketing name, search the web for "GPU Device Id")
[2018.12.17-21.43.45:430][  0]LogWindows: EnumDisplayDevices:
[2018.12.17-21.43.45:430][  0]LogWindows:    0. 'NVIDIA GeForce GTX 1070' (P:1 D:1)
[2018.12.17-21.43.45:431][  0]LogWindows:    1. 'NVIDIA GeForce GTX 1070' (P:0 D:1)
[2018.12.17-21.43.45:431][  0]LogWindows:    2. 'NVIDIA GeForce GTX 1070' (P:0 D:0)
[2018.12.17-21.43.45:431][  0]LogWindows:    3. 'NVIDIA GeForce GTX 1070' (P:0 D:0)
[2018.12.17-21.43.45:432][  0]LogWindows: DebugString: FoundDriverCount:4 
[2018.12.17-21.43.45:432][  0]LogD3D11RHI:     Adapter Name: NVIDIA GeForce GTX 1070
[2018.12.17-21.43.45:432][  0]LogD3D11RHI:   Driver Version: 398.36 (internal:24.21.13.9836, unified:398.36)
[2018.12.17-21.43.45:432][  0]LogD3D11RHI:      Driver Date: 6-24-2018
[2018.12.17-21.43.45:432][  0]LogRHI: Texture pool is 5661 MB (70% of 8088 MB)
[2018.12.17-21.43.45:476][  0]LogD3D11RHI: Async texture creation enabled
[2018.12.17-21.43.45:493][  0]LogD3D11RHI: GPU Timing Frequency: 1000.000000 (Debug: 2 2)
[2018.12.17-21.43.45:579][  0]LogShaderCompilers: Guid format shader working directory is -38 characters bigger than the processId version (../../../../../../Users/u0723839/Documents/GitHub/AssetPipeMaster01/APsec1LargeCityBase/Intermediate/Shaders/WorkingDirectory/3532/).
[2018.12.17-21.43.45:580][  0]LogShaderCompilers: Cleaned the shader compiler working directory 'C:/Users/u0723839/AppData/Local/Temp/UnrealShaderWorkingDir/3F5901644B85420D6C3AB7B294136BBF/'.
[2018.12.17-21.43.45:875][  0]LogTemp: Display: Loaded TP AllDesktopTargetPlatform
[2018.12.17-21.43.45:889][  0]LogTemp: Display: Loaded TP MacClientTargetPlatform
[2018.12.17-21.43.45:904][  0]LogTemp: Display: Loaded TP MacNoEditorTargetPlatform
[2018.12.17-21.43.45:918][  0]LogTemp: Display: Loaded TP MacServerTargetPlatform
[2018.12.17-21.43.45:934][  0]LogTemp: Display: Loaded TP MacTargetPlatform
[2018.12.17-21.43.45:949][  0]LogTemp: Display: Loaded TP WindowsClientTargetPlatform
[2018.12.17-21.43.45:964][  0]LogTemp: Display: Loaded TP WindowsNoEditorTargetPlatform
[2018.12.17-21.43.45:979][  0]LogTemp: Display: Loaded TP WindowsServerTargetPlatform
[2018.12.17-21.43.45:987][  0]LogTemp: Display: Loaded TP WindowsTargetPlatform
[2018.12.17-21.43.46:078][  0]LogTemp: Display: Loaded TP AndroidTargetPlatform
[2018.12.17-21.43.46:078][  0]LogTemp: Display: Loaded TP AndroidTargetPlatform
[2018.12.17-21.43.46:078][  0]LogTemp: Display: Loaded TP AndroidTargetPlatform
[2018.12.17-21.43.46:078][  0]LogTemp: Display: Loaded TP AndroidTargetPlatform
[2018.12.17-21.43.46:078][  0]LogTemp: Display: Loaded TP AndroidTargetPlatform
[2018.12.17-21.43.46:078][  0]LogTemp: Display: Loaded TP AndroidTargetPlatform
[2018.12.17-21.43.46:078][  0]LogTemp: Display: Loaded TP AndroidTargetPlatform
[2018.12.17-21.43.46:078][  0]LogTemp: Display: Loaded TP AndroidTargetPlatform
[2018.12.17-21.43.46:078][  0]LogTemp: Display: Loaded TP AndroidTargetPlatform
[2018.12.17-21.43.46:078][  0]LogTemp: Display: Loaded TP AndroidTargetPlatform
[2018.12.17-21.43.46:078][  0]LogTemp: Display: Loaded TP AndroidTargetPlatform
[2018.12.17-21.43.46:078][  0]LogTemp: Display: Loaded TP AndroidTargetPlatform
[2018.12.17-21.43.46:078][  0]LogTemp: Display: Loaded TP AndroidTargetPlatform
[2018.12.17-21.43.46:078][  0]LogTemp: Display: Loaded TP AndroidTargetPlatform
[2018.12.17-21.43.46:078][  0]LogTemp: Display: Loaded TP AndroidTargetPlatform
[2018.12.17-21.43.46:078][  0]LogTemp: Display: Loaded TP AndroidTargetPlatform
[2018.12.17-21.43.46:078][  0]LogTemp: Display: Loaded TP AndroidTargetPlatform
[2018.12.17-21.43.46:078][  0]LogTemp: Display: Loaded TP AndroidTargetPlatform
[2018.12.17-21.43.46:080][  0]LogTemp: Display: Loaded TP HTML5TargetPlatform
[2018.12.17-21.43.46:143][  0]LogTemp: Display: Loaded TP IOSTargetPlatform
[2018.12.17-21.43.46:143][  0]LogTemp: Display: Loaded TP IOSTargetPlatform
[2018.12.17-21.43.46:175][  0]LogTemp: Display: Loaded TP TVOSTargetPlatform
[2018.12.17-21.43.46:175][  0]LogTemp: Display: Loaded TP TVOSTargetPlatform
[2018.12.17-21.43.46:188][  0]LogTemp: Display: Loaded TP LinuxClientTargetPlatform
[2018.12.17-21.43.46:203][  0]LogTemp: Display: Loaded TP LinuxNoEditorTargetPlatform
[2018.12.17-21.43.46:217][  0]LogTemp: Display: Loaded TP LinuxServerTargetPlatform
[2018.12.17-21.43.46:238][  0]LogTemp: Display: Loaded TP LinuxTargetPlatform
[2018.12.17-21.43.46:248][  0]LogTemp: Display: Loaded TP LuminTargetPlatform
[2018.12.17-21.43.46:248][  0]LogTargetPlatformManager: Display: Building Assets For Windows
[2018.12.17-21.43.46:344][  0]LogXGEController: Cannot use XGE Controller as Incredibuild is not installed on this machine.
[2018.12.17-21.43.46:344][  0]LogShaderCompilers: Cannot use XGE Shader Compiler as Incredibuild is not installed on this machine.
[2018.12.17-21.43.46:344][  0]LogShaderCompilers: Display: Using Local Shader Compiler.
[2018.12.17-21.43.47:222][  0]LogDerivedDataCache: Display: Max Cache Size: 512 MB
[2018.12.17-21.43.47:321][  0]LogDerivedDataCache: Loaded boot cache 0.10s 71MB C:/Users/u0723839/AppData/Local/UnrealEngine/4.20/DerivedDataCache/Boot.ddc.
[2018.12.17-21.43.47:322][  0]LogDerivedDataCache: Display: Loaded Boot cache: C:/Users/u0723839/AppData/Local/UnrealEngine/4.20/DerivedDataCache/Boot.ddc
[2018.12.17-21.43.47:322][  0]LogDerivedDataCache: FDerivedDataBackendGraph:  Pak pak cache file ../../../../../../Users/u0723839/Documents/GitHub/AssetPipeMaster01/APsec1LargeCityBase/DerivedDataCache/DDC.ddp not found, will not use a pak cache.
[2018.12.17-21.43.47:322][  0]LogDerivedDataCache: Unable to find inner node Pak for hierarchical cache Hierarchy.
[2018.12.17-21.43.47:322][  0]LogDerivedDataCache: FDerivedDataBackendGraph:  CompressedPak pak cache file ../../../../../../Users/u0723839/Documents/GitHub/AssetPipeMaster01/APsec1LargeCityBase/DerivedDataCache/Compressed.ddp not found, will not use a pak cache.
[2018.12.17-21.43.47:322][  0]LogDerivedDataCache: Unable to find inner node CompressedPak for hierarchical cache Hierarchy.
[2018.12.17-21.43.47:343][  0]LogDerivedDataCache: Display: Pak cache opened for reading ../../../Engine/DerivedDataCache/Compressed.ddp.
[2018.12.17-21.43.47:356][  0]LogDerivedDataCache: Using Local data cache path C:/Users/u0723839/AppData/Local/UnrealEngine/Common/DerivedDataCache: Writable
[2018.12.17-21.43.47:356][  0]LogDerivedDataCache: Shared data cache path not found in *engine.ini, will not use an Shared cache.
[2018.12.17-21.43.47:356][  0]LogDerivedDataCache: Unable to find inner node Shared for hierarchical cache Hierarchy.
[2018.12.17-21.43.47:375][  0]LogMaterial: Verifying Global Shaders for PCD3D_SM5
[2018.12.17-21.43.47:376][  0]LogSlate: Using FreeType 2.6.0
[2018.12.17-21.43.47:377][  0]LogSlate: SlateFontServices - WITH_FREETYPE: 1, WITH_HARFBUZZ: 1
[2018.12.17-21.43.47:462][  0]LogAssetRegistry: FAssetRegistry took 0.0264 seconds to start up
[2018.12.17-21.43.47:827][  0]LogAssetRegistry: Error: Failed to open file for write ../../../../../../Users/u0723839/Documents/GitHub/AssetPipeMaster01/APsec1LargeCityBase/Intermediate/CachedAssetRegistry.bin
[2018.12.17-21.43.47:827][  0]LogInit: Selected Device Profile: [Windows]
[2018.12.17-21.43.47:995][  0]LogSimplygon: Simplygon DLL not present - disabling.
[2018.12.17-21.43.48:001][  0]LogMeshReduction: Using SimplygonSwarm for distributed automatic mesh merging
[2018.12.17-21.43.48:001][  0]LogMeshReduction: Using ProxyLODMeshReduction for automatic mesh merging
[2018.12.17-21.43.48:001][  0]LogMeshReduction: Using QuadricMeshReduction for automatic static mesh reduction
[2018.12.17-21.43.48:001][  0]LogMeshReduction: No automatic skeletal mesh reduction module available
[2018.12.17-21.43.48:020][  0]LogNetVersion: APsec1LargeCityBase 1.0.0, NetCL: 4212847, EngineNetVer: 5, GameNetVer: 0 (Checksum: 1121110827)
[2018.12.17-21.43.48:623][  0]LogPackageLocalizationCache: Processed 12 localized package path(s) for 2 prioritized culture(s) in 0.148994 seconds
[2018.12.17-21.43.48:629][  0]LogUObjectArray: 38425 objects as part of root set at end of initial load.
[2018.12.17-21.43.48:629][  0]LogUObjectAllocator: 6690864 out of 0 bytes used by permanent object pool.
[2018.12.17-21.43.48:629][  0]LogUObjectArray: CloseDisregardForGC: 0/0 objects in disregard for GC pool
[2018.12.17-21.43.49:606][  0]LogTcpMessaging: Initializing TcpMessaging bridge
[2018.12.17-21.43.49:633][  0]LogUdpMessaging: Initializing bridge on interface 0.0.0.0:0 to multicast group 230.0.0.1:6666.
[2018.12.17-21.43.49:796][  0]SourceControl: Source control is disabled
[2018.12.17-21.43.49:796][  0]SourceControl: Source control is disabled
[2018.12.17-21.43.49:798][  0]SourceControl: Source control is disabled
[2018.12.17-21.43.49:800][  0]SourceControl: Source control is disabled
[2018.12.17-21.43.49:975][  0]LogAndroidPermission: UAndroidPermissionCallbackProxy::GetInstance
[2018.12.17-21.43.50:114][  0]LogHoudiniEngine: Starting the Houdini Engine module.
[2018.12.17-21.43.50:115][  0]LogHoudiniEngine: Loaded libHAPIL.dll from Registry path C:/Program Files/Side Effects Software/Houdini 17.0.352/bin
[2018.12.17-21.43.50:116][  0]LogLinker: Warning: Asset '../../Plugins/Runtime/HoudiniEngine/Content/houdini_logo.uasset' has been saved with empty engine version. The asset will be loaded but may be incompatible.
[2018.12.17-21.43.50:119][  0]LogLinker: Warning: Asset '../../Plugins/Runtime/HoudiniEngine/Content/houdini_default_material.uasset' has been saved with empty engine version. The asset will be loaded but may be incompatible.
[2018.12.17-21.43.50:123][  0]LogLinker: Warning: Asset '../../Plugins/Runtime/HoudiniEngine/Content/houdini_bgeo_import.uasset' has been saved with empty engine version. The asset will be loaded but may be incompatible.
[2018.12.17-21.43.53:132][  0]LogHoudiniEngine: Starting up the Houdini Engine API module failed: Already Initialized
[2018.12.17-21.43.53:146][  0]LogOcInput: OculusInput pre-init called
[2018.12.17-21.43.53:214][  0]LogEngine: Initializing Engine...
[2018.12.17-21.43.53:215][  0]LogHMD: Failed to initialize OpenVR with code 110
[2018.12.17-21.43.53:216][  0]LogStats: UGameplayTagsManager::ConstructGameplayTagTree: ImportINI prefixes -  0.000 s
[2018.12.17-21.43.53:216][  0]LogStats: UGameplayTagsManager::ConstructGameplayTagTree: Construct from data asset -  0.000 s
[2018.12.17-21.43.53:216][  0]LogStats: UGameplayTagsManager::ConstructGameplayTagTree: ImportINI -  0.000 s
[2018.12.17-21.43.53:216][  0]LogStats: UGameplayTagsManager::ConstructGameplayTagTree: GameplayTagTreeChangedEvent.Broadcast -  0.000 s
[2018.12.17-21.43.53:450][  0]LogInit: Initializing FReadOnlyCVARCache
[2018.12.17-21.43.53:473][  0]LogAIModule: Creating AISystem for world Untitled
[2018.12.17-21.43.53:530][  0]LogInit: XAudio2 using 'Headphones (3- High Definition Audio Device)' : 2 channels at 48 kHz using 16 bits per sample (channel mask 0x3)
[2018.12.17-21.43.53:546][  0]LogInit: FAudioDevice initialized.
[2018.12.17-21.43.53:547][  0]LogNetVersion: Set ProjectVersion to 1.0.0.0. Version Checksum will be recalculated on next use.
[2018.12.17-21.43.53:693][  0]LogDerivedDataCache: Saved boot cache 0.15s 71MB C:/Users/u0723839/AppData/Local/UnrealEngine/4.20/DerivedDataCache/Boot.ddc.
[2018.12.17-21.43.53:738][  0]LogInit: Texture streaming: Enabled
[2018.12.17-21.43.53:773][  0]LogEngineSessionManager: EngineSessionManager initialized
[2018.12.17-21.43.53:773][  0]LogEngineSessionManager: EngineSessionManager sent abnormal shutdown report. Type=AbnormalShutdown, SessionId={125D4600-489A-BF4D-94DB-6FB8EB6EC64B}
[2018.12.17-21.43.53:773][  0]LogEngineSessionManager: EngineSessionManager sent abnormal shutdown report. Type=AbnormalShutdown, SessionId={22FBFA7F-487F-41C2-3A08-EC9B91FA124E}
[2018.12.17-21.43.53:773][  0]LogEngineSessionManager: EngineSessionManager sent abnormal shutdown report. Type=Crashed, SessionId={5F9976CB-4F60-3E8D-F33C-AD8EF705721C}
[2018.12.17-21.43.53:794][  0]LogInit: Transaction tracking system initialized
[2018.12.17-21.43.53:835][  0]BlueprintLog: New page: Editor Load
[2018.12.17-21.43.53:985][  0]LocalizationService: Localization service is disabled
[2018.12.17-21.43.54:302][  0]LogCook: Display: Max memory allowance for cook 16384mb min free memory 0mb
[2018.12.17-21.43.54:302][  0]LogCook: Display: Mobile HDR setting 1
[2018.12.17-21.43.54:302][  0]LogGameplayTags: Display: UGameplayTagsManager::DoneAddingNativeTags. DelegateIsBound: 0
[2018.12.17-21.43.54:302][  0]LogStats: UGameplayTagsManager::ConstructGameplayTagTree: ImportINI prefixes -  0.000 s
[2018.12.17-21.43.54:302][  0]LogStats: UGameplayTagsManager::ConstructGameplayTagTree: Construct from data asset -  0.000 s
[2018.12.17-21.43.54:302][  0]LogStats: UGameplayTagsManager::ConstructGameplayTagTree: ImportINI -  0.000 s
[2018.12.17-21.43.54:302][  0]LogStats: UGameplayTagsManager::ConstructGameplayTagTree: GameplayTagTreeChangedEvent.Broadcast -  0.000 s
[2018.12.17-21.43.54:397][  0]LogFileCache: Scanning file cache for directory 'C:/Users/u0723839/Documents/GitHub/AssetPipeMaster01/APsec1LargeCityBase/Content/' took 0.03s
[2018.12.17-21.43.54:397][  0]LogHoudiniEngineEditor: Starting the Houdini Engine Editor module.
[2018.12.17-21.43.54:411][  0]LogHoudiniEngineEditor: Houdini Engine Editor module startup complete.
[2018.12.17-21.43.54:501][  0]SourceControl: Source control is disabled
[2018.12.17-21.43.54:501][  0]Cmd: MAP LOAD FILE="../../../Engine/Content/Maps/Templates/Template_Default.umap" TEMPLATE=1 SHOWPROGRESS=1 FEATURELEVEL=3
[2018.12.17-21.43.54:502][  0]LightingResults: New page: Lighting Build
[2018.12.17-21.43.54:506][  0]MapCheck: New page: Map Check
[2018.12.17-21.43.54:506][  0]LightingResults: New page: Lighting Build
[2018.12.17-21.43.54:580][  0]LogLinker: Warning: Can't find file '/Game/VFX/Environment_VFX/Source/M_CloudSprite_VFX'
[2018.12.17-21.43.54:580][  0]LogLinker: Warning: Can't find file for asset '/Game/VFX/Environment_VFX/Source/M_CloudSprite_VFX' while loading ../../../Engine/Content/EngineSky/BP_Sky_Sphere.uasset.
[2018.12.17-21.43.54:580][  0]LoadErrors: Error: /Engine/EngineSky/BP_Sky_Sphere : Can't find file for asset. /Game/VFX/Environment_VFX/Source/M_CloudSprite_VFX
[2018.12.17-21.43.54:584][  0]LogLinker: Warning: Can't find file '/Game/Prototype/ColemanBrcko/M_SkyboxClouds'
[2018.12.17-21.43.54:584][  0]LogLinker: Warning: Can't find file for asset '/Game/Prototype/ColemanBrcko/M_SkyboxClouds' while loading ../../../Engine/Content/EngineSky/SM_SkySphere.uasset.
[2018.12.17-21.43.54:584][  0]LoadErrors: Error: /Engine/EngineSky/SM_SkySphere : Can't find file for asset. /Game/Prototype/ColemanBrcko/M_SkyboxClouds
[2018.12.17-21.43.54:584][  0]LogLinker: Warning: Can't find file '/Game/Prototype/ColemanBrcko/M_SkyboxClouds'
[2018.12.17-21.43.54:585][  0]LogLinker: Warning: Can't find file for asset '/Game/Prototype/ColemanBrcko/M_SkyboxClouds' while loading ../../../Engine/Content/EngineSky/SM_SkySphere.uasset.
[2018.12.17-21.43.54:585][  0]LoadErrors: Error: /Engine/EngineSky/SM_SkySphere : Can't find file for asset. /Game/Prototype/ColemanBrcko/M_SkyboxClouds
[2018.12.17-21.43.54:585][  0]LogLinker: Warning: Can't find file '/Game/VFX/Environment_VFX/Source/M_CloudSprite_VFX'
[2018.12.17-21.43.54:585][  0]LogLinker: Warning: Can't find file for asset '/Game/VFX/Environment_VFX/Source/M_CloudSprite_VFX' while loading ../../../Engine/Content/EngineSky/BP_Sky_Sphere.uasset.
[2018.12.17-21.43.54:585][  0]LoadErrors: Error: /Engine/EngineSky/BP_Sky_Sphere : Can't find file for asset. /Game/VFX/Environment_VFX/Source/M_CloudSprite_VFX
[2018.12.17-21.43.54:587][  0]LogLinker: Warning: Can't find file '/Game/VFX/Environment_VFX/Source/M_CloudSprite_VFX'
[2018.12.17-21.43.54:587][  0]LogLinker: Warning: Can't find file for asset '/Game/VFX/Environment_VFX/Source/M_CloudSprite_VFX' while loading ../../../Engine/Content/Maps/Templates/Template_Default.umap.
[2018.12.17-21.43.54:587][  0]LoadErrors: Error: /Engine/Maps/Templates/Template_Default : Can't find file for asset. /Game/VFX/Environment_VFX/Source/M_CloudSprite_VFX
[2018.12.17-21.43.54:588][  0]LogLinker: Warning: Can't find file '/Game/VFX/Environment_VFX/Source/M_CloudSprite_VFX'
[2018.12.17-21.43.54:588][  0]LogLinker: Warning: Can't find file for asset '/Game/VFX/Environment_VFX/Source/M_CloudSprite_VFX' while loading ../../../Engine/Content/Maps/Templates/Template_Default.umap.
[2018.12.17-21.43.54:588][  0]LoadErrors: Error: /Engine/Maps/Templates/Template_Default : Can't find file for asset. /Game/VFX/Environment_VFX/Source/M_CloudSprite_VFX
[2018.12.17-21.43.54:597][  0]LogLinker: Warning: Can't find file '/Game/VFX/Environment_VFX/Source/M_CloudSprite_VFX'
[2018.12.17-21.43.54:597][  0]LoadErrors: Failed to load /Game/VFX/Environment_VFX/Source/M_CloudSprite_VFX.M_CloudSprite_VFX Referenced by StaticMeshComponent_12
[2018.12.17-21.43.54:597][  0]LogLinker: Warning: Can't find file for asset '/Game/VFX/Environment_VFX/Source/M_CloudSprite_VFX' while loading ../../../Engine/Content/Maps/Templates/Template_Default.umap.
[2018.12.17-21.43.54:597][  0]LoadErrors: Failed to load /Game/VFX/Environment_VFX/Source/M_CloudSprite_VFX.M_CloudSprite_VFX Referenced by StaticMeshComponent_12
[2018.12.17-21.43.54:597][  0]LoadErrors: Error: /Engine/Maps/Templates/Template_Default : Can't find file for asset. /Game/VFX/Environment_VFX/Source/M_CloudSprite_VFX
[2018.12.17-21.43.54:625][  0]LogLinker: Warning: Can't find file '/Game/Prototype/ColemanBrcko/M_SkyboxClouds'
[2018.12.17-21.43.54:625][  0]LoadErrors: Failed to load /Game/Prototype/ColemanBrcko/M_SkyboxClouds.M_SkyboxClouds Referenced by SM_SkySphere
[2018.12.17-21.43.54:625][  0]LogLinker: Warning: Can't find file for asset '/Game/Prototype/ColemanBrcko/M_SkyboxClouds' while loading NULL.
[2018.12.17-21.43.54:625][  0]LoadErrors: Failed to load /Game/Prototype/ColemanBrcko/M_SkyboxClouds.M_SkyboxClouds Referenced by SM_SkySphere
[2018.12.17-21.43.54:626][  0]LogLinker: Warning: Can't find file '/Game/Prototype/ColemanBrcko/M_SkyboxClouds'
[2018.12.17-21.43.54:626][  0]LoadErrors: Failed to load /Game/Prototype/ColemanBrcko/M_SkyboxClouds.M_SkyboxClouds Referenced by SM_SkySphere
[2018.12.17-21.43.54:626][  0]LogLinker: Warning: Can't find file for asset '/Game/Prototype/ColemanBrcko/M_SkyboxClouds' while loading NULL.
[2018.12.17-21.43.54:626][  0]LoadErrors: Failed to load /Game/Prototype/ColemanBrcko/M_SkyboxClouds.M_SkyboxClouds Referenced by SM_SkySphere
[2018.12.17-21.43.54:719][  0]LogAIModule: Creating AISystem for world Untitled_1
[2018.12.17-21.43.54:727][  0]LogEditorServer: Finished looking for orphan Actors (0.000 secs)
[2018.12.17-21.43.54:750][  0]Cmd: MAP CHECKDEP NOCLEARLOG
[2018.12.17-21.43.54:867][  0]MapCheck: Map check complete: 0 Error(s), 0 Warning(s), took 116.253ms to complete.
[2018.12.17-21.43.54:867][  0]LogFileHelpers: Loading map 'Template_Default' took 0.365
[2018.12.17-21.43.54:972][  0]LogSlate: Updating window title bar state: overlay mode, drag disabled, window buttons hidden, title bar hidden
[2018.12.17-21.43.54:984][  0]LogSlate: Updating window title bar state: overlay mode, drag disabled, window buttons hidden, title bar hidden
[2018.12.17-21.43.54:991][  0]LogSlate: Updating window title bar state: overlay mode, drag disabled, window buttons hidden, title bar hidden
[2018.12.17-21.43.55:000][  0]LogSlate: Updating window title bar state: overlay mode, drag disabled, window buttons hidden, title bar hidden
[2018.12.17-21.43.55:010][  0]LogCollectionManager: Loaded 0 collections in 0.004395 seconds
[2018.12.17-21.43.55:058][  0]LogFileCache: Scanning file cache for directory 'C:/Users/u0723839/Documents/GitHub/AssetPipeMaster01/APsec1LargeCityBase/Saved/Collections/' took 0.01s
[2018.12.17-21.43.55:058][  0]LogFileCache: Scanning file cache for directory 'C:/Users/u0723839/Documents/GitHub/AssetPipeMaster01/APsec1LargeCityBase/Content/Developers/u0723839/Collections/' took 0.01s
[2018.12.17-21.43.55:059][  0]LogFileCache: Scanning file cache for directory 'C:/Users/u0723839/Documents/GitHub/AssetPipeMaster01/APsec1LargeCityBase/Content/Collections/' took 0.01s
[2018.12.17-21.43.55:059][  0]LogCollectionManager: Rebuilt the GUID cache for 0 collections in 0.000000 seconds
[2018.12.17-21.43.55:068][  0]LogContentBrowser: Native class hierarchy populated in 0.0097 seconds. Added 2610 classes and 610 folders.
[2018.12.17-21.43.55:081][  0]LogContentBrowser: Native class hierarchy updated for 'WidgetCarousel' in 0.0006 seconds. Added 0 classes and 0 folders.
[2018.12.17-21.43.55:157][  0]LogContentBrowser: Native class hierarchy updated for 'AddContentDialog' in 0.0002 seconds. Added 0 classes and 0 folders.
[2018.12.17-21.43.55:165][  0]LogContentBrowser: Native class hierarchy updated for 'SceneOutliner' in 0.0003 seconds. Added 1 classes and 2 folders.
[2018.12.17-21.43.55:240][  0]LogSlate: Took 0.000274 seconds to synchronously load lazily loaded font '../../../Engine/Content/Slate/Fonts/Roboto-Regular.ttf' (155K)
[2018.12.17-21.43.55:244][  0]LogSlate: Took 0.000360 seconds to synchronously load lazily loaded font '../../../Engine/Content/Slate/Fonts/Roboto-Bold.ttf' (160K)
[2018.12.17-21.43.55:251][  0]LogSlate: Took 0.000329 seconds to synchronously load lazily loaded font '../../../Engine/Content/Editor/Slate/Fonts/FontAwesome.ttf' (139K)
[2018.12.17-21.43.55:339][  0]LogRenderer: Reallocating scene render targets to support 1272x540 Format 10 NumSamples 1 (Frame:1).
[2018.12.17-21.43.55:532][  0]LogContentBrowser: Native class hierarchy updated for 'HierarchicalLODOutliner' in 0.0003 seconds. Added 0 classes and 0 folders.
[2018.12.17-21.43.55:532][  0]LogLoad: (Engine Initialization) Total time: 13.47 seconds
[2018.12.17-21.43.55:532][  0]LogLoad: (Engine Initialization) Total Blueprint compile time: 0.00 seconds
[2018.12.17-21.43.55:542][  0]LogWindowsTextInputMethodSystem: Display: IME system now deactivated.
[2018.12.17-21.43.55:575][  0]LogContentStreaming: Texture pool size now 1000 MB
[2018.12.17-21.43.55:584][  0]LogSlate: FSceneViewport::OnFocusLost() reason 2
[2018.12.17-21.43.55:608][  0]LogSlate: Took 0.000222 seconds to synchronously load lazily loaded font '../../../Engine/Content/Slate/Fonts/Roboto-Light.ttf' (167K)
[2018.12.17-21.43.55:688][  1]LogFileCache: Retrieving MD5 hashes for directory 'C:/Users/u0723839/Documents/GitHub/AssetPipeMaster01/APsec1LargeCityBase/Content/' took 0.13s
[2018.12.17-21.43.55:714][  1]LogAssetRegistry: Asset discovery search completed in 8.2749 seconds
[2018.12.17-21.43.55:717][  1]LogCollectionManager: Rebuilt the object cache for 0 collections in 0.000000 seconds (found 0 objects)
[2018.12.17-21.43.55:717][  1]LogCollectionManager: Fixed up redirectors for 0 collections in 0.000079 seconds (updated 0 objects)
[2018.12.17-21.43.58:962][340]LogSlate: Window 'Message Log' being destroyed
[2018.12.17-21.43.58:966][340]LogSlate: Window 'Message Log' being destroyed
[2018.12.17-21.44.05:728][117]LogSlate: FSceneViewport::OnFocusLost() reason 0
[2018.12.17-21.45.09:807][778]LogTexture: Display: Building textures: Man_UV_Joints1 (AutoDXT, 2048X2048)
[2018.12.17-21.45.09:807][778]LogFileManager: Error: Error writing to file: C:/Users/u0723839/AppData/Local/UnrealEngine/Common/DerivedDataCache/4/3/2/temp.D29D53AE429DA4966A60088C8A6A4982 (There is not enough space on the disk.)
[2018.12.17-21.45.09:807][778]LogDerivedDataCache: Warning: FFileSystemDerivedDataBackend: Temp file is short C:/Users/u0723839/AppData/Local/UnrealEngine/Common/DerivedDataCache/4/3/2/temp.D29D53AE429DA4966A60088C8A6A4982!
[2018.12.17-21.45.09:807][778]LogMaterial: Display: Missing cached shader map for material defaultMat, compiling. 
[2018.12.17-21.45.09:889][778]LogFileManager: Error: Error writing to file: C:/Users/u0723839/AppData/Local/UnrealEngine/Common/DerivedDataCache/4/3/2/temp.2C9907394769BFCA5C2ED89DDCC4D3E3 (There is not enough space on the disk.)
[2018.12.17-21.45.09:889][778]LogDerivedDataCache: Warning: FFileSystemDerivedDataBackend: Temp file is short C:/Users/u0723839/AppData/Local/UnrealEngine/Common/DerivedDataCache/4/3/2/temp.2C9907394769BFCA5C2ED89DDCC4D3E3!
[2018.12.17-21.45.09:889][778]LogDerivedDataCache: FDerivedDataBackendAsyncPutWrapper: Put failed, keeping in memory copy TEXTURE_68A083899C6F4316B8CE0E2958EDE2C2_AutoDXT_514B39F5497675DFCDA0D8923B470__D09CB614970EB90CF31B3016CD0634E4EBCFF768.
[2018.12.17-21.45.09:889][778]LogShaderCompilers: Display: Shaders left to compile 22
[2018.12.17-21.45.09:889][778]LogShaderCompilers: Display: Shaders left to compile 12
[2018.12.17-21.45.09:889][778]LogShaderCompilers: Display: Shaders left to compile 2
[2018.12.17-21.45.09:889][778]LogFileManager: Error: Error writing to file: C:/Users/u0723839/AppData/Local/Temp/UnrealShaderWorkingDir/3F5901644B85420D6C3AB7B294136BBF/2D4E7FC1C421BC1D8EA8EABBACBD09775 (There is not enough space on the disk.)
[2018.12.17-21.45.09:889][778]LogFileManager: Error: Error writing to file: C:/Users/u0723839/AppData/Local/Temp/UnrealShaderWorkingDir/3F5901644B85420D6C3AB7B294136BBF/2D4E7FC1C421BC1D8EA8EABBACBD09775 (There is not enough space on the disk.)
[2018.12.17-21.45.09:889][778]LogFileManager: Error: Error flushing file: C:/Users/u0723839/AppData/Local/Temp/UnrealShaderWorkingDir/3F5901644B85420D6C3AB7B294136BBF/2D4E7FC1C421BC1D8EA8EABBACBD09775 (There is not enough space on the disk.)
[2018.12.17-21.45.09:889][778]LogFileManager: Error: Error flushing file: C:/Users/u0723839/AppData/Local/Temp/UnrealShaderWorkingDir/3F5901644B85420D6C3AB7B294136BBF/2D4E7FC1C421BC1D8EA8EABBACBD09775 (There is not enough space on the disk.)
[2018.12.17-21.45.09:889][778]LogWindows: Windows GetLastError: The operation completed successfully. (0)
[2018.12.17-21.45.09:978][778]LogStaticMesh: Building static mesh Man_UV_Joints...
[2018.12.17-21.45.09:988][778]LogFileManager: Error: Error writing to file: C:/Users/u0723839/AppData/Local/UnrealEngine/Common/DerivedDataCache/0/3/1/temp.696D05664833256DF2121F9AAD15BD8C (There is not enough space on the disk.)
[2018.12.17-21.45.09:988][778]LogDerivedDataCache: Warning: FFileSystemDerivedDataBackend: Temp file is short C:/Users/u0723839/AppData/Local/UnrealEngine/Common/DerivedDataCache/0/3/1/temp.696D05664833256DF2121F9AAD15BD8C!
[2018.12.17-21.45.09:988][778]LogSlate: Took 0.000341 seconds to synchronously load lazily loaded font '../../../Engine/Content/Slate/Fonts/Roboto-Light.ttf' (167K)
[2018.12.17-21.45.10:645][778]LogFileManager: Error: Error writing to file: C:/Users/u0723839/AppData/Local/UnrealEngine/Common/DerivedDataCache/0/3/1/temp.10CBAAAB43A8E509C9AA958DC93B1DDD (There is not enough space on the disk.)
[2018.12.17-21.45.10:645][778]LogDerivedDataCache: Warning: FFileSystemDerivedDataBackend: Temp file is short C:/Users/u0723839/AppData/Local/UnrealEngine/Common/DerivedDataCache/0/3/1/temp.10CBAAAB43A8E509C9AA958DC93B1DDD!
[2018.12.17-21.45.10:645][778]LogDerivedDataCache: FDerivedDataBackendAsyncPutWrapper: Put failed, keeping in memory copy MESHDATAKEY_STATICMESH_42190ADE250046AC958045C7DA930FECA3E9E442F5784050BCAF878E4E80EE44_84226726B41478398BB784CA0E0A4BB6.
[2018.12.17-21.45.10:645][778]LogStaticMesh: Built static mesh [0.67s] /Game/MACBocks/Man_UV_Joints.Man_UV_Joints
[2018.12.17-21.45.10:715][778]LogFileManager: Error: Error writing to file: C:/Users/u0723839/AppData/Local/UnrealEngine/Common/DerivedDataCache/9/5/4/temp.DB19E92D44E857B77B37CA83FEE8C8C4 (There is not enough space on the disk.)
[2018.12.17-21.45.10:715][778]LogDerivedDataCache: Warning: FFileSystemDerivedDataBackend: Temp file is short C:/Users/u0723839/AppData/Local/UnrealEngine/Common/DerivedDataCache/9/5/4/temp.DB19E92D44E857B77B37CA83FEE8C8C4!
[2018.12.17-21.45.10:715][778]LogFileManager: Error: Error writing to file: C:/Users/u0723839/AppData/Local/UnrealEngine/Common/DerivedDataCache/9/5/4/temp.0912A48141D87327AA75C196D7736728 (There is not enough space on the disk.)
[2018.12.17-21.45.10:715][778]LogDerivedDataCache: Warning: FFileSystemDerivedDataBackend: Temp file is short C:/Users/u0723839/AppData/Local/UnrealEngine/Common/DerivedDataCache/9/5/4/temp.0912A48141D87327AA75C196D7736728!
[2018.12.17-21.45.10:715][778]LogDerivedDataCache: FDerivedDataBackendAsyncPutWrapper: Put failed, keeping in memory copy STATICMESH_3713973CA1B84F41BA1EB2E56FCE9211_228332BAE0224DD294E232B87D83948F1$__F52DB2C970DE510511B334DC8A53A95B92EF9F9A.
[2018.12.17-21.45.10:715][778]LogFileManager: Error: Error writing to file: C:/Users/u0723839/AppData/Local/UnrealEngine/Common/DerivedDataCache/6/5/2/temp.B8AF289C4629C141B8CA5EA13468FFFD (There is not enough space on the disk.)
[2018.12.17-21.45.10:715][778]LogFileManager: Error: Error flushing file: C:/Users/u0723839/AppData/Local/UnrealEngine/Common/DerivedDataCache/4/2/3/temp.4E8476274530E2E6B071E48B2565524B (There is not enough space on the disk.)
[2018.12.17-21.45.10:715][778]LogDerivedDataCache: Warning: FFileSystemDerivedDataBackend: Temp file is short C:/Users/u0723839/AppData/Local/UnrealEngine/Common/DerivedDataCache/6/5/2/temp.B8AF289C4629C141B8CA5EA13468FFFD!
[2018.12.17-21.45.10:715][778]LogDerivedDataCache: Warning: FFileSystemDerivedDataBackend: Temp file is short C:/Users/u0723839/AppData/Local/UnrealEngine/Common/DerivedDataCache/4/2/3/temp.4E8476274530E2E6B071E48B2565524B!
[2018.12.17-21.45.10:715][778]LogFileManager: Error: Error flushing file: C:/Users/u0723839/AppData/Local/UnrealEngine/Common/DerivedDataCache/4/2/3/temp.6542E2B64AF5E19EA3407D9127D8197C (There is not enough space on the disk.)
[2018.12.17-21.45.10:715][778]LogDerivedDataCache: Warning: FFileSystemDerivedDataBackend: Temp file is short C:/Users/u0723839/AppData/Local/UnrealEngine/Common/DerivedDataCache/4/2/3/temp.6542E2B64AF5E19EA3407D9127D8197C!
[2018.12.17-21.45.10:715][778]LogDerivedDataCache: FDerivedDataBackendAsyncPutWrapper: Put failed, keeping in memory copy NavCollision_B89838347A4348138EE337A847529C5C_NavCollision_X_B36F078240D72D6F7__985C38CCF618E7A251CBDD773602B3481F743CE6.
[2018.12.17-21.45.10:716][778]LogFileManager: Error: Error writing to file: C:/Users/u0723839/AppData/Local/UnrealEngine/Common/DerivedDataCache/6/5/2/temp.0B592ECE4EC9839F62F09F9CBDB6FF43 (There is not enough space on the disk.)
[2018.12.17-21.45.10:716][778]LogDerivedDataCache: Warning: FFileSystemDerivedDataBackend: Temp file is short C:/Users/u0723839/AppData/Local/UnrealEngine/Common/DerivedDataCache/6/5/2/temp.0B592ECE4EC9839F62F09F9CBDB6FF43!
[2018.12.17-21.45.10:716][778]LogDerivedDataCache: FDerivedDataBackendAsyncPutWrapper: Put failed, keeping in memory copy PhysX_A08609EF508D460CBB6710540B03AACF_PhysXPC_B36F078240D72D6F70E9F3A08375A76__C33C1C964C7B2802E1682156F9F21F3984CD52D5.
[2018.12.17-21.45.10:716][778]LogAssetEditorManager: Opening Asset editor for StaticMesh /Game/MACBocks/Man_UV_Joints.Man_UV_Joints
[2018.12.17-21.45.11:238][778]LogFileManager: Error: Error writing to file: C:/Users/u0723839/Documents/GitHub/AssetPipeMaster01/APsec1LargeCityBase/Saved/Config/Windows/EditorPerProjectUserSettings.ini (There is not enough space on the disk.)
[2018.12.17-21.45.11:247][778]LogFileManager: Error: Error writing to file: C:/Users/u0723839/Documents/GitHub/AssetPipeMaster01/APsec1LargeCityBase/Saved/Config/Windows/EditorPerProjectUserSettings.ini (There is not enough space on the disk.)
[2018.12.17-21.45.11:352][778]LogRenderer: Reallocating scene render targets to support 1432x924 Format 10 NumSamples 1 (Frame:1).
[2018.12.17-21.45.11:352][778]LogSlate: Took 0.000342 seconds to synchronously load lazily loaded font '../../../Engine/Content/Slate/Fonts/Roboto-Italic.ttf' (157K)
[2018.12.17-21.45.11:475][781]LogFileManager: Error: Error writing to file: C:/Users/u0723839/Documents/GitHub/AssetPipeMaster01/APsec1LargeCityBase/Saved/Crashes/UE4CC-Windows-4770457A4DF3F7F75289E486BD37C093_0000/CrashContext.runtime-xml (There is not enough space on the disk.)
[2018.12.17-21.45.12:037][785]LogShaderCompilers: Display: Shaders left to compile 0
[2018.12.17-21.45.12:037][785]LogWindows: Windows GetLastError: The operation completed successfully. (0)
[2018.12.17-21.45.12:037][785]LogWindows: Error: === Critical error: ===
[2018.12.17-21.45.12:037][785]LogWindows: Error: 
[2018.12.17-21.45.12:037][785]LogWindows: Error: Fatal error: [File:D:\Build\++UE4\Sync\Engine\Source\Runtime\Engine\Private\ShaderCompiler\ShaderCompiler.cpp] [Line: 1003] 
[2018.12.17-21.45.12:037][785]LogWindows: Error: Shader Compiling thread exception:
[2018.12.17-21.45.12:038][785]LogWindows: Error: Fatal error: [File:D:\Build\++UE4\Sync\Engine\Source\Runtime\Engine\Private\ShaderCompiler\ShaderCompiler.cpp] [Line: 1168] 
[2018.12.17-21.45.12:038][785]LogWindows: Error: Could not write the shader compiler transfer filename to 'C:/Users/u0723839/AppData/Local/Temp/UnrealShaderWorkingDir/3F5901644B85420D6C3AB7B294136BBF/2D4E7FC1C421BC1D8EA8EABBACBD09775' (Free Disk Space: 0.
[2018.12.17-21.45.12:038][785]LogWindows: Error: 
[2018.12.17-21.45.12:038][785]LogWindows: Error: 
[2018.12.17-21.45.12:038][785]LogWindows: Error: [Callstack] 0x00007ffae0a4a388 KERNELBASE.dll!UnknownFunction []
[2018.12.17-21.45.12:038][785]LogWindows: Error: [Callstack] 0x00007ffab9b26850 UE4Editor-ApplicationCore.dll!UnknownFunction []
[2018.12.17-21.45.12:038][785]LogWindows: Error: [Callstack] 0x00007ffa951862ec UE4Editor-Core.dll!UnknownFunction []
[2018.12.17-21.45.12:038][785]LogWindows: Error: [Callstack] 0x00007ffa951151cb UE4Editor-Core.dll!UnknownFunction []
[2018.12.17-21.45.12:038][785]LogWindows: Error: [Callstack] 0x00007ffa860f8caa UE4Editor-Engine.dll!UnknownFunction []
[2018.12.17-21.45.12:038][785]LogWindows: Error: [Callstack] 0x00007ffa860a5897 UE4Editor-Engine.dll!UnknownFunction []
[2018.12.17-21.45.12:038][785]LogWindows: Error: [Callstack] 0x00007ffa860e8208 UE4Editor-Engine.dll!UnknownFunction []
[2018.12.17-21.45.12:038][785]LogWindows: Error: [Callstack] 0x00007ffa953e6b6c UE4Editor-Core.dll!UnknownFunction []
[2018.12.17-21.45.12:038][785]LogWindows: Error: [Callstack] 0x00007ffa953e17b7 UE4Editor-Core.dll!UnknownFunction []
[2018.12.17-21.45.12:038][785]LogWindows: Error: [Callstack] 0x00007ffae3bc3034 KERNEL32.DLL!UnknownFunction []
[2018.12.17-21.45.12:038][785]LogWindows: Error: [Callstack] 0x00007ffae3df1471 ntdll.dll!UnknownFunction []
[2018.12.17-21.45.12:038][785]LogWindows: Error: 
[2018.12.17-21.45.12:038][785]LogWindows: Error: 
[2018.12.17-21.45.12:038][785]LogWindows: Error: 
[2018.12.17-21.45.12:038][785]LogWindows: Error: 
[2018.12.17-21.45.12:062][785]LogExit: Executing StaticShutdownAfterError
[2018.12.17-21.45.12:065][785]LogWindows: FPlatformMisc::RequestExit(1)
[2018.12.17-21.45.12:076][785]Log file closed, 12/17/18 14:45:12
