Log file open, 10/24/18 13:21:40
LogWindows: Failed to load 'aqProf.dll' (GetLastError=126)
LogWindows: File 'aqProf.dll' does not exist
LogWindows: Failed to load 'VtuneApi.dll' (GetLastError=126)
LogWindows: File 'VtuneApi.dll' does not exist
LogWindows: Failed to load 'VtuneApi32e.dll' (GetLastError=126)
LogWindows: File 'VtuneApi32e.dll' does not exist
LogInit: Display: Running engine for game: APsec1LargeCityBase
LogPlatformFile: Not using cached read wrapper
LogTaskGraph: Started task graph with 5 named threads and 23 total threads with 3 sets of task threads.
LogStats: Stats thread started at 0.272717
LogD3D11RHI: Loaded GFSDK_Aftermath_Lib.x64.dll
LogICUInternationalization: Display: ICU TimeZone Detection - Raw Offset: -7:00, Platform Override: ''
LogPluginManager: Mounting plugin Paper2D
LogPluginManager: Mounting plugin AISupport
LogPluginManager: Mounting plugin LightPropagationVolume
LogPluginManager: Mounting plugin CLionSourceCodeAccess
LogPluginManager: Mounting plugin CodeLiteSourceCodeAccess
LogPluginManager: Mounting plugin GitSourceControl
LogPluginManager: Mounting plugin KDevelopSourceCodeAccess
LogPluginManager: Mounting plugin NullSourceCodeAccess
LogPluginManager: Mounting plugin PerforceSourceControl
LogPluginManager: Mounting plugin SubversionSourceControl
LogPluginManager: Mounting plugin UObjectPlugin
LogPluginManager: Mounting plugin VisualStudioCodeSourceCodeAccess
LogPluginManager: Mounting plugin VisualStudioSourceCodeAccess
LogPluginManager: Mounting plugin XCodeSourceCodeAccess
LogPluginManager: Mounting plugin AssetManagerEditor
LogPluginManager: Mounting plugin CryptoKeys
LogPluginManager: Mounting plugin DataValidation
LogPluginManager: Mounting plugin FacialAnimation
LogPluginManager: Mounting plugin GameplayTagsEditor
LogPluginManager: Mounting plugin MacGraphicsSwitching
LogPluginManager: Mounting plugin MeshEditor
LogPluginManager: Mounting plugin MobileLauncherProfileWizard
LogPluginManager: Mounting plugin PluginBrowser
LogPluginManager: Mounting plugin SpeedTreeImporter
LogPluginManager: Mounting plugin DatasmithContent
LogPluginManager: Mounting plugin AlembicImporter
LogPluginManager: Mounting plugin AppleImageUtils
LogPluginManager: Mounting plugin AppleVision
LogPluginManager: Mounting plugin BackChannel
LogPluginManager: Mounting plugin CharacterAI
LogPluginManager: Mounting plugin GeometryCache
LogPluginManager: Mounting plugin HTML5Networking
LogPluginManager: Mounting plugin ProxyLODPlugin
LogPluginManager: Mounting plugin MagicLeap
LogPluginManager: Mounting plugin MagicLeapEmulator
LogPluginManager: Mounting plugin MagicLeapMedia
LogPluginManager: Mounting plugin AndroidMedia
LogPluginManager: Mounting plugin AvfMedia
LogPluginManager: Mounting plugin ImgMedia
LogPluginManager: Mounting plugin LinearTimecode
LogPluginManager: Mounting plugin MediaCompositing
LogPluginManager: Mounting plugin MediaPlayerEditor
LogPluginManager: Mounting plugin WmfMedia
LogPluginManager: Mounting plugin TcpMessaging
LogPluginManager: Mounting plugin UdpMessaging
LogPluginManager: Mounting plugin ActorSequence
LogPluginManager: Mounting plugin LevelSequenceEditor
LogPluginManager: Mounting plugin MatineeToLevelSequence
LogPluginManager: Mounting plugin NetcodeUnitTest
LogPluginManager: Mounting plugin NUTUnrealEngine4
LogPluginManager: Mounting plugin OnlineSubsystemGooglePlay
LogPluginManager: Mounting plugin OnlineSubsystemIOS
LogPluginManager: Mounting plugin OnlineSubsystem
LogPluginManager: Mounting plugin OnlineSubsystemNull
LogPluginManager: Mounting plugin OnlineSubsystemUtils
LogPluginManager: Mounting plugin LauncherChunkInstaller
LogPluginManager: Mounting plugin AndroidDeviceProfileSelector
LogPluginManager: Mounting plugin AndroidMoviePlayer
LogPluginManager: Mounting plugin AndroidPermission
LogPluginManager: Mounting plugin AppleMoviePlayer
LogPluginManager: Mounting plugin ArchVisCharacter
LogPluginManager: Mounting plugin AudioCapture
LogPluginManager: Mounting plugin CableComponent
LogPluginManager: Mounting plugin CustomMeshComponent
LogPluginManager: Mounting plugin EditableMesh
LogPluginManager: Mounting plugin ExampleDeviceProfileSelector
LogPluginManager: Mounting plugin GoogleCloudMessaging
LogPluginManager: Mounting plugin ImmediatePhysics
LogPluginManager: Mounting plugin IOSDeviceProfileSelector
LogPluginManager: Mounting plugin LinuxDeviceProfileSelector
LogPluginManager: Mounting plugin LocationServicesBPLibrary
LogPluginManager: Mounting plugin MobilePatchingUtils
LogPluginManager: Mounting plugin OculusVR
LogPluginManager: Plugin shader directory ../../../Engine/Plugins/Runtime/Oculus/OculusVR/Shaders found
LogPluginManager: Mapping shader source directory ../../../Engine/Plugins/Runtime/Oculus/OculusVR/Shaders to virtual directory /Plugin/OculusVR
LogPluginManager: Mounting plugin PhysXVehicles
LogPluginManager: Mounting plugin ProceduralMeshComponent
LogPluginManager: Mounting plugin RuntimePhysXCooking
LogPluginManager: Mounting plugin SteamVR
LogPluginManager: Mounting plugin WindowsMoviePlayer
LogStreaming: Display: Took  0.086s to configure plugins.
LogInit: Using libcurl 7.55.1-DEV
LogInit:  - built for x86_64-pc-win32
LogInit:  - supports SSL with OpenSSL/1.0.2h
LogInit:  - supports HTTP deflate (compression) using libz 1.2.8
LogInit:  - other features:
LogInit:      CURL_VERSION_SSL
LogInit:      CURL_VERSION_LIBZ
LogInit:      CURL_VERSION_IPV6
LogInit:      CURL_VERSION_ASYNCHDNS
LogInit:      CURL_VERSION_LARGEFILE
LogInit:      CURL_VERSION_IDN
LogInit:  CurlRequestOptions (configurable via config and command line):
LogInit:  - bVerifyPeer = false  - Libcurl will NOT verify peer certificate
LogInit:  - bUseHttpProxy = false  - Libcurl will NOT use HTTP proxy
LogInit:  - bDontReuseConnections = false  - Libcurl will reuse connections
LogInit:  - CertBundlePath = nullptr  - Libcurl will use whatever was configured at build time.
LogInit:  - MaxHostConnections = 16  - Libcurl will limit the number of connections to a host
LogInit:  - LocalHostAddr = Default
LogInit:  - BufferSize = 65536
LogInit: WinSock: version 1.1 (2.2), MaxSocks=32767, MaxUdp=65467
LogInit: Build: ++UE4+Release-4.20-CL-4212847
LogInit: Engine Version: 4.20.2-4212847+++UE4+Release-4.20
LogInit: Compatible Engine Version: 4.20.0-4212847+++UE4+Release-4.20
LogInit: Net CL: 4212847
LogInit: OS: Windows 10 (), CPU: Intel(R) Core(TM) i7-8809G CPU @ 3.10GHz, GPU: Radeon RX Vega M GH Graphics
LogInit: Compiled (64-bit): Jul 14 2018 09:51:14
LogInit: Compiled with Visual C++: 19.13.26129.00
LogInit: Build Configuration: Development
LogInit: Branch Name: ++UE4+Release-4.20
LogInit: Command Line:  
LogInit: Base Directory: C:/Program Files/Epic Games/UE_4.20/Engine/Binaries/Win64/
LogInit: Installed Engine Build: 1
LogDevObjectVersion: Number of dev versions registered: 20
LogDevObjectVersion:   Dev-Blueprints (B0D832E4-1F89-4F0D-ACCF-7EB736FD4AA2): 10
LogDevObjectVersion:   Dev-Build (E1C64328-A22C-4D53-A36C-8E866417BD8C): 0
LogDevObjectVersion:   Dev-Core (375EC13C-06E4-48FB-B500-84F0262A717E): 2
LogDevObjectVersion:   Dev-Editor (E4B068ED-F494-42E9-A231-DA0B2E46BB41): 24
LogDevObjectVersion:   Dev-Framework (CFFC743F-43B0-4480-9391-14DF171D2073): 34
LogDevObjectVersion:   Dev-Mobile (B02B49B5-BB20-44E9-A304-32B752E40360): 2
LogDevObjectVersion:   Dev-Networking (A4E4105C-59A1-49B5-A7C5-40C4547EDFEE): 0
LogDevObjectVersion:   Dev-Online (39C831C9-5AE6-47DC-9A44-9C173E1C8E7C): 0
LogDevObjectVersion:   Dev-Physics (78F01B33-EBEA-4F98-B9B4-84EACCB95AA2): 0
LogDevObjectVersion:   Dev-Platform (6631380F-2D4D-43E0-8009-CF276956A95A): 0
LogDevObjectVersion:   Dev-Rendering (12F88B9F-8875-4AFC-A67C-D90C383ABD29): 26
LogDevObjectVersion:   Dev-Sequencer (7B5AE74C-D270-4C10-A958-57980B212A5A): 9
LogDevObjectVersion:   Dev-VR (D7296918-1DD6-4BDD-9DE2-64A83CC13884): 2
LogDevObjectVersion:   Dev-LoadTimes (C2A15278-BFE7-4AFE-6C17-90FF531DF755): 1
LogDevObjectVersion:   Private-Geometry (6EACA3D4-40EC-4CC1-B786-8BED09428FC5): 3
LogDevObjectVersion:   Dev-AnimPhys (29E575DD-E0A3-4627-9D10-D276232CDCEA): 17
LogDevObjectVersion:   Dev-ReflectionCapture (6B266CEC-1EC7-4B8F-A30B-E4D90942FC07): 1
LogDevObjectVersion:   Dev-Automation (0DF73D61-A23F-47EA-B727-89E90C41499A): 1
LogDevObjectVersion:   FortniteMain (601D1886-AC64-4F84-AA16-D3DE0DEAC7D6): 12
LogDevObjectVersion:   Dev-Enterprise (9DFFBCD6-494F-0158-E221-12823C92A888): 1
LogStreaming: Display: Took  0.003s to delete old logs.
LogInit: Presizing for max 8388607 objects, including 0 objects not considered by GC, pre-allocating 0 bytes for permanent pool.
LogInit: Object subsystem initialized
[2018.10.24-19.21.40:276][  0]LogInit: Selected Device Profile: [Windows]
[2018.10.24-19.21.40:276][  0]LogInit: Applying CVar settings loaded from the selected device profile: [Windows]
[2018.10.24-19.21.40:287][  0]LogHAL: Display: Platform has ~ 16 GB [17094848512 / 17179869184 / 16], which maps to Larger [LargestMinGB=32, LargerMinGB=12, DefaultMinGB=8, SmallerMinGB=6, SmallestMinGB=0)
[2018.10.24-19.21.40:287][  0]LogInit: Setting Device Profile CVar: [[r.Vulkan.UseRealUBs:1]]
[2018.10.24-19.21.40:287][  0]LogInit: Going up to parent DeviceProfile []
[2018.10.24-19.21.40:288][  0]LogInit: Computer: eae-n-020
[2018.10.24-19.21.40:288][  0]LogInit: User: u0905990
[2018.10.24-19.21.40:288][  0]LogInit: CPU Page size=4096, Cores=4
[2018.10.24-19.21.40:288][  0]LogInit: High frequency timer resolution =3.023438 MHz
[2018.10.24-19.21.40:288][  0]LogMemory: Memory total: Physical=15.9GB (16GB approx)
[2018.10.24-19.21.40:288][  0]LogMemory: Platform Memory Stats for Windows
[2018.10.24-19.21.40:288][  0]LogMemory: Process Physical Memory: 100.31 MB used, 100.31 MB peak
[2018.10.24-19.21.40:288][  0]LogMemory: Process Virtual Memory: 90.88 MB used, 90.88 MB peak
[2018.10.24-19.21.40:288][  0]LogMemory: Physical Memory: 5411.08 MB used,  10891.84 MB free, 16302.92 MB total
[2018.10.24-19.21.40:288][  0]LogMemory: Virtual Memory: 4640.45 MB used,  10891.84 MB free, 134217728.00 MB total
[2018.10.24-19.21.40:301][  0]LogInit: Using OS detected language (en-US).
[2018.10.24-19.21.40:301][  0]LogInit: Using OS detected locale (en-US).
[2018.10.24-19.21.40:301][  0]LogTextLocalizationManager: No specific localization for 'en-US' exists, so the 'en' localization will be used.
[2018.10.24-19.21.40:617][  0]LogStreaming: Display: Took  0.315s to InitEngineTextLocalization.
[2018.10.24-19.21.40:617][  0]LogInit: Setting process to per monitor DPI aware
[2018.10.24-19.21.40:654][  0]LogSlate: New Slate User Created.  User Index 0, Is Virtual User: 0
[2018.10.24-19.21.40:654][  0]LogSlate: Slate User Registered.  User Index 0, Is Virtual User: 0
[2018.10.24-19.21.40:846][  0]LogHMD: Failed to initialize OpenVR with code 110
[2018.10.24-19.21.40:846][  0]LogD3D11RHI: D3D11 adapters:
[2018.10.24-19.21.40:873][  0]LogD3D11RHI:    0. 'Radeon RX Vega M GH Graphics' (Feature Level 11_0)
[2018.10.24-19.21.40:873][  0]LogD3D11RHI:       4042/0/8151 MB DedicatedVideo/DedicatedSystem/SharedSystem, Outputs:1, VendorId:0x1002
[2018.10.24-19.21.40:894][  0]LogD3D11RHI:    1. 'Intel(R) HD Graphics 630' (Feature Level 11_0)
[2018.10.24-19.21.40:894][  0]LogD3D11RHI:       128/0/8151 MB DedicatedVideo/DedicatedSystem/SharedSystem, Outputs:0, VendorId:0x8086
[2018.10.24-19.21.40:895][  0]LogD3D11RHI:    2. 'Microsoft Basic Render Driver' (Feature Level 11_0)
[2018.10.24-19.21.40:895][  0]LogD3D11RHI:       0/0/8151 MB DedicatedVideo/DedicatedSystem/SharedSystem, Outputs:0, VendorId:0x1414
[2018.10.24-19.21.40:895][  0]LogD3D11RHI: Chosen D3D11 Adapter: 0
[2018.10.24-19.21.40:901][  0]LogD3D11RHI: Creating new Direct3DDevice
[2018.10.24-19.21.40:901][  0]LogD3D11RHI:     GPU DeviceId: 0x694c (for the marketing name, search the web for "GPU Device Id")
[2018.10.24-19.21.40:901][  0]LogWindows: EnumDisplayDevices:
[2018.10.24-19.21.40:901][  0]LogWindows:    0. 'Radeon RX Vega M GH Graphics' (P:1 D:1)
[2018.10.24-19.21.40:902][  0]LogWindows:    1. 'Radeon RX Vega M GH Graphics' (P:0 D:0)
[2018.10.24-19.21.40:902][  0]LogWindows:    2. 'Radeon RX Vega M GH Graphics' (P:0 D:0)
[2018.10.24-19.21.40:902][  0]LogWindows:    3. 'Radeon RX Vega M GH Graphics' (P:0 D:0)
[2018.10.24-19.21.40:902][  0]LogWindows:    4. 'Radeon RX Vega M GH Graphics' (P:0 D:0)
[2018.10.24-19.21.40:903][  0]LogWindows:    5. 'Radeon RX Vega M GH Graphics' (P:0 D:0)
[2018.10.24-19.21.40:903][  0]LogWindows:    6. 'Radeon RX Vega M GH Graphics' (P:0 D:0)
[2018.10.24-19.21.40:903][  0]LogWindows:    7. 'Radeon RX Vega M GH Graphics' (P:0 D:0)
[2018.10.24-19.21.40:903][  0]LogWindows:    8. 'Radeon RX Vega M GH Graphics' (P:0 D:0)
[2018.10.24-19.21.40:904][  0]LogWindows:    9. 'Radeon RX Vega M GH Graphics' (P:0 D:0)
[2018.10.24-19.21.40:904][  0]LogWindows:    10. 'Radeon RX Vega M GH Graphics' (P:0 D:0)
[2018.10.24-19.21.40:904][  0]LogWindows:    11. 'Radeon RX Vega M GH Graphics' (P:0 D:0)
[2018.10.24-19.21.40:904][  0]LogWindows:    12. 'Radeon RX Vega M GH Graphics' (P:0 D:0)
[2018.10.24-19.21.40:904][  0]LogWindows:    13. 'Radeon RX Vega M GH Graphics' (P:0 D:0)
[2018.10.24-19.21.40:905][  0]LogWindows:    14. 'Radeon RX Vega M GH Graphics' (P:0 D:0)
[2018.10.24-19.21.40:905][  0]LogWindows:    15. 'Radeon RX Vega M GH Graphics' (P:0 D:0)
[2018.10.24-19.21.40:905][  0]LogWindows:    16. 'Intel(R) HD Graphics 630' (P:0 D:0)
[2018.10.24-19.21.40:906][  0]LogWindows:    17. 'Intel(R) HD Graphics 630' (P:0 D:0)
[2018.10.24-19.21.40:906][  0]LogWindows: DebugString: PrimaryIsNotTheChoosenAdapter PrimaryIsNotTheChoosenAdapter FoundDriverCount:16 
[2018.10.24-19.21.40:906][  0]LogD3D11RHI:     Adapter Name: Radeon RX Vega M GH Graphics
[2018.10.24-19.21.40:906][  0]LogD3D11RHI:   Driver Version: Adrenalin 18.5.1 (internal:24.20.11016.4, unified:24.20.11016.4)
[2018.10.24-19.21.40:906][  0]LogD3D11RHI:      Driver Date: 5-16-2018
[2018.10.24-19.21.40:906][  0]LogRHI: Texture pool is 2829 MB (70% of 4042 MB)
[2018.10.24-19.21.41:055][  0]LogD3D11RHI: Async texture creation enabled
[2018.10.24-19.21.41:065][  0]LogD3D11RHI: GPU Timing Frequency: 25.000000 (Debug: 2 1)
[2018.10.24-19.21.41:066][  0]LogShaderCompilers: Guid format shader working directory is -38 characters bigger than the processId version (../../../../../../Users/u0905990/Documents/GitHub/AssetPipeMaster01/APsec1LargeCityBase/Intermediate/Shaders/WorkingDirectory/2616/).
[2018.10.24-19.21.41:066][  0]LogShaderCompilers: Cleaned the shader compiler working directory 'C:/Users/u0905990/AppData/Local/Temp/UnrealShaderWorkingDir/62006EDA43C2ED0641663295E3C22357/'.
[2018.10.24-19.21.41:302][  0]LogTemp: Display: Loaded TP AllDesktopTargetPlatform
[2018.10.24-19.21.41:314][  0]LogTemp: Display: Loaded TP MacClientTargetPlatform
[2018.10.24-19.21.41:325][  0]LogTemp: Display: Loaded TP MacNoEditorTargetPlatform
[2018.10.24-19.21.41:337][  0]LogTemp: Display: Loaded TP MacServerTargetPlatform
[2018.10.24-19.21.41:349][  0]LogTemp: Display: Loaded TP MacTargetPlatform
[2018.10.24-19.21.41:361][  0]LogTemp: Display: Loaded TP WindowsClientTargetPlatform
[2018.10.24-19.21.41:373][  0]LogTemp: Display: Loaded TP WindowsNoEditorTargetPlatform
[2018.10.24-19.21.41:386][  0]LogTemp: Display: Loaded TP WindowsServerTargetPlatform
[2018.10.24-19.21.41:391][  0]LogTemp: Display: Loaded TP WindowsTargetPlatform
[2018.10.24-19.21.41:460][  0]LogTemp: Display: Loaded TP AndroidTargetPlatform
[2018.10.24-19.21.41:460][  0]LogTemp: Display: Loaded TP AndroidTargetPlatform
[2018.10.24-19.21.41:460][  0]LogTemp: Display: Loaded TP AndroidTargetPlatform
[2018.10.24-19.21.41:460][  0]LogTemp: Display: Loaded TP AndroidTargetPlatform
[2018.10.24-19.21.41:460][  0]LogTemp: Display: Loaded TP AndroidTargetPlatform
[2018.10.24-19.21.41:460][  0]LogTemp: Display: Loaded TP AndroidTargetPlatform
[2018.10.24-19.21.41:460][  0]LogTemp: Display: Loaded TP AndroidTargetPlatform
[2018.10.24-19.21.41:460][  0]LogTemp: Display: Loaded TP AndroidTargetPlatform
[2018.10.24-19.21.41:460][  0]LogTemp: Display: Loaded TP AndroidTargetPlatform
[2018.10.24-19.21.41:460][  0]LogTemp: Display: Loaded TP AndroidTargetPlatform
[2018.10.24-19.21.41:460][  0]LogTemp: Display: Loaded TP AndroidTargetPlatform
[2018.10.24-19.21.41:460][  0]LogTemp: Display: Loaded TP AndroidTargetPlatform
[2018.10.24-19.21.41:460][  0]LogTemp: Display: Loaded TP AndroidTargetPlatform
[2018.10.24-19.21.41:460][  0]LogTemp: Display: Loaded TP AndroidTargetPlatform
[2018.10.24-19.21.41:460][  0]LogTemp: Display: Loaded TP AndroidTargetPlatform
[2018.10.24-19.21.41:460][  0]LogTemp: Display: Loaded TP AndroidTargetPlatform
[2018.10.24-19.21.41:460][  0]LogTemp: Display: Loaded TP AndroidTargetPlatform
[2018.10.24-19.21.41:460][  0]LogTemp: Display: Loaded TP AndroidTargetPlatform
[2018.10.24-19.21.41:461][  0]LogTemp: Display: Loaded TP HTML5TargetPlatform
[2018.10.24-19.21.41:517][  0]LogTemp: Display: Loaded TP IOSTargetPlatform
[2018.10.24-19.21.41:517][  0]LogTemp: Display: Loaded TP IOSTargetPlatform
[2018.10.24-19.21.41:537][  0]LogTemp: Display: Loaded TP TVOSTargetPlatform
[2018.10.24-19.21.41:537][  0]LogTemp: Display: Loaded TP TVOSTargetPlatform
[2018.10.24-19.21.41:547][  0]LogTemp: Display: Loaded TP LinuxClientTargetPlatform
[2018.10.24-19.21.41:558][  0]LogTemp: Display: Loaded TP LinuxNoEditorTargetPlatform
[2018.10.24-19.21.41:573][  0]LogTemp: Display: Loaded TP LinuxServerTargetPlatform
[2018.10.24-19.21.41:585][  0]LogTemp: Display: Loaded TP LinuxTargetPlatform
[2018.10.24-19.21.41:594][  0]LogTemp: Display: Loaded TP LuminTargetPlatform
[2018.10.24-19.21.41:594][  0]LogTargetPlatformManager: Display: Building Assets For Windows
[2018.10.24-19.21.41:649][  0]LogXGEController: Cannot use XGE Controller as Incredibuild is not installed on this machine.
[2018.10.24-19.21.41:649][  0]LogShaderCompilers: Cannot use XGE Shader Compiler as Incredibuild is not installed on this machine.
[2018.10.24-19.21.41:649][  0]LogShaderCompilers: Display: Using Local Shader Compiler.
[2018.10.24-19.21.42:267][  0]LogDerivedDataCache: Display: Max Cache Size: 512 MB
[2018.10.24-19.21.42:327][  0]LogDerivedDataCache: Loaded boot cache 0.06s 71MB C:/Users/u0905990/AppData/Local/UnrealEngine/4.20/DerivedDataCache/Boot.ddc.
[2018.10.24-19.21.42:327][  0]LogDerivedDataCache: Display: Loaded Boot cache: C:/Users/u0905990/AppData/Local/UnrealEngine/4.20/DerivedDataCache/Boot.ddc
[2018.10.24-19.21.42:327][  0]LogDerivedDataCache: FDerivedDataBackendGraph:  Pak pak cache file ../../../../../../Users/u0905990/Documents/GitHub/AssetPipeMaster01/APsec1LargeCityBase/DerivedDataCache/DDC.ddp not found, will not use a pak cache.
[2018.10.24-19.21.42:327][  0]LogDerivedDataCache: Unable to find inner node Pak for hierarchical cache Hierarchy.
[2018.10.24-19.21.42:327][  0]LogDerivedDataCache: FDerivedDataBackendGraph:  CompressedPak pak cache file ../../../../../../Users/u0905990/Documents/GitHub/AssetPipeMaster01/APsec1LargeCityBase/DerivedDataCache/Compressed.ddp not found, will not use a pak cache.
[2018.10.24-19.21.42:327][  0]LogDerivedDataCache: Unable to find inner node CompressedPak for hierarchical cache Hierarchy.
[2018.10.24-19.21.42:337][  0]LogDerivedDataCache: Display: Pak cache opened for reading ../../../Engine/DerivedDataCache/Compressed.ddp.
[2018.10.24-19.21.42:350][  0]LogDerivedDataCache: Using Local data cache path C:/Users/u0905990/AppData/Local/UnrealEngine/Common/DerivedDataCache: Writable
[2018.10.24-19.21.42:350][  0]LogDerivedDataCache: Shared data cache path not found in *engine.ini, will not use an Shared cache.
[2018.10.24-19.21.42:350][  0]LogDerivedDataCache: Unable to find inner node Shared for hierarchical cache Hierarchy.
[2018.10.24-19.21.42:364][  0]LogMaterial: Verifying Global Shaders for PCD3D_SM5
[2018.10.24-19.21.42:365][  0]LogSlate: Using FreeType 2.6.0
[2018.10.24-19.21.42:366][  0]LogSlate: SlateFontServices - WITH_FREETYPE: 1, WITH_HARFBUZZ: 1
[2018.10.24-19.21.42:439][  0]LogAssetRegistry: FAssetRegistry took 0.0256 seconds to start up
[2018.10.24-19.21.42:729][  0]LogInit: Selected Device Profile: [Windows]
[2018.10.24-19.21.42:847][  0]LogSimplygon: Simplygon DLL not present - disabling.
[2018.10.24-19.21.42:850][  0]LogMeshReduction: Using SimplygonSwarm for distributed automatic mesh merging
[2018.10.24-19.21.42:850][  0]LogMeshReduction: Using ProxyLODMeshReduction for automatic mesh merging
[2018.10.24-19.21.42:850][  0]LogMeshReduction: Using QuadricMeshReduction for automatic static mesh reduction
[2018.10.24-19.21.42:850][  0]LogMeshReduction: No automatic skeletal mesh reduction module available
[2018.10.24-19.21.42:866][  0]LogNetVersion: APsec1LargeCityBase 1.0.0, NetCL: 4212847, EngineNetVer: 5, GameNetVer: 0 (Checksum: 1121110827)
[2018.10.24-19.21.43:352][  0]LogPackageLocalizationCache: Processed 11 localized package path(s) for 2 prioritized culture(s) in 0.098520 seconds
[2018.10.24-19.21.43:358][  0]LogUObjectArray: 38425 objects as part of root set at end of initial load.
[2018.10.24-19.21.43:358][  0]LogUObjectAllocator: 6690864 out of 0 bytes used by permanent object pool.
[2018.10.24-19.21.43:358][  0]LogUObjectArray: CloseDisregardForGC: 0/0 objects in disregard for GC pool
[2018.10.24-19.21.44:096][  0]LogTcpMessaging: Initializing TcpMessaging bridge
[2018.10.24-19.21.44:110][  0]LogUdpMessaging: Initializing bridge on interface 0.0.0.0:0 to multicast group 230.0.0.1:6666.
[2018.10.24-19.21.44:240][  0]SourceControl: Source control is disabled
[2018.10.24-19.21.44:240][  0]SourceControl: Source control is disabled
[2018.10.24-19.21.44:241][  0]SourceControl: Source control is disabled
[2018.10.24-19.21.44:242][  0]SourceControl: Source control is disabled
[2018.10.24-19.21.44:393][  0]LogAndroidPermission: UAndroidPermissionCallbackProxy::GetInstance
[2018.10.24-19.21.44:462][  0]LogOcInput: OculusInput pre-init called
[2018.10.24-19.21.44:518][  0]LogEngine: Initializing Engine...
[2018.10.24-19.21.44:519][  0]LogHMD: Failed to initialize OpenVR with code 110
[2018.10.24-19.21.44:520][  0]LogStats: UGameplayTagsManager::ConstructGameplayTagTree: ImportINI prefixes -  0.000 s
[2018.10.24-19.21.44:520][  0]LogStats: UGameplayTagsManager::ConstructGameplayTagTree: Construct from data asset -  0.000 s
[2018.10.24-19.21.44:520][  0]LogStats: UGameplayTagsManager::ConstructGameplayTagTree: ImportINI -  0.000 s
[2018.10.24-19.21.44:520][  0]LogStats: UGameplayTagsManager::ConstructGameplayTagTree: GameplayTagTreeChangedEvent.Broadcast -  0.000 s
[2018.10.24-19.21.44:711][  0]LogInit: Initializing FReadOnlyCVARCache
[2018.10.24-19.21.44:725][  0]LogAIModule: Creating AISystem for world Untitled
[2018.10.24-19.21.44:749][  0]LogInit: XAudio2 using '5 - DELL UZ2315H (AMD High Definition Audio Device)' : 2 channels at 48 kHz using 16 bits per sample (channel mask 0x3)
[2018.10.24-19.21.44:761][  0]LogInit: FAudioDevice initialized.
[2018.10.24-19.21.44:761][  0]LogNetVersion: Set ProjectVersion to 1.0.0.0. Version Checksum will be recalculated on next use.
[2018.10.24-19.21.44:844][  0]LogDerivedDataCache: Saved boot cache 0.08s 71MB C:/Users/u0905990/AppData/Local/UnrealEngine/4.20/DerivedDataCache/Boot.ddc.
[2018.10.24-19.21.44:854][  0]LogInit: Texture streaming: Enabled
[2018.10.24-19.21.44:870][  0]LogEngineSessionManager: EngineSessionManager initialized
[2018.10.24-19.21.44:882][  0]LogInit: Transaction tracking system initialized
[2018.10.24-19.21.44:903][  0]BlueprintLog: New page: Editor Load
[2018.10.24-19.21.44:970][  0]LocalizationService: Localization service is disabled
[2018.10.24-19.21.45:207][  0]LogCook: Display: Max memory allowance for cook 16384mb min free memory 0mb
[2018.10.24-19.21.45:207][  0]LogCook: Display: Mobile HDR setting 1
[2018.10.24-19.21.45:207][  0]LogGameplayTags: Display: UGameplayTagsManager::DoneAddingNativeTags. DelegateIsBound: 0
[2018.10.24-19.21.45:207][  0]LogStats: UGameplayTagsManager::ConstructGameplayTagTree: ImportINI prefixes -  0.000 s
[2018.10.24-19.21.45:207][  0]LogStats: UGameplayTagsManager::ConstructGameplayTagTree: Construct from data asset -  0.000 s
[2018.10.24-19.21.45:207][  0]LogStats: UGameplayTagsManager::ConstructGameplayTagTree: ImportINI -  0.000 s
[2018.10.24-19.21.45:207][  0]LogStats: UGameplayTagsManager::ConstructGameplayTagTree: GameplayTagTreeChangedEvent.Broadcast -  0.000 s
[2018.10.24-19.21.45:318][  0]LogFileCache: Scanning file cache for directory 'C:/Users/u0905990/Documents/GitHub/AssetPipeMaster01/APsec1LargeCityBase/Content/' took 0.01s
[2018.10.24-19.21.45:318][  0]SourceControl: Source control is disabled
[2018.10.24-19.21.45:319][  0]Cmd: MAP LOAD FILE="../../../Engine/Content/Maps/Templates/Template_Default.umap" TEMPLATE=1 SHOWPROGRESS=1 FEATURELEVEL=3
[2018.10.24-19.21.45:319][  0]LightingResults: New page: Lighting Build
[2018.10.24-19.21.45:322][  0]MapCheck: New page: Map Check
[2018.10.24-19.21.45:322][  0]LightingResults: New page: Lighting Build
[2018.10.24-19.21.45:498][  0]LogAIModule: Creating AISystem for world Untitled_1
[2018.10.24-19.21.45:504][  0]LogEditorServer: Finished looking for orphan Actors (0.000 secs)
[2018.10.24-19.21.45:522][  0]Cmd: MAP CHECKDEP NOCLEARLOG
[2018.10.24-19.21.45:578][  0]MapCheck: Map check complete: 0 Error(s), 0 Warning(s), took 55.558ms to complete.
[2018.10.24-19.21.45:578][  0]LogFileHelpers: Loading map 'Template_Default' took 0.259
[2018.10.24-19.21.45:668][  0]LogSlate: Updating window title bar state: overlay mode, drag disabled, window buttons hidden, title bar hidden
[2018.10.24-19.21.45:674][  0]LogSlate: Updating window title bar state: overlay mode, drag disabled, window buttons hidden, title bar hidden
[2018.10.24-19.21.45:679][  0]LogSlate: Updating window title bar state: overlay mode, drag disabled, window buttons hidden, title bar hidden
[2018.10.24-19.21.45:685][  0]LogSlate: Updating window title bar state: overlay mode, drag disabled, window buttons hidden, title bar hidden
[2018.10.24-19.21.45:690][  0]LogCollectionManager: Loaded 0 collections in 0.001468 seconds
[2018.10.24-19.21.45:732][  0]LogFileCache: Scanning file cache for directory 'C:/Users/u0905990/Documents/GitHub/AssetPipeMaster01/APsec1LargeCityBase/Saved/Collections/' took 0.01s
[2018.10.24-19.21.45:732][  0]LogFileCache: Scanning file cache for directory 'C:/Users/u0905990/Documents/GitHub/AssetPipeMaster01/APsec1LargeCityBase/Content/Developers/u0905990/Collections/' took 0.01s
[2018.10.24-19.21.45:732][  0]LogFileCache: Scanning file cache for directory 'C:/Users/u0905990/Documents/GitHub/AssetPipeMaster01/APsec1LargeCityBase/Content/Collections/' took 0.01s
[2018.10.24-19.21.45:732][  0]LogCollectionManager: Rebuilt the GUID cache for 0 collections in 0.000000 seconds
[2018.10.24-19.21.45:739][  0]LogContentBrowser: Native class hierarchy populated in 0.0075 seconds. Added 2572 classes and 603 folders.
[2018.10.24-19.21.45:745][  0]LogContentBrowser: Native class hierarchy updated for 'WidgetCarousel' in 0.0002 seconds. Added 0 classes and 0 folders.
[2018.10.24-19.21.45:785][  0]LogContentBrowser: Native class hierarchy updated for 'AddContentDialog' in 0.0002 seconds. Added 0 classes and 0 folders.
[2018.10.24-19.21.45:789][  0]LogContentBrowser: Native class hierarchy updated for 'SceneOutliner' in 0.0002 seconds. Added 1 classes and 2 folders.
[2018.10.24-19.21.45:830][  0]LogContentBrowser: Native class hierarchy updated for 'HierarchicalLODOutliner' in 0.0002 seconds. Added 0 classes and 0 folders.
[2018.10.24-19.21.45:830][  0]LogLoad: (Engine Initialization) Total time: 7.11 seconds
[2018.10.24-19.21.45:830][  0]LogLoad: (Engine Initialization) Total Blueprint compile time: 0.00 seconds
[2018.10.24-19.21.45:842][  0]LogWindowsTextInputMethodSystem: Display: IME system now deactivated.
[2018.10.24-19.21.45:860][  0]LogAssetRegistry: Asset discovery search completed in 3.4424 seconds
[2018.10.24-19.21.45:861][  0]LogCollectionManager: Rebuilt the object cache for 0 collections in 0.000000 seconds (found 0 objects)
[2018.10.24-19.21.45:861][  0]LogCollectionManager: Fixed up redirectors for 0 collections in 0.000040 seconds (updated 0 objects)
[2018.10.24-19.21.45:862][  0]LogContentStreaming: Texture pool size now 1000 MB
[2018.10.24-19.21.45:868][  0]LogSlate: Took 0.000286 seconds to synchronously load lazily loaded font '../../../Engine/Content/Slate/Fonts/Roboto-Regular.ttf' (155K)
[2018.10.24-19.21.45:869][  0]LogSlate: Took 0.000128 seconds to synchronously load lazily loaded font '../../../Engine/Content/Slate/Fonts/Roboto-Bold.ttf' (160K)
[2018.10.24-19.21.45:873][  0]LogSlate: Took 0.000114 seconds to synchronously load lazily loaded font '../../../Engine/Content/Editor/Slate/Fonts/FontAwesome.ttf' (139K)
[2018.10.24-19.21.45:937][  0]LogSlate: Took 0.000176 seconds to synchronously load lazily loaded font '../../../Engine/Content/Slate/Fonts/Roboto-Light.ttf' (167K)
[2018.10.24-19.21.45:992][  2]LogRenderer: Reallocating scene render targets to support 804x360 Format 10 NumSamples 1 (Frame:1).
[2018.10.24-19.21.46:862][ 97]LogSlate: Took 0.000233 seconds to synchronously load lazily loaded font '../../../Engine/Content/Slate/Fonts/Roboto-Light.ttf' (167K)
[2018.10.24-19.21.49:158][356]LogRenderer: Reallocating scene render targets to support 1208x576 Format 10 NumSamples 1 (Frame:358).
[2018.10.24-19.21.50:980][572]LogSlate: FSceneViewport::OnFocusLost() reason 0
[2018.10.24-19.21.55:800][150]LogSlate: FSceneViewport::OnFocusLost() reason 0
[2018.10.24-19.21.56:142][166]LogAIModule: Creating AISystem for world StreetSceneLarge_MMM
[2018.10.24-19.21.56:170][166]LogAssetEditorManager: Opening Asset editor for World /Game/StreetSceneLarge_MMM.StreetSceneLarge_MMM
[2018.10.24-19.21.56:192][166]Cmd: MAP LOAD FILE="../../../../../../Users/u0905990/Documents/GitHub/AssetPipeMaster01/APsec1LargeCityBase/Content/StreetSceneLarge_MMM.umap" TEMPLATE=0 SHOWPROGRESS=1 FEATURELEVEL=3
[2018.10.24-19.21.56:192][166]LightingResults: New page: Lighting Build
[2018.10.24-19.21.56:192][166]LoadErrors: New page: Loading map: StreetSceneLarge_MMM.umap
[2018.10.24-19.21.56:193][166]MapCheck: New page: Map Check
[2018.10.24-19.21.56:193][166]LightingResults: New page: Lighting Build
[2018.10.24-19.21.56:227][166]LogEditorServer: Finished looking for orphan Actors (0.000 secs)
[2018.10.24-19.21.56:269][166]Cmd: MAP CHECKDEP NOCLEARLOG
[2018.10.24-19.21.56:330][166]MapCheck: Map check complete: 0 Error(s), 0 Warning(s), took 61.905ms to complete.
[2018.10.24-19.21.56:330][166]LogFileHelpers: Loading map 'StreetSceneLarge_MMM' took 0.140
[2018.10.24-19.24.05:767][538]LogLinker: Warning: Can't find file '/Game/Car/Wood_Texture'
[2018.10.24-19.24.05:767][538]LogLinker: Warning: Can't find file for asset '/Game/Car/Wood_Texture' while loading ../../../../../../Users/u0905990/Documents/GitHub/AssetPipeMaster01/APsec1LargeCityBase/Content/Marcellano_Mascarenas/Car/blinn4SG.uasset.
[2018.10.24-19.24.05:767][538]LoadErrors: Error: /Game/Marcellano_Mascarenas/Car/blinn4SG : Can't find file for asset. /Game/Car/Wood_Texture
[2018.10.24-19.24.05:767][538]LogLinker: Warning: Can't find file '/Game/Car/Wood_Texture'
[2018.10.24-19.24.05:767][538]LogLinker: Warning: Can't find file for asset '/Game/Car/Wood_Texture' while loading ../../../../../../Users/u0905990/Documents/GitHub/AssetPipeMaster01/APsec1LargeCityBase/Content/Marcellano_Mascarenas/Car/blinn4SG.uasset.
[2018.10.24-19.24.05:768][538]LogLinker: Warning: Can't find file '/Game/Car/Wood_Texture'
[2018.10.24-19.24.05:768][538]LoadErrors: Failed to load /Game/Car/Wood_Texture.Wood_Texture Referenced by MaterialExpressionTextureSample_0
[2018.10.24-19.24.05:768][538]LogLinker: Warning: Can't find file for asset '/Game/Car/Wood_Texture' while loading NULL.
[2018.10.24-19.24.05:770][538]LogMaterial: Display: Missing cached shader map for material blinn4SG, compiling. 
[2018.10.24-19.24.05:770][538]LogMaterial: Warning: C:\Users\u0905990\Documents\GitHub\AssetPipeMaster01\APsec1LargeCityBase\Content\Marcellano_Mascarenas\Car\blinn4SG.uasset: Failed to compile Material for platform PCD3D_SM5, Default Material will be used in game.
[2018.10.24-19.24.05:770][538]LogMaterial: 	(Node TextureSample) Texture Sample> Missing input texture
[2018.10.24-19.24.05:772][538]LogLinker: Warning: Can't find file '/Game/Car/Wood_Texture'
[2018.10.24-19.24.05:772][538]LogLinker: Warning: Can't find file for asset '/Game/Car/Wood_Texture' while loading ../../../../../../Users/u0905990/Documents/GitHub/AssetPipeMaster01/APsec1LargeCityBase/Content/Marcellano_Mascarenas/Car/blinn3SG.uasset.
[2018.10.24-19.24.05:772][538]LoadErrors: Error: /Game/Marcellano_Mascarenas/Car/blinn3SG : Can't find file for asset. /Game/Car/Wood_Texture
[2018.10.24-19.24.05:772][538]LogLinker: Warning: Can't find file '/Game/Car/Wood_Texture'
[2018.10.24-19.24.05:772][538]LogLinker: Warning: Can't find file for asset '/Game/Car/Wood_Texture' while loading ../../../../../../Users/u0905990/Documents/GitHub/AssetPipeMaster01/APsec1LargeCityBase/Content/Marcellano_Mascarenas/Car/blinn3SG.uasset.
[2018.10.24-19.24.05:773][538]LogLinker: Warning: Can't find file '/Game/Car/Wood_Texture'
[2018.10.24-19.24.05:773][538]LogLinker: Warning: Can't find file for asset '/Game/Car/Wood_Texture' while loading NULL.
[2018.10.24-19.24.05:775][538]LogMaterial: Display: Missing cached shader map for material blinn3SG, compiling. 
[2018.10.24-19.24.05:775][538]LogMaterial: Warning: C:\Users\u0905990\Documents\GitHub\AssetPipeMaster01\APsec1LargeCityBase\Content\Marcellano_Mascarenas\Car\blinn3SG.uasset: Failed to compile Material for platform PCD3D_SM5, Default Material will be used in game.
[2018.10.24-19.24.05:775][538]LogMaterial: 	(Node TextureSample) Texture Sample> Missing input texture
[2018.10.24-19.24.07:340][538]LogSlate: Window 'Delete Assets' being destroyed
[2018.10.24-19.25.03:042][584]LogLinker: Warning: Can't find file '/Game/Car/blinn3SG'
[2018.10.24-19.25.03:042][584]LogLinker: Warning: Can't find file for asset '/Game/Car/blinn3SG' while loading ../../../../../../Users/u0905990/Documents/GitHub/AssetPipeMaster01/APsec1LargeCityBase/Content/Marcellano_Mascarenas/Car/Car_Parts_pCube2.uasset.
[2018.10.24-19.25.03:042][584]LoadErrors: Error: /Game/Marcellano_Mascarenas/Car/Car_Parts_pCube2 : Can't find file for asset. /Game/Car/blinn3SG
[2018.10.24-19.25.03:043][584]LogLinker: Warning: Can't find file '/Game/Car/blinn3SG'
[2018.10.24-19.25.03:043][584]LogLinker: Warning: Can't find file for asset '/Game/Car/blinn3SG' while loading ../../../../../../Users/u0905990/Documents/GitHub/AssetPipeMaster01/APsec1LargeCityBase/Content/Marcellano_Mascarenas/Car/Car_Parts_pCube2.uasset.
[2018.10.24-19.25.03:043][584]LogLinker: Warning: Can't find file '/Game/Car/blinn3SG'
[2018.10.24-19.25.03:043][584]LoadErrors: Failed to load /Game/Car/blinn3SG.blinn3SG Referenced by Car_Parts_pCube2
[2018.10.24-19.25.03:043][584]LogLinker: Warning: Can't find file for asset '/Game/Car/blinn3SG' while loading NULL.
[2018.10.24-19.25.03:044][584]LogLinker: Warning: Can't find file '/Game/Car/blinn3SG'
[2018.10.24-19.25.03:044][584]LogLinker: Warning: Can't find file for asset '/Game/Car/blinn3SG' while loading NULL.
[2018.10.24-19.25.03:047][584]LogLinker: Warning: Can't find file '/Game/Car/blinn4SG'
[2018.10.24-19.25.03:047][584]LogLinker: Warning: Can't find file for asset '/Game/Car/blinn4SG' while loading ../../../../../../Users/u0905990/Documents/GitHub/AssetPipeMaster01/APsec1LargeCityBase/Content/Marcellano_Mascarenas/Car/Car_Parts_polySurface1.uasset.
[2018.10.24-19.25.03:047][584]LoadErrors: Error: /Game/Marcellano_Mascarenas/Car/Car_Parts_polySurface1 : Can't find file for asset. /Game/Car/blinn4SG
[2018.10.24-19.25.03:047][584]LogLinker: Warning: Can't find file '/Game/Car/blinn4SG'
[2018.10.24-19.25.03:047][584]LogLinker: Warning: Can't find file for asset '/Game/Car/blinn4SG' while loading ../../../../../../Users/u0905990/Documents/GitHub/AssetPipeMaster01/APsec1LargeCityBase/Content/Marcellano_Mascarenas/Car/Car_Parts_polySurface1.uasset.
[2018.10.24-19.25.03:048][584]LogLinker: Warning: Can't find file '/Game/Car/blinn4SG'
[2018.10.24-19.25.03:048][584]LoadErrors: Failed to load /Game/Car/blinn4SG.blinn4SG Referenced by Car_Parts_polySurface1
[2018.10.24-19.25.03:048][584]LogLinker: Warning: Can't find file for asset '/Game/Car/blinn4SG' while loading NULL.
[2018.10.24-19.25.03:048][584]LogLinker: Warning: Can't find file '/Game/Car/blinn4SG'
[2018.10.24-19.25.03:048][584]LogLinker: Warning: Can't find file for asset '/Game/Car/blinn4SG' while loading NULL.
[2018.10.24-19.25.03:051][584]LogLinker: Warning: Can't find file '/Game/Car/blinn4SG'
[2018.10.24-19.25.03:051][584]LogLinker: Warning: Can't find file for asset '/Game/Car/blinn4SG' while loading ../../../../../../Users/u0905990/Documents/GitHub/AssetPipeMaster01/APsec1LargeCityBase/Content/Marcellano_Mascarenas/Car/Car_Parts_polySurface2.uasset.
[2018.10.24-19.25.03:051][584]LoadErrors: Error: /Game/Marcellano_Mascarenas/Car/Car_Parts_polySurface2 : Can't find file for asset. /Game/Car/blinn4SG
[2018.10.24-19.25.03:051][584]LogLinker: Warning: Can't find file '/Game/Car/blinn4SG'
[2018.10.24-19.25.03:051][584]LogLinker: Warning: Can't find file for asset '/Game/Car/blinn4SG' while loading ../../../../../../Users/u0905990/Documents/GitHub/AssetPipeMaster01/APsec1LargeCityBase/Content/Marcellano_Mascarenas/Car/Car_Parts_polySurface2.uasset.
[2018.10.24-19.25.03:051][584]LogLinker: Warning: Can't find file '/Game/Car/blinn4SG'
[2018.10.24-19.25.03:052][584]LoadErrors: Failed to load /Game/Car/blinn4SG.blinn4SG Referenced by Car_Parts_polySurface2
[2018.10.24-19.25.03:052][584]LogLinker: Warning: Can't find file for asset '/Game/Car/blinn4SG' while loading NULL.
[2018.10.24-19.25.03:052][584]LogLinker: Warning: Can't find file '/Game/Car/blinn4SG'
[2018.10.24-19.25.03:052][584]LogLinker: Warning: Can't find file for asset '/Game/Car/blinn4SG' while loading NULL.
[2018.10.24-19.25.03:128][588]LogActorFactory: Actor Factory created Car_Parts_pCube2
[2018.10.24-19.25.03:129][588]LogActorFactory: Actor Factory created Car_Parts_polySurface1
[2018.10.24-19.25.03:130][588]LogActorFactory: Actor Factory created Car_Parts_polySurface2
[2018.10.24-19.25.04:032][654]LogActorFactory: Actor Factory created Car_Parts_pCube2
[2018.10.24-19.25.04:054][654]LogActorFactory: Actor Factory created Car_Parts_polySurface1
[2018.10.24-19.25.04:068][654]LogActorFactory: Actor Factory created Car_Parts_polySurface2
[2018.10.24-19.25.04:405][675]Cmd: CAMERA ALIGN ACTIVEVIEWPORTONLY
[2018.10.24-19.25.17:492][996]LogSlate: FSceneViewport::OnFocusLost() reason 0
[2018.10.24-19.25.19:879][220]LogLinker: Warning: Can't find file '/Game/Textures/black'
[2018.10.24-19.25.19:879][220]LogLinker: Warning: Can't find file for asset '/Game/Textures/black' while loading ../../../../../../Users/u0905990/Documents/GitHub/AssetPipeMaster01/APsec1LargeCityBase/Content/Marcellano_Mascarenas/Textures/Wooden_Texture_01.uasset.
[2018.10.24-19.25.19:879][220]LoadErrors: Error: /Game/Marcellano_Mascarenas/Textures/Wooden_Texture_01 : Can't find file for asset. /Game/Textures/black
[2018.10.24-19.25.19:879][220]LogLinker: Warning: Can't find file '/Game/Textures/WoodTexture004'
[2018.10.24-19.25.19:879][220]LogLinker: Warning: Can't find file for asset '/Game/Textures/WoodTexture004' while loading ../../../../../../Users/u0905990/Documents/GitHub/AssetPipeMaster01/APsec1LargeCityBase/Content/Marcellano_Mascarenas/Textures/Wooden_Texture_01.uasset.
[2018.10.24-19.25.19:879][220]LoadErrors: Error: /Game/Marcellano_Mascarenas/Textures/Wooden_Texture_01 : Can't find file for asset. /Game/Textures/WoodTexture004
[2018.10.24-19.25.19:879][220]LogLinker: Warning: Can't find file '/Game/Textures/WoodTexture004Norm'
[2018.10.24-19.25.19:879][220]LogLinker: Warning: Can't find file for asset '/Game/Textures/WoodTexture004Norm' while loading ../../../../../../Users/u0905990/Documents/GitHub/AssetPipeMaster01/APsec1LargeCityBase/Content/Marcellano_Mascarenas/Textures/Wooden_Texture_01.uasset.
[2018.10.24-19.25.19:879][220]LoadErrors: Error: /Game/Marcellano_Mascarenas/Textures/Wooden_Texture_01 : Can't find file for asset. /Game/Textures/WoodTexture004Norm
[2018.10.24-19.25.19:880][220]LogLinker: Warning: Can't find file '/Game/Textures/black'
[2018.10.24-19.25.19:880][220]LogLinker: Warning: Can't find file for asset '/Game/Textures/black' while loading ../../../../../../Users/u0905990/Documents/GitHub/AssetPipeMaster01/APsec1LargeCityBase/Content/Marcellano_Mascarenas/Textures/Wooden_Texture_01.uasset.
[2018.10.24-19.25.19:880][220]LogLinker: Warning: Can't find file '/Game/Textures/WoodTexture004'
[2018.10.24-19.25.19:880][220]LogLinker: Warning: Can't find file for asset '/Game/Textures/WoodTexture004' while loading ../../../../../../Users/u0905990/Documents/GitHub/AssetPipeMaster01/APsec1LargeCityBase/Content/Marcellano_Mascarenas/Textures/Wooden_Texture_01.uasset.
[2018.10.24-19.25.19:880][220]LogLinker: Warning: Can't find file '/Game/Textures/WoodTexture004Norm'
[2018.10.24-19.25.19:880][220]LogLinker: Warning: Can't find file for asset '/Game/Textures/WoodTexture004Norm' while loading ../../../../../../Users/u0905990/Documents/GitHub/AssetPipeMaster01/APsec1LargeCityBase/Content/Marcellano_Mascarenas/Textures/Wooden_Texture_01.uasset.
[2018.10.24-19.25.19:881][220]LogLinker: Warning: Can't find file '/Game/Textures/WoodTexture004'
[2018.10.24-19.25.19:881][220]LoadErrors: Failed to load /Game/Textures/WoodTexture004.WoodTexture004 Referenced by MaterialExpressionTextureSample_0
[2018.10.24-19.25.19:881][220]LogLinker: Warning: Can't find file for asset '/Game/Textures/WoodTexture004' while loading NULL.
[2018.10.24-19.25.19:881][220]LogLinker: Warning: Can't find file '/Game/Textures/WoodTexture004Norm'
[2018.10.24-19.25.19:881][220]LoadErrors: Failed to load /Game/Textures/WoodTexture004Norm.WoodTexture004Norm Referenced by MaterialExpressionTextureSample_1
[2018.10.24-19.25.19:881][220]LogLinker: Warning: Can't find file for asset '/Game/Textures/WoodTexture004Norm' while loading NULL.
[2018.10.24-19.25.19:881][220]LogLinker: Warning: Can't find file '/Game/Textures/black'
[2018.10.24-19.25.19:882][220]LoadErrors: Failed to load /Game/Textures/black.black Referenced by MaterialExpressionTextureSampleParameter2D_0
[2018.10.24-19.25.19:882][220]LogLinker: Warning: Can't find file for asset '/Game/Textures/black' while loading NULL.
[2018.10.24-19.25.19:883][220]LogMaterial: Display: Missing cached shader map for material Wooden_Texture_01, compiling. 
[2018.10.24-19.25.19:884][220]LogMaterial: Warning: C:\Users\u0905990\Documents\GitHub\AssetPipeMaster01\APsec1LargeCityBase\Content\Marcellano_Mascarenas\Textures\Wooden_Texture_01.uasset: Failed to compile Material for platform PCD3D_SM5, Default Material will be used in game.
[2018.10.24-19.25.19:884][220]LogMaterial: 	(Node TextureSample) Texture Sample> Missing input texture
[2018.10.24-19.25.19:884][220]LogMaterial: 	(Node TextureSampleParameter2D) Param2D> Requires Texture2D
[2018.10.24-19.25.22:639][525]Cmd: CAMERA ALIGN ACTIVEVIEWPORTONLY
[2018.10.24-19.25.26:220][925]LogSlate: FSceneViewport::OnFocusLost() reason 0
[2018.10.24-19.25.29:871][282]LogAssetEditorManager: Opening Asset editor for Material /Game/Marcellano_Mascarenas/Textures/Wooden_Texture_01.Wooden_Texture_01
[2018.10.24-19.25.29:874][282]LogMaterial: Display: Missing cached shader map for material Wooden_Texture_01, compiling. 
[2018.10.24-19.25.29:874][282]LogMaterial: Warning: /Engine/Transient.Wooden_Texture_01 (no disk path found): Failed to compile Material for platform PCD3D_SM5, Default Material will be used in game.
[2018.10.24-19.25.29:874][282]LogMaterial: 	(Node TextureSample) Texture Sample> Missing input texture
[2018.10.24-19.25.29:874][282]LogMaterial: 	(Node TextureSampleParameter2D) Param2D> Requires Texture2D
[2018.10.24-19.25.30:203][282]LogMaterial: Display: Missing cached shader map for material Wooden_Texture_01, compiling. 
[2018.10.24-19.25.30:204][282]LogMaterial: Warning: /Engine/Transient.Wooden_Texture_01 (no disk path found): Failed to compile Material for platform PCD3D_SM5, Default Material will be used in game.
[2018.10.24-19.25.30:204][282]LogMaterial: 	(Node TextureSample) Texture Sample> Missing input texture
[2018.10.24-19.25.30:204][282]LogMaterial: 	(Node TextureSampleParameter2D) Param2D> Requires Texture2D
[2018.10.24-19.25.30:206][282]LogMaterial: Display: Missing cached shader map for material Wooden_Texture_01, compiling. 
[2018.10.24-19.25.30:207][282]LogMaterial: Warning: /Engine/Transient.Wooden_Texture_01 (no disk path found): Failed to compile Material for platform PCD3D_SM5, Default Material will be used in game.
[2018.10.24-19.25.30:207][282]LogMaterial: 	(Node TextureSample) Texture Sample> Missing input texture
[2018.10.24-19.25.30:207][282]LogMaterial: 	(Node TextureSampleParameter2D) Param2D> Requires Texture2D
[2018.10.24-19.25.30:239][282]LogMaterial: Display: Missing cached shader map for material FMatExpressionPreview MaterialExpressionTextureSample_1, compiling. 
[2018.10.24-19.25.30:241][282]LogMaterial: Display: Missing cached shader map for material FMatExpressionPreview MaterialExpressionTextureSample_0, compiling. 
[2018.10.24-19.25.30:242][282]LogMaterial: Display: Missing cached shader map for material FMatExpressionPreview MaterialExpressionConstant3Vector_0, compiling. 
[2018.10.24-19.25.30:250][282]LogMaterial: Display: Missing cached shader map for material FMatExpressionPreview MaterialExpressionTextureSampleParameter2D_0, compiling. 
[2018.10.24-19.25.30:252][282]LogMaterial: Display: Missing cached shader map for material FMatExpressionPreview MaterialExpressionTextureCoordinate_0, compiling. 
[2018.10.24-19.25.30:281][282]LogShaderCompilers: Display: Shaders left to compile 4
[2018.10.24-19.25.30:281][282]LogShaderCompilers: Display: Shaders left to compile 3
[2018.10.24-19.25.30:281][282]LogShaderCompilers: Display: Shaders left to compile 2
[2018.10.24-19.25.30:281][282]LogShaderCompilers: Display: Shaders left to compile 1
[2018.10.24-19.25.30:281][282]MaterialEditorStats: Error: [SM5] (Node TextureSample) Texture Sample> Missing input texture
[2018.10.24-19.25.30:281][282]MaterialEditorStats: Error: [SM5] (Node TextureSampleParameter2D) Param2D> Requires Texture2D
[2018.10.24-19.25.30:292][282]LogSlate: Took 0.007016 seconds to synchronously load lazily loaded font '../../../Engine/Content/Slate/Fonts/Roboto-BoldCondensed.ttf' (158K)
[2018.10.24-19.25.30:596][292]LogSlate: Took 0.006039 seconds to synchronously load lazily loaded font '../../../Engine/Content/Slate/Fonts/Roboto-Italic.ttf' (157K)
[2018.10.24-19.25.38:349][946]LogMaterial: Display: Missing cached shader map for material Wooden_Texture_01, compiling. 
[2018.10.24-19.25.38:350][946]LogMaterial: Warning: /Engine/Transient.Wooden_Texture_01 (no disk path found): Failed to compile Material for platform PCD3D_SM5, Default Material will be used in game.
[2018.10.24-19.25.38:350][946]LogMaterial: 	(Node TextureSample) Texture Sample> Missing input texture
[2018.10.24-19.25.38:354][946]LogMaterial: Display: Missing cached shader map for material FMatExpressionPreview MaterialExpressionTextureSampleParameter2D_0, compiling. 
[2018.10.24-19.25.38:368][946]LogShaderCompilers: Display: Shaders left to compile 2
[2018.10.24-19.25.38:368][946]LogShaderCompilers: Display: Shaders left to compile 1
[2018.10.24-19.25.38:381][946]LogMaterial: Display: Missing cached shader map for material Wooden_Texture_01, compiling. 
[2018.10.24-19.25.38:382][946]LogMaterial: Warning: /Engine/Transient.Wooden_Texture_01 (no disk path found): Failed to compile Material for platform PCD3D_SM5, Default Material will be used in game.
[2018.10.24-19.25.38:382][946]LogMaterial: 	(Node TextureSample) Texture Sample> Missing input texture
[2018.10.24-19.25.38:385][946]MaterialEditorStats: Error: [SM5] (Node TextureSample) Texture Sample> Missing input texture
[2018.10.24-19.25.54:426][167]LogMaterial: Display: Missing cached shader map for material Wooden_Texture_01, compiling. 
[2018.10.24-19.25.54:427][167]LogMaterial: Warning: /Engine/Transient.Wooden_Texture_01 (no disk path found): Failed to compile Material for platform PCD3D_SM5, Default Material will be used in game.
[2018.10.24-19.25.54:427][167]LogMaterial: 	(Node TextureSample) Texture Sample> Missing input texture
[2018.10.24-19.25.54:435][167]LogMaterial: Display: Missing cached shader map for material FMatExpressionPreview MaterialExpressionTextureSample_1, compiling. 
[2018.10.24-19.25.54:449][167]LogShaderCompilers: Display: Shaders left to compile 2
[2018.10.24-19.25.54:449][167]LogShaderCompilers: Display: Shaders left to compile 1
[2018.10.24-19.25.54:463][167]LogMaterial: Display: Missing cached shader map for material Wooden_Texture_01, compiling. 
[2018.10.24-19.25.54:464][167]LogMaterial: Warning: /Engine/Transient.Wooden_Texture_01 (no disk path found): Failed to compile Material for platform PCD3D_SM5, Default Material will be used in game.
[2018.10.24-19.25.54:464][167]LogMaterial: 	(Node TextureSample) Texture Sample> Missing input texture
[2018.10.24-19.26.39:112][953]LogMaterial: Display: Missing cached shader map for material Wooden_Texture_01, compiling. 
[2018.10.24-19.26.39:170][953]LogMaterial: Display: Missing cached shader map for material FMatExpressionPreview MaterialExpressionTextureSample_0, compiling. 
[2018.10.24-19.26.39:184][953]LogShaderCompilers: Display: Shaders left to compile 30
[2018.10.24-19.26.39:184][953]LogShaderCompilers: Display: Shaders left to compile 29
[2018.10.24-19.26.39:184][953]LogShaderCompilers: Display: Shaders left to compile 28
[2018.10.24-19.26.39:184][953]LogShaderCompilers: Display: Shaders left to compile 27
[2018.10.24-19.26.39:198][953]LogMaterial: Display: Missing cached shader map for material Wooden_Texture_01, compiling. 
[2018.10.24-19.26.39:755][984]LogShaderCompilers: Display: Shaders left to compile 32
[2018.10.24-19.26.39:822][988]LogShaderCompilers: Display: Shaders left to compile 31
[2018.10.24-19.26.39:822][988]LogShaderCompilers: Display: Shaders left to compile 30
[2018.10.24-19.26.39:836][989]LogShaderCompilers: Display: Shaders left to compile 29
[2018.10.24-19.26.40:093][  2]LogShaderCompilers: Display: Shaders left to compile 28
[2018.10.24-19.26.40:110][  3]LogShaderCompilers: Display: Shaders left to compile 27
[2018.10.24-19.26.40:112][  3]LogShaderCompilers: Display: Shaders left to compile 26
[2018.10.24-19.26.40:129][  4]LogShaderCompilers: Display: Shaders left to compile 25
[2018.10.24-19.26.40:321][ 14]LogShaderCompilers: Display: Shaders left to compile 24
[2018.10.24-19.26.40:352][ 16]LogShaderCompilers: Display: Shaders left to compile 23
[2018.10.24-19.26.40:356][ 16]LogShaderCompilers: Display: Shaders left to compile 22
[2018.10.24-19.26.40:356][ 16]LogShaderCompilers: Display: Shaders left to compile 21
[2018.10.24-19.26.40:513][ 25]LogShaderCompilers: Display: Shaders left to compile 20
[2018.10.24-19.26.40:513][ 25]LogShaderCompilers: Display: Shaders left to compile 19
[2018.10.24-19.26.40:546][ 27]LogShaderCompilers: Display: Shaders left to compile 18
[2018.10.24-19.26.40:771][ 38]LogShaderCompilers: Display: Shaders left to compile 17
[2018.10.24-19.26.40:805][ 40]LogShaderCompilers: Display: Shaders left to compile 16
[2018.10.24-19.26.40:947][ 51]LogShaderCompilers: Display: Shaders left to compile 15
[2018.10.24-19.26.40:962][ 52]LogShaderCompilers: Display: Shaders left to compile 14
[2018.10.24-19.26.41:062][ 60]LogShaderCompilers: Display: Shaders left to compile 13
[2018.10.24-19.26.41:186][ 69]LogShaderCompilers: Display: Shaders left to compile 12
[2018.10.24-19.26.41:318][ 78]LogShaderCompilers: Display: Shaders left to compile 11
[2018.10.24-19.26.41:350][ 80]LogShaderCompilers: Display: Shaders left to compile 10
[2018.10.24-19.26.41:409][ 83]LogShaderCompilers: Display: Shaders left to compile 9
[2018.10.24-19.26.41:614][ 91]LogShaderCompilers: Display: Shaders left to compile 8
[2018.10.24-19.26.41:614][ 91]LogShaderCompilers: Display: Shaders left to compile 7
[2018.10.24-19.26.41:803][101]LogShaderCompilers: Display: Shaders left to compile 6
[2018.10.24-19.26.41:848][103]LogShaderCompilers: Display: Shaders left to compile 5
[2018.10.24-19.26.41:905][106]LogShaderCompilers: Display: Shaders left to compile 4
[2018.10.24-19.26.42:068][114]LogShaderCompilers: Display: Shaders left to compile 3
[2018.10.24-19.26.42:181][120]LogShaderCompilers: Display: Shaders left to compile 2
[2018.10.24-19.26.42:240][125]LogMaterialEditor: Applying material Wooden_Texture_01
[2018.10.24-19.26.42:748][125]LogShaderCompilers: Display: Shaders left to compile 1
[2018.10.24-19.26.42:761][125]LogMaterial: Display: Missing cached shader map for material Wooden_Texture_01, compiling. 
[2018.10.24-19.26.42:824][125]LogShaderCompilers: Display: Shaders left to compile 30
[2018.10.24-19.26.42:824][125]LogShaderCompilers: Display: Shaders left to compile 29
[2018.10.24-19.26.42:824][125]LogShaderCompilers: Display: Shaders left to compile 28
[2018.10.24-19.26.42:824][125]LogShaderCompilers: Display: Shaders left to compile 27
[2018.10.24-19.26.42:839][125]LogMaterial: Display: Missing cached shader map for material Wooden_Texture_01, compiling. 
[2018.10.24-19.26.42:866][125]LogMaterial: Display: Missing cached shader map for material Wooden_Texture_01, compiling. 
[2018.10.24-19.26.42:917][125]LogMaterial: Display: Missing cached shader map for material FDebugViewModeMaterialProxy Wooden_Texture_01, compiling. 
[2018.10.24-19.26.44:844][125]LogShaderCompilers: Display: Shaders left to compile 58
[2018.10.24-19.26.44:844][125]LogShaderCompilers: Display: Shaders left to compile 57
[2018.10.24-19.26.44:844][125]LogShaderCompilers: Display: Shaders left to compile 56
[2018.10.24-19.26.44:844][125]LogShaderCompilers: Display: Shaders left to compile 55
[2018.10.24-19.26.44:844][125]LogShaderCompilers: Display: Shaders left to compile 54
[2018.10.24-19.26.44:844][125]LogShaderCompilers: Display: Shaders left to compile 53
[2018.10.24-19.26.44:844][125]LogShaderCompilers: Display: Shaders left to compile 52
[2018.10.24-19.26.44:844][125]LogShaderCompilers: Display: Shaders left to compile 51
[2018.10.24-19.26.44:844][125]LogShaderCompilers: Display: Shaders left to compile 50
[2018.10.24-19.26.44:844][125]LogShaderCompilers: Display: Shaders left to compile 49
[2018.10.24-19.26.44:844][125]LogShaderCompilers: Display: Shaders left to compile 48
[2018.10.24-19.26.44:844][125]LogShaderCompilers: Display: Shaders left to compile 47
[2018.10.24-19.26.44:844][125]LogShaderCompilers: Display: Shaders left to compile 46
[2018.10.24-19.26.44:844][125]LogShaderCompilers: Display: Shaders left to compile 45
[2018.10.24-19.26.44:844][125]LogShaderCompilers: Display: Shaders left to compile 44
[2018.10.24-19.26.44:844][125]LogShaderCompilers: Display: Shaders left to compile 43
[2018.10.24-19.26.44:844][125]LogShaderCompilers: Display: Shaders left to compile 42
[2018.10.24-19.26.44:844][125]LogShaderCompilers: Display: Shaders left to compile 41
[2018.10.24-19.26.44:844][125]LogShaderCompilers: Display: Shaders left to compile 40
[2018.10.24-19.26.44:844][125]LogShaderCompilers: Display: Shaders left to compile 39
[2018.10.24-19.26.44:844][125]LogShaderCompilers: Display: Shaders left to compile 38
[2018.10.24-19.26.44:844][125]LogShaderCompilers: Display: Shaders left to compile 37
[2018.10.24-19.26.44:844][125]LogShaderCompilers: Display: Shaders left to compile 36
[2018.10.24-19.26.44:844][125]LogShaderCompilers: Display: Shaders left to compile 35
[2018.10.24-19.26.44:844][125]LogShaderCompilers: Display: Shaders left to compile 34
[2018.10.24-19.26.44:844][125]LogShaderCompilers: Display: Shaders left to compile 33
[2018.10.24-19.26.44:844][125]LogShaderCompilers: Display: Shaders left to compile 32
[2018.10.24-19.26.44:844][125]LogShaderCompilers: Display: Shaders left to compile 31
[2018.10.24-19.26.44:844][125]LogShaderCompilers: Display: Shaders left to compile 21
[2018.10.24-19.26.44:844][125]LogShaderCompilers: Display: Shaders left to compile 11
[2018.10.24-19.26.44:844][125]LogShaderCompilers: Display: Shaders left to compile 1
[2018.10.24-19.26.44:846][125]TextureStreamingBuild: Display: Compiling optional shaders took 1.935 seconds.
[2018.10.24-19.26.47:605][284]LogSlate: Window 'Wooden_Texture_01*' being destroyed
[2018.10.24-19.26.47:610][284]LogSlate: Window 'Wooden_Texture_01*' being destroyed
[2018.10.24-19.26.50:798][593]LogSlate: FSceneViewport::OnFocusLost() reason 0
[2018.10.24-19.26.58:790][231]LogSlate: FSceneViewport::OnFocusLost() reason 2
[2018.10.24-19.29.43:309][648]LogSavePackage: Moving '../../../../../../Users/u0905990/Documents/GitHub/AssetPipeMaster01/APsec1LargeCityBase/Saved/StreetSceneLarge_MMM658F80F64A854372436B93861F988477.tmp' to '../../../../../../Users/u0905990/Documents/GitHub/AssetPipeMaster01/APsec1LargeCityBase/Content/StreetSceneLarge_MMM.umap'
[2018.10.24-19.29.43:431][648]LogSavePackage: Moving '../../../../../../Users/u0905990/Documents/GitHub/AssetPipeMaster01/APsec1LargeCityBase/Saved/StreetSceneLarge_MMM_BuiltDataF8D1A8C74AF296B60772DF9F25F2E17A.tmp' to '../../../../../../Users/u0905990/Documents/GitHub/AssetPipeMaster01/APsec1LargeCityBase/Content/StreetSceneLarge_MMM_BuiltData.uasset'
