Log file open, 11/19/18 14:37:31
LogWindows: Failed to load 'aqProf.dll' (GetLastError=126)
LogWindows: File 'aqProf.dll' does not exist
LogWindows: Failed to load 'VtuneApi.dll' (GetLastError=126)
LogWindows: File 'VtuneApi.dll' does not exist
LogWindows: Failed to load 'VtuneApi32e.dll' (GetLastError=126)
LogWindows: File 'VtuneApi32e.dll' does not exist
LogInit: Display: Running engine for game: APsec1LargeCityBase
LogPlatformFile: Not using cached read wrapper
LogTaskGraph: Started task graph with 5 named threads and 23 total threads with 3 sets of task threads.
LogStats: Stats thread started at 0.281003
LogD3D11RHI: Loaded GFSDK_Aftermath_Lib.x64.dll
LogICUInternationalization: Display: ICU TimeZone Detection - Raw Offset: -7:00, Platform Override: ''
LogPluginManager: Mounting plugin Paper2D
LogPluginManager: Mounting plugin AISupport
LogPluginManager: Mounting plugin LightPropagationVolume
LogPluginManager: Mounting plugin CLionSourceCodeAccess
LogPluginManager: Mounting plugin CodeLiteSourceCodeAccess
LogPluginManager: Mounting plugin GitSourceControl
LogPluginManager: Mounting plugin KDevelopSourceCodeAccess
LogPluginManager: Mounting plugin NullSourceCodeAccess
LogPluginManager: Mounting plugin PerforceSourceControl
LogPluginManager: Mounting plugin SubversionSourceControl
LogPluginManager: Mounting plugin UObjectPlugin
LogPluginManager: Mounting plugin VisualStudioCodeSourceCodeAccess
LogPluginManager: Mounting plugin VisualStudioSourceCodeAccess
LogPluginManager: Mounting plugin XCodeSourceCodeAccess
LogPluginManager: Mounting plugin AssetManagerEditor
LogPluginManager: Mounting plugin CryptoKeys
LogPluginManager: Mounting plugin DataValidation
LogPluginManager: Mounting plugin FacialAnimation
LogPluginManager: Mounting plugin GameplayTagsEditor
LogPluginManager: Mounting plugin MacGraphicsSwitching
LogPluginManager: Mounting plugin MeshEditor
LogPluginManager: Mounting plugin MobileLauncherProfileWizard
LogPluginManager: Mounting plugin PluginBrowser
LogPluginManager: Mounting plugin SpeedTreeImporter
LogPluginManager: Mounting plugin DatasmithContent
LogPluginManager: Mounting plugin AlembicImporter
LogPluginManager: Mounting plugin AppleImageUtils
LogPluginManager: Mounting plugin AppleVision
LogPluginManager: Mounting plugin BackChannel
LogPluginManager: Mounting plugin CharacterAI
LogPluginManager: Mounting plugin GeometryCache
LogPluginManager: Mounting plugin HTML5Networking
LogPluginManager: Mounting plugin ProxyLODPlugin
LogPluginManager: Mounting plugin MagicLeap
LogPluginManager: Mounting plugin MagicLeapEmulator
LogPluginManager: Mounting plugin MagicLeapMedia
LogPluginManager: Mounting plugin AndroidMedia
LogPluginManager: Mounting plugin AvfMedia
LogPluginManager: Mounting plugin ImgMedia
LogPluginManager: Mounting plugin LinearTimecode
LogPluginManager: Mounting plugin MediaCompositing
LogPluginManager: Mounting plugin MediaPlayerEditor
LogPluginManager: Mounting plugin WmfMedia
LogPluginManager: Mounting plugin TcpMessaging
LogPluginManager: Mounting plugin UdpMessaging
LogPluginManager: Mounting plugin ActorSequence
LogPluginManager: Mounting plugin LevelSequenceEditor
LogPluginManager: Mounting plugin MatineeToLevelSequence
LogPluginManager: Mounting plugin NetcodeUnitTest
LogPluginManager: Mounting plugin NUTUnrealEngine4
LogPluginManager: Mounting plugin OnlineSubsystemGooglePlay
LogPluginManager: Mounting plugin OnlineSubsystemIOS
LogPluginManager: Mounting plugin OnlineSubsystem
LogPluginManager: Mounting plugin OnlineSubsystemNull
LogPluginManager: Mounting plugin OnlineSubsystemUtils
LogPluginManager: Mounting plugin LauncherChunkInstaller
LogPluginManager: Mounting plugin AndroidDeviceProfileSelector
LogPluginManager: Mounting plugin AndroidMoviePlayer
LogPluginManager: Mounting plugin AndroidPermission
LogPluginManager: Mounting plugin AppleMoviePlayer
LogPluginManager: Mounting plugin ArchVisCharacter
LogPluginManager: Mounting plugin AudioCapture
LogPluginManager: Mounting plugin CableComponent
LogPluginManager: Mounting plugin CustomMeshComponent
LogPluginManager: Mounting plugin EditableMesh
LogPluginManager: Mounting plugin ExampleDeviceProfileSelector
LogPluginManager: Mounting plugin GoogleCloudMessaging
LogPluginManager: Mounting plugin ImmediatePhysics
LogPluginManager: Mounting plugin IOSDeviceProfileSelector
LogPluginManager: Mounting plugin LinuxDeviceProfileSelector
LogPluginManager: Mounting plugin LocationServicesBPLibrary
LogPluginManager: Mounting plugin MobilePatchingUtils
LogPluginManager: Mounting plugin OculusVR
LogPluginManager: Plugin shader directory ../../../Engine/Plugins/Runtime/Oculus/OculusVR/Shaders found
LogPluginManager: Mapping shader source directory ../../../Engine/Plugins/Runtime/Oculus/OculusVR/Shaders to virtual directory /Plugin/OculusVR
LogPluginManager: Mounting plugin PhysXVehicles
LogPluginManager: Mounting plugin ProceduralMeshComponent
LogPluginManager: Mounting plugin RuntimePhysXCooking
LogPluginManager: Mounting plugin SteamVR
LogPluginManager: Mounting plugin WindowsMoviePlayer
LogStreaming: Display: Took  0.096s to configure plugins.
LogInit: Using libcurl 7.55.1-DEV
LogInit:  - built for x86_64-pc-win32
LogInit:  - supports SSL with OpenSSL/1.0.2h
LogInit:  - supports HTTP deflate (compression) using libz 1.2.8
LogInit:  - other features:
LogInit:      CURL_VERSION_SSL
LogInit:      CURL_VERSION_LIBZ
LogInit:      CURL_VERSION_IPV6
LogInit:      CURL_VERSION_ASYNCHDNS
LogInit:      CURL_VERSION_LARGEFILE
LogInit:      CURL_VERSION_IDN
LogInit:  CurlRequestOptions (configurable via config and command line):
LogInit:  - bVerifyPeer = false  - Libcurl will NOT verify peer certificate
LogInit:  - bUseHttpProxy = false  - Libcurl will NOT use HTTP proxy
LogInit:  - bDontReuseConnections = false  - Libcurl will reuse connections
LogInit:  - CertBundlePath = nullptr  - Libcurl will use whatever was configured at build time.
LogInit:  - MaxHostConnections = 16  - Libcurl will limit the number of connections to a host
LogInit:  - LocalHostAddr = Default
LogInit:  - BufferSize = 65536
LogInit: WinSock: version 1.1 (2.2), MaxSocks=32767, MaxUdp=65467
LogInit: Build: ++UE4+Release-4.20-CL-4212847
LogInit: Engine Version: 4.20.0-4212847+++UE4+Release-4.20
LogInit: Compatible Engine Version: 4.20.0-4212847+++UE4+Release-4.20
LogInit: Net CL: 4212847
LogInit: OS: Windows 10 (), CPU: Intel(R) Core(TM) i7-8809G CPU @ 3.10GHz, GPU: Radeon RX Vega M GH Graphics
LogInit: Compiled (64-bit): Jul 14 2018 09:51:14
LogInit: Compiled with Visual C++: 19.13.26129.00
LogInit: Build Configuration: Development
LogInit: Branch Name: ++UE4+Release-4.20
LogInit: Command Line:  
LogInit: Base Directory: C:/Program Files/Epic Games/UE_4.20/Engine/Binaries/Win64/
LogInit: Installed Engine Build: 1
LogDevObjectVersion: Number of dev versions registered: 20
LogDevObjectVersion:   Dev-Blueprints (B0D832E4-1F89-4F0D-ACCF-7EB736FD4AA2): 10
LogDevObjectVersion:   Dev-Build (E1C64328-A22C-4D53-A36C-8E866417BD8C): 0
LogDevObjectVersion:   Dev-Core (375EC13C-06E4-48FB-B500-84F0262A717E): 2
LogDevObjectVersion:   Dev-Editor (E4B068ED-F494-42E9-A231-DA0B2E46BB41): 24
LogDevObjectVersion:   Dev-Framework (CFFC743F-43B0-4480-9391-14DF171D2073): 34
LogDevObjectVersion:   Dev-Mobile (B02B49B5-BB20-44E9-A304-32B752E40360): 2
LogDevObjectVersion:   Dev-Networking (A4E4105C-59A1-49B5-A7C5-40C4547EDFEE): 0
LogDevObjectVersion:   Dev-Online (39C831C9-5AE6-47DC-9A44-9C173E1C8E7C): 0
LogDevObjectVersion:   Dev-Physics (78F01B33-EBEA-4F98-B9B4-84EACCB95AA2): 0
LogDevObjectVersion:   Dev-Platform (6631380F-2D4D-43E0-8009-CF276956A95A): 0
LogDevObjectVersion:   Dev-Rendering (12F88B9F-8875-4AFC-A67C-D90C383ABD29): 26
LogDevObjectVersion:   Dev-Sequencer (7B5AE74C-D270-4C10-A958-57980B212A5A): 9
LogDevObjectVersion:   Dev-VR (D7296918-1DD6-4BDD-9DE2-64A83CC13884): 2
LogDevObjectVersion:   Dev-LoadTimes (C2A15278-BFE7-4AFE-6C17-90FF531DF755): 1
LogDevObjectVersion:   Private-Geometry (6EACA3D4-40EC-4CC1-B786-8BED09428FC5): 3
LogDevObjectVersion:   Dev-AnimPhys (29E575DD-E0A3-4627-9D10-D276232CDCEA): 17
LogDevObjectVersion:   Dev-ReflectionCapture (6B266CEC-1EC7-4B8F-A30B-E4D90942FC07): 1
LogDevObjectVersion:   Dev-Automation (0DF73D61-A23F-47EA-B727-89E90C41499A): 1
LogDevObjectVersion:   FortniteMain (601D1886-AC64-4F84-AA16-D3DE0DEAC7D6): 12
LogDevObjectVersion:   Dev-Enterprise (9DFFBCD6-494F-0158-E221-12823C92A888): 1
LogStreaming: Display: Took  0.002s to delete old logs.
LogInit: Presizing for max 8388607 objects, including 0 objects not considered by GC, pre-allocating 0 bytes for permanent pool.
LogInit: Object subsystem initialized
[2018.11.19-21.37.31:897][  0]LogInit: Selected Device Profile: [Windows]
[2018.11.19-21.37.31:897][  0]LogInit: Applying CVar settings loaded from the selected device profile: [Windows]
[2018.11.19-21.37.31:911][  0]LogHAL: Display: Platform has ~ 16 GB [17094914048 / 17179869184 / 16], which maps to Larger [LargestMinGB=32, LargerMinGB=12, DefaultMinGB=8, SmallerMinGB=6, SmallestMinGB=0)
[2018.11.19-21.37.31:911][  0]LogInit: Setting Device Profile CVar: [[r.Vulkan.UseRealUBs:1]]
[2018.11.19-21.37.31:911][  0]LogInit: Going up to parent DeviceProfile []
[2018.11.19-21.37.31:911][  0]LogInit: Computer: eae-n-035
[2018.11.19-21.37.31:911][  0]LogInit: User: u1213186
[2018.11.19-21.37.31:911][  0]LogInit: CPU Page size=4096, Cores=4
[2018.11.19-21.37.31:911][  0]LogInit: High frequency timer resolution =3.023442 MHz
[2018.11.19-21.37.31:911][  0]LogMemory: Memory total: Physical=15.9GB (16GB approx)
[2018.11.19-21.37.31:911][  0]LogMemory: Platform Memory Stats for Windows
[2018.11.19-21.37.31:911][  0]LogMemory: Process Physical Memory: 100.36 MB used, 100.36 MB peak
[2018.11.19-21.37.31:911][  0]LogMemory: Process Virtual Memory: 90.89 MB used, 90.89 MB peak
[2018.11.19-21.37.31:911][  0]LogMemory: Physical Memory: 5538.42 MB used,  10764.56 MB free, 16302.98 MB total
[2018.11.19-21.37.31:911][  0]LogMemory: Virtual Memory: 4640.38 MB used,  10764.56 MB free, 134217728.00 MB total
[2018.11.19-21.37.31:926][  0]LogInit: Using OS detected language (en-US).
[2018.11.19-21.37.31:927][  0]LogInit: Using OS detected locale (en-US).
[2018.11.19-21.37.31:927][  0]LogTextLocalizationManager: No specific localization for 'en-US' exists, so the 'en' localization will be used.
[2018.11.19-21.37.32:272][  0]LogStreaming: Display: Took  0.346s to InitEngineTextLocalization.
[2018.11.19-21.37.32:272][  0]LogInit: Setting process to per monitor DPI aware
[2018.11.19-21.37.32:312][  0]LogSlate: New Slate User Created.  User Index 0, Is Virtual User: 0
[2018.11.19-21.37.32:312][  0]LogSlate: Slate User Registered.  User Index 0, Is Virtual User: 0
[2018.11.19-21.37.32:490][  0]LogHMD: Failed to initialize OpenVR with code 110
[2018.11.19-21.37.32:490][  0]LogD3D11RHI: D3D11 adapters:
[2018.11.19-21.37.32:524][  0]LogD3D11RHI:    0. 'Radeon RX Vega M GH Graphics' (Feature Level 11_0)
[2018.11.19-21.37.32:524][  0]LogD3D11RHI:       4042/0/8151 MB DedicatedVideo/DedicatedSystem/SharedSystem, Outputs:1, VendorId:0x1002
[2018.11.19-21.37.32:534][  0]LogD3D11RHI:    1. 'Intel(R) HD Graphics 630' (Feature Level 11_0)
[2018.11.19-21.37.32:534][  0]LogD3D11RHI:       128/0/8151 MB DedicatedVideo/DedicatedSystem/SharedSystem, Outputs:0, VendorId:0x8086
[2018.11.19-21.37.32:536][  0]LogD3D11RHI:    2. 'Microsoft Basic Render Driver' (Feature Level 11_0)
[2018.11.19-21.37.32:536][  0]LogD3D11RHI:       0/0/8151 MB DedicatedVideo/DedicatedSystem/SharedSystem, Outputs:0, VendorId:0x1414
[2018.11.19-21.37.32:536][  0]LogD3D11RHI: Chosen D3D11 Adapter: 0
[2018.11.19-21.37.32:542][  0]LogD3D11RHI: Creating new Direct3DDevice
[2018.11.19-21.37.32:542][  0]LogD3D11RHI:     GPU DeviceId: 0x694c (for the marketing name, search the web for "GPU Device Id")
[2018.11.19-21.37.32:542][  0]LogWindows: EnumDisplayDevices:
[2018.11.19-21.37.32:542][  0]LogWindows:    0. 'Radeon RX Vega M GH Graphics' (P:1 D:1)
[2018.11.19-21.37.32:542][  0]LogWindows:    1. 'Radeon RX Vega M GH Graphics' (P:0 D:0)
[2018.11.19-21.37.32:543][  0]LogWindows:    2. 'Radeon RX Vega M GH Graphics' (P:0 D:0)
[2018.11.19-21.37.32:543][  0]LogWindows:    3. 'Radeon RX Vega M GH Graphics' (P:0 D:0)
[2018.11.19-21.37.32:543][  0]LogWindows:    4. 'Radeon RX Vega M GH Graphics' (P:0 D:0)
[2018.11.19-21.37.32:543][  0]LogWindows:    5. 'Radeon RX Vega M GH Graphics' (P:0 D:0)
[2018.11.19-21.37.32:544][  0]LogWindows:    6. 'Radeon RX Vega M GH Graphics' (P:0 D:0)
[2018.11.19-21.37.32:544][  0]LogWindows:    7. 'Radeon RX Vega M GH Graphics' (P:0 D:0)
[2018.11.19-21.37.32:544][  0]LogWindows:    8. 'Radeon RX Vega M GH Graphics' (P:0 D:0)
[2018.11.19-21.37.32:544][  0]LogWindows:    9. 'Radeon RX Vega M GH Graphics' (P:0 D:0)
[2018.11.19-21.37.32:545][  0]LogWindows:    10. 'Radeon RX Vega M GH Graphics' (P:0 D:0)
[2018.11.19-21.37.32:545][  0]LogWindows:    11. 'Radeon RX Vega M GH Graphics' (P:0 D:0)
[2018.11.19-21.37.32:545][  0]LogWindows:    12. 'Radeon RX Vega M GH Graphics' (P:0 D:0)
[2018.11.19-21.37.32:545][  0]LogWindows:    13. 'Radeon RX Vega M GH Graphics' (P:0 D:0)
[2018.11.19-21.37.32:545][  0]LogWindows:    14. 'Radeon RX Vega M GH Graphics' (P:0 D:0)
[2018.11.19-21.37.32:546][  0]LogWindows:    15. 'Radeon RX Vega M GH Graphics' (P:0 D:0)
[2018.11.19-21.37.32:546][  0]LogWindows:    16. 'Intel(R) HD Graphics 630' (P:0 D:0)
[2018.11.19-21.37.32:546][  0]LogWindows:    17. 'Intel(R) HD Graphics 630' (P:0 D:0)
[2018.11.19-21.37.32:546][  0]LogWindows: DebugString: PrimaryIsNotTheChoosenAdapter PrimaryIsNotTheChoosenAdapter FoundDriverCount:16 
[2018.11.19-21.37.32:546][  0]LogD3D11RHI:     Adapter Name: Radeon RX Vega M GH Graphics
[2018.11.19-21.37.32:546][  0]LogD3D11RHI:   Driver Version: Adrenalin 18.5.1 (internal:24.20.11016.4, unified:24.20.11016.4)
[2018.11.19-21.37.32:546][  0]LogD3D11RHI:      Driver Date: 5-16-2018
[2018.11.19-21.37.32:546][  0]LogRHI: Texture pool is 2829 MB (70% of 4042 MB)
[2018.11.19-21.37.32:692][  0]LogD3D11RHI: Async texture creation enabled
[2018.11.19-21.37.32:703][  0]LogD3D11RHI: GPU Timing Frequency: 25.000000 (Debug: 2 1)
[2018.11.19-21.37.32:705][  0]LogShaderCompilers: Guid format shader working directory is -44 characters bigger than the processId version (../../../../../../Users/u1213186/Documents/GitHub/AssetPipeMaster01_try2/APsec1LargeCityBase/Intermediate/Shaders/WorkingDirectory/13216/).
[2018.11.19-21.37.32:705][  0]LogShaderCompilers: Cleaned the shader compiler working directory 'C:/Users/u1213186/AppData/Local/Temp/UnrealShaderWorkingDir/41E7473941C49567A3F2FD8F6EA7F362/'.
[2018.11.19-21.37.32:953][  0]LogTemp: Display: Loaded TP AllDesktopTargetPlatform
[2018.11.19-21.37.32:965][  0]LogTemp: Display: Loaded TP MacClientTargetPlatform
[2018.11.19-21.37.32:978][  0]LogTemp: Display: Loaded TP MacNoEditorTargetPlatform
[2018.11.19-21.37.32:993][  0]LogTemp: Display: Loaded TP MacServerTargetPlatform
[2018.11.19-21.37.33:007][  0]LogTemp: Display: Loaded TP MacTargetPlatform
[2018.11.19-21.37.33:020][  0]LogTemp: Display: Loaded TP WindowsClientTargetPlatform
[2018.11.19-21.37.33:033][  0]LogTemp: Display: Loaded TP WindowsNoEditorTargetPlatform
[2018.11.19-21.37.33:046][  0]LogTemp: Display: Loaded TP WindowsServerTargetPlatform
[2018.11.19-21.37.33:052][  0]LogTemp: Display: Loaded TP WindowsTargetPlatform
[2018.11.19-21.37.33:130][  0]LogTemp: Display: Loaded TP AndroidTargetPlatform
[2018.11.19-21.37.33:130][  0]LogTemp: Display: Loaded TP AndroidTargetPlatform
[2018.11.19-21.37.33:130][  0]LogTemp: Display: Loaded TP AndroidTargetPlatform
[2018.11.19-21.37.33:130][  0]LogTemp: Display: Loaded TP AndroidTargetPlatform
[2018.11.19-21.37.33:130][  0]LogTemp: Display: Loaded TP AndroidTargetPlatform
[2018.11.19-21.37.33:130][  0]LogTemp: Display: Loaded TP AndroidTargetPlatform
[2018.11.19-21.37.33:130][  0]LogTemp: Display: Loaded TP AndroidTargetPlatform
[2018.11.19-21.37.33:130][  0]LogTemp: Display: Loaded TP AndroidTargetPlatform
[2018.11.19-21.37.33:130][  0]LogTemp: Display: Loaded TP AndroidTargetPlatform
[2018.11.19-21.37.33:130][  0]LogTemp: Display: Loaded TP AndroidTargetPlatform
[2018.11.19-21.37.33:130][  0]LogTemp: Display: Loaded TP AndroidTargetPlatform
[2018.11.19-21.37.33:130][  0]LogTemp: Display: Loaded TP AndroidTargetPlatform
[2018.11.19-21.37.33:130][  0]LogTemp: Display: Loaded TP AndroidTargetPlatform
[2018.11.19-21.37.33:130][  0]LogTemp: Display: Loaded TP AndroidTargetPlatform
[2018.11.19-21.37.33:130][  0]LogTemp: Display: Loaded TP AndroidTargetPlatform
[2018.11.19-21.37.33:130][  0]LogTemp: Display: Loaded TP AndroidTargetPlatform
[2018.11.19-21.37.33:130][  0]LogTemp: Display: Loaded TP AndroidTargetPlatform
[2018.11.19-21.37.33:130][  0]LogTemp: Display: Loaded TP AndroidTargetPlatform
[2018.11.19-21.37.33:133][  0]LogTemp: Display: Loaded TP HTML5TargetPlatform
[2018.11.19-21.37.33:190][  0]LogTemp: Display: Loaded TP IOSTargetPlatform
[2018.11.19-21.37.33:190][  0]LogTemp: Display: Loaded TP IOSTargetPlatform
[2018.11.19-21.37.33:211][  0]LogTemp: Display: Loaded TP TVOSTargetPlatform
[2018.11.19-21.37.33:211][  0]LogTemp: Display: Loaded TP TVOSTargetPlatform
[2018.11.19-21.37.33:220][  0]LogTemp: Display: Loaded TP LinuxClientTargetPlatform
[2018.11.19-21.37.33:232][  0]LogTemp: Display: Loaded TP LinuxNoEditorTargetPlatform
[2018.11.19-21.37.33:243][  0]LogTemp: Display: Loaded TP LinuxServerTargetPlatform
[2018.11.19-21.37.33:254][  0]LogTemp: Display: Loaded TP LinuxTargetPlatform
[2018.11.19-21.37.33:263][  0]LogTemp: Display: Loaded TP LuminTargetPlatform
[2018.11.19-21.37.33:263][  0]LogTargetPlatformManager: Display: Building Assets For Windows
[2018.11.19-21.37.33:318][  0]LogXGEController: Cleaning working directory: C:/Users/u1213186/AppData/Local/Temp/UnrealXGEWorkingDir/
[2018.11.19-21.37.33:319][  0]LogXGEController: Cannot use XGE Controller as Incredibuild is not installed on this machine.
[2018.11.19-21.37.33:319][  0]LogShaderCompilers: Cannot use XGE Shader Compiler as Incredibuild is not installed on this machine.
[2018.11.19-21.37.33:319][  0]LogShaderCompilers: Display: Using Local Shader Compiler.
[2018.11.19-21.37.33:989][  0]LogDerivedDataCache: Display: Max Cache Size: 512 MB
[2018.11.19-21.37.34:052][  0]LogDerivedDataCache: Loaded boot cache 0.06s 87MB C:/Users/u1213186/AppData/Local/UnrealEngine/4.20/DerivedDataCache/Boot.ddc.
[2018.11.19-21.37.34:052][  0]LogDerivedDataCache: Display: Loaded Boot cache: C:/Users/u1213186/AppData/Local/UnrealEngine/4.20/DerivedDataCache/Boot.ddc
[2018.11.19-21.37.34:052][  0]LogDerivedDataCache: FDerivedDataBackendGraph:  Pak pak cache file ../../../../../../Users/u1213186/Documents/GitHub/AssetPipeMaster01_try2/APsec1LargeCityBase/DerivedDataCache/DDC.ddp not found, will not use a pak cache.
[2018.11.19-21.37.34:052][  0]LogDerivedDataCache: Unable to find inner node Pak for hierarchical cache Hierarchy.
[2018.11.19-21.37.34:052][  0]LogDerivedDataCache: FDerivedDataBackendGraph:  CompressedPak pak cache file ../../../../../../Users/u1213186/Documents/GitHub/AssetPipeMaster01_try2/APsec1LargeCityBase/DerivedDataCache/Compressed.ddp not found, will not use a pak cache.
[2018.11.19-21.37.34:052][  0]LogDerivedDataCache: Unable to find inner node CompressedPak for hierarchical cache Hierarchy.
[2018.11.19-21.37.34:064][  0]LogDerivedDataCache: Display: Pak cache opened for reading ../../../Engine/DerivedDataCache/Compressed.ddp.
[2018.11.19-21.37.34:076][  0]LogDerivedDataCache: Using Local data cache path C:/Users/u1213186/AppData/Local/UnrealEngine/Common/DerivedDataCache: Writable
[2018.11.19-21.37.34:076][  0]LogDerivedDataCache: Shared data cache path not found in *engine.ini, will not use an Shared cache.
[2018.11.19-21.37.34:076][  0]LogDerivedDataCache: Unable to find inner node Shared for hierarchical cache Hierarchy.
[2018.11.19-21.37.34:092][  0]LogMaterial: Verifying Global Shaders for PCD3D_SM5
[2018.11.19-21.37.34:093][  0]LogSlate: Using FreeType 2.6.0
[2018.11.19-21.37.34:093][  0]LogSlate: SlateFontServices - WITH_FREETYPE: 1, WITH_HARFBUZZ: 1
[2018.11.19-21.37.34:161][  0]LogAssetRegistry: FAssetRegistry took 0.0256 seconds to start up
[2018.11.19-21.37.34:444][  0]LogInit: Selected Device Profile: [Windows]
[2018.11.19-21.37.34:579][  0]LogSimplygon: Simplygon DLL not present - disabling.
[2018.11.19-21.37.34:583][  0]LogMeshReduction: Using SimplygonSwarm for distributed automatic mesh merging
[2018.11.19-21.37.34:583][  0]LogMeshReduction: Using ProxyLODMeshReduction for automatic mesh merging
[2018.11.19-21.37.34:583][  0]LogMeshReduction: Using QuadricMeshReduction for automatic static mesh reduction
[2018.11.19-21.37.34:583][  0]LogMeshReduction: No automatic skeletal mesh reduction module available
[2018.11.19-21.37.34:606][  0]LogNetVersion: APsec1LargeCityBase 1.0.0, NetCL: 4212847, EngineNetVer: 5, GameNetVer: 0 (Checksum: 1121110827)
[2018.11.19-21.37.35:199][  0]LogPackageLocalizationCache: Processed 11 localized package path(s) for 2 prioritized culture(s) in 0.117964 seconds
[2018.11.19-21.37.35:205][  0]LogUObjectArray: 38439 objects as part of root set at end of initial load.
[2018.11.19-21.37.35:205][  0]LogUObjectAllocator: 6691992 out of 0 bytes used by permanent object pool.
[2018.11.19-21.37.35:205][  0]LogUObjectArray: CloseDisregardForGC: 0/0 objects in disregard for GC pool
[2018.11.19-21.37.36:005][  0]LogTcpMessaging: Initializing TcpMessaging bridge
[2018.11.19-21.37.36:019][  0]LogUdpMessaging: Initializing bridge on interface 0.0.0.0:0 to multicast group 230.0.0.1:6666.
[2018.11.19-21.37.36:239][  0]SourceControl: Source control is disabled
[2018.11.19-21.37.36:239][  0]SourceControl: Source control is disabled
[2018.11.19-21.37.36:240][  0]SourceControl: Source control is disabled
[2018.11.19-21.37.36:241][  0]SourceControl: Source control is disabled
[2018.11.19-21.37.36:400][  0]LogAndroidPermission: UAndroidPermissionCallbackProxy::GetInstance
[2018.11.19-21.37.36:471][  0]LogOcInput: OculusInput pre-init called
[2018.11.19-21.37.36:526][  0]LogEngine: Initializing Engine...
[2018.11.19-21.37.36:527][  0]LogHMD: Failed to initialize OpenVR with code 110
[2018.11.19-21.37.36:528][  0]LogStats: UGameplayTagsManager::ConstructGameplayTagTree: ImportINI prefixes -  0.000 s
[2018.11.19-21.37.36:528][  0]LogStats: UGameplayTagsManager::ConstructGameplayTagTree: Construct from data asset -  0.000 s
[2018.11.19-21.37.36:528][  0]LogStats: UGameplayTagsManager::ConstructGameplayTagTree: ImportINI -  0.000 s
[2018.11.19-21.37.36:528][  0]LogStats: UGameplayTagsManager::ConstructGameplayTagTree: GameplayTagTreeChangedEvent.Broadcast -  0.000 s
[2018.11.19-21.37.36:710][  0]LogInit: Initializing FReadOnlyCVARCache
[2018.11.19-21.37.36:725][  0]LogAIModule: Creating AISystem for world Untitled
[2018.11.19-21.37.36:749][  0]LogInit: XAudio2 using '5 - DELL UZ2315H (AMD High Definition Audio Device)' : 2 channels at 48 kHz using 16 bits per sample (channel mask 0x3)
[2018.11.19-21.37.36:773][  0]LogInit: FAudioDevice initialized.
[2018.11.19-21.37.36:774][  0]LogNetVersion: Set ProjectVersion to 1.0.0.0. Version Checksum will be recalculated on next use.
[2018.11.19-21.37.36:858][  0]LogDerivedDataCache: Saved boot cache 0.08s 76MB C:/Users/u1213186/AppData/Local/UnrealEngine/4.20/DerivedDataCache/Boot.ddc.
[2018.11.19-21.37.36:862][  0]LogInit: Texture streaming: Enabled
[2018.11.19-21.37.36:878][  0]LogEngineSessionManager: EngineSessionManager initialized
[2018.11.19-21.37.36:893][  0]LogInit: Transaction tracking system initialized
[2018.11.19-21.37.36:914][  0]BlueprintLog: New page: Editor Load
[2018.11.19-21.37.37:003][  0]LocalizationService: Localization service is disabled
[2018.11.19-21.37.37:228][  0]LogCook: Display: Max memory allowance for cook 16384mb min free memory 0mb
[2018.11.19-21.37.37:228][  0]LogCook: Display: Mobile HDR setting 1
[2018.11.19-21.37.37:228][  0]LogGameplayTags: Display: UGameplayTagsManager::DoneAddingNativeTags. DelegateIsBound: 0
[2018.11.19-21.37.37:228][  0]LogStats: UGameplayTagsManager::ConstructGameplayTagTree: ImportINI prefixes -  0.000 s
[2018.11.19-21.37.37:228][  0]LogStats: UGameplayTagsManager::ConstructGameplayTagTree: Construct from data asset -  0.000 s
[2018.11.19-21.37.37:228][  0]LogStats: UGameplayTagsManager::ConstructGameplayTagTree: ImportINI -  0.000 s
[2018.11.19-21.37.37:228][  0]LogStats: UGameplayTagsManager::ConstructGameplayTagTree: GameplayTagTreeChangedEvent.Broadcast -  0.000 s
[2018.11.19-21.37.37:350][  0]LogFileCache: Scanning file cache for directory 'C:/Users/u1213186/Documents/GitHub/AssetPipeMaster01_try2/APsec1LargeCityBase/Content/' took 0.02s
[2018.11.19-21.37.37:351][  0]SourceControl: Source control is disabled
[2018.11.19-21.37.37:351][  0]Cmd: MAP LOAD FILE="../../../Engine/Content/Maps/Templates/Template_Default.umap" TEMPLATE=1 SHOWPROGRESS=1 FEATURELEVEL=3
[2018.11.19-21.37.37:351][  0]LightingResults: New page: Lighting Build
[2018.11.19-21.37.37:355][  0]MapCheck: New page: Map Check
[2018.11.19-21.37.37:355][  0]LightingResults: New page: Lighting Build
[2018.11.19-21.37.37:538][  0]LogAIModule: Creating AISystem for world Untitled_1
[2018.11.19-21.37.37:544][  0]LogEditorServer: Finished looking for orphan Actors (0.000 secs)
[2018.11.19-21.37.37:565][  0]Cmd: MAP CHECKDEP NOCLEARLOG
[2018.11.19-21.37.37:624][  0]MapCheck: Map check complete: 0 Error(s), 0 Warning(s), took 59.013ms to complete.
[2018.11.19-21.37.37:624][  0]LogFileHelpers: Loading map 'Template_Default' took 0.274
[2018.11.19-21.37.37:717][  0]LogSlate: Updating window title bar state: overlay mode, drag disabled, window buttons hidden, title bar hidden
[2018.11.19-21.37.37:724][  0]LogSlate: Updating window title bar state: overlay mode, drag disabled, window buttons hidden, title bar hidden
[2018.11.19-21.37.37:730][  0]LogSlate: Updating window title bar state: overlay mode, drag disabled, window buttons hidden, title bar hidden
[2018.11.19-21.37.37:737][  0]LogSlate: Updating window title bar state: overlay mode, drag disabled, window buttons hidden, title bar hidden
[2018.11.19-21.37.37:745][  0]LogCollectionManager: Loaded 0 collections in 0.002257 seconds
[2018.11.19-21.37.37:788][  0]LogFileCache: Scanning file cache for directory 'C:/Users/u1213186/Documents/GitHub/AssetPipeMaster01_try2/APsec1LargeCityBase/Saved/Collections/' took 0.01s
[2018.11.19-21.37.37:788][  0]LogFileCache: Scanning file cache for directory 'C:/Users/u1213186/Documents/GitHub/AssetPipeMaster01_try2/APsec1LargeCityBase/Content/Developers/u1213186/Collections/' took 0.01s
[2018.11.19-21.37.37:788][  0]LogFileCache: Scanning file cache for directory 'C:/Users/u1213186/Documents/GitHub/AssetPipeMaster01_try2/APsec1LargeCityBase/Content/Collections/' took 0.01s
[2018.11.19-21.37.37:788][  0]LogCollectionManager: Rebuilt the GUID cache for 0 collections in 0.000000 seconds
[2018.11.19-21.37.37:796][  0]LogContentBrowser: Native class hierarchy populated in 0.0078 seconds. Added 2572 classes and 603 folders.
[2018.11.19-21.37.37:802][  0]LogContentBrowser: Native class hierarchy updated for 'WidgetCarousel' in 0.0003 seconds. Added 0 classes and 0 folders.
[2018.11.19-21.37.37:845][  0]LogContentBrowser: Native class hierarchy updated for 'AddContentDialog' in 0.0002 seconds. Added 0 classes and 0 folders.
[2018.11.19-21.37.37:849][  0]LogContentBrowser: Native class hierarchy updated for 'SceneOutliner' in 0.0002 seconds. Added 1 classes and 2 folders.
[2018.11.19-21.37.37:862][  0]LogSlate: Took 0.000231 seconds to synchronously load lazily loaded font '../../../Engine/Content/Slate/Fonts/Roboto-Regular.ttf' (155K)
[2018.11.19-21.37.37:864][  0]LogSlate: Took 0.000180 seconds to synchronously load lazily loaded font '../../../Engine/Content/Slate/Fonts/Roboto-Bold.ttf' (160K)
[2018.11.19-21.37.37:868][  0]LogSlate: Took 0.000177 seconds to synchronously load lazily loaded font '../../../Engine/Content/Editor/Slate/Fonts/FontAwesome.ttf' (139K)
[2018.11.19-21.37.37:936][  0]LogRenderer: Reallocating scene render targets to support 1208x576 Format 10 NumSamples 1 (Frame:1).
[2018.11.19-21.37.38:043][  0]LogSlate: FSceneViewport::OnFocusLost() reason 2
[2018.11.19-21.37.38:056][  0]LogSlate: Window 'Tutorials' being destroyed
[2018.11.19-21.37.38:086][  0]LogContentBrowser: Native class hierarchy updated for 'HierarchicalLODOutliner' in 0.0002 seconds. Added 0 classes and 0 folders.
[2018.11.19-21.37.38:086][  0]LogLoad: (Engine Initialization) Total time: 7.82 seconds
[2018.11.19-21.37.38:086][  0]LogLoad: (Engine Initialization) Total Blueprint compile time: 0.00 seconds
[2018.11.19-21.37.38:096][  0]LogWindowsTextInputMethodSystem: Display: IME system now deactivated.
[2018.11.19-21.37.38:116][  0]LogContentStreaming: Texture pool size now 3000 MB
[2018.11.19-21.37.38:142][  0]LogSlate: Took 0.000149 seconds to synchronously load lazily loaded font '../../../Engine/Content/Slate/Fonts/Roboto-Light.ttf' (167K)
[2018.11.19-21.37.38:169][  1]LogAssetRegistry: Asset discovery search completed in 4.0301 seconds
[2018.11.19-21.37.38:170][  1]LogCollectionManager: Rebuilt the object cache for 0 collections in 0.000000 seconds (found 0 objects)
[2018.11.19-21.37.38:170][  1]LogCollectionManager: Fixed up redirectors for 0 collections in 0.000039 seconds (updated 0 objects)
[2018.11.19-21.37.41:412][380]LogSlate: FSceneViewport::OnFocusLost() reason 0
[2018.11.19-21.37.46:777][ 10]LogSlate: Took 0.000245 seconds to synchronously load lazily loaded font '../../../Engine/Content/Slate/Fonts/Roboto-Light.ttf' (167K)
[2018.11.19-21.37.46:786][ 10]LogLinker: Warning: Asset '../../../../../../Users/u1213186/Documents/GitHub/AssetPipeMaster01_try2/APsec1LargeCityBase/Content/StreetSceneLarge1_DJW.umap' has been saved with empty engine version. The asset will be loaded but may be incompatible.
[2018.11.19-21.37.46:796][ 10]LogLinker: Warning: Asset '../../../../../../Users/u1213186/Documents/GitHub/AssetPipeMaster01_try2/APsec1LargeCityBase/Content/StreetSceneLarge1_DJW_BuiltData.uasset' has been saved with empty engine version. The asset will be loaded but may be incompatible.
[2018.11.19-21.37.46:807][ 10]LogLinker: Warning: Asset '../../../../../../Users/u1213186/Documents/GitHub/AssetPipeMaster01_try2/APsec1LargeCityBase/Content/Car_DJW/BatmobileTexture_DJW.uasset' has been saved with empty engine version. The asset will be loaded but may be incompatible.
[2018.11.19-21.37.46:808][ 10]LogLinker: Warning: Asset '../../../../../../Users/u1213186/Documents/GitHub/AssetPipeMaster01_try2/APsec1LargeCityBase/Content/Car_DJW/M_MasterWoodBlock_AP_DJW.uasset' has been saved with empty engine version. The asset will be loaded but may be incompatible.
[2018.11.19-21.37.46:809][ 10]LogLinker: Warning: Asset '../../../../../../Users/u1213186/Documents/GitHub/AssetPipeMaster01_try2/APsec1LargeCityBase/Content/Car_DJW/WoodTexture004_DJW.uasset' has been saved with empty engine version. The asset will be loaded but may be incompatible.
[2018.11.19-21.37.46:810][ 10]LogLinker: Warning: Asset '../../../../../../Users/u1213186/Documents/GitHub/AssetPipeMaster01_try2/APsec1LargeCityBase/Content/Car_DJW/WoodTexture004Norm_DJW.uasset' has been saved with empty engine version. The asset will be loaded but may be incompatible.
[2018.11.19-21.37.46:813][ 10]LogLinker: Warning: Asset '../../../../../../Users/u1213186/Documents/GitHub/AssetPipeMaster01_try2/APsec1LargeCityBase/Content/Car_DJW/M_MasterWoodBlock_AP_WHeel_DJW.uasset' has been saved with empty engine version. The asset will be loaded but may be incompatible.
[2018.11.19-21.37.46:829][ 10]LogLinker: Warning: Asset '../../../../../../Users/u1213186/Documents/GitHub/AssetPipeMaster01_try2/APsec1LargeCityBase/Content/WoodBlocks_DJW/Pyramid.uasset' has been saved with empty engine version. The asset will be loaded but may be incompatible.
[2018.11.19-21.37.46:830][ 10]LogLinker: Warning: Asset '../../../../../../Users/u1213186/Documents/GitHub/AssetPipeMaster01_try2/APsec1LargeCityBase/Content/WoodBlocks_DJW/M_MasterWoodBlock_AP.uasset' has been saved with empty engine version. The asset will be loaded but may be incompatible.
[2018.11.19-21.37.46:831][ 10]LogLinker: Warning: Asset '../../../../../../Users/u1213186/Documents/GitHub/AssetPipeMaster01_try2/APsec1LargeCityBase/Content/WoodBlocks_DJW/WoodTexture004.uasset' has been saved with empty engine version. The asset will be loaded but may be incompatible.
[2018.11.19-21.37.46:833][ 10]LogLinker: Warning: Asset '../../../../../../Users/u1213186/Documents/GitHub/AssetPipeMaster01_try2/APsec1LargeCityBase/Content/WoodBlocks_DJW/WoodTexture004Norm.uasset' has been saved with empty engine version. The asset will be loaded but may be incompatible.
[2018.11.19-21.37.46:835][ 10]LogLinker: Warning: Asset '../../../../../../Users/u1213186/Documents/GitHub/AssetPipeMaster01_try2/APsec1LargeCityBase/Content/WoodBlocks_DJW/TreeFoilage.uasset' has been saved with empty engine version. The asset will be loaded but may be incompatible.
[2018.11.19-21.37.46:836][ 10]LogLinker: Warning: Asset '../../../../../../Users/u1213186/Documents/GitHub/AssetPipeMaster01_try2/APsec1LargeCityBase/Content/WoodBlocks_DJW/doadekLeaves.uasset' has been saved with empty engine version. The asset will be loaded but may be incompatible.
[2018.11.19-21.37.46:838][ 10]LogLinker: Warning: Asset '../../../../../../Users/u1213186/Documents/GitHub/AssetPipeMaster01_try2/APsec1LargeCityBase/Content/WoodBlocks_DJW/TreeTrunk.uasset' has been saved with empty engine version. The asset will be loaded but may be incompatible.
[2018.11.19-21.37.46:873][ 10]LogLinker: Warning: Asset '../../../../../../Users/u1213186/Documents/GitHub/AssetPipeMaster01_try2/APsec1LargeCityBase/Content/Car_DJW/BatmobileProperUnwrapped_pCube3_DJW.uasset' has been saved with empty engine version. The asset will be loaded but may be incompatible.
[2018.11.19-21.37.46:874][ 10]LogLinker: Warning: Asset '../../../../../../Users/u1213186/Documents/GitHub/AssetPipeMaster01_try2/APsec1LargeCityBase/Content/Car_DJW/BatmobileProperUnwrapped_pCylinder8_DJW.uasset' has been saved with empty engine version. The asset will be loaded but may be incompatible.
[2018.11.19-21.37.46:875][ 10]LogLinker: Warning: Asset '../../../../../../Users/u1213186/Documents/GitHub/AssetPipeMaster01_try2/APsec1LargeCityBase/Content/Car_DJW/BatmobileProperUnwrapped_pCylinder9_DJW.uasset' has been saved with empty engine version. The asset will be loaded but may be incompatible.
[2018.11.19-21.37.46:919][ 10]LogLinker: Warning: Can't find file '/Game/phong3SG'
[2018.11.19-21.37.46:919][ 10]LogLinker: Warning: Can't find file for asset '/Game/phong3SG' while loading ../../../../../../Users/u1213186/Documents/GitHub/AssetPipeMaster01_try2/APsec1LargeCityBase/Content/Resources_TA/SmartCarUVObj_pCube1.uasset.
[2018.11.19-21.37.46:919][ 10]LoadErrors: Error: /Game/Resources_TA/SmartCarUVObj_pCube1 : Can't find file for asset. /Game/phong3SG
[2018.11.19-21.37.46:919][ 10]LogLinker: Warning: Can't find file '/Game/phong3SG'
[2018.11.19-21.37.46:920][ 10]LogLinker: Warning: Can't find file for asset '/Game/phong3SG' while loading ../../../../../../Users/u1213186/Documents/GitHub/AssetPipeMaster01_try2/APsec1LargeCityBase/Content/Resources_TA/SmartCarUVObj_pCube1.uasset.
[2018.11.19-21.37.46:921][ 10]LogLinker: Warning: Can't find file '/Game/phong1SG'
[2018.11.19-21.37.46:921][ 10]LogLinker: Warning: Can't find file for asset '/Game/phong1SG' while loading ../../../../../../Users/u1213186/Documents/GitHub/AssetPipeMaster01_try2/APsec1LargeCityBase/Content/Resources_TA/SmartCarUVObj_pCylinder10.uasset.
[2018.11.19-21.37.46:921][ 10]LoadErrors: Error: /Game/Resources_TA/SmartCarUVObj_pCylinder10 : Can't find file for asset. /Game/phong1SG
[2018.11.19-21.37.46:921][ 10]LogLinker: Warning: Can't find file '/Game/phong1SG'
[2018.11.19-21.37.46:921][ 10]LogLinker: Warning: Can't find file for asset '/Game/phong1SG' while loading ../../../../../../Users/u1213186/Documents/GitHub/AssetPipeMaster01_try2/APsec1LargeCityBase/Content/Resources_TA/SmartCarUVObj_pCylinder10.uasset.
[2018.11.19-21.37.46:922][ 10]LogLinker: Warning: Can't find file '/Game/phong2SG'
[2018.11.19-21.37.46:922][ 10]LogLinker: Warning: Can't find file for asset '/Game/phong2SG' while loading ../../../../../../Users/u1213186/Documents/GitHub/AssetPipeMaster01_try2/APsec1LargeCityBase/Content/Resources_TA/SmartCarUVObj_pCylinder8.uasset.
[2018.11.19-21.37.46:923][ 10]LoadErrors: Error: /Game/Resources_TA/SmartCarUVObj_pCylinder8 : Can't find file for asset. /Game/phong2SG
[2018.11.19-21.37.46:923][ 10]LogLinker: Warning: Can't find file '/Game/phong2SG'
[2018.11.19-21.37.46:923][ 10]LogLinker: Warning: Can't find file for asset '/Game/phong2SG' while loading ../../../../../../Users/u1213186/Documents/GitHub/AssetPipeMaster01_try2/APsec1LargeCityBase/Content/Resources_TA/SmartCarUVObj_pCylinder8.uasset.
[2018.11.19-21.37.46:935][ 10]LogLinker: Warning: Asset '../../../../../../Users/u1213186/Documents/GitHub/AssetPipeMaster01_try2/APsec1LargeCityBase/Content/WoodBlocks_DJW/Cylinder.uasset' has been saved with empty engine version. The asset will be loaded but may be incompatible.
[2018.11.19-21.37.46:936][ 10]LogLinker: Warning: Asset '../../../../../../Users/u1213186/Documents/GitHub/AssetPipeMaster01_try2/APsec1LargeCityBase/Content/WoodBlocks_DJW/Doadech.uasset' has been saved with empty engine version. The asset will be loaded but may be incompatible.
[2018.11.19-21.37.46:937][ 10]LogLinker: Warning: Asset '../../../../../../Users/u1213186/Documents/GitHub/AssetPipeMaster01_try2/APsec1LargeCityBase/Content/WoodBlocks_DJW/ToplessPyramid.uasset' has been saved with empty engine version. The asset will be loaded but may be incompatible.
[2018.11.19-21.37.47:371][ 10]LogLinker: Warning: Can't find file '/Game/phong2SG'
[2018.11.19-21.37.47:371][ 10]LoadErrors: Failed to load /Game/phong2SG.phong2SG Referenced by SmartCarUVObj_pCylinder8
[2018.11.19-21.37.47:371][ 10]LogLinker: Warning: Can't find file for asset '/Game/phong2SG' while loading NULL.
[2018.11.19-21.37.47:372][ 10]LogLinker: Warning: Can't find file '/Game/phong2SG'
[2018.11.19-21.37.47:372][ 10]LogLinker: Warning: Can't find file for asset '/Game/phong2SG' while loading NULL.
[2018.11.19-21.37.47:372][ 10]LogLinker: Warning: Can't find file '/Game/phong1SG'
[2018.11.19-21.37.47:372][ 10]LoadErrors: Failed to load /Game/phong1SG.phong1SG Referenced by SmartCarUVObj_pCylinder10
[2018.11.19-21.37.47:373][ 10]LogLinker: Warning: Can't find file for asset '/Game/phong1SG' while loading NULL.
[2018.11.19-21.37.47:373][ 10]LogLinker: Warning: Can't find file '/Game/phong1SG'
[2018.11.19-21.37.47:373][ 10]LogLinker: Warning: Can't find file for asset '/Game/phong1SG' while loading NULL.
[2018.11.19-21.37.47:374][ 10]LogLinker: Warning: Can't find file '/Game/phong3SG'
[2018.11.19-21.37.47:374][ 10]LoadErrors: Failed to load /Game/phong3SG.phong3SG Referenced by SmartCarUVObj_pCube1
[2018.11.19-21.37.47:374][ 10]LogLinker: Warning: Can't find file for asset '/Game/phong3SG' while loading NULL.
[2018.11.19-21.37.47:374][ 10]LogLinker: Warning: Can't find file '/Game/phong3SG'
[2018.11.19-21.37.47:374][ 10]LogLinker: Warning: Can't find file for asset '/Game/phong3SG' while loading NULL.
[2018.11.19-21.37.47:729][ 10]LogAIModule: Creating AISystem for world StreetSceneLarge1_DJW
[2018.11.19-21.37.47:770][ 10]LogAssetEditorManager: Opening Asset editor for World /Game/StreetSceneLarge1_DJW.StreetSceneLarge1_DJW
[2018.11.19-21.37.47:800][ 10]Cmd: MAP LOAD FILE="../../../../../../Users/u1213186/Documents/GitHub/AssetPipeMaster01_try2/APsec1LargeCityBase/Content/StreetSceneLarge1_DJW.umap" TEMPLATE=0 SHOWPROGRESS=1 FEATURELEVEL=3
[2018.11.19-21.37.47:800][ 10]LightingResults: New page: Lighting Build
[2018.11.19-21.37.47:800][ 10]LoadErrors: New page: Loading map: StreetSceneLarge1_DJW.umap
[2018.11.19-21.37.47:801][ 10]MapCheck: New page: Map Check
[2018.11.19-21.37.47:801][ 10]LightingResults: New page: Lighting Build
[2018.11.19-21.37.47:882][ 10]LogEditorServer: Finished looking for orphan Actors (0.000 secs)
[2018.11.19-21.37.47:940][ 10]Cmd: MAP CHECKDEP NOCLEARLOG
[2018.11.19-21.37.48:028][ 10]MapCheck: Map check complete: 0 Error(s), 0 Warning(s), took 88.582ms to complete.
[2018.11.19-21.37.48:030][ 10]LogFileHelpers: Loading map 'StreetSceneLarge1_DJW' took 0.232
[2018.11.19-21.37.53:300][343]LogActorFactory: Actor Factory created Maniquin_DJW
[2018.11.19-21.37.53:592][366]LogActorFactory: Actor Factory created Maniquin_DJW
[2018.11.19-21.37.56:825][573]LogSlate: FSceneViewport::OnFocusLost() reason 0
[2018.11.19-21.38.22:698][600]LogSlate: FSceneViewport::OnFocusLost() reason 0
[2018.11.19-21.38.27:100][ 60]Cmd: TRANSACTION UNDO
[2018.11.19-21.38.27:100][ 60]LogEditorTransaction: Undo Scale Actors
[2018.11.19-21.38.29:182][179]Cmd: TRANSACTION UNDO
[2018.11.19-21.38.29:182][179]LogEditorTransaction: Undo Scale Actors
[2018.11.19-21.38.35:112][592]LogSlate: Took 0.000213 seconds to synchronously load lazily loaded font '../../../Engine/Content/Slate/Fonts/Roboto-Italic.ttf' (157K)
[2018.11.19-21.38.37:836][748]LogSlate: FSceneViewport::OnFocusLost() reason 0
[2018.11.19-21.38.41:195][ 38]LogSlate: FSceneViewport::OnFocusLost() reason 2
[2018.11.19-21.38.42:833][233]LogSlate: FSceneViewport::OnFocusLost() reason 2
[2018.11.19-21.38.44:805][233]LogSavePackage: Moving '../../../../../../Users/u1213186/Documents/GitHub/AssetPipeMaster01_try2/APsec1LargeCityBase/Saved/StreetSceneLarge1_DJW89E1E2D842C34D17C37684A08CB3B258.tmp' to '../../../../../../Users/u1213186/Documents/GitHub/AssetPipeMaster01_try2/APsec1LargeCityBase/Content/StreetSceneLarge1_DJW.umap'
[2018.11.19-21.38.44:837][233]LogFileHelpers: Saving map 'StreetSceneLarge1_DJW' took 1.995
[2018.11.19-21.38.46:572][364]LogSlate: FSceneViewport::OnFocusLost() reason 0
