Log file open, 11/14/18 21:11:02
LogWindows: Failed to load 'aqProf.dll' (GetLastError=126)
LogWindows: File 'aqProf.dll' does not exist
LogWindows: Failed to load 'VSPerf140.dll' (GetLastError=126)
LogWindows: File 'VSPerf140.dll' does not exist
LogWindows: Failed to load 'VtuneApi.dll' (GetLastError=126)
LogWindows: File 'VtuneApi.dll' does not exist
LogWindows: Failed to load 'VtuneApi32e.dll' (GetLastError=126)
LogWindows: File 'VtuneApi32e.dll' does not exist
LogInit: Display: Running engine for game: APsec1LargeCityBase
LogPlatformFile: Not using cached read wrapper
LogTaskGraph: Started task graph with 5 named threads and 11 total threads with 3 sets of task threads.
LogStats: Stats thread started at 0.376435
LogD3D11RHI: Loaded GFSDK_Aftermath_Lib.x64.dll
LogICUInternationalization: Display: ICU TimeZone Detection - Raw Offset: -7:00, Platform Override: ''
LogPluginManager: Mounting plugin Paper2D
LogPluginManager: Mounting plugin AISupport
LogPluginManager: Mounting plugin LightPropagationVolume
LogPluginManager: Mounting plugin CLionSourceCodeAccess
LogPluginManager: Mounting plugin CodeLiteSourceCodeAccess
LogPluginManager: Mounting plugin GitSourceControl
LogPluginManager: Mounting plugin KDevelopSourceCodeAccess
LogPluginManager: Mounting plugin NullSourceCodeAccess
LogPluginManager: Mounting plugin PerforceSourceControl
LogPluginManager: Mounting plugin SubversionSourceControl
LogPluginManager: Mounting plugin UObjectPlugin
LogPluginManager: Mounting plugin VisualStudioCodeSourceCodeAccess
LogPluginManager: Mounting plugin VisualStudioSourceCodeAccess
LogPluginManager: Mounting plugin XCodeSourceCodeAccess
LogPluginManager: Mounting plugin AssetManagerEditor
LogPluginManager: Mounting plugin CryptoKeys
LogPluginManager: Mounting plugin DataValidation
LogPluginManager: Mounting plugin FacialAnimation
LogPluginManager: Mounting plugin GameplayTagsEditor
LogPluginManager: Mounting plugin MacGraphicsSwitching
LogPluginManager: Mounting plugin MeshEditor
LogPluginManager: Mounting plugin MobileLauncherProfileWizard
LogPluginManager: Mounting plugin PluginBrowser
LogPluginManager: Mounting plugin SpeedTreeImporter
LogPluginManager: Mounting plugin DatasmithContent
LogPluginManager: Mounting plugin AlembicImporter
LogPluginManager: Mounting plugin AppleImageUtils
LogPluginManager: Mounting plugin AppleVision
LogPluginManager: Mounting plugin BackChannel
LogPluginManager: Mounting plugin CharacterAI
LogPluginManager: Mounting plugin GeometryCache
LogPluginManager: Mounting plugin HTML5Networking
LogPluginManager: Mounting plugin ProxyLODPlugin
LogPluginManager: Mounting plugin MagicLeap
LogPluginManager: Mounting plugin MagicLeapEmulator
LogPluginManager: Mounting plugin MagicLeapMedia
LogPluginManager: Mounting plugin AndroidMedia
LogPluginManager: Mounting plugin AvfMedia
LogPluginManager: Mounting plugin ImgMedia
LogPluginManager: Mounting plugin LinearTimecode
LogPluginManager: Mounting plugin MediaCompositing
LogPluginManager: Mounting plugin MediaPlayerEditor
LogPluginManager: Mounting plugin WmfMedia
LogPluginManager: Mounting plugin TcpMessaging
LogPluginManager: Mounting plugin UdpMessaging
LogPluginManager: Mounting plugin ActorSequence
LogPluginManager: Mounting plugin LevelSequenceEditor
LogPluginManager: Mounting plugin MatineeToLevelSequence
LogPluginManager: Mounting plugin NetcodeUnitTest
LogPluginManager: Mounting plugin NUTUnrealEngine4
LogPluginManager: Mounting plugin OnlineSubsystemGooglePlay
LogPluginManager: Mounting plugin OnlineSubsystemIOS
LogPluginManager: Mounting plugin OnlineSubsystem
LogPluginManager: Mounting plugin OnlineSubsystemNull
LogPluginManager: Mounting plugin OnlineSubsystemUtils
LogPluginManager: Mounting plugin LauncherChunkInstaller
LogPluginManager: Mounting plugin AndroidDeviceProfileSelector
LogPluginManager: Mounting plugin AndroidMoviePlayer
LogPluginManager: Mounting plugin AndroidPermission
LogPluginManager: Mounting plugin AppleMoviePlayer
LogPluginManager: Mounting plugin ArchVisCharacter
LogPluginManager: Mounting plugin AudioCapture
LogPluginManager: Mounting plugin CableComponent
LogPluginManager: Mounting plugin CustomMeshComponent
LogPluginManager: Mounting plugin EditableMesh
LogPluginManager: Mounting plugin ExampleDeviceProfileSelector
LogPluginManager: Mounting plugin GoogleCloudMessaging
LogPluginManager: Mounting plugin ImmediatePhysics
LogPluginManager: Mounting plugin IOSDeviceProfileSelector
LogPluginManager: Mounting plugin LinuxDeviceProfileSelector
LogPluginManager: Mounting plugin LocationServicesBPLibrary
LogPluginManager: Mounting plugin MobilePatchingUtils
LogPluginManager: Mounting plugin OculusVR
LogPluginManager: Plugin shader directory ../../../Engine/Plugins/Runtime/Oculus/OculusVR/Shaders found
LogPluginManager: Mapping shader source directory ../../../Engine/Plugins/Runtime/Oculus/OculusVR/Shaders to virtual directory /Plugin/OculusVR
LogPluginManager: Mounting plugin PhysXVehicles
LogPluginManager: Mounting plugin ProceduralMeshComponent
LogPluginManager: Mounting plugin RuntimePhysXCooking
LogPluginManager: Mounting plugin SteamVR
LogPluginManager: Mounting plugin WindowsMoviePlayer
LogStreaming: Display: Took  0.233s to configure plugins.
LogInit: Using libcurl 7.55.1-DEV
LogInit:  - built for x86_64-pc-win32
LogInit:  - supports SSL with OpenSSL/1.0.2h
LogInit:  - supports HTTP deflate (compression) using libz 1.2.8
LogInit:  - other features:
LogInit:      CURL_VERSION_SSL
LogInit:      CURL_VERSION_LIBZ
LogInit:      CURL_VERSION_IPV6
LogInit:      CURL_VERSION_ASYNCHDNS
LogInit:      CURL_VERSION_LARGEFILE
LogInit:      CURL_VERSION_IDN
LogInit:  CurlRequestOptions (configurable via config and command line):
LogInit:  - bVerifyPeer = false  - Libcurl will NOT verify peer certificate
LogInit:  - bUseHttpProxy = false  - Libcurl will NOT use HTTP proxy
LogInit:  - bDontReuseConnections = false  - Libcurl will reuse connections
LogInit:  - CertBundlePath = nullptr  - Libcurl will use whatever was configured at build time.
LogInit:  - MaxHostConnections = 16  - Libcurl will limit the number of connections to a host
LogInit:  - LocalHostAddr = Default
LogInit:  - BufferSize = 65536
LogInit: WinSock: version 1.1 (2.2), MaxSocks=32767, MaxUdp=65467
LogInit: Build: ++UE4+Release-4.20-CL-4369336
LogInit: Engine Version: 4.20.3-4369336+++UE4+Release-4.20
LogInit: Compatible Engine Version: 4.20.0-4212847+++UE4+Release-4.20
LogInit: Net CL: 4212847
LogInit: OS: Windows 10 (), CPU: Intel(R) Core(TM) i5-7200U CPU @ 2.50GHz, GPU: Intel(R) HD Graphics 620
LogInit: Compiled (64-bit): Sep 17 2018 12:26:19
LogInit: Compiled with Visual C++: 19.13.26129.00
LogInit: Build Configuration: Development
LogInit: Branch Name: ++UE4+Release-4.20
LogInit: Command Line: 
LogInit: Base Directory: C:/Program Files/Epic Games/UE_4.20/Engine/Binaries/Win64/
LogInit: Installed Engine Build: 1
LogDevObjectVersion: Number of dev versions registered: 20
LogDevObjectVersion:   Dev-Blueprints (B0D832E4-1F89-4F0D-ACCF-7EB736FD4AA2): 10
LogDevObjectVersion:   Dev-Build (E1C64328-A22C-4D53-A36C-8E866417BD8C): 0
LogDevObjectVersion:   Dev-Core (375EC13C-06E4-48FB-B500-84F0262A717E): 2
LogDevObjectVersion:   Dev-Editor (E4B068ED-F494-42E9-A231-DA0B2E46BB41): 24
LogDevObjectVersion:   Dev-Framework (CFFC743F-43B0-4480-9391-14DF171D2073): 34
LogDevObjectVersion:   Dev-Mobile (B02B49B5-BB20-44E9-A304-32B752E40360): 2
LogDevObjectVersion:   Dev-Networking (A4E4105C-59A1-49B5-A7C5-40C4547EDFEE): 0
LogDevObjectVersion:   Dev-Online (39C831C9-5AE6-47DC-9A44-9C173E1C8E7C): 0
LogDevObjectVersion:   Dev-Physics (78F01B33-EBEA-4F98-B9B4-84EACCB95AA2): 0
LogDevObjectVersion:   Dev-Platform (6631380F-2D4D-43E0-8009-CF276956A95A): 0
LogDevObjectVersion:   Dev-Rendering (12F88B9F-8875-4AFC-A67C-D90C383ABD29): 26
LogDevObjectVersion:   Dev-Sequencer (7B5AE74C-D270-4C10-A958-57980B212A5A): 9
LogDevObjectVersion:   Dev-VR (D7296918-1DD6-4BDD-9DE2-64A83CC13884): 2
LogDevObjectVersion:   Dev-LoadTimes (C2A15278-BFE7-4AFE-6C17-90FF531DF755): 1
LogDevObjectVersion:   Private-Geometry (6EACA3D4-40EC-4CC1-B786-8BED09428FC5): 3
LogDevObjectVersion:   Dev-AnimPhys (29E575DD-E0A3-4627-9D10-D276232CDCEA): 17
LogDevObjectVersion:   Dev-ReflectionCapture (6B266CEC-1EC7-4B8F-A30B-E4D90942FC07): 1
LogDevObjectVersion:   Dev-Automation (0DF73D61-A23F-47EA-B727-89E90C41499A): 1
LogDevObjectVersion:   FortniteMain (601D1886-AC64-4F84-AA16-D3DE0DEAC7D6): 12
LogDevObjectVersion:   Dev-Enterprise (9DFFBCD6-494F-0158-E221-12823C92A888): 1
LogStreaming: Display: Took  0.005s to delete old logs.
LogInit: Presizing for max 8388607 objects, including 0 objects not considered by GC, pre-allocating 0 bytes for permanent pool.
LogInit: Object subsystem initialized
[2018.11.15-04.11.03:563][  0]LogInit: Selected Device Profile: [Windows]
[2018.11.15-04.11.03:563][  0]LogInit: Applying CVar settings loaded from the selected device profile: [Windows]
[2018.11.15-04.11.03:579][  0]LogHAL: Display: Platform has ~ 8 GB [8451760128 / 8589934592 / 8], which maps to Default [LargestMinGB=32, LargerMinGB=12, DefaultMinGB=8, SmallerMinGB=6, SmallestMinGB=0)
[2018.11.15-04.11.03:579][  0]LogInit: Setting Device Profile CVar: [[r.Vulkan.UseRealUBs:1]]
[2018.11.15-04.11.03:579][  0]LogInit: Going up to parent DeviceProfile []
[2018.11.15-04.11.03:580][  0]LogInit: Computer: LAPTOP-S2247MRA
[2018.11.15-04.11.03:580][  0]LogInit: User: tommy
[2018.11.15-04.11.03:580][  0]LogInit: CPU Page size=4096, Cores=2
[2018.11.15-04.11.03:580][  0]LogInit: High frequency timer resolution =2.648442 MHz
[2018.11.15-04.11.03:580][  0]LogMemory: Memory total: Physical=7.9GB (8GB approx)
[2018.11.15-04.11.03:580][  0]LogMemory: Platform Memory Stats for Windows
[2018.11.15-04.11.03:580][  0]LogMemory: Process Physical Memory: 100.38 MB used, 100.38 MB peak
[2018.11.15-04.11.03:580][  0]LogMemory: Process Virtual Memory: 84.07 MB used, 84.07 MB peak
[2018.11.15-04.11.03:580][  0]LogMemory: Physical Memory: 4232.16 MB used,  3828.06 MB free, 8060.23 MB total
[2018.11.15-04.11.03:580][  0]LogMemory: Virtual Memory: 4606.87 MB used,  3828.06 MB free, 134217728.00 MB total
[2018.11.15-04.11.03:610][  0]LogInit: Using OS detected language (en-US).
[2018.11.15-04.11.03:610][  0]LogInit: Using OS detected locale (en-US).
[2018.11.15-04.11.03:613][  0]LogTextLocalizationManager: No specific localization for 'en-US' exists, so the 'en' localization will be used.
[2018.11.15-04.11.04:091][  0]LogStreaming: Display: Took  0.482s to InitEngineTextLocalization.
[2018.11.15-04.11.04:091][  0]LogInit: Setting process to per monitor DPI aware
[2018.11.15-04.11.04:138][  0]LogSlate: New Slate User Created.  User Index 0, Is Virtual User: 0
[2018.11.15-04.11.04:138][  0]LogSlate: Slate User Registered.  User Index 0, Is Virtual User: 0
[2018.11.15-04.11.04:500][  0]LogHMD: Failed to initialize OpenVR with code 110
[2018.11.15-04.11.04:500][  0]LogD3D11RHI: D3D11 adapters:
[2018.11.15-04.11.04:515][  0]LogD3D11RHI:    0. 'Intel(R) HD Graphics 620' (Feature Level 11_0)
[2018.11.15-04.11.04:515][  0]LogD3D11RHI:       128/0/4030 MB DedicatedVideo/DedicatedSystem/SharedSystem, Outputs:1, VendorId:0x8086
[2018.11.15-04.11.04:517][  0]LogD3D11RHI:    1. 'Microsoft Basic Render Driver' (Feature Level 11_0)
[2018.11.15-04.11.04:518][  0]LogD3D11RHI:       0/0/4030 MB DedicatedVideo/DedicatedSystem/SharedSystem, Outputs:0, VendorId:0x1414
[2018.11.15-04.11.04:518][  0]LogD3D11RHI: Chosen D3D11 Adapter: 0
[2018.11.15-04.11.04:528][  0]LogD3D11RHI: Creating new Direct3DDevice
[2018.11.15-04.11.04:528][  0]LogD3D11RHI:     GPU DeviceId: 0x5916 (for the marketing name, search the web for "GPU Device Id")
[2018.11.15-04.11.04:528][  0]LogWindows: EnumDisplayDevices:
[2018.11.15-04.11.04:528][  0]LogWindows:    0. 'Intel(R) HD Graphics 620' (P:1 D:1)
[2018.11.15-04.11.04:528][  0]LogWindows:    1. 'Intel(R) HD Graphics 620' (P:0 D:0)
[2018.11.15-04.11.04:529][  0]LogWindows:    2. 'Intel(R) HD Graphics 620' (P:0 D:0)
[2018.11.15-04.11.04:529][  0]LogWindows: DebugString: FoundDriverCount:3 
[2018.11.15-04.11.04:529][  0]LogD3D11RHI:     Adapter Name: Intel(R) HD Graphics 620
[2018.11.15-04.11.04:529][  0]LogD3D11RHI:   Driver Version: 22.20.16.4691 (internal:22.20.16.4691, unified:22.20.16.4691)
[2018.11.15-04.11.04:529][  0]LogD3D11RHI:      Driver Date: 6-2-2017
[2018.11.15-04.11.04:529][  0]LogRHI: Texture pool is 1500 MB (70% of 2143 MB)
[2018.11.15-04.11.04:537][  0]LogD3D11RHI: Async texture creation enabled
[2018.11.15-04.11.04:547][  0]LogD3D11RHI: GPU Timing Frequency: 12.000000 (Debug: 2 0)
[2018.11.15-04.11.04:549][  0]LogShaderCompilers: Guid format shader working directory is -48 characters bigger than the processId version (../../../../../../Users/tommy/OneDrive/Documents/GitHub/AssetPipeMaster01/APsec1LargeCityBase/Intermediate/Shaders/WorkingDirectory/24236/).
[2018.11.15-04.11.04:549][  0]LogShaderCompilers: Cleaned the shader compiler working directory 'C:/Users/tommy/AppData/Local/Temp/UnrealShaderWorkingDir/B15D8E6A44B9BF46EB23559E3B5A4DFA/'.
[2018.11.15-04.11.05:010][  0]LogTemp: Display: Loaded TP AllDesktopTargetPlatform
[2018.11.15-04.11.05:029][  0]LogTemp: Display: Loaded TP MacClientTargetPlatform
[2018.11.15-04.11.05:048][  0]LogTemp: Display: Loaded TP MacNoEditorTargetPlatform
[2018.11.15-04.11.05:067][  0]LogTemp: Display: Loaded TP MacServerTargetPlatform
[2018.11.15-04.11.05:083][  0]LogTemp: Display: Loaded TP MacTargetPlatform
[2018.11.15-04.11.05:100][  0]LogTemp: Display: Loaded TP WindowsClientTargetPlatform
[2018.11.15-04.11.05:118][  0]LogTemp: Display: Loaded TP WindowsNoEditorTargetPlatform
[2018.11.15-04.11.05:137][  0]LogTemp: Display: Loaded TP WindowsServerTargetPlatform
[2018.11.15-04.11.05:147][  0]LogTemp: Display: Loaded TP WindowsTargetPlatform
[2018.11.15-04.11.05:250][  0]LogTemp: Display: Loaded TP AndroidTargetPlatform
[2018.11.15-04.11.05:250][  0]LogTemp: Display: Loaded TP AndroidTargetPlatform
[2018.11.15-04.11.05:250][  0]LogTemp: Display: Loaded TP AndroidTargetPlatform
[2018.11.15-04.11.05:250][  0]LogTemp: Display: Loaded TP AndroidTargetPlatform
[2018.11.15-04.11.05:250][  0]LogTemp: Display: Loaded TP AndroidTargetPlatform
[2018.11.15-04.11.05:250][  0]LogTemp: Display: Loaded TP AndroidTargetPlatform
[2018.11.15-04.11.05:250][  0]LogTemp: Display: Loaded TP AndroidTargetPlatform
[2018.11.15-04.11.05:250][  0]LogTemp: Display: Loaded TP AndroidTargetPlatform
[2018.11.15-04.11.05:250][  0]LogTemp: Display: Loaded TP AndroidTargetPlatform
[2018.11.15-04.11.05:250][  0]LogTemp: Display: Loaded TP AndroidTargetPlatform
[2018.11.15-04.11.05:250][  0]LogTemp: Display: Loaded TP AndroidTargetPlatform
[2018.11.15-04.11.05:250][  0]LogTemp: Display: Loaded TP AndroidTargetPlatform
[2018.11.15-04.11.05:250][  0]LogTemp: Display: Loaded TP AndroidTargetPlatform
[2018.11.15-04.11.05:250][  0]LogTemp: Display: Loaded TP AndroidTargetPlatform
[2018.11.15-04.11.05:250][  0]LogTemp: Display: Loaded TP AndroidTargetPlatform
[2018.11.15-04.11.05:250][  0]LogTemp: Display: Loaded TP AndroidTargetPlatform
[2018.11.15-04.11.05:250][  0]LogTemp: Display: Loaded TP AndroidTargetPlatform
[2018.11.15-04.11.05:250][  0]LogTemp: Display: Loaded TP AndroidTargetPlatform
[2018.11.15-04.11.05:252][  0]LogTemp: Display: Loaded TP HTML5TargetPlatform
[2018.11.15-04.11.05:328][  0]LogTemp: Display: Loaded TP IOSTargetPlatform
[2018.11.15-04.11.05:328][  0]LogTemp: Display: Loaded TP IOSTargetPlatform
[2018.11.15-04.11.05:364][  0]LogTemp: Display: Loaded TP TVOSTargetPlatform
[2018.11.15-04.11.05:364][  0]LogTemp: Display: Loaded TP TVOSTargetPlatform
[2018.11.15-04.11.05:383][  0]LogTemp: Display: Loaded TP LinuxClientTargetPlatform
[2018.11.15-04.11.05:403][  0]LogTemp: Display: Loaded TP LinuxNoEditorTargetPlatform
[2018.11.15-04.11.05:425][  0]LogTemp: Display: Loaded TP LinuxServerTargetPlatform
[2018.11.15-04.11.05:448][  0]LogTemp: Display: Loaded TP LinuxTargetPlatform
[2018.11.15-04.11.05:462][  0]LogTemp: Display: Loaded TP LuminTargetPlatform
[2018.11.15-04.11.05:462][  0]LogTargetPlatformManager: Display: Building Assets For Windows
[2018.11.15-04.11.05:564][  0]LogXGEController: Cannot use XGE Controller as Incredibuild is not installed on this machine.
[2018.11.15-04.11.05:564][  0]LogShaderCompilers: Cannot use XGE Shader Compiler as Incredibuild is not installed on this machine.
[2018.11.15-04.11.05:564][  0]LogShaderCompilers: Display: Using Local Shader Compiler.
[2018.11.15-04.11.06:617][  0]LogDerivedDataCache: Display: Max Cache Size: 512 MB
[2018.11.15-04.11.06:685][  0]LogDerivedDataCache: Loaded boot cache 0.07s 71MB C:/Users/tommy/AppData/Local/UnrealEngine/4.20/DerivedDataCache/Boot.ddc.
[2018.11.15-04.11.06:685][  0]LogDerivedDataCache: Display: Loaded Boot cache: C:/Users/tommy/AppData/Local/UnrealEngine/4.20/DerivedDataCache/Boot.ddc
[2018.11.15-04.11.06:685][  0]LogDerivedDataCache: FDerivedDataBackendGraph:  Pak pak cache file ../../../../../../Users/tommy/OneDrive/Documents/GitHub/AssetPipeMaster01/APsec1LargeCityBase/DerivedDataCache/DDC.ddp not found, will not use a pak cache.
[2018.11.15-04.11.06:685][  0]LogDerivedDataCache: Unable to find inner node Pak for hierarchical cache Hierarchy.
[2018.11.15-04.11.06:685][  0]LogDerivedDataCache: FDerivedDataBackendGraph:  CompressedPak pak cache file ../../../../../../Users/tommy/OneDrive/Documents/GitHub/AssetPipeMaster01/APsec1LargeCityBase/DerivedDataCache/Compressed.ddp not found, will not use a pak cache.
[2018.11.15-04.11.06:685][  0]LogDerivedDataCache: Unable to find inner node CompressedPak for hierarchical cache Hierarchy.
[2018.11.15-04.11.06:700][  0]LogDerivedDataCache: Display: Pak cache opened for reading ../../../Engine/DerivedDataCache/Compressed.ddp.
[2018.11.15-04.11.06:712][  0]LogDerivedDataCache: Using Local data cache path C:/Users/tommy/AppData/Local/UnrealEngine/Common/DerivedDataCache: Writable
[2018.11.15-04.11.06:712][  0]LogDerivedDataCache: Shared data cache path not found in *engine.ini, will not use an Shared cache.
[2018.11.15-04.11.06:712][  0]LogDerivedDataCache: Unable to find inner node Shared for hierarchical cache Hierarchy.
[2018.11.15-04.11.06:734][  0]LogMaterial: Verifying Global Shaders for PCD3D_SM5
[2018.11.15-04.11.06:736][  0]LogSlate: Using FreeType 2.6.0
[2018.11.15-04.11.06:737][  0]LogSlate: SlateFontServices - WITH_FREETYPE: 1, WITH_HARFBUZZ: 1
[2018.11.15-04.11.06:840][  0]LogAssetRegistry: FAssetRegistry took 0.0264 seconds to start up
[2018.11.15-04.11.07:355][  0]LogInit: Selected Device Profile: [Windows]
[2018.11.15-04.11.07:557][  0]LogSimplygon: Simplygon DLL not present - disabling.
[2018.11.15-04.11.07:563][  0]LogMeshReduction: Using SimplygonSwarm for distributed automatic mesh merging
[2018.11.15-04.11.07:563][  0]LogMeshReduction: Using ProxyLODMeshReduction for automatic mesh merging
[2018.11.15-04.11.07:563][  0]LogMeshReduction: Using QuadricMeshReduction for automatic static mesh reduction
[2018.11.15-04.11.07:563][  0]LogMeshReduction: No automatic skeletal mesh reduction module available
[2018.11.15-04.11.07:585][  0]LogNetVersion: APsec1LargeCityBase 1.0.0, NetCL: 4212847, EngineNetVer: 5, GameNetVer: 0 (Checksum: 1121110827)
[2018.11.15-04.11.08:458][  0]LogPackageLocalizationCache: Processed 11 localized package path(s) for 2 prioritized culture(s) in 0.189832 seconds
[2018.11.15-04.11.08:469][  0]LogUObjectArray: 38425 objects as part of root set at end of initial load.
[2018.11.15-04.11.08:469][  0]LogUObjectAllocator: 6690872 out of 0 bytes used by permanent object pool.
[2018.11.15-04.11.08:469][  0]LogUObjectArray: CloseDisregardForGC: 0/0 objects in disregard for GC pool
[2018.11.15-04.11.09:944][  0]LogTcpMessaging: Initializing TcpMessaging bridge
[2018.11.15-04.11.09:957][  0]LogUdpMessaging: Initializing bridge on interface 0.0.0.0:0 to multicast group 230.0.0.1:6666.
[2018.11.15-04.11.10:139][  0]SourceControl: Source control is disabled
[2018.11.15-04.11.10:139][  0]SourceControl: Source control is disabled
[2018.11.15-04.11.10:141][  0]SourceControl: Source control is disabled
[2018.11.15-04.11.10:143][  0]SourceControl: Source control is disabled
[2018.11.15-04.11.10:338][  0]LogAndroidPermission: UAndroidPermissionCallbackProxy::GetInstance
[2018.11.15-04.11.10:415][  0]LogOcInput: OculusInput pre-init called
[2018.11.15-04.11.10:492][  0]LogEngine: Initializing Engine...
[2018.11.15-04.11.10:492][  0]LogHMD: Failed to initialize OpenVR with code 110
[2018.11.15-04.11.10:494][  0]LogStats: UGameplayTagsManager::ConstructGameplayTagTree: ImportINI prefixes -  0.000 s
[2018.11.15-04.11.10:494][  0]LogStats: UGameplayTagsManager::ConstructGameplayTagTree: Construct from data asset -  0.000 s
[2018.11.15-04.11.10:494][  0]LogStats: UGameplayTagsManager::ConstructGameplayTagTree: ImportINI -  0.000 s
[2018.11.15-04.11.10:494][  0]LogStats: UGameplayTagsManager::ConstructGameplayTagTree: GameplayTagTreeChangedEvent.Broadcast -  0.000 s
[2018.11.15-04.11.10:770][  0]LogInit: Initializing FReadOnlyCVARCache
[2018.11.15-04.11.10:793][  0]LogAIModule: Creating AISystem for world Untitled
[2018.11.15-04.11.10:813][  0]LogInit: XAudio2 using 'Speakers (Realtek High Definition Audio)' : 2 channels at 48 kHz using 32 bits per sample (channel mask 0x3)
[2018.11.15-04.11.10:966][  0]LogInit: FAudioDevice initialized.
[2018.11.15-04.11.10:966][  0]LogNetVersion: Set ProjectVersion to 1.0.0.0. Version Checksum will be recalculated on next use.
[2018.11.15-04.11.11:206][  0]LogDerivedDataCache: Saved boot cache 0.24s 71MB C:/Users/tommy/AppData/Local/UnrealEngine/4.20/DerivedDataCache/Boot.ddc.
[2018.11.15-04.11.11:207][  0]LogInit: Texture streaming: Enabled
[2018.11.15-04.11.11:233][  0]LogEngineSessionManager: EngineSessionManager initialized
[2018.11.15-04.11.11:254][  0]LogInit: Transaction tracking system initialized
[2018.11.15-04.11.11:294][  0]BlueprintLog: New page: Editor Load
[2018.11.15-04.11.11:407][  0]LocalizationService: Localization service is disabled
[2018.11.15-04.11.11:835][  0]LogCook: Display: Max memory allowance for cook 16384mb min free memory 0mb
[2018.11.15-04.11.11:836][  0]LogCook: Display: Mobile HDR setting 1
[2018.11.15-04.11.11:837][  0]LogGameplayTags: Display: UGameplayTagsManager::DoneAddingNativeTags. DelegateIsBound: 0
[2018.11.15-04.11.11:837][  0]LogStats: UGameplayTagsManager::ConstructGameplayTagTree: ImportINI prefixes -  0.000 s
[2018.11.15-04.11.11:837][  0]LogStats: UGameplayTagsManager::ConstructGameplayTagTree: Construct from data asset -  0.000 s
[2018.11.15-04.11.11:837][  0]LogStats: UGameplayTagsManager::ConstructGameplayTagTree: ImportINI -  0.000 s
[2018.11.15-04.11.11:837][  0]LogStats: UGameplayTagsManager::ConstructGameplayTagTree: GameplayTagTreeChangedEvent.Broadcast -  0.000 s
[2018.11.15-04.11.12:030][  0]LogFileCache: Scanning file cache for directory 'C:/Users/tommy/OneDrive/Documents/GitHub/AssetPipeMaster01/APsec1LargeCityBase/Content/' took 0.02s
[2018.11.15-04.11.12:030][  0]SourceControl: Source control is disabled
[2018.11.15-04.11.12:030][  0]Cmd: MAP LOAD FILE="../../../Engine/Content/Maps/Templates/Template_Default.umap" TEMPLATE=1 SHOWPROGRESS=1 FEATURELEVEL=3
[2018.11.15-04.11.12:031][  0]LightingResults: New page: Lighting Build
[2018.11.15-04.11.12:035][  0]MapCheck: New page: Map Check
[2018.11.15-04.11.12:035][  0]LightingResults: New page: Lighting Build
[2018.11.15-04.11.12:356][  0]LogAIModule: Creating AISystem for world Untitled_1
[2018.11.15-04.11.12:366][  0]LogEditorServer: Finished looking for orphan Actors (0.000 secs)
[2018.11.15-04.11.12:389][  0]Cmd: MAP CHECKDEP NOCLEARLOG
[2018.11.15-04.11.12:517][  0]MapCheck: Map check complete: 0 Error(s), 0 Warning(s), took 128.178ms to complete.
[2018.11.15-04.11.12:517][  0]LogFileHelpers: Loading map 'Template_Default' took 0.487
[2018.11.15-04.11.12:749][  0]LogSlate: Updating window title bar state: overlay mode, drag disabled, window buttons hidden, title bar hidden
[2018.11.15-04.11.12:761][  0]LogSlate: Updating window title bar state: overlay mode, drag disabled, window buttons hidden, title bar hidden
[2018.11.15-04.11.12:771][  0]LogSlate: Updating window title bar state: overlay mode, drag disabled, window buttons hidden, title bar hidden
[2018.11.15-04.11.12:779][  0]LogSlate: Updating window title bar state: overlay mode, drag disabled, window buttons hidden, title bar hidden
[2018.11.15-04.11.12:797][  0]LogCollectionManager: Loaded 0 collections in 0.001974 seconds
[2018.11.15-04.11.12:872][  0]LogFileCache: Scanning file cache for directory 'C:/Users/tommy/OneDrive/Documents/GitHub/AssetPipeMaster01/APsec1LargeCityBase/Saved/Collections/' took 0.01s
[2018.11.15-04.11.12:872][  0]LogFileCache: Scanning file cache for directory 'C:/Users/tommy/OneDrive/Documents/GitHub/AssetPipeMaster01/APsec1LargeCityBase/Content/Developers/tommy/Collections/' took 0.01s
[2018.11.15-04.11.12:872][  0]LogFileCache: Scanning file cache for directory 'C:/Users/tommy/OneDrive/Documents/GitHub/AssetPipeMaster01/APsec1LargeCityBase/Content/Collections/' took 0.01s
[2018.11.15-04.11.12:872][  0]LogCollectionManager: Rebuilt the GUID cache for 0 collections in 0.000000 seconds
[2018.11.15-04.11.12:891][  0]LogContentBrowser: Native class hierarchy populated in 0.0166 seconds. Added 2572 classes and 603 folders.
[2018.11.15-04.11.12:916][  0]LogContentBrowser: Native class hierarchy updated for 'WidgetCarousel' in 0.0003 seconds. Added 0 classes and 0 folders.
[2018.11.15-04.11.13:140][  0]LogContentBrowser: Native class hierarchy updated for 'AddContentDialog' in 0.0003 seconds. Added 0 classes and 0 folders.
[2018.11.15-04.11.13:159][  0]LogContentBrowser: Native class hierarchy updated for 'SceneOutliner' in 0.0003 seconds. Added 1 classes and 2 folders.
[2018.11.15-04.11.13:247][  0]LogSlate: Took 0.000362 seconds to synchronously load lazily loaded font '../../../Engine/Content/Slate/Fonts/Roboto-Regular.ttf' (155K)
[2018.11.15-04.11.13:251][  0]LogSlate: Took 0.000396 seconds to synchronously load lazily loaded font '../../../Engine/Content/Slate/Fonts/Roboto-Bold.ttf' (160K)
[2018.11.15-04.11.13:269][  0]LogSlate: Took 0.003925 seconds to synchronously load lazily loaded font '../../../Engine/Content/Editor/Slate/Fonts/FontAwesome.ttf' (139K)
[2018.11.15-04.11.13:418][  0]LogRenderer: Reallocating scene render targets to support 804x368 Format 10 NumSamples 1 (Frame:1).
[2018.11.15-04.11.15:070][  0]LogContentBrowser: Native class hierarchy updated for 'HierarchicalLODOutliner' in 0.0003 seconds. Added 0 classes and 0 folders.
[2018.11.15-04.11.15:070][  0]LogLoad: (Engine Initialization) Total time: 14.66 seconds
[2018.11.15-04.11.15:070][  0]LogLoad: (Engine Initialization) Total Blueprint compile time: 0.00 seconds
[2018.11.15-04.11.15:090][  0]LogWindowsTextInputMethodSystem: Display: IME system now activated using TSF (Microsoft IME).
[2018.11.15-04.11.15:124][  0]LogContentStreaming: Texture pool size now 1000 MB
[2018.11.15-04.11.15:154][  0]LogSlate: Took 0.001805 seconds to synchronously load lazily loaded font '../../../Engine/Content/Slate/Fonts/Roboto-Light.ttf' (167K)
[2018.11.15-04.11.15:182][  1]LogAssetRegistry: Asset discovery search completed in 8.3651 seconds
[2018.11.15-04.11.15:185][  1]LogCollectionManager: Rebuilt the object cache for 0 collections in 0.000000 seconds (found 0 objects)
[2018.11.15-04.11.15:185][  1]LogCollectionManager: Fixed up redirectors for 0 collections in 0.000099 seconds (updated 0 objects)
[2018.11.15-04.11.24:331][289]LogSlate: FSceneViewport::OnFocusLost() reason 0
[2018.11.15-04.11.24:527][297]LogSlate: Took 0.001057 seconds to synchronously load lazily loaded font '../../../Engine/Content/Slate/Fonts/Roboto-Light.ttf' (167K)
[2018.11.15-04.11.24:612][297]LogLinker: Warning: Asset '../../../../../../Users/tommy/OneDrive/Documents/GitHub/AssetPipeMaster01/APsec1LargeCityBase/Content/Car_DJW/BatmobileTexture_DJW.uasset' has been saved with empty engine version. The asset will be loaded but may be incompatible.
[2018.11.15-04.11.24:612][297]LogLinker: Warning: Asset '../../../../../../Users/tommy/OneDrive/Documents/GitHub/AssetPipeMaster01/APsec1LargeCityBase/Content/Car_DJW/M_MasterWoodBlock_AP_DJW.uasset' has been saved with empty engine version. The asset will be loaded but may be incompatible.
[2018.11.15-04.11.24:615][297]LogLinker: Warning: Asset '../../../../../../Users/tommy/OneDrive/Documents/GitHub/AssetPipeMaster01/APsec1LargeCityBase/Content/Car_DJW/WoodTexture004_DJW.uasset' has been saved with empty engine version. The asset will be loaded but may be incompatible.
[2018.11.15-04.11.24:616][297]LogLinker: Warning: Asset '../../../../../../Users/tommy/OneDrive/Documents/GitHub/AssetPipeMaster01/APsec1LargeCityBase/Content/Car_DJW/WoodTexture004Norm_DJW.uasset' has been saved with empty engine version. The asset will be loaded but may be incompatible.
[2018.11.15-04.11.24:619][297]LogLinker: Warning: Asset '../../../../../../Users/tommy/OneDrive/Documents/GitHub/AssetPipeMaster01/APsec1LargeCityBase/Content/Car_DJW/M_MasterWoodBlock_AP_WHeel_DJW.uasset' has been saved with empty engine version. The asset will be loaded but may be incompatible.
[2018.11.15-04.11.24:732][297]LogLinker: Warning: Asset '../../../../../../Users/tommy/OneDrive/Documents/GitHub/AssetPipeMaster01/APsec1LargeCityBase/Content/Car_DJW/BatmobileProperUnwrapped_pCube3_DJW.uasset' has been saved with empty engine version. The asset will be loaded but may be incompatible.
[2018.11.15-04.11.24:734][297]LogLinker: Warning: Asset '../../../../../../Users/tommy/OneDrive/Documents/GitHub/AssetPipeMaster01/APsec1LargeCityBase/Content/Car_DJW/BatmobileProperUnwrapped_pCylinder8_DJW.uasset' has been saved with empty engine version. The asset will be loaded but may be incompatible.
[2018.11.15-04.11.24:736][297]LogLinker: Warning: Asset '../../../../../../Users/tommy/OneDrive/Documents/GitHub/AssetPipeMaster01/APsec1LargeCityBase/Content/Car_DJW/BatmobileProperUnwrapped_pCylinder9_DJW.uasset' has been saved with empty engine version. The asset will be loaded but may be incompatible.
[2018.11.15-04.11.24:754][297]LogLinker: Warning: Can't find file '/Game/wood/blinn2'
[2018.11.15-04.11.24:754][297]LogLinker: Warning: Can't find file for asset '/Game/wood/blinn2' while loading ../../../../../../Users/tommy/OneDrive/Documents/GitHub/AssetPipeMaster01/APsec1LargeCityBase/Content/Car_XH/wood/car.uasset.
[2018.11.15-04.11.24:755][297]LoadErrors: Error: /Game/Car_XH/wood/car : Can't find file for asset. /Game/wood/blinn2
[2018.11.15-04.11.24:755][297]LogLinker: Warning: Can't find file '/Game/wood/blinn3'
[2018.11.15-04.11.24:755][297]LogLinker: Warning: Can't find file for asset '/Game/wood/blinn3' while loading ../../../../../../Users/tommy/OneDrive/Documents/GitHub/AssetPipeMaster01/APsec1LargeCityBase/Content/Car_XH/wood/car.uasset.
[2018.11.15-04.11.24:755][297]LoadErrors: Error: /Game/Car_XH/wood/car : Can't find file for asset. /Game/wood/blinn3
[2018.11.15-04.11.24:755][297]LogLinker: Warning: Can't find file '/Game/wood/blinn2'
[2018.11.15-04.11.24:755][297]LogLinker: Warning: Can't find file for asset '/Game/wood/blinn2' while loading ../../../../../../Users/tommy/OneDrive/Documents/GitHub/AssetPipeMaster01/APsec1LargeCityBase/Content/Car_XH/wood/car.uasset.
[2018.11.15-04.11.24:755][297]LogLinker: Warning: Can't find file '/Game/wood/blinn3'
[2018.11.15-04.11.24:756][297]LogLinker: Warning: Can't find file for asset '/Game/wood/blinn3' while loading ../../../../../../Users/tommy/OneDrive/Documents/GitHub/AssetPipeMaster01/APsec1LargeCityBase/Content/Car_XH/wood/car.uasset.
[2018.11.15-04.11.24:857][297]LogLinker: Warning: Can't find file '/Game/phong3SG'
[2018.11.15-04.11.24:857][297]LogLinker: Warning: Can't find file for asset '/Game/phong3SG' while loading ../../../../../../Users/tommy/OneDrive/Documents/GitHub/AssetPipeMaster01/APsec1LargeCityBase/Content/Resources_TA/SmartCarUVObj_pCube1.uasset.
[2018.11.15-04.11.24:857][297]LoadErrors: Error: /Game/Resources_TA/SmartCarUVObj_pCube1 : Can't find file for asset. /Game/phong3SG
[2018.11.15-04.11.24:858][297]LogLinker: Warning: Can't find file '/Game/phong3SG'
[2018.11.15-04.11.24:858][297]LogLinker: Warning: Can't find file for asset '/Game/phong3SG' while loading ../../../../../../Users/tommy/OneDrive/Documents/GitHub/AssetPipeMaster01/APsec1LargeCityBase/Content/Resources_TA/SmartCarUVObj_pCube1.uasset.
[2018.11.15-04.11.24:860][297]LogLinker: Warning: Can't find file '/Game/phong1SG'
[2018.11.15-04.11.24:860][297]LogLinker: Warning: Can't find file for asset '/Game/phong1SG' while loading ../../../../../../Users/tommy/OneDrive/Documents/GitHub/AssetPipeMaster01/APsec1LargeCityBase/Content/Resources_TA/SmartCarUVObj_pCylinder10.uasset.
[2018.11.15-04.11.24:860][297]LoadErrors: Error: /Game/Resources_TA/SmartCarUVObj_pCylinder10 : Can't find file for asset. /Game/phong1SG
[2018.11.15-04.11.24:860][297]LogLinker: Warning: Can't find file '/Game/phong1SG'
[2018.11.15-04.11.24:860][297]LogLinker: Warning: Can't find file for asset '/Game/phong1SG' while loading ../../../../../../Users/tommy/OneDrive/Documents/GitHub/AssetPipeMaster01/APsec1LargeCityBase/Content/Resources_TA/SmartCarUVObj_pCylinder10.uasset.
[2018.11.15-04.11.24:863][297]LogLinker: Warning: Can't find file '/Game/phong2SG'
[2018.11.15-04.11.24:863][297]LogLinker: Warning: Can't find file for asset '/Game/phong2SG' while loading ../../../../../../Users/tommy/OneDrive/Documents/GitHub/AssetPipeMaster01/APsec1LargeCityBase/Content/Resources_TA/SmartCarUVObj_pCylinder8.uasset.
[2018.11.15-04.11.24:863][297]LoadErrors: Error: /Game/Resources_TA/SmartCarUVObj_pCylinder8 : Can't find file for asset. /Game/phong2SG
[2018.11.15-04.11.24:863][297]LogLinker: Warning: Can't find file '/Game/phong2SG'
[2018.11.15-04.11.24:864][297]LogLinker: Warning: Can't find file for asset '/Game/phong2SG' while loading ../../../../../../Users/tommy/OneDrive/Documents/GitHub/AssetPipeMaster01/APsec1LargeCityBase/Content/Resources_TA/SmartCarUVObj_pCylinder8.uasset.
[2018.11.15-04.11.24:867][297]LogLinker: Warning: Can't find file '/Game/woodBlocksContent/M_WoodBlock001'
[2018.11.15-04.11.24:867][297]LogLinker: Warning: Can't find file for asset '/Game/woodBlocksContent/M_WoodBlock001' while loading ../../../../../../Users/tommy/OneDrive/Documents/GitHub/AssetPipeMaster01/APsec1LargeCityBase/Content/Resources_TA/woodBlocksContent/halfSphereTAdy.uasset.
[2018.11.15-04.11.24:867][297]LoadErrors: Error: /Game/Resources_TA/woodBlocksContent/halfSphereTAdy : Can't find file for asset. /Game/woodBlocksContent/M_WoodBlock001
[2018.11.15-04.11.24:868][297]LogLinker: Warning: Can't find file '/Game/woodBlocksContent/M_WoodBlock001'
[2018.11.15-04.11.24:868][297]LogLinker: Warning: Can't find file for asset '/Game/woodBlocksContent/M_WoodBlock001' while loading ../../../../../../Users/tommy/OneDrive/Documents/GitHub/AssetPipeMaster01/APsec1LargeCityBase/Content/Resources_TA/woodBlocksContent/halfSphereTAdy.uasset.
[2018.11.15-04.11.24:870][297]LogLinker: Warning: Can't find file '/Game/woodBlocksContent/M_BarkNormal'
[2018.11.15-04.11.24:870][297]LogLinker: Warning: Can't find file for asset '/Game/woodBlocksContent/M_BarkNormal' while loading ../../../../../../Users/tommy/OneDrive/Documents/GitHub/AssetPipeMaster01/APsec1LargeCityBase/Content/Resources_TA/woodBlocksContent/hangingBrickTAdyREDO.uasset.
[2018.11.15-04.11.24:870][297]LoadErrors: Error: /Game/Resources_TA/woodBlocksContent/hangingBrickTAdyREDO : Can't find file for asset. /Game/woodBlocksContent/M_BarkNormal
[2018.11.15-04.11.24:870][297]LogLinker: Warning: Can't find file '/Game/woodBlocksContent/M_BarkNormal'
[2018.11.15-04.11.24:870][297]LogLinker: Warning: Can't find file for asset '/Game/woodBlocksContent/M_BarkNormal' while loading ../../../../../../Users/tommy/OneDrive/Documents/GitHub/AssetPipeMaster01/APsec1LargeCityBase/Content/Resources_TA/woodBlocksContent/hangingBrickTAdyREDO.uasset.
[2018.11.15-04.11.24:872][297]LogLinker: Warning: Can't find file '/Game/woodBlocksContent/M_BarkBurned'
[2018.11.15-04.11.24:872][297]LogLinker: Warning: Can't find file for asset '/Game/woodBlocksContent/M_BarkBurned' while loading ../../../../../../Users/tommy/OneDrive/Documents/GitHub/AssetPipeMaster01/APsec1LargeCityBase/Content/Resources_TA/woodBlocksContent/tubeTAdy.uasset.
[2018.11.15-04.11.24:872][297]LoadErrors: Error: /Game/Resources_TA/woodBlocksContent/tubeTAdy : Can't find file for asset. /Game/woodBlocksContent/M_BarkBurned
[2018.11.15-04.11.24:873][297]LogLinker: Warning: Can't find file '/Game/woodBlocksContent/M_BarkBurned'
[2018.11.15-04.11.24:873][297]LogLinker: Warning: Can't find file for asset '/Game/woodBlocksContent/M_BarkBurned' while loading ../../../../../../Users/tommy/OneDrive/Documents/GitHub/AssetPipeMaster01/APsec1LargeCityBase/Content/Resources_TA/woodBlocksContent/tubeTAdy.uasset.
[2018.11.15-04.11.26:101][297]LogLinker: Warning: Can't find file '/Game/wood/blinn2'
[2018.11.15-04.11.26:102][297]LoadErrors: Failed to load /Game/wood/blinn2.blinn2 Referenced by car
[2018.11.15-04.11.26:102][297]LogLinker: Warning: Can't find file for asset '/Game/wood/blinn2' while loading NULL.
[2018.11.15-04.11.26:102][297]LogLinker: Warning: Can't find file '/Game/wood/blinn3'
[2018.11.15-04.11.26:102][297]LoadErrors: Failed to load /Game/wood/blinn3.blinn3 Referenced by car
[2018.11.15-04.11.26:103][297]LogLinker: Warning: Can't find file for asset '/Game/wood/blinn3' while loading NULL.
[2018.11.15-04.11.26:103][297]LogLinker: Warning: Can't find file '/Game/wood/blinn2'
[2018.11.15-04.11.26:103][297]LogLinker: Warning: Can't find file for asset '/Game/wood/blinn2' while loading NULL.
[2018.11.15-04.11.26:104][297]LogLinker: Warning: Can't find file '/Game/wood/blinn3'
[2018.11.15-04.11.26:104][297]LogLinker: Warning: Can't find file for asset '/Game/wood/blinn3' while loading NULL.
[2018.11.15-04.11.26:136][297]LogLinker: Warning: Can't find file '/Game/woodBlocksContent/M_BarkBurned'
[2018.11.15-04.11.26:136][297]LoadErrors: Failed to load /Game/woodBlocksContent/M_BarkBurned.M_BarkBurned Referenced by tubeTAdy
[2018.11.15-04.11.26:136][297]LogLinker: Warning: Can't find file for asset '/Game/woodBlocksContent/M_BarkBurned' while loading NULL.
[2018.11.15-04.11.26:137][297]LogLinker: Warning: Can't find file '/Game/woodBlocksContent/M_BarkBurned'
[2018.11.15-04.11.26:137][297]LogLinker: Warning: Can't find file for asset '/Game/woodBlocksContent/M_BarkBurned' while loading NULL.
[2018.11.15-04.11.26:138][297]LogLinker: Warning: Can't find file '/Game/woodBlocksContent/M_BarkNormal'
[2018.11.15-04.11.26:138][297]LoadErrors: Failed to load /Game/woodBlocksContent/M_BarkNormal.M_BarkNormal Referenced by hangingBrickTAdyREDO
[2018.11.15-04.11.26:138][297]LogLinker: Warning: Can't find file for asset '/Game/woodBlocksContent/M_BarkNormal' while loading NULL.
[2018.11.15-04.11.26:138][297]LogLinker: Warning: Can't find file '/Game/woodBlocksContent/M_BarkNormal'
[2018.11.15-04.11.26:138][297]LogLinker: Warning: Can't find file for asset '/Game/woodBlocksContent/M_BarkNormal' while loading NULL.
[2018.11.15-04.11.26:139][297]LogLinker: Warning: Can't find file '/Game/woodBlocksContent/M_WoodBlock001'
[2018.11.15-04.11.26:139][297]LoadErrors: Failed to load /Game/woodBlocksContent/M_WoodBlock001.M_WoodBlock001 Referenced by halfSphereTAdy
[2018.11.15-04.11.26:139][297]LogLinker: Warning: Can't find file for asset '/Game/woodBlocksContent/M_WoodBlock001' while loading NULL.
[2018.11.15-04.11.26:140][297]LogLinker: Warning: Can't find file '/Game/woodBlocksContent/M_WoodBlock001'
[2018.11.15-04.11.26:140][297]LogLinker: Warning: Can't find file for asset '/Game/woodBlocksContent/M_WoodBlock001' while loading NULL.
[2018.11.15-04.11.26:140][297]LogLinker: Warning: Can't find file '/Game/phong2SG'
[2018.11.15-04.11.26:141][297]LoadErrors: Failed to load /Game/phong2SG.phong2SG Referenced by SmartCarUVObj_pCylinder8
[2018.11.15-04.11.26:141][297]LogLinker: Warning: Can't find file for asset '/Game/phong2SG' while loading NULL.
[2018.11.15-04.11.26:141][297]LogLinker: Warning: Can't find file '/Game/phong2SG'
[2018.11.15-04.11.26:141][297]LogLinker: Warning: Can't find file for asset '/Game/phong2SG' while loading NULL.
[2018.11.15-04.11.26:142][297]LogLinker: Warning: Can't find file '/Game/phong1SG'
[2018.11.15-04.11.26:142][297]LoadErrors: Failed to load /Game/phong1SG.phong1SG Referenced by SmartCarUVObj_pCylinder10
[2018.11.15-04.11.26:142][297]LogLinker: Warning: Can't find file for asset '/Game/phong1SG' while loading NULL.
[2018.11.15-04.11.26:142][297]LogLinker: Warning: Can't find file '/Game/phong1SG'
[2018.11.15-04.11.26:142][297]LogLinker: Warning: Can't find file for asset '/Game/phong1SG' while loading NULL.
[2018.11.15-04.11.26:143][297]LogLinker: Warning: Can't find file '/Game/phong3SG'
[2018.11.15-04.11.26:143][297]LoadErrors: Failed to load /Game/phong3SG.phong3SG Referenced by SmartCarUVObj_pCube1
[2018.11.15-04.11.26:144][297]LogLinker: Warning: Can't find file for asset '/Game/phong3SG' while loading NULL.
[2018.11.15-04.11.26:144][297]LogLinker: Warning: Can't find file '/Game/phong3SG'
[2018.11.15-04.11.26:144][297]LogLinker: Warning: Can't find file for asset '/Game/phong3SG' while loading NULL.
[2018.11.15-04.11.26:412][297]LogTexture: Display: Building textures: WoodTexture004 (AutoDXT, 2048X2048)
[2018.11.15-04.11.26:412][297]LogTexture: Display: Building textures: woodtexture (AutoDXT, 612X612)
[2018.11.15-04.11.26:432][297]LogStaticMesh: Building static mesh BBlock2...
[2018.11.15-04.11.26:454][297]LogStaticMesh: Built static mesh [0.02s] /Game/Car_XH/wood/BBlock2.BBlock2
[2018.11.15-04.11.30:778][297]LogTexture: Display: Building textures: wood_basecolor (AutoDXT, 1024X1024)
[2018.11.15-04.11.30:778][297]LogTexture: Display: Building textures: wood_normal (AutoDXT, 1024X1024)
[2018.11.15-04.11.30:783][297]LogMaterial: Display: Missing cached shader map for material blinn1SG, compiling. 
[2018.11.15-04.11.30:866][297]LogTexture: Display: Building textures: 1_4 (AutoDXT, 612X612)
[2018.11.15-04.11.30:866][297]LogShaderCompilers: Display: Shaders left to compile 22
[2018.11.15-04.11.30:866][297]LogShaderCompilers: Display: Shaders left to compile 12
[2018.11.15-04.11.30:866][297]LogShaderCompilers: Display: Shaders left to compile 2
[2018.11.15-04.11.30:866][297]LogStaticMesh: Building static mesh BBlock1...
[2018.11.15-04.11.30:883][297]LogStaticMesh: Built static mesh [0.02s] /Game/Car_XH/wood/BBlock1.BBlock1
[2018.11.15-04.11.31:546][297]LogStaticMesh: Building static mesh BBlock3...
[2018.11.15-04.11.31:563][297]LogStaticMesh: Built static mesh [0.02s] /Game/Car_XH/wood/BBlock3.BBlock3
[2018.11.15-04.11.31:778][297]LogMaterial: Display: Missing cached shader map for material lambert2, compiling. 
[2018.11.15-04.11.31:864][297]LogStaticMesh: Building static mesh ModelforA6c...
[2018.11.15-04.11.32:228][297]LogTexture: Display: Building textures: manniquintexture (AutoDXT, 2048X2048)
[2018.11.15-04.11.32:228][297]LogStaticMesh: Built static mesh [0.36s] /Game/WoodCar_JO/Maniquin/ModelforA6c.ModelforA6c
[2018.11.15-04.11.32:492][297]LogMaterial: Display: Missing cached shader map for material M_MasterWoodBlock_AP, compiling. 
[2018.11.15-04.11.32:637][297]LogMaterial: Display: Missing cached shader map for material lambert7SG, compiling. 
[2018.11.15-04.11.32:697][297]LogStaticMesh: Building static mesh CarwithUV_pCylinder4...
[2018.11.15-04.11.32:907][297]LogStaticMesh: Built static mesh [0.21s] /Game/WoodCar_JO/CarwithUV_pCylinder4.CarwithUV_pCylinder4
[2018.11.15-04.11.33:498][297]LogAIModule: Creating AISystem for world StreetSceneLarge
[2018.11.15-04.11.33:673][297]LogAssetEditorManager: Opening Asset editor for World /Game/StreetSceneLarge.StreetSceneLarge
[2018.11.15-04.11.33:780][297]Cmd: MAP LOAD FILE="../../../../../../Users/tommy/OneDrive/Documents/GitHub/AssetPipeMaster01/APsec1LargeCityBase/Content/StreetSceneLarge.umap" TEMPLATE=0 SHOWPROGRESS=1 FEATURELEVEL=3
[2018.11.15-04.11.33:780][297]LightingResults: New page: Lighting Build
[2018.11.15-04.11.33:781][297]LoadErrors: New page: Loading map: StreetSceneLarge.umap
[2018.11.15-04.11.33:783][297]MapCheck: New page: Map Check
[2018.11.15-04.11.33:783][297]LightingResults: New page: Lighting Build
[2018.11.15-04.11.34:077][297]LogEditorServer: Finished looking for orphan Actors (0.001 secs)
[2018.11.15-04.11.34:236][297]Cmd: MAP CHECKDEP NOCLEARLOG
[2018.11.15-04.11.34:505][297]MapCheck: Map check complete: 0 Error(s), 0 Warning(s), took 268.325ms to complete.
[2018.11.15-04.11.34:510][297]LogFileHelpers: Loading map 'StreetSceneLarge' took 0.733
[2018.11.15-04.11.38:614][313]LogShaderCompilers: Display: Shaders left to compile 75
[2018.11.15-04.11.57:592][492]Cmd: CAMERA ALIGN ACTIVEVIEWPORTONLY
[2018.11.15-04.12.05:798][561]LogShaderCompilers: Display: Shaders left to compile 65
[2018.11.15-04.12.06:977][563]LogShaderCompilers: Display: Shaders left to compile 55
[2018.11.15-04.12.09:221][563]LogShaderCompilers: Display: Shaders left to compile 45
[2018.11.15-04.12.10:790][563]LogShaderCompilers: Display: Shaders left to compile 35
[2018.11.15-04.12.13:373][563]LogShaderCompilers: Display: Shaders left to compile 25
[2018.11.15-04.12.15:930][563]LogShaderCompilers: Display: Shaders left to compile 15
[2018.11.15-04.12.17:454][563]LogShaderCompilers: Display: Shaders left to compile 5
[2018.11.15-04.12.53:269][564]LogFactory: FactoryCreateFile: StaticMesh with FbxFactory (0 0 ../../../../../../Users/tommy/OneDrive/Documents/AssPipe/Mannequin/scenes/mannequinTA.fbx)
[2018.11.15-04.12.53:337][564]LogFbx: Loading FBX Scene from ../../../../../../Users/tommy/OneDrive/Documents/AssPipe/Mannequin/scenes/mannequinTA.fbx
[2018.11.15-04.12.53:381][564]LogFbx: FBX Scene Loaded Succesfully
[2018.11.15-04.12.56:211][564]LogSlate: Window 'FBX Import Options' being destroyed
[2018.11.15-04.12.56:520][564]LogLinker: Can't find file '/Game/Resources_TA/manPaint'
[2018.11.15-04.12.56:520][564]LogLinker: Can't find file '/Game/Resources_TA/manPaint'
[2018.11.15-04.12.57:627][564]LogTexture: Display: Building textures: manPaint (AutoDXT, 8192X8192)
[2018.11.15-04.13.14:892][564]LogLinker: Can't find file '/Game/Resources_TA/cloth'
[2018.11.15-04.13.14:897][564]LogLinker: Can't find file '/Game/Resources_TA/cloth'
[2018.11.15-04.13.15:520][564]LogTexture: Display: Building textures: cloth (BC5, 3576X3576)
[2018.11.15-04.13.17:641][564]LogMaterial: Display: Missing cached shader map for material lambert3, compiling. 
[2018.11.15-04.13.17:706][564]LogShaderCompilers: Display: Shaders left to compile 22
[2018.11.15-04.13.17:706][564]LogShaderCompilers: Display: Shaders left to compile 12
[2018.11.15-04.13.17:706][564]LogShaderCompilers: Display: Shaders left to compile 2
[2018.11.15-04.13.17:706][564]LogFbx: Warning: Triangulating static mesh Core
[2018.11.15-04.13.17:856][564]LogStaticMesh: Building static mesh mannequinTA_Core...
[2018.11.15-04.13.17:868][564]LogStaticMesh: Built static mesh [0.01s] /Game/Resources_TA/mannequinTA_Core.mannequinTA_Core
[2018.11.15-04.13.17:995][564]LogFbx: Warning: Triangulating static mesh RLeg
[2018.11.15-04.13.18:064][564]LogStaticMesh: Building static mesh mannequinTA_RLeg...
[2018.11.15-04.13.18:082][564]LogStaticMesh: Built static mesh [0.02s] /Game/Resources_TA/mannequinTA_RLeg.mannequinTA_RLeg
[2018.11.15-04.13.18:097][564]LogFbx: Warning: Triangulating static mesh RCalf
[2018.11.15-04.13.18:148][564]LogStaticMesh: Building static mesh mannequinTA_RCalf...
[2018.11.15-04.13.18:165][564]LogStaticMesh: Built static mesh [0.02s] /Game/Resources_TA/mannequinTA_RCalf.mannequinTA_RCalf
[2018.11.15-04.13.18:181][564]LogFbx: Warning: Triangulating static mesh RFoot
[2018.11.15-04.13.18:229][564]LogStaticMesh: Building static mesh mannequinTA_RFoot...
[2018.11.15-04.13.18:242][564]LogStaticMesh: Built static mesh [0.01s] /Game/Resources_TA/mannequinTA_RFoot.mannequinTA_RFoot
[2018.11.15-04.13.18:284][564]LogFbx: Warning: Triangulating static mesh Chest
[2018.11.15-04.13.18:338][564]LogStaticMesh: Building static mesh mannequinTA_Chest...
[2018.11.15-04.13.18:354][564]LogStaticMesh: Built static mesh [0.02s] /Game/Resources_TA/mannequinTA_Chest.mannequinTA_Chest
[2018.11.15-04.13.18:370][564]LogFbx: Warning: Triangulating static mesh LArm
[2018.11.15-04.13.18:423][564]LogStaticMesh: Building static mesh mannequinTA_LArm...
[2018.11.15-04.13.18:435][564]LogStaticMesh: Built static mesh [0.01s] /Game/Resources_TA/mannequinTA_LArm.mannequinTA_LArm
[2018.11.15-04.13.18:450][564]LogFbx: Warning: Triangulating static mesh LForearm
[2018.11.15-04.13.18:517][564]LogStaticMesh: Building static mesh mannequinTA_LForearm...
[2018.11.15-04.13.18:530][564]LogStaticMesh: Built static mesh [0.01s] /Game/Resources_TA/mannequinTA_LForearm.mannequinTA_LForearm
[2018.11.15-04.13.18:544][564]LogFbx: Warning: Triangulating static mesh LHand
[2018.11.15-04.13.18:592][564]LogStaticMesh: Building static mesh mannequinTA_LHand...
[2018.11.15-04.13.18:606][564]LogStaticMesh: Built static mesh [0.01s] /Game/Resources_TA/mannequinTA_LHand.mannequinTA_LHand
[2018.11.15-04.13.18:620][564]LogFbx: Warning: Triangulating static mesh Head
[2018.11.15-04.13.18:672][564]LogStaticMesh: Building static mesh mannequinTA_Head...
[2018.11.15-04.13.18:686][564]LogStaticMesh: Built static mesh [0.01s] /Game/Resources_TA/mannequinTA_Head.mannequinTA_Head
[2018.11.15-04.13.18:703][564]LogFbx: Warning: Triangulating static mesh RArm
[2018.11.15-04.13.18:782][564]LogStaticMesh: Building static mesh mannequinTA_RArm...
[2018.11.15-04.13.18:796][564]LogStaticMesh: Built static mesh [0.02s] /Game/Resources_TA/mannequinTA_RArm.mannequinTA_RArm
[2018.11.15-04.13.18:834][564]LogFbx: Warning: Triangulating static mesh RForearm
[2018.11.15-04.13.18:883][564]LogStaticMesh: Building static mesh mannequinTA_RForearm...
[2018.11.15-04.13.18:897][564]LogStaticMesh: Built static mesh [0.01s] /Game/Resources_TA/mannequinTA_RForearm.mannequinTA_RForearm
[2018.11.15-04.13.18:909][564]LogFbx: Warning: Triangulating static mesh RHand
[2018.11.15-04.13.18:976][564]LogStaticMesh: Building static mesh mannequinTA_RHand...
[2018.11.15-04.13.18:989][564]LogStaticMesh: Built static mesh [0.01s] /Game/Resources_TA/mannequinTA_RHand.mannequinTA_RHand
[2018.11.15-04.13.19:003][564]LogFbx: Warning: Triangulating static mesh LLeg
[2018.11.15-04.13.19:062][564]LogStaticMesh: Building static mesh mannequinTA_LLeg...
[2018.11.15-04.13.19:078][564]LogStaticMesh: Built static mesh [0.02s] /Game/Resources_TA/mannequinTA_LLeg.mannequinTA_LLeg
[2018.11.15-04.13.19:092][564]LogFbx: Warning: Triangulating static mesh LCalf
[2018.11.15-04.13.19:151][564]LogStaticMesh: Building static mesh mannequinTA_LCalf...
[2018.11.15-04.13.19:167][564]LogStaticMesh: Built static mesh [0.02s] /Game/Resources_TA/mannequinTA_LCalf.mannequinTA_LCalf
[2018.11.15-04.13.19:200][564]LogFbx: Warning: Triangulating static mesh LFoot
[2018.11.15-04.13.19:241][564]LogStaticMesh: Building static mesh mannequinTA_LFoot...
[2018.11.15-04.13.19:257][564]LogStaticMesh: Built static mesh [0.02s] /Game/Resources_TA/mannequinTA_LFoot.mannequinTA_LFoot
[2018.11.15-04.13.19:291][564]LogLinker: Can't find file '/Game/Resources_TA/HatUV'
[2018.11.15-04.13.19:291][564]LogLinker: Can't find file '/Game/Resources_TA/HatUV'
[2018.11.15-04.13.19:547][564]LogTexture: Display: Building textures: HatUV (AutoDXT, 2048X2048)
[2018.11.15-04.13.21:465][564]LogFbxMaterialImport: Warning: Manual texture reimport and recompression may be needed for cloth
[2018.11.15-04.13.21:770][564]LogTexture: Display: Building textures: cloth (BC5, 3576X3576)
[2018.11.15-04.13.24:431][564]LogMaterial: Display: Missing cached shader map for material lambert4, compiling. 
[2018.11.15-04.13.24:480][564]LogShaderCompilers: Display: Shaders left to compile 22
[2018.11.15-04.13.24:505][564]LogFbx: Warning: Triangulating static mesh pCylinder1
[2018.11.15-04.13.24:621][564]LogStaticMesh: Building static mesh mannequinTA_pCylinder1...
[2018.11.15-04.13.24:627][564]LogStaticMesh: Built static mesh [0.01s] /Game/Resources_TA/mannequinTA_pCylinder1.mannequinTA_pCylinder1
[2018.11.15-04.13.24:661][564]FBXImport: Warning: No smoothing group information was found in this FBX scene.  Please make sure to enable the 'Export Smoothing Groups' option in the FBX Exporter plug-in before exporting the file.  Even for tools that don't support smoothing groups, the FBX Exporter will generate appropriate smoothing data at export-time so that correct vertex normals can be inferred while importing. 
[2018.11.15-04.13.35:765][614]LogSlate: Window 'Message Log' being destroyed
[2018.11.15-04.13.35:882][614]LogSlate: Window 'Message Log' being destroyed
[2018.11.15-04.13.38:562][636]LogShaderCompilers: Display: Shaders left to compile 12
[2018.11.15-04.13.53:401][717]LogSlate: Window 'Save Content' being destroyed
[2018.11.15-04.13.53:542][717]LogSlate: Window 'APsec1LargeCityBase - Unreal Editor' being destroyed
[2018.11.15-04.13.53:948][718]Cmd: QUIT_EDITOR
[2018.11.15-04.13.54:049][718]LogWindowsTextInputMethodSystem: Display: IME system now activated using TSF (Microsoft IME).
[2018.11.15-04.13.54:095][718]LogExit: Preparing to exit.
[2018.11.15-04.13.54:857][718]LogShaderCompilers: Display: Shaders left to compile 2
[2018.11.15-04.13.55:393][718]LogExit: Editor shut down
[2018.11.15-04.13.55:408][718]LogExit: Transaction tracking system shut down
[2018.11.15-04.13.56:871][718]LogExit: Object subsystem successfully closed.
[2018.11.15-04.13.56:961][718]LogShaderCompilers: Display: Shaders left to compile 0
[2018.11.15-04.13.56:972][718]LogD3D11RHI: Shutdown
[2018.11.15-04.13.56:973][718]LogD3D11RHI: CleanupD3DDevice
[2018.11.15-04.13.57:052][718]LogD3D11RHI: ~FD3D11DynamicRHI
[2018.11.15-04.13.57:200][718]LogModuleManager: Shutting down and abandoning module MeshBuilder (614)
[2018.11.15-04.13.57:200][718]LogModuleManager: Shutting down and abandoning module HierarchicalLODOutliner (612)
[2018.11.15-04.13.57:200][718]LogModuleManager: Shutting down and abandoning module SceneOutliner (610)
[2018.11.15-04.13.57:200][718]LogModuleManager: Shutting down and abandoning module AddContentDialog (608)
[2018.11.15-04.13.57:207][718]LogModuleManager: Shutting down and abandoning module WidgetCarousel (607)
[2018.11.15-04.13.57:207][718]LogModuleManager: Shutting down and abandoning module EditorWidgets (604)
[2018.11.15-04.13.57:207][718]LogModuleManager: Shutting down and abandoning module CollectionManager (602)
[2018.11.15-04.13.57:208][718]LogModuleManager: Shutting down and abandoning module HierarchicalLODUtilities (600)
[2018.11.15-04.13.57:209][718]LogModuleManager: Shutting down and abandoning module StatsViewer (598)
[2018.11.15-04.13.57:210][718]LogModuleManager: Shutting down and abandoning module FoliageEdit (596)
[2018.11.15-04.13.57:210][718]LogModuleManager: Shutting down and abandoning module LandscapeEditor (594)
[2018.11.15-04.13.57:214][718]LogModuleManager: Shutting down and abandoning module MeshPaintMode (592)
[2018.11.15-04.13.57:214][718]LogModuleManager: Shutting down and abandoning module SceneDepthPickerMode (590)
[2018.11.15-04.13.57:214][718]LogModuleManager: Shutting down and abandoning module ActorPickerMode (588)
[2018.11.15-04.13.57:214][718]LogModuleManager: Shutting down and abandoning module GeometryMode (586)
[2018.11.15-04.13.57:214][718]LogModuleManager: Shutting down and abandoning module TextureAlignMode (584)
[2018.11.15-04.13.57:214][718]LogModuleManager: Shutting down and abandoning module BspMode (582)
[2018.11.15-04.13.57:214][718]LogModuleManager: Shutting down and abandoning module PIEPreviewDeviceProfileSelector (580)
[2018.11.15-04.13.57:214][718]LogModuleManager: Shutting down and abandoning module SequenceRecorderSections (578)
[2018.11.15-04.13.57:214][718]LogModuleManager: Shutting down and abandoning module AutomationWorker (576)
[2018.11.15-04.13.57:215][718]LogModuleManager: Shutting down and abandoning module AudioCaptureEditor (574)
[2018.11.15-04.13.57:215][718]LogModuleManager: Shutting down and abandoning module SequenceRecorder (573)
[2018.11.15-04.13.57:215][718]LogModuleManager: Shutting down and abandoning module MatineeToLevelSequence (570)
[2018.11.15-04.13.57:217][718]LogModuleManager: Shutting down and abandoning module LevelSequenceEditor (568)
[2018.11.15-04.13.57:220][718]LogModuleManager: Shutting down and abandoning module PlacementMode (567)
[2018.11.15-04.13.57:220][718]LogModuleManager: Shutting down and abandoning module MaterialEditor (566)
[2018.11.15-04.13.57:223][718]LogModuleManager: Shutting down and abandoning module WmfMediaFactory (562)
[2018.11.15-04.13.57:223][718]LogModuleManager: Shutting down and abandoning module WmfMediaEditor (560)
[2018.11.15-04.13.57:223][718]LogModuleManager: Shutting down and abandoning module MediaPlayerEditor (558)
[2018.11.15-04.13.57:224][718]LogModuleManager: Shutting down and abandoning module OpenExrWrapper (556)
[2018.11.15-04.13.57:224][718]LogModuleManager: Shutting down and abandoning module ImgMediaFactory (554)
[2018.11.15-04.13.57:224][718]LogModuleManager: Shutting down and abandoning module ImgMediaEditor (552)
[2018.11.15-04.13.57:225][718]LogModuleManager: Shutting down and abandoning module AvfMediaFactory (550)
[2018.11.15-04.13.57:225][718]LogModuleManager: Shutting down and abandoning module AvfMediaEditor (548)
[2018.11.15-04.13.57:225][718]LogModuleManager: Shutting down and abandoning module AndroidMediaFactory (546)
[2018.11.15-04.13.57:225][718]LogModuleManager: Shutting down and abandoning module AndroidMediaEditor (544)
[2018.11.15-04.13.57:225][718]LogModuleManager: Shutting down and abandoning module MagicLeapCameraPreviewFactory (542)
[2018.11.15-04.13.57:225][718]LogModuleManager: Shutting down and abandoning module MagicLeapMediaFactory (540)
[2018.11.15-04.13.57:225][718]LogModuleManager: Shutting down and abandoning module MagicLeapMediaEditor (538)
[2018.11.15-04.13.57:225][718]LogModuleManager: Shutting down and abandoning module CharacterAI (536)
[2018.11.15-04.13.57:225][718]LogModuleManager: Shutting down and abandoning module SmartSnapping (534)
[2018.11.15-04.13.57:225][718]LogModuleManager: Shutting down and abandoning module SessionServices (532)
[2018.11.15-04.13.57:225][718]LogModuleManager: Shutting down and abandoning module ViewportSnapping (530)
[2018.11.15-04.13.57:225][718]LogModuleManager: Shutting down and abandoning module ViewportInteraction (528)
[2018.11.15-04.13.57:225][718]LogModuleManager: Shutting down and abandoning module ClothPainter (526)
[2018.11.15-04.13.57:229][718]LogModuleManager: Shutting down and abandoning module SkeletalMeshEditor (525)
[2018.11.15-04.13.57:231][718]LogModuleManager: Shutting down and abandoning module LogVisualizer (522)
[2018.11.15-04.13.57:234][718]LogModuleManager: Shutting down and abandoning module IntroTutorials (520)
[2018.11.15-04.13.57:235][718]LogModuleManager: Shutting down and abandoning module GameProjectGeneration (519)
[2018.11.15-04.13.57:237][718]LogModuleManager: Shutting down and abandoning module LuminPlatformEditor (516)
[2018.11.15-04.13.57:237][718]LogModuleManager: Shutting down and abandoning module IOSPlatformEditor (514)
[2018.11.15-04.13.57:238][718]LogModuleManager: Shutting down and abandoning module HTML5PlatformEditor (512)
[2018.11.15-04.13.57:238][718]LogModuleManager: Shutting down and abandoning module AndroidPlatformEditor (510)
[2018.11.15-04.13.57:238][718]LogModuleManager: Shutting down and abandoning module AndroidDeviceDetection (509)
[2018.11.15-04.13.58:583][718]LogModuleManager: Shutting down and abandoning module WindowsPlatformEditor (506)
[2018.11.15-04.13.58:583][718]LogModuleManager: Shutting down and abandoning module LuminRuntimeSettings (504)
[2018.11.15-04.13.58:583][718]LogModuleManager: Shutting down and abandoning module IOSRuntimeSettings (502)
[2018.11.15-04.13.58:583][718]LogModuleManager: Shutting down and abandoning module AndroidRuntimeSettings (500)
[2018.11.15-04.13.58:583][718]LogModuleManager: Shutting down and abandoning module InputBindingEditor (498)
[2018.11.15-04.13.58:585][718]LogModuleManager: Shutting down and abandoning module MergeActors (496)
[2018.11.15-04.13.58:586][718]LogModuleManager: Shutting down and abandoning module LocalizationDashboard (494)
[2018.11.15-04.13.58:587][718]LogModuleManager: Shutting down and abandoning module LocalizationService (493)
[2018.11.15-04.13.58:588][718]LogModuleManager: Shutting down and abandoning module HardwareTargeting (490)
[2018.11.15-04.13.58:588][718]LogModuleManager: Shutting down and abandoning module DeviceProfileEditor (488)
[2018.11.15-04.13.58:589][718]LogModuleManager: Shutting down and abandoning module UndoHistory (486)
[2018.11.15-04.13.58:589][718]LogModuleManager: Shutting down and abandoning module XmlParser (484)
[2018.11.15-04.13.58:590][718]LogModuleManager: Shutting down and abandoning module Blutility (482)
[2018.11.15-04.13.58:590][718]LogModuleManager: Shutting down and abandoning module ProjectSettingsViewer (480)
[2018.11.15-04.13.58:590][718]LogModuleManager: Shutting down and abandoning module ProjectTargetPlatformEditor (479)
[2018.11.15-04.13.58:590][718]LogModuleManager: Shutting down and abandoning module EditorSettingsViewer (476)
[2018.11.15-04.13.58:591][718]LogModuleManager: Shutting down and abandoning module SettingsEditor (474)
[2018.11.15-04.13.58:591][718]LogModuleManager: Shutting down and abandoning module ProjectLauncher (472)
[2018.11.15-04.13.58:593][718]LogModuleManager: Shutting down and abandoning module SessionFrontend (470)
[2018.11.15-04.13.58:594][718]LogModuleManager: Shutting down and abandoning module ProfilerClient (468)
[2018.11.15-04.13.58:594][718]LogModuleManager: Shutting down and abandoning module DeviceManager (466)
[2018.11.15-04.13.58:594][718]LogModuleManager: Shutting down and abandoning module TargetDeviceServices (465)
[2018.11.15-04.13.58:661][718]LogModuleManager: Shutting down and abandoning module AutomationController (462)
[2018.11.15-04.13.58:662][718]LogModuleManager: Shutting down and abandoning module AutomationWindow (460)
[2018.11.15-04.13.58:663][718]LogModuleManager: Shutting down and abandoning module Layers (458)
[2018.11.15-04.13.58:665][718]LogModuleManager: Shutting down and abandoning module ComponentVisualizers (456)
[2018.11.15-04.13.58:665][718]LogModuleManager: Shutting down and abandoning module DetailCustomizations (454)
[2018.11.15-04.13.58:666][718]LogModuleManager: Shutting down and abandoning module PackagesDialog (452)
[2018.11.15-04.13.58:668][718]LogModuleManager: Shutting down and abandoning module Persona (450)
[2018.11.15-04.13.58:671][718]LogModuleManager: Shutting down and abandoning module AdvancedPreviewScene (449)
[2018.11.15-04.13.58:671][718]LogModuleManager: Shutting down and abandoning module AnimGraph (447)
[2018.11.15-04.13.58:671][718]LogModuleManager: Shutting down and abandoning module Kismet (444)
[2018.11.15-04.13.58:673][718]LogModuleManager: Shutting down and abandoning module GraphEditor (442)
[2018.11.15-04.13.58:676][718]LogModuleManager: Shutting down and abandoning module ClassViewer (440)
[2018.11.15-04.13.58:676][718]LogModuleManager: Shutting down and abandoning module Toolbox (438)
[2018.11.15-04.13.58:677][718]LogModuleManager: Shutting down and abandoning module ModuleUI (436)
[2018.11.15-04.13.58:677][718]LogModuleManager: Shutting down and abandoning module MovieSceneTools (434)
[2018.11.15-04.13.58:679][718]LogModuleManager: Shutting down and abandoning module OutputLog (432)
[2018.11.15-04.13.58:680][718]LogModuleManager: Shutting down and abandoning module GammaUI (430)
[2018.11.15-04.13.58:680][718]LogModuleManager: Shutting down and abandoning module Documentation (428)
[2018.11.15-04.13.58:680][718]LogModuleManager: Shutting down and abandoning module MovieSceneTracks (426)
[2018.11.15-04.13.58:680][718]LogModuleManager: Shutting down and abandoning module MovieScene (424)
[2018.11.15-04.13.58:681][718]LogModuleManager: Shutting down and abandoning module StreamingPauseRendering (422)
[2018.11.15-04.13.58:681][718]LogModuleManager: Shutting down and abandoning module LauncherPlatform (420)
[2018.11.15-04.13.58:681][718]LogModuleManager: Shutting down and abandoning module AnalyticsET (418)
[2018.11.15-04.13.58:681][718]LogModuleManager: Shutting down and abandoning module PortalServices (416)
[2018.11.15-04.13.58:681][718]LogModuleManager: Shutting down and abandoning module PortalRpc (414)
[2018.11.15-04.13.58:681][718]LogModuleManager: Shutting down and abandoning module MessagingRpc (412)
[2018.11.15-04.13.58:681][718]LogModuleManager: Shutting down and abandoning module AIModule (410)
[2018.11.15-04.13.58:683][718]LogModuleManager: Shutting down and abandoning module GameplayDebugger (409)
[2018.11.15-04.13.58:684][718]LogModuleManager: Shutting down and abandoning module AITestSuite (407)
[2018.11.15-04.13.58:685][718]LogModuleManager: Shutting down and abandoning module NavigationSystem (405)
[2018.11.15-04.13.58:685][718]LogModuleManager: Shutting down and abandoning module DesktopPlatform (402)
[2018.11.15-04.13.58:686][718]LogModuleManager: Shutting down and abandoning module ProfilerService (400)
[2018.11.15-04.13.58:701][718]LogModuleManager: Shutting down and abandoning module TaskGraph (398)
[2018.11.15-04.13.58:702][718]LogModuleManager: Shutting down and abandoning module SteamVRController (396)
[2018.11.15-04.13.58:702][718]LogModuleManager: Shutting down and abandoning module ProceduralMeshComponentEditor (394)
[2018.11.15-04.13.58:702][718]LogModuleManager: Shutting down and abandoning module ProceduralMeshComponent (392)
[2018.11.15-04.13.58:702][718]LogModuleManager: Shutting down and abandoning module OculusInput (390)
[2018.11.15-04.13.58:703][718]LogModuleManager: Shutting down and abandoning module MobilePatchingUtils (388)
[2018.11.15-04.13.58:703][718]LogModuleManager: Shutting down and abandoning module EditableMesh (386)
[2018.11.15-04.13.58:703][718]LogModuleManager: Shutting down and abandoning module CustomMeshComponent (384)
[2018.11.15-04.13.58:703][718]LogModuleManager: Shutting down and abandoning module CableComponent (382)
[2018.11.15-04.13.58:703][718]LogModuleManager: Shutting down and abandoning module AudioCapture (380)
[2018.11.15-04.13.58:704][718]LogModuleManager: Shutting down and abandoning module ArchVisCharacter (378)
[2018.11.15-04.13.58:704][718]LogModuleManager: Shutting down and abandoning module AndroidPermission (376)
[2018.11.15-04.13.58:704][718]LogModuleManager: Shutting down and abandoning module NUTUnrealEngine4 (374)
[2018.11.15-04.13.58:704][718]LogModuleManager: Shutting down and abandoning module NetcodeUnitTest (372)
[2018.11.15-04.13.58:707][718]LogModuleManager: Shutting down and abandoning module MediaCompositingEditor (370)
[2018.11.15-04.13.58:707][718]LogModuleManager: Shutting down and abandoning module MediaCompositing (368)
[2018.11.15-04.13.58:707][718]LogModuleManager: Shutting down and abandoning module LinearTimecode (366)
[2018.11.15-04.13.58:707][718]LogModuleManager: Shutting down and abandoning module ImgMedia (364)
[2018.11.15-04.13.58:713][718]LogModuleManager: Shutting down and abandoning module HTML5Networking (362)
[2018.11.15-04.13.58:713][718]LogModuleManager: Shutting down and abandoning module GeometryCacheTracks (360)
[2018.11.15-04.13.58:713][718]LogModuleManager: Shutting down and abandoning module GeometryCacheSequencer (358)
[2018.11.15-04.13.58:713][718]LogModuleManager: Shutting down and abandoning module BackChannel (356)
[2018.11.15-04.13.58:713][718]LogModuleManager: Shutting down and abandoning module AppleVision (354)
[2018.11.15-04.13.58:713][718]LogModuleManager: Shutting down and abandoning module AppleImageUtils (352)
[2018.11.15-04.13.58:713][718]LogModuleManager: Shutting down and abandoning module AlembicImporter (350)
[2018.11.15-04.13.58:713][718]LogModuleManager: Shutting down and abandoning module AlembicLibrary (349)
[2018.11.15-04.13.58:714][718]LogModuleManager: Shutting down and abandoning module GeometryCache (348)
[2018.11.15-04.13.58:714][718]LogModuleManager: Shutting down and abandoning module GeometryCacheEd (347)
[2018.11.15-04.13.58:714][718]LogModuleManager: Shutting down and abandoning module DatasmithContentEditor (342)
[2018.11.15-04.13.58:714][718]LogModuleManager: Shutting down and abandoning module DatasmithContent (340)
[2018.11.15-04.13.58:715][718]LogModuleManager: Shutting down and abandoning module SpeedTreeImporter (338)
[2018.11.15-04.13.58:715][718]LogModuleManager: Shutting down and abandoning module PluginBrowser (336)
[2018.11.15-04.13.58:717][718]LogModuleManager: Shutting down and abandoning module MobileLauncherProfileWizard (334)
[2018.11.15-04.13.58:718][718]LogModuleManager: Shutting down and abandoning module PolygonModeling (332)
[2018.11.15-04.13.58:718][718]LogModuleManager: Shutting down and abandoning module MeshEditor (330)
[2018.11.15-04.13.58:718][718]LogModuleManager: Shutting down and abandoning module CryptoKeysOpenSSL (328)
[2018.11.15-04.13.58:719][718]LogModuleManager: Shutting down and abandoning module CryptoKeys (326)
[2018.11.15-04.13.58:719][718]LogModuleManager: Shutting down and abandoning module VisualStudioSourceCodeAccess (324)
[2018.11.15-04.13.58:719][718]LogModuleManager: Shutting down and abandoning module VisualStudioCodeSourceCodeAccess (322)
[2018.11.15-04.13.58:720][718]LogModuleManager: Shutting down and abandoning module UObjectPlugin (320)
[2018.11.15-04.13.58:720][718]LogModuleManager: Shutting down and abandoning module SubversionSourceControl (318)
[2018.11.15-04.13.58:721][718]LogModuleManager: Shutting down and abandoning module PerforceSourceControl (316)
[2018.11.15-04.13.58:723][718]LogModuleManager: Shutting down and abandoning module GitSourceControl (314)
[2018.11.15-04.13.58:726][718]LogModuleManager: Shutting down and abandoning module SourceControl (313)
[2018.11.15-04.13.58:727][718]LogModuleManager: Shutting down and abandoning module CLionSourceCodeAccess (310)
[2018.11.15-04.13.58:727][718]LogModuleManager: Shutting down and abandoning module LightPropagationVolumeEditor (308)
[2018.11.15-04.13.58:727][718]LogModuleManager: Shutting down and abandoning module PaperTiledImporter (306)
[2018.11.15-04.13.58:727][718]LogModuleManager: Shutting down and abandoning module PaperSpriteSheetImporter (304)
[2018.11.15-04.13.58:727][718]LogModuleManager: Shutting down and abandoning module Paper2DEditor (302)
[2018.11.15-04.13.58:728][718]LogModuleManager: Shutting down and abandoning module MeshPaint (301)
[2018.11.15-04.13.58:729][718]LogModuleManager: Shutting down and abandoning module RuntimePhysXCooking (298)
[2018.11.15-04.13.58:729][718]LogModuleManager: Shutting down and abandoning module PhysXVehiclesEditor (296)
[2018.11.15-04.13.58:729][718]LogModuleManager: Shutting down and abandoning module PhysXVehicles (294)
[2018.11.15-04.13.58:729][718]LogModuleManager: Shutting down and abandoning module OculusEditor (292)
[2018.11.15-04.13.58:730][718]LogModuleManager: Shutting down and abandoning module LocationServicesBPLibrary (290)
[2018.11.15-04.13.58:730][718]LogModuleManager: Shutting down and abandoning module ImmediatePhysicsEditor (288)
[2018.11.15-04.13.58:730][718]LogModuleManager: Shutting down and abandoning module ImmediatePhysics (286)
[2018.11.15-04.13.58:730][718]LogModuleManager: Shutting down and abandoning module ActorSequence (284)
[2018.11.15-04.13.58:730][718]LogModuleManager: Shutting down and abandoning module UdpMessaging (282)
[2018.11.15-04.13.58:831][718]LogModuleManager: Shutting down and abandoning module TcpMessaging (280)
[2018.11.15-04.13.58:931][718]LogModuleManager: Shutting down and abandoning module MagicLeapAudio (278)
[2018.11.15-04.13.58:931][718]LogModuleManager: Shutting down and abandoning module GameplayTagsEditor (276)
[2018.11.15-04.13.58:937][718]LogModuleManager: Shutting down and abandoning module FacialAnimationEditor (274)
[2018.11.15-04.13.58:937][718]LogModuleManager: Shutting down and abandoning module FacialAnimation (272)
[2018.11.15-04.13.58:937][718]LogModuleManager: Shutting down and abandoning module DataValidation (270)
[2018.11.15-04.13.58:938][718]LogModuleManager: Shutting down and abandoning module AssetManagerEditor (268)
[2018.11.15-04.13.58:939][718]LogModuleManager: Shutting down and abandoning module LevelEditor (267)
[2018.11.15-04.13.58:943][718]LogModuleManager: Shutting down and abandoning module PixelInspectorModule (266)
[2018.11.15-04.13.58:943][718]LogModuleManager: Shutting down and abandoning module CommonMenuExtensions (264)
[2018.11.15-04.13.58:944][718]LogModuleManager: Shutting down and abandoning module MainFrame (262)
[2018.11.15-04.13.58:944][718]LogModuleManager: Shutting down and abandoning module HotReload (261)
[2018.11.15-04.13.58:945][718]LogModuleManager: Shutting down and abandoning module ContentBrowser (257)
[2018.11.15-04.13.58:948][718]LogModuleManager: Shutting down and abandoning module TreeMap (255)
[2018.11.15-04.13.58:949][718]LogModuleManager: Shutting down and abandoning module LightPropagationVolumeRuntime (252)
[2018.11.15-04.13.58:949][718]LogModuleManager: Shutting down and abandoning module AISupportModule (250)
[2018.11.15-04.13.58:949][718]LogModuleManager: Shutting down and abandoning module Paper2D (248)
[2018.11.15-04.13.58:950][718]LogModuleManager: Shutting down and abandoning module WindowsMoviePlayer (246)
[2018.11.15-04.13.58:950][718]LogModuleManager: Shutting down and abandoning module WmfMedia (244)
[2018.11.15-04.13.58:960][718]LogModuleManager: Shutting down and abandoning module Media (243)
[2018.11.15-04.13.58:967][718]LogModuleManager: Shutting down and abandoning module PacketHandler (240)
[2018.11.15-04.13.58:967][718]LogModuleManager: Shutting down and abandoning module ClothingSystemEditor (238)
[2018.11.15-04.13.58:967][718]LogModuleManager: Shutting down and abandoning module ClothingSystemRuntime (236)
[2018.11.15-04.13.58:969][718]LogModuleManager: Shutting down and abandoning module MediaAssets (234)
[2018.11.15-04.13.58:969][718]LogModuleManager: Shutting down and abandoning module Overlay (232)
[2018.11.15-04.13.58:969][718]LogModuleManager: Shutting down and abandoning module OverlayEditor (231)
[2018.11.15-04.13.58:969][718]LogModuleManager: Shutting down and abandoning module VREditor (228)
[2018.11.15-04.13.58:969][718]LogModuleManager: Shutting down and abandoning module StringTableEditor (226)
[2018.11.15-04.13.58:969][718]LogModuleManager: Shutting down and abandoning module GameplayTasksEditor (224)
[2018.11.15-04.13.58:970][718]LogModuleManager: Shutting down and abandoning module BehaviorTreeEditor (222)
[2018.11.15-04.13.58:972][718]LogModuleManager: Shutting down and abandoning module FunctionalTesting (220)
[2018.11.15-04.13.58:973][718]LogModuleManager: Shutting down and abandoning module CollisionAnalyzer (218)
[2018.11.15-04.13.58:974][718]LogModuleManager: Shutting down and abandoning module WorkspaceMenuStructure (217)
[2018.11.15-04.13.58:976][718]LogModuleManager: Shutting down and abandoning module UMG (214)
[2018.11.15-04.13.58:976][718]LogModuleManager: Shutting down and abandoning module UMGEditor (213)
[2018.11.15-04.13.58:978][718]LogModuleManager: Shutting down and abandoning module Sequencer (212)
[2018.11.15-04.13.58:980][718]LogModuleManager: Shutting down and abandoning module MessageLog (209)
[2018.11.15-04.13.58:981][718]LogModuleManager: Shutting down and abandoning module SlateReflector (204)
[2018.11.15-04.13.58:983][718]LogModuleManager: Shutting down and abandoning module Slate (202)
[2018.11.15-04.13.58:984][718]LogModuleManager: Shutting down and abandoning module EditorStyle (200)
[2018.11.15-04.13.58:993][718]LogModuleManager: Shutting down and abandoning module MRMesh (198)
[2018.11.15-04.13.58:993][718]LogModuleManager: Shutting down and abandoning module SourceCodeAccess (196)
[2018.11.15-04.13.58:993][718]LogModuleManager: Shutting down and abandoning module HeadMountedDisplay (194)
[2018.11.15-04.13.58:994][718]LogModuleManager: Shutting down and abandoning module XAudio2 (192)
[2018.11.15-04.13.58:994][718]LogModuleManager: Shutting down and abandoning module Networking (190)
[2018.11.15-04.13.58:994][718]LogModuleManager: Shutting down and abandoning module Core (188)
[2018.11.15-04.13.58:994][718]LogModuleManager: Shutting down and abandoning module LevelSequence (186)
[2018.11.15-04.13.58:994][718]LogModuleManager: Shutting down and abandoning module KismetCompiler (184)
[2018.11.15-04.13.58:995][718]LogModuleManager: Shutting down and abandoning module MeshUtilities (182)
[2018.11.15-04.13.58:996][718]LogModuleManager: Shutting down and abandoning module MeshMergeUtilities (181)
[2018.11.15-04.13.58:997][718]LogModuleManager: Shutting down and abandoning module MeshReductionInterface (180)
[2018.11.15-04.13.58:998][718]LogModuleManager: Shutting down and abandoning module SimplygonSwarm (179)
[2018.11.15-04.13.58:998][718]LogModuleManager: Shutting down and abandoning module ProxyLODMeshReduction (177)
[2018.11.15-04.13.59:001][718]LogModuleManager: Shutting down and abandoning module SimplygonMeshReduction (175)
[2018.11.15-04.13.59:001][718]LogModuleManager: Shutting down and abandoning module QuadricMeshReduction (173)
[2018.11.15-04.13.59:002][718]LogModuleManager: Shutting down and abandoning module MaterialBaking (169)
[2018.11.15-04.13.59:003][718]LogModuleManager: Shutting down and abandoning module DirectoryWatcher (165)
[2018.11.15-04.13.59:004][718]LogModuleManager: Shutting down and abandoning module DerivedDataCache (162)
[2018.11.15-04.13.59:068][718]LogDerivedDataCache: Shutdown
[2018.11.15-04.13.59:068][718]LogModuleManager: Shutting down and abandoning module XGEController (160)
[2018.11.15-04.13.59:068][718]LogModuleManager: Shutting down and abandoning module TargetPlatform (158)
[2018.11.15-04.13.59:068][718]LogModuleManager: Shutting down and abandoning module VulkanShaderFormat (157)
[2018.11.15-04.13.59:069][718]LogModuleManager: Shutting down and abandoning module ShaderFormatVectorVM (155)
[2018.11.15-04.13.59:069][718]LogModuleManager: Shutting down and abandoning module ShaderFormatOpenGL (153)
[2018.11.15-04.13.59:070][718]LogModuleManager: Shutting down and abandoning module ShaderFormatD3D (151)
[2018.11.15-04.13.59:071][718]LogModuleManager: Shutting down and abandoning module MetalShaderFormat (149)
[2018.11.15-04.13.59:072][718]LogModuleManager: Shutting down and abandoning module TextureFormatUncompressed (147)
[2018.11.15-04.13.59:072][718]LogModuleManager: Shutting down and abandoning module TextureFormatPVR (145)
[2018.11.15-04.13.59:072][718]LogModuleManager: Shutting down and abandoning module TextureFormatDXT (143)
[2018.11.15-04.13.59:072][718]LogModuleManager: Shutting down and abandoning module TextureFormatIntelISPCTexComp (141)
[2018.11.15-04.13.59:074][718]LogModuleManager: Shutting down and abandoning module TextureFormatASTC (139)
[2018.11.15-04.13.59:074][718]LogModuleManager: Shutting down and abandoning module ImageWrapper (138)
[2018.11.15-04.13.59:074][718]LogModuleManager: Shutting down and abandoning module TextureFormatAndroid (135)
[2018.11.15-04.13.59:074][718]LogModuleManager: Shutting down and abandoning module AudioFormatOpus (133)
[2018.11.15-04.13.59:074][718]LogModuleManager: Shutting down and abandoning module AudioFormatOgg (131)
[2018.11.15-04.13.59:074][718]LogModuleManager: Shutting down and abandoning module AudioFormatADPCM (129)
[2018.11.15-04.13.59:074][718]LogModuleManager: Shutting down and abandoning module LuminTargetPlatform (127)
[2018.11.15-04.13.59:074][718]LogModuleManager: Shutting down and abandoning module LinuxTargetPlatform (125)
[2018.11.15-04.13.59:074][718]LogModuleManager: Shutting down and abandoning module LinuxServerTargetPlatform (123)
[2018.11.15-04.13.59:074][718]LogModuleManager: Shutting down and abandoning module LinuxNoEditorTargetPlatform (121)
[2018.11.15-04.13.59:075][718]LogModuleManager: Shutting down and abandoning module LinuxClientTargetPlatform (119)
[2018.11.15-04.13.59:075][718]LogModuleManager: Shutting down and abandoning module TVOSTargetPlatform (117)
[2018.11.15-04.13.59:078][718]LogModuleManager: Shutting down and abandoning module Messaging (115)
[2018.11.15-04.13.59:078][718]LogModuleManager: Shutting down and abandoning module IOSTargetPlatform (113)
[2018.11.15-04.13.59:086][718]LogModuleManager: Shutting down and abandoning module HTML5TargetPlatform (111)
[2018.11.15-04.13.59:086][718]LogModuleManager: Shutting down and abandoning module AndroidTargetPlatform (109)
[2018.11.15-04.13.59:139][718]LogModuleManager: Shutting down and abandoning module WindowsTargetPlatform (107)
[2018.11.15-04.13.59:139][718]LogModuleManager: Shutting down and abandoning module WindowsServerTargetPlatform (105)
[2018.11.15-04.13.59:139][718]LogModuleManager: Shutting down and abandoning module WindowsNoEditorTargetPlatform (103)
[2018.11.15-04.13.59:139][718]LogModuleManager: Shutting down and abandoning module WindowsClientTargetPlatform (101)
[2018.11.15-04.13.59:139][718]LogModuleManager: Shutting down and abandoning module MacTargetPlatform (99)
[2018.11.15-04.13.59:139][718]LogModuleManager: Shutting down and abandoning module MacServerTargetPlatform (97)
[2018.11.15-04.13.59:139][718]LogModuleManager: Shutting down and abandoning module MacNoEditorTargetPlatform (95)
[2018.11.15-04.13.59:139][718]LogModuleManager: Shutting down and abandoning module MacClientTargetPlatform (93)
[2018.11.15-04.13.59:139][718]LogModuleManager: Shutting down and abandoning module AllDesktopTargetPlatform (91)
[2018.11.15-04.13.59:139][718]LogModuleManager: Shutting down and abandoning module InputCore (88)
[2018.11.15-04.13.59:139][718]LogModuleManager: Shutting down and abandoning module Settings (86)
[2018.11.15-04.13.59:140][718]LogModuleManager: Shutting down and abandoning module PhysXCooking (84)
[2018.11.15-04.13.59:140][718]LogModuleManager: Shutting down and abandoning module SteamVR (82)
[2018.11.15-04.13.59:140][718]LogModuleManager: Shutting down and abandoning module OculusHMD (80)
[2018.11.15-04.13.59:140][718]LogModuleManager: Shutting down and abandoning module ExampleDeviceProfileSelector (78)
[2018.11.15-04.13.59:140][718]LogModuleManager: Shutting down and abandoning module LauncherChunkInstaller (76)
[2018.11.15-04.13.59:140][718]LogModuleManager: Shutting down and abandoning module OnlineBlueprintSupport (74)
[2018.11.15-04.13.59:140][718]LogModuleManager: Shutting down and abandoning module OnlineSubsystem (70)
[2018.11.15-04.13.59:146][718]LogModuleManager: Shutting down and abandoning module XMPP (65)
[2018.11.15-04.13.59:151][718]LogModuleManager: Shutting down and abandoning module WebSockets (64)
[2018.11.15-04.13.59:183][718]LogModuleManager: Shutting down and abandoning module HTTP (61)
[2018.11.15-04.13.59:183][718]LogHttp: Display: Http module shutting down, but needs to wait on 1 outstanding Http requests:
[2018.11.15-04.13.59:183][718]LogHttp: Display: 	verb=[POST] url=[https://datarouter.ol.epicgames.com/datarouter/api/v1/public/data?SessionID=%7BFB6F5300-4C52-0FEE-6D6D-1A97399CC18B%7D&AppID=UEEditor.Rocket.Release&AppVersion=4.20.3-4369336%2B%2B%2BUE4%2BRelease-4.20&UserID=43c126c24f15198c947cdfb1db13fad8%7Cb2f7e9518cdd486ab4b0a629bbfdf936%7Cb97122b6-9b47-46b3-b37f-04cecf73e2e0&AppEnvironment=datacollector-binary&UploadType=eteventstream] status=Processing
[2018.11.15-04.13.59:203][718]LogModuleManager: Shutting down and abandoning module SSL (60)
[2018.11.15-04.13.59:207][718]LogModuleManager: Shutting down and abandoning module MagicLeapEmulator (56)
[2018.11.15-04.13.59:207][718]LogModuleManager: Shutting down and abandoning module MagicLeapPrivileges (54)
[2018.11.15-04.13.59:207][718]LogModuleManager: Shutting down and abandoning module MagicLeapIdentity (52)
[2018.11.15-04.13.59:207][718]LogModuleManager: Shutting down and abandoning module MagicLeapHelperVulkan (50)
[2018.11.15-04.13.59:208][718]LogModuleManager: Shutting down and abandoning module MagicLeapHelperOpenGL (48)
[2018.11.15-04.13.59:208][718]LogModuleManager: Shutting down and abandoning module MagicLeapSecureStorage (46)
[2018.11.15-04.13.59:208][718]LogModuleManager: Shutting down and abandoning module MagicLeapGestures (44)
[2018.11.15-04.13.59:208][718]LogModuleManager: Shutting down and abandoning module MagicLeapEyeTracker (42)
[2018.11.15-04.13.59:208][718]LogModuleManager: Shutting down and abandoning module MagicLeapController (40)
[2018.11.15-04.13.59:209][718]LogSlate: Slate User Destroyed.  User Index 0, Is Virtual User: 0
[2018.11.15-04.13.59:209][718]LogModuleManager: Shutting down and abandoning module MagicLeap (38)
[2018.11.15-04.13.59:210][718]LogModuleManager: Shutting down and abandoning module AnimationModifiers (36)
[2018.11.15-04.13.59:211][718]LogModuleManager: Shutting down and abandoning module PropertyEditor (35)
[2018.11.15-04.13.59:213][718]LogModuleManager: Shutting down and abandoning module AudioEditor (32)
[2018.11.15-04.13.59:213][718]LogModuleManager: Shutting down and abandoning module TextureCompressor (30)
[2018.11.15-04.13.59:213][718]LogModuleManager: Shutting down and abandoning module ShaderCore (28)
[2018.11.15-04.13.59:213][718]LogModuleManager: Shutting down and abandoning module Landscape (26)
[2018.11.15-04.13.59:213][718]LogModuleManager: Shutting down and abandoning module SlateRHIRenderer (24)
[2018.11.15-04.13.59:216][718]LogModuleManager: Shutting down and abandoning module OpenGLDrv (22)
[2018.11.15-04.13.59:217][718]LogModuleManager: Shutting down and abandoning module D3D11RHI (20)
[2018.11.15-04.13.59:217][718]LogModuleManager: Shutting down and abandoning module AnimGraphRuntime (18)
[2018.11.15-04.13.59:217][718]LogModuleManager: Shutting down and abandoning module Renderer (16)
[2018.11.15-04.13.59:217][718]LogModuleManager: Shutting down and abandoning module Engine (14)
[2018.11.15-04.13.59:217][718]LogModuleManager: Shutting down and abandoning module CoreUObject (12)
[2018.11.15-04.13.59:217][718]LogModuleManager: Shutting down and abandoning module NetworkFile (10)
[2018.11.15-04.13.59:217][718]LogModuleManager: Shutting down and abandoning module CookedIterativeFile (8)
[2018.11.15-04.13.59:217][718]LogModuleManager: Shutting down and abandoning module StreamingFile (6)
[2018.11.15-04.13.59:218][718]LogModuleManager: Shutting down and abandoning module SandboxFile (4)
[2018.11.15-04.13.59:218][718]LogModuleManager: Shutting down and abandoning module PakFile (2)
[2018.11.15-04.13.59:224][718]LogExit: Exiting.
[2018.11.15-04.13.59:248][718]Log file closed, 11/14/18 21:13:59
