Log file open, 11/21/18 12:32:39
LogWindows: Failed to load 'aqProf.dll' (GetLastError=126)
LogWindows: File 'aqProf.dll' does not exist
LogWindows: Failed to load 'VtuneApi.dll' (GetLastError=126)
LogWindows: File 'VtuneApi.dll' does not exist
LogWindows: Failed to load 'VtuneApi32e.dll' (GetLastError=126)
LogWindows: File 'VtuneApi32e.dll' does not exist
LogInit: Display: Running engine for game: APsec1LargeCityBase
LogPlatformFile: Not using cached read wrapper
LogTaskGraph: Started task graph with 5 named threads and 23 total threads with 3 sets of task threads.
LogStats: Stats thread started at 0.271714
LogD3D11RHI: Loaded GFSDK_Aftermath_Lib.x64.dll
LogICUInternationalization: Display: ICU TimeZone Detection - Raw Offset: -7:00, Platform Override: ''
LogPluginManager: Mounting plugin Paper2D
LogPluginManager: Mounting plugin AISupport
LogPluginManager: Mounting plugin LightPropagationVolume
LogPluginManager: Mounting plugin CLionSourceCodeAccess
LogPluginManager: Mounting plugin CodeLiteSourceCodeAccess
LogPluginManager: Mounting plugin GitSourceControl
LogPluginManager: Mounting plugin KDevelopSourceCodeAccess
LogPluginManager: Mounting plugin NullSourceCodeAccess
LogPluginManager: Mounting plugin PerforceSourceControl
LogPluginManager: Mounting plugin SubversionSourceControl
LogPluginManager: Mounting plugin UObjectPlugin
LogPluginManager: Mounting plugin VisualStudioCodeSourceCodeAccess
LogPluginManager: Mounting plugin VisualStudioSourceCodeAccess
LogPluginManager: Mounting plugin XCodeSourceCodeAccess
LogPluginManager: Mounting plugin AssetManagerEditor
LogPluginManager: Mounting plugin CryptoKeys
LogPluginManager: Mounting plugin DataValidation
LogPluginManager: Mounting plugin FacialAnimation
LogPluginManager: Mounting plugin GameplayTagsEditor
LogPluginManager: Mounting plugin MacGraphicsSwitching
LogPluginManager: Mounting plugin MeshEditor
LogPluginManager: Mounting plugin MobileLauncherProfileWizard
LogPluginManager: Mounting plugin PluginBrowser
LogPluginManager: Mounting plugin SpeedTreeImporter
LogPluginManager: Mounting plugin DatasmithContent
LogPluginManager: Mounting plugin AlembicImporter
LogPluginManager: Mounting plugin AppleImageUtils
LogPluginManager: Mounting plugin AppleVision
LogPluginManager: Mounting plugin BackChannel
LogPluginManager: Mounting plugin CharacterAI
LogPluginManager: Mounting plugin GeometryCache
LogPluginManager: Mounting plugin HTML5Networking
LogPluginManager: Mounting plugin ProxyLODPlugin
LogPluginManager: Mounting plugin MagicLeap
LogPluginManager: Mounting plugin MagicLeapEmulator
LogPluginManager: Mounting plugin MagicLeapMedia
LogPluginManager: Mounting plugin AndroidMedia
LogPluginManager: Mounting plugin AvfMedia
LogPluginManager: Mounting plugin ImgMedia
LogPluginManager: Mounting plugin LinearTimecode
LogPluginManager: Mounting plugin MediaCompositing
LogPluginManager: Mounting plugin MediaPlayerEditor
LogPluginManager: Mounting plugin WmfMedia
LogPluginManager: Mounting plugin TcpMessaging
LogPluginManager: Mounting plugin UdpMessaging
LogPluginManager: Mounting plugin ActorSequence
LogPluginManager: Mounting plugin LevelSequenceEditor
LogPluginManager: Mounting plugin MatineeToLevelSequence
LogPluginManager: Mounting plugin NetcodeUnitTest
LogPluginManager: Mounting plugin NUTUnrealEngine4
LogPluginManager: Mounting plugin OnlineSubsystemGooglePlay
LogPluginManager: Mounting plugin OnlineSubsystemIOS
LogPluginManager: Mounting plugin OnlineSubsystem
LogPluginManager: Mounting plugin OnlineSubsystemNull
LogPluginManager: Mounting plugin OnlineSubsystemUtils
LogPluginManager: Mounting plugin LauncherChunkInstaller
LogPluginManager: Mounting plugin AndroidDeviceProfileSelector
LogPluginManager: Mounting plugin AndroidMoviePlayer
LogPluginManager: Mounting plugin AndroidPermission
LogPluginManager: Mounting plugin AppleMoviePlayer
LogPluginManager: Mounting plugin ArchVisCharacter
LogPluginManager: Mounting plugin AudioCapture
LogPluginManager: Mounting plugin CableComponent
LogPluginManager: Mounting plugin CustomMeshComponent
LogPluginManager: Mounting plugin EditableMesh
LogPluginManager: Mounting plugin ExampleDeviceProfileSelector
LogPluginManager: Mounting plugin GoogleCloudMessaging
LogPluginManager: Mounting plugin ImmediatePhysics
LogPluginManager: Mounting plugin IOSDeviceProfileSelector
LogPluginManager: Mounting plugin LinuxDeviceProfileSelector
LogPluginManager: Mounting plugin LocationServicesBPLibrary
LogPluginManager: Mounting plugin MobilePatchingUtils
LogPluginManager: Mounting plugin OculusVR
LogPluginManager: Plugin shader directory ../../../Engine/Plugins/Runtime/Oculus/OculusVR/Shaders found
LogPluginManager: Mapping shader source directory ../../../Engine/Plugins/Runtime/Oculus/OculusVR/Shaders to virtual directory /Plugin/OculusVR
LogPluginManager: Mounting plugin PhysXVehicles
LogPluginManager: Mounting plugin ProceduralMeshComponent
LogPluginManager: Mounting plugin RuntimePhysXCooking
LogPluginManager: Mounting plugin SteamVR
LogPluginManager: Mounting plugin WindowsMoviePlayer
LogStreaming: Display: Took  0.089s to configure plugins.
LogInit: Using libcurl 7.55.1-DEV
LogInit:  - built for x86_64-pc-win32
LogInit:  - supports SSL with OpenSSL/1.0.2h
LogInit:  - supports HTTP deflate (compression) using libz 1.2.8
LogInit:  - other features:
LogInit:      CURL_VERSION_SSL
LogInit:      CURL_VERSION_LIBZ
LogInit:      CURL_VERSION_IPV6
LogInit:      CURL_VERSION_ASYNCHDNS
LogInit:      CURL_VERSION_LARGEFILE
LogInit:      CURL_VERSION_IDN
LogInit:  CurlRequestOptions (configurable via config and command line):
LogInit:  - bVerifyPeer = false  - Libcurl will NOT verify peer certificate
LogInit:  - bUseHttpProxy = false  - Libcurl will NOT use HTTP proxy
LogInit:  - bDontReuseConnections = false  - Libcurl will reuse connections
LogInit:  - CertBundlePath = nullptr  - Libcurl will use whatever was configured at build time.
LogInit:  - MaxHostConnections = 16  - Libcurl will limit the number of connections to a host
LogInit:  - LocalHostAddr = Default
LogInit:  - BufferSize = 65536
LogInit: WinSock: version 1.1 (2.2), MaxSocks=32767, MaxUdp=65467
LogInit: Build: ++UE4+Release-4.20-CL-4212847
LogInit: Engine Version: 4.20.2-4212847+++UE4+Release-4.20
LogInit: Compatible Engine Version: 4.20.0-4212847+++UE4+Release-4.20
LogInit: Net CL: 4212847
LogInit: OS: Windows 10 (), CPU: Intel(R) Core(TM) i7-8809G CPU @ 3.10GHz, GPU: Radeon RX Vega M GH Graphics
LogInit: Compiled (64-bit): Jul 14 2018 09:51:14
LogInit: Compiled with Visual C++: 19.13.26129.00
LogInit: Build Configuration: Development
LogInit: Branch Name: ++UE4+Release-4.20
LogInit: Command Line:  
LogInit: Base Directory: C:/Program Files/Epic Games/UE_4.20/Engine/Binaries/Win64/
LogInit: Installed Engine Build: 1
LogDevObjectVersion: Number of dev versions registered: 20
LogDevObjectVersion:   Dev-Blueprints (B0D832E4-1F89-4F0D-ACCF-7EB736FD4AA2): 10
LogDevObjectVersion:   Dev-Build (E1C64328-A22C-4D53-A36C-8E866417BD8C): 0
LogDevObjectVersion:   Dev-Core (375EC13C-06E4-48FB-B500-84F0262A717E): 2
LogDevObjectVersion:   Dev-Editor (E4B068ED-F494-42E9-A231-DA0B2E46BB41): 24
LogDevObjectVersion:   Dev-Framework (CFFC743F-43B0-4480-9391-14DF171D2073): 34
LogDevObjectVersion:   Dev-Mobile (B02B49B5-BB20-44E9-A304-32B752E40360): 2
LogDevObjectVersion:   Dev-Networking (A4E4105C-59A1-49B5-A7C5-40C4547EDFEE): 0
LogDevObjectVersion:   Dev-Online (39C831C9-5AE6-47DC-9A44-9C173E1C8E7C): 0
LogDevObjectVersion:   Dev-Physics (78F01B33-EBEA-4F98-B9B4-84EACCB95AA2): 0
LogDevObjectVersion:   Dev-Platform (6631380F-2D4D-43E0-8009-CF276956A95A): 0
LogDevObjectVersion:   Dev-Rendering (12F88B9F-8875-4AFC-A67C-D90C383ABD29): 26
LogDevObjectVersion:   Dev-Sequencer (7B5AE74C-D270-4C10-A958-57980B212A5A): 9
LogDevObjectVersion:   Dev-VR (D7296918-1DD6-4BDD-9DE2-64A83CC13884): 2
LogDevObjectVersion:   Dev-LoadTimes (C2A15278-BFE7-4AFE-6C17-90FF531DF755): 1
LogDevObjectVersion:   Private-Geometry (6EACA3D4-40EC-4CC1-B786-8BED09428FC5): 3
LogDevObjectVersion:   Dev-AnimPhys (29E575DD-E0A3-4627-9D10-D276232CDCEA): 17
LogDevObjectVersion:   Dev-ReflectionCapture (6B266CEC-1EC7-4B8F-A30B-E4D90942FC07): 1
LogDevObjectVersion:   Dev-Automation (0DF73D61-A23F-47EA-B727-89E90C41499A): 1
LogDevObjectVersion:   FortniteMain (601D1886-AC64-4F84-AA16-D3DE0DEAC7D6): 12
LogDevObjectVersion:   Dev-Enterprise (9DFFBCD6-494F-0158-E221-12823C92A888): 1
LogStreaming: Display: Took  0.002s to delete old logs.
LogInit: Presizing for max 8388607 objects, including 0 objects not considered by GC, pre-allocating 0 bytes for permanent pool.
LogInit: Object subsystem initialized
[2018.11.21-19.32.39:635][  0]LogInit: Selected Device Profile: [Windows]
[2018.11.21-19.32.39:635][  0]LogInit: Applying CVar settings loaded from the selected device profile: [Windows]
[2018.11.21-19.32.39:646][  0]LogHAL: Display: Platform has ~ 16 GB [17094848512 / 17179869184 / 16], which maps to Larger [LargestMinGB=32, LargerMinGB=12, DefaultMinGB=8, SmallerMinGB=6, SmallestMinGB=0)
[2018.11.21-19.32.39:647][  0]LogInit: Setting Device Profile CVar: [[r.Vulkan.UseRealUBs:1]]
[2018.11.21-19.32.39:647][  0]LogInit: Going up to parent DeviceProfile []
[2018.11.21-19.32.39:647][  0]LogInit: Computer: eae-n-020
[2018.11.21-19.32.39:647][  0]LogInit: User: u0905990
[2018.11.21-19.32.39:647][  0]LogInit: CPU Page size=4096, Cores=4
[2018.11.21-19.32.39:647][  0]LogInit: High frequency timer resolution =3.023437 MHz
[2018.11.21-19.32.39:648][  0]LogMemory: Memory total: Physical=15.9GB (16GB approx)
[2018.11.21-19.32.39:648][  0]LogMemory: Platform Memory Stats for Windows
[2018.11.21-19.32.39:648][  0]LogMemory: Process Physical Memory: 100.27 MB used, 100.27 MB peak
[2018.11.21-19.32.39:648][  0]LogMemory: Process Virtual Memory: 90.95 MB used, 90.95 MB peak
[2018.11.21-19.32.39:648][  0]LogMemory: Physical Memory: 6475.03 MB used,  9827.89 MB free, 16302.92 MB total
[2018.11.21-19.32.39:648][  0]LogMemory: Virtual Memory: 4640.39 MB used,  9827.89 MB free, 134217728.00 MB total
[2018.11.21-19.32.39:663][  0]LogInit: Using OS detected language (en-US).
[2018.11.21-19.32.39:663][  0]LogInit: Using OS detected locale (en-US).
[2018.11.21-19.32.39:664][  0]LogTextLocalizationManager: No specific localization for 'en-US' exists, so the 'en' localization will be used.
[2018.11.21-19.32.39:975][  0]LogStreaming: Display: Took  0.311s to InitEngineTextLocalization.
[2018.11.21-19.32.39:975][  0]LogInit: Setting process to per monitor DPI aware
[2018.11.21-19.32.40:018][  0]LogSlate: New Slate User Created.  User Index 0, Is Virtual User: 0
[2018.11.21-19.32.40:018][  0]LogSlate: Slate User Registered.  User Index 0, Is Virtual User: 0
[2018.11.21-19.32.40:190][  0]LogHMD: Failed to initialize OpenVR with code 110
[2018.11.21-19.32.40:190][  0]LogD3D11RHI: D3D11 adapters:
[2018.11.21-19.32.40:229][  0]LogD3D11RHI:    0. 'Radeon RX Vega M GH Graphics' (Feature Level 11_0)
[2018.11.21-19.32.40:229][  0]LogD3D11RHI:       4042/0/8151 MB DedicatedVideo/DedicatedSystem/SharedSystem, Outputs:1, VendorId:0x1002
[2018.11.21-19.32.40:239][  0]LogD3D11RHI:    1. 'Intel(R) HD Graphics 630' (Feature Level 11_0)
[2018.11.21-19.32.40:239][  0]LogD3D11RHI:       128/0/8151 MB DedicatedVideo/DedicatedSystem/SharedSystem, Outputs:0, VendorId:0x8086
[2018.11.21-19.32.40:241][  0]LogD3D11RHI:    2. 'Microsoft Basic Render Driver' (Feature Level 11_0)
[2018.11.21-19.32.40:241][  0]LogD3D11RHI:       0/0/8151 MB DedicatedVideo/DedicatedSystem/SharedSystem, Outputs:0, VendorId:0x1414
[2018.11.21-19.32.40:241][  0]LogD3D11RHI: Chosen D3D11 Adapter: 0
[2018.11.21-19.32.40:247][  0]LogD3D11RHI: Creating new Direct3DDevice
[2018.11.21-19.32.40:247][  0]LogD3D11RHI:     GPU DeviceId: 0x694c (for the marketing name, search the web for "GPU Device Id")
[2018.11.21-19.32.40:247][  0]LogWindows: EnumDisplayDevices:
[2018.11.21-19.32.40:247][  0]LogWindows:    0. 'Radeon RX Vega M GH Graphics' (P:1 D:1)
[2018.11.21-19.32.40:248][  0]LogWindows:    1. 'Radeon RX Vega M GH Graphics' (P:0 D:0)
[2018.11.21-19.32.40:248][  0]LogWindows:    2. 'Radeon RX Vega M GH Graphics' (P:0 D:0)
[2018.11.21-19.32.40:248][  0]LogWindows:    3. 'Radeon RX Vega M GH Graphics' (P:0 D:0)
[2018.11.21-19.32.40:248][  0]LogWindows:    4. 'Radeon RX Vega M GH Graphics' (P:0 D:0)
[2018.11.21-19.32.40:248][  0]LogWindows:    5. 'Radeon RX Vega M GH Graphics' (P:0 D:0)
[2018.11.21-19.32.40:249][  0]LogWindows:    6. 'Radeon RX Vega M GH Graphics' (P:0 D:0)
[2018.11.21-19.32.40:249][  0]LogWindows:    7. 'Radeon RX Vega M GH Graphics' (P:0 D:0)
[2018.11.21-19.32.40:249][  0]LogWindows:    8. 'Radeon RX Vega M GH Graphics' (P:0 D:0)
[2018.11.21-19.32.40:249][  0]LogWindows:    9. 'Radeon RX Vega M GH Graphics' (P:0 D:0)
[2018.11.21-19.32.40:250][  0]LogWindows:    10. 'Radeon RX Vega M GH Graphics' (P:0 D:0)
[2018.11.21-19.32.40:250][  0]LogWindows:    11. 'Radeon RX Vega M GH Graphics' (P:0 D:0)
[2018.11.21-19.32.40:250][  0]LogWindows:    12. 'Radeon RX Vega M GH Graphics' (P:0 D:0)
[2018.11.21-19.32.40:250][  0]LogWindows:    13. 'Radeon RX Vega M GH Graphics' (P:0 D:0)
[2018.11.21-19.32.40:250][  0]LogWindows:    14. 'Radeon RX Vega M GH Graphics' (P:0 D:0)
[2018.11.21-19.32.40:251][  0]LogWindows:    15. 'Radeon RX Vega M GH Graphics' (P:0 D:0)
[2018.11.21-19.32.40:251][  0]LogWindows:    16. 'Intel(R) HD Graphics 630' (P:0 D:0)
[2018.11.21-19.32.40:251][  0]LogWindows:    17. 'Intel(R) HD Graphics 630' (P:0 D:0)
[2018.11.21-19.32.40:251][  0]LogWindows: DebugString: PrimaryIsNotTheChoosenAdapter PrimaryIsNotTheChoosenAdapter FoundDriverCount:16 
[2018.11.21-19.32.40:251][  0]LogD3D11RHI:     Adapter Name: Radeon RX Vega M GH Graphics
[2018.11.21-19.32.40:251][  0]LogD3D11RHI:   Driver Version: Adrenalin 18.5.1 (internal:24.20.11016.4, unified:24.20.11016.4)
[2018.11.21-19.32.40:251][  0]LogD3D11RHI:      Driver Date: 5-16-2018
[2018.11.21-19.32.40:251][  0]LogRHI: Texture pool is 2829 MB (70% of 4042 MB)
[2018.11.21-19.32.40:395][  0]LogD3D11RHI: Async texture creation enabled
[2018.11.21-19.32.40:404][  0]LogD3D11RHI: GPU Timing Frequency: 25.000000 (Debug: 2 1)
[2018.11.21-19.32.40:406][  0]LogShaderCompilers: Guid format shader working directory is -38 characters bigger than the processId version (../../../../../../Users/u0905990/Documents/GitHub/AssetPipeMaster01/APsec1LargeCityBase/Intermediate/Shaders/WorkingDirectory/3080/).
[2018.11.21-19.32.40:406][  0]LogShaderCompilers: Cleaned the shader compiler working directory 'C:/Users/u0905990/AppData/Local/Temp/UnrealShaderWorkingDir/46C8D2584F48FF8BCC1454B8408240DA/'.
[2018.11.21-19.32.40:633][  0]LogTemp: Display: Loaded TP AllDesktopTargetPlatform
[2018.11.21-19.32.40:645][  0]LogTemp: Display: Loaded TP MacClientTargetPlatform
[2018.11.21-19.32.40:657][  0]LogTemp: Display: Loaded TP MacNoEditorTargetPlatform
[2018.11.21-19.32.40:668][  0]LogTemp: Display: Loaded TP MacServerTargetPlatform
[2018.11.21-19.32.40:680][  0]LogTemp: Display: Loaded TP MacTargetPlatform
[2018.11.21-19.32.40:691][  0]LogTemp: Display: Loaded TP WindowsClientTargetPlatform
[2018.11.21-19.32.40:703][  0]LogTemp: Display: Loaded TP WindowsNoEditorTargetPlatform
[2018.11.21-19.32.40:715][  0]LogTemp: Display: Loaded TP WindowsServerTargetPlatform
[2018.11.21-19.32.40:720][  0]LogTemp: Display: Loaded TP WindowsTargetPlatform
[2018.11.21-19.32.40:792][  0]LogTemp: Display: Loaded TP AndroidTargetPlatform
[2018.11.21-19.32.40:792][  0]LogTemp: Display: Loaded TP AndroidTargetPlatform
[2018.11.21-19.32.40:792][  0]LogTemp: Display: Loaded TP AndroidTargetPlatform
[2018.11.21-19.32.40:792][  0]LogTemp: Display: Loaded TP AndroidTargetPlatform
[2018.11.21-19.32.40:792][  0]LogTemp: Display: Loaded TP AndroidTargetPlatform
[2018.11.21-19.32.40:792][  0]LogTemp: Display: Loaded TP AndroidTargetPlatform
[2018.11.21-19.32.40:792][  0]LogTemp: Display: Loaded TP AndroidTargetPlatform
[2018.11.21-19.32.40:792][  0]LogTemp: Display: Loaded TP AndroidTargetPlatform
[2018.11.21-19.32.40:792][  0]LogTemp: Display: Loaded TP AndroidTargetPlatform
[2018.11.21-19.32.40:792][  0]LogTemp: Display: Loaded TP AndroidTargetPlatform
[2018.11.21-19.32.40:792][  0]LogTemp: Display: Loaded TP AndroidTargetPlatform
[2018.11.21-19.32.40:792][  0]LogTemp: Display: Loaded TP AndroidTargetPlatform
[2018.11.21-19.32.40:792][  0]LogTemp: Display: Loaded TP AndroidTargetPlatform
[2018.11.21-19.32.40:792][  0]LogTemp: Display: Loaded TP AndroidTargetPlatform
[2018.11.21-19.32.40:792][  0]LogTemp: Display: Loaded TP AndroidTargetPlatform
[2018.11.21-19.32.40:792][  0]LogTemp: Display: Loaded TP AndroidTargetPlatform
[2018.11.21-19.32.40:792][  0]LogTemp: Display: Loaded TP AndroidTargetPlatform
[2018.11.21-19.32.40:792][  0]LogTemp: Display: Loaded TP AndroidTargetPlatform
[2018.11.21-19.32.40:794][  0]LogTemp: Display: Loaded TP HTML5TargetPlatform
[2018.11.21-19.32.40:852][  0]LogTemp: Display: Loaded TP IOSTargetPlatform
[2018.11.21-19.32.40:852][  0]LogTemp: Display: Loaded TP IOSTargetPlatform
[2018.11.21-19.32.40:873][  0]LogTemp: Display: Loaded TP TVOSTargetPlatform
[2018.11.21-19.32.40:873][  0]LogTemp: Display: Loaded TP TVOSTargetPlatform
[2018.11.21-19.32.40:884][  0]LogTemp: Display: Loaded TP LinuxClientTargetPlatform
[2018.11.21-19.32.40:895][  0]LogTemp: Display: Loaded TP LinuxNoEditorTargetPlatform
[2018.11.21-19.32.40:906][  0]LogTemp: Display: Loaded TP LinuxServerTargetPlatform
[2018.11.21-19.32.40:918][  0]LogTemp: Display: Loaded TP LinuxTargetPlatform
[2018.11.21-19.32.40:927][  0]LogTemp: Display: Loaded TP LuminTargetPlatform
[2018.11.21-19.32.40:927][  0]LogTargetPlatformManager: Display: Building Assets For Windows
[2018.11.21-19.32.40:987][  0]LogXGEController: Cleaning working directory: C:/Users/u0905990/AppData/Local/Temp/UnrealXGEWorkingDir/
[2018.11.21-19.32.40:987][  0]LogXGEController: Cannot use XGE Controller as Incredibuild is not installed on this machine.
[2018.11.21-19.32.40:987][  0]LogShaderCompilers: Cannot use XGE Shader Compiler as Incredibuild is not installed on this machine.
[2018.11.21-19.32.40:987][  0]LogShaderCompilers: Display: Using Local Shader Compiler.
[2018.11.21-19.32.41:630][  0]LogDerivedDataCache: Display: Max Cache Size: 512 MB
[2018.11.21-19.32.41:684][  0]LogDerivedDataCache: Loaded boot cache 0.05s 71MB C:/Users/u0905990/AppData/Local/UnrealEngine/4.20/DerivedDataCache/Boot.ddc.
[2018.11.21-19.32.41:684][  0]LogDerivedDataCache: Display: Loaded Boot cache: C:/Users/u0905990/AppData/Local/UnrealEngine/4.20/DerivedDataCache/Boot.ddc
[2018.11.21-19.32.41:684][  0]LogDerivedDataCache: FDerivedDataBackendGraph:  Pak pak cache file ../../../../../../Users/u0905990/Documents/GitHub/AssetPipeMaster01/APsec1LargeCityBase/DerivedDataCache/DDC.ddp not found, will not use a pak cache.
[2018.11.21-19.32.41:684][  0]LogDerivedDataCache: Unable to find inner node Pak for hierarchical cache Hierarchy.
[2018.11.21-19.32.41:684][  0]LogDerivedDataCache: FDerivedDataBackendGraph:  CompressedPak pak cache file ../../../../../../Users/u0905990/Documents/GitHub/AssetPipeMaster01/APsec1LargeCityBase/DerivedDataCache/Compressed.ddp not found, will not use a pak cache.
[2018.11.21-19.32.41:684][  0]LogDerivedDataCache: Unable to find inner node CompressedPak for hierarchical cache Hierarchy.
[2018.11.21-19.32.41:698][  0]LogDerivedDataCache: Display: Pak cache opened for reading ../../../Engine/DerivedDataCache/Compressed.ddp.
[2018.11.21-19.32.41:711][  0]LogDerivedDataCache: Using Local data cache path C:/Users/u0905990/AppData/Local/UnrealEngine/Common/DerivedDataCache: Writable
[2018.11.21-19.32.41:711][  0]LogDerivedDataCache: Shared data cache path not found in *engine.ini, will not use an Shared cache.
[2018.11.21-19.32.41:711][  0]LogDerivedDataCache: Unable to find inner node Shared for hierarchical cache Hierarchy.
[2018.11.21-19.32.41:727][  0]LogMaterial: Verifying Global Shaders for PCD3D_SM5
[2018.11.21-19.32.41:728][  0]LogSlate: Using FreeType 2.6.0
[2018.11.21-19.32.41:728][  0]LogSlate: SlateFontServices - WITH_FREETYPE: 1, WITH_HARFBUZZ: 1
[2018.11.21-19.32.41:796][  0]LogAssetRegistry: FAssetRegistry took 0.0255 seconds to start up
[2018.11.21-19.32.42:073][  0]LogInit: Selected Device Profile: [Windows]
[2018.11.21-19.32.42:189][  0]LogSimplygon: Simplygon DLL not present - disabling.
[2018.11.21-19.32.42:192][  0]LogMeshReduction: Using SimplygonSwarm for distributed automatic mesh merging
[2018.11.21-19.32.42:192][  0]LogMeshReduction: Using ProxyLODMeshReduction for automatic mesh merging
[2018.11.21-19.32.42:192][  0]LogMeshReduction: Using QuadricMeshReduction for automatic static mesh reduction
[2018.11.21-19.32.42:192][  0]LogMeshReduction: No automatic skeletal mesh reduction module available
[2018.11.21-19.32.42:207][  0]LogNetVersion: APsec1LargeCityBase 1.0.0, NetCL: 4212847, EngineNetVer: 5, GameNetVer: 0 (Checksum: 1121110827)
[2018.11.21-19.32.42:694][  0]LogPackageLocalizationCache: Processed 11 localized package path(s) for 2 prioritized culture(s) in 0.090009 seconds
[2018.11.21-19.32.42:700][  0]LogUObjectArray: 38425 objects as part of root set at end of initial load.
[2018.11.21-19.32.42:700][  0]LogUObjectAllocator: 6690864 out of 0 bytes used by permanent object pool.
[2018.11.21-19.32.42:700][  0]LogUObjectArray: CloseDisregardForGC: 0/0 objects in disregard for GC pool
[2018.11.21-19.32.43:452][  0]LogTcpMessaging: Initializing TcpMessaging bridge
[2018.11.21-19.32.43:465][  0]LogUdpMessaging: Initializing bridge on interface 0.0.0.0:0 to multicast group 230.0.0.1:6666.
[2018.11.21-19.32.43:597][  0]SourceControl: Source control is disabled
[2018.11.21-19.32.43:597][  0]SourceControl: Source control is disabled
[2018.11.21-19.32.43:598][  0]SourceControl: Source control is disabled
[2018.11.21-19.32.43:599][  0]SourceControl: Source control is disabled
[2018.11.21-19.32.43:766][  0]LogAndroidPermission: UAndroidPermissionCallbackProxy::GetInstance
[2018.11.21-19.32.43:834][  0]LogOcInput: OculusInput pre-init called
[2018.11.21-19.32.43:891][  0]LogEngine: Initializing Engine...
[2018.11.21-19.32.43:892][  0]LogHMD: Failed to initialize OpenVR with code 110
[2018.11.21-19.32.43:893][  0]LogStats: UGameplayTagsManager::ConstructGameplayTagTree: ImportINI prefixes -  0.000 s
[2018.11.21-19.32.43:893][  0]LogStats: UGameplayTagsManager::ConstructGameplayTagTree: Construct from data asset -  0.000 s
[2018.11.21-19.32.43:893][  0]LogStats: UGameplayTagsManager::ConstructGameplayTagTree: ImportINI -  0.000 s
[2018.11.21-19.32.43:893][  0]LogStats: UGameplayTagsManager::ConstructGameplayTagTree: GameplayTagTreeChangedEvent.Broadcast -  0.000 s
[2018.11.21-19.32.44:083][  0]LogInit: Initializing FReadOnlyCVARCache
[2018.11.21-19.32.44:098][  0]LogAIModule: Creating AISystem for world Untitled
[2018.11.21-19.32.44:124][  0]LogInit: XAudio2 using '5 - DELL UZ2315H (AMD High Definition Audio Device)' : 2 channels at 48 kHz using 16 bits per sample (channel mask 0x3)
[2018.11.21-19.32.44:139][  0]LogInit: FAudioDevice initialized.
[2018.11.21-19.32.44:139][  0]LogNetVersion: Set ProjectVersion to 1.0.0.0. Version Checksum will be recalculated on next use.
[2018.11.21-19.32.44:219][  0]LogDerivedDataCache: Saved boot cache 0.08s 71MB C:/Users/u0905990/AppData/Local/UnrealEngine/4.20/DerivedDataCache/Boot.ddc.
[2018.11.21-19.32.44:231][  0]LogInit: Texture streaming: Enabled
[2018.11.21-19.32.44:249][  0]LogEngineSessionManager: EngineSessionManager initialized
[2018.11.21-19.32.44:262][  0]LogInit: Transaction tracking system initialized
[2018.11.21-19.32.44:283][  0]BlueprintLog: New page: Editor Load
[2018.11.21-19.32.44:353][  0]LocalizationService: Localization service is disabled
[2018.11.21-19.32.44:610][  0]LogCook: Display: Max memory allowance for cook 16384mb min free memory 0mb
[2018.11.21-19.32.44:610][  0]LogCook: Display: Mobile HDR setting 1
[2018.11.21-19.32.44:610][  0]LogGameplayTags: Display: UGameplayTagsManager::DoneAddingNativeTags. DelegateIsBound: 0
[2018.11.21-19.32.44:610][  0]LogStats: UGameplayTagsManager::ConstructGameplayTagTree: ImportINI prefixes -  0.000 s
[2018.11.21-19.32.44:610][  0]LogStats: UGameplayTagsManager::ConstructGameplayTagTree: Construct from data asset -  0.000 s
[2018.11.21-19.32.44:610][  0]LogStats: UGameplayTagsManager::ConstructGameplayTagTree: ImportINI -  0.000 s
[2018.11.21-19.32.44:610][  0]LogStats: UGameplayTagsManager::ConstructGameplayTagTree: GameplayTagTreeChangedEvent.Broadcast -  0.000 s
[2018.11.21-19.32.44:732][  0]LogFileCache: Scanning file cache for directory 'C:/Users/u0905990/Documents/GitHub/AssetPipeMaster01/APsec1LargeCityBase/Content/' took 0.02s
[2018.11.21-19.32.44:732][  0]SourceControl: Source control is disabled
[2018.11.21-19.32.44:733][  0]Cmd: MAP LOAD FILE="../../../Engine/Content/Maps/Templates/Template_Default.umap" TEMPLATE=1 SHOWPROGRESS=1 FEATURELEVEL=3
[2018.11.21-19.32.44:733][  0]LightingResults: New page: Lighting Build
[2018.11.21-19.32.44:737][  0]MapCheck: New page: Map Check
[2018.11.21-19.32.44:737][  0]LightingResults: New page: Lighting Build
[2018.11.21-19.32.44:917][  0]LogAIModule: Creating AISystem for world Untitled_1
[2018.11.21-19.32.44:923][  0]LogEditorServer: Finished looking for orphan Actors (0.000 secs)
[2018.11.21-19.32.44:945][  0]Cmd: MAP CHECKDEP NOCLEARLOG
[2018.11.21-19.32.45:006][  0]MapCheck: Map check complete: 0 Error(s), 0 Warning(s), took 59.937ms to complete.
[2018.11.21-19.32.45:006][  0]LogFileHelpers: Loading map 'Template_Default' took 0.272
[2018.11.21-19.32.45:098][  0]LogSlate: Updating window title bar state: overlay mode, drag disabled, window buttons hidden, title bar hidden
[2018.11.21-19.32.45:106][  0]LogSlate: Updating window title bar state: overlay mode, drag disabled, window buttons hidden, title bar hidden
[2018.11.21-19.32.45:113][  0]LogSlate: Updating window title bar state: overlay mode, drag disabled, window buttons hidden, title bar hidden
[2018.11.21-19.32.45:121][  0]LogSlate: Updating window title bar state: overlay mode, drag disabled, window buttons hidden, title bar hidden
[2018.11.21-19.32.45:127][  0]LogCollectionManager: Loaded 0 collections in 0.001739 seconds
[2018.11.21-19.32.45:172][  0]LogFileCache: Scanning file cache for directory 'C:/Users/u0905990/Documents/GitHub/AssetPipeMaster01/APsec1LargeCityBase/Saved/Collections/' took 0.01s
[2018.11.21-19.32.45:172][  0]LogFileCache: Scanning file cache for directory 'C:/Users/u0905990/Documents/GitHub/AssetPipeMaster01/APsec1LargeCityBase/Content/Developers/u0905990/Collections/' took 0.01s
[2018.11.21-19.32.45:172][  0]LogFileCache: Scanning file cache for directory 'C:/Users/u0905990/Documents/GitHub/AssetPipeMaster01/APsec1LargeCityBase/Content/Collections/' took 0.01s
[2018.11.21-19.32.45:172][  0]LogCollectionManager: Rebuilt the GUID cache for 0 collections in 0.000000 seconds
[2018.11.21-19.32.45:180][  0]LogContentBrowser: Native class hierarchy populated in 0.0077 seconds. Added 2572 classes and 603 folders.
[2018.11.21-19.32.45:186][  0]LogContentBrowser: Native class hierarchy updated for 'WidgetCarousel' in 0.0002 seconds. Added 0 classes and 0 folders.
[2018.11.21-19.32.45:229][  0]LogContentBrowser: Native class hierarchy updated for 'AddContentDialog' in 0.0002 seconds. Added 0 classes and 0 folders.
[2018.11.21-19.32.45:233][  0]LogContentBrowser: Native class hierarchy updated for 'SceneOutliner' in 0.0002 seconds. Added 1 classes and 2 folders.
[2018.11.21-19.32.45:245][  0]LogSlate: Took 0.000187 seconds to synchronously load lazily loaded font '../../../Engine/Content/Slate/Fonts/Roboto-Regular.ttf' (155K)
[2018.11.21-19.32.45:247][  0]LogSlate: Took 0.000202 seconds to synchronously load lazily loaded font '../../../Engine/Content/Slate/Fonts/Roboto-Bold.ttf' (160K)
[2018.11.21-19.32.45:253][  0]LogSlate: Took 0.000251 seconds to synchronously load lazily loaded font '../../../Engine/Content/Editor/Slate/Fonts/FontAwesome.ttf' (139K)
[2018.11.21-19.32.45:319][  0]LogRenderer: Reallocating scene render targets to support 1208x576 Format 10 NumSamples 1 (Frame:1).
[2018.11.21-19.32.45:443][  0]LogContentBrowser: Native class hierarchy updated for 'HierarchicalLODOutliner' in 0.0002 seconds. Added 0 classes and 0 folders.
[2018.11.21-19.32.45:443][  0]LogLoad: (Engine Initialization) Total time: 7.40 seconds
[2018.11.21-19.32.45:443][  0]LogLoad: (Engine Initialization) Total Blueprint compile time: 0.00 seconds
[2018.11.21-19.32.45:461][  0]LogWindowsTextInputMethodSystem: Display: IME system now deactivated.
[2018.11.21-19.32.45:492][  0]LogContentStreaming: Texture pool size now 1000 MB
[2018.11.21-19.32.45:512][  0]LogSlate: Took 0.000171 seconds to synchronously load lazily loaded font '../../../Engine/Content/Slate/Fonts/Roboto-Light.ttf' (167K)
[2018.11.21-19.32.45:545][  1]LogFileCache: Retrieving MD5 hashes for directory 'C:/Users/u0905990/Documents/GitHub/AssetPipeMaster01/APsec1LargeCityBase/Content/' took 0.07s
[2018.11.21-19.32.45:559][  1]LogAssetRegistry: Asset discovery search completed in 3.7852 seconds
[2018.11.21-19.32.45:561][  1]LogCollectionManager: Rebuilt the object cache for 0 collections in 0.000000 seconds (found 0 objects)
[2018.11.21-19.32.45:561][  1]LogCollectionManager: Fixed up redirectors for 0 collections in 0.000035 seconds (updated 0 objects)
[2018.11.21-19.32.46:738][134]LogSlate: FSceneViewport::OnFocusLost() reason 0
[2018.11.21-19.32.59:742][ 59]LogSlate: Took 0.000175 seconds to synchronously load lazily loaded font '../../../Engine/Content/Slate/Fonts/Roboto-Light.ttf' (167K)
[2018.11.21-19.32.59:779][ 59]LogLinker: Warning: Can't find file '/Game/Textured_Blocks_Level/Wooden_Texture_01'
[2018.11.21-19.32.59:779][ 59]LogLinker: Warning: Can't find file for asset '/Game/Textured_Blocks_Level/Wooden_Texture_01' while loading ../../../../../../Users/u0905990/Documents/GitHub/AssetPipeMaster01/APsec1LargeCityBase/Content/Marcellano_Mascarenas/Block_01_textured.uasset.
[2018.11.21-19.32.59:779][ 59]LoadErrors: Error: /Game/Marcellano_Mascarenas/Block_01_textured : Can't find file for asset. /Game/Textured_Blocks_Level/Wooden_Texture_01
[2018.11.21-19.32.59:779][ 59]LogLinker: Warning: Can't find file '/Game/Textured_Blocks_Level/Wooden_Texture_01'
[2018.11.21-19.32.59:779][ 59]LogLinker: Warning: Can't find file for asset '/Game/Textured_Blocks_Level/Wooden_Texture_01' while loading ../../../../../../Users/u0905990/Documents/GitHub/AssetPipeMaster01/APsec1LargeCityBase/Content/Marcellano_Mascarenas/Block_01_textured.uasset.
[2018.11.21-19.32.59:783][ 59]LogLinker: Warning: Can't find file '/Game/Car/blinn3SG'
[2018.11.21-19.32.59:783][ 59]LogLinker: Warning: Can't find file for asset '/Game/Car/blinn3SG' while loading ../../../../../../Users/u0905990/Documents/GitHub/AssetPipeMaster01/APsec1LargeCityBase/Content/Marcellano_Mascarenas/Car/Car_Parts_pCube2.uasset.
[2018.11.21-19.32.59:783][ 59]LoadErrors: Error: /Game/Marcellano_Mascarenas/Car/Car_Parts_pCube2 : Can't find file for asset. /Game/Car/blinn3SG
[2018.11.21-19.32.59:784][ 59]LogLinker: Warning: Can't find file '/Game/Car/blinn3SG'
[2018.11.21-19.32.59:784][ 59]LogLinker: Warning: Can't find file for asset '/Game/Car/blinn3SG' while loading ../../../../../../Users/u0905990/Documents/GitHub/AssetPipeMaster01/APsec1LargeCityBase/Content/Marcellano_Mascarenas/Car/Car_Parts_pCube2.uasset.
[2018.11.21-19.32.59:785][ 59]LogLinker: Warning: Can't find file '/Game/Car/blinn4SG'
[2018.11.21-19.32.59:785][ 59]LogLinker: Warning: Can't find file for asset '/Game/Car/blinn4SG' while loading ../../../../../../Users/u0905990/Documents/GitHub/AssetPipeMaster01/APsec1LargeCityBase/Content/Marcellano_Mascarenas/Car/Car_Parts_polySurface1.uasset.
[2018.11.21-19.32.59:785][ 59]LoadErrors: Error: /Game/Marcellano_Mascarenas/Car/Car_Parts_polySurface1 : Can't find file for asset. /Game/Car/blinn4SG
[2018.11.21-19.32.59:785][ 59]LogLinker: Warning: Can't find file '/Game/Car/blinn4SG'
[2018.11.21-19.32.59:785][ 59]LogLinker: Warning: Can't find file for asset '/Game/Car/blinn4SG' while loading ../../../../../../Users/u0905990/Documents/GitHub/AssetPipeMaster01/APsec1LargeCityBase/Content/Marcellano_Mascarenas/Car/Car_Parts_polySurface1.uasset.
[2018.11.21-19.32.59:787][ 59]LogLinker: Warning: Can't find file '/Game/Car/blinn4SG'
[2018.11.21-19.32.59:787][ 59]LogLinker: Warning: Can't find file for asset '/Game/Car/blinn4SG' while loading ../../../../../../Users/u0905990/Documents/GitHub/AssetPipeMaster01/APsec1LargeCityBase/Content/Marcellano_Mascarenas/Car/Car_Parts_polySurface2.uasset.
[2018.11.21-19.32.59:787][ 59]LoadErrors: Error: /Game/Marcellano_Mascarenas/Car/Car_Parts_polySurface2 : Can't find file for asset. /Game/Car/blinn4SG
[2018.11.21-19.32.59:787][ 59]LogLinker: Warning: Can't find file '/Game/Car/blinn4SG'
[2018.11.21-19.32.59:787][ 59]LogLinker: Warning: Can't find file for asset '/Game/Car/blinn4SG' while loading ../../../../../../Users/u0905990/Documents/GitHub/AssetPipeMaster01/APsec1LargeCityBase/Content/Marcellano_Mascarenas/Car/Car_Parts_polySurface2.uasset.
[2018.11.21-19.32.59:878][ 59]LogLinker: Warning: Can't find file '/Game/Car/blinn3SG'
[2018.11.21-19.32.59:878][ 59]LoadErrors: Failed to load /Game/Car/blinn3SG.blinn3SG Referenced by Car_Parts_pCube2
[2018.11.21-19.32.59:878][ 59]LogLinker: Warning: Can't find file for asset '/Game/Car/blinn3SG' while loading NULL.
[2018.11.21-19.32.59:879][ 59]LogLinker: Warning: Can't find file '/Game/Car/blinn3SG'
[2018.11.21-19.32.59:879][ 59]LogLinker: Warning: Can't find file for asset '/Game/Car/blinn3SG' while loading NULL.
[2018.11.21-19.32.59:880][ 59]LogLinker: Warning: Can't find file '/Game/Textured_Blocks_Level/Wooden_Texture_01'
[2018.11.21-19.32.59:880][ 59]LoadErrors: Failed to load /Game/Textured_Blocks_Level/Wooden_Texture_01.Wooden_Texture_01 Referenced by Block_01_textured
[2018.11.21-19.32.59:880][ 59]LogLinker: Warning: Can't find file for asset '/Game/Textured_Blocks_Level/Wooden_Texture_01' while loading NULL.
[2018.11.21-19.32.59:880][ 59]LogLinker: Warning: Can't find file '/Game/Textured_Blocks_Level/Wooden_Texture_01'
[2018.11.21-19.32.59:880][ 59]LogLinker: Warning: Can't find file for asset '/Game/Textured_Blocks_Level/Wooden_Texture_01' while loading NULL.
[2018.11.21-19.32.59:886][ 59]LogLinker: Warning: Can't find file '/Game/Car/blinn4SG'
[2018.11.21-19.32.59:886][ 59]LoadErrors: Failed to load /Game/Car/blinn4SG.blinn4SG Referenced by Car_Parts_polySurface2
[2018.11.21-19.32.59:886][ 59]LogLinker: Warning: Can't find file for asset '/Game/Car/blinn4SG' while loading NULL.
[2018.11.21-19.32.59:886][ 59]LogLinker: Warning: Can't find file '/Game/Car/blinn4SG'
[2018.11.21-19.32.59:886][ 59]LogLinker: Warning: Can't find file for asset '/Game/Car/blinn4SG' while loading NULL.
[2018.11.21-19.32.59:887][ 59]LogLinker: Warning: Can't find file '/Game/Car/blinn4SG'
[2018.11.21-19.32.59:887][ 59]LoadErrors: Failed to load /Game/Car/blinn4SG.blinn4SG Referenced by Car_Parts_polySurface1
[2018.11.21-19.32.59:887][ 59]LogLinker: Warning: Can't find file for asset '/Game/Car/blinn4SG' while loading NULL.
[2018.11.21-19.32.59:887][ 59]LogLinker: Warning: Can't find file '/Game/Car/blinn4SG'
[2018.11.21-19.32.59:887][ 59]LogLinker: Warning: Can't find file for asset '/Game/Car/blinn4SG' while loading NULL.
[2018.11.21-19.32.59:996][ 59]LogAIModule: Creating AISystem for world StreetSceneLarge_MMM_01
[2018.11.21-19.32.59:998][ 59]LogMaterial: Warning: Material /Game/Human4Size/M_WBchar_MACH.M_WBchar_MACH needed to have new flag set bUsedWithStaticLighting !
[2018.11.21-19.33.00:002][ 59]LogMaterial: Display: Missing cached shader map for material M_WBchar_MACH, compiling. 
[2018.11.21-19.33.00:063][ 59]MapCheck: Warning: M_WBchar_MACH Material /Game/Human4Size/M_WBchar_MACH.M_WBchar_MACH was missing the usage flag bUsedWithStaticLighting. If the material asset is not re-saved, it may not render correctly when run outside the editor. Fix
[2018.11.21-19.33.00:071][ 59]LogShaderCompilers: Display: Shaders left to compile 31
[2018.11.21-19.33.00:071][ 59]LogShaderCompilers: Display: Shaders left to compile 21
[2018.11.21-19.33.00:071][ 59]LogShaderCompilers: Display: Shaders left to compile 11
[2018.11.21-19.33.00:071][ 59]LogShaderCompilers: Display: Shaders left to compile 1
[2018.11.21-19.33.00:091][ 59]LogAssetEditorManager: Opening Asset editor for World /Game/StreetSceneLarge_MMM_01.StreetSceneLarge_MMM_01
[2018.11.21-19.33.00:114][ 59]Cmd: MAP LOAD FILE="../../../../../../Users/u0905990/Documents/GitHub/AssetPipeMaster01/APsec1LargeCityBase/Content/StreetSceneLarge_MMM_01.umap" TEMPLATE=0 SHOWPROGRESS=1 FEATURELEVEL=3
[2018.11.21-19.33.00:114][ 59]LightingResults: New page: Lighting Build
[2018.11.21-19.33.00:115][ 59]LoadErrors: New page: Loading map: StreetSceneLarge_MMM_01.umap
[2018.11.21-19.33.00:115][ 59]MapCheck: New page: Map Check
[2018.11.21-19.33.00:116][ 59]LightingResults: New page: Lighting Build
[2018.11.21-19.33.00:163][ 59]LogEditorServer: Finished looking for orphan Actors (0.000 secs)
[2018.11.21-19.33.00:219][ 59]Cmd: MAP CHECKDEP NOCLEARLOG
[2018.11.21-19.33.00:287][ 59]MapCheck: Map check complete: 0 Error(s), 0 Warning(s), took 67.631ms to complete.
[2018.11.21-19.33.00:287][ 59]LogFileHelpers: Loading map 'StreetSceneLarge_MMM_01' took 0.174
[2018.11.21-19.33.02:119][247]LogSlate: Window 'Message Log' being destroyed
[2018.11.21-19.33.02:124][247]LogSlate: Window 'Message Log' being destroyed
[2018.11.21-19.33.07:037][819]LogActorFactory: Actor Factory created newUvModel
[2018.11.21-19.33.09:721][140]LogActorFactory: Actor Factory created newUvModel
[2018.11.21-19.33.11:054][283]Cmd: DELETE
[2018.11.21-19.33.11:054][283]Cmd: ACTOR DELETE
[2018.11.21-19.33.11:062][283]LogEditorActor: Deleted Actor: StaticMeshActor
[2018.11.21-19.33.11:082][283]LogEditorActor: Deleted 1 Actors (0.027 secs)
[2018.11.21-19.33.16:554][894]LogSlate: FSceneViewport::OnFocusLost() reason 0
[2018.11.21-19.33.16:677][907]LogActorFactory: Actor Factory created newUvModel
[2018.11.21-19.33.18:177][ 86]LogActorFactory: Actor Factory created newUvModel
[2018.11.21-19.33.21:741][503]Cmd: CAMERA ALIGN ACTIVEVIEWPORTONLY
[2018.11.21-19.33.50:623][912]Cmd: CAMERA ALIGN ACTIVEVIEWPORTONLY
[2018.11.21-19.33.54:314][349]Cmd: CAMERA ALIGN ACTIVEVIEWPORTONLY
[2018.11.21-19.34.04:310][534]Cmd: CAMERA ALIGN ACTIVEVIEWPORTONLY
[2018.11.21-19.34.06:194][741]LogSlate: FSceneViewport::OnFocusLost() reason 0
[2018.11.21-19.34.07:234][848]LogLinker: Warning: Can't find file '/Game/Marcellano_Mascarenas/newUvModelTexture'
[2018.11.21-19.34.07:234][848]LogLinker: Warning: Can't find file for asset '/Game/Marcellano_Mascarenas/newUvModelTexture' while loading ../../../../../../Users/u0905990/Documents/GitHub/AssetPipeMaster01/APsec1LargeCityBase/Content/MMM_Fix/Wooden_Texture_03.uasset.
[2018.11.21-19.34.07:234][848]LoadErrors: Error: /Game/MMM_Fix/Wooden_Texture_03 : Can't find file for asset. /Game/Marcellano_Mascarenas/newUvModelTexture
[2018.11.21-19.34.07:235][848]LogLinker: Warning: Can't find file '/Game/Marcellano_Mascarenas/newUvModelTexture'
[2018.11.21-19.34.07:235][848]LogLinker: Warning: Can't find file for asset '/Game/Marcellano_Mascarenas/newUvModelTexture' while loading ../../../../../../Users/u0905990/Documents/GitHub/AssetPipeMaster01/APsec1LargeCityBase/Content/MMM_Fix/Wooden_Texture_03.uasset.
[2018.11.21-19.34.07:236][848]LogLinker: Warning: Can't find file '/Game/Marcellano_Mascarenas/newUvModelTexture'
[2018.11.21-19.34.07:236][848]LoadErrors: Failed to load /Game/Marcellano_Mascarenas/newUvModelTexture.newUvModelTexture Referenced by MaterialExpressionTextureSampleParameter2D_0
[2018.11.21-19.34.07:236][848]LogLinker: Warning: Can't find file for asset '/Game/Marcellano_Mascarenas/newUvModelTexture' while loading NULL.
[2018.11.21-19.34.07:238][848]LogMaterial: Display: Missing cached shader map for material Wooden_Texture_03, compiling. 
[2018.11.21-19.34.07:242][848]LogMaterial: Warning: C:\Users\u0905990\Documents\GitHub\AssetPipeMaster01\APsec1LargeCityBase\Content\MMM_Fix\Wooden_Texture_03.uasset: Failed to compile Material for platform PCD3D_SM5, Default Material will be used in game.
[2018.11.21-19.34.07:242][848]LogMaterial: 	(Node TextureSampleParameter2D) Param2D> Requires Texture2D
[2018.11.21-19.34.14:900][730]LogSlate: FSceneViewport::OnFocusLost() reason 0
[2018.11.21-19.34.17:989][955]LogLinker: Warning: Can't find file '/Game/Marcellano_Mascarenas/newUvModelTexture'
[2018.11.21-19.34.17:989][955]LogLinker: Warning: Can't find file for asset '/Game/Marcellano_Mascarenas/newUvModelTexture' while loading ../../../../../../Users/u0905990/Documents/GitHub/AssetPipeMaster01/APsec1LargeCityBase/Content/MMM_Fix/newUvModelTexture_Mat.uasset.
[2018.11.21-19.34.17:989][955]LoadErrors: Error: /Game/MMM_Fix/newUvModelTexture_Mat : Can't find file for asset. /Game/Marcellano_Mascarenas/newUvModelTexture
[2018.11.21-19.34.17:989][955]LogLinker: Warning: Can't find file '/Game/Marcellano_Mascarenas/newUvModelTexture'
[2018.11.21-19.34.17:989][955]LogLinker: Warning: Can't find file for asset '/Game/Marcellano_Mascarenas/newUvModelTexture' while loading ../../../../../../Users/u0905990/Documents/GitHub/AssetPipeMaster01/APsec1LargeCityBase/Content/MMM_Fix/newUvModelTexture_Mat.uasset.
[2018.11.21-19.34.17:989][955]LogLinker: Warning: Can't find file '/Game/Marcellano_Mascarenas/newUvModelTexture'
[2018.11.21-19.34.17:990][955]LoadErrors: Failed to load /Game/Marcellano_Mascarenas/newUvModelTexture.newUvModelTexture Referenced by MaterialExpressionTextureSample_0
[2018.11.21-19.34.17:990][955]LogLinker: Warning: Can't find file for asset '/Game/Marcellano_Mascarenas/newUvModelTexture' while loading NULL.
[2018.11.21-19.34.17:991][955]LogMaterial: Display: Missing cached shader map for material newUvModelTexture_Mat, compiling. 
[2018.11.21-19.34.17:992][955]LogMaterial: Warning: C:\Users\u0905990\Documents\GitHub\AssetPipeMaster01\APsec1LargeCityBase\Content\MMM_Fix\newUvModelTexture_Mat.uasset: Failed to compile Material for platform PCD3D_SM5, Default Material will be used in game.
[2018.11.21-19.34.17:992][955]LogMaterial: 	(Node TextureSample) Texture Sample> Missing input texture
[2018.11.21-19.34.19:652][119]LogSlate: FSceneViewport::OnFocusLost() reason 0
[2018.11.21-19.34.19:812][131]LogAssetEditorManager: Opening Asset editor for Material /Game/MMM_Fix/Wooden_Texture_03.Wooden_Texture_03
[2018.11.21-19.34.19:820][131]LogMaterial: Display: Missing cached shader map for material Wooden_Texture_03, compiling. 
[2018.11.21-19.34.19:821][131]LogMaterial: Warning: /Engine/Transient.Wooden_Texture_03 (no disk path found): Failed to compile Material for platform PCD3D_SM5, Default Material will be used in game.
[2018.11.21-19.34.19:821][131]LogMaterial: 	(Node TextureSampleParameter2D) Param2D> Requires Texture2D
[2018.11.21-19.34.20:208][131]LogMaterial: Display: Missing cached shader map for material Wooden_Texture_03, compiling. 
[2018.11.21-19.34.20:208][131]LogMaterial: Warning: /Engine/Transient.Wooden_Texture_03 (no disk path found): Failed to compile Material for platform PCD3D_SM5, Default Material will be used in game.
[2018.11.21-19.34.20:208][131]LogMaterial: 	(Node TextureSampleParameter2D) Param2D> Requires Texture2D
[2018.11.21-19.34.20:214][131]LogMaterial: Display: Missing cached shader map for material Wooden_Texture_03, compiling. 
[2018.11.21-19.34.20:215][131]LogMaterial: Warning: /Engine/Transient.Wooden_Texture_03 (no disk path found): Failed to compile Material for platform PCD3D_SM5, Default Material will be used in game.
[2018.11.21-19.34.20:215][131]LogMaterial: 	(Node TextureSampleParameter2D) Param2D> Requires Texture2D
[2018.11.21-19.34.20:243][131]LogMaterial: Display: Missing cached shader map for material FMatExpressionPreview MaterialExpressionTextureSample_1, compiling. 
[2018.11.21-19.34.20:246][131]LogMaterial: Display: Missing cached shader map for material FMatExpressionPreview MaterialExpressionTextureSample_0, compiling. 
[2018.11.21-19.34.20:252][131]LogShaderCompilers: Display: Shaders left to compile 2
[2018.11.21-19.34.20:252][131]LogShaderCompilers: Display: Shaders left to compile 1
[2018.11.21-19.34.20:252][131]LogMaterial: Display: Missing cached shader map for material FMatExpressionPreview MaterialExpressionConstant3Vector_0, compiling. 
[2018.11.21-19.34.20:256][131]LogMaterial: Display: Missing cached shader map for material FMatExpressionPreview MaterialExpressionTextureSampleParameter2D_0, compiling. 
[2018.11.21-19.34.20:258][131]LogMaterial: Display: Missing cached shader map for material FMatExpressionPreview MaterialExpressionTextureCoordinate_0, compiling. 
[2018.11.21-19.34.20:294][131]LogShaderCompilers: Display: Shaders left to compile 6
[2018.11.21-19.34.20:294][131]LogShaderCompilers: Display: Shaders left to compile 5
[2018.11.21-19.34.20:294][131]MaterialEditorStats: Error: [SM5] (Node TextureSampleParameter2D) Param2D> Requires Texture2D
[2018.11.21-19.34.20:307][131]LogSlate: Took 0.007279 seconds to synchronously load lazily loaded font '../../../Engine/Content/Slate/Fonts/Roboto-BoldCondensed.ttf' (158K)
[2018.11.21-19.34.20:621][141]LogSlate: Took 0.007339 seconds to synchronously load lazily loaded font '../../../Engine/Content/Slate/Fonts/Roboto-Italic.ttf' (157K)
[2018.11.21-19.34.20:871][157]LogShaderCompilers: Display: Shaders left to compile 4
[2018.11.21-19.34.20:906][159]LogShaderCompilers: Display: Shaders left to compile 3
[2018.11.21-19.34.20:964][163]LogShaderCompilers: Display: Shaders left to compile 2
[2018.11.21-19.34.20:977][164]LogShaderCompilers: Display: Shaders left to compile 1
[2018.11.21-19.34.32:249][294]LogTexture: Display: Building textures: newUvModelTexture (AutoDXT, 2048X2048)
[2018.11.21-19.34.32:254][294]LogMaterial: Display: Missing cached shader map for material Wooden_Texture_03, compiling. 
[2018.11.21-19.34.32:276][294]LogShaderCompilers: Display: Shaders left to compile 30
[2018.11.21-19.34.32:276][294]LogShaderCompilers: Display: Shaders left to compile 29
[2018.11.21-19.34.32:276][294]LogShaderCompilers: Display: Shaders left to compile 28
[2018.11.21-19.34.32:276][294]LogShaderCompilers: Display: Shaders left to compile 27
[2018.11.21-19.34.32:276][294]LogMaterial: Display: Missing cached shader map for material FMatExpressionPreview MaterialExpressionTextureSampleParameter2D_0, compiling. 
[2018.11.21-19.34.32:306][294]LogMaterial: Display: Missing cached shader map for material Wooden_Texture_03, compiling. 
[2018.11.21-19.34.32:519][302]LogShaderCompilers: Display: Shaders left to compile 32
[2018.11.21-19.34.32:538][303]LogShaderCompilers: Display: Shaders left to compile 31
[2018.11.21-19.34.32:538][303]LogShaderCompilers: Display: Shaders left to compile 30
[2018.11.21-19.34.32:550][304]LogShaderCompilers: Display: Shaders left to compile 29
[2018.11.21-19.34.32:786][318]LogShaderCompilers: Display: Shaders left to compile 28
[2018.11.21-19.34.32:801][319]LogShaderCompilers: Display: Shaders left to compile 27
[2018.11.21-19.34.32:813][320]LogShaderCompilers: Display: Shaders left to compile 26
[2018.11.21-19.34.32:850][323]LogShaderCompilers: Display: Shaders left to compile 25
[2018.11.21-19.34.33:000][332]LogShaderCompilers: Display: Shaders left to compile 24
[2018.11.21-19.34.33:016][333]LogShaderCompilers: Display: Shaders left to compile 23
[2018.11.21-19.34.33:031][334]LogShaderCompilers: Display: Shaders left to compile 22
[2018.11.21-19.34.33:043][335]LogShaderCompilers: Display: Shaders left to compile 21
[2018.11.21-19.34.33:177][343]LogShaderCompilers: Display: Shaders left to compile 20
[2018.11.21-19.34.33:207][345]LogShaderCompilers: Display: Shaders left to compile 19
[2018.11.21-19.34.33:222][346]LogShaderCompilers: Display: Shaders left to compile 18
[2018.11.21-19.34.33:447][359]LogShaderCompilers: Display: Shaders left to compile 17
[2018.11.21-19.34.33:515][363]LogShaderCompilers: Display: Shaders left to compile 16
[2018.11.21-19.34.33:643][372]LogShaderCompilers: Display: Shaders left to compile 15
[2018.11.21-19.34.33:663][373]LogShaderCompilers: Display: Shaders left to compile 14
[2018.11.21-19.34.33:790][382]LogShaderCompilers: Display: Shaders left to compile 13
[2018.11.21-19.34.33:877][387]LogShaderCompilers: Display: Shaders left to compile 12
[2018.11.21-19.34.34:059][398]LogShaderCompilers: Display: Shaders left to compile 11
[2018.11.21-19.34.34:078][399]LogShaderCompilers: Display: Shaders left to compile 10
[2018.11.21-19.34.34:094][400]LogShaderCompilers: Display: Shaders left to compile 9
[2018.11.21-19.34.34:313][412]LogShaderCompilers: Display: Shaders left to compile 8
[2018.11.21-19.34.34:351][414]LogShaderCompilers: Display: Shaders left to compile 7
[2018.11.21-19.34.34:521][423]LogShaderCompilers: Display: Shaders left to compile 6
[2018.11.21-19.34.34:541][424]LogShaderCompilers: Display: Shaders left to compile 5
[2018.11.21-19.34.34:618][429]LogShaderCompilers: Display: Shaders left to compile 4
[2018.11.21-19.34.34:762][438]LogShaderCompilers: Display: Shaders left to compile 3
[2018.11.21-19.34.34:890][445]LogShaderCompilers: Display: Shaders left to compile 2
[2018.11.21-19.34.34:984][451]LogShaderCompilers: Display: Shaders left to compile 1
[2018.11.21-19.34.35:287][474]MaterialEditorStats: Base pass shader: 110 instructions
[2018.11.21-19.34.35:287][474]MaterialEditorStats: Base pass shader with Surface Lightmap: 127 instructions
[2018.11.21-19.34.35:287][474]MaterialEditorStats: Base pass shader with Volumetric Lightmap: 183 instructions
[2018.11.21-19.34.35:287][474]MaterialEditorStats: Base pass vertex shader: 36 instructions
[2018.11.21-19.34.35:287][474]MaterialEditorStats: Texture samplers: 6/16
[2018.11.21-19.34.35:287][474]MaterialEditorStats: Texture Lookups (Est.): VS(0), PS(3)
[2018.11.21-19.34.35:287][474]MaterialEditorStats: User interpolators: 2/4 Scalars (1/4 Vectors) (TexCoords: 2, Custom: 0)
[2018.11.21-19.34.42:683][216]LogMaterialEditor: Applying material Wooden_Texture_03
[2018.11.21-19.34.43:151][216]LogMaterial: Display: Missing cached shader map for material Wooden_Texture_03, compiling. 
[2018.11.21-19.34.43:215][216]LogShaderCompilers: Display: Shaders left to compile 30
[2018.11.21-19.34.43:215][216]LogShaderCompilers: Display: Shaders left to compile 29
[2018.11.21-19.34.43:215][216]LogShaderCompilers: Display: Shaders left to compile 28
[2018.11.21-19.34.43:215][216]LogShaderCompilers: Display: Shaders left to compile 27
[2018.11.21-19.34.43:235][216]LogMaterial: Display: Missing cached shader map for material Wooden_Texture_03, compiling. 
[2018.11.21-19.34.43:263][216]LogMaterial: Display: Missing cached shader map for material Wooden_Texture_03, compiling. 
[2018.11.21-19.34.43:317][216]LogMaterial: Display: Missing cached shader map for material FDebugViewModeMaterialProxy Wooden_Texture_03, compiling. 
[2018.11.21-19.34.45:210][216]LogShaderCompilers: Display: Shaders left to compile 58
[2018.11.21-19.34.45:210][216]LogShaderCompilers: Display: Shaders left to compile 57
[2018.11.21-19.34.45:210][216]LogShaderCompilers: Display: Shaders left to compile 56
[2018.11.21-19.34.45:210][216]LogShaderCompilers: Display: Shaders left to compile 55
[2018.11.21-19.34.45:210][216]LogShaderCompilers: Display: Shaders left to compile 54
[2018.11.21-19.34.45:210][216]LogShaderCompilers: Display: Shaders left to compile 53
[2018.11.21-19.34.45:210][216]LogShaderCompilers: Display: Shaders left to compile 52
[2018.11.21-19.34.45:210][216]LogShaderCompilers: Display: Shaders left to compile 51
[2018.11.21-19.34.45:210][216]LogShaderCompilers: Display: Shaders left to compile 50
[2018.11.21-19.34.45:210][216]LogShaderCompilers: Display: Shaders left to compile 49
[2018.11.21-19.34.45:210][216]LogShaderCompilers: Display: Shaders left to compile 48
[2018.11.21-19.34.45:210][216]LogShaderCompilers: Display: Shaders left to compile 47
[2018.11.21-19.34.45:210][216]LogShaderCompilers: Display: Shaders left to compile 46
[2018.11.21-19.34.45:210][216]LogShaderCompilers: Display: Shaders left to compile 45
[2018.11.21-19.34.45:210][216]LogShaderCompilers: Display: Shaders left to compile 44
[2018.11.21-19.34.45:210][216]LogShaderCompilers: Display: Shaders left to compile 43
[2018.11.21-19.34.45:210][216]LogShaderCompilers: Display: Shaders left to compile 42
[2018.11.21-19.34.45:210][216]LogShaderCompilers: Display: Shaders left to compile 41
[2018.11.21-19.34.45:210][216]LogShaderCompilers: Display: Shaders left to compile 40
[2018.11.21-19.34.45:210][216]LogShaderCompilers: Display: Shaders left to compile 39
[2018.11.21-19.34.45:210][216]LogShaderCompilers: Display: Shaders left to compile 38
[2018.11.21-19.34.45:210][216]LogShaderCompilers: Display: Shaders left to compile 37
[2018.11.21-19.34.45:210][216]LogShaderCompilers: Display: Shaders left to compile 36
[2018.11.21-19.34.45:210][216]LogShaderCompilers: Display: Shaders left to compile 35
[2018.11.21-19.34.45:210][216]LogShaderCompilers: Display: Shaders left to compile 34
[2018.11.21-19.34.45:210][216]LogShaderCompilers: Display: Shaders left to compile 33
[2018.11.21-19.34.45:210][216]LogShaderCompilers: Display: Shaders left to compile 32
[2018.11.21-19.34.45:210][216]LogShaderCompilers: Display: Shaders left to compile 31
[2018.11.21-19.34.45:210][216]LogShaderCompilers: Display: Shaders left to compile 21
[2018.11.21-19.34.45:210][216]LogShaderCompilers: Display: Shaders left to compile 11
[2018.11.21-19.34.45:213][216]TextureStreamingBuild: Display: Compiling optional shaders took 1.904 seconds.
[2018.11.21-19.34.45:241][216]LogShaderCompilers: Display: Shaders left to compile 1
[2018.11.21-19.34.46:302][291]LogSlate: Window 'Wooden_Texture_03*' being destroyed
[2018.11.21-19.34.48:058][475]MaterialEditorStats: Base pass shader: 110 instructions
[2018.11.21-19.34.48:058][475]MaterialEditorStats: Base pass shader with Surface Lightmap: 127 instructions
[2018.11.21-19.34.48:058][475]MaterialEditorStats: Base pass shader with Volumetric Lightmap: 183 instructions
[2018.11.21-19.34.48:058][475]MaterialEditorStats: Base pass vertex shader: 36 instructions
[2018.11.21-19.34.48:058][475]MaterialEditorStats: Texture samplers: 6/16
[2018.11.21-19.34.48:058][475]MaterialEditorStats: Texture Lookups (Est.): VS(0), PS(3)
[2018.11.21-19.34.48:058][475]MaterialEditorStats: User interpolators: 2/4 Scalars (1/4 Vectors) (TexCoords: 2, Custom: 0)
[2018.11.21-19.34.52:209][910]LogSlate: FSceneViewport::OnFocusLost() reason 0
[2018.11.21-19.35.18:625][131]LogAssetEditorManager: Opening Asset editor for Material /Game/MMM_Fix/newUvModelTexture_Mat.newUvModelTexture_Mat
[2018.11.21-19.35.18:628][131]LogMaterial: Display: Missing cached shader map for material newUvModelTexture_Mat, compiling. 
[2018.11.21-19.35.18:629][131]LogMaterial: Warning: /Engine/Transient.newUvModelTexture_Mat (no disk path found): Failed to compile Material for platform PCD3D_SM5, Default Material will be used in game.
[2018.11.21-19.35.18:629][131]LogMaterial: 	(Node TextureSample) Texture Sample> Missing input texture
[2018.11.21-19.35.18:693][131]LogMaterial: Display: Missing cached shader map for material newUvModelTexture_Mat, compiling. 
[2018.11.21-19.35.18:694][131]LogMaterial: Warning: /Engine/Transient.newUvModelTexture_Mat (no disk path found): Failed to compile Material for platform PCD3D_SM5, Default Material will be used in game.
[2018.11.21-19.35.18:694][131]LogMaterial: 	(Node TextureSample) Texture Sample> Missing input texture
[2018.11.21-19.35.18:697][131]LogMaterial: Display: Missing cached shader map for material newUvModelTexture_Mat, compiling. 
[2018.11.21-19.35.18:697][131]LogMaterial: Warning: /Engine/Transient.newUvModelTexture_Mat (no disk path found): Failed to compile Material for platform PCD3D_SM5, Default Material will be used in game.
[2018.11.21-19.35.18:697][131]LogMaterial: 	(Node TextureSample) Texture Sample> Missing input texture
[2018.11.21-19.35.18:724][131]LogMaterial: Display: Missing cached shader map for material FMatExpressionPreview MaterialExpressionTextureSample_0, compiling. 
[2018.11.21-19.35.18:752][131]MaterialEditorStats: Error: [SM5] (Node TextureSample) Texture Sample> Missing input texture
[2018.11.21-19.35.41:647][778]LogSlate: FSceneViewport::OnFocusLost() reason 0
[2018.11.21-19.35.53:188][107]Cmd: CAMERA ALIGN ACTIVEVIEWPORTONLY
[2018.11.21-19.36.13:622][ 33]LogSlate: FSceneViewport::OnFocusLost() reason 2
[2018.11.21-19.37.20:964][806]LogSlate: FSceneViewport::OnFocusLost() reason 0
[2018.11.21-19.37.57:808][116]LogSlate: FSceneViewport::OnFocusLost() reason 0
[2018.11.21-19.37.58:474][132]LogSavePackage: Moving '../../../../../../Users/u0905990/Documents/GitHub/AssetPipeMaster01/APsec1LargeCityBase/Saved/StreetSceneLarge_MMM_01777C6BED4372D506F7DF3E87EB6C52E0.tmp' to '../../../../../../Users/u0905990/Documents/GitHub/AssetPipeMaster01/APsec1LargeCityBase/Content/StreetSceneLarge_MMM_01.umap'
[2018.11.21-19.37.59:005][132]LogSavePackage: Moving '../../../../../../Users/u0905990/Documents/GitHub/AssetPipeMaster01/APsec1LargeCityBase/Saved/StreetSceneLarge_MMM_01_BuiltDatBC52B80845473102AD6AF08D3233E2D5.tmp' to '../../../../../../Users/u0905990/Documents/GitHub/AssetPipeMaster01/APsec1LargeCityBase/Content/StreetSceneLarge_MMM_01_BuiltData.uasset'
[2018.11.21-19.38.15:905][793]LogSavePackage: Moving '../../../../../../Users/u0905990/Documents/GitHub/AssetPipeMaster01/APsec1LargeCityBase/Saved/StreetSceneLarge_MMM_01A78F25B2487474AA19D92F82E5B36246.tmp' to '../../../../../../Users/u0905990/Documents/GitHub/AssetPipeMaster01/APsec1LargeCityBase/Content/StreetSceneLarge_MMM_01.umap'
[2018.11.21-19.38.16:301][793]LogSavePackage: Moving '../../../../../../Users/u0905990/Documents/GitHub/AssetPipeMaster01/APsec1LargeCityBase/Saved/StreetSceneLarge_MMM_01_BuiltDat8AA1354A4E90B1C168B162A240160C1C.tmp' to '../../../../../../Users/u0905990/Documents/GitHub/AssetPipeMaster01/APsec1LargeCityBase/Content/StreetSceneLarge_MMM_01_BuiltData.uasset'
[2018.11.21-19.38.43:567][828]LogSavePackage: Moving '../../../../../../Users/u0905990/Documents/GitHub/AssetPipeMaster01/APsec1LargeCityBase/Saved/Wooden_Texture_03D609DC914AA156B7D8841E8980DC5592.tmp' to '../../../../../../Users/u0905990/Documents/GitHub/AssetPipeMaster01/APsec1LargeCityBase/Content/MMM_Fix/Wooden_Texture_03.uasset'
[2018.11.21-19.39.05:633][846]Cmd: CAMERA ALIGN ACTIVEVIEWPORTONLY
[2018.11.21-19.40.04:440][952]LogSlate: FSceneViewport::OnFocusLost() reason 2
[2018.11.21-19.40.46:663][815]LogAssetEditorManager: Opening Asset editor for Material /Game/MMM_Fix/newUvModelTexture_Mat.newUvModelTexture_Mat
[2018.11.21-19.40.46:665][815]LogMaterial: Display: Missing cached shader map for material newUvModelTexture_Mat, compiling. 
[2018.11.21-19.40.46:666][815]LogMaterial: Warning: /Engine/Transient.newUvModelTexture_Mat (no disk path found): Failed to compile Material for platform PCD3D_SM5, Default Material will be used in game.
[2018.11.21-19.40.46:666][815]LogMaterial: 	(Node TextureSample) Texture Sample> Missing input texture
[2018.11.21-19.40.46:726][815]LogMaterial: Display: Missing cached shader map for material newUvModelTexture_Mat, compiling. 
[2018.11.21-19.40.46:726][815]LogMaterial: Warning: /Engine/Transient.newUvModelTexture_Mat (no disk path found): Failed to compile Material for platform PCD3D_SM5, Default Material will be used in game.
[2018.11.21-19.40.46:726][815]LogMaterial: 	(Node TextureSample) Texture Sample> Missing input texture
[2018.11.21-19.40.46:728][815]LogMaterial: Display: Missing cached shader map for material newUvModelTexture_Mat, compiling. 
[2018.11.21-19.40.46:728][815]LogMaterial: Warning: /Engine/Transient.newUvModelTexture_Mat (no disk path found): Failed to compile Material for platform PCD3D_SM5, Default Material will be used in game.
[2018.11.21-19.40.46:729][815]LogMaterial: 	(Node TextureSample) Texture Sample> Missing input texture
[2018.11.21-19.40.46:757][815]LogMaterial: Display: Missing cached shader map for material FMatExpressionPreview MaterialExpressionTextureSample_0, compiling. 
[2018.11.21-19.40.46:784][815]MaterialEditorStats: Error: [SM5] (Node TextureSample) Texture Sample> Missing input texture
[2018.11.21-19.40.50:887][105]LogSlate: Window 'Delete Assets' being destroyed
[2018.11.21-19.40.56:254][593]LogSavePackage: Moving '../../../../../../Users/u0905990/Documents/GitHub/AssetPipeMaster01/APsec1LargeCityBase/Saved/StreetSceneLarge_MMM_01F8A37FDC49DAC444C53B20AB647AFC75.tmp' to '../../../../../../Users/u0905990/Documents/GitHub/AssetPipeMaster01/APsec1LargeCityBase/Content/StreetSceneLarge_MMM_01.umap'
[2018.11.21-19.40.56:650][593]LogSavePackage: Moving '../../../../../../Users/u0905990/Documents/GitHub/AssetPipeMaster01/APsec1LargeCityBase/Saved/StreetSceneLarge_MMM_01_BuiltDat78BFC5DB496437AC7FA485A1A7F6FF10.tmp' to '../../../../../../Users/u0905990/Documents/GitHub/AssetPipeMaster01/APsec1LargeCityBase/Content/StreetSceneLarge_MMM_01_BuiltData.uasset'
[2018.11.21-19.41.04:708][556]LogMaterialEditor: Saving and Compiling material Wooden_Texture_03
[2018.11.21-19.41.04:738][556]LogSavePackage: Moving '../../../../../../Users/u0905990/Documents/GitHub/AssetPipeMaster01/APsec1LargeCityBase/Saved/Wooden_Texture_03704E01504956238D730081AC479F35F1.tmp' to '../../../../../../Users/u0905990/Documents/GitHub/AssetPipeMaster01/APsec1LargeCityBase/Content/MMM_Fix/Wooden_Texture_03.uasset'
[2018.11.21-19.41.18:977][218]LogSlate: FSceneViewport::OnFocusLost() reason 0
