Log file open, 11/29/18 23:57:34
LogWindows: Failed to load 'aqProf.dll' (GetLastError=126)
LogWindows: File 'aqProf.dll' does not exist
LogWindows: Failed to load 'VtuneApi.dll' (GetLastError=126)
LogWindows: File 'VtuneApi.dll' does not exist
LogWindows: Failed to load 'VtuneApi32e.dll' (GetLastError=126)
LogWindows: File 'VtuneApi32e.dll' does not exist
LogInit: Display: Running engine for game: APsec1LargeCityBase
LogPlatformFile: Not using cached read wrapper
LogTaskGraph: Started task graph with 5 named threads and 35 total threads with 3 sets of task threads.
LogStats: Stats thread started at 0.412341
LogD3D11RHI: Loaded GFSDK_Aftermath_Lib.x64.dll
LogICUInternationalization: Display: ICU TimeZone Detection - Raw Offset: -7:00, Platform Override: ''
LogPluginManager: Mounting plugin Paper2D
LogPluginManager: Mounting plugin AISupport
LogPluginManager: Mounting plugin LightPropagationVolume
LogPluginManager: Mounting plugin CLionSourceCodeAccess
LogPluginManager: Mounting plugin CodeLiteSourceCodeAccess
LogPluginManager: Mounting plugin GitSourceControl
LogPluginManager: Mounting plugin KDevelopSourceCodeAccess
LogPluginManager: Mounting plugin NullSourceCodeAccess
LogPluginManager: Mounting plugin PerforceSourceControl
LogPluginManager: Mounting plugin SubversionSourceControl
LogPluginManager: Mounting plugin UObjectPlugin
LogPluginManager: Mounting plugin VisualStudioCodeSourceCodeAccess
LogPluginManager: Mounting plugin VisualStudioSourceCodeAccess
LogPluginManager: Mounting plugin XCodeSourceCodeAccess
LogPluginManager: Mounting plugin AssetManagerEditor
LogPluginManager: Mounting plugin CryptoKeys
LogPluginManager: Mounting plugin DataValidation
LogPluginManager: Mounting plugin FacialAnimation
LogPluginManager: Mounting plugin GameplayTagsEditor
LogPluginManager: Mounting plugin MacGraphicsSwitching
LogPluginManager: Mounting plugin MeshEditor
LogPluginManager: Mounting plugin MobileLauncherProfileWizard
LogPluginManager: Mounting plugin PluginBrowser
LogPluginManager: Mounting plugin SpeedTreeImporter
LogPluginManager: Mounting plugin DatasmithContent
LogPluginManager: Mounting plugin AlembicImporter
LogPluginManager: Mounting plugin AppleImageUtils
LogPluginManager: Mounting plugin AppleVision
LogPluginManager: Mounting plugin BackChannel
LogPluginManager: Mounting plugin CharacterAI
LogPluginManager: Mounting plugin GeometryCache
LogPluginManager: Mounting plugin HTML5Networking
LogPluginManager: Mounting plugin ProxyLODPlugin
LogPluginManager: Mounting plugin MagicLeap
LogPluginManager: Mounting plugin MagicLeapEmulator
LogPluginManager: Mounting plugin MagicLeapMedia
LogPluginManager: Mounting plugin AndroidMedia
LogPluginManager: Mounting plugin AvfMedia
LogPluginManager: Mounting plugin ImgMedia
LogPluginManager: Mounting plugin LinearTimecode
LogPluginManager: Mounting plugin MediaCompositing
LogPluginManager: Mounting plugin MediaPlayerEditor
LogPluginManager: Mounting plugin WmfMedia
LogPluginManager: Mounting plugin TcpMessaging
LogPluginManager: Mounting plugin UdpMessaging
LogPluginManager: Mounting plugin ActorSequence
LogPluginManager: Mounting plugin LevelSequenceEditor
LogPluginManager: Mounting plugin MatineeToLevelSequence
LogPluginManager: Mounting plugin NetcodeUnitTest
LogPluginManager: Mounting plugin NUTUnrealEngine4
LogPluginManager: Mounting plugin OnlineSubsystemGooglePlay
LogPluginManager: Mounting plugin OnlineSubsystemIOS
LogPluginManager: Mounting plugin OnlineSubsystem
LogPluginManager: Mounting plugin OnlineSubsystemNull
LogPluginManager: Mounting plugin OnlineSubsystemUtils
LogPluginManager: Mounting plugin LauncherChunkInstaller
LogPluginManager: Mounting plugin AndroidDeviceProfileSelector
LogPluginManager: Mounting plugin AndroidMoviePlayer
LogPluginManager: Mounting plugin AndroidPermission
LogPluginManager: Mounting plugin AppleMoviePlayer
LogPluginManager: Mounting plugin ArchVisCharacter
LogPluginManager: Mounting plugin AudioCapture
LogPluginManager: Mounting plugin CableComponent
LogPluginManager: Mounting plugin CustomMeshComponent
LogPluginManager: Mounting plugin EditableMesh
LogPluginManager: Mounting plugin ExampleDeviceProfileSelector
LogPluginManager: Mounting plugin GoogleCloudMessaging
LogPluginManager: Mounting plugin ImmediatePhysics
LogPluginManager: Mounting plugin IOSDeviceProfileSelector
LogPluginManager: Mounting plugin LinuxDeviceProfileSelector
LogPluginManager: Mounting plugin LocationServicesBPLibrary
LogPluginManager: Mounting plugin MobilePatchingUtils
LogPluginManager: Mounting plugin OculusVR
LogPluginManager: Plugin shader directory ../../../Engine/Plugins/Runtime/Oculus/OculusVR/Shaders found
LogPluginManager: Mapping shader source directory ../../../Engine/Plugins/Runtime/Oculus/OculusVR/Shaders to virtual directory /Plugin/OculusVR
LogPluginManager: Mounting plugin PhysXVehicles
LogPluginManager: Mounting plugin ProceduralMeshComponent
LogPluginManager: Mounting plugin RuntimePhysXCooking
LogPluginManager: Mounting plugin SteamVR
LogPluginManager: Mounting plugin WindowsMoviePlayer
LogStreaming: Display: Took  0.107s to configure plugins.
LogInit: Using libcurl 7.55.1-DEV
LogInit:  - built for x86_64-pc-win32
LogInit:  - supports SSL with OpenSSL/1.0.2h
LogInit:  - supports HTTP deflate (compression) using libz 1.2.8
LogInit:  - other features:
LogInit:      CURL_VERSION_SSL
LogInit:      CURL_VERSION_LIBZ
LogInit:      CURL_VERSION_IPV6
LogInit:      CURL_VERSION_ASYNCHDNS
LogInit:      CURL_VERSION_LARGEFILE
LogInit:      CURL_VERSION_IDN
LogInit:  CurlRequestOptions (configurable via config and command line):
LogInit:  - bVerifyPeer = false  - Libcurl will NOT verify peer certificate
LogInit:  - bUseHttpProxy = false  - Libcurl will NOT use HTTP proxy
LogInit:  - bDontReuseConnections = false  - Libcurl will reuse connections
LogInit:  - CertBundlePath = nullptr  - Libcurl will use whatever was configured at build time.
LogInit:  - MaxHostConnections = 16  - Libcurl will limit the number of connections to a host
LogInit:  - LocalHostAddr = Default
LogInit:  - BufferSize = 65536
LogInit: WinSock: version 1.1 (2.2), MaxSocks=32767, MaxUdp=65467
LogInit: Build: ++UE4+Release-4.20-CL-4302132
LogInit: Engine Version: 4.20.2-4302132+++UE4+Release-4.20
LogInit: Compatible Engine Version: 4.20.0-4212847+++UE4+Release-4.20
LogInit: Net CL: 4212847
LogInit: OS: Windows 10 (), CPU: Intel(R) Core(TM) i7-6850K CPU @ 3.60GHz, GPU: NVIDIA GeForce RTX 2080
LogInit: Compiled (64-bit): Aug 21 2018 02:06:06
LogInit: Compiled with Visual C++: 19.13.26129.00
LogInit: Build Configuration: Development
LogInit: Branch Name: ++UE4+Release-4.20
LogInit: Command Line:  
LogInit: Base Directory: E:/Games/Epic/UE_4.20/Engine/Binaries/Win64/
LogInit: Installed Engine Build: 1
LogDevObjectVersion: Number of dev versions registered: 20
LogDevObjectVersion:   Dev-Blueprints (B0D832E4-1F89-4F0D-ACCF-7EB736FD4AA2): 10
LogDevObjectVersion:   Dev-Build (E1C64328-A22C-4D53-A36C-8E866417BD8C): 0
LogDevObjectVersion:   Dev-Core (375EC13C-06E4-48FB-B500-84F0262A717E): 2
LogDevObjectVersion:   Dev-Editor (E4B068ED-F494-42E9-A231-DA0B2E46BB41): 24
LogDevObjectVersion:   Dev-Framework (CFFC743F-43B0-4480-9391-14DF171D2073): 34
LogDevObjectVersion:   Dev-Mobile (B02B49B5-BB20-44E9-A304-32B752E40360): 2
LogDevObjectVersion:   Dev-Networking (A4E4105C-59A1-49B5-A7C5-40C4547EDFEE): 0
LogDevObjectVersion:   Dev-Online (39C831C9-5AE6-47DC-9A44-9C173E1C8E7C): 0
LogDevObjectVersion:   Dev-Physics (78F01B33-EBEA-4F98-B9B4-84EACCB95AA2): 0
LogDevObjectVersion:   Dev-Platform (6631380F-2D4D-43E0-8009-CF276956A95A): 0
LogDevObjectVersion:   Dev-Rendering (12F88B9F-8875-4AFC-A67C-D90C383ABD29): 26
LogDevObjectVersion:   Dev-Sequencer (7B5AE74C-D270-4C10-A958-57980B212A5A): 9
LogDevObjectVersion:   Dev-VR (D7296918-1DD6-4BDD-9DE2-64A83CC13884): 2
LogDevObjectVersion:   Dev-LoadTimes (C2A15278-BFE7-4AFE-6C17-90FF531DF755): 1
LogDevObjectVersion:   Private-Geometry (6EACA3D4-40EC-4CC1-B786-8BED09428FC5): 3
LogDevObjectVersion:   Dev-AnimPhys (29E575DD-E0A3-4627-9D10-D276232CDCEA): 17
LogDevObjectVersion:   Dev-ReflectionCapture (6B266CEC-1EC7-4B8F-A30B-E4D90942FC07): 1
LogDevObjectVersion:   Dev-Automation (0DF73D61-A23F-47EA-B727-89E90C41499A): 1
LogDevObjectVersion:   FortniteMain (601D1886-AC64-4F84-AA16-D3DE0DEAC7D6): 12
LogDevObjectVersion:   Dev-Enterprise (9DFFBCD6-494F-0158-E221-12823C92A888): 1
LogStreaming: Display: Took  0.003s to delete old logs.
LogInit: Presizing for max 8388607 objects, including 0 objects not considered by GC, pre-allocating 0 bytes for permanent pool.
LogInit: Object subsystem initialized
[2018.11.30-06.57.35:025][  0]LogInit: Selected Device Profile: [Windows]
[2018.11.30-06.57.35:025][  0]LogInit: Applying CVar settings loaded from the selected device profile: [Windows]
[2018.11.30-06.57.35:048][  0]LogHAL: Display: Platform has ~ 32 GB [34254794752 / 34359738368 / 32], which maps to Largest [LargestMinGB=32, LargerMinGB=12, DefaultMinGB=8, SmallerMinGB=6, SmallestMinGB=0)
[2018.11.30-06.57.35:049][  0]LogInit: Setting Device Profile CVar: [[r.Vulkan.UseRealUBs:1]]
[2018.11.30-06.57.35:049][  0]LogInit: Going up to parent DeviceProfile []
[2018.11.30-06.57.35:049][  0]LogInit: Computer: DESKTOP-LT9HR2C
[2018.11.30-06.57.35:049][  0]LogInit: User: msb92
[2018.11.30-06.57.35:049][  0]LogInit: CPU Page size=4096, Cores=6
[2018.11.30-06.57.35:049][  0]LogInit: High frequency timer resolution =10.000000 MHz
[2018.11.30-06.57.35:049][  0]LogMemory: Memory total: Physical=31.9GB (32GB approx)
[2018.11.30-06.57.35:049][  0]LogMemory: Platform Memory Stats for Windows
[2018.11.30-06.57.35:049][  0]LogMemory: Process Physical Memory: 101.98 MB used, 101.98 MB peak
[2018.11.30-06.57.35:049][  0]LogMemory: Process Virtual Memory: 86.12 MB used, 86.12 MB peak
[2018.11.30-06.57.35:049][  0]LogMemory: Physical Memory: 7809.75 MB used,  24858.17 MB free, 32667.92 MB total
[2018.11.30-06.57.35:049][  0]LogMemory: Virtual Memory: 4657.57 MB used,  24858.17 MB free, 134217728.00 MB total
[2018.11.30-06.57.35:065][  0]LogInit: Using OS detected language (en-US).
[2018.11.30-06.57.35:065][  0]LogInit: Using OS detected locale (en-US).
[2018.11.30-06.57.35:066][  0]LogTextLocalizationManager: No specific localization for 'en-US' exists, so the 'en' localization will be used.
[2018.11.30-06.57.35:419][  0]LogStreaming: Display: Took  0.354s to InitEngineTextLocalization.
[2018.11.30-06.57.35:420][  0]LogInit: Setting process to per monitor DPI aware
[2018.11.30-06.57.35:447][  0]LogSlate: New Slate User Created.  User Index 0, Is Virtual User: 0
[2018.11.30-06.57.35:447][  0]LogSlate: Slate User Registered.  User Index 0, Is Virtual User: 0
[2018.11.30-06.57.35:629][  0]LogHMD: Failed to initialize OpenVR with code 110
[2018.11.30-06.57.35:629][  0]LogD3D11RHI: D3D11 adapters:
[2018.11.30-06.57.35:700][  0]LogD3D11RHI:    0. 'NVIDIA GeForce RTX 2080' (Feature Level 11_0)
[2018.11.30-06.57.35:700][  0]LogD3D11RHI:       8010/0/16333 MB DedicatedVideo/DedicatedSystem/SharedSystem, Outputs:2, VendorId:0x10de
[2018.11.30-06.57.35:703][  0]LogD3D11RHI:    1. 'Microsoft Basic Render Driver' (Feature Level 11_0)
[2018.11.30-06.57.35:703][  0]LogD3D11RHI:       0/0/16333 MB DedicatedVideo/DedicatedSystem/SharedSystem, Outputs:0, VendorId:0x1414
[2018.11.30-06.57.35:703][  0]LogD3D11RHI: Chosen D3D11 Adapter: 0
[2018.11.30-06.57.35:709][  0]LogD3D11RHI: Creating new Direct3DDevice
[2018.11.30-06.57.35:709][  0]LogD3D11RHI:     GPU DeviceId: 0x1e87 (for the marketing name, search the web for "GPU Device Id")
[2018.11.30-06.57.35:709][  0]LogWindows: EnumDisplayDevices:
[2018.11.30-06.57.35:710][  0]LogWindows:    0. 'NVIDIA GeForce RTX 2080' (P:1 D:1)
[2018.11.30-06.57.35:710][  0]LogWindows:    1. 'NVIDIA GeForce RTX 2080' (P:0 D:1)
[2018.11.30-06.57.35:710][  0]LogWindows:    2. 'NVIDIA GeForce RTX 2080' (P:0 D:0)
[2018.11.30-06.57.35:710][  0]LogWindows:    3. 'NVIDIA GeForce RTX 2080' (P:0 D:0)
[2018.11.30-06.57.35:710][  0]LogWindows: DebugString: FoundDriverCount:4 
[2018.11.30-06.57.35:710][  0]LogD3D11RHI:     Adapter Name: NVIDIA GeForce RTX 2080
[2018.11.30-06.57.35:710][  0]LogD3D11RHI:   Driver Version: 411.63 (internal:24.21.14.1163, unified:411.63)
[2018.11.30-06.57.35:710][  0]LogD3D11RHI:      Driver Date: 9-18-2018
[2018.11.30-06.57.35:710][  0]LogRHI: Texture pool is 5607 MB (70% of 8010 MB)
[2018.11.30-06.57.35:751][  0]LogD3D11RHI: Async texture creation enabled
[2018.11.30-06.57.35:788][  0]LogD3D11RHI: GPU Timing Frequency: 1000.000000 (Debug: 2 2)
[2018.11.30-06.57.35:878][  0]LogShaderCompilers: Guid format shader working directory is -31 characters bigger than the processId version (../../../../../../Projects/GitHub/3010/AssetPipeMaster01/APsec1LargeCityBase/Intermediate/Shaders/WorkingDirectory/12652/).
[2018.11.30-06.57.35:879][  0]LogShaderCompilers: Cleaned the shader compiler working directory 'C:/Users/msb92/AppData/Local/Temp/UnrealShaderWorkingDir/91F755D4429A8BACB113BF96A5648915/'.
[2018.11.30-06.57.36:162][  0]LogTemp: Display: Loaded TP AllDesktopTargetPlatform
[2018.11.30-06.57.36:173][  0]LogTemp: Display: Loaded TP MacClientTargetPlatform
[2018.11.30-06.57.36:186][  0]LogTemp: Display: Loaded TP MacNoEditorTargetPlatform
[2018.11.30-06.57.36:197][  0]LogTemp: Display: Loaded TP MacServerTargetPlatform
[2018.11.30-06.57.36:213][  0]LogTemp: Display: Loaded TP MacTargetPlatform
[2018.11.30-06.57.36:226][  0]LogTemp: Display: Loaded TP WindowsClientTargetPlatform
[2018.11.30-06.57.36:239][  0]LogTemp: Display: Loaded TP WindowsNoEditorTargetPlatform
[2018.11.30-06.57.36:250][  0]LogTemp: Display: Loaded TP WindowsServerTargetPlatform
[2018.11.30-06.57.36:255][  0]LogTemp: Display: Loaded TP WindowsTargetPlatform
[2018.11.30-06.57.36:325][  0]LogTemp: Display: Loaded TP AndroidTargetPlatform
[2018.11.30-06.57.36:325][  0]LogTemp: Display: Loaded TP AndroidTargetPlatform
[2018.11.30-06.57.36:325][  0]LogTemp: Display: Loaded TP AndroidTargetPlatform
[2018.11.30-06.57.36:325][  0]LogTemp: Display: Loaded TP AndroidTargetPlatform
[2018.11.30-06.57.36:325][  0]LogTemp: Display: Loaded TP AndroidTargetPlatform
[2018.11.30-06.57.36:325][  0]LogTemp: Display: Loaded TP AndroidTargetPlatform
[2018.11.30-06.57.36:325][  0]LogTemp: Display: Loaded TP AndroidTargetPlatform
[2018.11.30-06.57.36:325][  0]LogTemp: Display: Loaded TP AndroidTargetPlatform
[2018.11.30-06.57.36:325][  0]LogTemp: Display: Loaded TP AndroidTargetPlatform
[2018.11.30-06.57.36:325][  0]LogTemp: Display: Loaded TP AndroidTargetPlatform
[2018.11.30-06.57.36:325][  0]LogTemp: Display: Loaded TP AndroidTargetPlatform
[2018.11.30-06.57.36:325][  0]LogTemp: Display: Loaded TP AndroidTargetPlatform
[2018.11.30-06.57.36:325][  0]LogTemp: Display: Loaded TP AndroidTargetPlatform
[2018.11.30-06.57.36:325][  0]LogTemp: Display: Loaded TP AndroidTargetPlatform
[2018.11.30-06.57.36:325][  0]LogTemp: Display: Loaded TP AndroidTargetPlatform
[2018.11.30-06.57.36:325][  0]LogTemp: Display: Loaded TP AndroidTargetPlatform
[2018.11.30-06.57.36:325][  0]LogTemp: Display: Loaded TP AndroidTargetPlatform
[2018.11.30-06.57.36:325][  0]LogTemp: Display: Loaded TP AndroidTargetPlatform
[2018.11.30-06.57.36:326][  0]LogTemp: Display: Loaded TP HTML5TargetPlatform
[2018.11.30-06.57.36:382][  0]LogTemp: Display: Loaded TP IOSTargetPlatform
[2018.11.30-06.57.36:382][  0]LogTemp: Display: Loaded TP IOSTargetPlatform
[2018.11.30-06.57.36:422][  0]LogTemp: Display: Loaded TP TVOSTargetPlatform
[2018.11.30-06.57.36:422][  0]LogTemp: Display: Loaded TP TVOSTargetPlatform
[2018.11.30-06.57.36:433][  0]LogTemp: Display: Loaded TP LinuxClientTargetPlatform
[2018.11.30-06.57.36:444][  0]LogTemp: Display: Loaded TP LinuxNoEditorTargetPlatform
[2018.11.30-06.57.36:454][  0]LogTemp: Display: Loaded TP LinuxServerTargetPlatform
[2018.11.30-06.57.36:466][  0]LogTemp: Display: Loaded TP LinuxTargetPlatform
[2018.11.30-06.57.36:474][  0]LogTemp: Display: Loaded TP LuminTargetPlatform
[2018.11.30-06.57.36:474][  0]LogTargetPlatformManager: Display: Building Assets For Windows
[2018.11.30-06.57.36:528][  0]LogXGEController: Cannot use XGE Controller as Incredibuild is not installed on this machine.
[2018.11.30-06.57.36:528][  0]LogShaderCompilers: Cannot use XGE Shader Compiler as Incredibuild is not installed on this machine.
[2018.11.30-06.57.36:528][  0]LogShaderCompilers: Display: Using Local Shader Compiler.
[2018.11.30-06.57.37:255][  0]LogDerivedDataCache: Display: Max Cache Size: 512 MB
[2018.11.30-06.57.37:321][  0]LogDerivedDataCache: Loaded boot cache 0.07s 71MB C:/Users/msb92/AppData/Local/UnrealEngine/4.20/DerivedDataCache/Boot.ddc.
[2018.11.30-06.57.37:321][  0]LogDerivedDataCache: Display: Loaded Boot cache: C:/Users/msb92/AppData/Local/UnrealEngine/4.20/DerivedDataCache/Boot.ddc
[2018.11.30-06.57.37:322][  0]LogDerivedDataCache: FDerivedDataBackendGraph:  Pak pak cache file ../../../../../../Projects/GitHub/3010/AssetPipeMaster01/APsec1LargeCityBase/DerivedDataCache/DDC.ddp not found, will not use a pak cache.
[2018.11.30-06.57.37:322][  0]LogDerivedDataCache: Unable to find inner node Pak for hierarchical cache Hierarchy.
[2018.11.30-06.57.37:322][  0]LogDerivedDataCache: FDerivedDataBackendGraph:  CompressedPak pak cache file ../../../../../../Projects/GitHub/3010/AssetPipeMaster01/APsec1LargeCityBase/DerivedDataCache/Compressed.ddp not found, will not use a pak cache.
[2018.11.30-06.57.37:322][  0]LogDerivedDataCache: Unable to find inner node CompressedPak for hierarchical cache Hierarchy.
[2018.11.30-06.57.37:345][  0]LogDerivedDataCache: Display: Pak cache opened for reading ../../../Engine/DerivedDataCache/Compressed.ddp.
[2018.11.30-06.57.37:357][  0]LogDerivedDataCache: Using Local data cache path C:/Users/msb92/AppData/Local/UnrealEngine/Common/DerivedDataCache: Writable
[2018.11.30-06.57.37:357][  0]LogDerivedDataCache: Shared data cache path not found in *engine.ini, will not use an Shared cache.
[2018.11.30-06.57.37:357][  0]LogDerivedDataCache: Unable to find inner node Shared for hierarchical cache Hierarchy.
[2018.11.30-06.57.37:375][  0]LogMaterial: Verifying Global Shaders for PCD3D_SM5
[2018.11.30-06.57.37:376][  0]LogSlate: Using FreeType 2.6.0
[2018.11.30-06.57.37:377][  0]LogSlate: SlateFontServices - WITH_FREETYPE: 1, WITH_HARFBUZZ: 1
[2018.11.30-06.57.37:446][  0]LogAssetRegistry: FAssetRegistry took 0.0261 seconds to start up
[2018.11.30-06.57.37:743][  0]LogInit: Selected Device Profile: [Windows]
[2018.11.30-06.57.37:882][  0]LogSimplygon: Simplygon DLL not present - disabling.
[2018.11.30-06.57.37:886][  0]LogMeshReduction: Using SimplygonSwarm for distributed automatic mesh merging
[2018.11.30-06.57.37:886][  0]LogMeshReduction: Using ProxyLODMeshReduction for automatic mesh merging
[2018.11.30-06.57.37:886][  0]LogMeshReduction: Using QuadricMeshReduction for automatic static mesh reduction
[2018.11.30-06.57.37:886][  0]LogMeshReduction: No automatic skeletal mesh reduction module available
[2018.11.30-06.57.37:928][  0]LogNetVersion: APsec1LargeCityBase 1.0.0, NetCL: 4212847, EngineNetVer: 5, GameNetVer: 0 (Checksum: 1121110827)
[2018.11.30-06.57.38:459][  0]LogPackageLocalizationCache: Processed 11 localized package path(s) for 2 prioritized culture(s) in 0.104195 seconds
[2018.11.30-06.57.38:464][  0]LogUObjectArray: 38425 objects as part of root set at end of initial load.
[2018.11.30-06.57.38:464][  0]LogUObjectAllocator: 6690872 out of 0 bytes used by permanent object pool.
[2018.11.30-06.57.38:464][  0]LogUObjectArray: CloseDisregardForGC: 0/0 objects in disregard for GC pool
[2018.11.30-06.57.39:275][  0]LogTcpMessaging: Initializing TcpMessaging bridge
[2018.11.30-06.57.39:288][  0]LogUdpMessaging: Initializing bridge on interface 0.0.0.0:0 to multicast group 230.0.0.1:6666.
[2018.11.30-06.57.39:444][  0]SourceControl: Source control is disabled
[2018.11.30-06.57.39:444][  0]SourceControl: Source control is disabled
[2018.11.30-06.57.39:445][  0]SourceControl: Source control is disabled
[2018.11.30-06.57.39:446][  0]SourceControl: Source control is disabled
[2018.11.30-06.57.39:604][  0]LogAndroidPermission: UAndroidPermissionCallbackProxy::GetInstance
[2018.11.30-06.57.39:796][  0]LogOcInput: OculusInput pre-init called
[2018.11.30-06.57.39:854][  0]LogEngine: Initializing Engine...
[2018.11.30-06.57.39:854][  0]LogHMD: Failed to initialize OpenVR with code 110
[2018.11.30-06.57.39:855][  0]LogStats: UGameplayTagsManager::ConstructGameplayTagTree: ImportINI prefixes -  0.000 s
[2018.11.30-06.57.39:855][  0]LogStats: UGameplayTagsManager::ConstructGameplayTagTree: Construct from data asset -  0.000 s
[2018.11.30-06.57.39:856][  0]LogStats: UGameplayTagsManager::ConstructGameplayTagTree: ImportINI -  0.000 s
[2018.11.30-06.57.39:856][  0]LogStats: UGameplayTagsManager::ConstructGameplayTagTree: GameplayTagTreeChangedEvent.Broadcast -  0.000 s
[2018.11.30-06.57.40:073][  0]LogInit: Initializing FReadOnlyCVARCache
[2018.11.30-06.57.40:082][  0]LogAIModule: Creating AISystem for world Untitled
[2018.11.30-06.57.40:133][  0]LogInit: XAudio2 using 'BBY LCD TV (2- NVIDIA High Definition Audio)' : 2 channels at 48 kHz using 16 bits per sample (channel mask 0x3)
[2018.11.30-06.57.40:147][  0]LogInit: FAudioDevice initialized.
[2018.11.30-06.57.40:147][  0]LogNetVersion: Set ProjectVersion to 1.0.0.0. Version Checksum will be recalculated on next use.
[2018.11.30-06.57.40:209][  0]LogDerivedDataCache: Saved boot cache 0.06s 71MB C:/Users/msb92/AppData/Local/UnrealEngine/4.20/DerivedDataCache/Boot.ddc.
[2018.11.30-06.57.40:230][  0]LogInit: Texture streaming: Enabled
[2018.11.30-06.57.40:243][  0]LogEngineSessionManager: EngineSessionManager initialized
[2018.11.30-06.57.40:254][  0]LogInit: Transaction tracking system initialized
[2018.11.30-06.57.40:269][  0]BlueprintLog: New page: Editor Load
[2018.11.30-06.57.40:324][  0]LocalizationService: Localization service is disabled
[2018.11.30-06.57.40:554][  0]LogCook: Display: Max memory allowance for cook 16384mb min free memory 0mb
[2018.11.30-06.57.40:554][  0]LogCook: Display: Mobile HDR setting 1
[2018.11.30-06.57.40:554][  0]LogGameplayTags: Display: UGameplayTagsManager::DoneAddingNativeTags. DelegateIsBound: 0
[2018.11.30-06.57.40:554][  0]LogStats: UGameplayTagsManager::ConstructGameplayTagTree: ImportINI prefixes -  0.000 s
[2018.11.30-06.57.40:554][  0]LogStats: UGameplayTagsManager::ConstructGameplayTagTree: Construct from data asset -  0.000 s
[2018.11.30-06.57.40:554][  0]LogStats: UGameplayTagsManager::ConstructGameplayTagTree: ImportINI -  0.000 s
[2018.11.30-06.57.40:554][  0]LogStats: UGameplayTagsManager::ConstructGameplayTagTree: GameplayTagTreeChangedEvent.Broadcast -  0.000 s
[2018.11.30-06.57.40:647][  0]LogFileCache: Scanning file cache for directory 'E:/Projects/GitHub/3010/AssetPipeMaster01/APsec1LargeCityBase/Content/' took 0.02s
[2018.11.30-06.57.40:648][  0]SourceControl: Source control is disabled
[2018.11.30-06.57.40:648][  0]Cmd: MAP LOAD FILE="../../../Engine/Content/Maps/Templates/Template_Default.umap" TEMPLATE=1 SHOWPROGRESS=1 FEATURELEVEL=3
[2018.11.30-06.57.40:648][  0]LightingResults: New page: Lighting Build
[2018.11.30-06.57.40:650][  0]MapCheck: New page: Map Check
[2018.11.30-06.57.40:650][  0]LightingResults: New page: Lighting Build
[2018.11.30-06.57.40:835][  0]LogAIModule: Creating AISystem for world Untitled_1
[2018.11.30-06.57.40:841][  0]LogEditorServer: Finished looking for orphan Actors (0.000 secs)
[2018.11.30-06.57.40:868][  0]Cmd: MAP CHECKDEP NOCLEARLOG
[2018.11.30-06.57.40:911][  0]MapCheck: Map check complete: 0 Error(s), 0 Warning(s), took 43.066ms to complete.
[2018.11.30-06.57.40:911][  0]LogFileHelpers: Loading map 'Template_Default' took 0.263
[2018.11.30-06.57.41:102][  0]LogSlate: Updating window title bar state: overlay mode, drag disabled, window buttons hidden, title bar hidden
[2018.11.30-06.57.41:112][  0]LogSlate: Updating window title bar state: overlay mode, drag disabled, window buttons hidden, title bar hidden
[2018.11.30-06.57.41:123][  0]LogSlate: Updating window title bar state: overlay mode, drag disabled, window buttons hidden, title bar hidden
[2018.11.30-06.57.41:130][  0]LogSlate: Updating window title bar state: overlay mode, drag disabled, window buttons hidden, title bar hidden
[2018.11.30-06.57.41:135][  0]LogCollectionManager: Loaded 0 collections in 0.000958 seconds
[2018.11.30-06.57.41:213][  0]LogFileCache: Scanning file cache for directory 'E:/Projects/GitHub/3010/AssetPipeMaster01/APsec1LargeCityBase/Saved/Collections/' took 0.01s
[2018.11.30-06.57.41:213][  0]LogFileCache: Scanning file cache for directory 'E:/Projects/GitHub/3010/AssetPipeMaster01/APsec1LargeCityBase/Content/Developers/msb92/Collections/' took 0.01s
[2018.11.30-06.57.41:213][  0]LogFileCache: Scanning file cache for directory 'E:/Projects/GitHub/3010/AssetPipeMaster01/APsec1LargeCityBase/Content/Collections/' took 0.01s
[2018.11.30-06.57.41:213][  0]LogCollectionManager: Rebuilt the GUID cache for 0 collections in 0.000000 seconds
[2018.11.30-06.57.41:234][  0]LogContentBrowser: Native class hierarchy populated in 0.0203 seconds. Added 2572 classes and 603 folders.
[2018.11.30-06.57.41:243][  0]LogContentBrowser: Native class hierarchy updated for 'WidgetCarousel' in 0.0003 seconds. Added 0 classes and 0 folders.
[2018.11.30-06.57.41:285][  0]LogContentBrowser: Native class hierarchy updated for 'AddContentDialog' in 0.0003 seconds. Added 0 classes and 0 folders.
[2018.11.30-06.57.41:289][  0]LogContentBrowser: Native class hierarchy updated for 'SceneOutliner' in 0.0003 seconds. Added 1 classes and 2 folders.
[2018.11.30-06.57.41:302][  0]LogSlate: Took 0.000191 seconds to synchronously load lazily loaded font '../../../Engine/Content/Slate/Fonts/Roboto-Regular.ttf' (155K)
[2018.11.30-06.57.41:304][  0]LogSlate: Took 0.000179 seconds to synchronously load lazily loaded font '../../../Engine/Content/Slate/Fonts/Roboto-Bold.ttf' (160K)
[2018.11.30-06.57.41:309][  0]LogSlate: Took 0.000156 seconds to synchronously load lazily loaded font '../../../Engine/Content/Editor/Slate/Fonts/FontAwesome.ttf' (139K)
[2018.11.30-06.57.41:379][  0]LogRenderer: Reallocating scene render targets to support 1616x836 Format 10 NumSamples 1 (Frame:1).
[2018.11.30-06.57.41:505][  0]LogSlate: FSceneViewport::OnFocusLost() reason 2
[2018.11.30-06.57.41:518][  0]LogSlate: Window 'Tutorials' being destroyed
[2018.11.30-06.57.41:549][  0]LogContentBrowser: Native class hierarchy updated for 'HierarchicalLODOutliner' in 0.0003 seconds. Added 0 classes and 0 folders.
[2018.11.30-06.57.41:549][  0]LogLoad: (Engine Initialization) Total time: 8.31 seconds
[2018.11.30-06.57.41:549][  0]LogLoad: (Engine Initialization) Total Blueprint compile time: 0.00 seconds
[2018.11.30-06.57.41:559][  0]LogWindowsTextInputMethodSystem: Display: IME system now deactivated.
[2018.11.30-06.57.41:590][  0]LogContentStreaming: Texture pool size now 1000 MB
[2018.11.30-06.57.41:647][  1]LogFileCache: Retrieving MD5 hashes for directory 'E:/Projects/GitHub/3010/AssetPipeMaster01/APsec1LargeCityBase/Content/' took 0.08s
[2018.11.30-06.57.41:663][  1]LogAssetRegistry: Asset discovery search completed in 4.2388 seconds
[2018.11.30-06.57.41:665][  1]LogCollectionManager: Rebuilt the object cache for 0 collections in 0.000000 seconds (found 0 objects)
[2018.11.30-06.57.41:665][  1]LogCollectionManager: Fixed up redirectors for 0 collections in 0.000046 seconds (updated 0 objects)
[2018.11.30-06.57.49:952][793]LogSlate: FSceneViewport::OnFocusLost() reason 0
[2018.11.30-06.57.54:140][  1]LogSlate: Took 0.000240 seconds to synchronously load lazily loaded font '../../../Engine/Content/Slate/Fonts/Roboto-Light.ttf' (167K)
[2018.11.30-06.57.54:156][  1]LogFactory: FactoryCreateFile: StaticMesh with FbxFactory (0 0 C:\Users\msb92\Desktop\Ass004-Bell.obj)
[2018.11.30-06.57.54:170][  1]LogFbx: Loading FBX Scene from C:\Users\msb92\Desktop\Ass004-Bell.obj
[2018.11.30-06.57.54:178][  1]LogFbx: FBX Scene Loaded Succesfully
[2018.11.30-06.57.55:680][  1]LogSlate: Window 'FBX Import Options' being destroyed
[2018.11.30-06.57.55:838][  1]LogMaterial: Display: Missing cached shader map for material initialShadingGroup, compiling. 
[2018.11.30-06.57.55:879][  1]LogFbx: Warning: Triangulating static mesh pCylinder1
[2018.11.30-06.57.55:924][  1]LogShaderCompilers: Display: Shaders left to compile 22
[2018.11.30-06.57.55:924][  1]LogShaderCompilers: Display: Shaders left to compile 12
[2018.11.30-06.57.55:924][  1]LogShaderCompilers: Display: Shaders left to compile 2
[2018.11.30-06.57.55:928][  1]LogStaticMesh: Building static mesh Ass004-Bell...
[2018.11.30-06.57.55:944][  1]LogStaticMesh: Built static mesh [0.02s] /Game/ButlerM/Ass004-Bell.Ass004-Bell
[2018.11.30-06.57.55:966][  1]LogFactory: FactoryCreateFile: StaticMesh with FbxFactory (0 0 C:\Users\msb92\Desktop\ass004-QCyl.obj)
[2018.11.30-06.57.55:979][  1]LogFbx: Loading FBX Scene from C:\Users\msb92\Desktop\ass004-QCyl.obj
[2018.11.30-06.57.55:980][  1]LogFbx: FBX Scene Loaded Succesfully
[2018.11.30-06.57.55:986][  1]LogMaterial: Display: Missing cached shader map for material initialShadingGroup1, compiling. 
[2018.11.30-06.57.55:996][  1]LogShaderCompilers: Display: Shaders left to compile 22
[2018.11.30-06.57.55:996][  1]LogShaderCompilers: Display: Shaders left to compile 12
[2018.11.30-06.57.55:996][  1]LogShaderCompilers: Display: Shaders left to compile 2
[2018.11.30-06.57.55:997][  1]LogFbx: Warning: Triangulating static mesh pCylinder1
[2018.11.30-06.57.55:999][  1]LogStaticMesh: Building static mesh ass004-QCyl...
[2018.11.30-06.57.56:002][  1]LogStaticMesh: Built static mesh [0.00s] /Game/ButlerM/ass004-QCyl.ass004-QCyl
[2018.11.30-06.57.56:002][  1]LogStaticMesh: Warning: ass004-QCyl has degenerate tangent bases which will result in incorrect shading.  MikkTSpace relies on tangent bases and may result in mesh corruption, consider disabling this option.
[2018.11.30-06.57.56:002][  1]LogStaticMesh: Warning: ass004-QCyl has some nearly zero bi-normals which can create some issues. (Tolerance of 1E-4)
[2018.11.30-06.57.56:013][  1]FBXImport: Warning: No smoothing group information was found in this FBX scene.  Please make sure to enable the 'Export Smoothing Groups' option in the FBX Exporter plug-in before exporting the file.  Even for tools that don't support smoothing groups, the FBX Exporter will generate appropriate smoothing data at export-time so that correct vertex normals can be inferred while importing. 
[2018.11.30-06.57.56:013][  1]FBXImport: Warning: ass004-QCyl has degenerate tangent bases which will result in incorrect shading.  MikkTSpace relies on tangent bases and may result in mesh corruption, consider disabling this option. 
[2018.11.30-06.57.56:013][  1]FBXImport: Warning: ass004-QCyl has some nearly zero bi-normals which can create some issues. (Tolerance of 1E-4) 
[2018.11.30-06.57.56:042][  1]LogFactory: FactoryCreateFile: StaticMesh with FbxFactory (0 0 C:\Users\msb92\Desktop\ass004-SuspB1.obj)
[2018.11.30-06.57.56:054][  1]LogFbx: Loading FBX Scene from C:\Users\msb92\Desktop\ass004-SuspB1.obj
[2018.11.30-06.57.56:058][  1]LogFbx: FBX Scene Loaded Succesfully
[2018.11.30-06.57.56:059][  1]LogFbx: Warning: Triangulating static mesh pCube1
[2018.11.30-06.57.56:067][  1]LogStaticMesh: Building static mesh ass004-SuspB1...
[2018.11.30-06.57.56:083][  1]LogStaticMesh: Built static mesh [0.02s] /Game/ButlerM/ass004-SuspB1.ass004-SuspB1
[2018.11.30-06.57.56:094][  1]FBXImport: Warning: No smoothing group information was found in this FBX scene.  Please make sure to enable the 'Export Smoothing Groups' option in the FBX Exporter plug-in before exporting the file.  Even for tools that don't support smoothing groups, the FBX Exporter will generate appropriate smoothing data at export-time so that correct vertex normals can be inferred while importing. 
[2018.11.30-06.57.56:106][  1]LogFactory: FactoryCreateFile: StaticMesh with FbxFactory (0 0 C:\Users\msb92\Desktop\ass004-SuspB2.obj)
[2018.11.30-06.57.56:119][  1]LogFbx: Loading FBX Scene from C:\Users\msb92\Desktop\ass004-SuspB2.obj
[2018.11.30-06.57.56:123][  1]LogFbx: FBX Scene Loaded Succesfully
[2018.11.30-06.57.56:124][  1]LogFbx: Warning: Triangulating static mesh pCube1
[2018.11.30-06.57.56:133][  1]LogStaticMesh: Building static mesh ass004-SuspB2...
[2018.11.30-06.57.56:148][  1]LogStaticMesh: Built static mesh [0.02s] /Game/ButlerM/ass004-SuspB2.ass004-SuspB2
[2018.11.30-06.57.56:157][  1]FBXImport: Warning: No smoothing group information was found in this FBX scene.  Please make sure to enable the 'Export Smoothing Groups' option in the FBX Exporter plug-in before exporting the file.  Even for tools that don't support smoothing groups, the FBX Exporter will generate appropriate smoothing data at export-time so that correct vertex normals can be inferred while importing. 
[2018.11.30-06.58.00:872][453]LogSlate: Window 'Message Log' being destroyed
[2018.11.30-06.58.00:874][453]LogSlate: Window 'Message Log' being destroyed
[2018.11.30-06.58.13:796][561]LogActorFactory: Actor Factory created Ass004-Bell
[2018.11.30-06.58.13:798][561]LogActorFactory: Actor Factory created ass004-QCyl
[2018.11.30-06.58.13:799][561]LogActorFactory: Actor Factory created ass004-SuspB1
[2018.11.30-06.58.13:800][561]LogActorFactory: Actor Factory created ass004-SuspB2
[2018.11.30-06.58.14:601][651]LogActorFactory: Actor Factory created Ass004-Bell
[2018.11.30-06.58.14:602][651]LogActorFactory: Actor Factory created ass004-QCyl
[2018.11.30-06.58.14:604][651]LogActorFactory: Actor Factory created ass004-SuspB1
[2018.11.30-06.58.14:605][651]LogActorFactory: Actor Factory created ass004-SuspB2
[2018.11.30-06.58.16:451][868]LogActorFactory: Actor Factory created Ass004-Bell
[2018.11.30-06.58.16:473][868]LogActorFactory: Actor Factory created ass004-QCyl
[2018.11.30-06.58.16:490][868]LogActorFactory: Actor Factory created ass004-SuspB1
[2018.11.30-06.58.16:507][868]LogActorFactory: Actor Factory created ass004-SuspB2
[2018.11.30-06.58.19:424][200]Cmd: TRANSACTION UNDO
[2018.11.30-06.58.19:424][200]LogEditorTransaction: Undo Create Actors
[2018.11.30-06.58.20:381][304]LogSlate: FSceneViewport::OnFocusLost() reason 0
[2018.11.30-06.58.21:170][396]LogActorFactory: Actor Factory created ass004-QCyl
[2018.11.30-06.58.21:895][481]LogActorFactory: Actor Factory created ass004-QCyl
[2018.11.30-06.58.40:671][670]LogSlate: Took 0.000235 seconds to synchronously load lazily loaded font '../../../Engine/Content/Slate/Fonts/Roboto-Italic.ttf' (157K)
[2018.11.30-06.58.43:778][ 25]LogSlate: FSceneViewport::OnFocusLost() reason 0
[2018.11.30-06.58.47:289][430]Cmd: TRANSACTION UNDO
[2018.11.30-06.58.47:289][430]LogEditorTransaction: Undo Create Actors
[2018.11.30-06.58.51:140][874]Cmd: DELETE
[2018.11.30-06.58.51:140][874]Cmd: ACTOR DELETE
[2018.11.30-06.58.51:143][874]LogEditorActor: Deleted Actor: StaticMeshActor
[2018.11.30-06.58.51:173][874]LogEditorActor: Deleted 1 Actors (0.032 secs)
[2018.11.30-06.58.51:998][972]LogSlate: FSceneViewport::OnFocusLost() reason 0
[2018.11.30-07.01.13:921][945]LogSlate: FSceneViewport::OnFocusLost() reason 0
[2018.11.30-07.01.16:006][ 46]LogSlate: Window 'Delete Assets' being destroyed
[2018.11.30-07.01.20:126][393]LogFactory: FactoryCreateFile: StaticMesh with FbxFactory (0 0 C:\Users\msb92\Desktop\ass004-QCyl.obj)
[2018.11.30-07.01.20:133][393]LogFbx: Loading FBX Scene from C:\Users\msb92\Desktop\ass004-QCyl.obj
[2018.11.30-07.01.20:134][393]LogFbx: FBX Scene Loaded Succesfully
[2018.11.30-07.01.21:492][393]LogSlate: Window 'FBX Import Options' being destroyed
[2018.11.30-07.01.21:531][393]LogFbx: Warning: Triangulating static mesh pCylinder1
[2018.11.30-07.01.21:534][393]LogStaticMesh: Building static mesh ass004-QCyl...
[2018.11.30-07.01.21:536][393]LogStaticMesh: Built static mesh [0.00s] /Game/ButlerM/ass004-QCyl.ass004-QCyl
[2018.11.30-07.01.21:539][393]LogStaticMesh: Warning: ass004-QCyl has degenerate tangent bases which will result in incorrect shading.  MikkTSpace relies on tangent bases and may result in mesh corruption, consider disabling this option.
[2018.11.30-07.01.21:539][393]LogStaticMesh: Warning: ass004-QCyl has some nearly zero bi-normals which can create some issues. (Tolerance of 1E-4)
[2018.11.30-07.01.21:548][393]FBXImport: Warning: No smoothing group information was found in this FBX scene.  Please make sure to enable the 'Export Smoothing Groups' option in the FBX Exporter plug-in before exporting the file.  Even for tools that don't support smoothing groups, the FBX Exporter will generate appropriate smoothing data at export-time so that correct vertex normals can be inferred while importing. 
[2018.11.30-07.01.21:548][393]FBXImport: Warning: ass004-QCyl has degenerate tangent bases which will result in incorrect shading.  MikkTSpace relies on tangent bases and may result in mesh corruption, consider disabling this option. 
[2018.11.30-07.01.21:548][393]FBXImport: Warning: ass004-QCyl has some nearly zero bi-normals which can create some issues. (Tolerance of 1E-4) 
[2018.11.30-07.01.25:156][792]LogSlate: Window 'Message Log' being destroyed
[2018.11.30-07.01.25:165][792]LogSlate: Window 'Message Log' being destroyed
[2018.11.30-07.01.30:049][325]LogAIModule: Creating AISystem for world StreetBlock_MB
[2018.11.30-07.01.30:056][325]LogAssetEditorManager: Opening Asset editor for World /Game/ButlerM/StreetBlock_MB.StreetBlock_MB
[2018.11.30-07.01.32:673][325]LogSlate: Window 'Save Content' being destroyed
[2018.11.30-07.01.32:695][325]Cmd: OBJ SAVEPACKAGE PACKAGE="/Game/ButlerM/Ass004-Bell" FILE="../../../../../../Projects/GitHub/3010/AssetPipeMaster01/APsec1LargeCityBase/Content/ButlerM/Ass004-Bell.uasset" SILENT=true
[2018.11.30-07.01.32:713][325]LogSavePackage: Moving '../../../../../../Projects/GitHub/3010/AssetPipeMaster01/APsec1LargeCityBase/Saved/Ass004-Bell035D9B7546A3BBCA9E7C47A8ECC73BC9.tmp' to '../../../../../../Projects/GitHub/3010/AssetPipeMaster01/APsec1LargeCityBase/Content/ButlerM/Ass004-Bell.uasset'
[2018.11.30-07.01.32:729][325]Cmd: OBJ SAVEPACKAGE PACKAGE="/Game/ButlerM/ass004-QCyl" FILE="../../../../../../Projects/GitHub/3010/AssetPipeMaster01/APsec1LargeCityBase/Content/ButlerM/ass004-QCyl.uasset" SILENT=true
[2018.11.30-07.01.32:745][325]LogSavePackage: Moving '../../../../../../Projects/GitHub/3010/AssetPipeMaster01/APsec1LargeCityBase/Saved/ass004-QCylB41C3AE24BE2F372CFAD16A6C4776BF6.tmp' to '../../../../../../Projects/GitHub/3010/AssetPipeMaster01/APsec1LargeCityBase/Content/ButlerM/ass004-QCyl.uasset'
[2018.11.30-07.01.32:762][325]Cmd: OBJ SAVEPACKAGE PACKAGE="/Game/ButlerM/ass004-SuspB1" FILE="../../../../../../Projects/GitHub/3010/AssetPipeMaster01/APsec1LargeCityBase/Content/ButlerM/ass004-SuspB1.uasset" SILENT=true
[2018.11.30-07.01.32:777][325]LogSavePackage: Moving '../../../../../../Projects/GitHub/3010/AssetPipeMaster01/APsec1LargeCityBase/Saved/ass004-SuspB123A78B6346C399EC4E112F9A15422F0D.tmp' to '../../../../../../Projects/GitHub/3010/AssetPipeMaster01/APsec1LargeCityBase/Content/ButlerM/ass004-SuspB1.uasset'
[2018.11.30-07.01.32:805][325]Cmd: OBJ SAVEPACKAGE PACKAGE="/Game/ButlerM/ass004-SuspB2" FILE="../../../../../../Projects/GitHub/3010/AssetPipeMaster01/APsec1LargeCityBase/Content/ButlerM/ass004-SuspB2.uasset" SILENT=true
[2018.11.30-07.01.32:824][325]LogSavePackage: Moving '../../../../../../Projects/GitHub/3010/AssetPipeMaster01/APsec1LargeCityBase/Saved/ass004-SuspB24FB7FDB54E631F941088A2A6997AAB83.tmp' to '../../../../../../Projects/GitHub/3010/AssetPipeMaster01/APsec1LargeCityBase/Content/ButlerM/ass004-SuspB2.uasset'
[2018.11.30-07.01.32:848][325]Cmd: OBJ SAVEPACKAGE PACKAGE="/Game/ButlerM/initialShadingGroup" FILE="../../../../../../Projects/GitHub/3010/AssetPipeMaster01/APsec1LargeCityBase/Content/ButlerM/initialShadingGroup.uasset" SILENT=true
[2018.11.30-07.01.32:877][325]LogSavePackage: Moving '../../../../../../Projects/GitHub/3010/AssetPipeMaster01/APsec1LargeCityBase/Saved/initialShadingGroupC2D4DB8142D6DBF0CB96D98051D88600.tmp' to '../../../../../../Projects/GitHub/3010/AssetPipeMaster01/APsec1LargeCityBase/Content/ButlerM/initialShadingGroup.uasset'
[2018.11.30-07.01.32:930][325]LogSavePackage: Moving '../../../../../../Projects/GitHub/3010/AssetPipeMaster01/APsec1LargeCityBase/Saved/initialShadingGroup1E05BE1BC45718A8A688B60A234DD0905.tmp' to '../../../../../../Projects/GitHub/3010/AssetPipeMaster01/APsec1LargeCityBase/Content/ButlerM/initialShadingGroup1.uasset'
[2018.11.30-07.01.32:986][325]LogSlate: Took 0.000154 seconds to synchronously load lazily loaded font '../../../Engine/Content/Slate/Fonts/Roboto-Light.ttf' (167K)
[2018.11.30-07.01.36:650][325]LogSlate: Window 'Save Level As' being destroyed
[2018.11.30-07.01.36:780][325]LogSavePackage: Moving '../../../../../../Projects/GitHub/3010/AssetPipeMaster01/APsec1LargeCityBase/Saved/Untitled0A847380493A46DFBAEE1A99C6ECB384.tmp' to '../../../../../../Projects/GitHub/3010/AssetPipeMaster01/APsec1LargeCityBase/Content/ButlerM/Untitled.umap'
[2018.11.30-07.01.36:815][325]LogFileHelpers: Saving map 'Untitled' took 0.157
[2018.11.30-07.01.36:816][325]Cmd: MAP LOAD FILE="../../../../../../Projects/GitHub/3010/AssetPipeMaster01/APsec1LargeCityBase/Content/ButlerM/StreetBlock_MB.umap" TEMPLATE=0 SHOWPROGRESS=1 FEATURELEVEL=3
[2018.11.30-07.01.36:816][325]LightingResults: New page: Lighting Build
[2018.11.30-07.01.36:816][325]LoadErrors: New page: Loading map: StreetBlock_MB.umap
[2018.11.30-07.01.36:817][325]MapCheck: New page: Map Check
[2018.11.30-07.01.36:817][325]LightingResults: New page: Lighting Build
[2018.11.30-07.01.36:856][325]LogEditorServer: Finished looking for orphan Actors (0.000 secs)
[2018.11.30-07.01.36:910][325]Cmd: MAP CHECKDEP NOCLEARLOG
[2018.11.30-07.01.36:958][325]MapCheck: Map check complete: 0 Error(s), 0 Warning(s), took 47.51ms to complete.
[2018.11.30-07.01.36:961][325]LogFileHelpers: Loading map 'StreetBlock_MB' took 0.146
[2018.11.30-07.01.44:532][190]LogSlate: FSceneViewport::OnFocusLost() reason 0
[2018.11.30-07.01.45:893][353]LogLinker: Warning: Can't find file '/Game/ButlerM/Untitled_BuiltData'
[2018.11.30-07.01.45:893][353]LogLinker: Warning: Can't find file for asset '/Game/ButlerM/Untitled_BuiltData' while loading ../../../../../../Projects/GitHub/3010/AssetPipeMaster01/APsec1LargeCityBase/Content/ButlerM/Untitled.umap.
[2018.11.30-07.01.45:894][353]LoadErrors: Error: /Game/ButlerM/Untitled : Can't find file for asset. /Game/ButlerM/Untitled_BuiltData
[2018.11.30-07.01.45:895][353]LogLinker: Warning: Can't find file '/Game/ButlerM/Untitled_BuiltData'
[2018.11.30-07.01.45:895][353]LogLinker: Warning: Can't find file for asset '/Game/ButlerM/Untitled_BuiltData' while loading ../../../../../../Projects/GitHub/3010/AssetPipeMaster01/APsec1LargeCityBase/Content/ButlerM/Untitled.umap.
[2018.11.30-07.01.45:899][353]LogLinker: Warning: Can't find file '/Game/ButlerM/Untitled_BuiltData'
[2018.11.30-07.01.45:899][353]LoadErrors: Failed to load /Game/ButlerM/Untitled_BuiltData.Untitled_BuiltData Referenced by PersistentLevel
[2018.11.30-07.01.45:899][353]LogLinker: Warning: Can't find file for asset '/Game/ButlerM/Untitled_BuiltData' while loading NULL.
[2018.11.30-07.01.45:900][353]LogAIModule: Creating AISystem for world Untitled
[2018.11.30-07.01.47:634][353]LogSlate: Window 'Delete Assets' being destroyed
[2018.11.30-07.01.48:430][427]LogActorFactory: Actor Factory created ass004-QCyl
[2018.11.30-07.01.49:005][494]LogActorFactory: Actor Factory created ass004-QCyl
[2018.11.30-07.01.56:507][365]LogSlate: FSceneViewport::OnFocusLost() reason 0
[2018.11.30-07.02.23:151][519]LogEditorViewport: Clicking Background
[2018.11.30-07.02.25:502][796]LogSlate: FSceneViewport::OnFocusLost() reason 2
[2018.11.30-07.02.30:491][390]LogEditorViewport: Clicking on Actor (LMB): StaticMeshActor (ass004-QCyl)
[2018.11.30-07.02.30:939][437]Cmd: DELETE
[2018.11.30-07.02.30:939][437]Cmd: ACTOR DELETE
[2018.11.30-07.02.30:944][437]LogEditorActor: Deleted Actor: StaticMeshActor
[2018.11.30-07.02.30:969][437]LogEditorActor: Deleted 1 Actors (0.030 secs)
[2018.11.30-07.03.19:751][231]LogEditorViewport: Clicking Background
[2018.11.30-07.03.23:082][616]LogSlate: FSceneViewport::OnFocusLost() reason 0
[2018.11.30-07.03.23:329][643]LogActorFactory: Actor Factory created Ass004-Bell
[2018.11.30-07.03.24:115][736]LogActorFactory: Actor Factory created Ass004-Bell
[2018.11.30-07.03.27:286][102]LogSlate: FSceneViewport::OnFocusLost() reason 0
[2018.11.30-07.03.42:092][831]LogSlate: FSceneViewport::OnFocusLost() reason 0
[2018.11.30-07.04.01:609][138]LogSlate: FSceneViewport::OnFocusLost() reason 0
[2018.11.30-07.04.07:876][862]LogSlate: FSceneViewport::OnFocusLost() reason 0
[2018.11.30-07.04.08:048][881]LogAssetEditorManager: Opening Asset editor for MaterialInstanceConstant /Game/ButlerM/M_MasterWoodBlock_MB_Inst_Inst1.M_MasterWoodBlock_MB_Inst_Inst1
[2018.11.30-07.04.18:023][777]LogSlate: Window 'Color Picker' being destroyed
[2018.11.30-07.04.19:447][903]LogMaterial: Display: Missing cached shader map for material FDebugViewModeMaterialProxy M_MasterWoodBlock_MB_Inst_Inst1, compiling. 
[2018.11.30-07.04.20:117][903]LogShaderCompilers: Display: Shaders left to compile 1
[2018.11.30-07.04.20:118][903]TextureStreamingBuild: Display: Compiling optional shaders took 0.676 seconds.
[2018.11.30-07.04.20:165][903]LogSavePackage: Moving '../../../../../../Projects/GitHub/3010/AssetPipeMaster01/APsec1LargeCityBase/Saved/M_MasterWoodBlock_MB_Inst_Inst10DA6CB0E431BDDABC1FC7C896D87A256.tmp' to '../../../../../../Projects/GitHub/3010/AssetPipeMaster01/APsec1LargeCityBase/Content/ButlerM/M_MasterWoodBlock_MB_Inst_Inst1.uasset'
[2018.11.30-07.04.21:565][ 40]LogSlate: Window 'M_MasterWoodBlock_MB_Inst_Inst1' being destroyed
[2018.11.30-07.04.21:569][ 40]LogSlate: Window 'M_MasterWoodBlock_MB_Inst_Inst1' being destroyed
[2018.11.30-07.04.29:189][908]LogSlate: FSceneViewport::OnFocusLost() reason 0
[2018.11.30-07.04.29:421][933]LogActorFactory: Actor Factory created ass004-QCyl
[2018.11.30-07.04.30:248][  7]LogActorFactory: Actor Factory created ass004-QCyl
[2018.11.30-07.04.38:753][  0]LogSlate: FSceneViewport::OnFocusLost() reason 0
[2018.11.30-07.04.43:215][529]LogSlate: FSceneViewport::OnFocusLost() reason 0
[2018.11.30-07.04.50:808][425]LogSlate: FSceneViewport::OnFocusLost() reason 0
[2018.11.30-07.05.21:740][ 99]LogSlate: FSceneViewport::OnFocusLost() reason 0
[2018.11.30-07.05.21:901][116]LogActorFactory: Actor Factory created ass004-SuspB2
[2018.11.30-07.05.22:414][171]LogActorFactory: Actor Factory created ass004-SuspB2
[2018.11.30-07.05.23:888][337]LogSlate: FSceneViewport::OnFocusLost() reason 0
[2018.11.30-07.05.24:086][358]LogActorFactory: Actor Factory created ass004-SuspB1
[2018.11.30-07.05.24:506][401]LogActorFactory: Actor Factory created ass004-SuspB1
[2018.11.30-07.05.26:962][672]LogSlate: FSceneViewport::OnFocusLost() reason 0
[2018.11.30-07.05.27:108][687]LogActorFactory: Actor Factory created ass004-SuspB1
[2018.11.30-07.05.27:450][718]LogActorFactory: Actor Factory created ass004-SuspB1
[2018.11.30-07.05.35:116][600]LogEditorViewport: Clicking Background
[2018.11.30-07.05.40:486][240]LogEditorViewport: Clicking on Actor (LMB): StaticMeshActor (Ass004-Bell)
[2018.11.30-07.05.44:007][651]LogEditorViewport: Clicking on Actor (LMB): StaticMeshActor (Airbus_UV1)
[2018.11.30-07.05.48:055][125]Cmd: CAMERA ALIGN ACTIVEVIEWPORTONLY
[2018.11.30-07.05.55:306][972]LogEditorViewport: Clicking on Actor (LMB): StaticMeshActor (ass004-QCyl)
[2018.11.30-07.05.58:578][355]Cmd: TRANSACTION UNDO
[2018.11.30-07.05.58:578][355]LogEditorTransaction: Undo Move Actors
[2018.11.30-07.05.59:000][395]Cmd: EDIT COPY
[2018.11.30-07.05.59:240][421]Cmd: EDIT PASTE
[2018.11.30-07.06.19:699][842]LogEditorViewport: Clicking on Actor (LMB): StaticMeshActor (ass004-SuspB3)
[2018.11.30-07.06.33:313][406]LogEditorViewport: Clicking on Actor (LMB): StaticMeshActor (ass004-SuspB2)
[2018.11.30-07.06.55:888][ 78]LogEditorViewport: Clicking on Actor (LMB): StaticMeshActor (ass004-SuspB1)
[2018.11.30-07.07.14:044][235]LogEditorViewport: Clicking on Actor (LMB): StaticMeshActor (ass004-SuspB3)
[2018.11.30-07.07.25:984][634]LogSlate: FSceneViewport::OnFocusLost() reason 0
[2018.11.30-07.07.32:958][399]LogEditorViewport: Clicking on Actor (LMB): StaticMeshActor (ass004-SuspB3)
[2018.11.30-07.07.38:407][ 43]LogEditorViewport: Clicking on Actor (LMB): StaticMeshActor (ass004-SuspB1)
[2018.11.30-07.07.43:054][589]LogSlate: FSceneViewport::OnFocusLost() reason 2
[2018.11.30-07.08.08:949][664]LogEditorViewport: Clicking on Actor (LMB): StaticMeshActor (ass004-SuspB3)
[2018.11.30-07.08.15:649][455]LogEditorViewport: Clicking Background
[2018.11.30-07.08.22:794][307]LogEditorViewport: Clicking on Actor (LMB): StaticMeshActor (ass004-SuspB1)
[2018.11.30-07.08.25:791][607]LogEditorViewport: Clicking Background
[2018.11.30-07.08.26:756][720]LogEditorViewport: Clicking on Actor (LMB): StaticMeshActor (ass004-SuspB1)
[2018.11.30-07.08.39:389][169]LogSlate: FSceneViewport::OnFocusLost() reason 2
[2018.11.30-07.09.16:733][561]LogEditorViewport: Clicking Background
[2018.11.30-07.09.26:625][746]LogEditorViewport: Clicking on Actor (LMB): StaticMeshActor (ass004-SuspB1)
[2018.11.30-07.09.31:001][210]LogSlate: FSceneViewport::OnFocusLost() reason 0
[2018.11.30-07.09.39:443][201]LogEditorViewport: Clicking on Actor (LMB): StaticMeshActor (ass004-SuspB3)
[2018.11.30-07.09.43:948][724]Cmd: TRANSACTION UNDO
[2018.11.30-07.09.43:948][724]LogEditorTransaction: Undo Scale Actors
[2018.11.30-07.09.49:999][432]LogEditorViewport: Clicking on Actor (LMB): StaticMeshActor (ass004-SuspB3)
[2018.11.30-07.09.57:363][287]LogEditorViewport: Clicking on Actor (LMB): StaticMeshActor (ass004-SuspB1)
[2018.11.30-07.10.02:895][942]LogEditorViewport: Clicking on Actor (LMB): StaticMeshActor (ass004-SuspB3)
[2018.11.30-07.10.31:737][320]LogEditorViewport: Clicking on Actor (LMB): StaticMeshActor (ass004-SuspB1)
[2018.11.30-07.11.09:431][779]LogEditorViewport: Clicking Background
[2018.11.30-07.11.13:555][262]LogEditorViewport: Clicking on Actor (LMB): StaticMeshActor (ass004-SuspB3)
[2018.11.30-07.11.26:692][794]LogSlate: FSceneViewport::OnFocusLost() reason 0
[2018.11.30-07.11.31:868][362]LogSlate: FSceneViewport::OnFocusLost() reason 0
[2018.11.30-07.11.46:064][ 32]LogSlate: FSceneViewport::OnFocusLost() reason 0
[2018.11.30-07.11.47:963][255]LogEditorViewport: Clicking Background
[2018.11.30-07.11.52:264][762]LogEditorViewport: Clicking on Actor (LMB): StaticMeshActor (Ass004-Bell)
[2018.11.30-07.11.54:067][969]LogSlate: FSceneViewport::OnFocusLost() reason 0
[2018.11.30-07.12.08:848][702]LogSlate: FSceneViewport::OnFocusLost() reason 0
[2018.11.30-07.12.53:829][ 11]LogSlate: FSceneViewport::OnFocusLost() reason 2
[2018.11.30-07.13.22:710][393]LogEditorViewport: Clicking on Actor (LMB): StaticMeshActor (Airbus_UV1)
[2018.11.30-07.13.25:870][748]LogSlate: FSceneViewport::OnFocusLost() reason 0
[2018.11.30-07.13.26:043][766]LogAssetEditorManager: Opening Asset editor for MaterialInstanceConstant /Game/ButlerM/M_MasterWoodBlock_MB_Inst1.M_MasterWoodBlock_MB_Inst1
[2018.11.30-07.13.37:111][682]LogMaterial: Display: Missing cached shader map for material FDebugViewModeMaterialProxy M_MasterWoodBlock_MB_Inst1, compiling. 
[2018.11.30-07.13.37:738][682]LogShaderCompilers: Display: Shaders left to compile 1
[2018.11.30-07.13.37:739][682]TextureStreamingBuild: Display: Compiling optional shaders took 0.632 seconds.
[2018.11.30-07.13.37:789][682]LogSavePackage: Moving '../../../../../../Projects/GitHub/3010/AssetPipeMaster01/APsec1LargeCityBase/Saved/M_MasterWoodBlock_MB_Inst1CDD1C6D341EED34AB9DE85999CBBE7FC.tmp' to '../../../../../../Projects/GitHub/3010/AssetPipeMaster01/APsec1LargeCityBase/Content/ButlerM/M_MasterWoodBlock_MB_Inst1.uasset'
[2018.11.30-07.13.42:308][771]LogEditorViewport: Clicking Background
[2018.11.30-07.13.45:153][107]LogEditorViewport: Clicking on Actor (LMB): StaticMeshActor (Airbus_UV1)
[2018.11.30-07.13.47:038][268]LogSlate: FSceneViewport::OnFocusLost() reason 0
[2018.11.30-07.13.51:520][654]LogMaterial: Display: Missing cached shader map for material FDebugViewModeMaterialProxy M_MasterWoodBlock_MB_Inst1, compiling. 
[2018.11.30-07.13.51:769][654]LogShaderCompilers: Display: Shaders left to compile 1
[2018.11.30-07.13.51:770][654]TextureStreamingBuild: Display: Compiling optional shaders took 0.253 seconds.
[2018.11.30-07.13.51:812][654]LogSavePackage: Moving '../../../../../../Projects/GitHub/3010/AssetPipeMaster01/APsec1LargeCityBase/Saved/M_MasterWoodBlock_MB_Inst1C6D1DF324C62A894569C7DA46A53ABE2.tmp' to '../../../../../../Projects/GitHub/3010/AssetPipeMaster01/APsec1LargeCityBase/Content/ButlerM/M_MasterWoodBlock_MB_Inst1.uasset'
[2018.11.30-07.13.53:220][781]LogEditorViewport: Clicking Background
[2018.11.30-07.14.02:146][837]LogSlate: FSceneViewport::OnFocusLost() reason 0
[2018.11.30-07.14.02:289][854]LogSlate: Window 'M_MasterWoodBlock_MB_Inst1' being destroyed
[2018.11.30-07.14.02:292][854]LogSlate: Window 'M_MasterWoodBlock_MB_Inst1' being destroyed
[2018.11.30-07.14.05:894][280]LogEditorViewport: Clicking on Actor (LMB): StaticMeshActor (Airbus_UV1)
[2018.11.30-07.14.10:848][855]LogSlate: FSceneViewport::OnFocusLost() reason 0
[2018.11.30-07.14.11:038][876]LogAssetEditorManager: Opening Asset editor for MaterialInstanceConstant /Game/ButlerM/M_MasterWoodBlock_MB_Inst_Inst.M_MasterWoodBlock_MB_Inst_Inst
[2018.11.30-07.14.21:385][767]LogSlate: FSceneViewport::OnFocusLost() reason 2
[2018.11.30-07.14.28:626][404]LogSlate: FSceneViewport::OnFocusLost() reason 0
[2018.11.30-07.14.28:826][416]LogMaterial: Display: Missing cached shader map for material FDebugViewModeMaterialProxy M_MasterWoodBlock_MB_Inst_Inst, compiling. 
[2018.11.30-07.14.29:398][416]LogShaderCompilers: Display: Shaders left to compile 1
[2018.11.30-07.14.29:398][416]TextureStreamingBuild: Display: Compiling optional shaders took 0.576 seconds.
[2018.11.30-07.14.29:449][416]LogSavePackage: Moving '../../../../../../Projects/GitHub/3010/AssetPipeMaster01/APsec1LargeCityBase/Saved/M_MasterWoodBlock_MB_Inst_Inst7E31DB8B469F6D56816D68A51C439FCB.tmp' to '../../../../../../Projects/GitHub/3010/AssetPipeMaster01/APsec1LargeCityBase/Content/ButlerM/M_MasterWoodBlock_MB_Inst_Inst.uasset'
[2018.11.30-07.14.31:798][602]LogSlate: FSceneViewport::OnFocusLost() reason 0
[2018.11.30-07.14.48:729][120]LogMaterial: Display: Missing cached shader map for material FDebugViewModeMaterialProxy M_MasterWoodBlock_MB_Inst_Inst, compiling. 
[2018.11.30-07.14.48:960][120]LogShaderCompilers: Display: Shaders left to compile 1
[2018.11.30-07.14.48:961][120]TextureStreamingBuild: Display: Compiling optional shaders took 0.236 seconds.
[2018.11.30-07.14.49:015][120]LogSavePackage: Moving '../../../../../../Projects/GitHub/3010/AssetPipeMaster01/APsec1LargeCityBase/Saved/M_MasterWoodBlock_MB_Inst_InstB1ED326F4DF4631AAE235EA329BD05CB.tmp' to '../../../../../../Projects/GitHub/3010/AssetPipeMaster01/APsec1LargeCityBase/Content/ButlerM/M_MasterWoodBlock_MB_Inst_Inst.uasset'
[2018.11.30-07.14.50:806][282]LogSlate: FSceneViewport::OnFocusLost() reason 0
[2018.11.30-07.14.50:895][291]LogSlate: Window 'M_MasterWoodBlock_MB_Inst_Inst' being destroyed
[2018.11.30-07.14.50:899][291]LogSlate: Window 'M_MasterWoodBlock_MB_Inst_Inst' being destroyed
[2018.11.30-07.14.51:681][376]LogEditorViewport: Clicking on Actor (LMB): StaticMeshActor (Airbus_UV1)
[2018.11.30-07.14.53:731][616]LogSlate: FSceneViewport::OnFocusLost() reason 0
[2018.11.30-07.14.53:904][635]LogAssetEditorManager: Opening Asset editor for MaterialInstanceConstant /Game/ButlerM/M_MasterWoodBlock_MB_Inst.M_MasterWoodBlock_MB_Inst
[2018.11.30-07.15.10:736][560]LogSlate: FSceneViewport::OnFocusLost() reason 2
[2018.11.30-07.15.12:304][700]Cmd: TRANSACTION UNDO
[2018.11.30-07.15.12:304][700]LogEditorTransaction: Undo Edit VDensity
[2018.11.30-07.15.12:862][735]Cmd: TRANSACTION UNDO
[2018.11.30-07.15.12:862][735]LogEditorTransaction: Undo Edit UDensity
[2018.11.30-07.15.14:089][833]LogSlate: FSceneViewport::OnFocusLost() reason 2
[2018.11.30-07.15.14:210][844]LogEditorViewport: Clicking on Actor (LMB): StaticMeshActor (ass004-QCyl2)
[2018.11.30-07.15.14:985][910]LogSlate: FSceneViewport::OnFocusLost() reason 0
[2018.11.30-07.15.15:128][925]LogSlate: Window 'M_MasterWoodBlock_MB_Inst*' being destroyed
[2018.11.30-07.15.15:132][925]LogSlate: Window 'M_MasterWoodBlock_MB_Inst*' being destroyed
[2018.11.30-07.15.15:170][925]LogSlate: FSceneViewport::OnFocusLost() reason 2
[2018.11.30-07.15.15:178][925]LogMaterial: Display: Missing cached shader map for material FDebugViewModeMaterialProxy M_MasterWoodBlock_MB_Inst, compiling. 
[2018.11.30-07.15.15:802][925]LogShaderCompilers: Display: Shaders left to compile 1
[2018.11.30-07.15.15:804][925]TextureStreamingBuild: Display: Compiling optional shaders took 0.630 seconds.
[2018.11.30-07.15.16:511][988]LogEditorViewport: Clicking on Actor (LMB): StaticMeshActor (Airbus_UV1)
[2018.11.30-07.15.19:157][289]LogSlate: FSceneViewport::OnFocusLost() reason 0
[2018.11.30-07.15.19:321][307]LogAssetEditorManager: Opening Asset editor for MaterialInstanceConstant /Game/ButlerM/M_MasterWoodBlock_MB_Inst.M_MasterWoodBlock_MB_Inst
[2018.11.30-07.15.39:288][992]LogSlate: FSceneViewport::OnFocusLost() reason 0
[2018.11.30-07.15.43:930][397]LogMaterial: Display: Missing cached shader map for material FDebugViewModeMaterialProxy M_MasterWoodBlock_MB_Inst, compiling. 
[2018.11.30-07.15.44:605][397]LogShaderCompilers: Display: Shaders left to compile 1
[2018.11.30-07.15.44:606][397]TextureStreamingBuild: Display: Compiling optional shaders took 0.680 seconds.
[2018.11.30-07.15.44:671][397]LogSavePackage: Moving '../../../../../../Projects/GitHub/3010/AssetPipeMaster01/APsec1LargeCityBase/Saved/M_MasterWoodBlock_MB_Inst9DB2CD264D2583A164E28FB4EE9914A8.tmp' to '../../../../../../Projects/GitHub/3010/AssetPipeMaster01/APsec1LargeCityBase/Content/ButlerM/M_MasterWoodBlock_MB_Inst.uasset'
[2018.11.30-07.15.46:166][524]LogSlate: FSceneViewport::OnFocusLost() reason 0
[2018.11.30-07.15.53:191][148]LogMaterial: Display: Missing cached shader map for material FDebugViewModeMaterialProxy M_MasterWoodBlock_MB_Inst, compiling. 
[2018.11.30-07.15.53:484][148]LogShaderCompilers: Display: Shaders left to compile 1
[2018.11.30-07.15.53:485][148]TextureStreamingBuild: Display: Compiling optional shaders took 0.298 seconds.
[2018.11.30-07.15.53:534][148]LogSavePackage: Moving '../../../../../../Projects/GitHub/3010/AssetPipeMaster01/APsec1LargeCityBase/Saved/M_MasterWoodBlock_MB_Inst443883AD4775623D1177A78741342F9D.tmp' to '../../../../../../Projects/GitHub/3010/AssetPipeMaster01/APsec1LargeCityBase/Content/ButlerM/M_MasterWoodBlock_MB_Inst.uasset'
[2018.11.30-07.16.11:464][723]LogSlate: FSceneViewport::OnFocusLost() reason 0
[2018.11.30-07.16.11:573][731]LogSavePackage: Moving '../../../../../../Projects/GitHub/3010/AssetPipeMaster01/APsec1LargeCityBase/Saved/M_MasterWoodBlock_MB_InstC8CA775140EA050B52675DB7479FF07D.tmp' to '../../../../../../Projects/GitHub/3010/AssetPipeMaster01/APsec1LargeCityBase/Content/ButlerM/M_MasterWoodBlock_MB_Inst.uasset'
[2018.11.30-07.16.12:754][833]LogSlate: FSceneViewport::OnFocusLost() reason 0
[2018.11.30-07.16.12:895][848]LogSlate: Window 'M_MasterWoodBlock_MB_Inst' being destroyed
[2018.11.30-07.16.12:898][848]LogSlate: Window 'M_MasterWoodBlock_MB_Inst' being destroyed
[2018.11.30-07.16.14:006][969]LogSlate: FSceneViewport::OnFocusLost() reason 0
[2018.11.30-07.16.14:160][986]LogAssetEditorManager: Opening Asset editor for MaterialInstanceConstant /Game/ButlerM/M_MasterWoodBlock_MB_Inst1.M_MasterWoodBlock_MB_Inst1
[2018.11.30-07.16.25:862][943]LogSlate: Window 'M_MasterWoodBlock_MB_Inst1' being destroyed
[2018.11.30-07.16.25:866][943]LogSlate: Window 'M_MasterWoodBlock_MB_Inst1' being destroyed
[2018.11.30-07.16.38:010][327]LogSlate: FSceneViewport::OnFocusLost() reason 2
[2018.11.30-07.16.38:292][327]LogSavePackage: Moving '../../../../../../Projects/GitHub/3010/AssetPipeMaster01/APsec1LargeCityBase/Saved/StreetBlock_MBA1A28CB94B7FC146801B4F8A9E7BD767.tmp' to '../../../../../../Projects/GitHub/3010/AssetPipeMaster01/APsec1LargeCityBase/Content/ButlerM/StreetBlock_MB.umap'
[2018.11.30-07.16.40:018][525]LogSlate: FSceneViewport::OnFocusLost() reason 2
[2018.11.30-07.16.46:326][270]LogSlate: FSceneViewport::OnFocusLost() reason 2
[2018.11.30-07.16.46:596][270]LogSavePackage: Moving '../../../../../../Projects/GitHub/3010/AssetPipeMaster01/APsec1LargeCityBase/Saved/StreetBlock_MBAD8EF5A84F6FD43C2960BCAF4F6E21EF.tmp' to '../../../../../../Projects/GitHub/3010/AssetPipeMaster01/APsec1LargeCityBase/Content/ButlerM/StreetBlock_MB.umap'
[2018.11.30-07.16.48:575][498]LogSlate: FSceneViewport::OnFocusLost() reason 0
[2018.11.30-07.16.48:797][513]LogSlate: Window 'APsec1LargeCityBase - Unreal Editor' being destroyed
[2018.11.30-07.16.48:987][514]Cmd: QUIT_EDITOR
[2018.11.30-07.16.49:004][514]LogWindowsTextInputMethodSystem: Display: IME system now deactivated.
[2018.11.30-07.16.49:015][514]LogExit: Preparing to exit.
[2018.11.30-07.16.49:830][514]LogExit: Editor shut down
[2018.11.30-07.16.49:831][514]LogExit: Transaction tracking system shut down
[2018.11.30-07.16.50:517][514]LogExit: Object subsystem successfully closed.
[2018.11.30-07.16.50:553][514]LogShaderCompilers: Display: Shaders left to compile 0
[2018.11.30-07.16.50:556][514]LogD3D11RHI: Shutdown
[2018.11.30-07.16.50:556][514]LogD3D11RHI: CleanupD3DDevice
[2018.11.30-07.16.50:559][514]LogD3D11RHI: ~FD3D11DynamicRHI
[2018.11.30-07.16.50:568][514]LogModuleManager: Shutting down and abandoning module MeshBuilder (614)
[2018.11.30-07.16.50:568][514]LogModuleManager: Shutting down and abandoning module HierarchicalLODOutliner (612)
[2018.11.30-07.16.50:568][514]LogModuleManager: Shutting down and abandoning module SceneOutliner (610)
[2018.11.30-07.16.50:568][514]LogModuleManager: Shutting down and abandoning module AddContentDialog (608)
[2018.11.30-07.16.50:569][514]LogModuleManager: Shutting down and abandoning module WidgetCarousel (607)
[2018.11.30-07.16.50:569][514]LogModuleManager: Shutting down and abandoning module EditorWidgets (604)
[2018.11.30-07.16.50:569][514]LogModuleManager: Shutting down and abandoning module CollectionManager (602)
[2018.11.30-07.16.50:569][514]LogModuleManager: Shutting down and abandoning module HierarchicalLODUtilities (600)
[2018.11.30-07.16.50:569][514]LogModuleManager: Shutting down and abandoning module StatsViewer (598)
[2018.11.30-07.16.50:569][514]LogModuleManager: Shutting down and abandoning module FoliageEdit (596)
[2018.11.30-07.16.50:569][514]LogModuleManager: Shutting down and abandoning module LandscapeEditor (594)
[2018.11.30-07.16.50:569][514]LogModuleManager: Shutting down and abandoning module MeshPaintMode (592)
[2018.11.30-07.16.50:569][514]LogModuleManager: Shutting down and abandoning module SceneDepthPickerMode (590)
[2018.11.30-07.16.50:569][514]LogModuleManager: Shutting down and abandoning module ActorPickerMode (588)
[2018.11.30-07.16.50:569][514]LogModuleManager: Shutting down and abandoning module GeometryMode (586)
[2018.11.30-07.16.50:569][514]LogModuleManager: Shutting down and abandoning module TextureAlignMode (584)
[2018.11.30-07.16.50:569][514]LogModuleManager: Shutting down and abandoning module BspMode (582)
[2018.11.30-07.16.50:569][514]LogModuleManager: Shutting down and abandoning module PIEPreviewDeviceProfileSelector (580)
[2018.11.30-07.16.50:569][514]LogModuleManager: Shutting down and abandoning module SequenceRecorderSections (578)
[2018.11.30-07.16.50:569][514]LogModuleManager: Shutting down and abandoning module AutomationWorker (576)
[2018.11.30-07.16.50:569][514]LogModuleManager: Shutting down and abandoning module AudioCaptureEditor (574)
[2018.11.30-07.16.50:569][514]LogModuleManager: Shutting down and abandoning module SequenceRecorder (573)
[2018.11.30-07.16.50:569][514]LogModuleManager: Shutting down and abandoning module MatineeToLevelSequence (570)
[2018.11.30-07.16.50:569][514]LogModuleManager: Shutting down and abandoning module LevelSequenceEditor (568)
[2018.11.30-07.16.50:569][514]LogModuleManager: Shutting down and abandoning module PlacementMode (567)
[2018.11.30-07.16.50:569][514]LogModuleManager: Shutting down and abandoning module MaterialEditor (566)
[2018.11.30-07.16.50:570][514]LogModuleManager: Shutting down and abandoning module WmfMediaFactory (562)
[2018.11.30-07.16.50:570][514]LogModuleManager: Shutting down and abandoning module WmfMediaEditor (560)
[2018.11.30-07.16.50:570][514]LogModuleManager: Shutting down and abandoning module MediaPlayerEditor (558)
[2018.11.30-07.16.50:570][514]LogModuleManager: Shutting down and abandoning module OpenExrWrapper (556)
[2018.11.30-07.16.50:570][514]LogModuleManager: Shutting down and abandoning module ImgMediaFactory (554)
[2018.11.30-07.16.50:570][514]LogModuleManager: Shutting down and abandoning module ImgMediaEditor (552)
[2018.11.30-07.16.50:570][514]LogModuleManager: Shutting down and abandoning module AvfMediaFactory (550)
[2018.11.30-07.16.50:570][514]LogModuleManager: Shutting down and abandoning module AvfMediaEditor (548)
[2018.11.30-07.16.50:570][514]LogModuleManager: Shutting down and abandoning module AndroidMediaFactory (546)
[2018.11.30-07.16.50:570][514]LogModuleManager: Shutting down and abandoning module AndroidMediaEditor (544)
[2018.11.30-07.16.50:570][514]LogModuleManager: Shutting down and abandoning module MagicLeapCameraPreviewFactory (542)
[2018.11.30-07.16.50:570][514]LogModuleManager: Shutting down and abandoning module MagicLeapMediaFactory (540)
[2018.11.30-07.16.50:570][514]LogModuleManager: Shutting down and abandoning module MagicLeapMediaEditor (538)
[2018.11.30-07.16.50:570][514]LogModuleManager: Shutting down and abandoning module CharacterAI (536)
[2018.11.30-07.16.50:570][514]LogModuleManager: Shutting down and abandoning module SmartSnapping (534)
[2018.11.30-07.16.50:570][514]LogModuleManager: Shutting down and abandoning module SessionServices (532)
[2018.11.30-07.16.50:570][514]LogModuleManager: Shutting down and abandoning module ViewportSnapping (530)
[2018.11.30-07.16.50:570][514]LogModuleManager: Shutting down and abandoning module ViewportInteraction (528)
[2018.11.30-07.16.50:570][514]LogModuleManager: Shutting down and abandoning module ClothPainter (526)
[2018.11.30-07.16.50:570][514]LogModuleManager: Shutting down and abandoning module SkeletalMeshEditor (525)
[2018.11.30-07.16.50:570][514]LogModuleManager: Shutting down and abandoning module LogVisualizer (522)
[2018.11.30-07.16.50:570][514]LogModuleManager: Shutting down and abandoning module IntroTutorials (520)
[2018.11.30-07.16.50:570][514]LogModuleManager: Shutting down and abandoning module GameProjectGeneration (519)
[2018.11.30-07.16.50:570][514]LogModuleManager: Shutting down and abandoning module LuminPlatformEditor (516)
[2018.11.30-07.16.50:570][514]LogModuleManager: Shutting down and abandoning module IOSPlatformEditor (514)
[2018.11.30-07.16.50:570][514]LogModuleManager: Shutting down and abandoning module HTML5PlatformEditor (512)
[2018.11.30-07.16.50:570][514]LogModuleManager: Shutting down and abandoning module AndroidPlatformEditor (510)
[2018.11.30-07.16.50:570][514]LogModuleManager: Shutting down and abandoning module AndroidDeviceDetection (509)
[2018.11.30-07.16.51:121][514]LogModuleManager: Shutting down and abandoning module WindowsPlatformEditor (506)
[2018.11.30-07.16.51:121][514]LogModuleManager: Shutting down and abandoning module LuminRuntimeSettings (504)
[2018.11.30-07.16.51:121][514]LogModuleManager: Shutting down and abandoning module IOSRuntimeSettings (502)
[2018.11.30-07.16.51:121][514]LogModuleManager: Shutting down and abandoning module AndroidRuntimeSettings (500)
[2018.11.30-07.16.51:121][514]LogModuleManager: Shutting down and abandoning module InputBindingEditor (498)
[2018.11.30-07.16.51:121][514]LogModuleManager: Shutting down and abandoning module MergeActors (496)
[2018.11.30-07.16.51:121][514]LogModuleManager: Shutting down and abandoning module LocalizationDashboard (494)
[2018.11.30-07.16.51:121][514]LogModuleManager: Shutting down and abandoning module LocalizationService (493)
[2018.11.30-07.16.51:121][514]LogModuleManager: Shutting down and abandoning module HardwareTargeting (490)
[2018.11.30-07.16.51:121][514]LogModuleManager: Shutting down and abandoning module DeviceProfileEditor (488)
[2018.11.30-07.16.51:121][514]LogModuleManager: Shutting down and abandoning module UndoHistory (486)
[2018.11.30-07.16.51:121][514]LogModuleManager: Shutting down and abandoning module XmlParser (484)
[2018.11.30-07.16.51:122][514]LogModuleManager: Shutting down and abandoning module Blutility (482)
[2018.11.30-07.16.51:122][514]LogModuleManager: Shutting down and abandoning module ProjectSettingsViewer (480)
[2018.11.30-07.16.51:122][514]LogModuleManager: Shutting down and abandoning module ProjectTargetPlatformEditor (479)
[2018.11.30-07.16.51:122][514]LogModuleManager: Shutting down and abandoning module EditorSettingsViewer (476)
[2018.11.30-07.16.51:122][514]LogModuleManager: Shutting down and abandoning module SettingsEditor (474)
[2018.11.30-07.16.51:122][514]LogModuleManager: Shutting down and abandoning module ProjectLauncher (472)
[2018.11.30-07.16.51:122][514]LogModuleManager: Shutting down and abandoning module SessionFrontend (470)
[2018.11.30-07.16.51:122][514]LogModuleManager: Shutting down and abandoning module ProfilerClient (468)
[2018.11.30-07.16.51:122][514]LogModuleManager: Shutting down and abandoning module DeviceManager (466)
[2018.11.30-07.16.51:122][514]LogModuleManager: Shutting down and abandoning module TargetDeviceServices (465)
[2018.11.30-07.16.51:178][514]LogModuleManager: Shutting down and abandoning module AutomationController (462)
[2018.11.30-07.16.51:178][514]LogModuleManager: Shutting down and abandoning module AutomationWindow (460)
[2018.11.30-07.16.51:178][514]LogModuleManager: Shutting down and abandoning module Layers (458)
[2018.11.30-07.16.51:178][514]LogModuleManager: Shutting down and abandoning module ComponentVisualizers (456)
[2018.11.30-07.16.51:178][514]LogModuleManager: Shutting down and abandoning module DetailCustomizations (454)
[2018.11.30-07.16.51:178][514]LogModuleManager: Shutting down and abandoning module PackagesDialog (452)
[2018.11.30-07.16.51:178][514]LogModuleManager: Shutting down and abandoning module Persona (450)
[2018.11.30-07.16.51:179][514]LogModuleManager: Shutting down and abandoning module AdvancedPreviewScene (449)
[2018.11.30-07.16.51:179][514]LogModuleManager: Shutting down and abandoning module AnimGraph (447)
[2018.11.30-07.16.51:179][514]LogModuleManager: Shutting down and abandoning module Kismet (444)
[2018.11.30-07.16.51:179][514]LogModuleManager: Shutting down and abandoning module GraphEditor (442)
[2018.11.30-07.16.51:179][514]LogModuleManager: Shutting down and abandoning module ClassViewer (440)
[2018.11.30-07.16.51:179][514]LogModuleManager: Shutting down and abandoning module Toolbox (438)
[2018.11.30-07.16.51:180][514]LogModuleManager: Shutting down and abandoning module ModuleUI (436)
[2018.11.30-07.16.51:180][514]LogModuleManager: Shutting down and abandoning module MovieSceneTools (434)
[2018.11.30-07.16.51:180][514]LogModuleManager: Shutting down and abandoning module OutputLog (432)
[2018.11.30-07.16.51:180][514]LogModuleManager: Shutting down and abandoning module GammaUI (430)
[2018.11.30-07.16.51:180][514]LogModuleManager: Shutting down and abandoning module Documentation (428)
[2018.11.30-07.16.51:180][514]LogModuleManager: Shutting down and abandoning module MovieSceneTracks (426)
[2018.11.30-07.16.51:180][514]LogModuleManager: Shutting down and abandoning module MovieScene (424)
[2018.11.30-07.16.51:180][514]LogModuleManager: Shutting down and abandoning module StreamingPauseRendering (422)
[2018.11.30-07.16.51:180][514]LogModuleManager: Shutting down and abandoning module LauncherPlatform (420)
[2018.11.30-07.16.51:180][514]LogModuleManager: Shutting down and abandoning module AnalyticsET (418)
[2018.11.30-07.16.51:180][514]LogModuleManager: Shutting down and abandoning module PortalServices (416)
[2018.11.30-07.16.51:180][514]LogModuleManager: Shutting down and abandoning module PortalRpc (414)
[2018.11.30-07.16.51:180][514]LogModuleManager: Shutting down and abandoning module MessagingRpc (412)
[2018.11.30-07.16.51:180][514]LogModuleManager: Shutting down and abandoning module AIModule (410)
[2018.11.30-07.16.51:180][514]LogModuleManager: Shutting down and abandoning module GameplayDebugger (409)
[2018.11.30-07.16.51:180][514]LogModuleManager: Shutting down and abandoning module AITestSuite (407)
[2018.11.30-07.16.51:180][514]LogModuleManager: Shutting down and abandoning module NavigationSystem (405)
[2018.11.30-07.16.51:181][514]LogModuleManager: Shutting down and abandoning module DesktopPlatform (402)
[2018.11.30-07.16.51:181][514]LogModuleManager: Shutting down and abandoning module ProfilerService (400)
[2018.11.30-07.16.51:371][514]LogModuleManager: Shutting down and abandoning module TaskGraph (398)
[2018.11.30-07.16.51:371][514]LogModuleManager: Shutting down and abandoning module SteamVRController (396)
[2018.11.30-07.16.51:371][514]LogModuleManager: Shutting down and abandoning module ProceduralMeshComponentEditor (394)
[2018.11.30-07.16.51:371][514]LogModuleManager: Shutting down and abandoning module ProceduralMeshComponent (392)
[2018.11.30-07.16.51:371][514]LogModuleManager: Shutting down and abandoning module OculusInput (390)
[2018.11.30-07.16.51:371][514]LogModuleManager: Shutting down and abandoning module MobilePatchingUtils (388)
[2018.11.30-07.16.51:371][514]LogModuleManager: Shutting down and abandoning module EditableMesh (386)
[2018.11.30-07.16.51:371][514]LogModuleManager: Shutting down and abandoning module CustomMeshComponent (384)
[2018.11.30-07.16.51:371][514]LogModuleManager: Shutting down and abandoning module CableComponent (382)
[2018.11.30-07.16.51:371][514]LogModuleManager: Shutting down and abandoning module AudioCapture (380)
[2018.11.30-07.16.51:371][514]LogModuleManager: Shutting down and abandoning module ArchVisCharacter (378)
[2018.11.30-07.16.51:371][514]LogModuleManager: Shutting down and abandoning module AndroidPermission (376)
[2018.11.30-07.16.51:371][514]LogModuleManager: Shutting down and abandoning module NUTUnrealEngine4 (374)
[2018.11.30-07.16.51:371][514]LogModuleManager: Shutting down and abandoning module NetcodeUnitTest (372)
[2018.11.30-07.16.51:371][514]LogModuleManager: Shutting down and abandoning module MediaCompositingEditor (370)
[2018.11.30-07.16.51:371][514]LogModuleManager: Shutting down and abandoning module MediaCompositing (368)
[2018.11.30-07.16.51:371][514]LogModuleManager: Shutting down and abandoning module LinearTimecode (366)
[2018.11.30-07.16.51:371][514]LogModuleManager: Shutting down and abandoning module ImgMedia (364)
[2018.11.30-07.16.51:376][514]LogModuleManager: Shutting down and abandoning module HTML5Networking (362)
[2018.11.30-07.16.51:376][514]LogModuleManager: Shutting down and abandoning module GeometryCacheTracks (360)
[2018.11.30-07.16.51:376][514]LogModuleManager: Shutting down and abandoning module GeometryCacheSequencer (358)
[2018.11.30-07.16.51:376][514]LogModuleManager: Shutting down and abandoning module BackChannel (356)
[2018.11.30-07.16.51:376][514]LogModuleManager: Shutting down and abandoning module AppleVision (354)
[2018.11.30-07.16.51:376][514]LogModuleManager: Shutting down and abandoning module AppleImageUtils (352)
[2018.11.30-07.16.51:376][514]LogModuleManager: Shutting down and abandoning module AlembicImporter (350)
[2018.11.30-07.16.51:376][514]LogModuleManager: Shutting down and abandoning module AlembicLibrary (349)
[2018.11.30-07.16.51:376][514]LogModuleManager: Shutting down and abandoning module GeometryCache (348)
[2018.11.30-07.16.51:376][514]LogModuleManager: Shutting down and abandoning module GeometryCacheEd (347)
[2018.11.30-07.16.51:377][514]LogModuleManager: Shutting down and abandoning module DatasmithContentEditor (342)
[2018.11.30-07.16.51:377][514]LogModuleManager: Shutting down and abandoning module DatasmithContent (340)
[2018.11.30-07.16.51:377][514]LogModuleManager: Shutting down and abandoning module SpeedTreeImporter (338)
[2018.11.30-07.16.51:377][514]LogModuleManager: Shutting down and abandoning module PluginBrowser (336)
[2018.11.30-07.16.51:377][514]LogModuleManager: Shutting down and abandoning module MobileLauncherProfileWizard (334)
[2018.11.30-07.16.51:377][514]LogModuleManager: Shutting down and abandoning module PolygonModeling (332)
[2018.11.30-07.16.51:377][514]LogModuleManager: Shutting down and abandoning module MeshEditor (330)
[2018.11.30-07.16.51:377][514]LogModuleManager: Shutting down and abandoning module CryptoKeysOpenSSL (328)
[2018.11.30-07.16.51:377][514]LogModuleManager: Shutting down and abandoning module CryptoKeys (326)
[2018.11.30-07.16.51:377][514]LogModuleManager: Shutting down and abandoning module VisualStudioSourceCodeAccess (324)
[2018.11.30-07.16.51:377][514]LogModuleManager: Shutting down and abandoning module VisualStudioCodeSourceCodeAccess (322)
[2018.11.30-07.16.51:378][514]LogModuleManager: Shutting down and abandoning module UObjectPlugin (320)
[2018.11.30-07.16.51:378][514]LogModuleManager: Shutting down and abandoning module SubversionSourceControl (318)
[2018.11.30-07.16.51:378][514]LogModuleManager: Shutting down and abandoning module PerforceSourceControl (316)
[2018.11.30-07.16.51:378][514]LogModuleManager: Shutting down and abandoning module GitSourceControl (314)
[2018.11.30-07.16.51:378][514]LogModuleManager: Shutting down and abandoning module SourceControl (313)
[2018.11.30-07.16.51:378][514]LogModuleManager: Shutting down and abandoning module CLionSourceCodeAccess (310)
[2018.11.30-07.16.51:378][514]LogModuleManager: Shutting down and abandoning module LightPropagationVolumeEditor (308)
[2018.11.30-07.16.51:378][514]LogModuleManager: Shutting down and abandoning module PaperTiledImporter (306)
[2018.11.30-07.16.51:378][514]LogModuleManager: Shutting down and abandoning module PaperSpriteSheetImporter (304)
[2018.11.30-07.16.51:378][514]LogModuleManager: Shutting down and abandoning module Paper2DEditor (302)
[2018.11.30-07.16.51:378][514]LogModuleManager: Shutting down and abandoning module MeshPaint (301)
[2018.11.30-07.16.51:378][514]LogModuleManager: Shutting down and abandoning module RuntimePhysXCooking (298)
[2018.11.30-07.16.51:378][514]LogModuleManager: Shutting down and abandoning module PhysXVehiclesEditor (296)
[2018.11.30-07.16.51:378][514]LogModuleManager: Shutting down and abandoning module PhysXVehicles (294)
[2018.11.30-07.16.51:378][514]LogModuleManager: Shutting down and abandoning module OculusEditor (292)
[2018.11.30-07.16.51:379][514]LogModuleManager: Shutting down and abandoning module LocationServicesBPLibrary (290)
[2018.11.30-07.16.51:379][514]LogModuleManager: Shutting down and abandoning module ImmediatePhysicsEditor (288)
[2018.11.30-07.16.51:379][514]LogModuleManager: Shutting down and abandoning module ImmediatePhysics (286)
[2018.11.30-07.16.51:379][514]LogModuleManager: Shutting down and abandoning module ActorSequence (284)
[2018.11.30-07.16.51:379][514]LogModuleManager: Shutting down and abandoning module UdpMessaging (282)
[2018.11.30-07.16.51:480][514]LogModuleManager: Shutting down and abandoning module TcpMessaging (280)
[2018.11.30-07.16.51:581][514]LogModuleManager: Shutting down and abandoning module MagicLeapAudio (278)
[2018.11.30-07.16.51:581][514]LogModuleManager: Shutting down and abandoning module GameplayTagsEditor (276)
[2018.11.30-07.16.51:581][514]LogModuleManager: Shutting down and abandoning module FacialAnimationEditor (274)
[2018.11.30-07.16.51:581][514]LogModuleManager: Shutting down and abandoning module FacialAnimation (272)
[2018.11.30-07.16.51:581][514]LogModuleManager: Shutting down and abandoning module DataValidation (270)
[2018.11.30-07.16.51:581][514]LogModuleManager: Shutting down and abandoning module AssetManagerEditor (268)
[2018.11.30-07.16.51:581][514]LogModuleManager: Shutting down and abandoning module LevelEditor (267)
[2018.11.30-07.16.51:583][514]LogModuleManager: Shutting down and abandoning module PixelInspectorModule (266)
[2018.11.30-07.16.51:583][514]LogModuleManager: Shutting down and abandoning module CommonMenuExtensions (264)
[2018.11.30-07.16.51:583][514]LogModuleManager: Shutting down and abandoning module MainFrame (262)
[2018.11.30-07.16.51:583][514]LogModuleManager: Shutting down and abandoning module HotReload (261)
[2018.11.30-07.16.51:584][514]LogModuleManager: Shutting down and abandoning module ContentBrowser (257)
[2018.11.30-07.16.51:586][514]LogModuleManager: Shutting down and abandoning module TreeMap (255)
[2018.11.30-07.16.51:586][514]LogModuleManager: Shutting down and abandoning module LightPropagationVolumeRuntime (252)
[2018.11.30-07.16.51:586][514]LogModuleManager: Shutting down and abandoning module AISupportModule (250)
[2018.11.30-07.16.51:586][514]LogModuleManager: Shutting down and abandoning module Paper2D (248)
[2018.11.30-07.16.51:586][514]LogModuleManager: Shutting down and abandoning module WindowsMoviePlayer (246)
[2018.11.30-07.16.51:586][514]LogModuleManager: Shutting down and abandoning module WmfMedia (244)
[2018.11.30-07.16.51:589][514]LogModuleManager: Shutting down and abandoning module Media (243)
[2018.11.30-07.16.51:595][514]LogModuleManager: Shutting down and abandoning module PacketHandler (240)
[2018.11.30-07.16.51:595][514]LogModuleManager: Shutting down and abandoning module ClothingSystemEditor (238)
[2018.11.30-07.16.51:595][514]LogModuleManager: Shutting down and abandoning module ClothingSystemRuntime (236)
[2018.11.30-07.16.51:595][514]LogModuleManager: Shutting down and abandoning module MediaAssets (234)
[2018.11.30-07.16.51:595][514]LogModuleManager: Shutting down and abandoning module Overlay (232)
[2018.11.30-07.16.51:595][514]LogModuleManager: Shutting down and abandoning module OverlayEditor (231)
[2018.11.30-07.16.51:595][514]LogModuleManager: Shutting down and abandoning module VREditor (228)
[2018.11.30-07.16.51:595][514]LogModuleManager: Shutting down and abandoning module StringTableEditor (226)
[2018.11.30-07.16.51:595][514]LogModuleManager: Shutting down and abandoning module GameplayTasksEditor (224)
[2018.11.30-07.16.51:595][514]LogModuleManager: Shutting down and abandoning module BehaviorTreeEditor (222)
[2018.11.30-07.16.51:595][514]LogModuleManager: Shutting down and abandoning module FunctionalTesting (220)
[2018.11.30-07.16.51:595][514]LogModuleManager: Shutting down and abandoning module CollisionAnalyzer (218)
[2018.11.30-07.16.51:595][514]LogModuleManager: Shutting down and abandoning module WorkspaceMenuStructure (217)
[2018.11.30-07.16.51:595][514]LogModuleManager: Shutting down and abandoning module UMG (214)
[2018.11.30-07.16.51:596][514]LogModuleManager: Shutting down and abandoning module UMGEditor (213)
[2018.11.30-07.16.51:596][514]LogModuleManager: Shutting down and abandoning module Sequencer (212)
[2018.11.30-07.16.51:596][514]LogModuleManager: Shutting down and abandoning module MessageLog (209)
[2018.11.30-07.16.51:596][514]LogModuleManager: Shutting down and abandoning module SlateReflector (204)
[2018.11.30-07.16.51:596][514]LogModuleManager: Shutting down and abandoning module Slate (202)
[2018.11.30-07.16.51:596][514]LogModuleManager: Shutting down and abandoning module EditorStyle (200)
[2018.11.30-07.16.51:597][514]LogModuleManager: Shutting down and abandoning module MRMesh (198)
[2018.11.30-07.16.51:597][514]LogModuleManager: Shutting down and abandoning module SourceCodeAccess (196)
[2018.11.30-07.16.51:597][514]LogModuleManager: Shutting down and abandoning module HeadMountedDisplay (194)
[2018.11.30-07.16.51:597][514]LogModuleManager: Shutting down and abandoning module XAudio2 (192)
[2018.11.30-07.16.51:597][514]LogModuleManager: Shutting down and abandoning module Networking (190)
[2018.11.30-07.16.51:598][514]LogModuleManager: Shutting down and abandoning module Core (188)
[2018.11.30-07.16.51:598][514]LogModuleManager: Shutting down and abandoning module LevelSequence (186)
[2018.11.30-07.16.51:598][514]LogModuleManager: Shutting down and abandoning module KismetCompiler (184)
[2018.11.30-07.16.51:598][514]LogModuleManager: Shutting down and abandoning module MeshUtilities (182)
[2018.11.30-07.16.51:598][514]LogModuleManager: Shutting down and abandoning module MeshMergeUtilities (181)
[2018.11.30-07.16.51:598][514]LogModuleManager: Shutting down and abandoning module MeshReductionInterface (180)
[2018.11.30-07.16.51:598][514]LogModuleManager: Shutting down and abandoning module SimplygonSwarm (179)
[2018.11.30-07.16.51:598][514]LogModuleManager: Shutting down and abandoning module ProxyLODMeshReduction (177)
[2018.11.30-07.16.51:598][514]LogModuleManager: Shutting down and abandoning module SimplygonMeshReduction (175)
[2018.11.30-07.16.51:598][514]LogModuleManager: Shutting down and abandoning module QuadricMeshReduction (173)
[2018.11.30-07.16.51:598][514]LogModuleManager: Shutting down and abandoning module MaterialBaking (169)
[2018.11.30-07.16.51:598][514]LogModuleManager: Shutting down and abandoning module DirectoryWatcher (165)
[2018.11.30-07.16.51:598][514]LogModuleManager: Shutting down and abandoning module DerivedDataCache (162)
[2018.11.30-07.16.51:668][514]LogDerivedDataCache: Shutdown
[2018.11.30-07.16.51:668][514]LogModuleManager: Shutting down and abandoning module XGEController (160)
[2018.11.30-07.16.51:668][514]LogModuleManager: Shutting down and abandoning module TargetPlatform (158)
[2018.11.30-07.16.51:669][514]LogModuleManager: Shutting down and abandoning module VulkanShaderFormat (157)
[2018.11.30-07.16.51:669][514]LogModuleManager: Shutting down and abandoning module ShaderFormatVectorVM (155)
[2018.11.30-07.16.51:669][514]LogModuleManager: Shutting down and abandoning module ShaderFormatOpenGL (153)
[2018.11.30-07.16.51:669][514]LogModuleManager: Shutting down and abandoning module ShaderFormatD3D (151)
[2018.11.30-07.16.51:669][514]LogModuleManager: Shutting down and abandoning module MetalShaderFormat (149)
[2018.11.30-07.16.51:669][514]LogModuleManager: Shutting down and abandoning module TextureFormatUncompressed (147)
[2018.11.30-07.16.51:669][514]LogModuleManager: Shutting down and abandoning module TextureFormatPVR (145)
[2018.11.30-07.16.51:669][514]LogModuleManager: Shutting down and abandoning module TextureFormatDXT (143)
[2018.11.30-07.16.51:669][514]LogModuleManager: Shutting down and abandoning module TextureFormatIntelISPCTexComp (141)
[2018.11.30-07.16.51:669][514]LogModuleManager: Shutting down and abandoning module TextureFormatASTC (139)
[2018.11.30-07.16.51:669][514]LogModuleManager: Shutting down and abandoning module ImageWrapper (138)
[2018.11.30-07.16.51:669][514]LogModuleManager: Shutting down and abandoning module TextureFormatAndroid (135)
[2018.11.30-07.16.51:669][514]LogModuleManager: Shutting down and abandoning module AudioFormatOpus (133)
[2018.11.30-07.16.51:669][514]LogModuleManager: Shutting down and abandoning module AudioFormatOgg (131)
[2018.11.30-07.16.51:669][514]LogModuleManager: Shutting down and abandoning module AudioFormatADPCM (129)
[2018.11.30-07.16.51:669][514]LogModuleManager: Shutting down and abandoning module LuminTargetPlatform (127)
[2018.11.30-07.16.51:669][514]LogModuleManager: Shutting down and abandoning module LinuxTargetPlatform (125)
[2018.11.30-07.16.51:669][514]LogModuleManager: Shutting down and abandoning module LinuxServerTargetPlatform (123)
[2018.11.30-07.16.51:669][514]LogModuleManager: Shutting down and abandoning module LinuxNoEditorTargetPlatform (121)
[2018.11.30-07.16.51:669][514]LogModuleManager: Shutting down and abandoning module LinuxClientTargetPlatform (119)
[2018.11.30-07.16.51:669][514]LogModuleManager: Shutting down and abandoning module TVOSTargetPlatform (117)
[2018.11.30-07.16.51:670][514]LogModuleManager: Shutting down and abandoning module Messaging (115)
[2018.11.30-07.16.51:670][514]LogModuleManager: Shutting down and abandoning module IOSTargetPlatform (113)
[2018.11.30-07.16.51:671][514]LogModuleManager: Shutting down and abandoning module HTML5TargetPlatform (111)
[2018.11.30-07.16.51:671][514]LogModuleManager: Shutting down and abandoning module AndroidTargetPlatform (109)
[2018.11.30-07.16.51:678][514]LogModuleManager: Shutting down and abandoning module WindowsTargetPlatform (107)
[2018.11.30-07.16.51:678][514]LogModuleManager: Shutting down and abandoning module WindowsServerTargetPlatform (105)
[2018.11.30-07.16.51:678][514]LogModuleManager: Shutting down and abandoning module WindowsNoEditorTargetPlatform (103)
[2018.11.30-07.16.51:678][514]LogModuleManager: Shutting down and abandoning module WindowsClientTargetPlatform (101)
[2018.11.30-07.16.51:678][514]LogModuleManager: Shutting down and abandoning module MacTargetPlatform (99)
[2018.11.30-07.16.51:678][514]LogModuleManager: Shutting down and abandoning module MacServerTargetPlatform (97)
[2018.11.30-07.16.51:678][514]LogModuleManager: Shutting down and abandoning module MacNoEditorTargetPlatform (95)
[2018.11.30-07.16.51:678][514]LogModuleManager: Shutting down and abandoning module MacClientTargetPlatform (93)
[2018.11.30-07.16.51:678][514]LogModuleManager: Shutting down and abandoning module AllDesktopTargetPlatform (91)
[2018.11.30-07.16.51:678][514]LogModuleManager: Shutting down and abandoning module InputCore (88)
[2018.11.30-07.16.51:678][514]LogModuleManager: Shutting down and abandoning module Settings (86)
[2018.11.30-07.16.51:678][514]LogModuleManager: Shutting down and abandoning module PhysXCooking (84)
[2018.11.30-07.16.51:678][514]LogModuleManager: Shutting down and abandoning module SteamVR (82)
[2018.11.30-07.16.51:678][514]LogModuleManager: Shutting down and abandoning module OculusHMD (80)
[2018.11.30-07.16.51:678][514]LogModuleManager: Shutting down and abandoning module ExampleDeviceProfileSelector (78)
[2018.11.30-07.16.51:678][514]LogModuleManager: Shutting down and abandoning module LauncherChunkInstaller (76)
[2018.11.30-07.16.51:678][514]LogModuleManager: Shutting down and abandoning module OnlineBlueprintSupport (74)
[2018.11.30-07.16.51:678][514]LogModuleManager: Shutting down and abandoning module OnlineSubsystem (70)
[2018.11.30-07.16.51:681][514]LogModuleManager: Shutting down and abandoning module XMPP (65)
[2018.11.30-07.16.51:681][514]LogModuleManager: Shutting down and abandoning module WebSockets (64)
[2018.11.30-07.16.51:710][514]LogModuleManager: Shutting down and abandoning module HTTP (61)
[2018.11.30-07.16.51:710][514]LogHttp: Display: Http module shutting down, but needs to wait on 1 outstanding Http requests:
[2018.11.30-07.16.51:710][514]LogHttp: Display: 	verb=[POST] url=[https://datarouter.ol.epicgames.com/datarouter/api/v1/public/data?SessionID=%7BE1416A74-4A78-9E80-A629-4989F6600537%7D&AppID=UEEditor.Rocket.Release&AppVersion=4.20.2-4302132%2B%2B%2BUE4%2BRelease-4.20&UserID=6960d5984ae5fe073eeba48a02565021%7Cbd0a2e7aaf4e4636a64664918b1571e7%7C373f858c-8745-46c9-b1e5-aad2b69b5291&AppEnvironment=datacollector-binary&UploadType=eteventstream] status=Processing
[2018.11.30-07.16.51:737][514]LogModuleManager: Shutting down and abandoning module SSL (60)
[2018.11.30-07.16.51:738][514]LogModuleManager: Shutting down and abandoning module MagicLeapEmulator (56)
[2018.11.30-07.16.51:738][514]LogModuleManager: Shutting down and abandoning module MagicLeapPrivileges (54)
[2018.11.30-07.16.51:738][514]LogModuleManager: Shutting down and abandoning module MagicLeapIdentity (52)
[2018.11.30-07.16.51:738][514]LogModuleManager: Shutting down and abandoning module MagicLeapHelperVulkan (50)
[2018.11.30-07.16.51:738][514]LogModuleManager: Shutting down and abandoning module MagicLeapHelperOpenGL (48)
[2018.11.30-07.16.51:738][514]LogModuleManager: Shutting down and abandoning module MagicLeapSecureStorage (46)
[2018.11.30-07.16.51:739][514]LogModuleManager: Shutting down and abandoning module MagicLeapGestures (44)
[2018.11.30-07.16.51:739][514]LogModuleManager: Shutting down and abandoning module MagicLeapEyeTracker (42)
[2018.11.30-07.16.51:739][514]LogModuleManager: Shutting down and abandoning module MagicLeapController (40)
[2018.11.30-07.16.51:739][514]LogSlate: Slate User Destroyed.  User Index 0, Is Virtual User: 0
[2018.11.30-07.16.51:739][514]LogModuleManager: Shutting down and abandoning module MagicLeap (38)
[2018.11.30-07.16.51:739][514]LogModuleManager: Shutting down and abandoning module AnimationModifiers (36)
[2018.11.30-07.16.51:739][514]LogModuleManager: Shutting down and abandoning module PropertyEditor (35)
[2018.11.30-07.16.51:739][514]LogModuleManager: Shutting down and abandoning module AudioEditor (32)
[2018.11.30-07.16.51:739][514]LogModuleManager: Shutting down and abandoning module TextureCompressor (30)
[2018.11.30-07.16.51:739][514]LogModuleManager: Shutting down and abandoning module ShaderCore (28)
[2018.11.30-07.16.51:739][514]LogModuleManager: Shutting down and abandoning module Landscape (26)
[2018.11.30-07.16.51:739][514]LogModuleManager: Shutting down and abandoning module SlateRHIRenderer (24)
[2018.11.30-07.16.51:740][514]LogModuleManager: Shutting down and abandoning module OpenGLDrv (22)
[2018.11.30-07.16.51:740][514]LogModuleManager: Shutting down and abandoning module D3D11RHI (20)
[2018.11.30-07.16.51:740][514]LogModuleManager: Shutting down and abandoning module AnimGraphRuntime (18)
[2018.11.30-07.16.51:740][514]LogModuleManager: Shutting down and abandoning module Renderer (16)
[2018.11.30-07.16.51:740][514]LogModuleManager: Shutting down and abandoning module Engine (14)
[2018.11.30-07.16.51:740][514]LogModuleManager: Shutting down and abandoning module CoreUObject (12)
[2018.11.30-07.16.51:740][514]LogModuleManager: Shutting down and abandoning module NetworkFile (10)
[2018.11.30-07.16.51:740][514]LogModuleManager: Shutting down and abandoning module CookedIterativeFile (8)
[2018.11.30-07.16.51:740][514]LogModuleManager: Shutting down and abandoning module StreamingFile (6)
[2018.11.30-07.16.51:740][514]LogModuleManager: Shutting down and abandoning module SandboxFile (4)
[2018.11.30-07.16.51:740][514]LogModuleManager: Shutting down and abandoning module PakFile (2)
[2018.11.30-07.16.51:756][514]LogExit: Exiting.
[2018.11.30-07.16.51:765][514]Log file closed, 11/30/18 00:16:51
