Log file open, 11/19/18 13:58:45
LogWindows: Failed to load 'aqProf.dll' (GetLastError=126)
LogWindows: File 'aqProf.dll' does not exist
LogWindows: Failed to load 'VtuneApi.dll' (GetLastError=126)
LogWindows: File 'VtuneApi.dll' does not exist
LogWindows: Failed to load 'VtuneApi32e.dll' (GetLastError=126)
LogWindows: File 'VtuneApi32e.dll' does not exist
LogInit: Display: Running engine for game: APsec1LargeCityBase
LogPlatformFile: Not using cached read wrapper
LogTaskGraph: Started task graph with 5 named threads and 23 total threads with 3 sets of task threads.
LogStats: Stats thread started at 0.275110
LogD3D11RHI: Loaded GFSDK_Aftermath_Lib.x64.dll
LogICUInternationalization: Display: ICU TimeZone Detection - Raw Offset: -7:00, Platform Override: ''
LogPluginManager: Mounting plugin Paper2D
LogPluginManager: Mounting plugin AISupport
LogPluginManager: Mounting plugin LightPropagationVolume
LogPluginManager: Mounting plugin CLionSourceCodeAccess
LogPluginManager: Mounting plugin CodeLiteSourceCodeAccess
LogPluginManager: Mounting plugin GitSourceControl
LogPluginManager: Mounting plugin KDevelopSourceCodeAccess
LogPluginManager: Mounting plugin NullSourceCodeAccess
LogPluginManager: Mounting plugin PerforceSourceControl
LogPluginManager: Mounting plugin SubversionSourceControl
LogPluginManager: Mounting plugin UObjectPlugin
LogPluginManager: Mounting plugin VisualStudioCodeSourceCodeAccess
LogPluginManager: Mounting plugin VisualStudioSourceCodeAccess
LogPluginManager: Mounting plugin XCodeSourceCodeAccess
LogPluginManager: Mounting plugin AssetManagerEditor
LogPluginManager: Mounting plugin CryptoKeys
LogPluginManager: Mounting plugin DataValidation
LogPluginManager: Mounting plugin FacialAnimation
LogPluginManager: Mounting plugin GameplayTagsEditor
LogPluginManager: Mounting plugin MacGraphicsSwitching
LogPluginManager: Mounting plugin MeshEditor
LogPluginManager: Mounting plugin MobileLauncherProfileWizard
LogPluginManager: Mounting plugin PluginBrowser
LogPluginManager: Mounting plugin SpeedTreeImporter
LogPluginManager: Mounting plugin DatasmithContent
LogPluginManager: Mounting plugin AlembicImporter
LogPluginManager: Mounting plugin AppleImageUtils
LogPluginManager: Mounting plugin AppleVision
LogPluginManager: Mounting plugin BackChannel
LogPluginManager: Mounting plugin CharacterAI
LogPluginManager: Mounting plugin GeometryCache
LogPluginManager: Mounting plugin HTML5Networking
LogPluginManager: Mounting plugin ProxyLODPlugin
LogPluginManager: Mounting plugin MagicLeap
LogPluginManager: Mounting plugin MagicLeapEmulator
LogPluginManager: Mounting plugin MagicLeapMedia
LogPluginManager: Mounting plugin AndroidMedia
LogPluginManager: Mounting plugin AvfMedia
LogPluginManager: Mounting plugin ImgMedia
LogPluginManager: Mounting plugin LinearTimecode
LogPluginManager: Mounting plugin MediaCompositing
LogPluginManager: Mounting plugin MediaPlayerEditor
LogPluginManager: Mounting plugin WmfMedia
LogPluginManager: Mounting plugin TcpMessaging
LogPluginManager: Mounting plugin UdpMessaging
LogPluginManager: Mounting plugin ActorSequence
LogPluginManager: Mounting plugin LevelSequenceEditor
LogPluginManager: Mounting plugin MatineeToLevelSequence
LogPluginManager: Mounting plugin NetcodeUnitTest
LogPluginManager: Mounting plugin NUTUnrealEngine4
LogPluginManager: Mounting plugin OnlineSubsystemGooglePlay
LogPluginManager: Mounting plugin OnlineSubsystemIOS
LogPluginManager: Mounting plugin OnlineSubsystem
LogPluginManager: Mounting plugin OnlineSubsystemNull
LogPluginManager: Mounting plugin OnlineSubsystemUtils
LogPluginManager: Mounting plugin LauncherChunkInstaller
LogPluginManager: Mounting plugin AndroidDeviceProfileSelector
LogPluginManager: Mounting plugin AndroidMoviePlayer
LogPluginManager: Mounting plugin AndroidPermission
LogPluginManager: Mounting plugin AppleMoviePlayer
LogPluginManager: Mounting plugin ArchVisCharacter
LogPluginManager: Mounting plugin AudioCapture
LogPluginManager: Mounting plugin CableComponent
LogPluginManager: Mounting plugin CustomMeshComponent
LogPluginManager: Mounting plugin EditableMesh
LogPluginManager: Mounting plugin ExampleDeviceProfileSelector
LogPluginManager: Mounting plugin GoogleCloudMessaging
LogPluginManager: Mounting plugin ImmediatePhysics
LogPluginManager: Mounting plugin IOSDeviceProfileSelector
LogPluginManager: Mounting plugin LinuxDeviceProfileSelector
LogPluginManager: Mounting plugin LocationServicesBPLibrary
LogPluginManager: Mounting plugin MobilePatchingUtils
LogPluginManager: Mounting plugin OculusVR
LogPluginManager: Plugin shader directory ../../../Engine/Plugins/Runtime/Oculus/OculusVR/Shaders found
LogPluginManager: Mapping shader source directory ../../../Engine/Plugins/Runtime/Oculus/OculusVR/Shaders to virtual directory /Plugin/OculusVR
LogPluginManager: Mounting plugin PhysXVehicles
LogPluginManager: Mounting plugin ProceduralMeshComponent
LogPluginManager: Mounting plugin RuntimePhysXCooking
LogPluginManager: Mounting plugin SteamVR
LogPluginManager: Mounting plugin WindowsMoviePlayer
LogStreaming: Display: Took  0.090s to configure plugins.
LogInit: Using libcurl 7.55.1-DEV
LogInit:  - built for x86_64-pc-win32
LogInit:  - supports SSL with OpenSSL/1.0.2h
LogInit:  - supports HTTP deflate (compression) using libz 1.2.8
LogInit:  - other features:
LogInit:      CURL_VERSION_SSL
LogInit:      CURL_VERSION_LIBZ
LogInit:      CURL_VERSION_IPV6
LogInit:      CURL_VERSION_ASYNCHDNS
LogInit:      CURL_VERSION_LARGEFILE
LogInit:      CURL_VERSION_IDN
LogInit:  CurlRequestOptions (configurable via config and command line):
LogInit:  - bVerifyPeer = false  - Libcurl will NOT verify peer certificate
LogInit:  - bUseHttpProxy = false  - Libcurl will NOT use HTTP proxy
LogInit:  - bDontReuseConnections = false  - Libcurl will reuse connections
LogInit:  - CertBundlePath = nullptr  - Libcurl will use whatever was configured at build time.
LogInit:  - MaxHostConnections = 16  - Libcurl will limit the number of connections to a host
LogInit:  - LocalHostAddr = Default
LogInit:  - BufferSize = 65536
LogInit: WinSock: version 1.1 (2.2), MaxSocks=32767, MaxUdp=65467
LogInit: Build: ++UE4+Release-4.20-CL-4212847
LogInit: Engine Version: 4.20.3-4212847+++UE4+Release-4.20
LogInit: Compatible Engine Version: 4.20.0-4212847+++UE4+Release-4.20
LogInit: Net CL: 4212847
LogInit: OS: Windows 10 (), CPU: Intel(R) Core(TM) i7-8809G CPU @ 3.10GHz, GPU: Radeon RX Vega M GH Graphics
LogInit: Compiled (64-bit): Jul 14 2018 09:51:14
LogInit: Compiled with Visual C++: 19.13.26129.00
LogInit: Build Configuration: Development
LogInit: Branch Name: ++UE4+Release-4.20
LogInit: Command Line: 
LogInit: Base Directory: C:/Program Files/Epic Games/UE_4.20/Engine/Binaries/Win64/
LogInit: Installed Engine Build: 1
LogDevObjectVersion: Number of dev versions registered: 20
LogDevObjectVersion:   Dev-Blueprints (B0D832E4-1F89-4F0D-ACCF-7EB736FD4AA2): 10
LogDevObjectVersion:   Dev-Build (E1C64328-A22C-4D53-A36C-8E866417BD8C): 0
LogDevObjectVersion:   Dev-Core (375EC13C-06E4-48FB-B500-84F0262A717E): 2
LogDevObjectVersion:   Dev-Editor (E4B068ED-F494-42E9-A231-DA0B2E46BB41): 24
LogDevObjectVersion:   Dev-Framework (CFFC743F-43B0-4480-9391-14DF171D2073): 34
LogDevObjectVersion:   Dev-Mobile (B02B49B5-BB20-44E9-A304-32B752E40360): 2
LogDevObjectVersion:   Dev-Networking (A4E4105C-59A1-49B5-A7C5-40C4547EDFEE): 0
LogDevObjectVersion:   Dev-Online (39C831C9-5AE6-47DC-9A44-9C173E1C8E7C): 0
LogDevObjectVersion:   Dev-Physics (78F01B33-EBEA-4F98-B9B4-84EACCB95AA2): 0
LogDevObjectVersion:   Dev-Platform (6631380F-2D4D-43E0-8009-CF276956A95A): 0
LogDevObjectVersion:   Dev-Rendering (12F88B9F-8875-4AFC-A67C-D90C383ABD29): 26
LogDevObjectVersion:   Dev-Sequencer (7B5AE74C-D270-4C10-A958-57980B212A5A): 9
LogDevObjectVersion:   Dev-VR (D7296918-1DD6-4BDD-9DE2-64A83CC13884): 2
LogDevObjectVersion:   Dev-LoadTimes (C2A15278-BFE7-4AFE-6C17-90FF531DF755): 1
LogDevObjectVersion:   Private-Geometry (6EACA3D4-40EC-4CC1-B786-8BED09428FC5): 3
LogDevObjectVersion:   Dev-AnimPhys (29E575DD-E0A3-4627-9D10-D276232CDCEA): 17
LogDevObjectVersion:   Dev-ReflectionCapture (6B266CEC-1EC7-4B8F-A30B-E4D90942FC07): 1
LogDevObjectVersion:   Dev-Automation (0DF73D61-A23F-47EA-B727-89E90C41499A): 1
LogDevObjectVersion:   FortniteMain (601D1886-AC64-4F84-AA16-D3DE0DEAC7D6): 12
LogDevObjectVersion:   Dev-Enterprise (9DFFBCD6-494F-0158-E221-12823C92A888): 1
LogStreaming: Display: Took  0.003s to delete old logs.
LogInit: Presizing for max 8388607 objects, including 0 objects not considered by GC, pre-allocating 0 bytes for permanent pool.
LogInit: Object subsystem initialized
[2018.11.19-20.58.45:399][  0]LogInit: Selected Device Profile: [Windows]
[2018.11.19-20.58.45:399][  0]LogInit: Applying CVar settings loaded from the selected device profile: [Windows]
[2018.11.19-20.58.45:411][  0]LogHAL: Display: Platform has ~ 16 GB [17095028736 / 17179869184 / 16], which maps to Larger [LargestMinGB=32, LargerMinGB=12, DefaultMinGB=8, SmallerMinGB=6, SmallestMinGB=0)
[2018.11.19-20.58.45:411][  0]LogInit: Setting Device Profile CVar: [[r.Vulkan.UseRealUBs:1]]
[2018.11.19-20.58.45:411][  0]LogInit: Going up to parent DeviceProfile []
[2018.11.19-20.58.45:411][  0]LogInit: Computer: eae-n-012
[2018.11.19-20.58.45:411][  0]LogInit: User: u1121225
[2018.11.19-20.58.45:411][  0]LogInit: CPU Page size=4096, Cores=4
[2018.11.19-20.58.45:411][  0]LogInit: High frequency timer resolution =3.023445 MHz
[2018.11.19-20.58.45:411][  0]LogMemory: Memory total: Physical=15.9GB (16GB approx)
[2018.11.19-20.58.45:412][  0]LogMemory: Platform Memory Stats for Windows
[2018.11.19-20.58.45:412][  0]LogMemory: Process Physical Memory: 100.40 MB used, 100.40 MB peak
[2018.11.19-20.58.45:412][  0]LogMemory: Process Virtual Memory: 90.91 MB used, 90.91 MB peak
[2018.11.19-20.58.45:412][  0]LogMemory: Physical Memory: 6126.79 MB used,  10176.30 MB free, 16303.09 MB total
[2018.11.19-20.58.45:412][  0]LogMemory: Virtual Memory: 4640.39 MB used,  10176.30 MB free, 134217728.00 MB total
[2018.11.19-20.58.45:424][  0]LogInit: Using OS detected language (en-US).
[2018.11.19-20.58.45:424][  0]LogInit: Using OS detected locale (en-US).
[2018.11.19-20.58.45:425][  0]LogTextLocalizationManager: No specific localization for 'en-US' exists, so the 'en' localization will be used.
[2018.11.19-20.58.45:734][  0]LogStreaming: Display: Took  0.310s to InitEngineTextLocalization.
[2018.11.19-20.58.45:735][  0]LogInit: Setting process to per monitor DPI aware
[2018.11.19-20.58.45:772][  0]LogSlate: New Slate User Created.  User Index 0, Is Virtual User: 0
[2018.11.19-20.58.45:772][  0]LogSlate: Slate User Registered.  User Index 0, Is Virtual User: 0
[2018.11.19-20.58.45:941][  0]LogHMD: Failed to initialize OpenVR with code 110
[2018.11.19-20.58.45:941][  0]LogD3D11RHI: D3D11 adapters:
[2018.11.19-20.58.45:979][  0]LogD3D11RHI:    0. 'Radeon RX Vega M GH Graphics' (Feature Level 11_0)
[2018.11.19-20.58.45:979][  0]LogD3D11RHI:       4042/0/8151 MB DedicatedVideo/DedicatedSystem/SharedSystem, Outputs:1, VendorId:0x1002
[2018.11.19-20.58.45:992][  0]LogD3D11RHI:    1. 'Intel(R) HD Graphics 630' (Feature Level 11_0)
[2018.11.19-20.58.45:992][  0]LogD3D11RHI:       128/0/8151 MB DedicatedVideo/DedicatedSystem/SharedSystem, Outputs:0, VendorId:0x8086
[2018.11.19-20.58.45:994][  0]LogD3D11RHI:    2. 'Microsoft Basic Render Driver' (Feature Level 11_0)
[2018.11.19-20.58.45:994][  0]LogD3D11RHI:       0/0/8151 MB DedicatedVideo/DedicatedSystem/SharedSystem, Outputs:0, VendorId:0x1414
[2018.11.19-20.58.45:994][  0]LogD3D11RHI: Chosen D3D11 Adapter: 0
[2018.11.19-20.58.46:001][  0]LogD3D11RHI: Creating new Direct3DDevice
[2018.11.19-20.58.46:001][  0]LogD3D11RHI:     GPU DeviceId: 0x694c (for the marketing name, search the web for "GPU Device Id")
[2018.11.19-20.58.46:001][  0]LogWindows: EnumDisplayDevices:
[2018.11.19-20.58.46:001][  0]LogWindows:    0. 'Radeon RX Vega M GH Graphics' (P:1 D:1)
[2018.11.19-20.58.46:001][  0]LogWindows:    1. 'Radeon RX Vega M GH Graphics' (P:0 D:0)
[2018.11.19-20.58.46:001][  0]LogWindows:    2. 'Radeon RX Vega M GH Graphics' (P:0 D:0)
[2018.11.19-20.58.46:002][  0]LogWindows:    3. 'Radeon RX Vega M GH Graphics' (P:0 D:0)
[2018.11.19-20.58.46:002][  0]LogWindows:    4. 'Radeon RX Vega M GH Graphics' (P:0 D:0)
[2018.11.19-20.58.46:002][  0]LogWindows:    5. 'Radeon RX Vega M GH Graphics' (P:0 D:0)
[2018.11.19-20.58.46:002][  0]LogWindows:    6. 'Radeon RX Vega M GH Graphics' (P:0 D:0)
[2018.11.19-20.58.46:003][  0]LogWindows:    7. 'Radeon RX Vega M GH Graphics' (P:0 D:0)
[2018.11.19-20.58.46:003][  0]LogWindows:    8. 'Radeon RX Vega M GH Graphics' (P:0 D:0)
[2018.11.19-20.58.46:003][  0]LogWindows:    9. 'Radeon RX Vega M GH Graphics' (P:0 D:0)
[2018.11.19-20.58.46:003][  0]LogWindows:    10. 'Radeon RX Vega M GH Graphics' (P:0 D:0)
[2018.11.19-20.58.46:003][  0]LogWindows:    11. 'Radeon RX Vega M GH Graphics' (P:0 D:0)
[2018.11.19-20.58.46:004][  0]LogWindows:    12. 'Radeon RX Vega M GH Graphics' (P:0 D:0)
[2018.11.19-20.58.46:004][  0]LogWindows:    13. 'Radeon RX Vega M GH Graphics' (P:0 D:0)
[2018.11.19-20.58.46:004][  0]LogWindows:    14. 'Radeon RX Vega M GH Graphics' (P:0 D:0)
[2018.11.19-20.58.46:004][  0]LogWindows:    15. 'Radeon RX Vega M GH Graphics' (P:0 D:0)
[2018.11.19-20.58.46:005][  0]LogWindows:    16. 'Intel(R) HD Graphics 630' (P:0 D:0)
[2018.11.19-20.58.46:005][  0]LogWindows:    17. 'Intel(R) HD Graphics 630' (P:0 D:0)
[2018.11.19-20.58.46:005][  0]LogWindows: DebugString: PrimaryIsNotTheChoosenAdapter PrimaryIsNotTheChoosenAdapter FoundDriverCount:16 
[2018.11.19-20.58.46:005][  0]LogD3D11RHI:     Adapter Name: Radeon RX Vega M GH Graphics
[2018.11.19-20.58.46:005][  0]LogD3D11RHI:   Driver Version: Adrenalin 18.5.1 (internal:24.20.11016.4, unified:24.20.11016.4)
[2018.11.19-20.58.46:005][  0]LogD3D11RHI:      Driver Date: 5-16-2018
[2018.11.19-20.58.46:005][  0]LogRHI: Texture pool is 2829 MB (70% of 4042 MB)
[2018.11.19-20.58.46:143][  0]LogD3D11RHI: Async texture creation enabled
[2018.11.19-20.58.46:154][  0]LogD3D11RHI: GPU Timing Frequency: 25.000000 (Debug: 2 1)
[2018.11.19-20.58.46:156][  0]LogShaderCompilers: Guid format shader working directory is -39 characters bigger than the processId version (../../../../../../Users/u1121225/Documents/GitHub/AssetPipeMaster01/APsec1LargeCityBase/Intermediate/Shaders/WorkingDirectory/11336/).
[2018.11.19-20.58.46:156][  0]LogShaderCompilers: Cleaned the shader compiler working directory 'C:/Users/u1121225/AppData/Local/Temp/UnrealShaderWorkingDir/2A159C6147F5726BF53716853C966EEA/'.
[2018.11.19-20.58.46:391][  0]LogTemp: Display: Loaded TP AllDesktopTargetPlatform
[2018.11.19-20.58.46:402][  0]LogTemp: Display: Loaded TP MacClientTargetPlatform
[2018.11.19-20.58.46:413][  0]LogTemp: Display: Loaded TP MacNoEditorTargetPlatform
[2018.11.19-20.58.46:424][  0]LogTemp: Display: Loaded TP MacServerTargetPlatform
[2018.11.19-20.58.46:436][  0]LogTemp: Display: Loaded TP MacTargetPlatform
[2018.11.19-20.58.46:447][  0]LogTemp: Display: Loaded TP WindowsClientTargetPlatform
[2018.11.19-20.58.46:458][  0]LogTemp: Display: Loaded TP WindowsNoEditorTargetPlatform
[2018.11.19-20.58.46:469][  0]LogTemp: Display: Loaded TP WindowsServerTargetPlatform
[2018.11.19-20.58.46:475][  0]LogTemp: Display: Loaded TP WindowsTargetPlatform
[2018.11.19-20.58.46:541][  0]LogTemp: Display: Loaded TP AndroidTargetPlatform
[2018.11.19-20.58.46:541][  0]LogTemp: Display: Loaded TP AndroidTargetPlatform
[2018.11.19-20.58.46:541][  0]LogTemp: Display: Loaded TP AndroidTargetPlatform
[2018.11.19-20.58.46:541][  0]LogTemp: Display: Loaded TP AndroidTargetPlatform
[2018.11.19-20.58.46:541][  0]LogTemp: Display: Loaded TP AndroidTargetPlatform
[2018.11.19-20.58.46:541][  0]LogTemp: Display: Loaded TP AndroidTargetPlatform
[2018.11.19-20.58.46:541][  0]LogTemp: Display: Loaded TP AndroidTargetPlatform
[2018.11.19-20.58.46:541][  0]LogTemp: Display: Loaded TP AndroidTargetPlatform
[2018.11.19-20.58.46:541][  0]LogTemp: Display: Loaded TP AndroidTargetPlatform
[2018.11.19-20.58.46:541][  0]LogTemp: Display: Loaded TP AndroidTargetPlatform
[2018.11.19-20.58.46:541][  0]LogTemp: Display: Loaded TP AndroidTargetPlatform
[2018.11.19-20.58.46:541][  0]LogTemp: Display: Loaded TP AndroidTargetPlatform
[2018.11.19-20.58.46:541][  0]LogTemp: Display: Loaded TP AndroidTargetPlatform
[2018.11.19-20.58.46:541][  0]LogTemp: Display: Loaded TP AndroidTargetPlatform
[2018.11.19-20.58.46:541][  0]LogTemp: Display: Loaded TP AndroidTargetPlatform
[2018.11.19-20.58.46:541][  0]LogTemp: Display: Loaded TP AndroidTargetPlatform
[2018.11.19-20.58.46:541][  0]LogTemp: Display: Loaded TP AndroidTargetPlatform
[2018.11.19-20.58.46:541][  0]LogTemp: Display: Loaded TP AndroidTargetPlatform
[2018.11.19-20.58.46:542][  0]LogTemp: Display: Loaded TP HTML5TargetPlatform
[2018.11.19-20.58.46:597][  0]LogTemp: Display: Loaded TP IOSTargetPlatform
[2018.11.19-20.58.46:597][  0]LogTemp: Display: Loaded TP IOSTargetPlatform
[2018.11.19-20.58.46:616][  0]LogTemp: Display: Loaded TP TVOSTargetPlatform
[2018.11.19-20.58.46:616][  0]LogTemp: Display: Loaded TP TVOSTargetPlatform
[2018.11.19-20.58.46:626][  0]LogTemp: Display: Loaded TP LinuxClientTargetPlatform
[2018.11.19-20.58.46:636][  0]LogTemp: Display: Loaded TP LinuxNoEditorTargetPlatform
[2018.11.19-20.58.46:646][  0]LogTemp: Display: Loaded TP LinuxServerTargetPlatform
[2018.11.19-20.58.46:657][  0]LogTemp: Display: Loaded TP LinuxTargetPlatform
[2018.11.19-20.58.46:664][  0]LogTemp: Display: Loaded TP LuminTargetPlatform
[2018.11.19-20.58.46:664][  0]LogTargetPlatformManager: Display: Building Assets For Windows
[2018.11.19-20.58.46:717][  0]LogXGEController: Cannot use XGE Controller as Incredibuild is not installed on this machine.
[2018.11.19-20.58.46:717][  0]LogShaderCompilers: Cannot use XGE Shader Compiler as Incredibuild is not installed on this machine.
[2018.11.19-20.58.46:717][  0]LogShaderCompilers: Display: Using Local Shader Compiler.
[2018.11.19-20.58.47:364][  0]LogDerivedDataCache: Display: Max Cache Size: 512 MB
[2018.11.19-20.58.47:416][  0]LogDerivedDataCache: Loaded boot cache 0.05s 71MB C:/Users/u1121225/AppData/Local/UnrealEngine/4.20/DerivedDataCache/Boot.ddc.
[2018.11.19-20.58.47:416][  0]LogDerivedDataCache: Display: Loaded Boot cache: C:/Users/u1121225/AppData/Local/UnrealEngine/4.20/DerivedDataCache/Boot.ddc
[2018.11.19-20.58.47:416][  0]LogDerivedDataCache: FDerivedDataBackendGraph:  Pak pak cache file ../../../../../../Users/u1121225/Documents/GitHub/AssetPipeMaster01/APsec1LargeCityBase/DerivedDataCache/DDC.ddp not found, will not use a pak cache.
[2018.11.19-20.58.47:416][  0]LogDerivedDataCache: Unable to find inner node Pak for hierarchical cache Hierarchy.
[2018.11.19-20.58.47:416][  0]LogDerivedDataCache: FDerivedDataBackendGraph:  CompressedPak pak cache file ../../../../../../Users/u1121225/Documents/GitHub/AssetPipeMaster01/APsec1LargeCityBase/DerivedDataCache/Compressed.ddp not found, will not use a pak cache.
[2018.11.19-20.58.47:416][  0]LogDerivedDataCache: Unable to find inner node CompressedPak for hierarchical cache Hierarchy.
[2018.11.19-20.58.47:428][  0]LogDerivedDataCache: Display: Pak cache opened for reading ../../../Engine/DerivedDataCache/Compressed.ddp.
[2018.11.19-20.58.47:440][  0]LogDerivedDataCache: Using Local data cache path C:/Users/u1121225/AppData/Local/UnrealEngine/Common/DerivedDataCache: Writable
[2018.11.19-20.58.47:440][  0]LogDerivedDataCache: Shared data cache path not found in *engine.ini, will not use an Shared cache.
[2018.11.19-20.58.47:440][  0]LogDerivedDataCache: Unable to find inner node Shared for hierarchical cache Hierarchy.
[2018.11.19-20.58.47:456][  0]LogMaterial: Verifying Global Shaders for PCD3D_SM5
[2018.11.19-20.58.47:457][  0]LogSlate: Using FreeType 2.6.0
[2018.11.19-20.58.47:458][  0]LogSlate: SlateFontServices - WITH_FREETYPE: 1, WITH_HARFBUZZ: 1
[2018.11.19-20.58.47:521][  0]LogAssetRegistry: FAssetRegistry took 0.0252 seconds to start up
[2018.11.19-20.58.47:819][  0]LogInit: Selected Device Profile: [Windows]
[2018.11.19-20.58.47:949][  0]LogSimplygon: Simplygon DLL not present - disabling.
[2018.11.19-20.58.47:953][  0]LogMeshReduction: Using SimplygonSwarm for distributed automatic mesh merging
[2018.11.19-20.58.47:953][  0]LogMeshReduction: Using ProxyLODMeshReduction for automatic mesh merging
[2018.11.19-20.58.47:954][  0]LogMeshReduction: Using QuadricMeshReduction for automatic static mesh reduction
[2018.11.19-20.58.47:954][  0]LogMeshReduction: No automatic skeletal mesh reduction module available
[2018.11.19-20.58.47:969][  0]LogNetVersion: APsec1LargeCityBase 1.0.0, NetCL: 4212847, EngineNetVer: 5, GameNetVer: 0 (Checksum: 1121110827)
[2018.11.19-20.58.48:457][  0]LogPackageLocalizationCache: Processed 11 localized package path(s) for 2 prioritized culture(s) in 0.102341 seconds
[2018.11.19-20.58.48:463][  0]LogUObjectArray: 38425 objects as part of root set at end of initial load.
[2018.11.19-20.58.48:463][  0]LogUObjectAllocator: 6690864 out of 0 bytes used by permanent object pool.
[2018.11.19-20.58.48:463][  0]LogUObjectArray: CloseDisregardForGC: 0/0 objects in disregard for GC pool
[2018.11.19-20.58.49:237][  0]LogTcpMessaging: Initializing TcpMessaging bridge
[2018.11.19-20.58.49:250][  0]LogUdpMessaging: Initializing bridge on interface 0.0.0.0:0 to multicast group 230.0.0.1:6666.
[2018.11.19-20.58.49:385][  0]SourceControl: Source control is disabled
[2018.11.19-20.58.49:385][  0]SourceControl: Source control is disabled
[2018.11.19-20.58.49:386][  0]SourceControl: Source control is disabled
[2018.11.19-20.58.49:387][  0]SourceControl: Source control is disabled
[2018.11.19-20.58.49:540][  0]LogAndroidPermission: UAndroidPermissionCallbackProxy::GetInstance
[2018.11.19-20.58.49:616][  0]LogOcInput: OculusInput pre-init called
[2018.11.19-20.58.49:676][  0]LogEngine: Initializing Engine...
[2018.11.19-20.58.49:677][  0]LogHMD: Failed to initialize OpenVR with code 110
[2018.11.19-20.58.49:678][  0]LogStats: UGameplayTagsManager::ConstructGameplayTagTree: ImportINI prefixes -  0.000 s
[2018.11.19-20.58.49:678][  0]LogStats: UGameplayTagsManager::ConstructGameplayTagTree: Construct from data asset -  0.000 s
[2018.11.19-20.58.49:679][  0]LogStats: UGameplayTagsManager::ConstructGameplayTagTree: ImportINI -  0.000 s
[2018.11.19-20.58.49:679][  0]LogStats: UGameplayTagsManager::ConstructGameplayTagTree: GameplayTagTreeChangedEvent.Broadcast -  0.000 s
[2018.11.19-20.58.49:872][  0]LogInit: Initializing FReadOnlyCVARCache
[2018.11.19-20.58.49:887][  0]LogAIModule: Creating AISystem for world Untitled
[2018.11.19-20.58.49:910][  0]LogInit: XAudio2 using '5 - DELL UZ2315H (AMD High Definition Audio Device)' : 2 channels at 48 kHz using 16 bits per sample (channel mask 0x3)
[2018.11.19-20.58.49:935][  0]LogInit: FAudioDevice initialized.
[2018.11.19-20.58.49:935][  0]LogNetVersion: Set ProjectVersion to 1.0.0.0. Version Checksum will be recalculated on next use.
[2018.11.19-20.58.50:042][  0]LogDerivedDataCache: Saved boot cache 0.11s 71MB C:/Users/u1121225/AppData/Local/UnrealEngine/4.20/DerivedDataCache/Boot.ddc.
[2018.11.19-20.58.50:054][  0]LogInit: Texture streaming: Enabled
[2018.11.19-20.58.50:072][  0]LogEngineSessionManager: EngineSessionManager initialized
[2018.11.19-20.58.50:088][  0]LogInit: Transaction tracking system initialized
[2018.11.19-20.58.50:112][  0]BlueprintLog: New page: Editor Load
[2018.11.19-20.58.50:190][  0]LocalizationService: Localization service is disabled
[2018.11.19-20.58.50:440][  0]LogCook: Display: Max memory allowance for cook 16384mb min free memory 0mb
[2018.11.19-20.58.50:440][  0]LogCook: Display: Mobile HDR setting 1
[2018.11.19-20.58.50:441][  0]LogGameplayTags: Display: UGameplayTagsManager::DoneAddingNativeTags. DelegateIsBound: 0
[2018.11.19-20.58.50:441][  0]LogStats: UGameplayTagsManager::ConstructGameplayTagTree: ImportINI prefixes -  0.000 s
[2018.11.19-20.58.50:441][  0]LogStats: UGameplayTagsManager::ConstructGameplayTagTree: Construct from data asset -  0.000 s
[2018.11.19-20.58.50:441][  0]LogStats: UGameplayTagsManager::ConstructGameplayTagTree: ImportINI -  0.000 s
[2018.11.19-20.58.50:441][  0]LogStats: UGameplayTagsManager::ConstructGameplayTagTree: GameplayTagTreeChangedEvent.Broadcast -  0.000 s
[2018.11.19-20.58.50:549][  0]LogFileCache: Scanning file cache for directory 'C:/Users/u1121225/Documents/GitHub/AssetPipeMaster01/APsec1LargeCityBase/Content/' took 0.02s
[2018.11.19-20.58.50:550][  0]SourceControl: Source control is disabled
[2018.11.19-20.58.50:550][  0]Cmd: MAP LOAD FILE="../../../Engine/Content/Maps/Templates/Template_Default.umap" TEMPLATE=1 SHOWPROGRESS=1 FEATURELEVEL=3
[2018.11.19-20.58.50:550][  0]LightingResults: New page: Lighting Build
[2018.11.19-20.58.50:553][  0]MapCheck: New page: Map Check
[2018.11.19-20.58.50:553][  0]LightingResults: New page: Lighting Build
[2018.11.19-20.58.50:733][  0]LogAIModule: Creating AISystem for world Untitled_1
[2018.11.19-20.58.50:739][  0]LogEditorServer: Finished looking for orphan Actors (0.000 secs)
[2018.11.19-20.58.50:758][  0]Cmd: MAP CHECKDEP NOCLEARLOG
[2018.11.19-20.58.50:819][  0]MapCheck: Map check complete: 0 Error(s), 0 Warning(s), took 60.97ms to complete.
[2018.11.19-20.58.50:819][  0]LogFileHelpers: Loading map 'Template_Default' took 0.269
[2018.11.19-20.58.51:016][  0]LogSlate: Updating window title bar state: overlay mode, drag disabled, window buttons hidden, title bar hidden
[2018.11.19-20.58.51:026][  0]LogSlate: Updating window title bar state: overlay mode, drag disabled, window buttons hidden, title bar hidden
[2018.11.19-20.58.51:035][  0]LogSlate: Updating window title bar state: overlay mode, drag disabled, window buttons hidden, title bar hidden
[2018.11.19-20.58.51:042][  0]LogSlate: Updating window title bar state: overlay mode, drag disabled, window buttons hidden, title bar hidden
[2018.11.19-20.58.51:068][  0]LogCollectionManager: Loaded 0 collections in 0.002395 seconds
[2018.11.19-20.58.51:141][  0]LogFileCache: Scanning file cache for directory 'C:/Users/u1121225/Documents/GitHub/AssetPipeMaster01/APsec1LargeCityBase/Saved/Collections/' took 0.01s
[2018.11.19-20.58.51:141][  0]LogFileCache: Scanning file cache for directory 'C:/Users/u1121225/Documents/GitHub/AssetPipeMaster01/APsec1LargeCityBase/Content/Developers/u1121225/Collections/' took 0.01s
[2018.11.19-20.58.51:141][  0]LogFileCache: Scanning file cache for directory 'C:/Users/u1121225/Documents/GitHub/AssetPipeMaster01/APsec1LargeCityBase/Content/Collections/' took 0.01s
[2018.11.19-20.58.51:141][  0]LogCollectionManager: Rebuilt the GUID cache for 0 collections in 0.000000 seconds
[2018.11.19-20.58.51:152][  0]LogContentBrowser: Native class hierarchy populated in 0.0097 seconds. Added 2572 classes and 603 folders.
[2018.11.19-20.58.51:175][  0]LogContentBrowser: Native class hierarchy updated for 'WidgetCarousel' in 0.0002 seconds. Added 0 classes and 0 folders.
[2018.11.19-20.58.51:636][  0]LogContentBrowser: Native class hierarchy updated for 'AddContentDialog' in 0.0002 seconds. Added 0 classes and 0 folders.
[2018.11.19-20.58.51:654][  0]LogContentBrowser: Native class hierarchy updated for 'SceneOutliner' in 0.0003 seconds. Added 1 classes and 2 folders.
[2018.11.19-20.58.51:746][  0]LogSlate: Took 0.000229 seconds to synchronously load lazily loaded font '../../../Engine/Content/Slate/Fonts/Roboto-Regular.ttf' (155K)
[2018.11.19-20.58.51:749][  0]LogSlate: Took 0.000185 seconds to synchronously load lazily loaded font '../../../Engine/Content/Slate/Fonts/Roboto-Bold.ttf' (160K)
[2018.11.19-20.58.51:764][  0]LogSlate: Took 0.006739 seconds to synchronously load lazily loaded font '../../../Engine/Content/Editor/Slate/Fonts/FontAwesome.ttf' (139K)
[2018.11.19-20.58.51:895][  0]LogRenderer: Reallocating scene render targets to support 1208x576 Format 10 NumSamples 1 (Frame:1).
[2018.11.19-20.58.52:104][  0]LogContentBrowser: Native class hierarchy updated for 'HierarchicalLODOutliner' in 0.0002 seconds. Added 0 classes and 0 folders.
[2018.11.19-20.58.52:104][  0]LogLoad: (Engine Initialization) Total time: 8.41 seconds
[2018.11.19-20.58.52:104][  0]LogLoad: (Engine Initialization) Total Blueprint compile time: 0.00 seconds
[2018.11.19-20.58.52:115][  0]LogWindowsTextInputMethodSystem: Display: IME system now deactivated.
[2018.11.19-20.58.52:137][  0]LogContentStreaming: Texture pool size now 1000 MB
[2018.11.19-20.58.52:191][  0]LogSlate: Took 0.007319 seconds to synchronously load lazily loaded font '../../../Engine/Content/Slate/Fonts/Roboto-Light.ttf' (167K)
[2018.11.19-20.58.58:012][684]LogSlate: FSceneViewport::OnFocusLost() reason 0
[2018.11.19-20.58.59:070][809]LogCollectionManager: Rebuilt the object cache for 0 collections in 0.000000 seconds (found 0 objects)
[2018.11.19-20.59.00:034][923]LogAssetRegistry: Asset discovery search completed in 12.5348 seconds
[2018.11.19-20.59.00:036][923]LogCollectionManager: Fixed up redirectors for 0 collections in 0.000005 seconds (updated 0 objects)
[2018.11.19-20.59.07:582][957]LogSlate: Took 0.000173 seconds to synchronously load lazily loaded font '../../../Engine/Content/Slate/Fonts/Roboto-Light.ttf' (167K)
[2018.11.19-20.59.07:601][957]LogFactory: FactoryCreateFile: StaticMesh with FbxFactory (0 0 ../../../../../../Users/u1121225/Desktop/manny2.obj)
[2018.11.19-20.59.07:649][957]LogFbx: Loading FBX Scene from ../../../../../../Users/u1121225/Desktop/manny2.obj
[2018.11.19-20.59.07:683][957]LogFbx: FBX Scene Loaded Succesfully
[2018.11.19-20.59.09:603][957]LogSlate: Window 'FBX Import Options' being destroyed
[2018.11.19-20.59.09:638][957]LogFbx: Warning: Triangulating static mesh left_forearm
[2018.11.19-20.59.09:752][957]LogStaticMesh: Building static mesh manny2...
[2018.11.19-20.59.09:794][957]LogStaticMesh: Built static mesh [0.04s] /Game/Sarenna_Haddad/manny2.manny2
[2018.11.19-20.59.09:835][957]FBXImport: Warning: No smoothing group information was found in this FBX scene.  Please make sure to enable the 'Export Smoothing Groups' option in the FBX Exporter plug-in before exporting the file.  Even for tools that don't support smoothing groups, the FBX Exporter will generate appropriate smoothing data at export-time so that correct vertex normals can be inferred while importing. 
[2018.11.19-20.59.09:890][957]LogFactory: FactoryCreateFile: Texture with ReimportTextureFactory (0 0 ../../../../../../Users/u1121225/Desktop/texturemanny.png)
[2018.11.19-20.59.09:969][957]LogTexture: Display: Building textures: texturemanny (AutoDXT, 2048X2048)
[2018.11.19-20.59.11:582][114]LogSlate: Window 'Message Log' being destroyed
[2018.11.19-20.59.11:587][114]LogSlate: Window 'Message Log' being destroyed
[2018.11.19-20.59.15:220][492]LogActorFactory: Actor Factory created manny2
[2018.11.19-20.59.16:840][684]LogSlate: FSceneViewport::OnFocusLost() reason 2
[2018.11.19-20.59.26:909][879]LogLinker: Warning: Asset '../../../../../../Users/u1121225/Documents/GitHub/AssetPipeMaster01/APsec1LargeCityBase/Content/Car_DJW/BatmobileTexture_DJW.uasset' has been saved with empty engine version. The asset will be loaded but may be incompatible.
[2018.11.19-20.59.26:911][879]LogLinker: Warning: Asset '../../../../../../Users/u1121225/Documents/GitHub/AssetPipeMaster01/APsec1LargeCityBase/Content/Car_DJW/M_MasterWoodBlock_AP_DJW.uasset' has been saved with empty engine version. The asset will be loaded but may be incompatible.
[2018.11.19-20.59.26:912][879]LogLinker: Warning: Asset '../../../../../../Users/u1121225/Documents/GitHub/AssetPipeMaster01/APsec1LargeCityBase/Content/Car_DJW/WoodTexture004_DJW.uasset' has been saved with empty engine version. The asset will be loaded but may be incompatible.
[2018.11.19-20.59.26:913][879]LogLinker: Warning: Asset '../../../../../../Users/u1121225/Documents/GitHub/AssetPipeMaster01/APsec1LargeCityBase/Content/Car_DJW/WoodTexture004Norm_DJW.uasset' has been saved with empty engine version. The asset will be loaded but may be incompatible.
[2018.11.19-20.59.26:916][879]LogLinker: Warning: Asset '../../../../../../Users/u1121225/Documents/GitHub/AssetPipeMaster01/APsec1LargeCityBase/Content/Car_DJW/M_MasterWoodBlock_AP_WHeel_DJW.uasset' has been saved with empty engine version. The asset will be loaded but may be incompatible.
[2018.11.19-20.59.26:968][879]LogLinker: Warning: Asset '../../../../../../Users/u1121225/Documents/GitHub/AssetPipeMaster01/APsec1LargeCityBase/Content/Car_DJW/BatmobileProperUnwrapped_pCube3_DJW.uasset' has been saved with empty engine version. The asset will be loaded but may be incompatible.
[2018.11.19-20.59.26:970][879]LogLinker: Warning: Asset '../../../../../../Users/u1121225/Documents/GitHub/AssetPipeMaster01/APsec1LargeCityBase/Content/Car_DJW/BatmobileProperUnwrapped_pCylinder8_DJW.uasset' has been saved with empty engine version. The asset will be loaded but may be incompatible.
[2018.11.19-20.59.26:971][879]LogLinker: Warning: Asset '../../../../../../Users/u1121225/Documents/GitHub/AssetPipeMaster01/APsec1LargeCityBase/Content/Car_DJW/BatmobileProperUnwrapped_pCylinder9_DJW.uasset' has been saved with empty engine version. The asset will be loaded but may be incompatible.
[2018.11.19-20.59.27:021][879]LogLinker: Warning: Can't find file '/Game/phong3SG'
[2018.11.19-20.59.27:021][879]LogLinker: Warning: Can't find file for asset '/Game/phong3SG' while loading ../../../../../../Users/u1121225/Documents/GitHub/AssetPipeMaster01/APsec1LargeCityBase/Content/Resources_TA/SmartCarUVObj_pCube1.uasset.
[2018.11.19-20.59.27:021][879]LoadErrors: Error: /Game/Resources_TA/SmartCarUVObj_pCube1 : Can't find file for asset. /Game/phong3SG
[2018.11.19-20.59.27:021][879]LogLinker: Warning: Can't find file '/Game/phong3SG'
[2018.11.19-20.59.27:021][879]LogLinker: Warning: Can't find file for asset '/Game/phong3SG' while loading ../../../../../../Users/u1121225/Documents/GitHub/AssetPipeMaster01/APsec1LargeCityBase/Content/Resources_TA/SmartCarUVObj_pCube1.uasset.
[2018.11.19-20.59.27:022][879]LogLinker: Warning: Can't find file '/Game/phong1SG'
[2018.11.19-20.59.27:023][879]LogLinker: Warning: Can't find file for asset '/Game/phong1SG' while loading ../../../../../../Users/u1121225/Documents/GitHub/AssetPipeMaster01/APsec1LargeCityBase/Content/Resources_TA/SmartCarUVObj_pCylinder10.uasset.
[2018.11.19-20.59.27:023][879]LoadErrors: Error: /Game/Resources_TA/SmartCarUVObj_pCylinder10 : Can't find file for asset. /Game/phong1SG
[2018.11.19-20.59.27:023][879]LogLinker: Warning: Can't find file '/Game/phong1SG'
[2018.11.19-20.59.27:023][879]LogLinker: Warning: Can't find file for asset '/Game/phong1SG' while loading ../../../../../../Users/u1121225/Documents/GitHub/AssetPipeMaster01/APsec1LargeCityBase/Content/Resources_TA/SmartCarUVObj_pCylinder10.uasset.
[2018.11.19-20.59.27:024][879]LogLinker: Warning: Can't find file '/Game/phong2SG'
[2018.11.19-20.59.27:024][879]LogLinker: Warning: Can't find file for asset '/Game/phong2SG' while loading ../../../../../../Users/u1121225/Documents/GitHub/AssetPipeMaster01/APsec1LargeCityBase/Content/Resources_TA/SmartCarUVObj_pCylinder8.uasset.
[2018.11.19-20.59.27:024][879]LoadErrors: Error: /Game/Resources_TA/SmartCarUVObj_pCylinder8 : Can't find file for asset. /Game/phong2SG
[2018.11.19-20.59.27:024][879]LogLinker: Warning: Can't find file '/Game/phong2SG'
[2018.11.19-20.59.27:025][879]LogLinker: Warning: Can't find file for asset '/Game/phong2SG' while loading ../../../../../../Users/u1121225/Documents/GitHub/AssetPipeMaster01/APsec1LargeCityBase/Content/Resources_TA/SmartCarUVObj_pCylinder8.uasset.
[2018.11.19-20.59.27:416][879]LogTexture: Display: Building textures: WoodTexture2 (AutoDXT, 512X512)
[2018.11.19-20.59.27:416][879]LogLinker: Warning: Can't find file '/Game/phong2SG'
[2018.11.19-20.59.27:416][879]LoadErrors: Failed to load /Game/phong2SG.phong2SG Referenced by SmartCarUVObj_pCylinder8
[2018.11.19-20.59.27:417][879]LogLinker: Warning: Can't find file for asset '/Game/phong2SG' while loading NULL.
[2018.11.19-20.59.27:417][879]LogLinker: Warning: Can't find file '/Game/phong2SG'
[2018.11.19-20.59.27:417][879]LogLinker: Warning: Can't find file for asset '/Game/phong2SG' while loading NULL.
[2018.11.19-20.59.27:417][879]LogLinker: Warning: Can't find file '/Game/phong1SG'
[2018.11.19-20.59.27:417][879]LoadErrors: Failed to load /Game/phong1SG.phong1SG Referenced by SmartCarUVObj_pCylinder10
[2018.11.19-20.59.27:417][879]LogLinker: Warning: Can't find file for asset '/Game/phong1SG' while loading NULL.
[2018.11.19-20.59.27:418][879]LogLinker: Warning: Can't find file '/Game/phong1SG'
[2018.11.19-20.59.27:418][879]LogLinker: Warning: Can't find file for asset '/Game/phong1SG' while loading NULL.
[2018.11.19-20.59.27:418][879]LogLinker: Warning: Can't find file '/Game/phong3SG'
[2018.11.19-20.59.27:418][879]LoadErrors: Failed to load /Game/phong3SG.phong3SG Referenced by SmartCarUVObj_pCube1
[2018.11.19-20.59.27:419][879]LogLinker: Warning: Can't find file for asset '/Game/phong3SG' while loading NULL.
[2018.11.19-20.59.27:419][879]LogLinker: Warning: Can't find file '/Game/phong3SG'
[2018.11.19-20.59.27:419][879]LogLinker: Warning: Can't find file for asset '/Game/phong3SG' while loading NULL.
[2018.11.19-20.59.27:530][879]LogTexture: Display: Building textures: WoodTexture2Norm (BC5, 512X512)
[2018.11.19-20.59.27:530][879]LogTexture: Display: Building textures: WoodTexture004 (AutoDXT, 2048X2048)
[2018.11.19-20.59.27:796][879]LogTexture: Display: Building textures: WoodTexture004Norm (BGRA8, 2299X2299)
[2018.11.19-20.59.28:441][879]LogMaterial: Display: Missing cached shader map for material wheel_wood, compiling. 
[2018.11.19-20.59.28:496][879]LogMaterial: Display: Missing cached shader map for material lambert1, compiling. 
[2018.11.19-20.59.28:509][879]LogShaderCompilers: Display: Shaders left to compile 22
[2018.11.19-20.59.28:509][879]LogShaderCompilers: Display: Shaders left to compile 12
[2018.11.19-20.59.28:510][879]LogShaderCompilers: Display: Shaders left to compile 2
[2018.11.19-20.59.28:510][879]LogMaterial: Display: Missing cached shader map for material Grill_wood, compiling. 
[2018.11.19-20.59.28:527][879]LogMaterial: Display: Missing cached shader map for material gold_painted_wood, compiling. 
[2018.11.19-20.59.28:608][879]LogShaderCompilers: Display: Shaders left to compile 66
[2018.11.19-20.59.28:608][879]LogStaticMesh: Building static mesh the_car...
[2018.11.19-20.59.28:933][879]LogStaticMesh: Built static mesh [0.32s] /Game/Beecroft_Car/the_car.the_car
[2018.11.19-20.59.29:552][879]LogShaderCompilers: Display: Shaders left to compile 56
[2018.11.19-20.59.30:135][879]LogAIModule: Creating AISystem for world StreetSceneLarge_SLH
[2018.11.19-20.59.30:211][879]LogAssetEditorManager: Opening Asset editor for World /Game/StreetSceneLarge_SLH.StreetSceneLarge_SLH
[2018.11.19-20.59.30:855][879]LogShaderCompilers: Display: Shaders left to compile 46
[2018.11.19-20.59.30:889][879]LogShaderCompilers: Display: Shaders left to compile 36
[2018.11.19-20.59.32:016][879]LogShaderCompilers: Display: Shaders left to compile 26
[2018.11.19-20.59.32:279][879]LogShaderCompilers: Display: Shaders left to compile 16
[2018.11.19-20.59.32:385][879]LogShaderCompilers: Display: Shaders left to compile 6
[2018.11.19-20.59.33:339][879]LogSlate: Window 'Save Content' being destroyed
[2018.11.19-20.59.33:394][879]Cmd: OBJ SAVEPACKAGE PACKAGE="/Game/Sarenna_Haddad/manny2" FILE="../../../../../../Users/u1121225/Documents/GitHub/AssetPipeMaster01/APsec1LargeCityBase/Content/Sarenna_Haddad/manny2.uasset" SILENT=true
[2018.11.19-20.59.33:442][879]LogSavePackage: Moving '../../../../../../Users/u1121225/Documents/GitHub/AssetPipeMaster01/APsec1LargeCityBase/Saved/manny217FA571B4CC5CEED40939E8854CB51E2.tmp' to '../../../../../../Users/u1121225/Documents/GitHub/AssetPipeMaster01/APsec1LargeCityBase/Content/Sarenna_Haddad/manny2.uasset'
[2018.11.19-20.59.33:670][879]LogSavePackage: Moving '../../../../../../Users/u1121225/Documents/GitHub/AssetPipeMaster01/APsec1LargeCityBase/Saved/texturemanny26347918400D778ADD31159AC2A01E26.tmp' to '../../../../../../Users/u1121225/Documents/GitHub/AssetPipeMaster01/APsec1LargeCityBase/Content/Sarenna_Haddad/texturemanny.uasset'
[2018.11.19-20.59.33:675][879]Cmd: MAP LOAD FILE="../../../../../../Users/u1121225/Documents/GitHub/AssetPipeMaster01/APsec1LargeCityBase/Content/StreetSceneLarge_SLH.umap" TEMPLATE=0 SHOWPROGRESS=1 FEATURELEVEL=3
[2018.11.19-20.59.33:676][879]LightingResults: New page: Lighting Build
[2018.11.19-20.59.33:676][879]LoadErrors: New page: Loading map: StreetSceneLarge_SLH.umap
[2018.11.19-20.59.33:678][879]MapCheck: New page: Map Check
[2018.11.19-20.59.33:678][879]LightingResults: New page: Lighting Build
[2018.11.19-20.59.33:789][879]LogEditorServer: Finished looking for orphan Actors (0.000 secs)
[2018.11.19-20.59.33:855][879]Cmd: MAP CHECKDEP NOCLEARLOG
[2018.11.19-20.59.33:951][879]MapCheck: Map check complete: 0 Error(s), 0 Warning(s), took 95.937ms to complete.
[2018.11.19-20.59.33:951][879]LogFileHelpers: Loading map 'StreetSceneLarge_SLH' took 0.278
[2018.11.19-20.59.35:744][  1]LogEditorViewport: Clicking on Actor (LMB): StaticMeshActor (GroundBase278)
[2018.11.19-20.59.36:853][ 86]LogEditorViewport: Clicking on Actor (LMB): StaticMeshActor (GroundBase768)
[2018.11.19-20.59.40:512][438]LogEditorViewport: Clicking on Actor (LMB): StaticMeshActor (GroundBase290)
[2018.11.19-20.59.41:334][524]LogEditorViewport: Clicking on Actor (LMB): StaticMeshActor (OldLImo)
[2018.11.19-20.59.41:625][553]Cmd: CAMERA ALIGN ACTIVEVIEWPORTONLY
[2018.11.19-20.59.48:084][135]LogSlate: FSceneViewport::OnFocusLost() reason 0
[2018.11.19-20.59.50:890][342]LogActorFactory: Actor Factory created manny2
[2018.11.19-20.59.51:106][362]LogActorFactory: Actor Factory created manny2
[2018.11.19-20.59.56:846][ 15]Cmd: CAMERA ALIGN ACTIVEVIEWPORTONLY
[2018.11.19-20.59.59:263][291]LogSlate: FSceneViewport::OnFocusLost() reason 0
[2018.11.19-21.00.03:043][653]LogMaterial: Display: Missing cached shader map for material texturemanny_Mat, compiling. 
[2018.11.19-21.00.03:072][654]LogShaderCompilers: Display: Shaders left to compile 22
[2018.11.19-21.00.03:072][654]LogShaderCompilers: Display: Shaders left to compile 12
[2018.11.19-21.00.03:072][654]LogShaderCompilers: Display: Shaders left to compile 2
[2018.11.19-21.01.35:004][ 59]LogSlate: Window 'Save Content' being destroyed
[2018.11.19-21.01.44:985][134]LogSlate: Window 'Message' being destroyed
[2018.11.19-21.01.44:991][134]LogFactory: FactoryCreateFile: Texture with ReimportTextureFactory (0 0 ../../../../../../Users/u1121225/Desktop/texturemanny.png)
[2018.11.19-21.01.46:931][134]LogSlate: Window 'Message' being destroyed
[2018.11.19-21.01.46:992][134]LogTexture: Display: Building textures: texturemanny (AutoDXT, 2048X2048)
[2018.11.19-21.01.54:326][729]LogAssetEditorManager: Opening Asset editor for Material /Game/Sarenna_Haddad/texturemanny_Mat.texturemanny_Mat
[2018.11.19-21.01.54:331][729]LogMaterial: Display: Missing cached shader map for material texturemanny_Mat, compiling. 
[2018.11.19-21.01.54:710][729]LogMaterial: Display: Missing cached shader map for material texturemanny_Mat, compiling. 
[2018.11.19-21.01.54:725][729]LogShaderCompilers: Display: Shaders left to compile 21
[2018.11.19-21.01.54:725][729]LogShaderCompilers: Display: Shaders left to compile 20
[2018.11.19-21.01.54:725][729]LogShaderCompilers: Display: Shaders left to compile 19
[2018.11.19-21.01.54:725][729]LogShaderCompilers: Display: Shaders left to compile 18
[2018.11.19-21.01.54:727][729]LogMaterial: Display: Missing cached shader map for material texturemanny_Mat, compiling. 
[2018.11.19-21.01.54:772][729]LogMaterial: Display: Missing cached shader map for material FMatExpressionPreview MaterialExpressionTextureSample_0, compiling. 
[2018.11.19-21.01.54:828][729]LogSlate: Took 0.007097 seconds to synchronously load lazily loaded font '../../../Engine/Content/Slate/Fonts/Roboto-BoldCondensed.ttf' (158K)
[2018.11.19-21.01.55:317][752]LogShaderCompilers: Display: Shaders left to compile 23
[2018.11.19-21.01.55:360][755]LogShaderCompilers: Display: Shaders left to compile 22
[2018.11.19-21.01.55:360][755]LogShaderCompilers: Display: Shaders left to compile 21
[2018.11.19-21.01.55:360][755]LogShaderCompilers: Display: Shaders left to compile 20
[2018.11.19-21.01.55:551][766]LogShaderCompilers: Display: Shaders left to compile 19
[2018.11.19-21.01.55:595][769]LogShaderCompilers: Display: Shaders left to compile 18
[2018.11.19-21.01.55:624][771]LogShaderCompilers: Display: Shaders left to compile 17
[2018.11.19-21.01.55:636][772]LogShaderCompilers: Display: Shaders left to compile 16
[2018.11.19-21.01.55:739][779]LogShaderCompilers: Display: Shaders left to compile 15
[2018.11.19-21.01.55:801][783]LogShaderCompilers: Display: Shaders left to compile 14
[2018.11.19-21.01.55:803][783]LogShaderCompilers: Display: Shaders left to compile 13
[2018.11.19-21.01.55:831][785]LogShaderCompilers: Display: Shaders left to compile 12
[2018.11.19-21.01.55:936][793]LogShaderCompilers: Display: Shaders left to compile 11
[2018.11.19-21.01.56:115][803]LogShaderCompilers: Display: Shaders left to compile 10
[2018.11.19-21.01.56:249][811]LogShaderCompilers: Display: Shaders left to compile 9
[2018.11.19-21.01.56:290][814]LogShaderCompilers: Display: Shaders left to compile 8
[2018.11.19-21.01.56:365][819]LogShaderCompilers: Display: Shaders left to compile 7
[2018.11.19-21.01.56:522][829]LogShaderCompilers: Display: Shaders left to compile 6
[2018.11.19-21.01.56:570][832]LogShaderCompilers: Display: Shaders left to compile 5
[2018.11.19-21.01.56:733][842]LogShaderCompilers: Display: Shaders left to compile 4
[2018.11.19-21.01.56:777][845]LogShaderCompilers: Display: Shaders left to compile 3
[2018.11.19-21.01.56:837][849]LogShaderCompilers: Display: Shaders left to compile 2
[2018.11.19-21.01.56:948][856]LogShaderCompilers: Display: Shaders left to compile 1
[2018.11.19-21.01.57:151][869]MaterialEditorStats: Base pass shader: 102 instructions
[2018.11.19-21.01.57:151][869]MaterialEditorStats: Base pass shader with Volumetric Lightmap: 175 instructions
[2018.11.19-21.01.57:151][869]MaterialEditorStats: Base pass vertex shader: 36 instructions
[2018.11.19-21.01.57:151][869]MaterialEditorStats: Texture samplers: 4/16
[2018.11.19-21.01.57:151][869]MaterialEditorStats: Texture Lookups (Est.): VS(0), PS(1)
[2018.11.19-21.01.57:151][869]MaterialEditorStats: User interpolators: 2/4 Scalars (1/4 Vectors) (TexCoords: 2, Custom: 0)
[2018.11.19-21.01.59:480][ 60]LogSlate: Window 'texturemanny_Mat*' being destroyed
[2018.11.19-21.01.59:485][ 60]LogSlate: Window 'texturemanny_Mat*' being destroyed
[2018.11.19-21.02.06:232][819]LogSlate: FSceneViewport::OnFocusLost() reason 0
[2018.11.19-21.02.11:361][233]LogSlate: FSceneViewport::OnFocusLost() reason 0
[2018.11.19-21.02.23:610][345]LogSlate: FSceneViewport::OnFocusLost() reason 0
[2018.11.19-21.02.23:762][358]LogAssetEditorManager: Opening Asset editor for Material /Game/Sarenna_Haddad/texturemanny_Mat.texturemanny_Mat
[2018.11.19-21.02.23:764][358]LogMaterial: Display: Missing cached shader map for material PreviewMaterial_0, compiling. 
[2018.11.19-21.02.23:832][358]LogMaterial: Display: Missing cached shader map for material PreviewMaterial_0, compiling. 
[2018.11.19-21.02.23:844][358]LogMaterial: Display: Missing cached shader map for material PreviewMaterial_0, compiling. 
[2018.11.19-21.02.23:868][358]LogShaderCompilers: Display: Shaders left to compile 21
[2018.11.19-21.02.23:868][358]LogShaderCompilers: Display: Shaders left to compile 20
[2018.11.19-21.02.23:868][358]LogShaderCompilers: Display: Shaders left to compile 19
[2018.11.19-21.02.23:868][358]LogShaderCompilers: Display: Shaders left to compile 18
[2018.11.19-21.02.23:881][358]LogMaterial: Display: Missing cached shader map for material FMatExpressionPreview MaterialExpressionTextureSample_0, compiling. 
[2018.11.19-21.02.24:449][390]LogShaderCompilers: Display: Shaders left to compile 19
[2018.11.19-21.02.24:490][393]LogShaderCompilers: Display: Shaders left to compile 18
[2018.11.19-21.02.24:502][394]LogShaderCompilers: Display: Shaders left to compile 17
[2018.11.19-21.02.24:502][394]LogShaderCompilers: Display: Shaders left to compile 16
[2018.11.19-21.02.24:642][403]LogShaderCompilers: Display: Shaders left to compile 15
[2018.11.19-21.02.24:673][405]LogShaderCompilers: Display: Shaders left to compile 14
[2018.11.19-21.02.24:684][406]LogShaderCompilers: Display: Shaders left to compile 13
[2018.11.19-21.02.24:696][407]LogShaderCompilers: Display: Shaders left to compile 12
[2018.11.19-21.02.24:819][417]LogShaderCompilers: Display: Shaders left to compile 11
[2018.11.19-21.02.24:993][427]LogShaderCompilers: Display: Shaders left to compile 10
[2018.11.19-21.02.25:161][438]LogShaderCompilers: Display: Shaders left to compile 9
[2018.11.19-21.02.25:161][438]LogShaderCompilers: Display: Shaders left to compile 8
[2018.11.19-21.02.25:258][445]LogShaderCompilers: Display: Shaders left to compile 7
[2018.11.19-21.02.25:401][454]LogShaderCompilers: Display: Shaders left to compile 6
[2018.11.19-21.02.25:432][456]LogShaderCompilers: Display: Shaders left to compile 5
[2018.11.19-21.02.25:604][467]LogShaderCompilers: Display: Shaders left to compile 4
[2018.11.19-21.02.25:665][471]LogShaderCompilers: Display: Shaders left to compile 3
[2018.11.19-21.02.25:719][475]LogShaderCompilers: Display: Shaders left to compile 2
[2018.11.19-21.02.25:802][481]LogShaderCompilers: Display: Shaders left to compile 1
[2018.11.19-21.02.26:029][495]MaterialEditorStats: Base pass shader: 102 instructions
[2018.11.19-21.02.26:029][495]MaterialEditorStats: Base pass shader with Volumetric Lightmap: 175 instructions
[2018.11.19-21.02.26:029][495]MaterialEditorStats: Base pass vertex shader: 36 instructions
[2018.11.19-21.02.26:029][495]MaterialEditorStats: Texture samplers: 4/16
[2018.11.19-21.02.26:029][495]MaterialEditorStats: Texture Lookups (Est.): VS(0), PS(1)
[2018.11.19-21.02.26:029][495]MaterialEditorStats: User interpolators: 2/4 Scalars (1/4 Vectors) (TexCoords: 2, Custom: 0)
[2018.11.19-21.02.28:261][750]LogMaterial: Display: Missing cached shader map for material PreviewMaterial_0, compiling. 
[2018.11.19-21.02.28:310][751]LogShaderCompilers: Display: Shaders left to compile 21
[2018.11.19-21.02.28:310][751]LogShaderCompilers: Display: Shaders left to compile 20
[2018.11.19-21.02.28:310][751]LogShaderCompilers: Display: Shaders left to compile 19
[2018.11.19-21.02.28:310][751]LogShaderCompilers: Display: Shaders left to compile 18
[2018.11.19-21.02.28:523][766]LogShaderCompilers: Display: Shaders left to compile 17
[2018.11.19-21.02.28:538][767]LogShaderCompilers: Display: Shaders left to compile 16
[2018.11.19-21.02.28:548][768]LogShaderCompilers: Display: Shaders left to compile 15
[2018.11.19-21.02.28:548][768]LogShaderCompilers: Display: Shaders left to compile 14
[2018.11.19-21.02.28:704][779]LogShaderCompilers: Display: Shaders left to compile 13
[2018.11.19-21.02.28:717][780]LogShaderCompilers: Display: Shaders left to compile 12
[2018.11.19-21.02.28:727][781]LogShaderCompilers: Display: Shaders left to compile 11
[2018.11.19-21.02.28:738][782]LogShaderCompilers: Display: Shaders left to compile 10
[2018.11.19-21.02.28:878][792]LogShaderCompilers: Display: Shaders left to compile 9
[2018.11.19-21.02.28:999][799]LogShaderCompilers: Display: Shaders left to compile 8
[2018.11.19-21.02.29:149][809]LogShaderCompilers: Display: Shaders left to compile 7
[2018.11.19-21.02.29:165][810]LogShaderCompilers: Display: Shaders left to compile 6
[2018.11.19-21.02.29:282][817]LogShaderCompilers: Display: Shaders left to compile 5
[2018.11.19-21.02.29:432][826]LogShaderCompilers: Display: Shaders left to compile 4
[2018.11.19-21.02.29:432][826]LogShaderCompilers: Display: Shaders left to compile 3
[2018.11.19-21.02.29:579][837]LogShaderCompilers: Display: Shaders left to compile 2
[2018.11.19-21.02.29:671][844]LogShaderCompilers: Display: Shaders left to compile 1
[2018.11.19-21.02.29:942][865]MaterialEditorStats: Base pass shader: 102 instructions
[2018.11.19-21.02.29:942][865]MaterialEditorStats: Base pass shader with Volumetric Lightmap: 175 instructions
[2018.11.19-21.02.29:942][865]MaterialEditorStats: Base pass vertex shader: 36 instructions
[2018.11.19-21.02.29:942][865]MaterialEditorStats: Texture samplers: 4/16
[2018.11.19-21.02.29:942][865]MaterialEditorStats: Texture Lookups (Est.): VS(0), PS(1)
[2018.11.19-21.02.29:942][865]MaterialEditorStats: User interpolators: 2/4 Scalars (1/4 Vectors) (TexCoords: 2, Custom: 0)
[2018.11.19-21.02.31:764][ 54]LogMaterial: Display: Missing cached shader map for material PreviewMaterial_0, compiling. 
[2018.11.19-21.02.31:778][ 54]LogShaderCompilers: Display: Shaders left to compile 21
[2018.11.19-21.02.31:778][ 54]LogShaderCompilers: Display: Shaders left to compile 20
[2018.11.19-21.02.31:778][ 54]LogShaderCompilers: Display: Shaders left to compile 19
[2018.11.19-21.02.31:778][ 54]LogShaderCompilers: Display: Shaders left to compile 18
[2018.11.19-21.02.31:778][ 54]LogMaterial: Display: Missing cached shader map for material FMatExpressionPreview MaterialExpressionTextureSample_0, compiling. 
[2018.11.19-21.02.32:017][ 68]LogShaderCompilers: Display: Shaders left to compile 19
[2018.11.19-21.02.32:033][ 69]LogShaderCompilers: Display: Shaders left to compile 18
[2018.11.19-21.02.32:048][ 70]LogShaderCompilers: Display: Shaders left to compile 17
[2018.11.19-21.02.32:058][ 71]LogShaderCompilers: Display: Shaders left to compile 16
[2018.11.19-21.02.32:206][ 81]LogShaderCompilers: Display: Shaders left to compile 15
[2018.11.19-21.02.32:221][ 82]LogShaderCompilers: Display: Shaders left to compile 14
[2018.11.19-21.02.32:233][ 83]LogShaderCompilers: Display: Shaders left to compile 13
[2018.11.19-21.02.32:241][ 84]LogShaderCompilers: Display: Shaders left to compile 12
[2018.11.19-21.02.32:362][ 93]LogShaderCompilers: Display: Shaders left to compile 11
[2018.11.19-21.02.32:506][101]LogShaderCompilers: Display: Shaders left to compile 10
[2018.11.19-21.02.32:632][110]LogShaderCompilers: Display: Shaders left to compile 9
[2018.11.19-21.02.32:671][113]LogShaderCompilers: Display: Shaders left to compile 8
[2018.11.19-21.02.32:754][119]LogShaderCompilers: Display: Shaders left to compile 7
[2018.11.19-21.02.32:872][128]LogShaderCompilers: Display: Shaders left to compile 6
[2018.11.19-21.02.32:890][129]LogShaderCompilers: Display: Shaders left to compile 5
[2018.11.19-21.02.33:054][141]LogShaderCompilers: Display: Shaders left to compile 4
[2018.11.19-21.02.33:111][145]LogShaderCompilers: Display: Shaders left to compile 3
[2018.11.19-21.02.33:182][150]LogShaderCompilers: Display: Shaders left to compile 2
[2018.11.19-21.02.33:262][155]LogShaderCompilers: Display: Shaders left to compile 1
[2018.11.19-21.02.33:463][168]MaterialEditorStats: Base pass shader: 102 instructions
[2018.11.19-21.02.33:463][168]MaterialEditorStats: Base pass shader with Volumetric Lightmap: 175 instructions
[2018.11.19-21.02.33:463][168]MaterialEditorStats: Base pass vertex shader: 36 instructions
[2018.11.19-21.02.33:463][168]MaterialEditorStats: Texture samplers: 4/16
[2018.11.19-21.02.33:463][168]MaterialEditorStats: Texture Lookups (Est.): VS(0), PS(1)
[2018.11.19-21.02.33:463][168]MaterialEditorStats: User interpolators: 2/4 Scalars (1/4 Vectors) (TexCoords: 2, Custom: 0)
[2018.11.19-21.02.39:009][641]LogMaterial: Display: Missing cached shader map for material PreviewMaterial_0, compiling. 
[2018.11.19-21.02.39:023][641]LogMaterial: Display: Missing cached shader map for material PreviewMaterial_0, compiling. 
[2018.11.19-21.02.39:042][642]LogShaderCompilers: Display: Shaders left to compile 21
[2018.11.19-21.02.39:042][642]LogShaderCompilers: Display: Shaders left to compile 20
[2018.11.19-21.02.39:042][642]LogShaderCompilers: Display: Shaders left to compile 19
[2018.11.19-21.02.39:042][642]LogShaderCompilers: Display: Shaders left to compile 18
[2018.11.19-21.02.39:285][660]LogShaderCompilers: Display: Shaders left to compile 17
[2018.11.19-21.02.39:285][660]LogShaderCompilers: Display: Shaders left to compile 16
[2018.11.19-21.02.39:298][661]LogShaderCompilers: Display: Shaders left to compile 15
[2018.11.19-21.02.39:309][662]LogShaderCompilers: Display: Shaders left to compile 14
[2018.11.19-21.02.39:471][672]LogShaderCompilers: Display: Shaders left to compile 13
[2018.11.19-21.02.39:484][673]LogShaderCompilers: Display: Shaders left to compile 12
[2018.11.19-21.02.39:509][675]LogShaderCompilers: Display: Shaders left to compile 11
[2018.11.19-21.02.39:522][676]LogShaderCompilers: Display: Shaders left to compile 10
[2018.11.19-21.02.39:643][684]LogShaderCompilers: Display: Shaders left to compile 9
[2018.11.19-21.02.39:783][690]LogShaderCompilers: Display: Shaders left to compile 8
[2018.11.19-21.02.39:905][698]LogShaderCompilers: Display: Shaders left to compile 7
[2018.11.19-21.02.39:946][701]LogShaderCompilers: Display: Shaders left to compile 6
[2018.11.19-21.02.40:050][708]LogShaderCompilers: Display: Shaders left to compile 5
[2018.11.19-21.02.40:176][716]LogShaderCompilers: Display: Shaders left to compile 4
[2018.11.19-21.02.40:211][718]LogShaderCompilers: Display: Shaders left to compile 3
[2018.11.19-21.02.40:397][729]LogShaderCompilers: Display: Shaders left to compile 2
[2018.11.19-21.02.40:465][733]LogShaderCompilers: Display: Shaders left to compile 1
[2018.11.19-21.02.40:764][756]MaterialEditorStats: Base pass shader: 103 instructions
[2018.11.19-21.02.40:764][756]MaterialEditorStats: Base pass shader with Volumetric Lightmap: 176 instructions
[2018.11.19-21.02.40:764][756]MaterialEditorStats: Base pass vertex shader: 36 instructions
[2018.11.19-21.02.40:764][756]MaterialEditorStats: Texture samplers: 4/16
[2018.11.19-21.02.40:764][756]MaterialEditorStats: Texture Lookups (Est.): VS(0), PS(1)
[2018.11.19-21.02.40:764][756]MaterialEditorStats: User interpolators: 2/4 Scalars (1/4 Vectors) (TexCoords: 2, Custom: 0)
[2018.11.19-21.02.41:278][797]LogMaterial: Display: Missing cached shader map for material PreviewMaterial_0, compiling. 
[2018.11.19-21.02.41:296][798]LogShaderCompilers: Display: Shaders left to compile 21
[2018.11.19-21.02.41:296][798]LogShaderCompilers: Display: Shaders left to compile 20
[2018.11.19-21.02.41:296][798]LogShaderCompilers: Display: Shaders left to compile 19
[2018.11.19-21.02.41:296][798]LogShaderCompilers: Display: Shaders left to compile 18
[2018.11.19-21.02.41:360][805]LogMaterialEditor: Applying material texturemanny_Mat
[2018.11.19-21.02.42:018][805]LogShaderCompilers: Display: Shaders left to compile 17
[2018.11.19-21.02.42:018][805]LogShaderCompilers: Display: Shaders left to compile 16
[2018.11.19-21.02.42:018][805]LogShaderCompilers: Display: Shaders left to compile 15
[2018.11.19-21.02.42:018][805]LogShaderCompilers: Display: Shaders left to compile 14
[2018.11.19-21.02.42:018][805]LogShaderCompilers: Display: Shaders left to compile 13
[2018.11.19-21.02.42:018][805]LogShaderCompilers: Display: Shaders left to compile 12
[2018.11.19-21.02.42:018][805]LogShaderCompilers: Display: Shaders left to compile 11
[2018.11.19-21.02.42:018][805]LogShaderCompilers: Display: Shaders left to compile 10
[2018.11.19-21.02.42:018][805]LogShaderCompilers: Display: Shaders left to compile 9
[2018.11.19-21.02.42:018][805]LogShaderCompilers: Display: Shaders left to compile 8
[2018.11.19-21.02.42:018][805]LogShaderCompilers: Display: Shaders left to compile 7
[2018.11.19-21.02.42:042][805]LogMaterial: Display: Missing cached shader map for material PreviewMaterial_0, compiling. 
[2018.11.19-21.02.42:092][805]LogShaderCompilers: Display: Shaders left to compile 21
[2018.11.19-21.02.42:119][805]LogMaterial: Display: Missing cached shader map for material texturemanny_Mat, compiling. 
[2018.11.19-21.02.42:148][805]LogShaderCompilers: Display: Shaders left to compile 42
[2018.11.19-21.02.42:151][805]LogMaterial: Display: Missing cached shader map for material texturemanny_Mat, compiling. 
[2018.11.19-21.02.42:210][805]LogMaterial: Display: Missing cached shader map for material FDebugViewModeMaterialProxy texturemanny_Mat, compiling. 
[2018.11.19-21.02.43:447][805]LogShaderCompilers: Display: Shaders left to compile 42
[2018.11.19-21.02.43:447][805]LogShaderCompilers: Display: Shaders left to compile 41
[2018.11.19-21.02.43:447][805]LogShaderCompilers: Display: Shaders left to compile 40
[2018.11.19-21.02.43:447][805]LogShaderCompilers: Display: Shaders left to compile 39
[2018.11.19-21.02.43:447][805]LogShaderCompilers: Display: Shaders left to compile 38
[2018.11.19-21.02.43:447][805]LogShaderCompilers: Display: Shaders left to compile 37
[2018.11.19-21.02.43:447][805]LogShaderCompilers: Display: Shaders left to compile 36
[2018.11.19-21.02.43:447][805]LogShaderCompilers: Display: Shaders left to compile 35
[2018.11.19-21.02.43:447][805]LogShaderCompilers: Display: Shaders left to compile 34
[2018.11.19-21.02.43:447][805]LogShaderCompilers: Display: Shaders left to compile 33
[2018.11.19-21.02.43:447][805]LogShaderCompilers: Display: Shaders left to compile 32
[2018.11.19-21.02.43:447][805]LogShaderCompilers: Display: Shaders left to compile 31
[2018.11.19-21.02.43:447][805]LogShaderCompilers: Display: Shaders left to compile 30
[2018.11.19-21.02.43:447][805]LogShaderCompilers: Display: Shaders left to compile 29
[2018.11.19-21.02.43:447][805]LogShaderCompilers: Display: Shaders left to compile 28
[2018.11.19-21.02.43:447][805]LogShaderCompilers: Display: Shaders left to compile 27
[2018.11.19-21.02.43:447][805]LogShaderCompilers: Display: Shaders left to compile 26
[2018.11.19-21.02.43:448][805]LogShaderCompilers: Display: Shaders left to compile 25
[2018.11.19-21.02.43:448][805]LogShaderCompilers: Display: Shaders left to compile 24
[2018.11.19-21.02.43:448][805]LogShaderCompilers: Display: Shaders left to compile 23
[2018.11.19-21.02.43:448][805]LogShaderCompilers: Display: Shaders left to compile 22
[2018.11.19-21.02.43:448][805]LogShaderCompilers: Display: Shaders left to compile 12
[2018.11.19-21.02.43:448][805]LogShaderCompilers: Display: Shaders left to compile 2
[2018.11.19-21.02.43:450][805]TextureStreamingBuild: Display: Compiling optional shaders took 1.249 seconds.
[2018.11.19-21.02.45:998][  9]MaterialEditorStats: Base pass shader: 103 instructions
[2018.11.19-21.02.45:998][  9]MaterialEditorStats: Base pass shader with Volumetric Lightmap: 176 instructions
[2018.11.19-21.02.45:998][  9]MaterialEditorStats: Base pass vertex shader: 36 instructions
[2018.11.19-21.02.45:998][  9]MaterialEditorStats: Texture samplers: 4/16
[2018.11.19-21.02.45:998][  9]MaterialEditorStats: Texture Lookups (Est.): VS(0), PS(1)
[2018.11.19-21.02.45:998][  9]MaterialEditorStats: User interpolators: 2/4 Scalars (1/4 Vectors) (TexCoords: 2, Custom: 0)
[2018.11.19-21.02.56:281][624]LogSlate: FSceneViewport::OnFocusLost() reason 2
[2018.11.19-21.02.57:872][624]LogSavePackage: Moving '../../../../../../Users/u1121225/Documents/GitHub/AssetPipeMaster01/APsec1LargeCityBase/Saved/StreetSceneLarge_SLH4DF8BD8E446C0E5D7CD8A1880DF41007.tmp' to '../../../../../../Users/u1121225/Documents/GitHub/AssetPipeMaster01/APsec1LargeCityBase/Content/StreetSceneLarge_SLH.umap'
[2018.11.19-21.02.58:001][624]LogSavePackage: Moving '../../../../../../Users/u1121225/Documents/GitHub/AssetPipeMaster01/APsec1LargeCityBase/Saved/StreetSceneLarge_SLH_BuiltData6355E140410A0E85C4245B94AAE81A42.tmp' to '../../../../../../Users/u1121225/Documents/GitHub/AssetPipeMaster01/APsec1LargeCityBase/Content/StreetSceneLarge_SLH_BuiltData.uasset'
[2018.11.19-21.02.59:022][674]LogSlate: FSceneViewport::OnFocusLost() reason 0
[2018.11.19-21.03.00:636][685]LogSlate: Window 'Save Content' being destroyed
[2018.11.19-21.03.00:829][685]LogSavePackage: Moving '../../../../../../Users/u1121225/Documents/GitHub/AssetPipeMaster01/APsec1LargeCityBase/Saved/texturemannyCBA03EDC414A3421FA21CABA6F9331F8.tmp' to '../../../../../../Users/u1121225/Documents/GitHub/AssetPipeMaster01/APsec1LargeCityBase/Content/Sarenna_Haddad/texturemanny.uasset'
[2018.11.19-21.03.00:867][685]LogSavePackage: Moving '../../../../../../Users/u1121225/Documents/GitHub/AssetPipeMaster01/APsec1LargeCityBase/Saved/texturemanny_Mat4522B1A44788D03C69054298FCB4BA1E.tmp' to '../../../../../../Users/u1121225/Documents/GitHub/AssetPipeMaster01/APsec1LargeCityBase/Content/Sarenna_Haddad/texturemanny_Mat.uasset'
[2018.11.19-21.03.00:955][685]LogSlate: Window 'texturemanny_Mat' being destroyed
[2018.11.19-21.03.01:039][685]LogSlate: Window 'APsec1LargeCityBase - Unreal Editor' being destroyed
[2018.11.19-21.03.01:040][685]LogWindowsTextInputMethodSystem: Display: IME system now deactivated.
[2018.11.19-21.03.01:228][686]Cmd: QUIT_EDITOR
[2018.11.19-21.03.01:260][686]LogExit: Preparing to exit.
[2018.11.19-21.03.01:422][686]LogExit: Editor shut down
[2018.11.19-21.03.01:423][686]LogExit: Transaction tracking system shut down
[2018.11.19-21.03.02:154][686]LogExit: Object subsystem successfully closed.
[2018.11.19-21.03.02:180][686]LogShaderCompilers: Display: Shaders left to compile 0
[2018.11.19-21.03.02:181][686]LogD3D11RHI: Shutdown
[2018.11.19-21.03.02:181][686]LogD3D11RHI: CleanupD3DDevice
[2018.11.19-21.03.02:186][686]LogD3D11RHI: ~FD3D11DynamicRHI
[2018.11.19-21.03.02:207][686]LogModuleManager: Shutting down and abandoning module MeshBuilder (614)
[2018.11.19-21.03.02:207][686]LogModuleManager: Shutting down and abandoning module HierarchicalLODOutliner (612)
[2018.11.19-21.03.02:207][686]LogModuleManager: Shutting down and abandoning module SceneOutliner (610)
[2018.11.19-21.03.02:207][686]LogModuleManager: Shutting down and abandoning module AddContentDialog (608)
[2018.11.19-21.03.02:209][686]LogModuleManager: Shutting down and abandoning module WidgetCarousel (607)
[2018.11.19-21.03.02:209][686]LogModuleManager: Shutting down and abandoning module EditorWidgets (604)
[2018.11.19-21.03.02:209][686]LogModuleManager: Shutting down and abandoning module CollectionManager (602)
[2018.11.19-21.03.02:209][686]LogModuleManager: Shutting down and abandoning module HierarchicalLODUtilities (600)
[2018.11.19-21.03.02:209][686]LogModuleManager: Shutting down and abandoning module StatsViewer (598)
[2018.11.19-21.03.02:209][686]LogModuleManager: Shutting down and abandoning module FoliageEdit (596)
[2018.11.19-21.03.02:209][686]LogModuleManager: Shutting down and abandoning module LandscapeEditor (594)
[2018.11.19-21.03.02:209][686]LogModuleManager: Shutting down and abandoning module MeshPaintMode (592)
[2018.11.19-21.03.02:209][686]LogModuleManager: Shutting down and abandoning module SceneDepthPickerMode (590)
[2018.11.19-21.03.02:209][686]LogModuleManager: Shutting down and abandoning module ActorPickerMode (588)
[2018.11.19-21.03.02:209][686]LogModuleManager: Shutting down and abandoning module GeometryMode (586)
[2018.11.19-21.03.02:209][686]LogModuleManager: Shutting down and abandoning module TextureAlignMode (584)
[2018.11.19-21.03.02:209][686]LogModuleManager: Shutting down and abandoning module BspMode (582)
[2018.11.19-21.03.02:209][686]LogModuleManager: Shutting down and abandoning module PIEPreviewDeviceProfileSelector (580)
[2018.11.19-21.03.02:209][686]LogModuleManager: Shutting down and abandoning module SequenceRecorderSections (578)
[2018.11.19-21.03.02:209][686]LogModuleManager: Shutting down and abandoning module AutomationWorker (576)
[2018.11.19-21.03.02:210][686]LogModuleManager: Shutting down and abandoning module AudioCaptureEditor (574)
[2018.11.19-21.03.02:210][686]LogModuleManager: Shutting down and abandoning module SequenceRecorder (573)
[2018.11.19-21.03.02:210][686]LogModuleManager: Shutting down and abandoning module MatineeToLevelSequence (570)
[2018.11.19-21.03.02:210][686]LogModuleManager: Shutting down and abandoning module LevelSequenceEditor (568)
[2018.11.19-21.03.02:210][686]LogModuleManager: Shutting down and abandoning module PlacementMode (567)
[2018.11.19-21.03.02:210][686]LogModuleManager: Shutting down and abandoning module MaterialEditor (566)
[2018.11.19-21.03.02:210][686]LogModuleManager: Shutting down and abandoning module WmfMediaFactory (562)
[2018.11.19-21.03.02:210][686]LogModuleManager: Shutting down and abandoning module WmfMediaEditor (560)
[2018.11.19-21.03.02:210][686]LogModuleManager: Shutting down and abandoning module MediaPlayerEditor (558)
[2018.11.19-21.03.02:210][686]LogModuleManager: Shutting down and abandoning module OpenExrWrapper (556)
[2018.11.19-21.03.02:210][686]LogModuleManager: Shutting down and abandoning module ImgMediaFactory (554)
[2018.11.19-21.03.02:210][686]LogModuleManager: Shutting down and abandoning module ImgMediaEditor (552)
[2018.11.19-21.03.02:210][686]LogModuleManager: Shutting down and abandoning module AvfMediaFactory (550)
[2018.11.19-21.03.02:210][686]LogModuleManager: Shutting down and abandoning module AvfMediaEditor (548)
[2018.11.19-21.03.02:210][686]LogModuleManager: Shutting down and abandoning module AndroidMediaFactory (546)
[2018.11.19-21.03.02:210][686]LogModuleManager: Shutting down and abandoning module AndroidMediaEditor (544)
[2018.11.19-21.03.02:210][686]LogModuleManager: Shutting down and abandoning module MagicLeapCameraPreviewFactory (542)
[2018.11.19-21.03.02:210][686]LogModuleManager: Shutting down and abandoning module MagicLeapMediaFactory (540)
[2018.11.19-21.03.02:210][686]LogModuleManager: Shutting down and abandoning module MagicLeapMediaEditor (538)
[2018.11.19-21.03.02:210][686]LogModuleManager: Shutting down and abandoning module CharacterAI (536)
[2018.11.19-21.03.02:210][686]LogModuleManager: Shutting down and abandoning module SmartSnapping (534)
[2018.11.19-21.03.02:210][686]LogModuleManager: Shutting down and abandoning module SessionServices (532)
[2018.11.19-21.03.02:210][686]LogModuleManager: Shutting down and abandoning module ViewportSnapping (530)
[2018.11.19-21.03.02:210][686]LogModuleManager: Shutting down and abandoning module ViewportInteraction (528)
[2018.11.19-21.03.02:210][686]LogModuleManager: Shutting down and abandoning module ClothPainter (526)
[2018.11.19-21.03.02:210][686]LogModuleManager: Shutting down and abandoning module SkeletalMeshEditor (525)
[2018.11.19-21.03.02:210][686]LogModuleManager: Shutting down and abandoning module LogVisualizer (522)
[2018.11.19-21.03.02:210][686]LogModuleManager: Shutting down and abandoning module IntroTutorials (520)
[2018.11.19-21.03.02:210][686]LogModuleManager: Shutting down and abandoning module GameProjectGeneration (519)
[2018.11.19-21.03.02:210][686]LogModuleManager: Shutting down and abandoning module LuminPlatformEditor (516)
[2018.11.19-21.03.02:210][686]LogModuleManager: Shutting down and abandoning module IOSPlatformEditor (514)
[2018.11.19-21.03.02:210][686]LogModuleManager: Shutting down and abandoning module HTML5PlatformEditor (512)
[2018.11.19-21.03.02:210][686]LogModuleManager: Shutting down and abandoning module AndroidPlatformEditor (510)
[2018.11.19-21.03.02:210][686]LogModuleManager: Shutting down and abandoning module AndroidDeviceDetection (509)
[2018.11.19-21.03.02:356][686]LogModuleManager: Shutting down and abandoning module WindowsPlatformEditor (506)
[2018.11.19-21.03.02:356][686]LogModuleManager: Shutting down and abandoning module LuminRuntimeSettings (504)
[2018.11.19-21.03.02:356][686]LogModuleManager: Shutting down and abandoning module IOSRuntimeSettings (502)
[2018.11.19-21.03.02:356][686]LogModuleManager: Shutting down and abandoning module AndroidRuntimeSettings (500)
[2018.11.19-21.03.02:356][686]LogModuleManager: Shutting down and abandoning module InputBindingEditor (498)
[2018.11.19-21.03.02:356][686]LogModuleManager: Shutting down and abandoning module MergeActors (496)
[2018.11.19-21.03.02:356][686]LogModuleManager: Shutting down and abandoning module LocalizationDashboard (494)
[2018.11.19-21.03.02:356][686]LogModuleManager: Shutting down and abandoning module LocalizationService (493)
[2018.11.19-21.03.02:356][686]LogModuleManager: Shutting down and abandoning module HardwareTargeting (490)
[2018.11.19-21.03.02:356][686]LogModuleManager: Shutting down and abandoning module DeviceProfileEditor (488)
[2018.11.19-21.03.02:356][686]LogModuleManager: Shutting down and abandoning module UndoHistory (486)
[2018.11.19-21.03.02:356][686]LogModuleManager: Shutting down and abandoning module XmlParser (484)
[2018.11.19-21.03.02:356][686]LogModuleManager: Shutting down and abandoning module Blutility (482)
[2018.11.19-21.03.02:356][686]LogModuleManager: Shutting down and abandoning module ProjectSettingsViewer (480)
[2018.11.19-21.03.02:356][686]LogModuleManager: Shutting down and abandoning module ProjectTargetPlatformEditor (479)
[2018.11.19-21.03.02:356][686]LogModuleManager: Shutting down and abandoning module EditorSettingsViewer (476)
[2018.11.19-21.03.02:356][686]LogModuleManager: Shutting down and abandoning module SettingsEditor (474)
[2018.11.19-21.03.02:356][686]LogModuleManager: Shutting down and abandoning module ProjectLauncher (472)
[2018.11.19-21.03.02:356][686]LogModuleManager: Shutting down and abandoning module SessionFrontend (470)
[2018.11.19-21.03.02:356][686]LogModuleManager: Shutting down and abandoning module ProfilerClient (468)
[2018.11.19-21.03.02:356][686]LogModuleManager: Shutting down and abandoning module DeviceManager (466)
[2018.11.19-21.03.02:356][686]LogModuleManager: Shutting down and abandoning module TargetDeviceServices (465)
[2018.11.19-21.03.02:421][686]LogModuleManager: Shutting down and abandoning module AutomationController (462)
[2018.11.19-21.03.02:421][686]LogModuleManager: Shutting down and abandoning module AutomationWindow (460)
[2018.11.19-21.03.02:421][686]LogModuleManager: Shutting down and abandoning module Layers (458)
[2018.11.19-21.03.02:421][686]LogModuleManager: Shutting down and abandoning module ComponentVisualizers (456)
[2018.11.19-21.03.02:421][686]LogModuleManager: Shutting down and abandoning module DetailCustomizations (454)
[2018.11.19-21.03.02:421][686]LogModuleManager: Shutting down and abandoning module PackagesDialog (452)
[2018.11.19-21.03.02:421][686]LogModuleManager: Shutting down and abandoning module Persona (450)
[2018.11.19-21.03.02:421][686]LogModuleManager: Shutting down and abandoning module AdvancedPreviewScene (449)
[2018.11.19-21.03.02:421][686]LogModuleManager: Shutting down and abandoning module AnimGraph (447)
[2018.11.19-21.03.02:421][686]LogModuleManager: Shutting down and abandoning module Kismet (444)
[2018.11.19-21.03.02:421][686]LogModuleManager: Shutting down and abandoning module GraphEditor (442)
[2018.11.19-21.03.02:421][686]LogModuleManager: Shutting down and abandoning module ClassViewer (440)
[2018.11.19-21.03.02:421][686]LogModuleManager: Shutting down and abandoning module Toolbox (438)
[2018.11.19-21.03.02:421][686]LogModuleManager: Shutting down and abandoning module ModuleUI (436)
[2018.11.19-21.03.02:421][686]LogModuleManager: Shutting down and abandoning module MovieSceneTools (434)
[2018.11.19-21.03.02:421][686]LogModuleManager: Shutting down and abandoning module OutputLog (432)
[2018.11.19-21.03.02:421][686]LogModuleManager: Shutting down and abandoning module GammaUI (430)
[2018.11.19-21.03.02:422][686]LogModuleManager: Shutting down and abandoning module Documentation (428)
[2018.11.19-21.03.02:422][686]LogModuleManager: Shutting down and abandoning module MovieSceneTracks (426)
[2018.11.19-21.03.02:422][686]LogModuleManager: Shutting down and abandoning module MovieScene (424)
[2018.11.19-21.03.02:422][686]LogModuleManager: Shutting down and abandoning module StreamingPauseRendering (422)
[2018.11.19-21.03.02:422][686]LogModuleManager: Shutting down and abandoning module LauncherPlatform (420)
[2018.11.19-21.03.02:422][686]LogModuleManager: Shutting down and abandoning module AnalyticsET (418)
[2018.11.19-21.03.02:422][686]LogModuleManager: Shutting down and abandoning module PortalServices (416)
[2018.11.19-21.03.02:422][686]LogModuleManager: Shutting down and abandoning module PortalRpc (414)
[2018.11.19-21.03.02:422][686]LogModuleManager: Shutting down and abandoning module MessagingRpc (412)
[2018.11.19-21.03.02:422][686]LogModuleManager: Shutting down and abandoning module AIModule (410)
[2018.11.19-21.03.02:422][686]LogModuleManager: Shutting down and abandoning module GameplayDebugger (409)
[2018.11.19-21.03.02:422][686]LogModuleManager: Shutting down and abandoning module AITestSuite (407)
[2018.11.19-21.03.02:422][686]LogModuleManager: Shutting down and abandoning module NavigationSystem (405)
[2018.11.19-21.03.02:422][686]LogModuleManager: Shutting down and abandoning module DesktopPlatform (402)
[2018.11.19-21.03.02:422][686]LogModuleManager: Shutting down and abandoning module ProfilerService (400)
[2018.11.19-21.03.02:581][686]LogModuleManager: Shutting down and abandoning module TaskGraph (398)
[2018.11.19-21.03.02:581][686]LogModuleManager: Shutting down and abandoning module SteamVRController (396)
[2018.11.19-21.03.02:581][686]LogModuleManager: Shutting down and abandoning module ProceduralMeshComponentEditor (394)
[2018.11.19-21.03.02:581][686]LogModuleManager: Shutting down and abandoning module ProceduralMeshComponent (392)
[2018.11.19-21.03.02:581][686]LogModuleManager: Shutting down and abandoning module OculusInput (390)
[2018.11.19-21.03.02:581][686]LogModuleManager: Shutting down and abandoning module MobilePatchingUtils (388)
[2018.11.19-21.03.02:581][686]LogModuleManager: Shutting down and abandoning module EditableMesh (386)
[2018.11.19-21.03.02:581][686]LogModuleManager: Shutting down and abandoning module CustomMeshComponent (384)
[2018.11.19-21.03.02:581][686]LogModuleManager: Shutting down and abandoning module CableComponent (382)
[2018.11.19-21.03.02:581][686]LogModuleManager: Shutting down and abandoning module AudioCapture (380)
[2018.11.19-21.03.02:581][686]LogModuleManager: Shutting down and abandoning module ArchVisCharacter (378)
[2018.11.19-21.03.02:581][686]LogModuleManager: Shutting down and abandoning module AndroidPermission (376)
[2018.11.19-21.03.02:582][686]LogModuleManager: Shutting down and abandoning module NUTUnrealEngine4 (374)
[2018.11.19-21.03.02:582][686]LogModuleManager: Shutting down and abandoning module NetcodeUnitTest (372)
[2018.11.19-21.03.02:582][686]LogModuleManager: Shutting down and abandoning module MediaCompositingEditor (370)
[2018.11.19-21.03.02:582][686]LogModuleManager: Shutting down and abandoning module MediaCompositing (368)
[2018.11.19-21.03.02:582][686]LogModuleManager: Shutting down and abandoning module LinearTimecode (366)
[2018.11.19-21.03.02:582][686]LogModuleManager: Shutting down and abandoning module ImgMedia (364)
[2018.11.19-21.03.02:585][686]LogModuleManager: Shutting down and abandoning module HTML5Networking (362)
[2018.11.19-21.03.02:585][686]LogModuleManager: Shutting down and abandoning module GeometryCacheTracks (360)
[2018.11.19-21.03.02:585][686]LogModuleManager: Shutting down and abandoning module GeometryCacheSequencer (358)
[2018.11.19-21.03.02:585][686]LogModuleManager: Shutting down and abandoning module BackChannel (356)
[2018.11.19-21.03.02:585][686]LogModuleManager: Shutting down and abandoning module AppleVision (354)
[2018.11.19-21.03.02:585][686]LogModuleManager: Shutting down and abandoning module AppleImageUtils (352)
[2018.11.19-21.03.02:585][686]LogModuleManager: Shutting down and abandoning module AlembicImporter (350)
[2018.11.19-21.03.02:585][686]LogModuleManager: Shutting down and abandoning module AlembicLibrary (349)
[2018.11.19-21.03.02:585][686]LogModuleManager: Shutting down and abandoning module GeometryCache (348)
[2018.11.19-21.03.02:585][686]LogModuleManager: Shutting down and abandoning module GeometryCacheEd (347)
[2018.11.19-21.03.02:585][686]LogModuleManager: Shutting down and abandoning module DatasmithContentEditor (342)
[2018.11.19-21.03.02:585][686]LogModuleManager: Shutting down and abandoning module DatasmithContent (340)
[2018.11.19-21.03.02:586][686]LogModuleManager: Shutting down and abandoning module SpeedTreeImporter (338)
[2018.11.19-21.03.02:586][686]LogModuleManager: Shutting down and abandoning module PluginBrowser (336)
[2018.11.19-21.03.02:586][686]LogModuleManager: Shutting down and abandoning module MobileLauncherProfileWizard (334)
[2018.11.19-21.03.02:586][686]LogModuleManager: Shutting down and abandoning module PolygonModeling (332)
[2018.11.19-21.03.02:586][686]LogModuleManager: Shutting down and abandoning module MeshEditor (330)
[2018.11.19-21.03.02:586][686]LogModuleManager: Shutting down and abandoning module CryptoKeysOpenSSL (328)
[2018.11.19-21.03.02:586][686]LogModuleManager: Shutting down and abandoning module CryptoKeys (326)
[2018.11.19-21.03.02:586][686]LogModuleManager: Shutting down and abandoning module VisualStudioSourceCodeAccess (324)
[2018.11.19-21.03.02:586][686]LogModuleManager: Shutting down and abandoning module VisualStudioCodeSourceCodeAccess (322)
[2018.11.19-21.03.02:586][686]LogModuleManager: Shutting down and abandoning module UObjectPlugin (320)
[2018.11.19-21.03.02:586][686]LogModuleManager: Shutting down and abandoning module SubversionSourceControl (318)
[2018.11.19-21.03.02:586][686]LogModuleManager: Shutting down and abandoning module PerforceSourceControl (316)
[2018.11.19-21.03.02:586][686]LogModuleManager: Shutting down and abandoning module GitSourceControl (314)
[2018.11.19-21.03.02:586][686]LogModuleManager: Shutting down and abandoning module SourceControl (313)
[2018.11.19-21.03.02:586][686]LogModuleManager: Shutting down and abandoning module CLionSourceCodeAccess (310)
[2018.11.19-21.03.02:586][686]LogModuleManager: Shutting down and abandoning module LightPropagationVolumeEditor (308)
[2018.11.19-21.03.02:586][686]LogModuleManager: Shutting down and abandoning module PaperTiledImporter (306)
[2018.11.19-21.03.02:586][686]LogModuleManager: Shutting down and abandoning module PaperSpriteSheetImporter (304)
[2018.11.19-21.03.02:586][686]LogModuleManager: Shutting down and abandoning module Paper2DEditor (302)
[2018.11.19-21.03.02:586][686]LogModuleManager: Shutting down and abandoning module MeshPaint (301)
[2018.11.19-21.03.02:586][686]LogModuleManager: Shutting down and abandoning module RuntimePhysXCooking (298)
[2018.11.19-21.03.02:586][686]LogModuleManager: Shutting down and abandoning module PhysXVehiclesEditor (296)
[2018.11.19-21.03.02:586][686]LogModuleManager: Shutting down and abandoning module PhysXVehicles (294)
[2018.11.19-21.03.02:586][686]LogModuleManager: Shutting down and abandoning module OculusEditor (292)
[2018.11.19-21.03.02:586][686]LogModuleManager: Shutting down and abandoning module LocationServicesBPLibrary (290)
[2018.11.19-21.03.02:586][686]LogModuleManager: Shutting down and abandoning module ImmediatePhysicsEditor (288)
[2018.11.19-21.03.02:586][686]LogModuleManager: Shutting down and abandoning module ImmediatePhysics (286)
[2018.11.19-21.03.02:586][686]LogModuleManager: Shutting down and abandoning module ActorSequence (284)
[2018.11.19-21.03.02:586][686]LogModuleManager: Shutting down and abandoning module UdpMessaging (282)
[2018.11.19-21.03.02:688][686]LogModuleManager: Shutting down and abandoning module TcpMessaging (280)
[2018.11.19-21.03.02:788][686]LogModuleManager: Shutting down and abandoning module MagicLeapAudio (278)
[2018.11.19-21.03.02:788][686]LogModuleManager: Shutting down and abandoning module GameplayTagsEditor (276)
[2018.11.19-21.03.02:788][686]LogModuleManager: Shutting down and abandoning module FacialAnimationEditor (274)
[2018.11.19-21.03.02:788][686]LogModuleManager: Shutting down and abandoning module FacialAnimation (272)
[2018.11.19-21.03.02:788][686]LogModuleManager: Shutting down and abandoning module DataValidation (270)
[2018.11.19-21.03.02:788][686]LogModuleManager: Shutting down and abandoning module AssetManagerEditor (268)
[2018.11.19-21.03.02:788][686]LogModuleManager: Shutting down and abandoning module LevelEditor (267)
[2018.11.19-21.03.02:789][686]LogModuleManager: Shutting down and abandoning module PixelInspectorModule (266)
[2018.11.19-21.03.02:789][686]LogModuleManager: Shutting down and abandoning module CommonMenuExtensions (264)
[2018.11.19-21.03.02:789][686]LogModuleManager: Shutting down and abandoning module MainFrame (262)
[2018.11.19-21.03.02:789][686]LogModuleManager: Shutting down and abandoning module HotReload (261)
[2018.11.19-21.03.02:789][686]LogModuleManager: Shutting down and abandoning module ContentBrowser (257)
[2018.11.19-21.03.02:790][686]LogModuleManager: Shutting down and abandoning module TreeMap (255)
[2018.11.19-21.03.02:790][686]LogModuleManager: Shutting down and abandoning module LightPropagationVolumeRuntime (252)
[2018.11.19-21.03.02:790][686]LogModuleManager: Shutting down and abandoning module AISupportModule (250)
[2018.11.19-21.03.02:790][686]LogModuleManager: Shutting down and abandoning module Paper2D (248)
[2018.11.19-21.03.02:790][686]LogModuleManager: Shutting down and abandoning module WindowsMoviePlayer (246)
[2018.11.19-21.03.02:790][686]LogModuleManager: Shutting down and abandoning module WmfMedia (244)
[2018.11.19-21.03.02:794][686]LogModuleManager: Shutting down and abandoning module Media (243)
[2018.11.19-21.03.02:800][686]LogModuleManager: Shutting down and abandoning module PacketHandler (240)
[2018.11.19-21.03.02:800][686]LogModuleManager: Shutting down and abandoning module ClothingSystemEditor (238)
[2018.11.19-21.03.02:800][686]LogModuleManager: Shutting down and abandoning module ClothingSystemRuntime (236)
[2018.11.19-21.03.02:800][686]LogModuleManager: Shutting down and abandoning module MediaAssets (234)
[2018.11.19-21.03.02:800][686]LogModuleManager: Shutting down and abandoning module Overlay (232)
[2018.11.19-21.03.02:800][686]LogModuleManager: Shutting down and abandoning module OverlayEditor (231)
[2018.11.19-21.03.02:800][686]LogModuleManager: Shutting down and abandoning module VREditor (228)
[2018.11.19-21.03.02:801][686]LogModuleManager: Shutting down and abandoning module StringTableEditor (226)
[2018.11.19-21.03.02:801][686]LogModuleManager: Shutting down and abandoning module GameplayTasksEditor (224)
[2018.11.19-21.03.02:801][686]LogModuleManager: Shutting down and abandoning module BehaviorTreeEditor (222)
[2018.11.19-21.03.02:801][686]LogModuleManager: Shutting down and abandoning module FunctionalTesting (220)
[2018.11.19-21.03.02:801][686]LogModuleManager: Shutting down and abandoning module CollisionAnalyzer (218)
[2018.11.19-21.03.02:801][686]LogModuleManager: Shutting down and abandoning module WorkspaceMenuStructure (217)
[2018.11.19-21.03.02:801][686]LogModuleManager: Shutting down and abandoning module UMG (214)
[2018.11.19-21.03.02:801][686]LogModuleManager: Shutting down and abandoning module UMGEditor (213)
[2018.11.19-21.03.02:801][686]LogModuleManager: Shutting down and abandoning module Sequencer (212)
[2018.11.19-21.03.02:801][686]LogModuleManager: Shutting down and abandoning module MessageLog (209)
[2018.11.19-21.03.02:801][686]LogModuleManager: Shutting down and abandoning module SlateReflector (204)
[2018.11.19-21.03.02:801][686]LogModuleManager: Shutting down and abandoning module Slate (202)
[2018.11.19-21.03.02:801][686]LogModuleManager: Shutting down and abandoning module EditorStyle (200)
[2018.11.19-21.03.02:803][686]LogModuleManager: Shutting down and abandoning module MRMesh (198)
[2018.11.19-21.03.02:803][686]LogModuleManager: Shutting down and abandoning module SourceCodeAccess (196)
[2018.11.19-21.03.02:803][686]LogModuleManager: Shutting down and abandoning module HeadMountedDisplay (194)
[2018.11.19-21.03.02:803][686]LogModuleManager: Shutting down and abandoning module XAudio2 (192)
[2018.11.19-21.03.02:803][686]LogModuleManager: Shutting down and abandoning module Networking (190)
[2018.11.19-21.03.02:803][686]LogModuleManager: Shutting down and abandoning module Core (188)
[2018.11.19-21.03.02:803][686]LogModuleManager: Shutting down and abandoning module LevelSequence (186)
[2018.11.19-21.03.02:803][686]LogModuleManager: Shutting down and abandoning module KismetCompiler (184)
[2018.11.19-21.03.02:803][686]LogModuleManager: Shutting down and abandoning module MeshUtilities (182)
[2018.11.19-21.03.02:803][686]LogModuleManager: Shutting down and abandoning module MeshMergeUtilities (181)
[2018.11.19-21.03.02:803][686]LogModuleManager: Shutting down and abandoning module MeshReductionInterface (180)
[2018.11.19-21.03.02:804][686]LogModuleManager: Shutting down and abandoning module SimplygonSwarm (179)
[2018.11.19-21.03.02:804][686]LogModuleManager: Shutting down and abandoning module ProxyLODMeshReduction (177)
[2018.11.19-21.03.02:804][686]LogModuleManager: Shutting down and abandoning module SimplygonMeshReduction (175)
[2018.11.19-21.03.02:804][686]LogModuleManager: Shutting down and abandoning module QuadricMeshReduction (173)
[2018.11.19-21.03.02:804][686]LogModuleManager: Shutting down and abandoning module MaterialBaking (169)
[2018.11.19-21.03.02:804][686]LogModuleManager: Shutting down and abandoning module DirectoryWatcher (165)
[2018.11.19-21.03.02:804][686]LogModuleManager: Shutting down and abandoning module DerivedDataCache (162)
[2018.11.19-21.03.02:896][686]LogDerivedDataCache: Shutdown
[2018.11.19-21.03.02:896][686]LogModuleManager: Shutting down and abandoning module XGEController (160)
[2018.11.19-21.03.02:896][686]LogModuleManager: Shutting down and abandoning module TargetPlatform (158)
[2018.11.19-21.03.02:896][686]LogModuleManager: Shutting down and abandoning module VulkanShaderFormat (157)
[2018.11.19-21.03.02:896][686]LogModuleManager: Shutting down and abandoning module ShaderFormatVectorVM (155)
[2018.11.19-21.03.02:896][686]LogModuleManager: Shutting down and abandoning module ShaderFormatOpenGL (153)
[2018.11.19-21.03.02:896][686]LogModuleManager: Shutting down and abandoning module ShaderFormatD3D (151)
[2018.11.19-21.03.02:896][686]LogModuleManager: Shutting down and abandoning module MetalShaderFormat (149)
[2018.11.19-21.03.02:896][686]LogModuleManager: Shutting down and abandoning module TextureFormatUncompressed (147)
[2018.11.19-21.03.02:896][686]LogModuleManager: Shutting down and abandoning module TextureFormatPVR (145)
[2018.11.19-21.03.02:896][686]LogModuleManager: Shutting down and abandoning module TextureFormatDXT (143)
[2018.11.19-21.03.02:896][686]LogModuleManager: Shutting down and abandoning module TextureFormatIntelISPCTexComp (141)
[2018.11.19-21.03.02:896][686]LogModuleManager: Shutting down and abandoning module TextureFormatASTC (139)
[2018.11.19-21.03.02:896][686]LogModuleManager: Shutting down and abandoning module ImageWrapper (138)
[2018.11.19-21.03.02:897][686]LogModuleManager: Shutting down and abandoning module TextureFormatAndroid (135)
[2018.11.19-21.03.02:897][686]LogModuleManager: Shutting down and abandoning module AudioFormatOpus (133)
[2018.11.19-21.03.02:897][686]LogModuleManager: Shutting down and abandoning module AudioFormatOgg (131)
[2018.11.19-21.03.02:897][686]LogModuleManager: Shutting down and abandoning module AudioFormatADPCM (129)
[2018.11.19-21.03.02:897][686]LogModuleManager: Shutting down and abandoning module LuminTargetPlatform (127)
[2018.11.19-21.03.02:897][686]LogModuleManager: Shutting down and abandoning module LinuxTargetPlatform (125)
[2018.11.19-21.03.02:897][686]LogModuleManager: Shutting down and abandoning module LinuxServerTargetPlatform (123)
[2018.11.19-21.03.02:897][686]LogModuleManager: Shutting down and abandoning module LinuxNoEditorTargetPlatform (121)
[2018.11.19-21.03.02:897][686]LogModuleManager: Shutting down and abandoning module LinuxClientTargetPlatform (119)
[2018.11.19-21.03.02:897][686]LogModuleManager: Shutting down and abandoning module TVOSTargetPlatform (117)
[2018.11.19-21.03.02:897][686]LogModuleManager: Shutting down and abandoning module Messaging (115)
[2018.11.19-21.03.02:897][686]LogModuleManager: Shutting down and abandoning module IOSTargetPlatform (113)
[2018.11.19-21.03.02:898][686]LogModuleManager: Shutting down and abandoning module HTML5TargetPlatform (111)
[2018.11.19-21.03.02:898][686]LogModuleManager: Shutting down and abandoning module AndroidTargetPlatform (109)
[2018.11.19-21.03.02:903][686]LogModuleManager: Shutting down and abandoning module WindowsTargetPlatform (107)
[2018.11.19-21.03.02:903][686]LogModuleManager: Shutting down and abandoning module WindowsServerTargetPlatform (105)
[2018.11.19-21.03.02:903][686]LogModuleManager: Shutting down and abandoning module WindowsNoEditorTargetPlatform (103)
[2018.11.19-21.03.02:903][686]LogModuleManager: Shutting down and abandoning module WindowsClientTargetPlatform (101)
[2018.11.19-21.03.02:903][686]LogModuleManager: Shutting down and abandoning module MacTargetPlatform (99)
[2018.11.19-21.03.02:903][686]LogModuleManager: Shutting down and abandoning module MacServerTargetPlatform (97)
[2018.11.19-21.03.02:903][686]LogModuleManager: Shutting down and abandoning module MacNoEditorTargetPlatform (95)
[2018.11.19-21.03.02:904][686]LogModuleManager: Shutting down and abandoning module MacClientTargetPlatform (93)
[2018.11.19-21.03.02:904][686]LogModuleManager: Shutting down and abandoning module AllDesktopTargetPlatform (91)
[2018.11.19-21.03.02:904][686]LogModuleManager: Shutting down and abandoning module InputCore (88)
[2018.11.19-21.03.02:904][686]LogModuleManager: Shutting down and abandoning module Settings (86)
[2018.11.19-21.03.02:904][686]LogModuleManager: Shutting down and abandoning module PhysXCooking (84)
[2018.11.19-21.03.02:904][686]LogModuleManager: Shutting down and abandoning module SteamVR (82)
[2018.11.19-21.03.02:904][686]LogModuleManager: Shutting down and abandoning module OculusHMD (80)
[2018.11.19-21.03.02:904][686]LogModuleManager: Shutting down and abandoning module ExampleDeviceProfileSelector (78)
[2018.11.19-21.03.02:904][686]LogModuleManager: Shutting down and abandoning module LauncherChunkInstaller (76)
[2018.11.19-21.03.02:904][686]LogModuleManager: Shutting down and abandoning module OnlineBlueprintSupport (74)
[2018.11.19-21.03.02:904][686]LogModuleManager: Shutting down and abandoning module OnlineSubsystem (70)
[2018.11.19-21.03.02:905][686]LogModuleManager: Shutting down and abandoning module XMPP (65)
[2018.11.19-21.03.02:905][686]LogModuleManager: Shutting down and abandoning module WebSockets (64)
[2018.11.19-21.03.02:935][686]LogModuleManager: Shutting down and abandoning module HTTP (61)
[2018.11.19-21.03.02:936][686]LogHttp: Display: Http module shutting down, but needs to wait on 1 outstanding Http requests:
[2018.11.19-21.03.02:936][686]LogHttp: Display: 	verb=[POST] url=[https://datarouter.ol.epicgames.com/datarouter/api/v1/public/data?SessionID=%7B46D88B4F-426A-26DD-1709-72A72E17B638%7D&AppID=UEEditor.Rocket.Release&AppVersion=4.20.3-4212847%2B%2B%2BUE4%2BRelease-4.20&UserID=c8f9b9314b4ae0bec5edb3ab34dcf466%7Cc91b9e372cff4044892d48c512e82abf%7C780c3427-c555-4217-9f7d-feeee12fbce9&AppEnvironment=datacollector-binary&UploadType=eteventstream] status=Processing
[2018.11.19-21.03.02:954][686]LogModuleManager: Shutting down and abandoning module SSL (60)
[2018.11.19-21.03.02:954][686]LogModuleManager: Shutting down and abandoning module MagicLeapEmulator (56)
[2018.11.19-21.03.02:954][686]LogModuleManager: Shutting down and abandoning module MagicLeapPrivileges (54)
[2018.11.19-21.03.02:954][686]LogModuleManager: Shutting down and abandoning module MagicLeapIdentity (52)
[2018.11.19-21.03.02:954][686]LogModuleManager: Shutting down and abandoning module MagicLeapHelperVulkan (50)
[2018.11.19-21.03.02:954][686]LogModuleManager: Shutting down and abandoning module MagicLeapHelperOpenGL (48)
[2018.11.19-21.03.02:955][686]LogModuleManager: Shutting down and abandoning module MagicLeapSecureStorage (46)
[2018.11.19-21.03.02:955][686]LogModuleManager: Shutting down and abandoning module MagicLeapGestures (44)
[2018.11.19-21.03.02:955][686]LogModuleManager: Shutting down and abandoning module MagicLeapEyeTracker (42)
[2018.11.19-21.03.02:955][686]LogModuleManager: Shutting down and abandoning module MagicLeapController (40)
[2018.11.19-21.03.02:955][686]LogSlate: Slate User Destroyed.  User Index 0, Is Virtual User: 0
[2018.11.19-21.03.02:955][686]LogModuleManager: Shutting down and abandoning module MagicLeap (38)
[2018.11.19-21.03.02:955][686]LogModuleManager: Shutting down and abandoning module AnimationModifiers (36)
[2018.11.19-21.03.02:955][686]LogModuleManager: Shutting down and abandoning module PropertyEditor (35)
[2018.11.19-21.03.02:955][686]LogModuleManager: Shutting down and abandoning module AudioEditor (32)
[2018.11.19-21.03.02:955][686]LogModuleManager: Shutting down and abandoning module TextureCompressor (30)
[2018.11.19-21.03.02:955][686]LogModuleManager: Shutting down and abandoning module ShaderCore (28)
[2018.11.19-21.03.02:955][686]LogModuleManager: Shutting down and abandoning module Landscape (26)
[2018.11.19-21.03.02:955][686]LogModuleManager: Shutting down and abandoning module SlateRHIRenderer (24)
[2018.11.19-21.03.02:956][686]LogModuleManager: Shutting down and abandoning module OpenGLDrv (22)
[2018.11.19-21.03.02:956][686]LogModuleManager: Shutting down and abandoning module D3D11RHI (20)
[2018.11.19-21.03.02:956][686]LogModuleManager: Shutting down and abandoning module AnimGraphRuntime (18)
[2018.11.19-21.03.02:956][686]LogModuleManager: Shutting down and abandoning module Renderer (16)
[2018.11.19-21.03.02:956][686]LogModuleManager: Shutting down and abandoning module Engine (14)
[2018.11.19-21.03.02:956][686]LogModuleManager: Shutting down and abandoning module CoreUObject (12)
[2018.11.19-21.03.02:956][686]LogModuleManager: Shutting down and abandoning module NetworkFile (10)
[2018.11.19-21.03.02:956][686]LogModuleManager: Shutting down and abandoning module CookedIterativeFile (8)
[2018.11.19-21.03.02:956][686]LogModuleManager: Shutting down and abandoning module StreamingFile (6)
[2018.11.19-21.03.02:956][686]LogModuleManager: Shutting down and abandoning module SandboxFile (4)
[2018.11.19-21.03.02:956][686]LogModuleManager: Shutting down and abandoning module PakFile (2)
[2018.11.19-21.03.02:962][686]LogExit: Exiting.
[2018.11.19-21.03.02:981][686]Log file closed, 11/19/18 14:03:02
