Log file open, 10/22/18 19:32:04
LogWindows: Failed to load 'aqProf.dll' (GetLastError=126)
LogWindows: File 'aqProf.dll' does not exist
LogWindows: Failed to load 'VSPerf140.dll' (GetLastError=126)
LogWindows: File 'VSPerf140.dll' does not exist
LogWindows: Failed to load 'VtuneApi.dll' (GetLastError=126)
LogWindows: File 'VtuneApi.dll' does not exist
LogWindows: Failed to load 'VtuneApi32e.dll' (GetLastError=126)
LogWindows: File 'VtuneApi32e.dll' does not exist
LogInit: Display: Running engine for game: APsec1LargeCityBase
LogPlatformFile: Not using cached read wrapper
LogTaskGraph: Started task graph with 5 named threads and 20 total threads with 3 sets of task threads.
LogStats: Stats thread started at 0.232857
LogD3D11RHI: Loaded GFSDK_Aftermath_Lib.x64.dll
LogICUInternationalization: Display: ICU TimeZone Detection - Raw Offset: -7:00, Platform Override: ''
LogPluginManager: Mounting plugin Paper2D
LogPluginManager: Mounting plugin AISupport
LogPluginManager: Mounting plugin LightPropagationVolume
LogPluginManager: Mounting plugin CLionSourceCodeAccess
LogPluginManager: Mounting plugin CodeLiteSourceCodeAccess
LogPluginManager: Mounting plugin GitSourceControl
LogPluginManager: Mounting plugin KDevelopSourceCodeAccess
LogPluginManager: Mounting plugin NullSourceCodeAccess
LogPluginManager: Mounting plugin PerforceSourceControl
LogPluginManager: Mounting plugin SubversionSourceControl
LogPluginManager: Mounting plugin UObjectPlugin
LogPluginManager: Mounting plugin VisualStudioCodeSourceCodeAccess
LogPluginManager: Mounting plugin VisualStudioSourceCodeAccess
LogPluginManager: Mounting plugin XCodeSourceCodeAccess
LogPluginManager: Mounting plugin AssetManagerEditor
LogPluginManager: Mounting plugin CryptoKeys
LogPluginManager: Mounting plugin DataValidation
LogPluginManager: Mounting plugin FacialAnimation
LogPluginManager: Mounting plugin GameplayTagsEditor
LogPluginManager: Mounting plugin MacGraphicsSwitching
LogPluginManager: Mounting plugin MeshEditor
LogPluginManager: Mounting plugin MobileLauncherProfileWizard
LogPluginManager: Mounting plugin PluginBrowser
LogPluginManager: Mounting plugin SpeedTreeImporter
LogPluginManager: Mounting plugin DatasmithContent
LogPluginManager: Mounting plugin AlembicImporter
LogPluginManager: Mounting plugin AppleImageUtils
LogPluginManager: Mounting plugin AppleVision
LogPluginManager: Mounting plugin BackChannel
LogPluginManager: Mounting plugin CharacterAI
LogPluginManager: Mounting plugin GeometryCache
LogPluginManager: Mounting plugin HTML5Networking
LogPluginManager: Mounting plugin ProxyLODPlugin
LogPluginManager: Mounting plugin MagicLeap
LogPluginManager: Mounting plugin MagicLeapEmulator
LogPluginManager: Mounting plugin MagicLeapMedia
LogPluginManager: Mounting plugin AndroidMedia
LogPluginManager: Mounting plugin AvfMedia
LogPluginManager: Mounting plugin ImgMedia
LogPluginManager: Mounting plugin LinearTimecode
LogPluginManager: Mounting plugin MediaCompositing
LogPluginManager: Mounting plugin MediaPlayerEditor
LogPluginManager: Mounting plugin WmfMedia
LogPluginManager: Mounting plugin TcpMessaging
LogPluginManager: Mounting plugin UdpMessaging
LogPluginManager: Mounting plugin ActorSequence
LogPluginManager: Mounting plugin LevelSequenceEditor
LogPluginManager: Mounting plugin MatineeToLevelSequence
LogPluginManager: Mounting plugin NetcodeUnitTest
LogPluginManager: Mounting plugin NUTUnrealEngine4
LogPluginManager: Mounting plugin OnlineSubsystemGooglePlay
LogPluginManager: Mounting plugin OnlineSubsystemIOS
LogPluginManager: Mounting plugin OnlineSubsystem
LogPluginManager: Mounting plugin OnlineSubsystemNull
LogPluginManager: Mounting plugin OnlineSubsystemUtils
LogPluginManager: Mounting plugin LauncherChunkInstaller
LogPluginManager: Mounting plugin AndroidDeviceProfileSelector
LogPluginManager: Mounting plugin AndroidMoviePlayer
LogPluginManager: Mounting plugin AndroidPermission
LogPluginManager: Mounting plugin AppleMoviePlayer
LogPluginManager: Mounting plugin ArchVisCharacter
LogPluginManager: Mounting plugin AudioCapture
LogPluginManager: Mounting plugin CableComponent
LogPluginManager: Mounting plugin CustomMeshComponent
LogPluginManager: Mounting plugin EditableMesh
LogPluginManager: Mounting plugin ExampleDeviceProfileSelector
LogPluginManager: Mounting plugin GoogleCloudMessaging
LogPluginManager: Mounting plugin ImmediatePhysics
LogPluginManager: Mounting plugin IOSDeviceProfileSelector
LogPluginManager: Mounting plugin LinuxDeviceProfileSelector
LogPluginManager: Mounting plugin LocationServicesBPLibrary
LogPluginManager: Mounting plugin MobilePatchingUtils
LogPluginManager: Mounting plugin OculusVR
LogPluginManager: Plugin shader directory ../../../Engine/Plugins/Runtime/Oculus/OculusVR/Shaders found
LogPluginManager: Mapping shader source directory ../../../Engine/Plugins/Runtime/Oculus/OculusVR/Shaders to virtual directory /Plugin/OculusVR
LogPluginManager: Mounting plugin PhysXVehicles
LogPluginManager: Mounting plugin ProceduralMeshComponent
LogPluginManager: Mounting plugin RuntimePhysXCooking
LogPluginManager: Mounting plugin SteamVR
LogPluginManager: Mounting plugin WindowsMoviePlayer
LogStreaming: Display: Took  0.105s to configure plugins.
LogInit: Using libcurl 7.55.1-DEV
LogInit:  - built for x86_64-pc-win32
LogInit:  - supports SSL with OpenSSL/1.0.2h
LogInit:  - supports HTTP deflate (compression) using libz 1.2.8
LogInit:  - other features:
LogInit:      CURL_VERSION_SSL
LogInit:      CURL_VERSION_LIBZ
LogInit:      CURL_VERSION_IPV6
LogInit:      CURL_VERSION_ASYNCHDNS
LogInit:      CURL_VERSION_LARGEFILE
LogInit:      CURL_VERSION_IDN
LogInit:  CurlRequestOptions (configurable via config and command line):
LogInit:  - bVerifyPeer = false  - Libcurl will NOT verify peer certificate
LogInit:  - bUseHttpProxy = false  - Libcurl will NOT use HTTP proxy
LogInit:  - bDontReuseConnections = false  - Libcurl will reuse connections
LogInit:  - CertBundlePath = nullptr  - Libcurl will use whatever was configured at build time.
LogInit:  - MaxHostConnections = 16  - Libcurl will limit the number of connections to a host
LogInit:  - LocalHostAddr = Default
LogInit:  - BufferSize = 65536
LogInit: WinSock: version 1.1 (2.2), MaxSocks=32767, MaxUdp=65467
LogInit: Build: ++UE4+Release-4.20-CL-4369336
LogInit: Engine Version: 4.20.3-4369336+++UE4+Release-4.20
LogInit: Compatible Engine Version: 4.20.0-4212847+++UE4+Release-4.20
LogInit: Net CL: 4212847
LogInit: OS: Windows 10 (), CPU: Intel(R) Core(TM) i5-8600K CPU @ 3.60GHz, GPU: NVIDIA GeForce GTX 1070
LogInit: Compiled (64-bit): Sep 17 2018 12:26:19
LogInit: Compiled with Visual C++: 19.13.26129.00
LogInit: Build Configuration: Development
LogInit: Branch Name: ++UE4+Release-4.20
LogInit: Command Line:  
LogInit: Base Directory: C:/Program Files/Epic Games/UE_4.20/Engine/Binaries/Win64/
LogInit: Installed Engine Build: 1
LogDevObjectVersion: Number of dev versions registered: 20
LogDevObjectVersion:   Dev-Blueprints (B0D832E4-1F89-4F0D-ACCF-7EB736FD4AA2): 10
LogDevObjectVersion:   Dev-Build (E1C64328-A22C-4D53-A36C-8E866417BD8C): 0
LogDevObjectVersion:   Dev-Core (375EC13C-06E4-48FB-B500-84F0262A717E): 2
LogDevObjectVersion:   Dev-Editor (E4B068ED-F494-42E9-A231-DA0B2E46BB41): 24
LogDevObjectVersion:   Dev-Framework (CFFC743F-43B0-4480-9391-14DF171D2073): 34
LogDevObjectVersion:   Dev-Mobile (B02B49B5-BB20-44E9-A304-32B752E40360): 2
LogDevObjectVersion:   Dev-Networking (A4E4105C-59A1-49B5-A7C5-40C4547EDFEE): 0
LogDevObjectVersion:   Dev-Online (39C831C9-5AE6-47DC-9A44-9C173E1C8E7C): 0
LogDevObjectVersion:   Dev-Physics (78F01B33-EBEA-4F98-B9B4-84EACCB95AA2): 0
LogDevObjectVersion:   Dev-Platform (6631380F-2D4D-43E0-8009-CF276956A95A): 0
LogDevObjectVersion:   Dev-Rendering (12F88B9F-8875-4AFC-A67C-D90C383ABD29): 26
LogDevObjectVersion:   Dev-Sequencer (7B5AE74C-D270-4C10-A958-57980B212A5A): 9
LogDevObjectVersion:   Dev-VR (D7296918-1DD6-4BDD-9DE2-64A83CC13884): 2
LogDevObjectVersion:   Dev-LoadTimes (C2A15278-BFE7-4AFE-6C17-90FF531DF755): 1
LogDevObjectVersion:   Private-Geometry (6EACA3D4-40EC-4CC1-B786-8BED09428FC5): 3
LogDevObjectVersion:   Dev-AnimPhys (29E575DD-E0A3-4627-9D10-D276232CDCEA): 17
LogDevObjectVersion:   Dev-ReflectionCapture (6B266CEC-1EC7-4B8F-A30B-E4D90942FC07): 1
LogDevObjectVersion:   Dev-Automation (0DF73D61-A23F-47EA-B727-89E90C41499A): 1
LogDevObjectVersion:   FortniteMain (601D1886-AC64-4F84-AA16-D3DE0DEAC7D6): 12
LogDevObjectVersion:   Dev-Enterprise (9DFFBCD6-494F-0158-E221-12823C92A888): 1
LogStreaming: Display: Took  0.002s to delete old logs.
LogInit: Presizing for max 8388607 objects, including 0 objects not considered by GC, pre-allocating 0 bytes for permanent pool.
LogInit: Object subsystem initialized
[2018.10.23-01.32.05:121][  0]LogInit: Selected Device Profile: [Windows]
[2018.10.23-01.32.05:121][  0]LogInit: Applying CVar settings loaded from the selected device profile: [Windows]
[2018.10.23-01.32.05:138][  0]LogHAL: Display: Platform has ~ 16 GB [17110630400 / 17179869184 / 16], which maps to Larger [LargestMinGB=32, LargerMinGB=12, DefaultMinGB=8, SmallerMinGB=6, SmallestMinGB=0)
[2018.10.23-01.32.05:138][  0]LogInit: Setting Device Profile CVar: [[r.Vulkan.UseRealUBs:1]]
[2018.10.23-01.32.05:138][  0]LogInit: Going up to parent DeviceProfile []
[2018.10.23-01.32.05:138][  0]LogInit: Computer: DESKTOP-2B
[2018.10.23-01.32.05:138][  0]LogInit: User: Richard
[2018.10.23-01.32.05:138][  0]LogInit: CPU Page size=4096, Cores=6
[2018.10.23-01.32.05:138][  0]LogInit: High frequency timer resolution =3.515627 MHz
[2018.10.23-01.32.05:138][  0]LogMemory: Memory total: Physical=15.9GB (16GB approx)
[2018.10.23-01.32.05:138][  0]LogMemory: Platform Memory Stats for Windows
[2018.10.23-01.32.05:138][  0]LogMemory: Process Physical Memory: 100.29 MB used, 100.29 MB peak
[2018.10.23-01.32.05:138][  0]LogMemory: Process Virtual Memory: 85.66 MB used, 85.66 MB peak
[2018.10.23-01.32.05:138][  0]LogMemory: Physical Memory: 5431.05 MB used,  10886.92 MB free, 16317.97 MB total
[2018.10.23-01.32.05:138][  0]LogMemory: Virtual Memory: 4615.61 MB used,  10886.92 MB free, 134217728.00 MB total
[2018.10.23-01.32.05:156][  0]LogInit: Using OS detected language (en-US).
[2018.10.23-01.32.05:156][  0]LogInit: Using OS detected locale (en-US).
[2018.10.23-01.32.05:157][  0]LogTextLocalizationManager: No specific localization for 'en-US' exists, so the 'en' localization will be used.
[2018.10.23-01.32.05:431][  0]LogStreaming: Display: Took  0.275s to InitEngineTextLocalization.
[2018.10.23-01.32.05:431][  0]LogInit: Setting process to per monitor DPI aware
[2018.10.23-01.32.05:452][  0]LogSlate: New Slate User Created.  User Index 0, Is Virtual User: 0
[2018.10.23-01.32.05:452][  0]LogSlate: Slate User Registered.  User Index 0, Is Virtual User: 0
[2018.10.23-01.32.05:637][  0]LogHMD: Failed to initialize OpenVR with code 110
[2018.10.23-01.32.05:637][  0]LogD3D11RHI: D3D11 adapters:
[2018.10.23-01.32.05:689][  0]LogD3D11RHI:    0. 'NVIDIA GeForce GTX 1070' (Feature Level 11_0)
[2018.10.23-01.32.05:689][  0]LogD3D11RHI:       8088/0/8158 MB DedicatedVideo/DedicatedSystem/SharedSystem, Outputs:1, VendorId:0x10de
[2018.10.23-01.32.05:691][  0]LogD3D11RHI:    1. 'Microsoft Basic Render Driver' (Feature Level 11_0)
[2018.10.23-01.32.05:691][  0]LogD3D11RHI:       0/0/8158 MB DedicatedVideo/DedicatedSystem/SharedSystem, Outputs:0, VendorId:0x1414
[2018.10.23-01.32.05:691][  0]LogD3D11RHI: Chosen D3D11 Adapter: 0
[2018.10.23-01.32.05:695][  0]LogD3D11RHI: Creating new Direct3DDevice
[2018.10.23-01.32.05:695][  0]LogD3D11RHI:     GPU DeviceId: 0x1b81 (for the marketing name, search the web for "GPU Device Id")
[2018.10.23-01.32.05:695][  0]LogWindows: EnumDisplayDevices:
[2018.10.23-01.32.05:695][  0]LogWindows:    0. 'NVIDIA GeForce GTX 1070' (P:1 D:1)
[2018.10.23-01.32.05:695][  0]LogWindows:    1. 'NVIDIA GeForce GTX 1070' (P:0 D:0)
[2018.10.23-01.32.05:696][  0]LogWindows:    2. 'NVIDIA GeForce GTX 1070' (P:0 D:0)
[2018.10.23-01.32.05:696][  0]LogWindows:    3. 'NVIDIA GeForce GTX 1070' (P:0 D:0)
[2018.10.23-01.32.05:696][  0]LogWindows: DebugString: FoundDriverCount:4 
[2018.10.23-01.32.05:696][  0]LogD3D11RHI:     Adapter Name: NVIDIA GeForce GTX 1070
[2018.10.23-01.32.05:696][  0]LogD3D11RHI:   Driver Version: 416.34 (internal:25.21.14.1634, unified:416.34)
[2018.10.23-01.32.05:696][  0]LogD3D11RHI:      Driver Date: 10-10-2018
[2018.10.23-01.32.05:696][  0]LogRHI: Texture pool is 5661 MB (70% of 8088 MB)
[2018.10.23-01.32.05:726][  0]LogD3D11RHI: Async texture creation enabled
[2018.10.23-01.32.05:742][  0]LogD3D11RHI: GPU Timing Frequency: 1000.000000 (Debug: 2 2)
[2018.10.23-01.32.05:790][  0]LogShaderCompilers: Guid format shader working directory is -38 characters bigger than the processId version (../../../../../../Users/Richard/Documents/GitHub/AssetPipeMaster01/APsec1LargeCityBase/Intermediate/Shaders/WorkingDirectory/9364/).
[2018.10.23-01.32.05:790][  0]LogShaderCompilers: Cleaned the shader compiler working directory 'C:/Users/Richard/AppData/Local/Temp/UnrealShaderWorkingDir/0EBE8249478E148FDBA69DB192FB4F02/'.
[2018.10.23-01.32.06:014][  0]LogTemp: Display: Loaded TP AllDesktopTargetPlatform
[2018.10.23-01.32.06:027][  0]LogTemp: Display: Loaded TP MacClientTargetPlatform
[2018.10.23-01.32.06:037][  0]LogTemp: Display: Loaded TP MacNoEditorTargetPlatform
[2018.10.23-01.32.06:047][  0]LogTemp: Display: Loaded TP MacServerTargetPlatform
[2018.10.23-01.32.06:057][  0]LogTemp: Display: Loaded TP MacTargetPlatform
[2018.10.23-01.32.06:067][  0]LogTemp: Display: Loaded TP WindowsClientTargetPlatform
[2018.10.23-01.32.06:076][  0]LogTemp: Display: Loaded TP WindowsNoEditorTargetPlatform
[2018.10.23-01.32.06:086][  0]LogTemp: Display: Loaded TP WindowsServerTargetPlatform
[2018.10.23-01.32.06:091][  0]LogTemp: Display: Loaded TP WindowsTargetPlatform
[2018.10.23-01.32.06:149][  0]LogTemp: Display: Loaded TP AndroidTargetPlatform
[2018.10.23-01.32.06:149][  0]LogTemp: Display: Loaded TP AndroidTargetPlatform
[2018.10.23-01.32.06:149][  0]LogTemp: Display: Loaded TP AndroidTargetPlatform
[2018.10.23-01.32.06:149][  0]LogTemp: Display: Loaded TP AndroidTargetPlatform
[2018.10.23-01.32.06:149][  0]LogTemp: Display: Loaded TP AndroidTargetPlatform
[2018.10.23-01.32.06:149][  0]LogTemp: Display: Loaded TP AndroidTargetPlatform
[2018.10.23-01.32.06:149][  0]LogTemp: Display: Loaded TP AndroidTargetPlatform
[2018.10.23-01.32.06:149][  0]LogTemp: Display: Loaded TP AndroidTargetPlatform
[2018.10.23-01.32.06:149][  0]LogTemp: Display: Loaded TP AndroidTargetPlatform
[2018.10.23-01.32.06:149][  0]LogTemp: Display: Loaded TP AndroidTargetPlatform
[2018.10.23-01.32.06:149][  0]LogTemp: Display: Loaded TP AndroidTargetPlatform
[2018.10.23-01.32.06:149][  0]LogTemp: Display: Loaded TP AndroidTargetPlatform
[2018.10.23-01.32.06:149][  0]LogTemp: Display: Loaded TP AndroidTargetPlatform
[2018.10.23-01.32.06:149][  0]LogTemp: Display: Loaded TP AndroidTargetPlatform
[2018.10.23-01.32.06:149][  0]LogTemp: Display: Loaded TP AndroidTargetPlatform
[2018.10.23-01.32.06:149][  0]LogTemp: Display: Loaded TP AndroidTargetPlatform
[2018.10.23-01.32.06:149][  0]LogTemp: Display: Loaded TP AndroidTargetPlatform
[2018.10.23-01.32.06:149][  0]LogTemp: Display: Loaded TP AndroidTargetPlatform
[2018.10.23-01.32.06:150][  0]LogTemp: Display: Loaded TP HTML5TargetPlatform
[2018.10.23-01.32.06:202][  0]LogTemp: Display: Loaded TP IOSTargetPlatform
[2018.10.23-01.32.06:202][  0]LogTemp: Display: Loaded TP IOSTargetPlatform
[2018.10.23-01.32.06:239][  0]LogTemp: Display: Loaded TP TVOSTargetPlatform
[2018.10.23-01.32.06:239][  0]LogTemp: Display: Loaded TP TVOSTargetPlatform
[2018.10.23-01.32.06:248][  0]LogTemp: Display: Loaded TP LinuxClientTargetPlatform
[2018.10.23-01.32.06:258][  0]LogTemp: Display: Loaded TP LinuxNoEditorTargetPlatform
[2018.10.23-01.32.06:267][  0]LogTemp: Display: Loaded TP LinuxServerTargetPlatform
[2018.10.23-01.32.06:276][  0]LogTemp: Display: Loaded TP LinuxTargetPlatform
[2018.10.23-01.32.06:283][  0]LogTemp: Display: Loaded TP LuminTargetPlatform
[2018.10.23-01.32.06:283][  0]LogTargetPlatformManager: Display: Building Assets For Windows
[2018.10.23-01.32.06:327][  0]LogXGEController: Cleaning working directory: C:/Users/Richard/AppData/Local/Temp/UnrealXGEWorkingDir/
[2018.10.23-01.32.06:327][  0]LogXGEController: Cannot use XGE Controller as Incredibuild is not installed on this machine.
[2018.10.23-01.32.06:327][  0]LogShaderCompilers: Cannot use XGE Shader Compiler as Incredibuild is not installed on this machine.
[2018.10.23-01.32.06:327][  0]LogShaderCompilers: Display: Using Local Shader Compiler.
[2018.10.23-01.32.06:912][  0]LogDerivedDataCache: Display: Max Cache Size: 512 MB
[2018.10.23-01.32.06:955][  0]LogDerivedDataCache: Loaded boot cache 0.04s 71MB C:/Users/Richard/AppData/Local/UnrealEngine/4.20/DerivedDataCache/Boot.ddc.
[2018.10.23-01.32.06:955][  0]LogDerivedDataCache: Display: Loaded Boot cache: C:/Users/Richard/AppData/Local/UnrealEngine/4.20/DerivedDataCache/Boot.ddc
[2018.10.23-01.32.06:955][  0]LogDerivedDataCache: FDerivedDataBackendGraph:  Pak pak cache file ../../../../../../Users/Richard/Documents/GitHub/AssetPipeMaster01/APsec1LargeCityBase/DerivedDataCache/DDC.ddp not found, will not use a pak cache.
[2018.10.23-01.32.06:955][  0]LogDerivedDataCache: Unable to find inner node Pak for hierarchical cache Hierarchy.
[2018.10.23-01.32.06:955][  0]LogDerivedDataCache: FDerivedDataBackendGraph:  CompressedPak pak cache file ../../../../../../Users/Richard/Documents/GitHub/AssetPipeMaster01/APsec1LargeCityBase/DerivedDataCache/Compressed.ddp not found, will not use a pak cache.
[2018.10.23-01.32.06:955][  0]LogDerivedDataCache: Unable to find inner node CompressedPak for hierarchical cache Hierarchy.
[2018.10.23-01.32.06:965][  0]LogDerivedDataCache: Display: Pak cache opened for reading ../../../Engine/DerivedDataCache/Compressed.ddp.
[2018.10.23-01.32.06:976][  0]LogDerivedDataCache: Using Local data cache path C:/Users/Richard/AppData/Local/UnrealEngine/Common/DerivedDataCache: Writable
[2018.10.23-01.32.06:976][  0]LogDerivedDataCache: Shared data cache path not found in *engine.ini, will not use an Shared cache.
[2018.10.23-01.32.06:976][  0]LogDerivedDataCache: Unable to find inner node Shared for hierarchical cache Hierarchy.
[2018.10.23-01.32.06:992][  0]LogMaterial: Verifying Global Shaders for PCD3D_SM5
[2018.10.23-01.32.06:993][  0]LogSlate: Using FreeType 2.6.0
[2018.10.23-01.32.06:994][  0]LogSlate: SlateFontServices - WITH_FREETYPE: 1, WITH_HARFBUZZ: 1
[2018.10.23-01.32.07:063][  0]LogAssetRegistry: FAssetRegistry took 0.0249 seconds to start up
[2018.10.23-01.32.07:296][  0]LogInit: Selected Device Profile: [Windows]
[2018.10.23-01.32.07:392][  0]LogSimplygon: Simplygon DLL not present - disabling.
[2018.10.23-01.32.07:395][  0]LogMeshReduction: Using SimplygonSwarm for distributed automatic mesh merging
[2018.10.23-01.32.07:395][  0]LogMeshReduction: Using ProxyLODMeshReduction for automatic mesh merging
[2018.10.23-01.32.07:395][  0]LogMeshReduction: Using QuadricMeshReduction for automatic static mesh reduction
[2018.10.23-01.32.07:395][  0]LogMeshReduction: No automatic skeletal mesh reduction module available
[2018.10.23-01.32.07:405][  0]LogNetVersion: APsec1LargeCityBase 1.0.0, NetCL: 4212847, EngineNetVer: 5, GameNetVer: 0 (Checksum: 1121110827)
[2018.10.23-01.32.07:783][  0]LogPackageLocalizationCache: Processed 11 localized package path(s) for 2 prioritized culture(s) in 0.081184 seconds
[2018.10.23-01.32.07:788][  0]LogUObjectArray: 38425 objects as part of root set at end of initial load.
[2018.10.23-01.32.07:788][  0]LogUObjectAllocator: 6690872 out of 0 bytes used by permanent object pool.
[2018.10.23-01.32.07:788][  0]LogUObjectArray: CloseDisregardForGC: 0/0 objects in disregard for GC pool
[2018.10.23-01.32.08:519][  0]LogTcpMessaging: Initializing TcpMessaging bridge
[2018.10.23-01.32.08:532][  0]LogUdpMessaging: Initializing bridge on interface 0.0.0.0:0 to multicast group 230.0.0.1:6666.
[2018.10.23-01.32.08:682][  0]SourceControl: Source control is disabled
[2018.10.23-01.32.08:682][  0]SourceControl: Source control is disabled
[2018.10.23-01.32.08:683][  0]SourceControl: Source control is disabled
[2018.10.23-01.32.08:684][  0]SourceControl: Source control is disabled
[2018.10.23-01.32.08:830][  0]LogAndroidPermission: UAndroidPermissionCallbackProxy::GetInstance
[2018.10.23-01.32.08:876][  0]LogOcInput: OculusInput pre-init called
[2018.10.23-01.32.08:922][  0]LogEngine: Initializing Engine...
[2018.10.23-01.32.08:922][  0]LogHMD: Failed to initialize OpenVR with code 110
[2018.10.23-01.32.08:923][  0]LogStats: UGameplayTagsManager::ConstructGameplayTagTree: ImportINI prefixes -  0.000 s
[2018.10.23-01.32.08:923][  0]LogStats: UGameplayTagsManager::ConstructGameplayTagTree: Construct from data asset -  0.000 s
[2018.10.23-01.32.08:923][  0]LogStats: UGameplayTagsManager::ConstructGameplayTagTree: ImportINI -  0.000 s
[2018.10.23-01.32.08:923][  0]LogStats: UGameplayTagsManager::ConstructGameplayTagTree: GameplayTagTreeChangedEvent.Broadcast -  0.000 s
[2018.10.23-01.32.09:071][  0]LogInit: Initializing FReadOnlyCVARCache
[2018.10.23-01.32.09:081][  0]LogAIModule: Creating AISystem for world Untitled
[2018.10.23-01.32.09:090][  0]LogInit: XAudio2 using 'Speakers (Realtek High Definition Audio)' : 2 channels at 48 kHz using 32 bits per sample (channel mask 0x3)
[2018.10.23-01.32.09:131][  0]LogInit: FAudioDevice initialized.
[2018.10.23-01.32.09:131][  0]LogNetVersion: Set ProjectVersion to 1.0.0.0. Version Checksum will be recalculated on next use.
[2018.10.23-01.32.09:200][  0]LogDerivedDataCache: Saved boot cache 0.07s 71MB C:/Users/Richard/AppData/Local/UnrealEngine/4.20/DerivedDataCache/Boot.ddc.
[2018.10.23-01.32.09:210][  0]LogInit: Texture streaming: Enabled
[2018.10.23-01.32.09:223][  0]LogEngineSessionManager: EngineSessionManager initialized
[2018.10.23-01.32.09:232][  0]LogInit: Transaction tracking system initialized
[2018.10.23-01.32.09:247][  0]BlueprintLog: New page: Editor Load
[2018.10.23-01.32.09:300][  0]LocalizationService: Localization service is disabled
[2018.10.23-01.32.09:520][  0]LogCook: Display: Max memory allowance for cook 16384mb min free memory 0mb
[2018.10.23-01.32.09:520][  0]LogCook: Display: Mobile HDR setting 1
[2018.10.23-01.32.09:520][  0]LogGameplayTags: Display: UGameplayTagsManager::DoneAddingNativeTags. DelegateIsBound: 0
[2018.10.23-01.32.09:520][  0]LogStats: UGameplayTagsManager::ConstructGameplayTagTree: ImportINI prefixes -  0.000 s
[2018.10.23-01.32.09:520][  0]LogStats: UGameplayTagsManager::ConstructGameplayTagTree: Construct from data asset -  0.000 s
[2018.10.23-01.32.09:521][  0]LogStats: UGameplayTagsManager::ConstructGameplayTagTree: ImportINI -  0.000 s
[2018.10.23-01.32.09:521][  0]LogStats: UGameplayTagsManager::ConstructGameplayTagTree: GameplayTagTreeChangedEvent.Broadcast -  0.000 s
[2018.10.23-01.32.09:610][  0]LogFileCache: Scanning file cache for directory 'C:/Users/Richard/Documents/GitHub/AssetPipeMaster01/APsec1LargeCityBase/Content/' took 0.01s
[2018.10.23-01.32.09:610][  0]SourceControl: Source control is disabled
[2018.10.23-01.32.09:610][  0]Cmd: MAP LOAD FILE="../../../Engine/Content/Maps/Templates/Template_Default.umap" TEMPLATE=1 SHOWPROGRESS=1 FEATURELEVEL=3
[2018.10.23-01.32.09:610][  0]LightingResults: New page: Lighting Build
[2018.10.23-01.32.09:612][  0]MapCheck: New page: Map Check
[2018.10.23-01.32.09:612][  0]LightingResults: New page: Lighting Build
[2018.10.23-01.32.09:764][  0]LogAIModule: Creating AISystem for world Untitled_1
[2018.10.23-01.32.09:769][  0]LogEditorServer: Finished looking for orphan Actors (0.000 secs)
[2018.10.23-01.32.09:788][  0]Cmd: MAP CHECKDEP NOCLEARLOG
[2018.10.23-01.32.09:854][  0]MapCheck: Map check complete: 0 Error(s), 0 Warning(s), took 66.786ms to complete.
[2018.10.23-01.32.09:855][  0]LogFileHelpers: Loading map 'Template_Default' took 0.245
[2018.10.23-01.32.09:944][  0]LogSlate: Updating window title bar state: overlay mode, drag disabled, window buttons hidden, title bar hidden
[2018.10.23-01.32.09:949][  0]LogSlate: Updating window title bar state: overlay mode, drag disabled, window buttons hidden, title bar hidden
[2018.10.23-01.32.09:955][  0]LogSlate: Updating window title bar state: overlay mode, drag disabled, window buttons hidden, title bar hidden
[2018.10.23-01.32.09:960][  0]LogSlate: Updating window title bar state: overlay mode, drag disabled, window buttons hidden, title bar hidden
[2018.10.23-01.32.09:965][  0]LogCollectionManager: Loaded 0 collections in 0.001322 seconds
[2018.10.23-01.32.10:012][  0]LogFileCache: Scanning file cache for directory 'C:/Users/Richard/Documents/GitHub/AssetPipeMaster01/APsec1LargeCityBase/Saved/Collections/' took 0.01s
[2018.10.23-01.32.10:012][  0]LogFileCache: Scanning file cache for directory 'C:/Users/Richard/Documents/GitHub/AssetPipeMaster01/APsec1LargeCityBase/Content/Developers/Richard/Collections/' took 0.01s
[2018.10.23-01.32.10:012][  0]LogFileCache: Scanning file cache for directory 'C:/Users/Richard/Documents/GitHub/AssetPipeMaster01/APsec1LargeCityBase/Content/Collections/' took 0.01s
[2018.10.23-01.32.10:012][  0]LogCollectionManager: Rebuilt the GUID cache for 0 collections in 0.000000 seconds
[2018.10.23-01.32.10:019][  0]LogContentBrowser: Native class hierarchy populated in 0.0072 seconds. Added 2572 classes and 603 folders.
[2018.10.23-01.32.10:024][  0]LogContentBrowser: Native class hierarchy updated for 'WidgetCarousel' in 0.0002 seconds. Added 0 classes and 0 folders.
[2018.10.23-01.32.10:077][  0]LogContentBrowser: Native class hierarchy updated for 'AddContentDialog' in 0.0002 seconds. Added 0 classes and 0 folders.
[2018.10.23-01.32.10:081][  0]LogContentBrowser: Native class hierarchy updated for 'SceneOutliner' in 0.0002 seconds. Added 1 classes and 2 folders.
[2018.10.23-01.32.10:092][  0]LogSlate: Took 0.000193 seconds to synchronously load lazily loaded font '../../../Engine/Content/Slate/Fonts/Roboto-Regular.ttf' (155K)
[2018.10.23-01.32.10:093][  0]LogSlate: Took 0.000204 seconds to synchronously load lazily loaded font '../../../Engine/Content/Slate/Fonts/Roboto-Bold.ttf' (160K)
[2018.10.23-01.32.10:097][  0]LogSlate: Took 0.000233 seconds to synchronously load lazily loaded font '../../../Engine/Content/Editor/Slate/Fonts/FontAwesome.ttf' (139K)
[2018.10.23-01.32.10:153][  0]LogRenderer: Reallocating scene render targets to support 1456x516 Format 10 NumSamples 1 (Frame:1).
[2018.10.23-01.32.10:256][  0]LogContentBrowser: Native class hierarchy updated for 'HierarchicalLODOutliner' in 0.0002 seconds. Added 0 classes and 0 folders.
[2018.10.23-01.32.10:256][  0]LogLoad: (Engine Initialization) Total time: 6.83 seconds
[2018.10.23-01.32.10:256][  0]LogLoad: (Engine Initialization) Total Blueprint compile time: 0.00 seconds
[2018.10.23-01.32.10:266][  0]LogWindowsTextInputMethodSystem: Display: IME system now deactivated.
[2018.10.23-01.32.10:281][  0]LogAssetRegistry: Asset discovery search completed in 3.2396 seconds
[2018.10.23-01.32.10:282][  0]LogCollectionManager: Rebuilt the object cache for 0 collections in 0.000000 seconds (found 0 objects)
[2018.10.23-01.32.10:282][  0]LogCollectionManager: Fixed up redirectors for 0 collections in 0.000037 seconds (updated 0 objects)
[2018.10.23-01.32.10:283][  0]LogContentStreaming: Texture pool size now 1000 MB
[2018.10.23-01.32.10:375][  0]LogSlate: Took 0.000215 seconds to synchronously load lazily loaded font '../../../Engine/Content/Slate/Fonts/Roboto-Light.ttf' (167K)
[2018.10.23-01.32.15:616][622]LogSlate: FSceneViewport::OnFocusLost() reason 0
[2018.10.23-01.32.15:777][641]LogSlate: Took 0.000235 seconds to synchronously load lazily loaded font '../../../Engine/Content/Slate/Fonts/Roboto-Light.ttf' (167K)
[2018.10.23-01.32.15:903][641]LogAIModule: Creating AISystem for world StreetSceneLarge_RichardTendean
[2018.10.23-01.32.15:912][641]LogAssetEditorManager: Opening Asset editor for World /Game/StreetSceneLarge_RichardTendean.StreetSceneLarge_RichardTendean
[2018.10.23-01.32.15:931][641]Cmd: MAP LOAD FILE="../../../../../../Users/Richard/Documents/GitHub/AssetPipeMaster01/APsec1LargeCityBase/Content/StreetSceneLarge_RichardTendean.umap" TEMPLATE=0 SHOWPROGRESS=1 FEATURELEVEL=3
[2018.10.23-01.32.15:931][641]LightingResults: New page: Lighting Build
[2018.10.23-01.32.15:931][641]LoadErrors: New page: Loading map: StreetSceneLarge_RichardTendean.umap
[2018.10.23-01.32.15:932][641]MapCheck: New page: Map Check
[2018.10.23-01.32.15:932][641]LightingResults: New page: Lighting Build
[2018.10.23-01.32.15:957][641]LogEditorServer: Finished looking for orphan Actors (0.000 secs)
[2018.10.23-01.32.15:987][641]Cmd: MAP CHECKDEP NOCLEARLOG
[2018.10.23-01.32.16:061][641]MapCheck: Map check complete: 0 Error(s), 0 Warning(s), took 73.303ms to complete.
[2018.10.23-01.32.16:061][641]LogFileHelpers: Loading map 'StreetSceneLarge_RichardTendean' took 0.130
[2018.10.23-01.32.24:002][469]LogSlate: FSceneViewport::OnFocusLost() reason 2
[2018.10.23-01.32.28:363][990]LogSlate: FSceneViewport::OnFocusLost() reason 2
[2018.10.23-01.32.30:469][243]LogEditorViewport: Clicking on Actor (LMB): StaticMeshActor (GroundBase198)
[2018.10.23-01.32.31:137][320]LogSlate: FSceneViewport::OnFocusLost() reason 0
[2018.10.23-01.32.36:588][949]Cmd: DELETE
[2018.10.23-01.32.36:588][949]Cmd: ACTOR DELETE
[2018.10.23-01.32.36:594][949]LogEditorActor: Deleted Actor: StaticMeshActor
[2018.10.23-01.32.36:594][949]LogEditorActor: Deleted Actor: StaticMeshActor
[2018.10.23-01.32.36:594][949]LogEditorActor: Deleted Actor: StaticMeshActor
[2018.10.23-01.32.36:595][949]LogEditorActor: Deleted Actor: StaticMeshActor
[2018.10.23-01.32.36:595][949]LogEditorActor: Deleted Actor: StaticMeshActor
[2018.10.23-01.32.36:595][949]LogEditorActor: Deleted Actor: StaticMeshActor
[2018.10.23-01.32.36:595][949]LogEditorActor: Deleted Actor: StaticMeshActor
[2018.10.23-01.32.36:596][949]LogEditorActor: Deleted Actor: StaticMeshActor
[2018.10.23-01.32.36:596][949]LogEditorActor: Deleted Actor: StaticMeshActor
[2018.10.23-01.32.36:596][949]LogEditorActor: Deleted Actor: StaticMeshActor
[2018.10.23-01.32.36:596][949]LogEditorActor: Deleted Actor: StaticMeshActor
[2018.10.23-01.32.36:597][949]LogEditorActor: Deleted Actor: StaticMeshActor
[2018.10.23-01.32.36:597][949]LogEditorActor: Deleted Actor: StaticMeshActor
[2018.10.23-01.32.36:597][949]LogEditorActor: Deleted Actor: StaticMeshActor
[2018.10.23-01.32.36:597][949]LogEditorActor: Deleted Actor: StaticMeshActor
[2018.10.23-01.32.36:598][949]LogEditorActor: Deleted Actor: StaticMeshActor
[2018.10.23-01.32.36:616][949]LogEditorActor: Deleted 16 Actors (0.028 secs)
[2018.10.23-01.32.50:774][641]LogSlate: FSceneViewport::OnFocusLost() reason 0
[2018.10.23-01.33.17:525][241]LogFactory: FactoryCreateFile: StaticMesh with FbxFactory (0 0 ../../../../../../Users/Richard/Desktop/EAE3010maya/woodencar/scenes/bigwoodencarRT.fbx)
[2018.10.23-01.33.17:535][241]LogFbx: Loading FBX Scene from ../../../../../../Users/Richard/Desktop/EAE3010maya/woodencar/scenes/bigwoodencarRT.fbx
[2018.10.23-01.33.17:545][241]LogFbx: FBX Scene Loaded Succesfully
[2018.10.23-01.33.18:759][241]LogSlate: Window 'FBX Import Options' being destroyed
[2018.10.23-01.33.18:879][241]LogLinker: Can't find file '/Game/Woodencar_RT/wood_texture'
[2018.10.23-01.33.18:879][241]LogLinker: Can't find file '/Game/Woodencar_RT/wood_texture'
[2018.10.23-01.33.18:886][241]LogTexture: Display: Building textures: wood_texture (AutoDXT, 1024X1024)
[2018.10.23-01.33.19:120][241]LogMaterial: Display: Missing cached shader map for material wheelcolor, compiling. 
[2018.10.23-01.33.19:153][241]LogFbx: Warning: Triangulating static mesh wheel1
[2018.10.23-01.33.19:189][241]LogShaderCompilers: Display: Shaders left to compile 22
[2018.10.23-01.33.19:189][241]LogShaderCompilers: Display: Shaders left to compile 12
[2018.10.23-01.33.19:193][241]LogStaticMesh: Building static mesh bigwoodencarRT_wheel1...
[2018.10.23-01.33.19:208][241]LogStaticMesh: Built static mesh [0.02s] /Game/Woodencar_RT/bigwoodencarRT_wheel1.bigwoodencarRT_wheel1
[2018.10.23-01.33.19:214][241]LogFbx: Warning: Triangulating static mesh wheel2
[2018.10.23-01.33.19:251][241]LogStaticMesh: Building static mesh bigwoodencarRT_wheel2...
[2018.10.23-01.33.19:263][241]LogStaticMesh: Built static mesh [0.01s] /Game/Woodencar_RT/bigwoodencarRT_wheel2.bigwoodencarRT_wheel2
[2018.10.23-01.33.19:269][241]LogFbx: Warning: Triangulating static mesh wheel3
[2018.10.23-01.33.19:306][241]LogStaticMesh: Building static mesh bigwoodencarRT_wheel3...
[2018.10.23-01.33.19:318][241]LogStaticMesh: Built static mesh [0.01s] /Game/Woodencar_RT/bigwoodencarRT_wheel3.bigwoodencarRT_wheel3
[2018.10.23-01.33.19:326][241]LogFbx: Warning: Triangulating static mesh wheel4
[2018.10.23-01.33.19:362][241]LogStaticMesh: Building static mesh bigwoodencarRT_wheel4...
[2018.10.23-01.33.19:374][241]LogStaticMesh: Built static mesh [0.01s] /Game/Woodencar_RT/bigwoodencarRT_wheel4.bigwoodencarRT_wheel4
[2018.10.23-01.33.19:389][241]LogTexture: Display: Building textures: wood_texture (AutoDXT, 1024X1024)
[2018.10.23-01.33.19:634][241]LogMaterial: Display: Missing cached shader map for material woodskin, compiling. 
[2018.10.23-01.33.19:643][241]LogFbx: Warning: Triangulating static mesh woodencar
[2018.10.23-01.33.19:738][241]LogStaticMesh: Building static mesh bigwoodencarRT_woodencar...
[2018.10.23-01.33.19:768][241]LogStaticMesh: Built static mesh [0.03s] /Game/Woodencar_RT/bigwoodencarRT_woodencar.bigwoodencarRT_woodencar
[2018.10.23-01.33.19:790][241]LogTexture: Display: Building textures: wood_texture (AutoDXT, 1024X1024)
[2018.10.23-01.33.20:030][241]LogMaterial: Display: Missing cached shader map for material axelcolor1, compiling. 
[2018.10.23-01.33.20:040][241]LogFbx: Warning: Triangulating static mesh axel1
[2018.10.23-01.33.20:061][241]LogStaticMesh: Building static mesh bigwoodencarRT_axel1...
[2018.10.23-01.33.20:070][241]LogStaticMesh: Built static mesh [0.01s] /Game/Woodencar_RT/bigwoodencarRT_axel1.bigwoodencarRT_axel1
[2018.10.23-01.33.20:075][241]LogFbx: Warning: Triangulating static mesh axel2
[2018.10.23-01.33.20:096][241]LogStaticMesh: Building static mesh bigwoodencarRT_axel2...
[2018.10.23-01.33.20:105][241]LogStaticMesh: Built static mesh [0.01s] /Game/Woodencar_RT/bigwoodencarRT_axel2.bigwoodencarRT_axel2
[2018.10.23-01.33.20:113][241]FBXImport: Warning: No smoothing group information was found in this FBX scene.  Please make sure to enable the 'Export Smoothing Groups' option in the FBX Exporter plug-in before exporting the file.  Even for tools that don't support smoothing groups, the FBX Exporter will generate appropriate smoothing data at export-time so that correct vertex normals can be inferred while importing. 
[2018.10.23-01.33.20:680][292]LogShaderCompilers: Display: Shaders left to compile 46
[2018.10.23-01.33.21:539][395]LogShaderCompilers: Display: Shaders left to compile 36
[2018.10.23-01.33.21:753][420]LogShaderCompilers: Display: Shaders left to compile 26
[2018.10.23-01.33.22:716][535]LogSlate: Window 'Message Log' being destroyed
[2018.10.23-01.33.22:718][535]LogSlate: Window 'Message Log' being destroyed
[2018.10.23-01.33.23:074][576]LogShaderCompilers: Display: Shaders left to compile 16
[2018.10.23-01.33.23:491][625]LogShaderCompilers: Display: Shaders left to compile 6
[2018.10.23-01.33.29:481][306]LogActorFactory: Actor Factory created bigwoodencarRT_woodencar
[2018.10.23-01.33.29:483][306]LogActorFactory: Actor Factory created bigwoodencarRT_axel1
[2018.10.23-01.33.29:483][306]LogActorFactory: Actor Factory created bigwoodencarRT_axel2
[2018.10.23-01.33.29:483][306]LogActorFactory: Actor Factory created bigwoodencarRT_wheel1
[2018.10.23-01.33.29:484][306]LogActorFactory: Actor Factory created bigwoodencarRT_wheel2
[2018.10.23-01.33.29:484][306]LogActorFactory: Actor Factory created bigwoodencarRT_wheel3
[2018.10.23-01.33.29:485][306]LogActorFactory: Actor Factory created bigwoodencarRT_wheel4
[2018.10.23-01.33.30:624][404]LogActorFactory: Actor Factory created bigwoodencarRT_woodencar
[2018.10.23-01.33.30:637][404]LogActorFactory: Actor Factory created bigwoodencarRT_axel1
[2018.10.23-01.33.30:650][404]LogActorFactory: Actor Factory created bigwoodencarRT_axel2
[2018.10.23-01.33.30:663][404]LogActorFactory: Actor Factory created bigwoodencarRT_wheel1
[2018.10.23-01.33.30:676][404]LogActorFactory: Actor Factory created bigwoodencarRT_wheel2
[2018.10.23-01.33.30:690][404]LogActorFactory: Actor Factory created bigwoodencarRT_wheel3
[2018.10.23-01.33.30:703][404]LogActorFactory: Actor Factory created bigwoodencarRT_wheel4
[2018.10.23-01.33.33:337][640]Cmd: CAMERA ALIGN ACTIVEVIEWPORTONLY
[2018.10.23-01.33.36:653][ 10]Cmd: CAMERA ALIGN ACTIVEVIEWPORTONLY
[2018.10.23-01.33.38:829][228]Cmd: CAMERA ALIGN ACTIVEVIEWPORTONLY
[2018.10.23-01.33.40:082][365]Cmd: CAMERA ALIGN ACTIVEVIEWPORTONLY
[2018.10.23-01.33.54:358][971]LogSlate: FSceneViewport::OnFocusLost() reason 0
[2018.10.23-01.34.01:703][815]LogSavePackage: Moving '../../../../../../Users/Richard/Documents/GitHub/AssetPipeMaster01/APsec1LargeCityBase/Saved/StreetSceneLarge_RichardTendean87F697074E51FFFA438BB4AB5E4AB8CB.tmp' to '../../../../../../Users/Richard/Documents/GitHub/AssetPipeMaster01/APsec1LargeCityBase/Content/StreetSceneLarge_RichardTendean.umap'
[2018.10.23-01.34.01:783][815]LogSavePackage: Moving '../../../../../../Users/Richard/Documents/GitHub/AssetPipeMaster01/APsec1LargeCityBase/Saved/StreetSceneLarge_RichardTendean_D0476CDC440BAA7AB8EAF3AB6D471580.tmp' to '../../../../../../Users/Richard/Documents/GitHub/AssetPipeMaster01/APsec1LargeCityBase/Content/StreetSceneLarge_RichardTendean_BuiltData.uasset'
[2018.10.23-01.34.07:206][447]LogSavePackage: Moving '../../../../../../Users/Richard/Documents/GitHub/AssetPipeMaster01/APsec1LargeCityBase/Saved/bigwoodencarRT_wheel174F30D294C4F2AEF2192CAB2421406F7.tmp' to '../../../../../../Users/Richard/Documents/GitHub/AssetPipeMaster01/APsec1LargeCityBase/Content/Woodencar_RT/bigwoodencarRT_wheel1.uasset'
[2018.10.23-01.34.07:232][447]LogSavePackage: Moving '../../../../../../Users/Richard/Documents/GitHub/AssetPipeMaster01/APsec1LargeCityBase/Saved/wheelcolorF5C934EA4A08FC06DC217ABC8F7CD635.tmp' to '../../../../../../Users/Richard/Documents/GitHub/AssetPipeMaster01/APsec1LargeCityBase/Content/Woodencar_RT/wheelcolor.uasset'
[2018.10.23-01.34.07:323][447]LogSavePackage: Moving '../../../../../../Users/Richard/Documents/GitHub/AssetPipeMaster01/APsec1LargeCityBase/Saved/wood_texture503E610047107E8D7AD6719FBE16DA2E.tmp' to '../../../../../../Users/Richard/Documents/GitHub/AssetPipeMaster01/APsec1LargeCityBase/Content/Woodencar_RT/wood_texture.uasset'
[2018.10.23-01.34.07:346][447]LogSavePackage: Moving '../../../../../../Users/Richard/Documents/GitHub/AssetPipeMaster01/APsec1LargeCityBase/Saved/bigwoodencarRT_wheel2DDDE5D5A426198513343178B96EF2DB8.tmp' to '../../../../../../Users/Richard/Documents/GitHub/AssetPipeMaster01/APsec1LargeCityBase/Content/Woodencar_RT/bigwoodencarRT_wheel2.uasset'
[2018.10.23-01.34.07:369][447]LogSavePackage: Moving '../../../../../../Users/Richard/Documents/GitHub/AssetPipeMaster01/APsec1LargeCityBase/Saved/bigwoodencarRT_wheel3E06A28EB4052E7C4E6C1AFA7B92E60C0.tmp' to '../../../../../../Users/Richard/Documents/GitHub/AssetPipeMaster01/APsec1LargeCityBase/Content/Woodencar_RT/bigwoodencarRT_wheel3.uasset'
[2018.10.23-01.34.07:410][447]LogSavePackage: Moving '../../../../../../Users/Richard/Documents/GitHub/AssetPipeMaster01/APsec1LargeCityBase/Saved/bigwoodencarRT_wheel45957536C4AF6387494E2D2A6F1EB6C66.tmp' to '../../../../../../Users/Richard/Documents/GitHub/AssetPipeMaster01/APsec1LargeCityBase/Content/Woodencar_RT/bigwoodencarRT_wheel4.uasset'
[2018.10.23-01.34.07:435][447]LogSavePackage: Moving '../../../../../../Users/Richard/Documents/GitHub/AssetPipeMaster01/APsec1LargeCityBase/Saved/bigwoodencarRT_woodencarE73412FF45854684D91C1DB875311C76.tmp' to '../../../../../../Users/Richard/Documents/GitHub/AssetPipeMaster01/APsec1LargeCityBase/Content/Woodencar_RT/bigwoodencarRT_woodencar.uasset'
[2018.10.23-01.34.07:448][447]Cmd: OBJ SAVEPACKAGE PACKAGE="/Game/Woodencar_RT/woodskin" FILE="../../../../../../Users/Richard/Documents/GitHub/AssetPipeMaster01/APsec1LargeCityBase/Content/Woodencar_RT/woodskin.uasset" SILENT=true
[2018.10.23-01.34.07:458][447]LogSavePackage: Moving '../../../../../../Users/Richard/Documents/GitHub/AssetPipeMaster01/APsec1LargeCityBase/Saved/woodskin02E9A079465664E8F4F8628E6F4C28D0.tmp' to '../../../../../../Users/Richard/Documents/GitHub/AssetPipeMaster01/APsec1LargeCityBase/Content/Woodencar_RT/woodskin.uasset'
[2018.10.23-01.34.07:479][447]LogSavePackage: Moving '../../../../../../Users/Richard/Documents/GitHub/AssetPipeMaster01/APsec1LargeCityBase/Saved/bigwoodencarRT_axel18EFB3B5E4E9DE138A771A180F6857E0B.tmp' to '../../../../../../Users/Richard/Documents/GitHub/AssetPipeMaster01/APsec1LargeCityBase/Content/Woodencar_RT/bigwoodencarRT_axel1.uasset'
[2018.10.23-01.34.07:502][447]LogSavePackage: Moving '../../../../../../Users/Richard/Documents/GitHub/AssetPipeMaster01/APsec1LargeCityBase/Saved/axelcolor136C634154E4AC579A4D3CBB520243017.tmp' to '../../../../../../Users/Richard/Documents/GitHub/AssetPipeMaster01/APsec1LargeCityBase/Content/Woodencar_RT/axelcolor1.uasset'
[2018.10.23-01.34.07:523][447]LogSavePackage: Moving '../../../../../../Users/Richard/Documents/GitHub/AssetPipeMaster01/APsec1LargeCityBase/Saved/bigwoodencarRT_axel2752992534DFD92C767C836A0137B8A6A.tmp' to '../../../../../../Users/Richard/Documents/GitHub/AssetPipeMaster01/APsec1LargeCityBase/Content/Woodencar_RT/bigwoodencarRT_axel2.uasset'
[2018.10.23-01.34.13:318][773]LogSlate: Window 'Save Level As' being destroyed
[2018.10.23-01.34.22:185][805]LogSlate: FSceneViewport::OnFocusLost() reason 0
[2018.10.23-01.34.32:938][ 73]Cmd: EDIT COPY
[2018.10.23-01.34.34:189][216]LogLinker: Warning: Can't find file '/Game/phong3SG'
[2018.10.23-01.34.34:190][216]LogLinker: Warning: Can't find file for asset '/Game/phong3SG' while loading ../../../../../../Users/Richard/Documents/GitHub/AssetPipeMaster01/APsec1LargeCityBase/Content/Resources_TA/SmartCarUVObj_pCube1.uasset.
[2018.10.23-01.34.34:190][216]LoadErrors: Error: /Game/Resources_TA/SmartCarUVObj_pCube1 : Can't find file for asset. /Game/phong3SG
[2018.10.23-01.34.34:190][216]LogLinker: Warning: Can't find file '/Game/phong3SG'
[2018.10.23-01.34.34:190][216]LogLinker: Warning: Can't find file for asset '/Game/phong3SG' while loading ../../../../../../Users/Richard/Documents/GitHub/AssetPipeMaster01/APsec1LargeCityBase/Content/Resources_TA/SmartCarUVObj_pCube1.uasset.
[2018.10.23-01.34.34:191][216]LogLinker: Warning: Can't find file '/Game/phong1SG'
[2018.10.23-01.34.34:191][216]LogLinker: Warning: Can't find file for asset '/Game/phong1SG' while loading ../../../../../../Users/Richard/Documents/GitHub/AssetPipeMaster01/APsec1LargeCityBase/Content/Resources_TA/SmartCarUVObj_pCylinder10.uasset.
[2018.10.23-01.34.34:191][216]LoadErrors: Error: /Game/Resources_TA/SmartCarUVObj_pCylinder10 : Can't find file for asset. /Game/phong1SG
[2018.10.23-01.34.34:191][216]LogLinker: Warning: Can't find file '/Game/phong1SG'
[2018.10.23-01.34.34:191][216]LogLinker: Warning: Can't find file for asset '/Game/phong1SG' while loading ../../../../../../Users/Richard/Documents/GitHub/AssetPipeMaster01/APsec1LargeCityBase/Content/Resources_TA/SmartCarUVObj_pCylinder10.uasset.
[2018.10.23-01.34.34:193][216]LogLinker: Warning: Can't find file '/Game/phong2SG'
[2018.10.23-01.34.34:193][216]LogLinker: Warning: Can't find file for asset '/Game/phong2SG' while loading ../../../../../../Users/Richard/Documents/GitHub/AssetPipeMaster01/APsec1LargeCityBase/Content/Resources_TA/SmartCarUVObj_pCylinder8.uasset.
[2018.10.23-01.34.34:193][216]LoadErrors: Error: /Game/Resources_TA/SmartCarUVObj_pCylinder8 : Can't find file for asset. /Game/phong2SG
[2018.10.23-01.34.34:193][216]LogLinker: Warning: Can't find file '/Game/phong2SG'
[2018.10.23-01.34.34:193][216]LogLinker: Warning: Can't find file for asset '/Game/phong2SG' while loading ../../../../../../Users/Richard/Documents/GitHub/AssetPipeMaster01/APsec1LargeCityBase/Content/Resources_TA/SmartCarUVObj_pCylinder8.uasset.
[2018.10.23-01.34.34:356][216]LogLinker: Warning: Can't find file '/Game/phong3SG'
[2018.10.23-01.34.34:356][216]LoadErrors: Failed to load /Game/phong3SG.phong3SG Referenced by SmartCarUVObj_pCube1
[2018.10.23-01.34.34:356][216]LogLinker: Warning: Can't find file for asset '/Game/phong3SG' while loading NULL.
[2018.10.23-01.34.34:356][216]LogLinker: Warning: Can't find file '/Game/phong3SG'
[2018.10.23-01.34.34:356][216]LogLinker: Warning: Can't find file for asset '/Game/phong3SG' while loading NULL.
[2018.10.23-01.34.34:358][216]LogLinker: Warning: Can't find file '/Game/phong1SG'
[2018.10.23-01.34.34:358][216]LoadErrors: Failed to load /Game/phong1SG.phong1SG Referenced by SmartCarUVObj_pCylinder10
[2018.10.23-01.34.34:358][216]LogLinker: Warning: Can't find file for asset '/Game/phong1SG' while loading NULL.
[2018.10.23-01.34.34:359][216]LogLinker: Warning: Can't find file '/Game/phong1SG'
[2018.10.23-01.34.34:359][216]LogLinker: Warning: Can't find file for asset '/Game/phong1SG' while loading NULL.
[2018.10.23-01.34.34:359][216]LogLinker: Warning: Can't find file '/Game/phong2SG'
[2018.10.23-01.34.34:359][216]LoadErrors: Failed to load /Game/phong2SG.phong2SG Referenced by SmartCarUVObj_pCylinder8
[2018.10.23-01.34.34:360][216]LogLinker: Warning: Can't find file for asset '/Game/phong2SG' while loading NULL.
[2018.10.23-01.34.34:360][216]LogLinker: Warning: Can't find file '/Game/phong2SG'
[2018.10.23-01.34.34:360][216]LogLinker: Warning: Can't find file for asset '/Game/phong2SG' while loading NULL.
[2018.10.23-01.34.34:391][216]LogAIModule: Creating AISystem for world StreetSceneLarge
[2018.10.23-01.34.34:405][216]LogAssetEditorManager: Opening Asset editor for World /Game/StreetSceneLarge.StreetSceneLarge
[2018.10.23-01.34.38:696][216]LogSlate: Window 'Save Content' being destroyed
[2018.10.23-01.34.40:491][389]LogSavePackage: Moving '../../../../../../Users/Richard/Documents/GitHub/AssetPipeMaster01/APsec1LargeCityBase/Saved/StreetSceneLarge_RichardTendeanB321E8424B0C4CD93AE07DB5FF0856A6.tmp' to '../../../../../../Users/Richard/Documents/GitHub/AssetPipeMaster01/APsec1LargeCityBase/Content/StreetSceneLarge_RichardTendean.umap'
[2018.10.23-01.34.40:550][389]LogSavePackage: Moving '../../../../../../Users/Richard/Documents/GitHub/AssetPipeMaster01/APsec1LargeCityBase/Saved/StreetSceneLarge_RichardTendean_0F96316C42200AB2262F79B692C8955B.tmp' to '../../../../../../Users/Richard/Documents/GitHub/AssetPipeMaster01/APsec1LargeCityBase/Content/StreetSceneLarge_RichardTendean_BuiltData.uasset'
[2018.10.23-01.34.47:658][230]LogAssetEditorManager: Opening Asset editor for World /Game/StreetSceneLarge.StreetSceneLarge
[2018.10.23-01.34.47:677][230]Cmd: MAP LOAD FILE="../../../../../../Users/Richard/Documents/GitHub/AssetPipeMaster01/APsec1LargeCityBase/Content/StreetSceneLarge.umap" TEMPLATE=0 SHOWPROGRESS=1 FEATURELEVEL=3
[2018.10.23-01.34.47:677][230]LightingResults: New page: Lighting Build
[2018.10.23-01.34.47:677][230]LoadErrors: New page: Loading map: StreetSceneLarge.umap
[2018.10.23-01.34.47:713][230]MapCheck: New page: Map Check
[2018.10.23-01.34.47:713][230]LightingResults: New page: Lighting Build
[2018.10.23-01.34.47:753][230]LogEditorServer: Finished looking for orphan Actors (0.000 secs)
[2018.10.23-01.34.47:788][230]Cmd: MAP CHECKDEP NOCLEARLOG
[2018.10.23-01.34.47:871][230]MapCheck: Map check complete: 0 Error(s), 0 Warning(s), took 83.195ms to complete.
[2018.10.23-01.34.47:872][230]LogFileHelpers: Loading map 'StreetSceneLarge' took 0.197
[2018.10.23-01.34.54:190][973]Cmd: DELETE
[2018.10.23-01.34.54:190][973]Cmd: ACTOR DELETE
[2018.10.23-01.34.54:232][973]LogEditorActor: Deleted Actor: BP_Sky_Sphere_C
[2018.10.23-01.34.54:286][973]LogEditorActor: Deleted Actor: PlayerStart
[2018.10.23-01.34.54:287][973]LogEditorActor: Deleted Actor: StaticMeshActor
[2018.10.23-01.34.54:287][973]LogEditorActor: Deleted Actor: StaticMeshActor
[2018.10.23-01.34.54:288][973]LogEditorActor: Deleted Actor: StaticMeshActor
[2018.10.23-01.34.54:288][973]LogEditorActor: Deleted Actor: StaticMeshActor
[2018.10.23-01.34.54:288][973]LogEditorActor: Deleted Actor: StaticMeshActor
[2018.10.23-01.34.54:289][973]LogEditorActor: Deleted Actor: StaticMeshActor
[2018.10.23-01.34.54:289][973]LogEditorActor: Deleted Actor: StaticMeshActor
[2018.10.23-01.34.54:289][973]LogEditorActor: Deleted Actor: StaticMeshActor
[2018.10.23-01.34.54:290][973]LogEditorActor: Deleted Actor: StaticMeshActor
[2018.10.23-01.34.54:290][973]LogEditorActor: Deleted Actor: StaticMeshActor
[2018.10.23-01.34.54:290][973]LogEditorActor: Deleted Actor: StaticMeshActor
[2018.10.23-01.34.54:291][973]LogEditorActor: Deleted Actor: StaticMeshActor
[2018.10.23-01.34.54:291][973]LogEditorActor: Deleted Actor: StaticMeshActor
[2018.10.23-01.34.54:291][973]LogEditorActor: Deleted Actor: StaticMeshActor
[2018.10.23-01.34.54:292][973]LogEditorActor: Deleted Actor: StaticMeshActor
[2018.10.23-01.34.54:292][973]LogEditorActor: Deleted Actor: StaticMeshActor
[2018.10.23-01.34.54:292][973]LogEditorActor: Deleted Actor: StaticMeshActor
[2018.10.23-01.34.54:293][973]LogEditorActor: Deleted Actor: StaticMeshActor
[2018.10.23-01.34.54:293][973]LogEditorActor: Deleted Actor: StaticMeshActor
[2018.10.23-01.34.54:293][973]LogEditorActor: Deleted Actor: StaticMeshActor
[2018.10.23-01.34.54:294][973]LogEditorActor: Deleted Actor: StaticMeshActor
[2018.10.23-01.34.54:294][973]LogEditorActor: Deleted Actor: StaticMeshActor
[2018.10.23-01.34.54:294][973]LogEditorActor: Deleted Actor: StaticMeshActor
[2018.10.23-01.34.54:294][973]LogEditorActor: Deleted Actor: StaticMeshActor
[2018.10.23-01.34.54:295][973]LogEditorActor: Deleted Actor: StaticMeshActor
[2018.10.23-01.34.54:295][973]LogEditorActor: Deleted Actor: StaticMeshActor
[2018.10.23-01.34.54:295][973]LogEditorActor: Deleted Actor: StaticMeshActor
[2018.10.23-01.34.54:296][973]LogEditorActor: Deleted Actor: StaticMeshActor
[2018.10.23-01.34.54:296][973]LogEditorActor: Deleted Actor: StaticMeshActor
[2018.10.23-01.34.54:296][973]LogEditorActor: Deleted Actor: StaticMeshActor
[2018.10.23-01.34.54:297][973]LogEditorActor: Deleted Actor: StaticMeshActor
[2018.10.23-01.34.54:297][973]LogEditorActor: Deleted Actor: StaticMeshActor
[2018.10.23-01.34.54:297][973]LogEditorActor: Deleted Actor: StaticMeshActor
[2018.10.23-01.34.54:298][973]LogEditorActor: Deleted Actor: StaticMeshActor
[2018.10.23-01.34.54:298][973]LogEditorActor: Deleted Actor: StaticMeshActor
[2018.10.23-01.34.54:298][973]LogEditorActor: Deleted Actor: StaticMeshActor
[2018.10.23-01.34.54:298][973]LogEditorActor: Deleted Actor: StaticMeshActor
[2018.10.23-01.34.54:299][973]LogEditorActor: Deleted Actor: StaticMeshActor
[2018.10.23-01.34.54:299][973]LogEditorActor: Deleted Actor: StaticMeshActor
[2018.10.23-01.34.54:299][973]LogEditorActor: Deleted Actor: StaticMeshActor
[2018.10.23-01.34.54:300][973]LogEditorActor: Deleted Actor: StaticMeshActor
[2018.10.23-01.34.54:300][973]LogEditorActor: Deleted Actor: StaticMeshActor
[2018.10.23-01.34.54:300][973]LogEditorActor: Deleted Actor: StaticMeshActor
[2018.10.23-01.34.54:301][973]LogEditorActor: Deleted Actor: StaticMeshActor
[2018.10.23-01.34.54:301][973]LogEditorActor: Deleted Actor: StaticMeshActor
[2018.10.23-01.34.54:301][973]LogEditorActor: Deleted Actor: StaticMeshActor
[2018.10.23-01.34.54:302][973]LogEditorActor: Deleted Actor: StaticMeshActor
[2018.10.23-01.34.54:302][973]LogEditorActor: Deleted Actor: StaticMeshActor
[2018.10.23-01.34.54:302][973]LogEditorActor: Deleted Actor: StaticMeshActor
[2018.10.23-01.34.54:302][973]LogEditorActor: Deleted Actor: StaticMeshActor
[2018.10.23-01.34.54:303][973]LogEditorActor: Deleted Actor: StaticMeshActor
[2018.10.23-01.34.54:303][973]LogEditorActor: Deleted Actor: StaticMeshActor
[2018.10.23-01.34.54:303][973]LogEditorActor: Deleted Actor: StaticMeshActor
[2018.10.23-01.34.54:304][973]LogEditorActor: Deleted Actor: StaticMeshActor
[2018.10.23-01.34.54:304][973]LogEditorActor: Deleted Actor: StaticMeshActor
[2018.10.23-01.34.54:304][973]LogEditorActor: Deleted Actor: StaticMeshActor
[2018.10.23-01.34.54:304][973]LogEditorActor: Deleted Actor: StaticMeshActor
[2018.10.23-01.34.54:305][973]LogEditorActor: Deleted Actor: StaticMeshActor
[2018.10.23-01.34.54:305][973]LogEditorActor: Deleted Actor: StaticMeshActor
[2018.10.23-01.34.54:305][973]LogEditorActor: Deleted Actor: StaticMeshActor
[2018.10.23-01.34.54:306][973]LogEditorActor: Deleted Actor: StaticMeshActor
[2018.10.23-01.34.54:306][973]LogEditorActor: Deleted Actor: StaticMeshActor
[2018.10.23-01.34.54:306][973]LogEditorActor: Deleted Actor: StaticMeshActor
[2018.10.23-01.34.54:306][973]LogEditorActor: Deleted Actor: StaticMeshActor
[2018.10.23-01.34.54:307][973]LogEditorActor: Deleted Actor: StaticMeshActor
[2018.10.23-01.34.54:307][973]LogEditorActor: Deleted Actor: StaticMeshActor
[2018.10.23-01.34.54:307][973]LogEditorActor: Deleted Actor: StaticMeshActor
[2018.10.23-01.34.54:308][973]LogEditorActor: Deleted Actor: StaticMeshActor
[2018.10.23-01.34.54:308][973]LogEditorActor: Deleted Actor: StaticMeshActor
[2018.10.23-01.34.54:308][973]LogEditorActor: Deleted Actor: StaticMeshActor
[2018.10.23-01.34.54:308][973]LogEditorActor: Deleted Actor: StaticMeshActor
[2018.10.23-01.34.54:309][973]LogEditorActor: Deleted Actor: StaticMeshActor
[2018.10.23-01.34.54:309][973]LogEditorActor: Deleted Actor: StaticMeshActor
[2018.10.23-01.34.54:309][973]LogEditorActor: Deleted Actor: StaticMeshActor
[2018.10.23-01.34.54:310][973]LogEditorActor: Deleted Actor: StaticMeshActor
[2018.10.23-01.34.54:310][973]LogEditorActor: Deleted Actor: StaticMeshActor
[2018.10.23-01.34.54:310][973]LogEditorActor: Deleted Actor: StaticMeshActor
[2018.10.23-01.34.54:310][973]LogEditorActor: Deleted Actor: StaticMeshActor
[2018.10.23-01.34.54:311][973]LogEditorActor: Deleted Actor: StaticMeshActor
[2018.10.23-01.34.54:311][973]LogEditorActor: Deleted Actor: StaticMeshActor
[2018.10.23-01.34.54:311][973]LogEditorActor: Deleted Actor: StaticMeshActor
[2018.10.23-01.34.54:311][973]LogEditorActor: Deleted Actor: StaticMeshActor
[2018.10.23-01.34.54:312][973]LogEditorActor: Deleted Actor: StaticMeshActor
[2018.10.23-01.34.54:312][973]LogEditorActor: Deleted Actor: StaticMeshActor
[2018.10.23-01.34.54:312][973]LogEditorActor: Deleted Actor: StaticMeshActor
[2018.10.23-01.34.54:312][973]LogEditorActor: Deleted Actor: StaticMeshActor
[2018.10.23-01.34.54:313][973]LogEditorActor: Deleted Actor: StaticMeshActor
[2018.10.23-01.34.54:313][973]LogEditorActor: Deleted Actor: StaticMeshActor
[2018.10.23-01.34.54:313][973]LogEditorActor: Deleted Actor: StaticMeshActor
[2018.10.23-01.34.54:313][973]LogEditorActor: Deleted Actor: StaticMeshActor
[2018.10.23-01.34.54:314][973]LogEditorActor: Deleted Actor: StaticMeshActor
[2018.10.23-01.34.54:314][973]LogEditorActor: Deleted Actor: StaticMeshActor
[2018.10.23-01.34.54:314][973]LogEditorActor: Deleted Actor: StaticMeshActor
[2018.10.23-01.34.54:314][973]LogEditorActor: Deleted Actor: StaticMeshActor
[2018.10.23-01.34.54:315][973]LogEditorActor: Deleted Actor: StaticMeshActor
[2018.10.23-01.34.54:315][973]LogEditorActor: Deleted Actor: StaticMeshActor
[2018.10.23-01.34.54:315][973]LogEditorActor: Deleted Actor: StaticMeshActor
[2018.10.23-01.34.54:315][973]LogEditorActor: Deleted Actor: StaticMeshActor
[2018.10.23-01.34.54:316][973]LogEditorActor: Deleted Actor: StaticMeshActor
[2018.10.23-01.34.54:316][973]LogEditorActor: Deleted Actor: StaticMeshActor
[2018.10.23-01.34.54:316][973]LogEditorActor: Deleted Actor: StaticMeshActor
[2018.10.23-01.34.54:316][973]LogEditorActor: Deleted Actor: StaticMeshActor
[2018.10.23-01.34.54:317][973]LogEditorActor: Deleted Actor: StaticMeshActor
[2018.10.23-01.34.54:317][973]LogEditorActor: Deleted Actor: StaticMeshActor
[2018.10.23-01.34.54:317][973]LogEditorActor: Deleted Actor: StaticMeshActor
[2018.10.23-01.34.54:317][973]LogEditorActor: Deleted Actor: StaticMeshActor
[2018.10.23-01.34.54:317][973]LogEditorActor: Deleted Actor: StaticMeshActor
[2018.10.23-01.34.54:318][973]LogEditorActor: Deleted Actor: StaticMeshActor
[2018.10.23-01.34.54:318][973]LogEditorActor: Deleted Actor: StaticMeshActor
[2018.10.23-01.34.54:318][973]LogEditorActor: Deleted Actor: StaticMeshActor
[2018.10.23-01.34.54:318][973]LogEditorActor: Deleted Actor: StaticMeshActor
[2018.10.23-01.34.54:319][973]LogEditorActor: Deleted Actor: StaticMeshActor
[2018.10.23-01.34.54:319][973]LogEditorActor: Deleted Actor: StaticMeshActor
[2018.10.23-01.34.54:319][973]LogEditorActor: Deleted Actor: StaticMeshActor
[2018.10.23-01.34.54:319][973]LogEditorActor: Deleted Actor: StaticMeshActor
[2018.10.23-01.34.54:319][973]LogEditorActor: Deleted Actor: StaticMeshActor
[2018.10.23-01.34.54:320][973]LogEditorActor: Deleted Actor: StaticMeshActor
[2018.10.23-01.34.54:320][973]LogEditorActor: Deleted Actor: StaticMeshActor
[2018.10.23-01.34.54:320][973]LogEditorActor: Deleted Actor: StaticMeshActor
[2018.10.23-01.34.54:320][973]LogEditorActor: Deleted Actor: StaticMeshActor
[2018.10.23-01.34.54:320][973]LogEditorActor: Deleted Actor: StaticMeshActor
[2018.10.23-01.34.54:321][973]LogEditorActor: Deleted Actor: StaticMeshActor
[2018.10.23-01.34.54:321][973]LogEditorActor: Deleted Actor: StaticMeshActor
[2018.10.23-01.34.54:321][973]LogEditorActor: Deleted Actor: StaticMeshActor
[2018.10.23-01.34.54:321][973]LogEditorActor: Deleted Actor: StaticMeshActor
[2018.10.23-01.34.54:321][973]LogEditorActor: Deleted Actor: StaticMeshActor
[2018.10.23-01.34.54:322][973]LogEditorActor: Deleted Actor: StaticMeshActor
[2018.10.23-01.34.54:322][973]LogEditorActor: Deleted Actor: StaticMeshActor
[2018.10.23-01.34.54:322][973]LogEditorActor: Deleted Actor: StaticMeshActor
[2018.10.23-01.34.54:322][973]LogEditorActor: Deleted Actor: StaticMeshActor
[2018.10.23-01.34.54:322][973]LogEditorActor: Deleted Actor: StaticMeshActor
[2018.10.23-01.34.54:323][973]LogEditorActor: Deleted Actor: StaticMeshActor
[2018.10.23-01.34.54:323][973]LogEditorActor: Deleted Actor: StaticMeshActor
[2018.10.23-01.34.54:323][973]LogEditorActor: Deleted Actor: StaticMeshActor
[2018.10.23-01.34.54:323][973]LogEditorActor: Deleted Actor: StaticMeshActor
[2018.10.23-01.34.54:323][973]LogEditorActor: Deleted Actor: StaticMeshActor
[2018.10.23-01.34.54:324][973]LogEditorActor: Deleted Actor: StaticMeshActor
[2018.10.23-01.34.54:324][973]LogEditorActor: Deleted Actor: StaticMeshActor
[2018.10.23-01.34.54:324][973]LogEditorActor: Deleted Actor: StaticMeshActor
[2018.10.23-01.34.54:324][973]LogEditorActor: Deleted Actor: StaticMeshActor
[2018.10.23-01.34.54:324][973]LogEditorActor: Deleted Actor: StaticMeshActor
[2018.10.23-01.34.54:325][973]LogEditorActor: Deleted Actor: StaticMeshActor
[2018.10.23-01.34.54:325][973]LogEditorActor: Deleted Actor: StaticMeshActor
[2018.10.23-01.34.54:325][973]LogEditorActor: Deleted Actor: StaticMeshActor
[2018.10.23-01.34.54:325][973]LogEditorActor: Deleted Actor: StaticMeshActor
[2018.10.23-01.34.54:325][973]LogEditorActor: Deleted Actor: StaticMeshActor
[2018.10.23-01.34.54:325][973]LogEditorActor: Deleted Actor: StaticMeshActor
[2018.10.23-01.34.54:326][973]LogEditorActor: Deleted Actor: StaticMeshActor
[2018.10.23-01.34.54:326][973]LogEditorActor: Deleted Actor: StaticMeshActor
[2018.10.23-01.34.54:326][973]LogEditorActor: Deleted Actor: StaticMeshActor
[2018.10.23-01.34.54:326][973]LogEditorActor: Deleted Actor: StaticMeshActor
[2018.10.23-01.34.54:326][973]LogEditorActor: Deleted Actor: StaticMeshActor
[2018.10.23-01.34.54:326][973]LogEditorActor: Deleted Actor: StaticMeshActor
[2018.10.23-01.34.54:327][973]LogEditorActor: Deleted Actor: StaticMeshActor
[2018.10.23-01.34.54:327][973]LogEditorActor: Deleted Actor: StaticMeshActor
[2018.10.23-01.34.54:327][973]LogEditorActor: Deleted Actor: StaticMeshActor
[2018.10.23-01.34.54:327][973]LogEditorActor: Deleted Actor: StaticMeshActor
[2018.10.23-01.34.54:327][973]LogEditorActor: Deleted Actor: StaticMeshActor
[2018.10.23-01.34.54:327][973]LogEditorActor: Deleted Actor: StaticMeshActor
[2018.10.23-01.34.54:328][973]LogEditorActor: Deleted Actor: StaticMeshActor
[2018.10.23-01.34.54:328][973]LogEditorActor: Deleted Actor: StaticMeshActor
[2018.10.23-01.34.54:328][973]LogEditorActor: Deleted Actor: StaticMeshActor
[2018.10.23-01.34.54:328][973]LogEditorActor: Deleted Actor: StaticMeshActor
[2018.10.23-01.34.54:328][973]LogEditorActor: Deleted Actor: StaticMeshActor
[2018.10.23-01.34.54:328][973]LogEditorActor: Deleted Actor: StaticMeshActor
[2018.10.23-01.34.54:328][973]LogEditorActor: Deleted Actor: StaticMeshActor
[2018.10.23-01.34.54:329][973]LogEditorActor: Deleted Actor: StaticMeshActor
[2018.10.23-01.34.54:329][973]LogEditorActor: Deleted Actor: StaticMeshActor
[2018.10.23-01.34.54:329][973]LogEditorActor: Deleted Actor: StaticMeshActor
[2018.10.23-01.34.54:329][973]LogEditorActor: Deleted Actor: StaticMeshActor
[2018.10.23-01.34.54:329][973]LogEditorActor: Deleted Actor: StaticMeshActor
[2018.10.23-01.34.54:329][973]LogEditorActor: Deleted Actor: StaticMeshActor
[2018.10.23-01.34.54:330][973]LogEditorActor: Deleted Actor: StaticMeshActor
[2018.10.23-01.34.54:330][973]LogEditorActor: Deleted Actor: StaticMeshActor
[2018.10.23-01.34.54:330][973]LogEditorActor: Deleted Actor: StaticMeshActor
[2018.10.23-01.34.54:330][973]LogEditorActor: Deleted Actor: StaticMeshActor
[2018.10.23-01.34.54:330][973]LogEditorActor: Deleted Actor: StaticMeshActor
[2018.10.23-01.34.54:330][973]LogEditorActor: Deleted Actor: StaticMeshActor
[2018.10.23-01.34.54:330][973]LogEditorActor: Deleted Actor: StaticMeshActor
[2018.10.23-01.34.54:330][973]LogEditorActor: Deleted Actor: StaticMeshActor
[2018.10.23-01.34.54:331][973]LogEditorActor: Deleted Actor: StaticMeshActor
[2018.10.23-01.34.54:331][973]LogEditorActor: Deleted Actor: StaticMeshActor
[2018.10.23-01.34.54:331][973]LogEditorActor: Deleted Actor: StaticMeshActor
[2018.10.23-01.34.54:331][973]LogEditorActor: Deleted Actor: StaticMeshActor
[2018.10.23-01.34.54:331][973]LogEditorActor: Deleted Actor: StaticMeshActor
[2018.10.23-01.34.54:331][973]LogEditorActor: Deleted Actor: StaticMeshActor
[2018.10.23-01.34.54:331][973]LogEditorActor: Deleted Actor: StaticMeshActor
[2018.10.23-01.34.54:332][973]LogEditorActor: Deleted Actor: StaticMeshActor
[2018.10.23-01.34.54:332][973]LogEditorActor: Deleted Actor: StaticMeshActor
[2018.10.23-01.34.54:332][973]LogEditorActor: Deleted Actor: StaticMeshActor
[2018.10.23-01.34.54:332][973]LogEditorActor: Deleted Actor: StaticMeshActor
[2018.10.23-01.34.54:332][973]LogEditorActor: Deleted Actor: StaticMeshActor
[2018.10.23-01.34.54:332][973]LogEditorActor: Deleted Actor: StaticMeshActor
[2018.10.23-01.34.54:332][973]LogEditorActor: Deleted Actor: StaticMeshActor
[2018.10.23-01.34.54:332][973]LogEditorActor: Deleted Actor: StaticMeshActor
[2018.10.23-01.34.54:332][973]LogEditorActor: Deleted Actor: StaticMeshActor
[2018.10.23-01.34.54:333][973]LogEditorActor: Deleted Actor: StaticMeshActor
[2018.10.23-01.34.54:333][973]LogEditorActor: Deleted Actor: StaticMeshActor
[2018.10.23-01.34.54:333][973]LogEditorActor: Deleted Actor: StaticMeshActor
[2018.10.23-01.34.54:333][973]LogEditorActor: Deleted Actor: StaticMeshActor
[2018.10.23-01.34.54:333][973]LogEditorActor: Deleted Actor: StaticMeshActor
[2018.10.23-01.34.54:333][973]LogEditorActor: Deleted Actor: StaticMeshActor
[2018.10.23-01.34.54:333][973]LogEditorActor: Deleted Actor: StaticMeshActor
[2018.10.23-01.34.54:333][973]LogEditorActor: Deleted Actor: StaticMeshActor
[2018.10.23-01.34.54:333][973]LogEditorActor: Deleted Actor: StaticMeshActor
[2018.10.23-01.34.54:334][973]LogEditorActor: Deleted Actor: StaticMeshActor
[2018.10.23-01.34.54:334][973]LogEditorActor: Deleted Actor: StaticMeshActor
[2018.10.23-01.34.54:334][973]LogEditorActor: Deleted Actor: StaticMeshActor
[2018.10.23-01.34.54:334][973]LogEditorActor: Deleted Actor: StaticMeshActor
[2018.10.23-01.34.54:334][973]LogEditorActor: Deleted Actor: StaticMeshActor
[2018.10.23-01.34.54:334][973]LogEditorActor: Deleted Actor: StaticMeshActor
[2018.10.23-01.34.54:334][973]LogEditorActor: Deleted Actor: StaticMeshActor
[2018.10.23-01.34.54:334][973]LogEditorActor: Deleted Actor: StaticMeshActor
[2018.10.23-01.34.54:334][973]LogEditorActor: Deleted Actor: StaticMeshActor
[2018.10.23-01.34.54:334][973]LogEditorActor: Deleted Actor: StaticMeshActor
[2018.10.23-01.34.54:334][973]LogEditorActor: Deleted Actor: StaticMeshActor
[2018.10.23-01.34.54:335][973]LogEditorActor: Deleted Actor: StaticMeshActor
[2018.10.23-01.34.54:335][973]LogEditorActor: Deleted Actor: StaticMeshActor
[2018.10.23-01.34.54:335][973]LogEditorActor: Deleted Actor: StaticMeshActor
[2018.10.23-01.34.54:335][973]LogEditorActor: Deleted Actor: StaticMeshActor
[2018.10.23-01.34.54:335][973]LogEditorActor: Deleted Actor: StaticMeshActor
[2018.10.23-01.34.54:335][973]LogEditorActor: Deleted Actor: StaticMeshActor
[2018.10.23-01.34.54:335][973]LogEditorActor: Deleted Actor: StaticMeshActor
[2018.10.23-01.34.54:335][973]LogEditorActor: Deleted Actor: StaticMeshActor
[2018.10.23-01.34.54:335][973]LogEditorActor: Deleted Actor: StaticMeshActor
[2018.10.23-01.34.54:335][973]LogEditorActor: Deleted Actor: StaticMeshActor
[2018.10.23-01.34.54:335][973]LogEditorActor: Deleted Actor: StaticMeshActor
[2018.10.23-01.34.54:335][973]LogEditorActor: Deleted Actor: StaticMeshActor
[2018.10.23-01.34.54:336][973]LogEditorActor: Deleted Actor: StaticMeshActor
[2018.10.23-01.34.54:336][973]LogEditorActor: Deleted Actor: StaticMeshActor
[2018.10.23-01.34.54:336][973]LogEditorActor: Deleted Actor: StaticMeshActor
[2018.10.23-01.34.54:336][973]LogEditorActor: Deleted Actor: StaticMeshActor
[2018.10.23-01.34.54:336][973]LogEditorActor: Deleted Actor: StaticMeshActor
[2018.10.23-01.34.54:336][973]LogEditorActor: Deleted Actor: StaticMeshActor
[2018.10.23-01.34.54:336][973]LogEditorActor: Deleted Actor: StaticMeshActor
[2018.10.23-01.34.54:336][973]LogEditorActor: Deleted Actor: StaticMeshActor
[2018.10.23-01.34.54:336][973]LogEditorActor: Deleted Actor: StaticMeshActor
[2018.10.23-01.34.54:336][973]LogEditorActor: Deleted Actor: StaticMeshActor
[2018.10.23-01.34.54:336][973]LogEditorActor: Deleted Actor: StaticMeshActor
[2018.10.23-01.34.54:336][973]LogEditorActor: Deleted Actor: StaticMeshActor
[2018.10.23-01.34.54:336][973]LogEditorActor: Deleted Actor: StaticMeshActor
[2018.10.23-01.34.54:336][973]LogEditorActor: Deleted Actor: StaticMeshActor
[2018.10.23-01.34.54:336][973]LogEditorActor: Deleted Actor: StaticMeshActor
[2018.10.23-01.34.54:336][973]LogEditorActor: Deleted Actor: StaticMeshActor
[2018.10.23-01.34.54:337][973]LogEditorActor: Deleted Actor: StaticMeshActor
[2018.10.23-01.34.54:337][973]LogEditorActor: Deleted Actor: StaticMeshActor
[2018.10.23-01.34.54:337][973]LogEditorActor: Deleted Actor: StaticMeshActor
[2018.10.23-01.34.54:337][973]LogEditorActor: Deleted Actor: StaticMeshActor
[2018.10.23-01.34.54:337][973]LogEditorActor: Deleted Actor: StaticMeshActor
[2018.10.23-01.34.54:337][973]LogEditorActor: Deleted Actor: StaticMeshActor
[2018.10.23-01.34.54:337][973]LogEditorActor: Deleted Actor: StaticMeshActor
[2018.10.23-01.34.54:337][973]LogEditorActor: Deleted Actor: StaticMeshActor
[2018.10.23-01.34.54:337][973]LogEditorActor: Deleted Actor: StaticMeshActor
[2018.10.23-01.34.54:337][973]LogEditorActor: Deleted Actor: StaticMeshActor
[2018.10.23-01.34.54:337][973]LogEditorActor: Deleted Actor: StaticMeshActor
[2018.10.23-01.34.54:337][973]LogEditorActor: Deleted Actor: StaticMeshActor
[2018.10.23-01.34.54:337][973]LogEditorActor: Deleted Actor: StaticMeshActor
[2018.10.23-01.34.54:337][973]LogEditorActor: Deleted Actor: StaticMeshActor
[2018.10.23-01.34.54:355][973]LogEditorActor: Deleted 260 Actors (0.165 secs)
[2018.10.23-01.34.55:408][ 89]Cmd: EDIT PASTE
[2018.10.23-01.34.55:818][ 89]LogNavigationPoint: PostEditMove Clear paths rebuilt
[2018.10.23-01.35.00:765][666]LogSlate: FSceneViewport::OnFocusLost() reason 2
[2018.10.23-01.35.17:355][646]LogSlate: FSceneViewport::OnFocusLost() reason 0
[2018.10.23-01.35.18:181][656]LogSavePackage: Moving '../../../../../../Users/Richard/Documents/GitHub/AssetPipeMaster01/APsec1LargeCityBase/Saved/StreetSceneLargeC710997444155DF73A25AAB474BFD687.tmp' to '../../../../../../Users/Richard/Documents/GitHub/AssetPipeMaster01/APsec1LargeCityBase/Content/StreetSceneLarge.umap'
[2018.10.23-01.35.18:262][656]LogSavePackage: Moving '../../../../../../Users/Richard/Documents/GitHub/AssetPipeMaster01/APsec1LargeCityBase/Saved/StreetSceneLarge_BuiltDataC60D7666492168FDF2079DA4FD17E3B2.tmp' to '../../../../../../Users/Richard/Documents/GitHub/AssetPipeMaster01/APsec1LargeCityBase/Content/StreetSceneLarge_BuiltData.uasset'
[2018.10.23-01.35.19:470][791]LogSlate: FSceneViewport::OnFocusLost() reason 2
[2018.10.23-01.35.22:560][161]LogSlate: FSceneViewport::OnFocusLost() reason 2
[2018.10.23-01.35.25:479][509]LogEditorViewport: Clicking Background
[2018.10.23-01.35.27:150][704]LogSlate: FSceneViewport::OnFocusLost() reason 0
[2018.10.23-01.35.27:989][717]LogSavePackage: Moving '../../../../../../Users/Richard/Documents/GitHub/AssetPipeMaster01/APsec1LargeCityBase/Saved/StreetSceneLarge9598D1D648A5AE76F2585A94761ED67B.tmp' to '../../../../../../Users/Richard/Documents/GitHub/AssetPipeMaster01/APsec1LargeCityBase/Content/StreetSceneLarge.umap'
[2018.10.23-01.35.28:048][717]LogSavePackage: Moving '../../../../../../Users/Richard/Documents/GitHub/AssetPipeMaster01/APsec1LargeCityBase/Saved/StreetSceneLarge_BuiltDataF0642129465CDE4A5B24E1893B60DC90.tmp' to '../../../../../../Users/Richard/Documents/GitHub/AssetPipeMaster01/APsec1LargeCityBase/Content/StreetSceneLarge_BuiltData.uasset'
[2018.10.23-01.35.28:863][802]LogSlate: FSceneViewport::OnFocusLost() reason 2
[2018.10.23-01.35.30:735][ 26]LogSlate: FSceneViewport::OnFocusLost() reason 2
