Log file open, 11/28/18 11:51:59
LogWindows: Failed to load 'aqProf.dll' (GetLastError=126)
LogWindows: File 'aqProf.dll' does not exist
LogWindows: Failed to load 'VtuneApi.dll' (GetLastError=126)
LogWindows: File 'VtuneApi.dll' does not exist
LogWindows: Failed to load 'VtuneApi32e.dll' (GetLastError=126)
LogWindows: File 'VtuneApi32e.dll' does not exist
LogInit: Display: Running engine for game: APsec1LargeCityBase
LogPlatformFile: Not using cached read wrapper
LogTaskGraph: Started task graph with 5 named threads and 23 total threads with 3 sets of task threads.
LogStats: Stats thread started at 1.088830
LogD3D11RHI: Loaded GFSDK_Aftermath_Lib.x64.dll
LogICUInternationalization: Display: ICU TimeZone Detection - Raw Offset: -7:00, Platform Override: ''
LogPluginManager: Mounting plugin Paper2D
LogPluginManager: Mounting plugin AISupport
LogPluginManager: Mounting plugin LightPropagationVolume
LogPluginManager: Mounting plugin CLionSourceCodeAccess
LogPluginManager: Mounting plugin CodeLiteSourceCodeAccess
LogPluginManager: Mounting plugin GitSourceControl
LogPluginManager: Mounting plugin KDevelopSourceCodeAccess
LogPluginManager: Mounting plugin NullSourceCodeAccess
LogPluginManager: Mounting plugin PerforceSourceControl
LogPluginManager: Mounting plugin SubversionSourceControl
LogPluginManager: Mounting plugin UObjectPlugin
LogPluginManager: Mounting plugin VisualStudioCodeSourceCodeAccess
LogPluginManager: Mounting plugin VisualStudioSourceCodeAccess
LogPluginManager: Mounting plugin XCodeSourceCodeAccess
LogPluginManager: Mounting plugin AssetManagerEditor
LogPluginManager: Mounting plugin CryptoKeys
LogPluginManager: Mounting plugin DataValidation
LogPluginManager: Mounting plugin FacialAnimation
LogPluginManager: Mounting plugin GameplayTagsEditor
LogPluginManager: Mounting plugin MacGraphicsSwitching
LogPluginManager: Mounting plugin MeshEditor
LogPluginManager: Mounting plugin MobileLauncherProfileWizard
LogPluginManager: Mounting plugin PluginBrowser
LogPluginManager: Mounting plugin SpeedTreeImporter
LogPluginManager: Mounting plugin DatasmithContent
LogPluginManager: Mounting plugin AlembicImporter
LogPluginManager: Mounting plugin AppleImageUtils
LogPluginManager: Mounting plugin AppleVision
LogPluginManager: Mounting plugin BackChannel
LogPluginManager: Mounting plugin CharacterAI
LogPluginManager: Mounting plugin GeometryCache
LogPluginManager: Mounting plugin HTML5Networking
LogPluginManager: Mounting plugin ProxyLODPlugin
LogPluginManager: Mounting plugin MagicLeap
LogPluginManager: Mounting plugin MagicLeapEmulator
LogPluginManager: Mounting plugin MagicLeapMedia
LogPluginManager: Mounting plugin AndroidMedia
LogPluginManager: Mounting plugin AvfMedia
LogPluginManager: Mounting plugin ImgMedia
LogPluginManager: Mounting plugin LinearTimecode
LogPluginManager: Mounting plugin MediaCompositing
LogPluginManager: Mounting plugin MediaPlayerEditor
LogPluginManager: Mounting plugin WmfMedia
LogPluginManager: Mounting plugin TcpMessaging
LogPluginManager: Mounting plugin UdpMessaging
LogPluginManager: Mounting plugin ActorSequence
LogPluginManager: Mounting plugin LevelSequenceEditor
LogPluginManager: Mounting plugin MatineeToLevelSequence
LogPluginManager: Mounting plugin NetcodeUnitTest
LogPluginManager: Mounting plugin NUTUnrealEngine4
LogPluginManager: Mounting plugin OnlineSubsystemGooglePlay
LogPluginManager: Mounting plugin OnlineSubsystemIOS
LogPluginManager: Mounting plugin OnlineSubsystem
LogPluginManager: Mounting plugin OnlineSubsystemNull
LogPluginManager: Mounting plugin OnlineSubsystemUtils
LogPluginManager: Mounting plugin LauncherChunkInstaller
LogPluginManager: Mounting plugin AndroidDeviceProfileSelector
LogPluginManager: Mounting plugin AndroidMoviePlayer
LogPluginManager: Mounting plugin AndroidPermission
LogPluginManager: Mounting plugin AppleMoviePlayer
LogPluginManager: Mounting plugin ArchVisCharacter
LogPluginManager: Mounting plugin AudioCapture
LogPluginManager: Mounting plugin CableComponent
LogPluginManager: Mounting plugin CustomMeshComponent
LogPluginManager: Mounting plugin EditableMesh
LogPluginManager: Mounting plugin ExampleDeviceProfileSelector
LogPluginManager: Mounting plugin GoogleCloudMessaging
LogPluginManager: Mounting plugin ImmediatePhysics
LogPluginManager: Mounting plugin IOSDeviceProfileSelector
LogPluginManager: Mounting plugin LinuxDeviceProfileSelector
LogPluginManager: Mounting plugin LocationServicesBPLibrary
LogPluginManager: Mounting plugin MobilePatchingUtils
LogPluginManager: Mounting plugin OculusVR
LogPluginManager: Plugin shader directory ../../../Engine/Plugins/Runtime/Oculus/OculusVR/Shaders found
LogPluginManager: Mapping shader source directory ../../../Engine/Plugins/Runtime/Oculus/OculusVR/Shaders to virtual directory /Plugin/OculusVR
LogPluginManager: Mounting plugin PhysXVehicles
LogPluginManager: Mounting plugin ProceduralMeshComponent
LogPluginManager: Mounting plugin RuntimePhysXCooking
LogPluginManager: Mounting plugin SteamVR
LogPluginManager: Mounting plugin WindowsMoviePlayer
LogStreaming: Display: Took  0.130s to configure plugins.
LogInit: Using libcurl 7.55.1-DEV
LogInit:  - built for x86_64-pc-win32
LogInit:  - supports SSL with OpenSSL/1.0.2h
LogInit:  - supports HTTP deflate (compression) using libz 1.2.8
LogInit:  - other features:
LogInit:      CURL_VERSION_SSL
LogInit:      CURL_VERSION_LIBZ
LogInit:      CURL_VERSION_IPV6
LogInit:      CURL_VERSION_ASYNCHDNS
LogInit:      CURL_VERSION_LARGEFILE
LogInit:      CURL_VERSION_IDN
LogInit:  CurlRequestOptions (configurable via config and command line):
LogInit:  - bVerifyPeer = false  - Libcurl will NOT verify peer certificate
LogInit:  - bUseHttpProxy = false  - Libcurl will NOT use HTTP proxy
LogInit:  - bDontReuseConnections = false  - Libcurl will reuse connections
LogInit:  - CertBundlePath = nullptr  - Libcurl will use whatever was configured at build time.
LogInit:  - MaxHostConnections = 16  - Libcurl will limit the number of connections to a host
LogInit:  - LocalHostAddr = Default
LogInit:  - BufferSize = 65536
LogInit: WinSock: version 1.1 (2.2), MaxSocks=32767, MaxUdp=65467
LogInit: Build: ++UE4+Release-4.20-CL-4212847
LogInit: Engine Version: 4.20.2-4212847+++UE4+Release-4.20
LogInit: Compatible Engine Version: 4.20.0-4212847+++UE4+Release-4.20
LogInit: Net CL: 4212847
LogInit: OS: Windows 10 (), CPU: Intel(R) Core(TM) i7-8809G CPU @ 3.10GHz, GPU: Radeon RX Vega M GH Graphics
LogInit: Compiled (64-bit): Jul 14 2018 09:51:14
LogInit: Compiled with Visual C++: 19.13.26129.00
LogInit: Build Configuration: Development
LogInit: Branch Name: ++UE4+Release-4.20
LogInit: Command Line:  
LogInit: Base Directory: C:/Program Files/Epic Games/UE_4.20/Engine/Binaries/Win64/
LogInit: Installed Engine Build: 1
LogDevObjectVersion: Number of dev versions registered: 20
LogDevObjectVersion:   Dev-Blueprints (B0D832E4-1F89-4F0D-ACCF-7EB736FD4AA2): 10
LogDevObjectVersion:   Dev-Build (E1C64328-A22C-4D53-A36C-8E866417BD8C): 0
LogDevObjectVersion:   Dev-Core (375EC13C-06E4-48FB-B500-84F0262A717E): 2
LogDevObjectVersion:   Dev-Editor (E4B068ED-F494-42E9-A231-DA0B2E46BB41): 24
LogDevObjectVersion:   Dev-Framework (CFFC743F-43B0-4480-9391-14DF171D2073): 34
LogDevObjectVersion:   Dev-Mobile (B02B49B5-BB20-44E9-A304-32B752E40360): 2
LogDevObjectVersion:   Dev-Networking (A4E4105C-59A1-49B5-A7C5-40C4547EDFEE): 0
LogDevObjectVersion:   Dev-Online (39C831C9-5AE6-47DC-9A44-9C173E1C8E7C): 0
LogDevObjectVersion:   Dev-Physics (78F01B33-EBEA-4F98-B9B4-84EACCB95AA2): 0
LogDevObjectVersion:   Dev-Platform (6631380F-2D4D-43E0-8009-CF276956A95A): 0
LogDevObjectVersion:   Dev-Rendering (12F88B9F-8875-4AFC-A67C-D90C383ABD29): 26
LogDevObjectVersion:   Dev-Sequencer (7B5AE74C-D270-4C10-A958-57980B212A5A): 9
LogDevObjectVersion:   Dev-VR (D7296918-1DD6-4BDD-9DE2-64A83CC13884): 2
LogDevObjectVersion:   Dev-LoadTimes (C2A15278-BFE7-4AFE-6C17-90FF531DF755): 1
LogDevObjectVersion:   Private-Geometry (6EACA3D4-40EC-4CC1-B786-8BED09428FC5): 3
LogDevObjectVersion:   Dev-AnimPhys (29E575DD-E0A3-4627-9D10-D276232CDCEA): 17
LogDevObjectVersion:   Dev-ReflectionCapture (6B266CEC-1EC7-4B8F-A30B-E4D90942FC07): 1
LogDevObjectVersion:   Dev-Automation (0DF73D61-A23F-47EA-B727-89E90C41499A): 1
LogDevObjectVersion:   FortniteMain (601D1886-AC64-4F84-AA16-D3DE0DEAC7D6): 12
LogDevObjectVersion:   Dev-Enterprise (9DFFBCD6-494F-0158-E221-12823C92A888): 1
LogStreaming: Display: Took  0.003s to delete old logs.
LogInit: Presizing for max 8388607 objects, including 0 objects not considered by GC, pre-allocating 0 bytes for permanent pool.
LogInit: Object subsystem initialized
[2018.11.28-18.52.00:514][  0]LogInit: Selected Device Profile: [Windows]
[2018.11.28-18.52.00:515][  0]LogInit: Applying CVar settings loaded from the selected device profile: [Windows]
[2018.11.28-18.52.00:540][  0]LogHAL: Display: Platform has ~ 16 GB [17095299072 / 17179869184 / 16], which maps to Larger [LargestMinGB=32, LargerMinGB=12, DefaultMinGB=8, SmallerMinGB=6, SmallestMinGB=0)
[2018.11.28-18.52.00:540][  0]LogInit: Setting Device Profile CVar: [[r.Vulkan.UseRealUBs:1]]
[2018.11.28-18.52.00:541][  0]LogInit: Going up to parent DeviceProfile []
[2018.11.28-18.52.00:548][  0]LogInit: Computer: eae-n-009
[2018.11.28-18.52.00:548][  0]LogInit: User: u1000370
[2018.11.28-18.52.00:548][  0]LogInit: CPU Page size=4096, Cores=4
[2018.11.28-18.52.00:548][  0]LogInit: High frequency timer resolution =3.023440 MHz
[2018.11.28-18.52.00:548][  0]LogMemory: Memory total: Physical=15.9GB (16GB approx)
[2018.11.28-18.52.00:548][  0]LogMemory: Platform Memory Stats for Windows
[2018.11.28-18.52.00:548][  0]LogMemory: Process Physical Memory: 100.75 MB used, 100.75 MB peak
[2018.11.28-18.52.00:548][  0]LogMemory: Process Virtual Memory: 91.02 MB used, 91.02 MB peak
[2018.11.28-18.52.00:548][  0]LogMemory: Physical Memory: 5757.65 MB used,  10545.70 MB free, 16303.35 MB total
[2018.11.28-18.52.00:548][  0]LogMemory: Virtual Memory: 4640.39 MB used,  10545.70 MB free, 134217728.00 MB total
[2018.11.28-18.52.00:819][  0]LogInit: Using OS detected language (en-US).
[2018.11.28-18.52.00:819][  0]LogInit: Using OS detected locale (en-US).
[2018.11.28-18.52.00:822][  0]LogTextLocalizationManager: No specific localization for 'en-US' exists, so the 'en' localization will be used.
[2018.11.28-18.52.01:263][  0]LogStreaming: Display: Took  0.444s to InitEngineTextLocalization.
[2018.11.28-18.52.01:264][  0]LogInit: Setting process to per monitor DPI aware
[2018.11.28-18.52.01:367][  0]LogSlate: New Slate User Created.  User Index 0, Is Virtual User: 0
[2018.11.28-18.52.01:367][  0]LogSlate: Slate User Registered.  User Index 0, Is Virtual User: 0
[2018.11.28-18.52.03:990][  0]LogHMD: Failed to initialize OpenVR with code 110
[2018.11.28-18.52.03:990][  0]LogD3D11RHI: D3D11 adapters:
[2018.11.28-18.52.04:037][  0]LogD3D11RHI:    0. 'Radeon RX Vega M GH Graphics' (Feature Level 11_0)
[2018.11.28-18.52.04:037][  0]LogD3D11RHI:       4042/0/8151 MB DedicatedVideo/DedicatedSystem/SharedSystem, Outputs:1, VendorId:0x1002
[2018.11.28-18.52.04:052][  0]LogD3D11RHI:    1. 'Intel(R) HD Graphics 630' (Feature Level 11_0)
[2018.11.28-18.52.04:052][  0]LogD3D11RHI:       128/0/8151 MB DedicatedVideo/DedicatedSystem/SharedSystem, Outputs:0, VendorId:0x8086
[2018.11.28-18.52.04:053][  0]LogD3D11RHI:    2. 'Microsoft Basic Render Driver' (Feature Level 11_0)
[2018.11.28-18.52.04:053][  0]LogD3D11RHI:       0/0/8151 MB DedicatedVideo/DedicatedSystem/SharedSystem, Outputs:0, VendorId:0x1414
[2018.11.28-18.52.04:053][  0]LogD3D11RHI: Chosen D3D11 Adapter: 0
[2018.11.28-18.52.04:060][  0]LogD3D11RHI: Creating new Direct3DDevice
[2018.11.28-18.52.04:060][  0]LogD3D11RHI:     GPU DeviceId: 0x694c (for the marketing name, search the web for "GPU Device Id")
[2018.11.28-18.52.04:061][  0]LogWindows: EnumDisplayDevices:
[2018.11.28-18.52.04:061][  0]LogWindows:    0. 'Radeon RX Vega M GH Graphics' (P:1 D:1)
[2018.11.28-18.52.04:061][  0]LogWindows:    1. 'Radeon RX Vega M GH Graphics' (P:0 D:0)
[2018.11.28-18.52.04:061][  0]LogWindows:    2. 'Radeon RX Vega M GH Graphics' (P:0 D:0)
[2018.11.28-18.52.04:062][  0]LogWindows:    3. 'Radeon RX Vega M GH Graphics' (P:0 D:0)
[2018.11.28-18.52.04:062][  0]LogWindows:    4. 'Radeon RX Vega M GH Graphics' (P:0 D:0)
[2018.11.28-18.52.04:062][  0]LogWindows:    5. 'Radeon RX Vega M GH Graphics' (P:0 D:0)
[2018.11.28-18.52.04:062][  0]LogWindows:    6. 'Radeon RX Vega M GH Graphics' (P:0 D:0)
[2018.11.28-18.52.04:063][  0]LogWindows:    7. 'Radeon RX Vega M GH Graphics' (P:0 D:0)
[2018.11.28-18.52.04:063][  0]LogWindows:    8. 'Radeon RX Vega M GH Graphics' (P:0 D:0)
[2018.11.28-18.52.04:063][  0]LogWindows:    9. 'Radeon RX Vega M GH Graphics' (P:0 D:0)
[2018.11.28-18.52.04:063][  0]LogWindows:    10. 'Radeon RX Vega M GH Graphics' (P:0 D:0)
[2018.11.28-18.52.04:064][  0]LogWindows:    11. 'Radeon RX Vega M GH Graphics' (P:0 D:0)
[2018.11.28-18.52.04:064][  0]LogWindows:    12. 'Radeon RX Vega M GH Graphics' (P:0 D:0)
[2018.11.28-18.52.04:064][  0]LogWindows:    13. 'Radeon RX Vega M GH Graphics' (P:0 D:0)
[2018.11.28-18.52.04:064][  0]LogWindows:    14. 'Radeon RX Vega M GH Graphics' (P:0 D:0)
[2018.11.28-18.52.04:065][  0]LogWindows:    15. 'Radeon RX Vega M GH Graphics' (P:0 D:0)
[2018.11.28-18.52.04:065][  0]LogWindows:    16. 'Intel(R) HD Graphics 630' (P:0 D:0)
[2018.11.28-18.52.04:065][  0]LogWindows:    17. 'Intel(R) HD Graphics 630' (P:0 D:0)
[2018.11.28-18.52.04:065][  0]LogWindows: DebugString: PrimaryIsNotTheChoosenAdapter PrimaryIsNotTheChoosenAdapter FoundDriverCount:16 
[2018.11.28-18.52.04:065][  0]LogD3D11RHI:     Adapter Name: Radeon RX Vega M GH Graphics
[2018.11.28-18.52.04:065][  0]LogD3D11RHI:   Driver Version: Adrenalin 18.5.1 (internal:24.20.11016.4, unified:24.20.11016.4)
[2018.11.28-18.52.04:065][  0]LogD3D11RHI:      Driver Date: 5-16-2018
[2018.11.28-18.52.04:065][  0]LogRHI: Texture pool is 2829 MB (70% of 4042 MB)
[2018.11.28-18.52.04:222][  0]LogD3D11RHI: Async texture creation enabled
[2018.11.28-18.52.04:250][  0]LogD3D11RHI: GPU Timing Frequency: 25.000000 (Debug: 2 1)
[2018.11.28-18.52.04:256][  0]LogShaderCompilers: Guid format shader working directory is -39 characters bigger than the processId version (../../../../../../Users/u1000370/Documents/GitHub/AssetPipeMaster01/APsec1LargeCityBase/Intermediate/Shaders/WorkingDirectory/13068/).
[2018.11.28-18.52.04:257][  0]LogShaderCompilers: Cleaned the shader compiler working directory 'C:/Users/u1000370/AppData/Local/Temp/UnrealShaderWorkingDir/90535F2E42C9B62211DEE08378C0F65E/'.
[2018.11.28-18.52.04:734][  0]LogTemp: Display: Loaded TP AllDesktopTargetPlatform
[2018.11.28-18.52.04:748][  0]LogTemp: Display: Loaded TP MacClientTargetPlatform
[2018.11.28-18.52.04:761][  0]LogTemp: Display: Loaded TP MacNoEditorTargetPlatform
[2018.11.28-18.52.04:774][  0]LogTemp: Display: Loaded TP MacServerTargetPlatform
[2018.11.28-18.52.04:794][  0]LogTemp: Display: Loaded TP MacTargetPlatform
[2018.11.28-18.52.04:810][  0]LogTemp: Display: Loaded TP WindowsClientTargetPlatform
[2018.11.28-18.52.04:824][  0]LogTemp: Display: Loaded TP WindowsNoEditorTargetPlatform
[2018.11.28-18.52.04:838][  0]LogTemp: Display: Loaded TP WindowsServerTargetPlatform
[2018.11.28-18.52.04:846][  0]LogTemp: Display: Loaded TP WindowsTargetPlatform
[2018.11.28-18.52.04:929][  0]LogTemp: Display: Loaded TP AndroidTargetPlatform
[2018.11.28-18.52.04:929][  0]LogTemp: Display: Loaded TP AndroidTargetPlatform
[2018.11.28-18.52.04:929][  0]LogTemp: Display: Loaded TP AndroidTargetPlatform
[2018.11.28-18.52.04:929][  0]LogTemp: Display: Loaded TP AndroidTargetPlatform
[2018.11.28-18.52.04:929][  0]LogTemp: Display: Loaded TP AndroidTargetPlatform
[2018.11.28-18.52.04:929][  0]LogTemp: Display: Loaded TP AndroidTargetPlatform
[2018.11.28-18.52.04:929][  0]LogTemp: Display: Loaded TP AndroidTargetPlatform
[2018.11.28-18.52.04:929][  0]LogTemp: Display: Loaded TP AndroidTargetPlatform
[2018.11.28-18.52.04:929][  0]LogTemp: Display: Loaded TP AndroidTargetPlatform
[2018.11.28-18.52.04:929][  0]LogTemp: Display: Loaded TP AndroidTargetPlatform
[2018.11.28-18.52.04:929][  0]LogTemp: Display: Loaded TP AndroidTargetPlatform
[2018.11.28-18.52.04:929][  0]LogTemp: Display: Loaded TP AndroidTargetPlatform
[2018.11.28-18.52.04:929][  0]LogTemp: Display: Loaded TP AndroidTargetPlatform
[2018.11.28-18.52.04:929][  0]LogTemp: Display: Loaded TP AndroidTargetPlatform
[2018.11.28-18.52.04:929][  0]LogTemp: Display: Loaded TP AndroidTargetPlatform
[2018.11.28-18.52.04:929][  0]LogTemp: Display: Loaded TP AndroidTargetPlatform
[2018.11.28-18.52.04:929][  0]LogTemp: Display: Loaded TP AndroidTargetPlatform
[2018.11.28-18.52.04:929][  0]LogTemp: Display: Loaded TP AndroidTargetPlatform
[2018.11.28-18.52.04:933][  0]LogTemp: Display: Loaded TP HTML5TargetPlatform
[2018.11.28-18.52.05:007][  0]LogTemp: Display: Loaded TP IOSTargetPlatform
[2018.11.28-18.52.05:007][  0]LogTemp: Display: Loaded TP IOSTargetPlatform
[2018.11.28-18.52.05:030][  0]LogTemp: Display: Loaded TP TVOSTargetPlatform
[2018.11.28-18.52.05:030][  0]LogTemp: Display: Loaded TP TVOSTargetPlatform
[2018.11.28-18.52.05:043][  0]LogTemp: Display: Loaded TP LinuxClientTargetPlatform
[2018.11.28-18.52.05:058][  0]LogTemp: Display: Loaded TP LinuxNoEditorTargetPlatform
[2018.11.28-18.52.05:071][  0]LogTemp: Display: Loaded TP LinuxServerTargetPlatform
[2018.11.28-18.52.05:098][  0]LogTemp: Display: Loaded TP LinuxTargetPlatform
[2018.11.28-18.52.05:109][  0]LogTemp: Display: Loaded TP LuminTargetPlatform
[2018.11.28-18.52.05:110][  0]LogTargetPlatformManager: Display: Building Assets For Windows
[2018.11.28-18.52.05:263][  0]LogXGEController: Cleaning working directory: C:/Users/u1000370/AppData/Local/Temp/UnrealXGEWorkingDir/
[2018.11.28-18.52.05:263][  0]LogXGEController: Cannot use XGE Controller as Incredibuild is not installed on this machine.
[2018.11.28-18.52.05:263][  0]LogShaderCompilers: Cannot use XGE Shader Compiler as Incredibuild is not installed on this machine.
[2018.11.28-18.52.05:263][  0]LogShaderCompilers: Display: Using Local Shader Compiler.
[2018.11.28-18.52.07:304][  0]LogDerivedDataCache: Display: Max Cache Size: 512 MB
[2018.11.28-18.52.07:560][  0]LogDerivedDataCache: Loaded boot cache 0.26s 71MB C:/Users/u1000370/AppData/Local/UnrealEngine/4.20/DerivedDataCache/Boot.ddc.
[2018.11.28-18.52.07:561][  0]LogDerivedDataCache: Display: Loaded Boot cache: C:/Users/u1000370/AppData/Local/UnrealEngine/4.20/DerivedDataCache/Boot.ddc
[2018.11.28-18.52.07:561][  0]LogDerivedDataCache: FDerivedDataBackendGraph:  Pak pak cache file ../../../../../../Users/u1000370/Documents/GitHub/AssetPipeMaster01/APsec1LargeCityBase/DerivedDataCache/DDC.ddp not found, will not use a pak cache.
[2018.11.28-18.52.07:561][  0]LogDerivedDataCache: Unable to find inner node Pak for hierarchical cache Hierarchy.
[2018.11.28-18.52.07:561][  0]LogDerivedDataCache: FDerivedDataBackendGraph:  CompressedPak pak cache file ../../../../../../Users/u1000370/Documents/GitHub/AssetPipeMaster01/APsec1LargeCityBase/DerivedDataCache/Compressed.ddp not found, will not use a pak cache.
[2018.11.28-18.52.07:561][  0]LogDerivedDataCache: Unable to find inner node CompressedPak for hierarchical cache Hierarchy.
[2018.11.28-18.52.07:585][  0]LogDerivedDataCache: Display: Pak cache opened for reading ../../../Engine/DerivedDataCache/Compressed.ddp.
[2018.11.28-18.52.07:598][  0]LogDerivedDataCache: Using Local data cache path C:/Users/u1000370/AppData/Local/UnrealEngine/Common/DerivedDataCache: Writable
[2018.11.28-18.52.07:598][  0]LogDerivedDataCache: Shared data cache path not found in *engine.ini, will not use an Shared cache.
[2018.11.28-18.52.07:598][  0]LogDerivedDataCache: Unable to find inner node Shared for hierarchical cache Hierarchy.
[2018.11.28-18.52.07:617][  0]LogMaterial: Verifying Global Shaders for PCD3D_SM5
[2018.11.28-18.52.07:624][  0]LogSlate: Using FreeType 2.6.0
[2018.11.28-18.52.07:645][  0]LogSlate: SlateFontServices - WITH_FREETYPE: 1, WITH_HARFBUZZ: 1
[2018.11.28-18.52.07:924][  0]LogAssetRegistry: FAssetRegistry took 0.0297 seconds to start up
[2018.11.28-18.52.08:342][  0]LogInit: Selected Device Profile: [Windows]
[2018.11.28-18.52.08:733][  0]LogSimplygon: Simplygon DLL not present - disabling.
[2018.11.28-18.52.08:768][  0]LogMeshReduction: Using SimplygonSwarm for distributed automatic mesh merging
[2018.11.28-18.52.08:768][  0]LogMeshReduction: Using ProxyLODMeshReduction for automatic mesh merging
[2018.11.28-18.52.08:769][  0]LogMeshReduction: Using QuadricMeshReduction for automatic static mesh reduction
[2018.11.28-18.52.08:769][  0]LogMeshReduction: No automatic skeletal mesh reduction module available
[2018.11.28-18.52.08:842][  0]LogNetVersion: APsec1LargeCityBase 1.0.0, NetCL: 4212847, EngineNetVer: 5, GameNetVer: 0 (Checksum: 1121110827)
[2018.11.28-18.52.10:200][  0]LogPackageLocalizationCache: Processed 11 localized package path(s) for 2 prioritized culture(s) in 0.120563 seconds
[2018.11.28-18.52.10:207][  0]LogUObjectArray: 38425 objects as part of root set at end of initial load.
[2018.11.28-18.52.10:207][  0]LogUObjectAllocator: 6690864 out of 0 bytes used by permanent object pool.
[2018.11.28-18.52.10:207][  0]LogUObjectArray: CloseDisregardForGC: 0/0 objects in disregard for GC pool
[2018.11.28-18.52.13:919][  0]LogTcpMessaging: Initializing TcpMessaging bridge
[2018.11.28-18.52.13:939][  0]LogUdpMessaging: Initializing bridge on interface 0.0.0.0:0 to multicast group 230.0.0.1:6666.
[2018.11.28-18.52.14:283][  0]SourceControl: Source control is disabled
[2018.11.28-18.52.14:283][  0]SourceControl: Source control is disabled
[2018.11.28-18.52.14:298][  0]SourceControl: Source control is disabled
[2018.11.28-18.52.14:304][  0]SourceControl: Source control is disabled
[2018.11.28-18.52.14:678][  0]LogAndroidPermission: UAndroidPermissionCallbackProxy::GetInstance
[2018.11.28-18.52.14:792][  0]LogOcInput: OculusInput pre-init called
[2018.11.28-18.52.14:902][  0]LogEngine: Initializing Engine...
[2018.11.28-18.52.14:905][  0]LogHMD: Failed to initialize OpenVR with code 110
[2018.11.28-18.52.14:908][  0]LogStats: UGameplayTagsManager::ConstructGameplayTagTree: ImportINI prefixes -  0.000 s
[2018.11.28-18.52.14:908][  0]LogStats: UGameplayTagsManager::ConstructGameplayTagTree: Construct from data asset -  0.000 s
[2018.11.28-18.52.14:908][  0]LogStats: UGameplayTagsManager::ConstructGameplayTagTree: ImportINI -  0.000 s
[2018.11.28-18.52.14:908][  0]LogStats: UGameplayTagsManager::ConstructGameplayTagTree: GameplayTagTreeChangedEvent.Broadcast -  0.000 s
[2018.11.28-18.52.15:122][  0]LogInit: Initializing FReadOnlyCVARCache
[2018.11.28-18.52.15:163][  0]LogAIModule: Creating AISystem for world Untitled
[2018.11.28-18.52.15:202][  0]LogInit: XAudio2 using '5 - DELL UZ2315H (AMD High Definition Audio Device)' : 2 channels at 48 kHz using 16 bits per sample (channel mask 0x3)
[2018.11.28-18.52.15:275][  0]LogInit: FAudioDevice initialized.
[2018.11.28-18.52.15:275][  0]LogNetVersion: Set ProjectVersion to 1.0.0.0. Version Checksum will be recalculated on next use.
[2018.11.28-18.52.15:363][  0]LogDerivedDataCache: Saved boot cache 0.09s 71MB C:/Users/u1000370/AppData/Local/UnrealEngine/4.20/DerivedDataCache/Boot.ddc.
[2018.11.28-18.52.15:373][  0]LogInit: Texture streaming: Enabled
[2018.11.28-18.52.15:401][  0]LogEngineSessionManager: EngineSessionManager initialized
[2018.11.28-18.52.15:428][  0]LogInit: Transaction tracking system initialized
[2018.11.28-18.52.15:500][  0]BlueprintLog: New page: Editor Load
[2018.11.28-18.52.15:750][  0]LocalizationService: Localization service is disabled
[2018.11.28-18.52.16:198][  0]LogCook: Display: Max memory allowance for cook 16384mb min free memory 0mb
[2018.11.28-18.52.16:199][  0]LogCook: Display: Mobile HDR setting 1
[2018.11.28-18.52.16:199][  0]LogGameplayTags: Display: UGameplayTagsManager::DoneAddingNativeTags. DelegateIsBound: 0
[2018.11.28-18.52.16:199][  0]LogStats: UGameplayTagsManager::ConstructGameplayTagTree: ImportINI prefixes -  0.000 s
[2018.11.28-18.52.16:200][  0]LogStats: UGameplayTagsManager::ConstructGameplayTagTree: Construct from data asset -  0.000 s
[2018.11.28-18.52.16:200][  0]LogStats: UGameplayTagsManager::ConstructGameplayTagTree: ImportINI -  0.000 s
[2018.11.28-18.52.16:200][  0]LogStats: UGameplayTagsManager::ConstructGameplayTagTree: GameplayTagTreeChangedEvent.Broadcast -  0.000 s
[2018.11.28-18.52.16:529][  0]LogFileCache: Scanning file cache for directory 'C:/Users/u1000370/Documents/GitHub/AssetPipeMaster01/APsec1LargeCityBase/Content/' took 0.02s
[2018.11.28-18.52.16:559][  0]SourceControl: Source control is disabled
[2018.11.28-18.52.16:560][  0]Cmd: MAP LOAD FILE="../../../Engine/Content/Maps/Templates/Template_Default.umap" TEMPLATE=1 SHOWPROGRESS=1 FEATURELEVEL=3
[2018.11.28-18.52.16:561][  0]LightingResults: New page: Lighting Build
[2018.11.28-18.52.16:574][  0]MapCheck: New page: Map Check
[2018.11.28-18.52.16:574][  0]LightingResults: New page: Lighting Build
[2018.11.28-18.52.16:855][  0]LogAIModule: Creating AISystem for world Untitled_1
[2018.11.28-18.52.16:882][  0]LogEditorServer: Finished looking for orphan Actors (0.000 secs)
[2018.11.28-18.52.16:909][  0]Cmd: MAP CHECKDEP NOCLEARLOG
[2018.11.28-18.52.16:972][  0]MapCheck: Map check complete: 0 Error(s), 0 Warning(s), took 63.273ms to complete.
[2018.11.28-18.52.16:972][  0]LogFileHelpers: Loading map 'Template_Default' took 0.413
[2018.11.28-18.52.17:180][  0]LogSlate: Updating window title bar state: overlay mode, drag disabled, window buttons hidden, title bar hidden
[2018.11.28-18.52.17:189][  0]LogSlate: Updating window title bar state: overlay mode, drag disabled, window buttons hidden, title bar hidden
[2018.11.28-18.52.17:195][  0]LogSlate: Updating window title bar state: overlay mode, drag disabled, window buttons hidden, title bar hidden
[2018.11.28-18.52.17:204][  0]LogSlate: Updating window title bar state: overlay mode, drag disabled, window buttons hidden, title bar hidden
[2018.11.28-18.52.17:226][  0]LogCollectionManager: Loaded 0 collections in 0.001763 seconds
[2018.11.28-18.52.17:292][  0]LogFileCache: Scanning file cache for directory 'C:/Users/u1000370/Documents/GitHub/AssetPipeMaster01/APsec1LargeCityBase/Saved/Collections/' took 0.01s
[2018.11.28-18.52.17:292][  0]LogFileCache: Scanning file cache for directory 'C:/Users/u1000370/Documents/GitHub/AssetPipeMaster01/APsec1LargeCityBase/Content/Developers/u1000370/Collections/' took 0.01s
[2018.11.28-18.52.17:292][  0]LogFileCache: Scanning file cache for directory 'C:/Users/u1000370/Documents/GitHub/AssetPipeMaster01/APsec1LargeCityBase/Content/Collections/' took 0.01s
[2018.11.28-18.52.17:292][  0]LogCollectionManager: Rebuilt the GUID cache for 0 collections in 0.000000 seconds
[2018.11.28-18.52.17:306][  0]LogContentBrowser: Native class hierarchy populated in 0.0114 seconds. Added 2572 classes and 603 folders.
[2018.11.28-18.52.17:324][  0]LogContentBrowser: Native class hierarchy updated for 'WidgetCarousel' in 0.0002 seconds. Added 0 classes and 0 folders.
[2018.11.28-18.52.17:812][  0]LogContentBrowser: Native class hierarchy updated for 'AddContentDialog' in 0.0002 seconds. Added 0 classes and 0 folders.
[2018.11.28-18.52.17:829][  0]LogContentBrowser: Native class hierarchy updated for 'SceneOutliner' in 0.0003 seconds. Added 1 classes and 2 folders.
[2018.11.28-18.52.17:903][  0]LogSlate: Took 0.007255 seconds to synchronously load lazily loaded font '../../../Engine/Content/Slate/Fonts/Roboto-Regular.ttf' (155K)
[2018.11.28-18.52.17:912][  0]LogSlate: Took 0.006729 seconds to synchronously load lazily loaded font '../../../Engine/Content/Slate/Fonts/Roboto-Bold.ttf' (160K)
[2018.11.28-18.52.17:928][  0]LogSlate: Took 0.008045 seconds to synchronously load lazily loaded font '../../../Engine/Content/Editor/Slate/Fonts/FontAwesome.ttf' (139K)
[2018.11.28-18.52.18:065][  0]LogRenderer: Reallocating scene render targets to support 1208x576 Format 10 NumSamples 1 (Frame:1).
[2018.11.28-18.52.18:283][  0]LogContentBrowser: Native class hierarchy updated for 'HierarchicalLODOutliner' in 0.0003 seconds. Added 0 classes and 0 folders.
[2018.11.28-18.52.18:283][  0]LogLoad: (Engine Initialization) Total time: 23.59 seconds
[2018.11.28-18.52.18:283][  0]LogLoad: (Engine Initialization) Total Blueprint compile time: 0.00 seconds
[2018.11.28-18.52.18:329][  0]LogContentStreaming: Texture pool size now 1000 MB
[2018.11.28-18.52.18:367][  1]LogFileCache: Retrieving MD5 hashes for directory 'C:/Users/u1000370/Documents/GitHub/AssetPipeMaster01/APsec1LargeCityBase/Content/' took 0.06s
[2018.11.28-18.52.22:368][473]LogSlate: Took 0.006786 seconds to synchronously load lazily loaded font '../../../Engine/Content/Slate/Fonts/Roboto-Light.ttf' (167K)
[2018.11.28-18.52.22:677][507]LogAssetRegistry: Asset discovery search completed in 14.7766 seconds
[2018.11.28-18.52.22:678][507]LogCollectionManager: Rebuilt the object cache for 0 collections in 0.000000 seconds (found 0 objects)
[2018.11.28-18.52.22:678][507]LogCollectionManager: Fixed up redirectors for 0 collections in 0.000038 seconds (updated 0 objects)
[2018.11.28-18.52.24:898][770]LogSlate: FSceneViewport::OnFocusLost() reason 0
[2018.11.28-18.52.31:970][603]LogSlate: Took 0.000200 seconds to synchronously load lazily loaded font '../../../Engine/Content/Slate/Fonts/Roboto-Light.ttf' (167K)
[2018.11.28-18.52.32:177][603]LogStaticMesh: Building static mesh BookUV...
[2018.11.28-18.52.32:197][603]LogStaticMesh: Built static mesh [0.02s] /Game/MACBocks/BookUV.BookUV
[2018.11.28-18.52.32:202][603]LogStaticMesh: Building static mesh DimondUV...
[2018.11.28-18.52.32:203][603]LogStaticMesh: Built static mesh [0.00s] /Game/MACBocks/DimondUV.DimondUV
[2018.11.28-18.52.32:206][603]LogStaticMesh: Building static mesh DomeUV...
[2018.11.28-18.52.32:215][603]LogStaticMesh: Built static mesh [0.01s] /Game/MACBocks/DomeUV.DomeUV
[2018.11.28-18.52.32:658][603]LogMaterial: Display: Missing cached shader map for material pCylinder5Mat, compiling. 
[2018.11.28-18.52.32:705][603]LogMaterial: Display: Missing cached shader map for material pCube1Mat, compiling. 
[2018.11.28-18.52.32:769][603]LogShaderCompilers: Display: Shaders left to compile 22
[2018.11.28-18.52.32:769][603]LogShaderCompilers: Display: Shaders left to compile 12
[2018.11.28-18.52.32:769][603]LogShaderCompilers: Display: Shaders left to compile 2
[2018.11.28-18.52.32:769][603]LogShaderCompilers: Display: Shaders left to compile 22
[2018.11.28-18.52.32:769][603]LogAIModule: Creating AISystem for world StreetSceneLarge_AC
[2018.11.28-18.52.32:788][603]LogAssetEditorManager: Opening Asset editor for World /Game/StreetSceneLarge_AC.StreetSceneLarge_AC
[2018.11.28-18.52.32:813][603]Cmd: MAP LOAD FILE="../../../../../../Users/u1000370/Documents/GitHub/AssetPipeMaster01/APsec1LargeCityBase/Content/StreetSceneLarge_AC.umap" TEMPLATE=0 SHOWPROGRESS=1 FEATURELEVEL=3
[2018.11.28-18.52.32:813][603]LightingResults: New page: Lighting Build
[2018.11.28-18.52.32:814][603]LoadErrors: New page: Loading map: StreetSceneLarge_AC.umap
[2018.11.28-18.52.32:814][603]MapCheck: New page: Map Check
[2018.11.28-18.52.32:814][603]LightingResults: New page: Lighting Build
[2018.11.28-18.52.32:850][603]LogEditorServer: Finished looking for orphan Actors (0.000 secs)
[2018.11.28-18.52.32:911][603]Cmd: MAP CHECKDEP NOCLEARLOG
[2018.11.28-18.52.32:986][603]MapCheck: Map check complete: 0 Error(s), 0 Warning(s), took 74.493ms to complete.
[2018.11.28-18.52.32:987][603]LogFileHelpers: Loading map 'StreetSceneLarge_AC' took 0.176
[2018.11.28-18.52.33:692][665]LogShaderCompilers: Display: Shaders left to compile 12
[2018.11.28-18.52.35:485][836]LogShaderCompilers: Display: Shaders left to compile 2
[2018.11.28-18.52.53:473][968]LogSlate: FSceneViewport::OnFocusLost() reason 0
[2018.11.28-18.54.56:055][720]LogFactory: FactoryCreateFile: StaticMesh with FbxFactory (0 0 C:\Users\u1000370\Desktop\Man_UV_Joints.OBJ)
[2018.11.28-18.54.56:084][720]LogFbx: Loading FBX Scene from C:\Users\u1000370\Desktop\Man_UV_Joints.OBJ
[2018.11.28-18.54.56:201][720]LogFbx: FBX Scene Loaded Succesfully
[2018.11.28-18.54.58:304][720]LogSlate: Window 'FBX Import Options' being destroyed
[2018.11.28-18.54.58:482][720]LogLinker: Can't find file '/Game/MACBocks/Man_UV_Joints'
[2018.11.28-18.54.58:605][720]LogTexture: Display: Building textures: Man_UV_Joints1 (AutoDXT, 2048X2048)
[2018.11.28-18.54.58:803][720]LogMaterial: Display: Missing cached shader map for material defaultMat, compiling. 
[2018.11.28-18.54.58:814][720]LogFbx: Warning: Triangulating static mesh Group12
[2018.11.28-18.54.58:858][720]LogShaderCompilers: Display: Shaders left to compile 22
[2018.11.28-18.54.58:858][720]LogShaderCompilers: Display: Shaders left to compile 12
[2018.11.28-18.54.58:858][720]LogShaderCompilers: Display: Shaders left to compile 2
[2018.11.28-18.54.58:858][720]LogFbx: Warning: Triangulating static mesh Group13
[2018.11.28-18.54.58:888][720]LogFbx: Warning: Triangulating static mesh Group16
[2018.11.28-18.54.58:909][720]LogFbx: Warning: Triangulating static mesh Group17
[2018.11.28-18.54.58:937][720]LogFbx: Warning: Triangulating static mesh Group2
[2018.11.28-18.54.58:952][720]LogFbx: Warning: Triangulating static mesh Group20
[2018.11.28-18.54.58:983][720]LogFbx: Warning: Triangulating static mesh Group21
[2018.11.28-18.54.59:011][720]LogFbx: Warning: Triangulating static mesh Group24
[2018.11.28-18.54.59:045][720]LogFbx: Warning: Triangulating static mesh Group25
[2018.11.28-18.54.59:078][720]LogFbx: Warning: Triangulating static mesh Group28
[2018.11.28-18.54.59:110][720]LogFbx: Warning: Triangulating static mesh Group29
[2018.11.28-18.54.59:127][720]LogFbx: Warning: Triangulating static mesh Group32
[2018.11.28-18.54.59:165][720]LogFbx: Warning: Triangulating static mesh Group33
[2018.11.28-18.54.59:188][720]LogFbx: Warning: Triangulating static mesh Group36
[2018.11.28-18.54.59:221][720]LogFbx: Warning: Triangulating static mesh Group39
[2018.11.28-18.54.59:257][720]LogFbx: Warning: Triangulating static mesh Group40
[2018.11.28-18.54.59:287][720]LogFbx: Warning: Triangulating static mesh Group43
[2018.11.28-18.54.59:312][720]LogFbx: Warning: Triangulating static mesh Group44
[2018.11.28-18.54.59:349][720]LogFbx: Warning: Triangulating static mesh Group47
[2018.11.28-18.54.59:384][720]LogFbx: Warning: Triangulating static mesh Group48
[2018.11.28-18.54.59:417][720]LogFbx: Warning: Triangulating static mesh Group5
[2018.11.28-18.54.59:452][720]LogFbx: Warning: Triangulating static mesh Group51
[2018.11.28-18.54.59:482][720]LogFbx: Warning: Triangulating static mesh Group52
[2018.11.28-18.54.59:509][720]LogFbx: Warning: Triangulating static mesh Group55
[2018.11.28-18.54.59:539][720]LogFbx: Warning: Triangulating static mesh Group56
[2018.11.28-18.54.59:553][720]LogFbx: Warning: Triangulating static mesh Group6
[2018.11.28-18.54.59:575][720]LogFbx: Warning: Triangulating static mesh Group9
[2018.11.28-18.54.59:712][720]LogStaticMesh: Building static mesh Man_UV_Joints...
[2018.11.28-18.55.00:272][720]LogStaticMesh: Built static mesh [0.56s] /Game/MACBocks/Man_UV_Joints.Man_UV_Joints
[2018.11.28-18.55.00:372][720]FBXImport: Warning: No smoothing group information was found in this FBX scene.  Please make sure to enable the 'Export Smoothing Groups' option in the FBX Exporter plug-in before exporting the file.  Even for tools that don't support smoothing groups, the FBX Exporter will generate appropriate smoothing data at export-time so that correct vertex normals can be inferred while importing. 
[2018.11.28-18.55.07:354][541]LogSlate: Window 'Message Log' being destroyed
[2018.11.28-18.55.07:358][541]LogSlate: Window 'Message Log' being destroyed
[2018.11.28-18.55.09:716][776]LogActorFactory: Actor Factory created Man_UV_Joints
[2018.11.28-18.55.11:076][938]LogActorFactory: Actor Factory created Man_UV_Joints
[2018.11.28-18.55.25:558][579]LogSlate: FSceneViewport::OnFocusLost() reason 0
[2018.11.28-18.55.31:214][247]LogSlate: FSceneViewport::OnFocusLost() reason 0
[2018.11.28-18.55.34:745][665]Cmd: TRANSACTION UNDO
[2018.11.28-18.55.34:745][665]LogEditorTransaction: Undo Scale Actors
[2018.11.28-18.55.44:341][807]LogSlate: FSceneViewport::OnFocusLost() reason 0
[2018.11.28-18.56.10:343][847]LogSlate: FSceneViewport::OnFocusLost() reason 0
[2018.11.28-18.56.13:880][269]LogSlate: FSceneViewport::OnFocusLost() reason 0
[2018.11.28-18.56.17:606][714]Cmd: TRANSACTION UNDO
[2018.11.28-18.56.17:606][714]LogEditorTransaction: Undo Scale Actors
[2018.11.28-18.56.28:956][ 66]LogEditorViewport: Clicking on Actor (LMB): StaticMeshActor (TODD_polySurface9)
[2018.11.28-18.56.37:652][102]LogEditorViewport: Clicking on Actor (LMB): StaticMeshActor (Man_UV_Joints)
[2018.11.28-18.56.39:780][351]LogSlate: FSceneViewport::OnFocusLost() reason 0
[2018.11.28-18.56.48:600][405]LogEditorViewport: Clicking on Actor (LMB): StaticMeshActor (Floor2)
[2018.11.28-18.56.49:636][523]Cmd: DELETE
[2018.11.28-18.56.49:636][523]Cmd: ACTOR DELETE
[2018.11.28-18.56.49:645][523]LogEditorActor: Deleted Actor: StaticMeshActor
[2018.11.28-18.56.49:669][523]LogEditorActor: Deleted 1 Actors (0.031 secs)
[2018.11.28-18.56.52:909][910]LogSlate: FSceneViewport::OnFocusLost() reason 2
[2018.11.28-18.56.53:220][946]LogSlate: FSceneViewport::OnFocusLost() reason 2
[2018.11.28-18.56.53:639][995]LogSlate: FSceneViewport::OnFocusLost() reason 2
[2018.11.28-18.56.55:608][230]LogSlate: FSceneViewport::OnFocusLost() reason 2
[2018.11.28-18.56.55:944][230]LogSavePackage: Moving '../../../../../../Users/u1000370/Documents/GitHub/AssetPipeMaster01/APsec1LargeCityBase/Saved/StreetSceneLarge_ACA1CA44974792120DBE1914A9E64A5D20.tmp' to '../../../../../../Users/u1000370/Documents/GitHub/AssetPipeMaster01/APsec1LargeCityBase/Content/StreetSceneLarge_AC.umap'
[2018.11.28-18.56.55:983][230]LogFileHelpers: Saving map 'StreetSceneLarge_AC' took 0.368
[2018.11.28-18.56.58:432][522]LogSlate: FSceneViewport::OnFocusLost() reason 0
[2018.11.28-18.57.01:561][533]LogSlate: Window 'Save Content' being destroyed
[2018.11.28-18.57.01:573][533]LogSlate: FSceneViewport::OnFocusLost() reason 2
[2018.11.28-18.57.01:603][533]Cmd: OBJ SAVEPACKAGE PACKAGE="/Game/MACBocks/defaultMat" FILE="../../../../../../Users/u1000370/Documents/GitHub/AssetPipeMaster01/APsec1LargeCityBase/Content/MACBocks/defaultMat.uasset" SILENT=true
[2018.11.28-18.57.01:629][533]LogSavePackage: Moving '../../../../../../Users/u1000370/Documents/GitHub/AssetPipeMaster01/APsec1LargeCityBase/Saved/defaultMatBCC13B544B473AAD2AAB9BB0ACEEA594.tmp' to '../../../../../../Users/u1000370/Documents/GitHub/AssetPipeMaster01/APsec1LargeCityBase/Content/MACBocks/defaultMat.uasset'
[2018.11.28-18.57.01:654][533]Cmd: OBJ SAVEPACKAGE PACKAGE="/Game/MACBocks/Man_UV_Joints" FILE="../../../../../../Users/u1000370/Documents/GitHub/AssetPipeMaster01/APsec1LargeCityBase/Content/MACBocks/Man_UV_Joints.uasset" SILENT=true
[2018.11.28-18.57.01:671][533]LogSavePackage: Moving '../../../../../../Users/u1000370/Documents/GitHub/AssetPipeMaster01/APsec1LargeCityBase/Saved/Man_UV_Joints4E4493C84326FD3C565A13BF31695324.tmp' to '../../../../../../Users/u1000370/Documents/GitHub/AssetPipeMaster01/APsec1LargeCityBase/Content/MACBocks/Man_UV_Joints.uasset'
[2018.11.28-18.57.01:838][533]LogSavePackage: Moving '../../../../../../Users/u1000370/Documents/GitHub/AssetPipeMaster01/APsec1LargeCityBase/Saved/Man_UV_Joints10CF7B84F4070B2F1538D999141C3282B.tmp' to '../../../../../../Users/u1000370/Documents/GitHub/AssetPipeMaster01/APsec1LargeCityBase/Content/MACBocks/Man_UV_Joints1.uasset'
[2018.11.28-18.57.01:931][533]LogSlate: Window 'APsec1LargeCityBase - Unreal Editor' being destroyed
[2018.11.28-18.57.01:931][533]LogWindowsTextInputMethodSystem: Display: IME system now deactivated.
[2018.11.28-18.57.02:101][534]Cmd: QUIT_EDITOR
[2018.11.28-18.57.02:127][534]LogExit: Preparing to exit.
[2018.11.28-18.57.03:111][534]LogExit: Editor shut down
[2018.11.28-18.57.03:112][534]LogExit: Transaction tracking system shut down
[2018.11.28-18.57.03:416][534]LogExit: Object subsystem successfully closed.
[2018.11.28-18.57.03:435][534]LogShaderCompilers: Display: Shaders left to compile 0
[2018.11.28-18.57.03:438][534]LogD3D11RHI: Shutdown
[2018.11.28-18.57.03:438][534]LogD3D11RHI: CleanupD3DDevice
[2018.11.28-18.57.03:440][534]LogD3D11RHI: ~FD3D11DynamicRHI
[2018.11.28-18.57.03:459][534]LogModuleManager: Shutting down and abandoning module MeshBuilder (614)
[2018.11.28-18.57.03:459][534]LogModuleManager: Shutting down and abandoning module HierarchicalLODOutliner (612)
[2018.11.28-18.57.03:459][534]LogModuleManager: Shutting down and abandoning module SceneOutliner (610)
[2018.11.28-18.57.03:459][534]LogModuleManager: Shutting down and abandoning module AddContentDialog (608)
[2018.11.28-18.57.03:459][534]LogModuleManager: Shutting down and abandoning module WidgetCarousel (607)
[2018.11.28-18.57.03:459][534]LogModuleManager: Shutting down and abandoning module EditorWidgets (604)
[2018.11.28-18.57.03:459][534]LogModuleManager: Shutting down and abandoning module CollectionManager (602)
[2018.11.28-18.57.03:460][534]LogModuleManager: Shutting down and abandoning module HierarchicalLODUtilities (600)
[2018.11.28-18.57.03:460][534]LogModuleManager: Shutting down and abandoning module StatsViewer (598)
[2018.11.28-18.57.03:460][534]LogModuleManager: Shutting down and abandoning module FoliageEdit (596)
[2018.11.28-18.57.03:460][534]LogModuleManager: Shutting down and abandoning module LandscapeEditor (594)
[2018.11.28-18.57.03:460][534]LogModuleManager: Shutting down and abandoning module MeshPaintMode (592)
[2018.11.28-18.57.03:460][534]LogModuleManager: Shutting down and abandoning module SceneDepthPickerMode (590)
[2018.11.28-18.57.03:460][534]LogModuleManager: Shutting down and abandoning module ActorPickerMode (588)
[2018.11.28-18.57.03:460][534]LogModuleManager: Shutting down and abandoning module GeometryMode (586)
[2018.11.28-18.57.03:460][534]LogModuleManager: Shutting down and abandoning module TextureAlignMode (584)
[2018.11.28-18.57.03:460][534]LogModuleManager: Shutting down and abandoning module BspMode (582)
[2018.11.28-18.57.03:460][534]LogModuleManager: Shutting down and abandoning module PIEPreviewDeviceProfileSelector (580)
[2018.11.28-18.57.03:460][534]LogModuleManager: Shutting down and abandoning module SequenceRecorderSections (578)
[2018.11.28-18.57.03:460][534]LogModuleManager: Shutting down and abandoning module AutomationWorker (576)
[2018.11.28-18.57.03:460][534]LogModuleManager: Shutting down and abandoning module AudioCaptureEditor (574)
[2018.11.28-18.57.03:460][534]LogModuleManager: Shutting down and abandoning module SequenceRecorder (573)
[2018.11.28-18.57.03:460][534]LogModuleManager: Shutting down and abandoning module MatineeToLevelSequence (570)
[2018.11.28-18.57.03:460][534]LogModuleManager: Shutting down and abandoning module LevelSequenceEditor (568)
[2018.11.28-18.57.03:460][534]LogModuleManager: Shutting down and abandoning module PlacementMode (567)
[2018.11.28-18.57.03:460][534]LogModuleManager: Shutting down and abandoning module MaterialEditor (566)
[2018.11.28-18.57.03:460][534]LogModuleManager: Shutting down and abandoning module WmfMediaFactory (562)
[2018.11.28-18.57.03:460][534]LogModuleManager: Shutting down and abandoning module WmfMediaEditor (560)
[2018.11.28-18.57.03:460][534]LogModuleManager: Shutting down and abandoning module MediaPlayerEditor (558)
[2018.11.28-18.57.03:460][534]LogModuleManager: Shutting down and abandoning module OpenExrWrapper (556)
[2018.11.28-18.57.03:460][534]LogModuleManager: Shutting down and abandoning module ImgMediaFactory (554)
[2018.11.28-18.57.03:460][534]LogModuleManager: Shutting down and abandoning module ImgMediaEditor (552)
[2018.11.28-18.57.03:460][534]LogModuleManager: Shutting down and abandoning module AvfMediaFactory (550)
[2018.11.28-18.57.03:460][534]LogModuleManager: Shutting down and abandoning module AvfMediaEditor (548)
[2018.11.28-18.57.03:460][534]LogModuleManager: Shutting down and abandoning module AndroidMediaFactory (546)
[2018.11.28-18.57.03:460][534]LogModuleManager: Shutting down and abandoning module AndroidMediaEditor (544)
[2018.11.28-18.57.03:460][534]LogModuleManager: Shutting down and abandoning module MagicLeapCameraPreviewFactory (542)
[2018.11.28-18.57.03:460][534]LogModuleManager: Shutting down and abandoning module MagicLeapMediaFactory (540)
[2018.11.28-18.57.03:460][534]LogModuleManager: Shutting down and abandoning module MagicLeapMediaEditor (538)
[2018.11.28-18.57.03:460][534]LogModuleManager: Shutting down and abandoning module CharacterAI (536)
[2018.11.28-18.57.03:460][534]LogModuleManager: Shutting down and abandoning module SmartSnapping (534)
[2018.11.28-18.57.03:460][534]LogModuleManager: Shutting down and abandoning module SessionServices (532)
[2018.11.28-18.57.03:460][534]LogModuleManager: Shutting down and abandoning module ViewportSnapping (530)
[2018.11.28-18.57.03:460][534]LogModuleManager: Shutting down and abandoning module ViewportInteraction (528)
[2018.11.28-18.57.03:460][534]LogModuleManager: Shutting down and abandoning module ClothPainter (526)
[2018.11.28-18.57.03:460][534]LogModuleManager: Shutting down and abandoning module SkeletalMeshEditor (525)
[2018.11.28-18.57.03:460][534]LogModuleManager: Shutting down and abandoning module LogVisualizer (522)
[2018.11.28-18.57.03:460][534]LogModuleManager: Shutting down and abandoning module IntroTutorials (520)
[2018.11.28-18.57.03:460][534]LogModuleManager: Shutting down and abandoning module GameProjectGeneration (519)
[2018.11.28-18.57.03:460][534]LogModuleManager: Shutting down and abandoning module LuminPlatformEditor (516)
[2018.11.28-18.57.03:460][534]LogModuleManager: Shutting down and abandoning module IOSPlatformEditor (514)
[2018.11.28-18.57.03:461][534]LogModuleManager: Shutting down and abandoning module HTML5PlatformEditor (512)
[2018.11.28-18.57.03:461][534]LogModuleManager: Shutting down and abandoning module AndroidPlatformEditor (510)
[2018.11.28-18.57.03:461][534]LogModuleManager: Shutting down and abandoning module AndroidDeviceDetection (509)
[2018.11.28-18.57.03:989][534]LogModuleManager: Shutting down and abandoning module WindowsPlatformEditor (506)
[2018.11.28-18.57.03:989][534]LogModuleManager: Shutting down and abandoning module LuminRuntimeSettings (504)
[2018.11.28-18.57.03:989][534]LogModuleManager: Shutting down and abandoning module IOSRuntimeSettings (502)
[2018.11.28-18.57.03:989][534]LogModuleManager: Shutting down and abandoning module AndroidRuntimeSettings (500)
[2018.11.28-18.57.03:989][534]LogModuleManager: Shutting down and abandoning module InputBindingEditor (498)
[2018.11.28-18.57.03:989][534]LogModuleManager: Shutting down and abandoning module MergeActors (496)
[2018.11.28-18.57.03:989][534]LogModuleManager: Shutting down and abandoning module LocalizationDashboard (494)
[2018.11.28-18.57.03:989][534]LogModuleManager: Shutting down and abandoning module LocalizationService (493)
[2018.11.28-18.57.03:989][534]LogModuleManager: Shutting down and abandoning module HardwareTargeting (490)
[2018.11.28-18.57.03:989][534]LogModuleManager: Shutting down and abandoning module DeviceProfileEditor (488)
[2018.11.28-18.57.03:989][534]LogModuleManager: Shutting down and abandoning module UndoHistory (486)
[2018.11.28-18.57.03:989][534]LogModuleManager: Shutting down and abandoning module XmlParser (484)
[2018.11.28-18.57.03:989][534]LogModuleManager: Shutting down and abandoning module Blutility (482)
[2018.11.28-18.57.03:989][534]LogModuleManager: Shutting down and abandoning module ProjectSettingsViewer (480)
[2018.11.28-18.57.03:989][534]LogModuleManager: Shutting down and abandoning module ProjectTargetPlatformEditor (479)
[2018.11.28-18.57.03:990][534]LogModuleManager: Shutting down and abandoning module EditorSettingsViewer (476)
[2018.11.28-18.57.03:990][534]LogModuleManager: Shutting down and abandoning module SettingsEditor (474)
[2018.11.28-18.57.03:990][534]LogModuleManager: Shutting down and abandoning module ProjectLauncher (472)
[2018.11.28-18.57.03:990][534]LogModuleManager: Shutting down and abandoning module SessionFrontend (470)
[2018.11.28-18.57.03:990][534]LogModuleManager: Shutting down and abandoning module ProfilerClient (468)
[2018.11.28-18.57.03:990][534]LogModuleManager: Shutting down and abandoning module DeviceManager (466)
[2018.11.28-18.57.03:990][534]LogModuleManager: Shutting down and abandoning module TargetDeviceServices (465)
[2018.11.28-18.57.04:056][534]LogModuleManager: Shutting down and abandoning module AutomationController (462)
[2018.11.28-18.57.04:056][534]LogModuleManager: Shutting down and abandoning module AutomationWindow (460)
[2018.11.28-18.57.04:056][534]LogModuleManager: Shutting down and abandoning module Layers (458)
[2018.11.28-18.57.04:056][534]LogModuleManager: Shutting down and abandoning module ComponentVisualizers (456)
[2018.11.28-18.57.04:056][534]LogModuleManager: Shutting down and abandoning module DetailCustomizations (454)
[2018.11.28-18.57.04:056][534]LogModuleManager: Shutting down and abandoning module PackagesDialog (452)
[2018.11.28-18.57.04:056][534]LogModuleManager: Shutting down and abandoning module Persona (450)
[2018.11.28-18.57.04:056][534]LogModuleManager: Shutting down and abandoning module AdvancedPreviewScene (449)
[2018.11.28-18.57.04:056][534]LogModuleManager: Shutting down and abandoning module AnimGraph (447)
[2018.11.28-18.57.04:056][534]LogModuleManager: Shutting down and abandoning module Kismet (444)
[2018.11.28-18.57.04:056][534]LogModuleManager: Shutting down and abandoning module GraphEditor (442)
[2018.11.28-18.57.04:056][534]LogModuleManager: Shutting down and abandoning module ClassViewer (440)
[2018.11.28-18.57.04:056][534]LogModuleManager: Shutting down and abandoning module Toolbox (438)
[2018.11.28-18.57.04:056][534]LogModuleManager: Shutting down and abandoning module ModuleUI (436)
[2018.11.28-18.57.04:056][534]LogModuleManager: Shutting down and abandoning module MovieSceneTools (434)
[2018.11.28-18.57.04:056][534]LogModuleManager: Shutting down and abandoning module OutputLog (432)
[2018.11.28-18.57.04:056][534]LogModuleManager: Shutting down and abandoning module GammaUI (430)
[2018.11.28-18.57.04:056][534]LogModuleManager: Shutting down and abandoning module Documentation (428)
[2018.11.28-18.57.04:056][534]LogModuleManager: Shutting down and abandoning module MovieSceneTracks (426)
[2018.11.28-18.57.04:056][534]LogModuleManager: Shutting down and abandoning module MovieScene (424)
[2018.11.28-18.57.04:056][534]LogModuleManager: Shutting down and abandoning module StreamingPauseRendering (422)
[2018.11.28-18.57.04:056][534]LogModuleManager: Shutting down and abandoning module LauncherPlatform (420)
[2018.11.28-18.57.04:056][534]LogModuleManager: Shutting down and abandoning module AnalyticsET (418)
[2018.11.28-18.57.04:056][534]LogModuleManager: Shutting down and abandoning module PortalServices (416)
[2018.11.28-18.57.04:056][534]LogModuleManager: Shutting down and abandoning module PortalRpc (414)
[2018.11.28-18.57.04:056][534]LogModuleManager: Shutting down and abandoning module MessagingRpc (412)
[2018.11.28-18.57.04:056][534]LogModuleManager: Shutting down and abandoning module AIModule (410)
[2018.11.28-18.57.04:057][534]LogModuleManager: Shutting down and abandoning module GameplayDebugger (409)
[2018.11.28-18.57.04:057][534]LogModuleManager: Shutting down and abandoning module AITestSuite (407)
[2018.11.28-18.57.04:057][534]LogModuleManager: Shutting down and abandoning module NavigationSystem (405)
[2018.11.28-18.57.04:057][534]LogModuleManager: Shutting down and abandoning module DesktopPlatform (402)
[2018.11.28-18.57.04:057][534]LogModuleManager: Shutting down and abandoning module ProfilerService (400)
[2018.11.28-18.57.04:093][534]LogModuleManager: Shutting down and abandoning module TaskGraph (398)
[2018.11.28-18.57.04:093][534]LogModuleManager: Shutting down and abandoning module SteamVRController (396)
[2018.11.28-18.57.04:093][534]LogModuleManager: Shutting down and abandoning module ProceduralMeshComponentEditor (394)
[2018.11.28-18.57.04:093][534]LogModuleManager: Shutting down and abandoning module ProceduralMeshComponent (392)
[2018.11.28-18.57.04:093][534]LogModuleManager: Shutting down and abandoning module OculusInput (390)
[2018.11.28-18.57.04:093][534]LogModuleManager: Shutting down and abandoning module MobilePatchingUtils (388)
[2018.11.28-18.57.04:093][534]LogModuleManager: Shutting down and abandoning module EditableMesh (386)
[2018.11.28-18.57.04:093][534]LogModuleManager: Shutting down and abandoning module CustomMeshComponent (384)
[2018.11.28-18.57.04:093][534]LogModuleManager: Shutting down and abandoning module CableComponent (382)
[2018.11.28-18.57.04:093][534]LogModuleManager: Shutting down and abandoning module AudioCapture (380)
[2018.11.28-18.57.04:093][534]LogModuleManager: Shutting down and abandoning module ArchVisCharacter (378)
[2018.11.28-18.57.04:093][534]LogModuleManager: Shutting down and abandoning module AndroidPermission (376)
[2018.11.28-18.57.04:093][534]LogModuleManager: Shutting down and abandoning module NUTUnrealEngine4 (374)
[2018.11.28-18.57.04:093][534]LogModuleManager: Shutting down and abandoning module NetcodeUnitTest (372)
[2018.11.28-18.57.04:093][534]LogModuleManager: Shutting down and abandoning module MediaCompositingEditor (370)
[2018.11.28-18.57.04:094][534]LogModuleManager: Shutting down and abandoning module MediaCompositing (368)
[2018.11.28-18.57.04:094][534]LogModuleManager: Shutting down and abandoning module LinearTimecode (366)
[2018.11.28-18.57.04:094][534]LogModuleManager: Shutting down and abandoning module ImgMedia (364)
[2018.11.28-18.57.04:096][534]LogModuleManager: Shutting down and abandoning module HTML5Networking (362)
[2018.11.28-18.57.04:096][534]LogModuleManager: Shutting down and abandoning module GeometryCacheTracks (360)
[2018.11.28-18.57.04:096][534]LogModuleManager: Shutting down and abandoning module GeometryCacheSequencer (358)
[2018.11.28-18.57.04:096][534]LogModuleManager: Shutting down and abandoning module BackChannel (356)
[2018.11.28-18.57.04:096][534]LogModuleManager: Shutting down and abandoning module AppleVision (354)
[2018.11.28-18.57.04:096][534]LogModuleManager: Shutting down and abandoning module AppleImageUtils (352)
[2018.11.28-18.57.04:096][534]LogModuleManager: Shutting down and abandoning module AlembicImporter (350)
[2018.11.28-18.57.04:096][534]LogModuleManager: Shutting down and abandoning module AlembicLibrary (349)
[2018.11.28-18.57.04:096][534]LogModuleManager: Shutting down and abandoning module GeometryCache (348)
[2018.11.28-18.57.04:096][534]LogModuleManager: Shutting down and abandoning module GeometryCacheEd (347)
[2018.11.28-18.57.04:096][534]LogModuleManager: Shutting down and abandoning module DatasmithContentEditor (342)
[2018.11.28-18.57.04:096][534]LogModuleManager: Shutting down and abandoning module DatasmithContent (340)
[2018.11.28-18.57.04:097][534]LogModuleManager: Shutting down and abandoning module SpeedTreeImporter (338)
[2018.11.28-18.57.04:097][534]LogModuleManager: Shutting down and abandoning module PluginBrowser (336)
[2018.11.28-18.57.04:097][534]LogModuleManager: Shutting down and abandoning module MobileLauncherProfileWizard (334)
[2018.11.28-18.57.04:097][534]LogModuleManager: Shutting down and abandoning module PolygonModeling (332)
[2018.11.28-18.57.04:097][534]LogModuleManager: Shutting down and abandoning module MeshEditor (330)
[2018.11.28-18.57.04:097][534]LogModuleManager: Shutting down and abandoning module CryptoKeysOpenSSL (328)
[2018.11.28-18.57.04:097][534]LogModuleManager: Shutting down and abandoning module CryptoKeys (326)
[2018.11.28-18.57.04:097][534]LogModuleManager: Shutting down and abandoning module VisualStudioSourceCodeAccess (324)
[2018.11.28-18.57.04:097][534]LogModuleManager: Shutting down and abandoning module VisualStudioCodeSourceCodeAccess (322)
[2018.11.28-18.57.04:097][534]LogModuleManager: Shutting down and abandoning module UObjectPlugin (320)
[2018.11.28-18.57.04:097][534]LogModuleManager: Shutting down and abandoning module SubversionSourceControl (318)
[2018.11.28-18.57.04:097][534]LogModuleManager: Shutting down and abandoning module PerforceSourceControl (316)
[2018.11.28-18.57.04:097][534]LogModuleManager: Shutting down and abandoning module GitSourceControl (314)
[2018.11.28-18.57.04:097][534]LogModuleManager: Shutting down and abandoning module SourceControl (313)
[2018.11.28-18.57.04:097][534]LogModuleManager: Shutting down and abandoning module CLionSourceCodeAccess (310)
[2018.11.28-18.57.04:097][534]LogModuleManager: Shutting down and abandoning module LightPropagationVolumeEditor (308)
[2018.11.28-18.57.04:097][534]LogModuleManager: Shutting down and abandoning module PaperTiledImporter (306)
[2018.11.28-18.57.04:097][534]LogModuleManager: Shutting down and abandoning module PaperSpriteSheetImporter (304)
[2018.11.28-18.57.04:097][534]LogModuleManager: Shutting down and abandoning module Paper2DEditor (302)
[2018.11.28-18.57.04:097][534]LogModuleManager: Shutting down and abandoning module MeshPaint (301)
[2018.11.28-18.57.04:097][534]LogModuleManager: Shutting down and abandoning module RuntimePhysXCooking (298)
[2018.11.28-18.57.04:097][534]LogModuleManager: Shutting down and abandoning module PhysXVehiclesEditor (296)
[2018.11.28-18.57.04:097][534]LogModuleManager: Shutting down and abandoning module PhysXVehicles (294)
[2018.11.28-18.57.04:097][534]LogModuleManager: Shutting down and abandoning module OculusEditor (292)
[2018.11.28-18.57.04:097][534]LogModuleManager: Shutting down and abandoning module LocationServicesBPLibrary (290)
[2018.11.28-18.57.04:097][534]LogModuleManager: Shutting down and abandoning module ImmediatePhysicsEditor (288)
[2018.11.28-18.57.04:097][534]LogModuleManager: Shutting down and abandoning module ImmediatePhysics (286)
[2018.11.28-18.57.04:097][534]LogModuleManager: Shutting down and abandoning module ActorSequence (284)
[2018.11.28-18.57.04:097][534]LogModuleManager: Shutting down and abandoning module UdpMessaging (282)
[2018.11.28-18.57.04:199][534]LogModuleManager: Shutting down and abandoning module TcpMessaging (280)
[2018.11.28-18.57.04:299][534]LogModuleManager: Shutting down and abandoning module MagicLeapAudio (278)
[2018.11.28-18.57.04:299][534]LogModuleManager: Shutting down and abandoning module GameplayTagsEditor (276)
[2018.11.28-18.57.04:299][534]LogModuleManager: Shutting down and abandoning module FacialAnimationEditor (274)
[2018.11.28-18.57.04:299][534]LogModuleManager: Shutting down and abandoning module FacialAnimation (272)
[2018.11.28-18.57.04:299][534]LogModuleManager: Shutting down and abandoning module DataValidation (270)
[2018.11.28-18.57.04:299][534]LogModuleManager: Shutting down and abandoning module AssetManagerEditor (268)
[2018.11.28-18.57.04:299][534]LogModuleManager: Shutting down and abandoning module LevelEditor (267)
[2018.11.28-18.57.04:299][534]LogModuleManager: Shutting down and abandoning module PixelInspectorModule (266)
[2018.11.28-18.57.04:299][534]LogModuleManager: Shutting down and abandoning module CommonMenuExtensions (264)
[2018.11.28-18.57.04:299][534]LogModuleManager: Shutting down and abandoning module MainFrame (262)
[2018.11.28-18.57.04:299][534]LogModuleManager: Shutting down and abandoning module HotReload (261)
[2018.11.28-18.57.04:300][534]LogModuleManager: Shutting down and abandoning module ContentBrowser (257)
[2018.11.28-18.57.04:300][534]LogModuleManager: Shutting down and abandoning module TreeMap (255)
[2018.11.28-18.57.04:301][534]LogModuleManager: Shutting down and abandoning module LightPropagationVolumeRuntime (252)
[2018.11.28-18.57.04:301][534]LogModuleManager: Shutting down and abandoning module AISupportModule (250)
[2018.11.28-18.57.04:301][534]LogModuleManager: Shutting down and abandoning module Paper2D (248)
[2018.11.28-18.57.04:301][534]LogModuleManager: Shutting down and abandoning module WindowsMoviePlayer (246)
[2018.11.28-18.57.04:301][534]LogModuleManager: Shutting down and abandoning module WmfMedia (244)
[2018.11.28-18.57.04:302][534]LogModuleManager: Shutting down and abandoning module Media (243)
[2018.11.28-18.57.04:309][534]LogModuleManager: Shutting down and abandoning module PacketHandler (240)
[2018.11.28-18.57.04:309][534]LogModuleManager: Shutting down and abandoning module ClothingSystemEditor (238)
[2018.11.28-18.57.04:309][534]LogModuleManager: Shutting down and abandoning module ClothingSystemRuntime (236)
[2018.11.28-18.57.04:309][534]LogModuleManager: Shutting down and abandoning module MediaAssets (234)
[2018.11.28-18.57.04:309][534]LogModuleManager: Shutting down and abandoning module Overlay (232)
[2018.11.28-18.57.04:309][534]LogModuleManager: Shutting down and abandoning module OverlayEditor (231)
[2018.11.28-18.57.04:309][534]LogModuleManager: Shutting down and abandoning module VREditor (228)
[2018.11.28-18.57.04:309][534]LogModuleManager: Shutting down and abandoning module StringTableEditor (226)
[2018.11.28-18.57.04:309][534]LogModuleManager: Shutting down and abandoning module GameplayTasksEditor (224)
[2018.11.28-18.57.04:309][534]LogModuleManager: Shutting down and abandoning module BehaviorTreeEditor (222)
[2018.11.28-18.57.04:309][534]LogModuleManager: Shutting down and abandoning module FunctionalTesting (220)
[2018.11.28-18.57.04:309][534]LogModuleManager: Shutting down and abandoning module CollisionAnalyzer (218)
[2018.11.28-18.57.04:309][534]LogModuleManager: Shutting down and abandoning module WorkspaceMenuStructure (217)
[2018.11.28-18.57.04:309][534]LogModuleManager: Shutting down and abandoning module UMG (214)
[2018.11.28-18.57.04:309][534]LogModuleManager: Shutting down and abandoning module UMGEditor (213)
[2018.11.28-18.57.04:309][534]LogModuleManager: Shutting down and abandoning module Sequencer (212)
[2018.11.28-18.57.04:309][534]LogModuleManager: Shutting down and abandoning module MessageLog (209)
[2018.11.28-18.57.04:309][534]LogModuleManager: Shutting down and abandoning module SlateReflector (204)
[2018.11.28-18.57.04:309][534]LogModuleManager: Shutting down and abandoning module Slate (202)
[2018.11.28-18.57.04:309][534]LogModuleManager: Shutting down and abandoning module EditorStyle (200)
[2018.11.28-18.57.04:311][534]LogModuleManager: Shutting down and abandoning module MRMesh (198)
[2018.11.28-18.57.04:311][534]LogModuleManager: Shutting down and abandoning module SourceCodeAccess (196)
[2018.11.28-18.57.04:311][534]LogModuleManager: Shutting down and abandoning module HeadMountedDisplay (194)
[2018.11.28-18.57.04:311][534]LogModuleManager: Shutting down and abandoning module XAudio2 (192)
[2018.11.28-18.57.04:311][534]LogModuleManager: Shutting down and abandoning module Networking (190)
[2018.11.28-18.57.04:311][534]LogModuleManager: Shutting down and abandoning module Core (188)
[2018.11.28-18.57.04:311][534]LogModuleManager: Shutting down and abandoning module LevelSequence (186)
[2018.11.28-18.57.04:311][534]LogModuleManager: Shutting down and abandoning module KismetCompiler (184)
[2018.11.28-18.57.04:311][534]LogModuleManager: Shutting down and abandoning module MeshUtilities (182)
[2018.11.28-18.57.04:311][534]LogModuleManager: Shutting down and abandoning module MeshMergeUtilities (181)
[2018.11.28-18.57.04:311][534]LogModuleManager: Shutting down and abandoning module MeshReductionInterface (180)
[2018.11.28-18.57.04:311][534]LogModuleManager: Shutting down and abandoning module SimplygonSwarm (179)
[2018.11.28-18.57.04:311][534]LogModuleManager: Shutting down and abandoning module ProxyLODMeshReduction (177)
[2018.11.28-18.57.04:311][534]LogModuleManager: Shutting down and abandoning module SimplygonMeshReduction (175)
[2018.11.28-18.57.04:311][534]LogModuleManager: Shutting down and abandoning module QuadricMeshReduction (173)
[2018.11.28-18.57.04:311][534]LogModuleManager: Shutting down and abandoning module MaterialBaking (169)
[2018.11.28-18.57.04:311][534]LogModuleManager: Shutting down and abandoning module DirectoryWatcher (165)
[2018.11.28-18.57.04:311][534]LogModuleManager: Shutting down and abandoning module DerivedDataCache (162)
[2018.11.28-18.57.04:313][534]LogDerivedDataCache: Shutdown
[2018.11.28-18.57.04:313][534]LogModuleManager: Shutting down and abandoning module XGEController (160)
[2018.11.28-18.57.04:313][534]LogXGEController: Cleaning working directory: C:/Users/u1000370/AppData/Local/Temp/UnrealXGEWorkingDir/
[2018.11.28-18.57.04:313][534]LogModuleManager: Shutting down and abandoning module TargetPlatform (158)
[2018.11.28-18.57.04:313][534]LogModuleManager: Shutting down and abandoning module VulkanShaderFormat (157)
[2018.11.28-18.57.04:313][534]LogModuleManager: Shutting down and abandoning module ShaderFormatVectorVM (155)
[2018.11.28-18.57.04:313][534]LogModuleManager: Shutting down and abandoning module ShaderFormatOpenGL (153)
[2018.11.28-18.57.04:313][534]LogModuleManager: Shutting down and abandoning module ShaderFormatD3D (151)
[2018.11.28-18.57.04:313][534]LogModuleManager: Shutting down and abandoning module MetalShaderFormat (149)
[2018.11.28-18.57.04:313][534]LogModuleManager: Shutting down and abandoning module TextureFormatUncompressed (147)
[2018.11.28-18.57.04:313][534]LogModuleManager: Shutting down and abandoning module TextureFormatPVR (145)
[2018.11.28-18.57.04:313][534]LogModuleManager: Shutting down and abandoning module TextureFormatDXT (143)
[2018.11.28-18.57.04:313][534]LogModuleManager: Shutting down and abandoning module TextureFormatIntelISPCTexComp (141)
[2018.11.28-18.57.04:313][534]LogModuleManager: Shutting down and abandoning module TextureFormatASTC (139)
[2018.11.28-18.57.04:313][534]LogModuleManager: Shutting down and abandoning module ImageWrapper (138)
[2018.11.28-18.57.04:313][534]LogModuleManager: Shutting down and abandoning module TextureFormatAndroid (135)
[2018.11.28-18.57.04:313][534]LogModuleManager: Shutting down and abandoning module AudioFormatOpus (133)
[2018.11.28-18.57.04:313][534]LogModuleManager: Shutting down and abandoning module AudioFormatOgg (131)
[2018.11.28-18.57.04:313][534]LogModuleManager: Shutting down and abandoning module AudioFormatADPCM (129)
[2018.11.28-18.57.04:313][534]LogModuleManager: Shutting down and abandoning module LuminTargetPlatform (127)
[2018.11.28-18.57.04:313][534]LogModuleManager: Shutting down and abandoning module LinuxTargetPlatform (125)
[2018.11.28-18.57.04:313][534]LogModuleManager: Shutting down and abandoning module LinuxServerTargetPlatform (123)
[2018.11.28-18.57.04:313][534]LogModuleManager: Shutting down and abandoning module LinuxNoEditorTargetPlatform (121)
[2018.11.28-18.57.04:313][534]LogModuleManager: Shutting down and abandoning module LinuxClientTargetPlatform (119)
[2018.11.28-18.57.04:313][534]LogModuleManager: Shutting down and abandoning module TVOSTargetPlatform (117)
[2018.11.28-18.57.04:314][534]LogModuleManager: Shutting down and abandoning module Messaging (115)
[2018.11.28-18.57.04:314][534]LogModuleManager: Shutting down and abandoning module IOSTargetPlatform (113)
[2018.11.28-18.57.04:315][534]LogModuleManager: Shutting down and abandoning module HTML5TargetPlatform (111)
[2018.11.28-18.57.04:315][534]LogModuleManager: Shutting down and abandoning module AndroidTargetPlatform (109)
[2018.11.28-18.57.04:319][534]LogModuleManager: Shutting down and abandoning module WindowsTargetPlatform (107)
[2018.11.28-18.57.04:319][534]LogModuleManager: Shutting down and abandoning module WindowsServerTargetPlatform (105)
[2018.11.28-18.57.04:319][534]LogModuleManager: Shutting down and abandoning module WindowsNoEditorTargetPlatform (103)
[2018.11.28-18.57.04:319][534]LogModuleManager: Shutting down and abandoning module WindowsClientTargetPlatform (101)
[2018.11.28-18.57.04:319][534]LogModuleManager: Shutting down and abandoning module MacTargetPlatform (99)
[2018.11.28-18.57.04:319][534]LogModuleManager: Shutting down and abandoning module MacServerTargetPlatform (97)
[2018.11.28-18.57.04:319][534]LogModuleManager: Shutting down and abandoning module MacNoEditorTargetPlatform (95)
[2018.11.28-18.57.04:319][534]LogModuleManager: Shutting down and abandoning module MacClientTargetPlatform (93)
[2018.11.28-18.57.04:319][534]LogModuleManager: Shutting down and abandoning module AllDesktopTargetPlatform (91)
[2018.11.28-18.57.04:319][534]LogModuleManager: Shutting down and abandoning module InputCore (88)
[2018.11.28-18.57.04:319][534]LogModuleManager: Shutting down and abandoning module Settings (86)
[2018.11.28-18.57.04:319][534]LogModuleManager: Shutting down and abandoning module PhysXCooking (84)
[2018.11.28-18.57.04:319][534]LogModuleManager: Shutting down and abandoning module SteamVR (82)
[2018.11.28-18.57.04:319][534]LogModuleManager: Shutting down and abandoning module OculusHMD (80)
[2018.11.28-18.57.04:319][534]LogModuleManager: Shutting down and abandoning module ExampleDeviceProfileSelector (78)
[2018.11.28-18.57.04:319][534]LogModuleManager: Shutting down and abandoning module LauncherChunkInstaller (76)
[2018.11.28-18.57.04:319][534]LogModuleManager: Shutting down and abandoning module OnlineBlueprintSupport (74)
[2018.11.28-18.57.04:319][534]LogModuleManager: Shutting down and abandoning module OnlineSubsystem (70)
[2018.11.28-18.57.04:321][534]LogModuleManager: Shutting down and abandoning module XMPP (65)
[2018.11.28-18.57.04:321][534]LogModuleManager: Shutting down and abandoning module WebSockets (64)
[2018.11.28-18.57.04:353][534]LogModuleManager: Shutting down and abandoning module HTTP (61)
[2018.11.28-18.57.04:353][534]LogHttp: Display: Http module shutting down, but needs to wait on 1 outstanding Http requests:
[2018.11.28-18.57.04:353][534]LogHttp: Display: 	verb=[POST] url=[https://datarouter.ol.epicgames.com/datarouter/api/v1/public/data?SessionID=%7BF0E07A0D-4049-4E55-D5A6-CA85544726FB%7D&AppID=UEEditor.Rocket.Release&AppVersion=4.20.2-4212847%2B%2B%2BUE4%2BRelease-4.20&UserID=684dfa824b067665d1b377a52d0f42ea%7C09a2e3ae9c704611a8f163954a60d733%7C780c3427-c555-4217-9f7d-feeee12fbce9&AppEnvironment=datacollector-binary&UploadType=eteventstream] status=Processing
[2018.11.28-18.57.04:375][534]LogModuleManager: Shutting down and abandoning module SSL (60)
[2018.11.28-18.57.04:376][534]LogModuleManager: Shutting down and abandoning module MagicLeapEmulator (56)
[2018.11.28-18.57.04:376][534]LogModuleManager: Shutting down and abandoning module MagicLeapPrivileges (54)
[2018.11.28-18.57.04:376][534]LogModuleManager: Shutting down and abandoning module MagicLeapIdentity (52)
[2018.11.28-18.57.04:376][534]LogModuleManager: Shutting down and abandoning module MagicLeapHelperVulkan (50)
[2018.11.28-18.57.04:376][534]LogModuleManager: Shutting down and abandoning module MagicLeapHelperOpenGL (48)
[2018.11.28-18.57.04:376][534]LogModuleManager: Shutting down and abandoning module MagicLeapSecureStorage (46)
[2018.11.28-18.57.04:376][534]LogModuleManager: Shutting down and abandoning module MagicLeapGestures (44)
[2018.11.28-18.57.04:376][534]LogModuleManager: Shutting down and abandoning module MagicLeapEyeTracker (42)
[2018.11.28-18.57.04:376][534]LogModuleManager: Shutting down and abandoning module MagicLeapController (40)
[2018.11.28-18.57.04:377][534]LogSlate: Slate User Destroyed.  User Index 0, Is Virtual User: 0
[2018.11.28-18.57.04:377][534]LogModuleManager: Shutting down and abandoning module MagicLeap (38)
[2018.11.28-18.57.04:377][534]LogModuleManager: Shutting down and abandoning module AnimationModifiers (36)
[2018.11.28-18.57.04:377][534]LogModuleManager: Shutting down and abandoning module PropertyEditor (35)
[2018.11.28-18.57.04:377][534]LogModuleManager: Shutting down and abandoning module AudioEditor (32)
[2018.11.28-18.57.04:377][534]LogModuleManager: Shutting down and abandoning module TextureCompressor (30)
[2018.11.28-18.57.04:377][534]LogModuleManager: Shutting down and abandoning module ShaderCore (28)
[2018.11.28-18.57.04:377][534]LogModuleManager: Shutting down and abandoning module Landscape (26)
[2018.11.28-18.57.04:377][534]LogModuleManager: Shutting down and abandoning module SlateRHIRenderer (24)
[2018.11.28-18.57.04:377][534]LogModuleManager: Shutting down and abandoning module OpenGLDrv (22)
[2018.11.28-18.57.04:377][534]LogModuleManager: Shutting down and abandoning module D3D11RHI (20)
[2018.11.28-18.57.04:377][534]LogModuleManager: Shutting down and abandoning module AnimGraphRuntime (18)
[2018.11.28-18.57.04:377][534]LogModuleManager: Shutting down and abandoning module Renderer (16)
[2018.11.28-18.57.04:377][534]LogModuleManager: Shutting down and abandoning module Engine (14)
[2018.11.28-18.57.04:377][534]LogModuleManager: Shutting down and abandoning module CoreUObject (12)
[2018.11.28-18.57.04:377][534]LogModuleManager: Shutting down and abandoning module NetworkFile (10)
[2018.11.28-18.57.04:377][534]LogModuleManager: Shutting down and abandoning module CookedIterativeFile (8)
[2018.11.28-18.57.04:377][534]LogModuleManager: Shutting down and abandoning module StreamingFile (6)
[2018.11.28-18.57.04:377][534]LogModuleManager: Shutting down and abandoning module SandboxFile (4)
[2018.11.28-18.57.04:377][534]LogModuleManager: Shutting down and abandoning module PakFile (2)
[2018.11.28-18.57.04:383][534]LogExit: Exiting.
[2018.11.28-18.57.04:409][534]Log file closed, 11/28/18 11:57:04
