Log file open, 11/12/18 10:17:28
LogWindows: Failed to load 'aqProf.dll' (GetLastError=126)
LogWindows: File 'aqProf.dll' does not exist
LogWindows: Failed to load 'VSPerf140.dll' (GetLastError=126)
LogWindows: File 'VSPerf140.dll' does not exist
LogWindows: Failed to load 'VtuneApi.dll' (GetLastError=126)
LogWindows: File 'VtuneApi.dll' does not exist
LogWindows: Failed to load 'VtuneApi32e.dll' (GetLastError=126)
LogWindows: File 'VtuneApi32e.dll' does not exist
LogInit: Display: Running engine for game: APsec1LargeCityBase
LogPlatformFile: Not using cached read wrapper
LogTaskGraph: Started task graph with 5 named threads and 11 total threads with 3 sets of task threads.
LogStats: Stats thread started at 0.198013
LogD3D11RHI: Loaded GFSDK_Aftermath_Lib.x64.dll
LogICUInternationalization: Display: ICU TimeZone Detection - Raw Offset: -7:00, Platform Override: ''
LogPluginManager: Mounting plugin Paper2D
LogPluginManager: Mounting plugin AISupport
LogPluginManager: Mounting plugin LightPropagationVolume
LogPluginManager: Mounting plugin CLionSourceCodeAccess
LogPluginManager: Mounting plugin CodeLiteSourceCodeAccess
LogPluginManager: Mounting plugin GitSourceControl
LogPluginManager: Mounting plugin KDevelopSourceCodeAccess
LogPluginManager: Mounting plugin NullSourceCodeAccess
LogPluginManager: Mounting plugin PerforceSourceControl
LogPluginManager: Mounting plugin SubversionSourceControl
LogPluginManager: Mounting plugin UObjectPlugin
LogPluginManager: Mounting plugin VisualStudioCodeSourceCodeAccess
LogPluginManager: Mounting plugin VisualStudioSourceCodeAccess
LogPluginManager: Mounting plugin XCodeSourceCodeAccess
LogPluginManager: Mounting plugin AssetManagerEditor
LogPluginManager: Mounting plugin CryptoKeys
LogPluginManager: Mounting plugin DataValidation
LogPluginManager: Mounting plugin FacialAnimation
LogPluginManager: Mounting plugin GameplayTagsEditor
LogPluginManager: Mounting plugin MacGraphicsSwitching
LogPluginManager: Mounting plugin MeshEditor
LogPluginManager: Mounting plugin MobileLauncherProfileWizard
LogPluginManager: Mounting plugin PluginBrowser
LogPluginManager: Mounting plugin SpeedTreeImporter
LogPluginManager: Mounting plugin DatasmithContent
LogPluginManager: Mounting plugin AlembicImporter
LogPluginManager: Mounting plugin AppleImageUtils
LogPluginManager: Mounting plugin AppleVision
LogPluginManager: Mounting plugin BackChannel
LogPluginManager: Mounting plugin CharacterAI
LogPluginManager: Mounting plugin GeometryCache
LogPluginManager: Mounting plugin HTML5Networking
LogPluginManager: Mounting plugin ProxyLODPlugin
LogPluginManager: Mounting plugin MagicLeap
LogPluginManager: Mounting plugin MagicLeapEmulator
LogPluginManager: Mounting plugin MagicLeapMedia
LogPluginManager: Mounting plugin AndroidMedia
LogPluginManager: Mounting plugin AvfMedia
LogPluginManager: Mounting plugin ImgMedia
LogPluginManager: Mounting plugin LinearTimecode
LogPluginManager: Mounting plugin MediaCompositing
LogPluginManager: Mounting plugin MediaPlayerEditor
LogPluginManager: Mounting plugin WmfMedia
LogPluginManager: Mounting plugin TcpMessaging
LogPluginManager: Mounting plugin UdpMessaging
LogPluginManager: Mounting plugin ActorSequence
LogPluginManager: Mounting plugin LevelSequenceEditor
LogPluginManager: Mounting plugin MatineeToLevelSequence
LogPluginManager: Mounting plugin NetcodeUnitTest
LogPluginManager: Mounting plugin NUTUnrealEngine4
LogPluginManager: Mounting plugin OnlineSubsystemGooglePlay
LogPluginManager: Mounting plugin OnlineSubsystemIOS
LogPluginManager: Mounting plugin OnlineSubsystem
LogPluginManager: Mounting plugin OnlineSubsystemNull
LogPluginManager: Mounting plugin OnlineSubsystemUtils
LogPluginManager: Mounting plugin LauncherChunkInstaller
LogPluginManager: Mounting plugin AndroidDeviceProfileSelector
LogPluginManager: Mounting plugin AndroidMoviePlayer
LogPluginManager: Mounting plugin AndroidPermission
LogPluginManager: Mounting plugin AppleMoviePlayer
LogPluginManager: Mounting plugin ArchVisCharacter
LogPluginManager: Mounting plugin AudioCapture
LogPluginManager: Mounting plugin CableComponent
LogPluginManager: Mounting plugin CustomMeshComponent
LogPluginManager: Mounting plugin EditableMesh
LogPluginManager: Mounting plugin ExampleDeviceProfileSelector
LogPluginManager: Mounting plugin GoogleCloudMessaging
LogPluginManager: Mounting plugin ImmediatePhysics
LogPluginManager: Mounting plugin IOSDeviceProfileSelector
LogPluginManager: Mounting plugin LinuxDeviceProfileSelector
LogPluginManager: Mounting plugin LocationServicesBPLibrary
LogPluginManager: Mounting plugin MobilePatchingUtils
LogPluginManager: Mounting plugin OculusVR
LogPluginManager: Plugin shader directory ../../../Engine/Plugins/Runtime/Oculus/OculusVR/Shaders found
LogPluginManager: Mapping shader source directory ../../../Engine/Plugins/Runtime/Oculus/OculusVR/Shaders to virtual directory /Plugin/OculusVR
LogPluginManager: Mounting plugin PhysXVehicles
LogPluginManager: Mounting plugin ProceduralMeshComponent
LogPluginManager: Mounting plugin RuntimePhysXCooking
LogPluginManager: Mounting plugin SteamVR
LogPluginManager: Mounting plugin WindowsMoviePlayer
LogStreaming: Display: Took  0.226s to configure plugins.
LogInit: Using libcurl 7.55.1-DEV
LogInit:  - built for x86_64-pc-win32
LogInit:  - supports SSL with OpenSSL/1.0.2h
LogInit:  - supports HTTP deflate (compression) using libz 1.2.8
LogInit:  - other features:
LogInit:      CURL_VERSION_SSL
LogInit:      CURL_VERSION_LIBZ
LogInit:      CURL_VERSION_IPV6
LogInit:      CURL_VERSION_ASYNCHDNS
LogInit:      CURL_VERSION_LARGEFILE
LogInit:      CURL_VERSION_IDN
LogInit:  CurlRequestOptions (configurable via config and command line):
LogInit:  - bVerifyPeer = false  - Libcurl will NOT verify peer certificate
LogInit:  - bUseHttpProxy = false  - Libcurl will NOT use HTTP proxy
LogInit:  - bDontReuseConnections = false  - Libcurl will reuse connections
LogInit:  - CertBundlePath = nullptr  - Libcurl will use whatever was configured at build time.
LogInit:  - MaxHostConnections = 16  - Libcurl will limit the number of connections to a host
LogInit:  - LocalHostAddr = Default
LogInit:  - BufferSize = 65536
LogInit: WinSock: version 1.1 (2.2), MaxSocks=32767, MaxUdp=65467
LogInit: Build: ++UE4+Release-4.20-CL-4369336
LogInit: Engine Version: 4.20.3-4369336+++UE4+Release-4.20
LogInit: Compatible Engine Version: 4.20.0-4212847+++UE4+Release-4.20
LogInit: Net CL: 4212847
LogInit: OS: Windows 10 (), CPU: Intel(R) Core(TM) i5-7200U CPU @ 2.50GHz, GPU: Intel(R) HD Graphics 620
LogInit: Compiled (64-bit): Sep 17 2018 12:26:19
LogInit: Compiled with Visual C++: 19.13.26129.00
LogInit: Build Configuration: Development
LogInit: Branch Name: ++UE4+Release-4.20
LogInit: Command Line: 
LogInit: Base Directory: C:/Program Files/Epic Games/UE_4.20/Engine/Binaries/Win64/
LogInit: Installed Engine Build: 1
LogDevObjectVersion: Number of dev versions registered: 20
LogDevObjectVersion:   Dev-Blueprints (B0D832E4-1F89-4F0D-ACCF-7EB736FD4AA2): 10
LogDevObjectVersion:   Dev-Build (E1C64328-A22C-4D53-A36C-8E866417BD8C): 0
LogDevObjectVersion:   Dev-Core (375EC13C-06E4-48FB-B500-84F0262A717E): 2
LogDevObjectVersion:   Dev-Editor (E4B068ED-F494-42E9-A231-DA0B2E46BB41): 24
LogDevObjectVersion:   Dev-Framework (CFFC743F-43B0-4480-9391-14DF171D2073): 34
LogDevObjectVersion:   Dev-Mobile (B02B49B5-BB20-44E9-A304-32B752E40360): 2
LogDevObjectVersion:   Dev-Networking (A4E4105C-59A1-49B5-A7C5-40C4547EDFEE): 0
LogDevObjectVersion:   Dev-Online (39C831C9-5AE6-47DC-9A44-9C173E1C8E7C): 0
LogDevObjectVersion:   Dev-Physics (78F01B33-EBEA-4F98-B9B4-84EACCB95AA2): 0
LogDevObjectVersion:   Dev-Platform (6631380F-2D4D-43E0-8009-CF276956A95A): 0
LogDevObjectVersion:   Dev-Rendering (12F88B9F-8875-4AFC-A67C-D90C383ABD29): 26
LogDevObjectVersion:   Dev-Sequencer (7B5AE74C-D270-4C10-A958-57980B212A5A): 9
LogDevObjectVersion:   Dev-VR (D7296918-1DD6-4BDD-9DE2-64A83CC13884): 2
LogDevObjectVersion:   Dev-LoadTimes (C2A15278-BFE7-4AFE-6C17-90FF531DF755): 1
LogDevObjectVersion:   Private-Geometry (6EACA3D4-40EC-4CC1-B786-8BED09428FC5): 3
LogDevObjectVersion:   Dev-AnimPhys (29E575DD-E0A3-4627-9D10-D276232CDCEA): 17
LogDevObjectVersion:   Dev-ReflectionCapture (6B266CEC-1EC7-4B8F-A30B-E4D90942FC07): 1
LogDevObjectVersion:   Dev-Automation (0DF73D61-A23F-47EA-B727-89E90C41499A): 1
LogDevObjectVersion:   FortniteMain (601D1886-AC64-4F84-AA16-D3DE0DEAC7D6): 12
LogDevObjectVersion:   Dev-Enterprise (9DFFBCD6-494F-0158-E221-12823C92A888): 1
LogStreaming: Display: Took  0.009s to delete old logs.
LogInit: Presizing for max 8388607 objects, including 0 objects not considered by GC, pre-allocating 0 bytes for permanent pool.
LogInit: Object subsystem initialized
[2018.11.12-17.17.29:000][  0]LogInit: Selected Device Profile: [Windows]
[2018.11.12-17.17.29:000][  0]LogInit: Applying CVar settings loaded from the selected device profile: [Windows]
[2018.11.12-17.17.29:020][  0]LogHAL: Display: Platform has ~ 8 GB [8451760128 / 8589934592 / 8], which maps to Default [LargestMinGB=32, LargerMinGB=12, DefaultMinGB=8, SmallerMinGB=6, SmallestMinGB=0)
[2018.11.12-17.17.29:020][  0]LogInit: Setting Device Profile CVar: [[r.Vulkan.UseRealUBs:1]]
[2018.11.12-17.17.29:020][  0]LogInit: Going up to parent DeviceProfile []
[2018.11.12-17.17.29:021][  0]LogInit: Computer: LAPTOP-S2247MRA
[2018.11.12-17.17.29:021][  0]LogInit: User: tommy
[2018.11.12-17.17.29:021][  0]LogInit: CPU Page size=4096, Cores=2
[2018.11.12-17.17.29:021][  0]LogInit: High frequency timer resolution =2.648444 MHz
[2018.11.12-17.17.29:021][  0]LogMemory: Memory total: Physical=7.9GB (8GB approx)
[2018.11.12-17.17.29:021][  0]LogMemory: Platform Memory Stats for Windows
[2018.11.12-17.17.29:021][  0]LogMemory: Process Physical Memory: 100.23 MB used, 100.23 MB peak
[2018.11.12-17.17.29:022][  0]LogMemory: Process Virtual Memory: 84.11 MB used, 84.11 MB peak
[2018.11.12-17.17.29:022][  0]LogMemory: Physical Memory: 4276.15 MB used,  3784.08 MB free, 8060.23 MB total
[2018.11.12-17.17.29:022][  0]LogMemory: Virtual Memory: 4606.88 MB used,  3784.08 MB free, 134217728.00 MB total
[2018.11.12-17.17.29:053][  0]LogInit: Using OS detected language (en-US).
[2018.11.12-17.17.29:053][  0]LogInit: Using OS detected locale (en-US).
[2018.11.12-17.17.29:055][  0]LogTextLocalizationManager: No specific localization for 'en-US' exists, so the 'en' localization will be used.
[2018.11.12-17.17.29:511][  0]LogStreaming: Display: Took  0.459s to InitEngineTextLocalization.
[2018.11.12-17.17.29:512][  0]LogInit: Setting process to per monitor DPI aware
[2018.11.12-17.17.29:564][  0]LogSlate: New Slate User Created.  User Index 0, Is Virtual User: 0
[2018.11.12-17.17.29:564][  0]LogSlate: Slate User Registered.  User Index 0, Is Virtual User: 0
[2018.11.12-17.17.30:000][  0]LogHMD: Failed to initialize OpenVR with code 110
[2018.11.12-17.17.30:000][  0]LogD3D11RHI: D3D11 adapters:
[2018.11.12-17.17.30:012][  0]LogD3D11RHI:    0. 'Intel(R) HD Graphics 620' (Feature Level 11_0)
[2018.11.12-17.17.30:012][  0]LogD3D11RHI:       128/0/4030 MB DedicatedVideo/DedicatedSystem/SharedSystem, Outputs:1, VendorId:0x8086
[2018.11.12-17.17.30:016][  0]LogD3D11RHI:    1. 'Microsoft Basic Render Driver' (Feature Level 11_0)
[2018.11.12-17.17.30:016][  0]LogD3D11RHI:       0/0/4030 MB DedicatedVideo/DedicatedSystem/SharedSystem, Outputs:0, VendorId:0x1414
[2018.11.12-17.17.30:016][  0]LogD3D11RHI: Chosen D3D11 Adapter: 0
[2018.11.12-17.17.30:076][  0]LogD3D11RHI: Creating new Direct3DDevice
[2018.11.12-17.17.30:077][  0]LogD3D11RHI:     GPU DeviceId: 0x5916 (for the marketing name, search the web for "GPU Device Id")
[2018.11.12-17.17.30:077][  0]LogWindows: EnumDisplayDevices:
[2018.11.12-17.17.30:077][  0]LogWindows:    0. 'Intel(R) HD Graphics 620' (P:1 D:1)
[2018.11.12-17.17.30:078][  0]LogWindows:    1. 'Intel(R) HD Graphics 620' (P:0 D:0)
[2018.11.12-17.17.30:078][  0]LogWindows:    2. 'Intel(R) HD Graphics 620' (P:0 D:0)
[2018.11.12-17.17.30:079][  0]LogWindows: DebugString: FoundDriverCount:3 
[2018.11.12-17.17.30:079][  0]LogD3D11RHI:     Adapter Name: Intel(R) HD Graphics 620
[2018.11.12-17.17.30:079][  0]LogD3D11RHI:   Driver Version: 22.20.16.4691 (internal:22.20.16.4691, unified:22.20.16.4691)
[2018.11.12-17.17.30:079][  0]LogD3D11RHI:      Driver Date: 6-2-2017
[2018.11.12-17.17.30:079][  0]LogRHI: Texture pool is 1500 MB (70% of 2143 MB)
[2018.11.12-17.17.30:089][  0]LogD3D11RHI: Async texture creation enabled
[2018.11.12-17.17.30:101][  0]LogD3D11RHI: GPU Timing Frequency: 12.000000 (Debug: 2 0)
[2018.11.12-17.17.30:103][  0]LogShaderCompilers: Guid format shader working directory is -49 characters bigger than the processId version (../../../../../../Users/tommy/OneDrive/Documents/GitHub/AssetPipeMaster01/APsec1LargeCityBase/Intermediate/Shaders/WorkingDirectory/171660/).
[2018.11.12-17.17.30:103][  0]LogShaderCompilers: Cleaned the shader compiler working directory 'C:/Users/tommy/AppData/Local/Temp/UnrealShaderWorkingDir/72F561074D7D8BDD8025DBAD15B7283D/'.
[2018.11.12-17.17.30:683][  0]LogTemp: Display: Loaded TP AllDesktopTargetPlatform
[2018.11.12-17.17.30:710][  0]LogTemp: Display: Loaded TP MacClientTargetPlatform
[2018.11.12-17.17.30:735][  0]LogTemp: Display: Loaded TP MacNoEditorTargetPlatform
[2018.11.12-17.17.30:761][  0]LogTemp: Display: Loaded TP MacServerTargetPlatform
[2018.11.12-17.17.30:784][  0]LogTemp: Display: Loaded TP MacTargetPlatform
[2018.11.12-17.17.30:808][  0]LogTemp: Display: Loaded TP WindowsClientTargetPlatform
[2018.11.12-17.17.30:833][  0]LogTemp: Display: Loaded TP WindowsNoEditorTargetPlatform
[2018.11.12-17.17.30:857][  0]LogTemp: Display: Loaded TP WindowsServerTargetPlatform
[2018.11.12-17.17.30:869][  0]LogTemp: Display: Loaded TP WindowsTargetPlatform
[2018.11.12-17.17.31:002][  0]LogTemp: Display: Loaded TP AndroidTargetPlatform
[2018.11.12-17.17.31:002][  0]LogTemp: Display: Loaded TP AndroidTargetPlatform
[2018.11.12-17.17.31:002][  0]LogTemp: Display: Loaded TP AndroidTargetPlatform
[2018.11.12-17.17.31:002][  0]LogTemp: Display: Loaded TP AndroidTargetPlatform
[2018.11.12-17.17.31:002][  0]LogTemp: Display: Loaded TP AndroidTargetPlatform
[2018.11.12-17.17.31:002][  0]LogTemp: Display: Loaded TP AndroidTargetPlatform
[2018.11.12-17.17.31:002][  0]LogTemp: Display: Loaded TP AndroidTargetPlatform
[2018.11.12-17.17.31:002][  0]LogTemp: Display: Loaded TP AndroidTargetPlatform
[2018.11.12-17.17.31:002][  0]LogTemp: Display: Loaded TP AndroidTargetPlatform
[2018.11.12-17.17.31:002][  0]LogTemp: Display: Loaded TP AndroidTargetPlatform
[2018.11.12-17.17.31:002][  0]LogTemp: Display: Loaded TP AndroidTargetPlatform
[2018.11.12-17.17.31:002][  0]LogTemp: Display: Loaded TP AndroidTargetPlatform
[2018.11.12-17.17.31:002][  0]LogTemp: Display: Loaded TP AndroidTargetPlatform
[2018.11.12-17.17.31:002][  0]LogTemp: Display: Loaded TP AndroidTargetPlatform
[2018.11.12-17.17.31:002][  0]LogTemp: Display: Loaded TP AndroidTargetPlatform
[2018.11.12-17.17.31:002][  0]LogTemp: Display: Loaded TP AndroidTargetPlatform
[2018.11.12-17.17.31:002][  0]LogTemp: Display: Loaded TP AndroidTargetPlatform
[2018.11.12-17.17.31:002][  0]LogTemp: Display: Loaded TP AndroidTargetPlatform
[2018.11.12-17.17.31:004][  0]LogTemp: Display: Loaded TP HTML5TargetPlatform
[2018.11.12-17.17.31:086][  0]LogTemp: Display: Loaded TP IOSTargetPlatform
[2018.11.12-17.17.31:086][  0]LogTemp: Display: Loaded TP IOSTargetPlatform
[2018.11.12-17.17.31:134][  0]LogTemp: Display: Loaded TP TVOSTargetPlatform
[2018.11.12-17.17.31:134][  0]LogTemp: Display: Loaded TP TVOSTargetPlatform
[2018.11.12-17.17.31:160][  0]LogTemp: Display: Loaded TP LinuxClientTargetPlatform
[2018.11.12-17.17.31:186][  0]LogTemp: Display: Loaded TP LinuxNoEditorTargetPlatform
[2018.11.12-17.17.31:213][  0]LogTemp: Display: Loaded TP LinuxServerTargetPlatform
[2018.11.12-17.17.31:237][  0]LogTemp: Display: Loaded TP LinuxTargetPlatform
[2018.11.12-17.17.31:254][  0]LogTemp: Display: Loaded TP LuminTargetPlatform
[2018.11.12-17.17.31:254][  0]LogTargetPlatformManager: Display: Building Assets For Windows
[2018.11.12-17.17.31:352][  0]LogXGEController: Cannot use XGE Controller as Incredibuild is not installed on this machine.
[2018.11.12-17.17.31:352][  0]LogShaderCompilers: Cannot use XGE Shader Compiler as Incredibuild is not installed on this machine.
[2018.11.12-17.17.31:352][  0]LogShaderCompilers: Display: Using Local Shader Compiler.
[2018.11.12-17.17.32:612][  0]LogDerivedDataCache: Display: Max Cache Size: 512 MB
[2018.11.12-17.17.32:680][  0]LogDerivedDataCache: Loaded boot cache 0.07s 71MB C:/Users/tommy/AppData/Local/UnrealEngine/4.20/DerivedDataCache/Boot.ddc.
[2018.11.12-17.17.32:680][  0]LogDerivedDataCache: Display: Loaded Boot cache: C:/Users/tommy/AppData/Local/UnrealEngine/4.20/DerivedDataCache/Boot.ddc
[2018.11.12-17.17.32:681][  0]LogDerivedDataCache: FDerivedDataBackendGraph:  Pak pak cache file ../../../../../../Users/tommy/OneDrive/Documents/GitHub/AssetPipeMaster01/APsec1LargeCityBase/DerivedDataCache/DDC.ddp not found, will not use a pak cache.
[2018.11.12-17.17.32:681][  0]LogDerivedDataCache: Unable to find inner node Pak for hierarchical cache Hierarchy.
[2018.11.12-17.17.32:681][  0]LogDerivedDataCache: FDerivedDataBackendGraph:  CompressedPak pak cache file ../../../../../../Users/tommy/OneDrive/Documents/GitHub/AssetPipeMaster01/APsec1LargeCityBase/DerivedDataCache/Compressed.ddp not found, will not use a pak cache.
[2018.11.12-17.17.32:681][  0]LogDerivedDataCache: Unable to find inner node CompressedPak for hierarchical cache Hierarchy.
[2018.11.12-17.17.32:697][  0]LogDerivedDataCache: Display: Pak cache opened for reading ../../../Engine/DerivedDataCache/Compressed.ddp.
[2018.11.12-17.17.32:709][  0]LogDerivedDataCache: Using Local data cache path C:/Users/tommy/AppData/Local/UnrealEngine/Common/DerivedDataCache: Writable
[2018.11.12-17.17.32:709][  0]LogDerivedDataCache: Shared data cache path not found in *engine.ini, will not use an Shared cache.
[2018.11.12-17.17.32:709][  0]LogDerivedDataCache: Unable to find inner node Shared for hierarchical cache Hierarchy.
[2018.11.12-17.17.32:741][  0]LogMaterial: Verifying Global Shaders for PCD3D_SM5
[2018.11.12-17.17.32:743][  0]LogSlate: Using FreeType 2.6.0
[2018.11.12-17.17.32:744][  0]LogSlate: SlateFontServices - WITH_FREETYPE: 1, WITH_HARFBUZZ: 1
[2018.11.12-17.17.32:852][  0]LogAssetRegistry: FAssetRegistry took 0.0293 seconds to start up
[2018.11.12-17.17.33:333][  0]LogInit: Selected Device Profile: [Windows]
[2018.11.12-17.17.33:522][  0]LogSimplygon: Simplygon DLL not present - disabling.
[2018.11.12-17.17.33:527][  0]LogMeshReduction: Using SimplygonSwarm for distributed automatic mesh merging
[2018.11.12-17.17.33:527][  0]LogMeshReduction: Using ProxyLODMeshReduction for automatic mesh merging
[2018.11.12-17.17.33:527][  0]LogMeshReduction: Using QuadricMeshReduction for automatic static mesh reduction
[2018.11.12-17.17.33:527][  0]LogMeshReduction: No automatic skeletal mesh reduction module available
[2018.11.12-17.17.33:548][  0]LogNetVersion: APsec1LargeCityBase 1.0.0, NetCL: 4212847, EngineNetVer: 5, GameNetVer: 0 (Checksum: 1121110827)
[2018.11.12-17.17.34:372][  0]LogPackageLocalizationCache: Processed 11 localized package path(s) for 2 prioritized culture(s) in 0.199992 seconds
[2018.11.12-17.17.34:380][  0]LogUObjectArray: 38425 objects as part of root set at end of initial load.
[2018.11.12-17.17.34:380][  0]LogUObjectAllocator: 6690864 out of 0 bytes used by permanent object pool.
[2018.11.12-17.17.34:380][  0]LogUObjectArray: CloseDisregardForGC: 0/0 objects in disregard for GC pool
[2018.11.12-17.17.35:943][  0]LogTcpMessaging: Initializing TcpMessaging bridge
[2018.11.12-17.17.35:958][  0]LogUdpMessaging: Initializing bridge on interface 0.0.0.0:0 to multicast group 230.0.0.1:6666.
[2018.11.12-17.17.36:132][  0]SourceControl: Source control is disabled
[2018.11.12-17.17.36:132][  0]SourceControl: Source control is disabled
[2018.11.12-17.17.36:135][  0]SourceControl: Source control is disabled
[2018.11.12-17.17.36:136][  0]SourceControl: Source control is disabled
[2018.11.12-17.17.36:347][  0]LogAndroidPermission: UAndroidPermissionCallbackProxy::GetInstance
[2018.11.12-17.17.36:435][  0]LogOcInput: OculusInput pre-init called
[2018.11.12-17.17.36:518][  0]LogEngine: Initializing Engine...
[2018.11.12-17.17.36:518][  0]LogHMD: Failed to initialize OpenVR with code 110
[2018.11.12-17.17.36:520][  0]LogStats: UGameplayTagsManager::ConstructGameplayTagTree: ImportINI prefixes -  0.000 s
[2018.11.12-17.17.36:520][  0]LogStats: UGameplayTagsManager::ConstructGameplayTagTree: Construct from data asset -  0.000 s
[2018.11.12-17.17.36:520][  0]LogStats: UGameplayTagsManager::ConstructGameplayTagTree: ImportINI -  0.000 s
[2018.11.12-17.17.36:520][  0]LogStats: UGameplayTagsManager::ConstructGameplayTagTree: GameplayTagTreeChangedEvent.Broadcast -  0.000 s
[2018.11.12-17.17.36:816][  0]LogInit: Initializing FReadOnlyCVARCache
[2018.11.12-17.17.36:838][  0]LogAIModule: Creating AISystem for world Untitled
[2018.11.12-17.17.36:854][  0]LogInit: XAudio2 using 'Speakers (Realtek High Definition Audio)' : 2 channels at 48 kHz using 32 bits per sample (channel mask 0x3)
[2018.11.12-17.17.37:040][  0]LogInit: FAudioDevice initialized.
[2018.11.12-17.17.37:041][  0]LogNetVersion: Set ProjectVersion to 1.0.0.0. Version Checksum will be recalculated on next use.
[2018.11.12-17.17.37:160][  0]LogDerivedDataCache: Saved boot cache 0.12s 71MB C:/Users/tommy/AppData/Local/UnrealEngine/4.20/DerivedDataCache/Boot.ddc.
[2018.11.12-17.17.37:184][  0]LogInit: Texture streaming: Enabled
[2018.11.12-17.17.37:225][  0]LogEngineSessionManager: EngineSessionManager initialized
[2018.11.12-17.17.37:300][  0]LogInit: Transaction tracking system initialized
[2018.11.12-17.17.37:348][  0]BlueprintLog: New page: Editor Load
[2018.11.12-17.17.37:489][  0]LocalizationService: Localization service is disabled
[2018.11.12-17.17.37:894][  0]LogCook: Display: Max memory allowance for cook 16384mb min free memory 0mb
[2018.11.12-17.17.37:894][  0]LogCook: Display: Mobile HDR setting 1
[2018.11.12-17.17.37:894][  0]LogGameplayTags: Display: UGameplayTagsManager::DoneAddingNativeTags. DelegateIsBound: 0
[2018.11.12-17.17.37:894][  0]LogStats: UGameplayTagsManager::ConstructGameplayTagTree: ImportINI prefixes -  0.000 s
[2018.11.12-17.17.37:894][  0]LogStats: UGameplayTagsManager::ConstructGameplayTagTree: Construct from data asset -  0.000 s
[2018.11.12-17.17.37:895][  0]LogStats: UGameplayTagsManager::ConstructGameplayTagTree: ImportINI -  0.000 s
[2018.11.12-17.17.37:895][  0]LogStats: UGameplayTagsManager::ConstructGameplayTagTree: GameplayTagTreeChangedEvent.Broadcast -  0.000 s
[2018.11.12-17.17.38:103][  0]LogFileCache: Scanning file cache for directory 'C:/Users/tommy/OneDrive/Documents/GitHub/AssetPipeMaster01/APsec1LargeCityBase/Content/' took 0.02s
[2018.11.12-17.17.38:103][  0]SourceControl: Source control is disabled
[2018.11.12-17.17.38:104][  0]Cmd: MAP LOAD FILE="../../../Engine/Content/Maps/Templates/Template_Default.umap" TEMPLATE=1 SHOWPROGRESS=1 FEATURELEVEL=3
[2018.11.12-17.17.38:104][  0]LightingResults: New page: Lighting Build
[2018.11.12-17.17.38:108][  0]MapCheck: New page: Map Check
[2018.11.12-17.17.38:108][  0]LightingResults: New page: Lighting Build
[2018.11.12-17.17.38:457][  0]LogAIModule: Creating AISystem for world Untitled_1
[2018.11.12-17.17.38:467][  0]LogEditorServer: Finished looking for orphan Actors (0.000 secs)
[2018.11.12-17.17.38:494][  0]Cmd: MAP CHECKDEP NOCLEARLOG
[2018.11.12-17.17.38:622][  0]MapCheck: Map check complete: 0 Error(s), 0 Warning(s), took 127.254ms to complete.
[2018.11.12-17.17.38:622][  0]LogFileHelpers: Loading map 'Template_Default' took 0.518
[2018.11.12-17.17.38:776][  0]LogSlate: Updating window title bar state: overlay mode, drag disabled, window buttons hidden, title bar hidden
[2018.11.12-17.17.38:788][  0]LogSlate: Updating window title bar state: overlay mode, drag disabled, window buttons hidden, title bar hidden
[2018.11.12-17.17.38:803][  0]LogSlate: Updating window title bar state: overlay mode, drag disabled, window buttons hidden, title bar hidden
[2018.11.12-17.17.38:817][  0]LogSlate: Updating window title bar state: overlay mode, drag disabled, window buttons hidden, title bar hidden
[2018.11.12-17.17.38:831][  0]LogCollectionManager: Loaded 0 collections in 0.003710 seconds
[2018.11.12-17.17.38:880][  0]LogFileCache: Scanning file cache for directory 'C:/Users/tommy/OneDrive/Documents/GitHub/AssetPipeMaster01/APsec1LargeCityBase/Saved/Collections/' took 0.01s
[2018.11.12-17.17.38:880][  0]LogFileCache: Scanning file cache for directory 'C:/Users/tommy/OneDrive/Documents/GitHub/AssetPipeMaster01/APsec1LargeCityBase/Content/Developers/tommy/Collections/' took 0.01s
[2018.11.12-17.17.38:880][  0]LogFileCache: Scanning file cache for directory 'C:/Users/tommy/OneDrive/Documents/GitHub/AssetPipeMaster01/APsec1LargeCityBase/Content/Collections/' took 0.01s
[2018.11.12-17.17.38:880][  0]LogCollectionManager: Rebuilt the GUID cache for 0 collections in 0.000001 seconds
[2018.11.12-17.17.38:900][  0]LogContentBrowser: Native class hierarchy populated in 0.0190 seconds. Added 2572 classes and 603 folders.
[2018.11.12-17.17.38:912][  0]LogContentBrowser: Native class hierarchy updated for 'WidgetCarousel' in 0.0004 seconds. Added 0 classes and 0 folders.
[2018.11.12-17.17.39:011][  0]LogContentBrowser: Native class hierarchy updated for 'AddContentDialog' in 0.0005 seconds. Added 0 classes and 0 folders.
[2018.11.12-17.17.39:019][  0]LogContentBrowser: Native class hierarchy updated for 'SceneOutliner' in 0.0004 seconds. Added 1 classes and 2 folders.
[2018.11.12-17.17.39:038][  0]LogSlate: Took 0.000376 seconds to synchronously load lazily loaded font '../../../Engine/Content/Slate/Fonts/Roboto-Regular.ttf' (155K)
[2018.11.12-17.17.39:043][  0]LogSlate: Took 0.000608 seconds to synchronously load lazily loaded font '../../../Engine/Content/Slate/Fonts/Roboto-Bold.ttf' (160K)
[2018.11.12-17.17.39:052][  0]LogSlate: Took 0.000450 seconds to synchronously load lazily loaded font '../../../Engine/Content/Editor/Slate/Fonts/FontAwesome.ttf' (139K)
[2018.11.12-17.17.39:183][  0]LogRenderer: Reallocating scene render targets to support 804x368 Format 10 NumSamples 1 (Frame:1).
[2018.11.12-17.17.40:671][  0]LogContentBrowser: Native class hierarchy updated for 'HierarchicalLODOutliner' in 0.0005 seconds. Added 0 classes and 0 folders.
[2018.11.12-17.17.40:671][  0]LogLoad: (Engine Initialization) Total time: 14.34 seconds
[2018.11.12-17.17.40:671][  0]LogLoad: (Engine Initialization) Total Blueprint compile time: 0.00 seconds
[2018.11.12-17.17.40:690][  0]LogWindowsTextInputMethodSystem: Display: IME system now deactivated.
[2018.11.12-17.17.40:714][  0]LogContentStreaming: Texture pool size now 1000 MB
[2018.11.12-17.17.40:742][  0]LogSlate: Took 0.000292 seconds to synchronously load lazily loaded font '../../../Engine/Content/Slate/Fonts/Roboto-Light.ttf' (167K)
[2018.11.12-17.17.40:765][  1]LogAssetRegistry: Asset discovery search completed in 7.9363 seconds
[2018.11.12-17.17.40:768][  1]LogCollectionManager: Rebuilt the object cache for 0 collections in 0.000000 seconds (found 0 objects)
[2018.11.12-17.17.40:768][  1]LogCollectionManager: Fixed up redirectors for 0 collections in 0.000126 seconds (updated 0 objects)
[2018.11.12-17.17.47:605][211]LogSlate: FSceneViewport::OnFocusLost() reason 0
[2018.11.12-17.17.50:682][319]LogSlate: Took 0.001681 seconds to synchronously load lazily loaded font '../../../Engine/Content/Slate/Fonts/Roboto-Light.ttf' (167K)
[2018.11.12-17.17.50:769][319]LogLinker: Warning: Asset '../../../../../../Users/tommy/OneDrive/Documents/GitHub/AssetPipeMaster01/APsec1LargeCityBase/Content/Car_DJW/BatmobileTexture_DJW.uasset' has been saved with empty engine version. The asset will be loaded but may be incompatible.
[2018.11.12-17.17.50:771][319]LogLinker: Warning: Asset '../../../../../../Users/tommy/OneDrive/Documents/GitHub/AssetPipeMaster01/APsec1LargeCityBase/Content/Car_DJW/M_MasterWoodBlock_AP_DJW.uasset' has been saved with empty engine version. The asset will be loaded but may be incompatible.
[2018.11.12-17.17.50:773][319]LogLinker: Warning: Asset '../../../../../../Users/tommy/OneDrive/Documents/GitHub/AssetPipeMaster01/APsec1LargeCityBase/Content/Car_DJW/WoodTexture004_DJW.uasset' has been saved with empty engine version. The asset will be loaded but may be incompatible.
[2018.11.12-17.17.50:776][319]LogLinker: Warning: Asset '../../../../../../Users/tommy/OneDrive/Documents/GitHub/AssetPipeMaster01/APsec1LargeCityBase/Content/Car_DJW/WoodTexture004Norm_DJW.uasset' has been saved with empty engine version. The asset will be loaded but may be incompatible.
[2018.11.12-17.17.50:782][319]LogLinker: Warning: Asset '../../../../../../Users/tommy/OneDrive/Documents/GitHub/AssetPipeMaster01/APsec1LargeCityBase/Content/Car_DJW/M_MasterWoodBlock_AP_WHeel_DJW.uasset' has been saved with empty engine version. The asset will be loaded but may be incompatible.
[2018.11.12-17.17.50:901][319]LogLinker: Warning: Asset '../../../../../../Users/tommy/OneDrive/Documents/GitHub/AssetPipeMaster01/APsec1LargeCityBase/Content/Car_DJW/BatmobileProperUnwrapped_pCube3_DJW.uasset' has been saved with empty engine version. The asset will be loaded but may be incompatible.
[2018.11.12-17.17.50:903][319]LogLinker: Warning: Asset '../../../../../../Users/tommy/OneDrive/Documents/GitHub/AssetPipeMaster01/APsec1LargeCityBase/Content/Car_DJW/BatmobileProperUnwrapped_pCylinder8_DJW.uasset' has been saved with empty engine version. The asset will be loaded but may be incompatible.
[2018.11.12-17.17.50:907][319]LogLinker: Warning: Asset '../../../../../../Users/tommy/OneDrive/Documents/GitHub/AssetPipeMaster01/APsec1LargeCityBase/Content/Car_DJW/BatmobileProperUnwrapped_pCylinder9_DJW.uasset' has been saved with empty engine version. The asset will be loaded but may be incompatible.
[2018.11.12-17.17.50:910][319]LogLinker: Warning: Can't find file '/Game/wood/blinn2'
[2018.11.12-17.17.50:911][319]LogLinker: Warning: Can't find file for asset '/Game/wood/blinn2' while loading ../../../../../../Users/tommy/OneDrive/Documents/GitHub/AssetPipeMaster01/APsec1LargeCityBase/Content/Car_XH/wood/car.uasset.
[2018.11.12-17.17.50:911][319]LoadErrors: Error: /Game/Car_XH/wood/car : Can't find file for asset. /Game/wood/blinn2
[2018.11.12-17.17.50:911][319]LogLinker: Warning: Can't find file '/Game/wood/blinn3'
[2018.11.12-17.17.50:911][319]LogLinker: Warning: Can't find file for asset '/Game/wood/blinn3' while loading ../../../../../../Users/tommy/OneDrive/Documents/GitHub/AssetPipeMaster01/APsec1LargeCityBase/Content/Car_XH/wood/car.uasset.
[2018.11.12-17.17.50:911][319]LoadErrors: Error: /Game/Car_XH/wood/car : Can't find file for asset. /Game/wood/blinn3
[2018.11.12-17.17.50:911][319]LogLinker: Warning: Can't find file '/Game/wood/blinn2'
[2018.11.12-17.17.50:911][319]LogLinker: Warning: Can't find file for asset '/Game/wood/blinn2' while loading ../../../../../../Users/tommy/OneDrive/Documents/GitHub/AssetPipeMaster01/APsec1LargeCityBase/Content/Car_XH/wood/car.uasset.
[2018.11.12-17.17.50:912][319]LogLinker: Warning: Can't find file '/Game/wood/blinn3'
[2018.11.12-17.17.50:912][319]LogLinker: Warning: Can't find file for asset '/Game/wood/blinn3' while loading ../../../../../../Users/tommy/OneDrive/Documents/GitHub/AssetPipeMaster01/APsec1LargeCityBase/Content/Car_XH/wood/car.uasset.
[2018.11.12-17.17.50:913][319]LogLinker: Warning: Can't find file '/Game/Carpentieri_Alex/astonFBX'
[2018.11.12-17.17.50:913][319]LogLinker: Warning: Can't find file for asset '/Game/Carpentieri_Alex/astonFBX' while loading ../../../../../../Users/tommy/OneDrive/Documents/GitHub/AssetPipeMaster01/APsec1LargeCityBase/Content/StreetSceneLarge.umap.
[2018.11.12-17.17.50:913][319]LoadErrors: Error: /Game/StreetSceneLarge : Can't find file for asset. /Game/Carpentieri_Alex/astonFBX
[2018.11.12-17.17.51:032][319]LogLinker: Warning: Can't find file '/Game/phong3SG'
[2018.11.12-17.17.51:032][319]LogLinker: Warning: Can't find file for asset '/Game/phong3SG' while loading ../../../../../../Users/tommy/OneDrive/Documents/GitHub/AssetPipeMaster01/APsec1LargeCityBase/Content/Resources_TA/SmartCarUVObj_pCube1.uasset.
[2018.11.12-17.17.51:032][319]LoadErrors: Error: /Game/Resources_TA/SmartCarUVObj_pCube1 : Can't find file for asset. /Game/phong3SG
[2018.11.12-17.17.51:032][319]LogLinker: Warning: Can't find file '/Game/phong3SG'
[2018.11.12-17.17.51:033][319]LogLinker: Warning: Can't find file for asset '/Game/phong3SG' while loading ../../../../../../Users/tommy/OneDrive/Documents/GitHub/AssetPipeMaster01/APsec1LargeCityBase/Content/Resources_TA/SmartCarUVObj_pCube1.uasset.
[2018.11.12-17.17.51:036][319]LogLinker: Warning: Can't find file '/Game/phong1SG'
[2018.11.12-17.17.51:036][319]LogLinker: Warning: Can't find file for asset '/Game/phong1SG' while loading ../../../../../../Users/tommy/OneDrive/Documents/GitHub/AssetPipeMaster01/APsec1LargeCityBase/Content/Resources_TA/SmartCarUVObj_pCylinder10.uasset.
[2018.11.12-17.17.51:036][319]LoadErrors: Error: /Game/Resources_TA/SmartCarUVObj_pCylinder10 : Can't find file for asset. /Game/phong1SG
[2018.11.12-17.17.51:036][319]LogLinker: Warning: Can't find file '/Game/phong1SG'
[2018.11.12-17.17.51:037][319]LogLinker: Warning: Can't find file for asset '/Game/phong1SG' while loading ../../../../../../Users/tommy/OneDrive/Documents/GitHub/AssetPipeMaster01/APsec1LargeCityBase/Content/Resources_TA/SmartCarUVObj_pCylinder10.uasset.
[2018.11.12-17.17.51:039][319]LogLinker: Warning: Can't find file '/Game/phong2SG'
[2018.11.12-17.17.51:039][319]LogLinker: Warning: Can't find file for asset '/Game/phong2SG' while loading ../../../../../../Users/tommy/OneDrive/Documents/GitHub/AssetPipeMaster01/APsec1LargeCityBase/Content/Resources_TA/SmartCarUVObj_pCylinder8.uasset.
[2018.11.12-17.17.51:039][319]LoadErrors: Error: /Game/Resources_TA/SmartCarUVObj_pCylinder8 : Can't find file for asset. /Game/phong2SG
[2018.11.12-17.17.51:039][319]LogLinker: Warning: Can't find file '/Game/phong2SG'
[2018.11.12-17.17.51:039][319]LogLinker: Warning: Can't find file for asset '/Game/phong2SG' while loading ../../../../../../Users/tommy/OneDrive/Documents/GitHub/AssetPipeMaster01/APsec1LargeCityBase/Content/Resources_TA/SmartCarUVObj_pCylinder8.uasset.
[2018.11.12-17.17.51:155][319]LogLinker: Warning: Can't find file '/Game/Carpentieri_Alex/astonFBX'
[2018.11.12-17.17.51:155][319]LogLinker: Warning: Can't find file for asset '/Game/Carpentieri_Alex/astonFBX' while loading ../../../../../../Users/tommy/OneDrive/Documents/GitHub/AssetPipeMaster01/APsec1LargeCityBase/Content/StreetSceneLarge.umap.
[2018.11.12-17.17.52:168][319]LogLinker: Warning: Can't find file '/Game/phong2SG'
[2018.11.12-17.17.52:168][319]LoadErrors: Failed to load /Game/phong2SG.phong2SG Referenced by SmartCarUVObj_pCylinder8
[2018.11.12-17.17.52:168][319]LogLinker: Warning: Can't find file for asset '/Game/phong2SG' while loading NULL.
[2018.11.12-17.17.52:169][319]LogLinker: Warning: Can't find file '/Game/phong2SG'
[2018.11.12-17.17.52:169][319]LogLinker: Warning: Can't find file for asset '/Game/phong2SG' while loading NULL.
[2018.11.12-17.17.52:170][319]LogLinker: Warning: Can't find file '/Game/phong1SG'
[2018.11.12-17.17.52:170][319]LoadErrors: Failed to load /Game/phong1SG.phong1SG Referenced by SmartCarUVObj_pCylinder10
[2018.11.12-17.17.52:170][319]LogLinker: Warning: Can't find file for asset '/Game/phong1SG' while loading NULL.
[2018.11.12-17.17.52:170][319]LogLinker: Warning: Can't find file '/Game/phong1SG'
[2018.11.12-17.17.52:171][319]LogLinker: Warning: Can't find file for asset '/Game/phong1SG' while loading NULL.
[2018.11.12-17.17.52:171][319]LogLinker: Warning: Can't find file '/Game/phong3SG'
[2018.11.12-17.17.52:172][319]LoadErrors: Failed to load /Game/phong3SG.phong3SG Referenced by SmartCarUVObj_pCube1
[2018.11.12-17.17.52:172][319]LogLinker: Warning: Can't find file for asset '/Game/phong3SG' while loading NULL.
[2018.11.12-17.17.52:172][319]LogLinker: Warning: Can't find file '/Game/phong3SG'
[2018.11.12-17.17.52:173][319]LogLinker: Warning: Can't find file for asset '/Game/phong3SG' while loading NULL.
[2018.11.12-17.17.52:199][319]LogLinker: Warning: Can't find file '/Game/wood/blinn2'
[2018.11.12-17.17.52:199][319]LoadErrors: Failed to load /Game/wood/blinn2.blinn2 Referenced by car
[2018.11.12-17.17.52:199][319]LogLinker: Warning: Can't find file for asset '/Game/wood/blinn2' while loading NULL.
[2018.11.12-17.17.52:200][319]LogLinker: Warning: Can't find file '/Game/wood/blinn3'
[2018.11.12-17.17.52:200][319]LoadErrors: Failed to load /Game/wood/blinn3.blinn3 Referenced by car
[2018.11.12-17.17.52:200][319]LogLinker: Warning: Can't find file for asset '/Game/wood/blinn3' while loading NULL.
[2018.11.12-17.17.52:200][319]LogLinker: Warning: Can't find file '/Game/wood/blinn2'
[2018.11.12-17.17.52:200][319]LogLinker: Warning: Can't find file for asset '/Game/wood/blinn2' while loading NULL.
[2018.11.12-17.17.52:200][319]LogLinker: Warning: Can't find file '/Game/wood/blinn3'
[2018.11.12-17.17.52:201][319]LogLinker: Warning: Can't find file for asset '/Game/wood/blinn3' while loading NULL.
[2018.11.12-17.17.52:280][319]LogLinker: Warning: Can't find file '/Game/Carpentieri_Alex/astonFBX'
[2018.11.12-17.17.52:280][319]LoadErrors: Failed to load /Game/Carpentieri_Alex/astonFBX.astonFBX Referenced by astonFBX2_411
[2018.11.12-17.17.52:281][319]LogLinker: Warning: Can't find file for asset '/Game/Carpentieri_Alex/astonFBX' while loading NULL.
[2018.11.12-17.17.52:281][319]LogLinker: Warning: Can't find file '/Game/Carpentieri_Alex/astonFBX'
[2018.11.12-17.17.52:281][319]LoadErrors: Failed to load /Game/Carpentieri_Alex/astonFBX.astonFBX Referenced by astonFBX_2
[2018.11.12-17.17.52:281][319]LogLinker: Warning: Can't find file for asset '/Game/Carpentieri_Alex/astonFBX' while loading NULL.
[2018.11.12-17.17.52:502][319]LogMaterial: Display: Missing cached shader map for material lambert11SG, compiling. 
[2018.11.12-17.17.52:601][319]LogShaderCompilers: Display: Shaders left to compile 22
[2018.11.12-17.17.52:601][319]LogShaderCompilers: Display: Shaders left to compile 12
[2018.11.12-17.17.52:601][319]LogShaderCompilers: Display: Shaders left to compile 2
[2018.11.12-17.17.52:815][319]LogMaterial: Display: Missing cached shader map for material axelcolor1, compiling. 
[2018.11.12-17.17.52:848][319]LogMaterial: Display: Missing cached shader map for material lambert2SG, compiling. 
[2018.11.12-17.17.53:034][319]LogAIModule: Creating AISystem for world StreetSceneLarge
[2018.11.12-17.17.53:176][319]LogAssetEditorManager: Opening Asset editor for World /Game/StreetSceneLarge.StreetSceneLarge
[2018.11.12-17.17.53:248][319]Cmd: MAP LOAD FILE="../../../../../../Users/tommy/OneDrive/Documents/GitHub/AssetPipeMaster01/APsec1LargeCityBase/Content/StreetSceneLarge.umap" TEMPLATE=0 SHOWPROGRESS=1 FEATURELEVEL=3
[2018.11.12-17.17.53:248][319]LightingResults: New page: Lighting Build
[2018.11.12-17.17.53:249][319]LoadErrors: New page: Loading map: StreetSceneLarge.umap
[2018.11.12-17.17.53:252][319]MapCheck: New page: Map Check
[2018.11.12-17.17.53:252][319]LightingResults: New page: Lighting Build
[2018.11.12-17.17.53:512][319]LogEditorServer: Finished looking for orphan Actors (0.001 secs)
[2018.11.12-17.17.53:647][319]Cmd: MAP CHECKDEP NOCLEARLOG
[2018.11.12-17.17.53:899][319]MapCheck: Map check complete: 0 Error(s), 0 Warning(s), took 251.507ms to complete.
[2018.11.12-17.17.53:901][319]LogFileHelpers: Loading map 'StreetSceneLarge' took 0.655
[2018.11.12-17.18.13:326][507]LogEditorViewport: Clicking on Actor (LMB): StaticMeshActor (streetBlockBase127)
[2018.11.12-17.18.14:424][520]Cmd: CAMERA ALIGN ACTIVEVIEWPORTONLY
[2018.11.12-17.18.20:531][617]LogSlate: FSceneViewport::OnFocusLost() reason 0
[2018.11.12-17.18.51:268][ 45]LogLinker: Warning: Can't find file '/Game/woodBlocksContent/M_BarkNormal'
[2018.11.12-17.18.51:269][ 45]LogLinker: Warning: Can't find file for asset '/Game/woodBlocksContent/M_BarkNormal' while loading ../../../../../../Users/tommy/OneDrive/Documents/GitHub/AssetPipeMaster01/APsec1LargeCityBase/Content/Resources_TA/woodBlocksContent/hangingBrickTAdyREDO.uasset.
[2018.11.12-17.18.51:269][ 45]LoadErrors: Error: /Game/Resources_TA/woodBlocksContent/hangingBrickTAdyREDO : Can't find file for asset. /Game/woodBlocksContent/M_BarkNormal
[2018.11.12-17.18.51:269][ 45]LogLinker: Warning: Can't find file '/Game/woodBlocksContent/M_BarkNormal'
[2018.11.12-17.18.51:269][ 45]LogLinker: Warning: Can't find file for asset '/Game/woodBlocksContent/M_BarkNormal' while loading ../../../../../../Users/tommy/OneDrive/Documents/GitHub/AssetPipeMaster01/APsec1LargeCityBase/Content/Resources_TA/woodBlocksContent/hangingBrickTAdyREDO.uasset.
[2018.11.12-17.18.51:271][ 45]LogLinker: Warning: Can't find file '/Game/woodBlocksContent/M_BarkNormal'
[2018.11.12-17.18.51:271][ 45]LoadErrors: Failed to load /Game/woodBlocksContent/M_BarkNormal.M_BarkNormal Referenced by hangingBrickTAdyREDO
[2018.11.12-17.18.51:271][ 45]LogLinker: Warning: Can't find file for asset '/Game/woodBlocksContent/M_BarkNormal' while loading NULL.
[2018.11.12-17.18.51:272][ 45]LogLinker: Warning: Can't find file '/Game/woodBlocksContent/M_BarkNormal'
[2018.11.12-17.18.51:272][ 45]LogLinker: Warning: Can't find file for asset '/Game/woodBlocksContent/M_BarkNormal' while loading NULL.
[2018.11.12-17.18.51:513][ 53]LogActorFactory: Actor Factory created hangingBrickTAdyREDO
[2018.11.12-17.18.54:549][ 98]LogActorFactory: Actor Factory created hangingBrickTAdyREDO
[2018.11.12-17.18.56:721][126]LogSlate: FSceneViewport::OnFocusLost() reason 0
[2018.11.12-17.19.34:460][615]LogSlate: FSceneViewport::OnFocusLost() reason 0
[2018.11.12-17.19.34:713][621]LogLinker: Warning: Can't find file '/Game/woodBlocksContent/M_WoodBlock001'
[2018.11.12-17.19.34:715][621]LogLinker: Warning: Can't find file for asset '/Game/woodBlocksContent/M_WoodBlock001' while loading ../../../../../../Users/tommy/OneDrive/Documents/GitHub/AssetPipeMaster01/APsec1LargeCityBase/Content/Resources_TA/woodBlocksContent/halfSphereTAdy.uasset.
[2018.11.12-17.19.34:715][621]LoadErrors: Error: /Game/Resources_TA/woodBlocksContent/halfSphereTAdy : Can't find file for asset. /Game/woodBlocksContent/M_WoodBlock001
[2018.11.12-17.19.34:715][621]LogLinker: Warning: Can't find file '/Game/woodBlocksContent/M_WoodBlock001'
[2018.11.12-17.19.34:716][621]LogLinker: Warning: Can't find file for asset '/Game/woodBlocksContent/M_WoodBlock001' while loading ../../../../../../Users/tommy/OneDrive/Documents/GitHub/AssetPipeMaster01/APsec1LargeCityBase/Content/Resources_TA/woodBlocksContent/halfSphereTAdy.uasset.
[2018.11.12-17.19.34:718][621]LogLinker: Warning: Can't find file '/Game/woodBlocksContent/M_WoodBlock001'
[2018.11.12-17.19.34:718][621]LoadErrors: Failed to load /Game/woodBlocksContent/M_WoodBlock001.M_WoodBlock001 Referenced by halfSphereTAdy
[2018.11.12-17.19.34:718][621]LogLinker: Warning: Can't find file for asset '/Game/woodBlocksContent/M_WoodBlock001' while loading NULL.
[2018.11.12-17.19.34:719][621]LogLinker: Warning: Can't find file '/Game/woodBlocksContent/M_WoodBlock001'
[2018.11.12-17.19.34:719][621]LogLinker: Warning: Can't find file for asset '/Game/woodBlocksContent/M_WoodBlock001' while loading NULL.
[2018.11.12-17.19.34:850][624]LogActorFactory: Actor Factory created halfSphereTAdy
[2018.11.12-17.19.36:932][656]LogActorFactory: Actor Factory created halfSphereTAdy
[2018.11.12-17.19.38:504][677]LogSlate: FSceneViewport::OnFocusLost() reason 0
[2018.11.12-17.19.48:796][814]Cmd: CAMERA ALIGN ACTIVEVIEWPORTONLY
[2018.11.12-17.19.55:480][901]LogSlate: FSceneViewport::OnFocusLost() reason 0
[2018.11.12-17.19.55:672][906]LogLinker: Warning: Can't find file '/Game/woodBlocksContent/M_BarkBurned'
[2018.11.12-17.19.55:672][906]LogLinker: Warning: Can't find file for asset '/Game/woodBlocksContent/M_BarkBurned' while loading ../../../../../../Users/tommy/OneDrive/Documents/GitHub/AssetPipeMaster01/APsec1LargeCityBase/Content/Resources_TA/woodBlocksContent/tubeTAdy.uasset.
[2018.11.12-17.19.55:672][906]LoadErrors: Error: /Game/Resources_TA/woodBlocksContent/tubeTAdy : Can't find file for asset. /Game/woodBlocksContent/M_BarkBurned
[2018.11.12-17.19.55:674][906]LogLinker: Warning: Can't find file '/Game/woodBlocksContent/M_BarkBurned'
[2018.11.12-17.19.55:675][906]LogLinker: Warning: Can't find file for asset '/Game/woodBlocksContent/M_BarkBurned' while loading ../../../../../../Users/tommy/OneDrive/Documents/GitHub/AssetPipeMaster01/APsec1LargeCityBase/Content/Resources_TA/woodBlocksContent/tubeTAdy.uasset.
[2018.11.12-17.19.55:677][906]LogLinker: Warning: Can't find file '/Game/woodBlocksContent/M_BarkBurned'
[2018.11.12-17.19.55:677][906]LoadErrors: Failed to load /Game/woodBlocksContent/M_BarkBurned.M_BarkBurned Referenced by tubeTAdy
[2018.11.12-17.19.55:677][906]LogLinker: Warning: Can't find file for asset '/Game/woodBlocksContent/M_BarkBurned' while loading NULL.
[2018.11.12-17.19.55:678][906]LogLinker: Warning: Can't find file '/Game/woodBlocksContent/M_BarkBurned'
[2018.11.12-17.19.55:678][906]LogLinker: Warning: Can't find file for asset '/Game/woodBlocksContent/M_BarkBurned' while loading NULL.
[2018.11.12-17.19.55:735][906]LogActorFactory: Actor Factory created tubeTAdy
[2018.11.12-17.19.57:212][929]LogActorFactory: Actor Factory created tubeTAdy
[2018.11.12-17.19.59:197][954]LogSlate: FSceneViewport::OnFocusLost() reason 0
[2018.11.12-17.20.11:170][120]LogSlate: FSceneViewport::OnFocusLost() reason 0
[2018.11.12-17.20.17:949][247]LogShaderCompilers: Display: Shaders left to compile 44
[2018.11.12-17.20.22:818][247]LogShaderCompilers: Display: Shaders left to compile 34
[2018.11.12-17.20.27:710][250]LogShaderCompilers: Display: Shaders left to compile 24
[2018.11.12-17.20.28:794][250]LogShaderCompilers: Display: Shaders left to compile 14
[2018.11.12-17.20.42:538][768]LogLinker: Warning: Can't find file '/Game/woodBlocksContent/black'
[2018.11.12-17.20.42:539][768]LogLinker: Warning: Can't find file for asset '/Game/woodBlocksContent/black' while loading ../../../../../../Users/tommy/OneDrive/Documents/GitHub/AssetPipeMaster01/APsec1LargeCityBase/Content/Resources_TA/woodBlocksContent/M_BarkBurned.uasset.
[2018.11.12-17.20.42:539][768]LoadErrors: Error: /Game/Resources_TA/woodBlocksContent/M_BarkBurned : Can't find file for asset. /Game/woodBlocksContent/black
[2018.11.12-17.20.42:539][768]LogLinker: Warning: Can't find file '/Game/woodBlocksContent/burnMark'
[2018.11.12-17.20.42:540][768]LogLinker: Warning: Can't find file for asset '/Game/woodBlocksContent/burnMark' while loading ../../../../../../Users/tommy/OneDrive/Documents/GitHub/AssetPipeMaster01/APsec1LargeCityBase/Content/Resources_TA/woodBlocksContent/M_BarkBurned.uasset.
[2018.11.12-17.20.42:540][768]LoadErrors: Error: /Game/Resources_TA/woodBlocksContent/M_BarkBurned : Can't find file for asset. /Game/woodBlocksContent/burnMark
[2018.11.12-17.20.42:541][768]LogLinker: Warning: Can't find file '/Game/woodBlocksContent/woodBark'
[2018.11.12-17.20.42:541][768]LogLinker: Warning: Can't find file for asset '/Game/woodBlocksContent/woodBark' while loading ../../../../../../Users/tommy/OneDrive/Documents/GitHub/AssetPipeMaster01/APsec1LargeCityBase/Content/Resources_TA/woodBlocksContent/M_BarkBurned.uasset.
[2018.11.12-17.20.42:541][768]LoadErrors: Error: /Game/Resources_TA/woodBlocksContent/M_BarkBurned : Can't find file for asset. /Game/woodBlocksContent/woodBark
[2018.11.12-17.20.42:542][768]LogLinker: Warning: Can't find file '/Game/woodBlocksContent/black'
[2018.11.12-17.20.42:542][768]LogLinker: Warning: Can't find file for asset '/Game/woodBlocksContent/black' while loading ../../../../../../Users/tommy/OneDrive/Documents/GitHub/AssetPipeMaster01/APsec1LargeCityBase/Content/Resources_TA/woodBlocksContent/M_BarkBurned.uasset.
[2018.11.12-17.20.42:542][768]LogLinker: Warning: Can't find file '/Game/woodBlocksContent/burnMark'
[2018.11.12-17.20.42:542][768]LogLinker: Warning: Can't find file for asset '/Game/woodBlocksContent/burnMark' while loading ../../../../../../Users/tommy/OneDrive/Documents/GitHub/AssetPipeMaster01/APsec1LargeCityBase/Content/Resources_TA/woodBlocksContent/M_BarkBurned.uasset.
[2018.11.12-17.20.42:543][768]LogLinker: Warning: Can't find file '/Game/woodBlocksContent/woodBark'
[2018.11.12-17.20.42:543][768]LogLinker: Warning: Can't find file for asset '/Game/woodBlocksContent/woodBark' while loading ../../../../../../Users/tommy/OneDrive/Documents/GitHub/AssetPipeMaster01/APsec1LargeCityBase/Content/Resources_TA/woodBlocksContent/M_BarkBurned.uasset.
[2018.11.12-17.20.42:544][768]LogLinker: Warning: Can't find file '/Game/woodBlocksContent/burnMark'
[2018.11.12-17.20.42:544][768]LoadErrors: Failed to load /Game/woodBlocksContent/burnMark.burnMark Referenced by M_BarkBurned
[2018.11.12-17.20.42:544][768]LogLinker: Warning: Can't find file for asset '/Game/woodBlocksContent/burnMark' while loading NULL.
[2018.11.12-17.20.42:545][768]LogLinker: Warning: Can't find file '/Game/woodBlocksContent/black'
[2018.11.12-17.20.42:545][768]LoadErrors: Failed to load /Game/woodBlocksContent/black.black Referenced by M_BarkBurned
[2018.11.12-17.20.42:545][768]LogLinker: Warning: Can't find file for asset '/Game/woodBlocksContent/black' while loading NULL.
[2018.11.12-17.20.42:545][768]LogLinker: Warning: Can't find file '/Game/woodBlocksContent/woodBark'
[2018.11.12-17.20.42:545][768]LoadErrors: Failed to load /Game/woodBlocksContent/woodBark.woodBark Referenced by M_BarkBurned
[2018.11.12-17.20.42:546][768]LogLinker: Warning: Can't find file for asset '/Game/woodBlocksContent/woodBark' while loading NULL.
[2018.11.12-17.20.44:201][791]LogEditorViewport: Clicking on Actor (LMB): StaticMeshActor (halfSphereTAdy)
[2018.11.12-17.20.48:003][840]LogSlate: FSceneViewport::OnFocusLost() reason 0
[2018.11.12-17.20.57:300][977]LogShaderCompilers: Display: Shaders left to compile 4
[2018.11.12-17.21.23:107][223]LogLinker: Warning: Can't find file '/Game/woodBlocksContent/wood'
[2018.11.12-17.21.23:107][223]LogLinker: Warning: Can't find file for asset '/Game/woodBlocksContent/wood' while loading ../../../../../../Users/tommy/OneDrive/Documents/GitHub/AssetPipeMaster01/APsec1LargeCityBase/Content/Resources_TA/woodBlocksContent/M_WoodBlock001.uasset.
[2018.11.12-17.21.23:108][223]LoadErrors: Error: /Game/Resources_TA/woodBlocksContent/M_WoodBlock001 : Can't find file for asset. /Game/woodBlocksContent/wood
[2018.11.12-17.21.23:108][223]LogLinker: Warning: Can't find file '/Game/woodBlocksContent/woodNormalMap'
[2018.11.12-17.21.23:108][223]LogLinker: Warning: Can't find file for asset '/Game/woodBlocksContent/woodNormalMap' while loading ../../../../../../Users/tommy/OneDrive/Documents/GitHub/AssetPipeMaster01/APsec1LargeCityBase/Content/Resources_TA/woodBlocksContent/M_WoodBlock001.uasset.
[2018.11.12-17.21.23:108][223]LoadErrors: Error: /Game/Resources_TA/woodBlocksContent/M_WoodBlock001 : Can't find file for asset. /Game/woodBlocksContent/woodNormalMap
[2018.11.12-17.21.23:109][223]LogLinker: Warning: Can't find file '/Game/woodBlocksContent/wood'
[2018.11.12-17.21.23:109][223]LogLinker: Warning: Can't find file for asset '/Game/woodBlocksContent/wood' while loading ../../../../../../Users/tommy/OneDrive/Documents/GitHub/AssetPipeMaster01/APsec1LargeCityBase/Content/Resources_TA/woodBlocksContent/M_WoodBlock001.uasset.
[2018.11.12-17.21.23:109][223]LogLinker: Warning: Can't find file '/Game/woodBlocksContent/woodNormalMap'
[2018.11.12-17.21.23:110][223]LogLinker: Warning: Can't find file for asset '/Game/woodBlocksContent/woodNormalMap' while loading ../../../../../../Users/tommy/OneDrive/Documents/GitHub/AssetPipeMaster01/APsec1LargeCityBase/Content/Resources_TA/woodBlocksContent/M_WoodBlock001.uasset.
[2018.11.12-17.21.23:111][223]LogLinker: Warning: Can't find file '/Game/woodBlocksContent/woodNormalMap'
[2018.11.12-17.21.23:111][223]LoadErrors: Failed to load /Game/woodBlocksContent/woodNormalMap.woodNormalMap Referenced by M_WoodBlock001
[2018.11.12-17.21.23:111][223]LogLinker: Warning: Can't find file for asset '/Game/woodBlocksContent/woodNormalMap' while loading NULL.
[2018.11.12-17.21.23:112][223]LogLinker: Warning: Can't find file '/Game/woodBlocksContent/wood'
[2018.11.12-17.21.23:113][223]LoadErrors: Failed to load /Game/woodBlocksContent/wood.wood Referenced by M_WoodBlock001
[2018.11.12-17.21.23:113][223]LogLinker: Warning: Can't find file for asset '/Game/woodBlocksContent/wood' while loading NULL.
[2018.11.12-17.21.25:590][260]LogEditorViewport: Clicking on Actor (LMB): StaticMeshActor (hangingBrickTAdyREDO)
[2018.11.12-17.21.27:522][284]LogSlate: FSceneViewport::OnFocusLost() reason 2
[2018.11.12-17.21.34:014][579]LogLinker: Warning: Can't find file '/Game/woodBlocksContent/woodBark'
[2018.11.12-17.21.34:015][579]LogLinker: Warning: Can't find file for asset '/Game/woodBlocksContent/woodBark' while loading ../../../../../../Users/tommy/OneDrive/Documents/GitHub/AssetPipeMaster01/APsec1LargeCityBase/Content/Resources_TA/woodBlocksContent/M_BarkNormal.uasset.
[2018.11.12-17.21.34:015][579]LoadErrors: Error: /Game/Resources_TA/woodBlocksContent/M_BarkNormal : Can't find file for asset. /Game/woodBlocksContent/woodBark
[2018.11.12-17.21.34:015][579]LogLinker: Warning: Can't find file '/Game/woodBlocksContent/WoodTexture004Norm'
[2018.11.12-17.21.34:016][579]LogLinker: Warning: Can't find file for asset '/Game/woodBlocksContent/WoodTexture004Norm' while loading ../../../../../../Users/tommy/OneDrive/Documents/GitHub/AssetPipeMaster01/APsec1LargeCityBase/Content/Resources_TA/woodBlocksContent/M_BarkNormal.uasset.
[2018.11.12-17.21.34:016][579]LoadErrors: Error: /Game/Resources_TA/woodBlocksContent/M_BarkNormal : Can't find file for asset. /Game/woodBlocksContent/WoodTexture004Norm
[2018.11.12-17.21.34:016][579]LogLinker: Warning: Can't find file '/Game/woodBlocksContent/woodBark'
[2018.11.12-17.21.34:016][579]LogLinker: Warning: Can't find file for asset '/Game/woodBlocksContent/woodBark' while loading ../../../../../../Users/tommy/OneDrive/Documents/GitHub/AssetPipeMaster01/APsec1LargeCityBase/Content/Resources_TA/woodBlocksContent/M_BarkNormal.uasset.
[2018.11.12-17.21.34:017][579]LogLinker: Warning: Can't find file '/Game/woodBlocksContent/WoodTexture004Norm'
[2018.11.12-17.21.34:017][579]LogLinker: Warning: Can't find file for asset '/Game/woodBlocksContent/WoodTexture004Norm' while loading ../../../../../../Users/tommy/OneDrive/Documents/GitHub/AssetPipeMaster01/APsec1LargeCityBase/Content/Resources_TA/woodBlocksContent/M_BarkNormal.uasset.
[2018.11.12-17.21.34:019][579]LogLinker: Warning: Can't find file '/Game/woodBlocksContent/WoodTexture004Norm'
[2018.11.12-17.21.34:019][579]LoadErrors: Failed to load /Game/woodBlocksContent/WoodTexture004Norm.WoodTexture004Norm Referenced by M_BarkNormal
[2018.11.12-17.21.34:019][579]LogLinker: Warning: Can't find file for asset '/Game/woodBlocksContent/WoodTexture004Norm' while loading NULL.
[2018.11.12-17.21.34:020][579]LogLinker: Warning: Can't find file '/Game/woodBlocksContent/woodBark'
[2018.11.12-17.21.34:020][579]LoadErrors: Failed to load /Game/woodBlocksContent/woodBark.woodBark Referenced by M_BarkNormal
[2018.11.12-17.21.34:020][579]LogLinker: Warning: Can't find file for asset '/Game/woodBlocksContent/woodBark' while loading NULL.
[2018.11.12-17.21.38:891][656]LogEditorViewport: Clicking on Actor (LMB): StaticMeshActor (streetBlockBase114)
[2018.11.12-17.21.40:666][677]LogEditorViewport: Clicking on Actor (LMB): StaticMeshActor (hangingBrickTAdyREDO)
[2018.11.12-17.21.41:789][693]LogEditorViewport: Clicking on Actor (LMB): StaticMeshActor (halfSphereTAdy)
[2018.11.12-17.21.48:297][794]Cmd: CAMERA ALIGN ACTIVEVIEWPORTONLY
[2018.11.12-17.21.53:472][844]LogSlate: FSceneViewport::OnFocusLost() reason 0
[2018.11.12-17.21.53:651][845]LogAssetEditorManager: Opening Asset editor for MaterialInstanceConstant /Game/Resources_TA/woodBlocksContent/M_BarkBurned.M_BarkBurned
[2018.11.12-17.21.56:617][866]LogRenderer: Reallocating scene render targets to support 888x604 Format 10 NumSamples 1 (Frame:3).
[2018.11.12-17.22.34:360][739]LogTexture: Display: Building textures: woodBark (AutoDXT, 1024X1024)
[2018.11.12-17.23.01:687][206]LogMaterial: Display: Missing cached shader map for material FDebugViewModeMaterialProxy M_BarkBurned, compiling. 
[2018.11.12-17.23.02:435][206]LogShaderCompilers: Display: Shaders left to compile 1
[2018.11.12-17.23.02:437][206]TextureStreamingBuild: Display: Compiling optional shaders took 0.760 seconds.
[2018.11.12-17.23.02:576][206]LogSavePackage: Moving '../../../../../../Users/tommy/OneDrive/Documents/GitHub/AssetPipeMaster01/APsec1LargeCityBase/Saved/M_BarkBurned56FB566542F52EE37597E4944E87849D.tmp' to '../../../../../../Users/tommy/OneDrive/Documents/GitHub/AssetPipeMaster01/APsec1LargeCityBase/Content/Resources_TA/woodBlocksContent/M_BarkBurned.uasset'
[2018.11.12-17.23.04:755][232]LogSlate: FSceneViewport::OnFocusLost() reason 0
[2018.11.12-17.23.04:839][233]LogSlate: Window 'M_BarkBurned' being destroyed
[2018.11.12-17.23.09:089][284]LogEditorViewport: Clicking on Actor (LMB): StaticMeshActor (halfSphereTAdy)
[2018.11.12-17.23.10:929][302]LogSlate: FSceneViewport::OnFocusLost() reason 0
[2018.11.12-17.23.14:924][384]LogAssetEditorManager: Opening Asset editor for MaterialInstanceConstant /Game/Resources_TA/woodBlocksContent/M_WoodBlock001.M_WoodBlock001
[2018.11.12-17.24.02:224][869]LogSlate: FSceneViewport::OnFocusLost() reason 0
[2018.11.12-17.24.35:802][637]LogSlate: Window 'Color Picker' being destroyed
[2018.11.12-17.24.43:267][716]LogSlate: FSceneViewport::OnFocusLost() reason 0
[2018.11.12-17.24.57:122][978]LogSlate: Window 'Color Picker' being destroyed
[2018.11.12-17.25.03:778][ 82]LogMaterial: Display: Missing cached shader map for material FDebugViewModeMaterialProxy M_WoodBlock001, compiling. 
[2018.11.12-17.25.04:948][ 82]LogShaderCompilers: Display: Shaders left to compile 1
[2018.11.12-17.25.04:951][ 82]TextureStreamingBuild: Display: Compiling optional shaders took 1.179 seconds.
[2018.11.12-17.25.05:059][ 82]LogSavePackage: Moving '../../../../../../Users/tommy/OneDrive/Documents/GitHub/AssetPipeMaster01/APsec1LargeCityBase/Saved/M_WoodBlock001D7308AF247FB7F8F89BB39BCCE7D6AEA.tmp' to '../../../../../../Users/tommy/OneDrive/Documents/GitHub/AssetPipeMaster01/APsec1LargeCityBase/Content/Resources_TA/woodBlocksContent/M_WoodBlock001.uasset'
[2018.11.12-17.25.09:153][127]LogSlate: FSceneViewport::OnFocusLost() reason 0
[2018.11.12-17.25.20:951][347]LogMaterial: Display: Missing cached shader map for material FDebugViewModeMaterialProxy M_WoodBlock001, compiling. 
[2018.11.12-17.25.21:585][347]LogShaderCompilers: Display: Shaders left to compile 1
[2018.11.12-17.25.21:587][347]TextureStreamingBuild: Display: Compiling optional shaders took 0.645 seconds.
[2018.11.12-17.25.21:694][347]LogSavePackage: Moving '../../../../../../Users/tommy/OneDrive/Documents/GitHub/AssetPipeMaster01/APsec1LargeCityBase/Saved/M_WoodBlock001C27E9AF74A590FAA28C1ECA05621532B.tmp' to '../../../../../../Users/tommy/OneDrive/Documents/GitHub/AssetPipeMaster01/APsec1LargeCityBase/Content/Resources_TA/woodBlocksContent/M_WoodBlock001.uasset'
[2018.11.12-17.25.22:628][359]LogSlate: FSceneViewport::OnFocusLost() reason 0
[2018.11.12-17.25.22:711][360]LogSlate: Window 'M_WoodBlock001' being destroyed
[2018.11.12-17.25.30:127][428]LogEditorViewport: Clicking on Actor (LMB): StaticMeshActor (hangingBrickTAdyREDO)
[2018.11.12-17.25.33:424][444]LogSlate: FSceneViewport::OnFocusLost() reason 0
[2018.11.12-17.25.33:921][452]LogAssetEditorManager: Opening Asset editor for MaterialInstanceConstant /Game/Resources_TA/woodBlocksContent/M_BarkNormal.M_BarkNormal
[2018.11.12-17.26.15:672][286]LogSlate: Window 'Color Picker' being destroyed
[2018.11.12-17.26.24:450][369]LogMaterial: Display: Missing cached shader map for material FDebugViewModeMaterialProxy M_BarkNormal, compiling. 
[2018.11.12-17.26.25:336][369]LogShaderCompilers: Display: Shaders left to compile 1
[2018.11.12-17.26.25:338][369]TextureStreamingBuild: Display: Compiling optional shaders took 0.891 seconds.
[2018.11.12-17.26.25:466][369]LogSavePackage: Moving '../../../../../../Users/tommy/OneDrive/Documents/GitHub/AssetPipeMaster01/APsec1LargeCityBase/Saved/M_BarkNormal687A87444E64F98D9BDA319166F19FF9.tmp' to '../../../../../../Users/tommy/OneDrive/Documents/GitHub/AssetPipeMaster01/APsec1LargeCityBase/Content/Resources_TA/woodBlocksContent/M_BarkNormal.uasset'
[2018.11.12-17.26.27:009][379]LogSlate: FSceneViewport::OnFocusLost() reason 0
[2018.11.12-17.26.27:210][380]LogSlate: Window 'M_BarkNormal' being destroyed
[2018.11.12-17.26.35:984][428]LogSlate: FSceneViewport::OnFocusLost() reason 2
[2018.11.12-17.26.37:399][502]LogSlate: FSceneViewport::OnFocusLost() reason 2
[2018.11.12-17.26.43:402][502]LogSavePackage: Moving '../../../../../../Users/tommy/OneDrive/Documents/GitHub/AssetPipeMaster01/APsec1LargeCityBase/Saved/StreetSceneLargeA435EC6649DBC4698F83408F3B82AA44.tmp' to '../../../../../../Users/tommy/OneDrive/Documents/GitHub/AssetPipeMaster01/APsec1LargeCityBase/Content/StreetSceneLarge.umap'
[2018.11.12-17.26.43:447][502]LogFileHelpers: Saving map 'StreetSceneLarge' took 6.035
[2018.11.12-17.26.47:011][524]LogSlate: FSceneViewport::OnFocusLost() reason 0
[2018.11.12-17.26.47:372][525]LogSlate: Window 'APsec1LargeCityBase - Unreal Editor' being destroyed
[2018.11.12-17.26.47:374][525]LogWindowsTextInputMethodSystem: Display: IME system now deactivated.
[2018.11.12-17.26.47:634][526]Cmd: QUIT_EDITOR
[2018.11.12-17.26.47:697][526]LogExit: Preparing to exit.
[2018.11.12-17.26.48:494][526]LogExit: Editor shut down
[2018.11.12-17.26.48:495][526]LogExit: Transaction tracking system shut down
[2018.11.12-17.26.49:255][526]LogExit: Object subsystem successfully closed.
[2018.11.12-17.26.49:280][526]LogShaderCompilers: Display: Shaders left to compile 0
[2018.11.12-17.26.49:287][526]LogD3D11RHI: Shutdown
[2018.11.12-17.26.49:287][526]LogD3D11RHI: CleanupD3DDevice
[2018.11.12-17.26.49:362][526]LogD3D11RHI: ~FD3D11DynamicRHI
[2018.11.12-17.26.49:402][526]LogModuleManager: Shutting down and abandoning module HierarchicalLODOutliner (612)
[2018.11.12-17.26.49:402][526]LogModuleManager: Shutting down and abandoning module SceneOutliner (610)
[2018.11.12-17.26.49:402][526]LogModuleManager: Shutting down and abandoning module AddContentDialog (608)
[2018.11.12-17.26.49:402][526]LogModuleManager: Shutting down and abandoning module WidgetCarousel (607)
[2018.11.12-17.26.49:402][526]LogModuleManager: Shutting down and abandoning module EditorWidgets (604)
[2018.11.12-17.26.49:402][526]LogModuleManager: Shutting down and abandoning module CollectionManager (602)
[2018.11.12-17.26.49:402][526]LogModuleManager: Shutting down and abandoning module HierarchicalLODUtilities (600)
[2018.11.12-17.26.49:402][526]LogModuleManager: Shutting down and abandoning module StatsViewer (598)
[2018.11.12-17.26.49:402][526]LogModuleManager: Shutting down and abandoning module FoliageEdit (596)
[2018.11.12-17.26.49:402][526]LogModuleManager: Shutting down and abandoning module LandscapeEditor (594)
[2018.11.12-17.26.49:403][526]LogModuleManager: Shutting down and abandoning module MeshPaintMode (592)
[2018.11.12-17.26.49:403][526]LogModuleManager: Shutting down and abandoning module SceneDepthPickerMode (590)
[2018.11.12-17.26.49:403][526]LogModuleManager: Shutting down and abandoning module ActorPickerMode (588)
[2018.11.12-17.26.49:403][526]LogModuleManager: Shutting down and abandoning module GeometryMode (586)
[2018.11.12-17.26.49:403][526]LogModuleManager: Shutting down and abandoning module TextureAlignMode (584)
[2018.11.12-17.26.49:403][526]LogModuleManager: Shutting down and abandoning module BspMode (582)
[2018.11.12-17.26.49:403][526]LogModuleManager: Shutting down and abandoning module PIEPreviewDeviceProfileSelector (580)
[2018.11.12-17.26.49:403][526]LogModuleManager: Shutting down and abandoning module SequenceRecorderSections (578)
[2018.11.12-17.26.49:403][526]LogModuleManager: Shutting down and abandoning module AutomationWorker (576)
[2018.11.12-17.26.49:403][526]LogModuleManager: Shutting down and abandoning module AudioCaptureEditor (574)
[2018.11.12-17.26.49:403][526]LogModuleManager: Shutting down and abandoning module SequenceRecorder (573)
[2018.11.12-17.26.49:403][526]LogModuleManager: Shutting down and abandoning module MatineeToLevelSequence (570)
[2018.11.12-17.26.49:403][526]LogModuleManager: Shutting down and abandoning module LevelSequenceEditor (568)
[2018.11.12-17.26.49:403][526]LogModuleManager: Shutting down and abandoning module PlacementMode (567)
[2018.11.12-17.26.49:403][526]LogModuleManager: Shutting down and abandoning module MaterialEditor (566)
[2018.11.12-17.26.49:403][526]LogModuleManager: Shutting down and abandoning module WmfMediaFactory (562)
[2018.11.12-17.26.49:403][526]LogModuleManager: Shutting down and abandoning module WmfMediaEditor (560)
[2018.11.12-17.26.49:403][526]LogModuleManager: Shutting down and abandoning module MediaPlayerEditor (558)
[2018.11.12-17.26.49:403][526]LogModuleManager: Shutting down and abandoning module OpenExrWrapper (556)
[2018.11.12-17.26.49:403][526]LogModuleManager: Shutting down and abandoning module ImgMediaFactory (554)
[2018.11.12-17.26.49:403][526]LogModuleManager: Shutting down and abandoning module ImgMediaEditor (552)
[2018.11.12-17.26.49:403][526]LogModuleManager: Shutting down and abandoning module AvfMediaFactory (550)
[2018.11.12-17.26.49:403][526]LogModuleManager: Shutting down and abandoning module AvfMediaEditor (548)
[2018.11.12-17.26.49:403][526]LogModuleManager: Shutting down and abandoning module AndroidMediaFactory (546)
[2018.11.12-17.26.49:403][526]LogModuleManager: Shutting down and abandoning module AndroidMediaEditor (544)
[2018.11.12-17.26.49:403][526]LogModuleManager: Shutting down and abandoning module MagicLeapCameraPreviewFactory (542)
[2018.11.12-17.26.49:403][526]LogModuleManager: Shutting down and abandoning module MagicLeapMediaFactory (540)
[2018.11.12-17.26.49:403][526]LogModuleManager: Shutting down and abandoning module MagicLeapMediaEditor (538)
[2018.11.12-17.26.49:403][526]LogModuleManager: Shutting down and abandoning module CharacterAI (536)
[2018.11.12-17.26.49:403][526]LogModuleManager: Shutting down and abandoning module SmartSnapping (534)
[2018.11.12-17.26.49:403][526]LogModuleManager: Shutting down and abandoning module SessionServices (532)
[2018.11.12-17.26.49:403][526]LogModuleManager: Shutting down and abandoning module ViewportSnapping (530)
[2018.11.12-17.26.49:403][526]LogModuleManager: Shutting down and abandoning module ViewportInteraction (528)
[2018.11.12-17.26.49:403][526]LogModuleManager: Shutting down and abandoning module ClothPainter (526)
[2018.11.12-17.26.49:404][526]LogModuleManager: Shutting down and abandoning module SkeletalMeshEditor (525)
[2018.11.12-17.26.49:404][526]LogModuleManager: Shutting down and abandoning module LogVisualizer (522)
[2018.11.12-17.26.49:404][526]LogModuleManager: Shutting down and abandoning module IntroTutorials (520)
[2018.11.12-17.26.49:404][526]LogModuleManager: Shutting down and abandoning module GameProjectGeneration (519)
[2018.11.12-17.26.49:404][526]LogModuleManager: Shutting down and abandoning module LuminPlatformEditor (516)
[2018.11.12-17.26.49:404][526]LogModuleManager: Shutting down and abandoning module IOSPlatformEditor (514)
[2018.11.12-17.26.49:404][526]LogModuleManager: Shutting down and abandoning module HTML5PlatformEditor (512)
[2018.11.12-17.26.49:404][526]LogModuleManager: Shutting down and abandoning module AndroidPlatformEditor (510)
[2018.11.12-17.26.49:404][526]LogModuleManager: Shutting down and abandoning module AndroidDeviceDetection (509)
[2018.11.12-17.26.49:903][526]LogModuleManager: Shutting down and abandoning module WindowsPlatformEditor (506)
[2018.11.12-17.26.49:903][526]LogModuleManager: Shutting down and abandoning module LuminRuntimeSettings (504)
[2018.11.12-17.26.49:903][526]LogModuleManager: Shutting down and abandoning module IOSRuntimeSettings (502)
[2018.11.12-17.26.49:903][526]LogModuleManager: Shutting down and abandoning module AndroidRuntimeSettings (500)
[2018.11.12-17.26.49:903][526]LogModuleManager: Shutting down and abandoning module InputBindingEditor (498)
[2018.11.12-17.26.49:904][526]LogModuleManager: Shutting down and abandoning module MergeActors (496)
[2018.11.12-17.26.49:904][526]LogModuleManager: Shutting down and abandoning module LocalizationDashboard (494)
[2018.11.12-17.26.49:904][526]LogModuleManager: Shutting down and abandoning module LocalizationService (493)
[2018.11.12-17.26.49:904][526]LogModuleManager: Shutting down and abandoning module HardwareTargeting (490)
[2018.11.12-17.26.49:904][526]LogModuleManager: Shutting down and abandoning module DeviceProfileEditor (488)
[2018.11.12-17.26.49:904][526]LogModuleManager: Shutting down and abandoning module UndoHistory (486)
[2018.11.12-17.26.49:904][526]LogModuleManager: Shutting down and abandoning module XmlParser (484)
[2018.11.12-17.26.49:904][526]LogModuleManager: Shutting down and abandoning module Blutility (482)
[2018.11.12-17.26.49:904][526]LogModuleManager: Shutting down and abandoning module ProjectSettingsViewer (480)
[2018.11.12-17.26.49:904][526]LogModuleManager: Shutting down and abandoning module ProjectTargetPlatformEditor (479)
[2018.11.12-17.26.49:905][526]LogModuleManager: Shutting down and abandoning module EditorSettingsViewer (476)
[2018.11.12-17.26.49:905][526]LogModuleManager: Shutting down and abandoning module SettingsEditor (474)
[2018.11.12-17.26.49:905][526]LogModuleManager: Shutting down and abandoning module ProjectLauncher (472)
[2018.11.12-17.26.49:905][526]LogModuleManager: Shutting down and abandoning module SessionFrontend (470)
[2018.11.12-17.26.49:905][526]LogModuleManager: Shutting down and abandoning module ProfilerClient (468)
[2018.11.12-17.26.49:905][526]LogModuleManager: Shutting down and abandoning module DeviceManager (466)
[2018.11.12-17.26.49:905][526]LogModuleManager: Shutting down and abandoning module TargetDeviceServices (465)
[2018.11.12-17.26.49:973][526]LogModuleManager: Shutting down and abandoning module AutomationController (462)
[2018.11.12-17.26.49:973][526]LogModuleManager: Shutting down and abandoning module AutomationWindow (460)
[2018.11.12-17.26.49:973][526]LogModuleManager: Shutting down and abandoning module Layers (458)
[2018.11.12-17.26.49:973][526]LogModuleManager: Shutting down and abandoning module ComponentVisualizers (456)
[2018.11.12-17.26.49:974][526]LogModuleManager: Shutting down and abandoning module DetailCustomizations (454)
[2018.11.12-17.26.49:974][526]LogModuleManager: Shutting down and abandoning module PackagesDialog (452)
[2018.11.12-17.26.49:975][526]LogModuleManager: Shutting down and abandoning module Persona (450)
[2018.11.12-17.26.49:975][526]LogModuleManager: Shutting down and abandoning module AdvancedPreviewScene (449)
[2018.11.12-17.26.49:976][526]LogModuleManager: Shutting down and abandoning module AnimGraph (447)
[2018.11.12-17.26.49:976][526]LogModuleManager: Shutting down and abandoning module Kismet (444)
[2018.11.12-17.26.49:978][526]LogModuleManager: Shutting down and abandoning module GraphEditor (442)
[2018.11.12-17.26.49:979][526]LogModuleManager: Shutting down and abandoning module ClassViewer (440)
[2018.11.12-17.26.49:979][526]LogModuleManager: Shutting down and abandoning module Toolbox (438)
[2018.11.12-17.26.49:979][526]LogModuleManager: Shutting down and abandoning module ModuleUI (436)
[2018.11.12-17.26.49:979][526]LogModuleManager: Shutting down and abandoning module MovieSceneTools (434)
[2018.11.12-17.26.49:979][526]LogModuleManager: Shutting down and abandoning module OutputLog (432)
[2018.11.12-17.26.49:980][526]LogModuleManager: Shutting down and abandoning module GammaUI (430)
[2018.11.12-17.26.49:980][526]LogModuleManager: Shutting down and abandoning module Documentation (428)
[2018.11.12-17.26.49:980][526]LogModuleManager: Shutting down and abandoning module MovieSceneTracks (426)
[2018.11.12-17.26.49:980][526]LogModuleManager: Shutting down and abandoning module MovieScene (424)
[2018.11.12-17.26.49:980][526]LogModuleManager: Shutting down and abandoning module StreamingPauseRendering (422)
[2018.11.12-17.26.49:980][526]LogModuleManager: Shutting down and abandoning module LauncherPlatform (420)
[2018.11.12-17.26.49:980][526]LogModuleManager: Shutting down and abandoning module AnalyticsET (418)
[2018.11.12-17.26.49:980][526]LogModuleManager: Shutting down and abandoning module PortalServices (416)
[2018.11.12-17.26.49:980][526]LogModuleManager: Shutting down and abandoning module PortalRpc (414)
[2018.11.12-17.26.49:980][526]LogModuleManager: Shutting down and abandoning module MessagingRpc (412)
[2018.11.12-17.26.49:980][526]LogModuleManager: Shutting down and abandoning module AIModule (410)
[2018.11.12-17.26.49:981][526]LogModuleManager: Shutting down and abandoning module GameplayDebugger (409)
[2018.11.12-17.26.49:981][526]LogModuleManager: Shutting down and abandoning module AITestSuite (407)
[2018.11.12-17.26.49:981][526]LogModuleManager: Shutting down and abandoning module NavigationSystem (405)
[2018.11.12-17.26.49:981][526]LogModuleManager: Shutting down and abandoning module DesktopPlatform (402)
[2018.11.12-17.26.49:981][526]LogModuleManager: Shutting down and abandoning module ProfilerService (400)
[2018.11.12-17.26.50:021][526]LogModuleManager: Shutting down and abandoning module TaskGraph (398)
[2018.11.12-17.26.50:021][526]LogModuleManager: Shutting down and abandoning module SteamVRController (396)
[2018.11.12-17.26.50:021][526]LogModuleManager: Shutting down and abandoning module ProceduralMeshComponentEditor (394)
[2018.11.12-17.26.50:021][526]LogModuleManager: Shutting down and abandoning module ProceduralMeshComponent (392)
[2018.11.12-17.26.50:021][526]LogModuleManager: Shutting down and abandoning module OculusInput (390)
[2018.11.12-17.26.50:021][526]LogModuleManager: Shutting down and abandoning module MobilePatchingUtils (388)
[2018.11.12-17.26.50:021][526]LogModuleManager: Shutting down and abandoning module EditableMesh (386)
[2018.11.12-17.26.50:021][526]LogModuleManager: Shutting down and abandoning module CustomMeshComponent (384)
[2018.11.12-17.26.50:021][526]LogModuleManager: Shutting down and abandoning module CableComponent (382)
[2018.11.12-17.26.50:021][526]LogModuleManager: Shutting down and abandoning module AudioCapture (380)
[2018.11.12-17.26.50:021][526]LogModuleManager: Shutting down and abandoning module ArchVisCharacter (378)
[2018.11.12-17.26.50:021][526]LogModuleManager: Shutting down and abandoning module AndroidPermission (376)
[2018.11.12-17.26.50:021][526]LogModuleManager: Shutting down and abandoning module NUTUnrealEngine4 (374)
[2018.11.12-17.26.50:021][526]LogModuleManager: Shutting down and abandoning module NetcodeUnitTest (372)
[2018.11.12-17.26.50:021][526]LogModuleManager: Shutting down and abandoning module MediaCompositingEditor (370)
[2018.11.12-17.26.50:021][526]LogModuleManager: Shutting down and abandoning module MediaCompositing (368)
[2018.11.12-17.26.50:021][526]LogModuleManager: Shutting down and abandoning module LinearTimecode (366)
[2018.11.12-17.26.50:021][526]LogModuleManager: Shutting down and abandoning module ImgMedia (364)
[2018.11.12-17.26.50:028][526]LogModuleManager: Shutting down and abandoning module HTML5Networking (362)
[2018.11.12-17.26.50:028][526]LogModuleManager: Shutting down and abandoning module GeometryCacheTracks (360)
[2018.11.12-17.26.50:028][526]LogModuleManager: Shutting down and abandoning module GeometryCacheSequencer (358)
[2018.11.12-17.26.50:028][526]LogModuleManager: Shutting down and abandoning module BackChannel (356)
[2018.11.12-17.26.50:028][526]LogModuleManager: Shutting down and abandoning module AppleVision (354)
[2018.11.12-17.26.50:028][526]LogModuleManager: Shutting down and abandoning module AppleImageUtils (352)
[2018.11.12-17.26.50:028][526]LogModuleManager: Shutting down and abandoning module AlembicImporter (350)
[2018.11.12-17.26.50:028][526]LogModuleManager: Shutting down and abandoning module AlembicLibrary (349)
[2018.11.12-17.26.50:028][526]LogModuleManager: Shutting down and abandoning module GeometryCache (348)
[2018.11.12-17.26.50:028][526]LogModuleManager: Shutting down and abandoning module GeometryCacheEd (347)
[2018.11.12-17.26.50:028][526]LogModuleManager: Shutting down and abandoning module DatasmithContentEditor (342)
[2018.11.12-17.26.50:028][526]LogModuleManager: Shutting down and abandoning module DatasmithContent (340)
[2018.11.12-17.26.50:029][526]LogModuleManager: Shutting down and abandoning module SpeedTreeImporter (338)
[2018.11.12-17.26.50:029][526]LogModuleManager: Shutting down and abandoning module PluginBrowser (336)
[2018.11.12-17.26.50:030][526]LogModuleManager: Shutting down and abandoning module MobileLauncherProfileWizard (334)
[2018.11.12-17.26.50:030][526]LogModuleManager: Shutting down and abandoning module PolygonModeling (332)
[2018.11.12-17.26.50:030][526]LogModuleManager: Shutting down and abandoning module MeshEditor (330)
[2018.11.12-17.26.50:030][526]LogModuleManager: Shutting down and abandoning module CryptoKeysOpenSSL (328)
[2018.11.12-17.26.50:030][526]LogModuleManager: Shutting down and abandoning module CryptoKeys (326)
[2018.11.12-17.26.50:030][526]LogModuleManager: Shutting down and abandoning module VisualStudioSourceCodeAccess (324)
[2018.11.12-17.26.50:030][526]LogModuleManager: Shutting down and abandoning module VisualStudioCodeSourceCodeAccess (322)
[2018.11.12-17.26.50:030][526]LogModuleManager: Shutting down and abandoning module UObjectPlugin (320)
[2018.11.12-17.26.50:030][526]LogModuleManager: Shutting down and abandoning module SubversionSourceControl (318)
[2018.11.12-17.26.50:030][526]LogModuleManager: Shutting down and abandoning module PerforceSourceControl (316)
[2018.11.12-17.26.50:030][526]LogModuleManager: Shutting down and abandoning module GitSourceControl (314)
[2018.11.12-17.26.50:031][526]LogModuleManager: Shutting down and abandoning module SourceControl (313)
[2018.11.12-17.26.50:031][526]LogModuleManager: Shutting down and abandoning module CLionSourceCodeAccess (310)
[2018.11.12-17.26.50:031][526]LogModuleManager: Shutting down and abandoning module LightPropagationVolumeEditor (308)
[2018.11.12-17.26.50:031][526]LogModuleManager: Shutting down and abandoning module PaperTiledImporter (306)
[2018.11.12-17.26.50:031][526]LogModuleManager: Shutting down and abandoning module PaperSpriteSheetImporter (304)
[2018.11.12-17.26.50:031][526]LogModuleManager: Shutting down and abandoning module Paper2DEditor (302)
[2018.11.12-17.26.50:031][526]LogModuleManager: Shutting down and abandoning module MeshPaint (301)
[2018.11.12-17.26.50:031][526]LogModuleManager: Shutting down and abandoning module RuntimePhysXCooking (298)
[2018.11.12-17.26.50:031][526]LogModuleManager: Shutting down and abandoning module PhysXVehiclesEditor (296)
[2018.11.12-17.26.50:031][526]LogModuleManager: Shutting down and abandoning module PhysXVehicles (294)
[2018.11.12-17.26.50:031][526]LogModuleManager: Shutting down and abandoning module OculusEditor (292)
[2018.11.12-17.26.50:031][526]LogModuleManager: Shutting down and abandoning module LocationServicesBPLibrary (290)
[2018.11.12-17.26.50:031][526]LogModuleManager: Shutting down and abandoning module ImmediatePhysicsEditor (288)
[2018.11.12-17.26.50:031][526]LogModuleManager: Shutting down and abandoning module ImmediatePhysics (286)
[2018.11.12-17.26.50:031][526]LogModuleManager: Shutting down and abandoning module ActorSequence (284)
[2018.11.12-17.26.50:031][526]LogModuleManager: Shutting down and abandoning module UdpMessaging (282)
[2018.11.12-17.26.50:133][526]LogModuleManager: Shutting down and abandoning module TcpMessaging (280)
[2018.11.12-17.26.50:234][526]LogModuleManager: Shutting down and abandoning module MagicLeapAudio (278)
[2018.11.12-17.26.50:234][526]LogModuleManager: Shutting down and abandoning module GameplayTagsEditor (276)
[2018.11.12-17.26.50:234][526]LogModuleManager: Shutting down and abandoning module FacialAnimationEditor (274)
[2018.11.12-17.26.50:234][526]LogModuleManager: Shutting down and abandoning module FacialAnimation (272)
[2018.11.12-17.26.50:236][526]LogModuleManager: Shutting down and abandoning module DataValidation (270)
[2018.11.12-17.26.50:236][526]LogModuleManager: Shutting down and abandoning module AssetManagerEditor (268)
[2018.11.12-17.26.50:236][526]LogModuleManager: Shutting down and abandoning module LevelEditor (267)
[2018.11.12-17.26.50:238][526]LogModuleManager: Shutting down and abandoning module PixelInspectorModule (266)
[2018.11.12-17.26.50:239][526]LogModuleManager: Shutting down and abandoning module CommonMenuExtensions (264)
[2018.11.12-17.26.50:239][526]LogModuleManager: Shutting down and abandoning module MainFrame (262)
[2018.11.12-17.26.50:239][526]LogModuleManager: Shutting down and abandoning module HotReload (261)
[2018.11.12-17.26.50:240][526]LogModuleManager: Shutting down and abandoning module ContentBrowser (257)
[2018.11.12-17.26.50:241][526]LogModuleManager: Shutting down and abandoning module TreeMap (255)
[2018.11.12-17.26.50:242][526]LogModuleManager: Shutting down and abandoning module LightPropagationVolumeRuntime (252)
[2018.11.12-17.26.50:242][526]LogModuleManager: Shutting down and abandoning module AISupportModule (250)
[2018.11.12-17.26.50:242][526]LogModuleManager: Shutting down and abandoning module Paper2D (248)
[2018.11.12-17.26.50:242][526]LogModuleManager: Shutting down and abandoning module WindowsMoviePlayer (246)
[2018.11.12-17.26.50:242][526]LogModuleManager: Shutting down and abandoning module WmfMedia (244)
[2018.11.12-17.26.50:244][526]LogModuleManager: Shutting down and abandoning module Media (243)
[2018.11.12-17.26.50:251][526]LogModuleManager: Shutting down and abandoning module PacketHandler (240)
[2018.11.12-17.26.50:251][526]LogModuleManager: Shutting down and abandoning module ClothingSystemEditor (238)
[2018.11.12-17.26.50:251][526]LogModuleManager: Shutting down and abandoning module ClothingSystemRuntime (236)
[2018.11.12-17.26.50:251][526]LogModuleManager: Shutting down and abandoning module MediaAssets (234)
[2018.11.12-17.26.50:251][526]LogModuleManager: Shutting down and abandoning module Overlay (232)
[2018.11.12-17.26.50:251][526]LogModuleManager: Shutting down and abandoning module OverlayEditor (231)
[2018.11.12-17.26.50:251][526]LogModuleManager: Shutting down and abandoning module VREditor (228)
[2018.11.12-17.26.50:251][526]LogModuleManager: Shutting down and abandoning module StringTableEditor (226)
[2018.11.12-17.26.50:251][526]LogModuleManager: Shutting down and abandoning module GameplayTasksEditor (224)
[2018.11.12-17.26.50:251][526]LogModuleManager: Shutting down and abandoning module BehaviorTreeEditor (222)
[2018.11.12-17.26.50:251][526]LogModuleManager: Shutting down and abandoning module FunctionalTesting (220)
[2018.11.12-17.26.50:251][526]LogModuleManager: Shutting down and abandoning module CollisionAnalyzer (218)
[2018.11.12-17.26.50:251][526]LogModuleManager: Shutting down and abandoning module WorkspaceMenuStructure (217)
[2018.11.12-17.26.50:251][526]LogModuleManager: Shutting down and abandoning module UMG (214)
[2018.11.12-17.26.50:251][526]LogModuleManager: Shutting down and abandoning module UMGEditor (213)
[2018.11.12-17.26.50:251][526]LogModuleManager: Shutting down and abandoning module Sequencer (212)
[2018.11.12-17.26.50:252][526]LogModuleManager: Shutting down and abandoning module MessageLog (209)
[2018.11.12-17.26.50:252][526]LogModuleManager: Shutting down and abandoning module SlateReflector (204)
[2018.11.12-17.26.50:252][526]LogModuleManager: Shutting down and abandoning module Slate (202)
[2018.11.12-17.26.50:252][526]LogModuleManager: Shutting down and abandoning module EditorStyle (200)
[2018.11.12-17.26.50:258][526]LogModuleManager: Shutting down and abandoning module MRMesh (198)
[2018.11.12-17.26.50:258][526]LogModuleManager: Shutting down and abandoning module SourceCodeAccess (196)
[2018.11.12-17.26.50:258][526]LogModuleManager: Shutting down and abandoning module HeadMountedDisplay (194)
[2018.11.12-17.26.50:258][526]LogModuleManager: Shutting down and abandoning module XAudio2 (192)
[2018.11.12-17.26.50:258][526]LogModuleManager: Shutting down and abandoning module Networking (190)
[2018.11.12-17.26.50:258][526]LogModuleManager: Shutting down and abandoning module Core (188)
[2018.11.12-17.26.50:258][526]LogModuleManager: Shutting down and abandoning module LevelSequence (186)
[2018.11.12-17.26.50:258][526]LogModuleManager: Shutting down and abandoning module KismetCompiler (184)
[2018.11.12-17.26.50:258][526]LogModuleManager: Shutting down and abandoning module MeshUtilities (182)
[2018.11.12-17.26.50:259][526]LogModuleManager: Shutting down and abandoning module MeshMergeUtilities (181)
[2018.11.12-17.26.50:259][526]LogModuleManager: Shutting down and abandoning module MeshReductionInterface (180)
[2018.11.12-17.26.50:259][526]LogModuleManager: Shutting down and abandoning module SimplygonSwarm (179)
[2018.11.12-17.26.50:259][526]LogModuleManager: Shutting down and abandoning module ProxyLODMeshReduction (177)
[2018.11.12-17.26.50:259][526]LogModuleManager: Shutting down and abandoning module SimplygonMeshReduction (175)
[2018.11.12-17.26.50:259][526]LogModuleManager: Shutting down and abandoning module QuadricMeshReduction (173)
[2018.11.12-17.26.50:259][526]LogModuleManager: Shutting down and abandoning module MaterialBaking (169)
[2018.11.12-17.26.50:259][526]LogModuleManager: Shutting down and abandoning module DirectoryWatcher (165)
[2018.11.12-17.26.50:259][526]LogModuleManager: Shutting down and abandoning module DerivedDataCache (162)
[2018.11.12-17.26.50:360][526]LogDerivedDataCache: Shutdown
[2018.11.12-17.26.50:360][526]LogModuleManager: Shutting down and abandoning module XGEController (160)
[2018.11.12-17.26.50:363][526]LogModuleManager: Shutting down and abandoning module TargetPlatform (158)
[2018.11.12-17.26.50:363][526]LogModuleManager: Shutting down and abandoning module VulkanShaderFormat (157)
[2018.11.12-17.26.50:373][526]LogModuleManager: Shutting down and abandoning module ShaderFormatVectorVM (155)
[2018.11.12-17.26.50:373][526]LogModuleManager: Shutting down and abandoning module ShaderFormatOpenGL (153)
[2018.11.12-17.26.50:373][526]LogModuleManager: Shutting down and abandoning module ShaderFormatD3D (151)
[2018.11.12-17.26.50:374][526]LogModuleManager: Shutting down and abandoning module MetalShaderFormat (149)
[2018.11.12-17.26.50:375][526]LogModuleManager: Shutting down and abandoning module TextureFormatUncompressed (147)
[2018.11.12-17.26.50:375][526]LogModuleManager: Shutting down and abandoning module TextureFormatPVR (145)
[2018.11.12-17.26.50:375][526]LogModuleManager: Shutting down and abandoning module TextureFormatDXT (143)
[2018.11.12-17.26.50:375][526]LogModuleManager: Shutting down and abandoning module TextureFormatIntelISPCTexComp (141)
[2018.11.12-17.26.50:404][526]LogModuleManager: Shutting down and abandoning module TextureFormatASTC (139)
[2018.11.12-17.26.50:404][526]LogModuleManager: Shutting down and abandoning module ImageWrapper (138)
[2018.11.12-17.26.50:404][526]LogModuleManager: Shutting down and abandoning module TextureFormatAndroid (135)
[2018.11.12-17.26.50:404][526]LogModuleManager: Shutting down and abandoning module AudioFormatOpus (133)
[2018.11.12-17.26.50:404][526]LogModuleManager: Shutting down and abandoning module AudioFormatOgg (131)
[2018.11.12-17.26.50:404][526]LogModuleManager: Shutting down and abandoning module AudioFormatADPCM (129)
[2018.11.12-17.26.50:404][526]LogModuleManager: Shutting down and abandoning module LuminTargetPlatform (127)
[2018.11.12-17.26.50:404][526]LogModuleManager: Shutting down and abandoning module LinuxTargetPlatform (125)
[2018.11.12-17.26.50:404][526]LogModuleManager: Shutting down and abandoning module LinuxServerTargetPlatform (123)
[2018.11.12-17.26.50:404][526]LogModuleManager: Shutting down and abandoning module LinuxNoEditorTargetPlatform (121)
[2018.11.12-17.26.50:404][526]LogModuleManager: Shutting down and abandoning module LinuxClientTargetPlatform (119)
[2018.11.12-17.26.50:404][526]LogModuleManager: Shutting down and abandoning module TVOSTargetPlatform (117)
[2018.11.12-17.26.50:407][526]LogModuleManager: Shutting down and abandoning module Messaging (115)
[2018.11.12-17.26.50:407][526]LogModuleManager: Shutting down and abandoning module IOSTargetPlatform (113)
[2018.11.12-17.26.50:412][526]LogModuleManager: Shutting down and abandoning module HTML5TargetPlatform (111)
[2018.11.12-17.26.50:412][526]LogModuleManager: Shutting down and abandoning module AndroidTargetPlatform (109)
[2018.11.12-17.26.50:424][526]LogModuleManager: Shutting down and abandoning module WindowsTargetPlatform (107)
[2018.11.12-17.26.50:424][526]LogModuleManager: Shutting down and abandoning module WindowsServerTargetPlatform (105)
[2018.11.12-17.26.50:424][526]LogModuleManager: Shutting down and abandoning module WindowsNoEditorTargetPlatform (103)
[2018.11.12-17.26.50:424][526]LogModuleManager: Shutting down and abandoning module WindowsClientTargetPlatform (101)
[2018.11.12-17.26.50:424][526]LogModuleManager: Shutting down and abandoning module MacTargetPlatform (99)
[2018.11.12-17.26.50:424][526]LogModuleManager: Shutting down and abandoning module MacServerTargetPlatform (97)
[2018.11.12-17.26.50:424][526]LogModuleManager: Shutting down and abandoning module MacNoEditorTargetPlatform (95)
[2018.11.12-17.26.50:424][526]LogModuleManager: Shutting down and abandoning module MacClientTargetPlatform (93)
[2018.11.12-17.26.50:424][526]LogModuleManager: Shutting down and abandoning module AllDesktopTargetPlatform (91)
[2018.11.12-17.26.50:425][526]LogModuleManager: Shutting down and abandoning module InputCore (88)
[2018.11.12-17.26.50:425][526]LogModuleManager: Shutting down and abandoning module Settings (86)
[2018.11.12-17.26.50:425][526]LogModuleManager: Shutting down and abandoning module PhysXCooking (84)
[2018.11.12-17.26.50:425][526]LogModuleManager: Shutting down and abandoning module SteamVR (82)
[2018.11.12-17.26.50:425][526]LogModuleManager: Shutting down and abandoning module OculusHMD (80)
[2018.11.12-17.26.50:426][526]LogModuleManager: Shutting down and abandoning module ExampleDeviceProfileSelector (78)
[2018.11.12-17.26.50:426][526]LogModuleManager: Shutting down and abandoning module LauncherChunkInstaller (76)
[2018.11.12-17.26.50:426][526]LogModuleManager: Shutting down and abandoning module OnlineBlueprintSupport (74)
[2018.11.12-17.26.50:426][526]LogModuleManager: Shutting down and abandoning module OnlineSubsystem (70)
[2018.11.12-17.26.50:427][526]LogModuleManager: Shutting down and abandoning module XMPP (65)
[2018.11.12-17.26.50:427][526]LogModuleManager: Shutting down and abandoning module WebSockets (64)
[2018.11.12-17.26.50:442][526]LogModuleManager: Shutting down and abandoning module HTTP (61)
[2018.11.12-17.26.50:442][526]LogHttp: Display: Http module shutting down, but needs to wait on 1 outstanding Http requests:
[2018.11.12-17.26.50:442][526]LogHttp: Display: 	verb=[POST] url=[https://datarouter.ol.epicgames.com/datarouter/api/v1/public/data?SessionID=%7BC078DF5C-4568-1378-1AFB-4AB8B0CABB04%7D&AppID=UEEditor.Rocket.Release&AppVersion=4.20.3-4369336%2B%2B%2BUE4%2BRelease-4.20&UserID=43c126c24f15198c947cdfb1db13fad8%7Cb2f7e9518cdd486ab4b0a629bbfdf936%7Cb97122b6-9b47-46b3-b37f-04cecf73e2e0&AppEnvironment=datacollector-binary&UploadType=eteventstream] status=Processing
[2018.11.12-17.26.50:461][526]LogModuleManager: Shutting down and abandoning module SSL (60)
[2018.11.12-17.26.50:465][526]LogModuleManager: Shutting down and abandoning module MagicLeapEmulator (56)
[2018.11.12-17.26.50:465][526]LogModuleManager: Shutting down and abandoning module MagicLeapPrivileges (54)
[2018.11.12-17.26.50:465][526]LogModuleManager: Shutting down and abandoning module MagicLeapIdentity (52)
[2018.11.12-17.26.50:465][526]LogModuleManager: Shutting down and abandoning module MagicLeapHelperVulkan (50)
[2018.11.12-17.26.50:465][526]LogModuleManager: Shutting down and abandoning module MagicLeapHelperOpenGL (48)
[2018.11.12-17.26.50:465][526]LogModuleManager: Shutting down and abandoning module MagicLeapSecureStorage (46)
[2018.11.12-17.26.50:465][526]LogModuleManager: Shutting down and abandoning module MagicLeapGestures (44)
[2018.11.12-17.26.50:465][526]LogModuleManager: Shutting down and abandoning module MagicLeapEyeTracker (42)
[2018.11.12-17.26.50:465][526]LogModuleManager: Shutting down and abandoning module MagicLeapController (40)
[2018.11.12-17.26.50:465][526]LogSlate: Slate User Destroyed.  User Index 0, Is Virtual User: 0
[2018.11.12-17.26.50:465][526]LogModuleManager: Shutting down and abandoning module MagicLeap (38)
[2018.11.12-17.26.50:465][526]LogModuleManager: Shutting down and abandoning module AnimationModifiers (36)
[2018.11.12-17.26.50:465][526]LogModuleManager: Shutting down and abandoning module PropertyEditor (35)
[2018.11.12-17.26.50:465][526]LogModuleManager: Shutting down and abandoning module AudioEditor (32)
[2018.11.12-17.26.50:465][526]LogModuleManager: Shutting down and abandoning module TextureCompressor (30)
[2018.11.12-17.26.50:465][526]LogModuleManager: Shutting down and abandoning module ShaderCore (28)
[2018.11.12-17.26.50:465][526]LogModuleManager: Shutting down and abandoning module Landscape (26)
[2018.11.12-17.26.50:465][526]LogModuleManager: Shutting down and abandoning module SlateRHIRenderer (24)
[2018.11.12-17.26.50:466][526]LogModuleManager: Shutting down and abandoning module OpenGLDrv (22)
[2018.11.12-17.26.50:466][526]LogModuleManager: Shutting down and abandoning module D3D11RHI (20)
[2018.11.12-17.26.50:466][526]LogModuleManager: Shutting down and abandoning module AnimGraphRuntime (18)
[2018.11.12-17.26.50:466][526]LogModuleManager: Shutting down and abandoning module Renderer (16)
[2018.11.12-17.26.50:466][526]LogModuleManager: Shutting down and abandoning module Engine (14)
[2018.11.12-17.26.50:466][526]LogModuleManager: Shutting down and abandoning module CoreUObject (12)
[2018.11.12-17.26.50:466][526]LogModuleManager: Shutting down and abandoning module NetworkFile (10)
[2018.11.12-17.26.50:466][526]LogModuleManager: Shutting down and abandoning module CookedIterativeFile (8)
[2018.11.12-17.26.50:466][526]LogModuleManager: Shutting down and abandoning module StreamingFile (6)
[2018.11.12-17.26.50:466][526]LogModuleManager: Shutting down and abandoning module SandboxFile (4)
[2018.11.12-17.26.50:466][526]LogModuleManager: Shutting down and abandoning module PakFile (2)
[2018.11.12-17.26.50:476][526]LogExit: Exiting.
[2018.11.12-17.26.50:485][526]Log file closed, 11/12/18 10:26:50
