Log file open, 12/17/18 14:28:55
LogWindows: Failed to load 'aqProf.dll' (GetLastError=126)
LogWindows: File 'aqProf.dll' does not exist
LogWindows: Failed to load 'VtuneApi.dll' (GetLastError=126)
LogWindows: File 'VtuneApi.dll' does not exist
LogWindows: Failed to load 'VtuneApi32e.dll' (GetLastError=126)
LogWindows: File 'VtuneApi32e.dll' does not exist
LogInit: Display: Running engine for game: APsec1LargeCityBase
LogPlatformFile: Not using cached read wrapper
LogTaskGraph: Started task graph with 5 named threads and 23 total threads with 3 sets of task threads.
LogStats: Stats thread started at 0.374486
LogD3D11RHI: Loaded GFSDK_Aftermath_Lib.x64.dll
LogICUInternationalization: Display: ICU TimeZone Detection - Raw Offset: -7:00, Platform Override: ''
LogPluginManager: Mounting plugin Paper2D
LogPluginManager: Mounting plugin AISupport
LogPluginManager: Mounting plugin LightPropagationVolume
LogPluginManager: Mounting plugin CLionSourceCodeAccess
LogPluginManager: Mounting plugin CodeLiteSourceCodeAccess
LogPluginManager: Mounting plugin GitSourceControl
LogPluginManager: Mounting plugin KDevelopSourceCodeAccess
LogPluginManager: Mounting plugin NullSourceCodeAccess
LogPluginManager: Mounting plugin PerforceSourceControl
LogPluginManager: Mounting plugin SubversionSourceControl
LogPluginManager: Mounting plugin UObjectPlugin
LogPluginManager: Mounting plugin VisualStudioCodeSourceCodeAccess
LogPluginManager: Mounting plugin VisualStudioSourceCodeAccess
LogPluginManager: Mounting plugin XCodeSourceCodeAccess
LogPluginManager: Mounting plugin AssetManagerEditor
LogPluginManager: Mounting plugin CryptoKeys
LogPluginManager: Mounting plugin DataValidation
LogPluginManager: Mounting plugin FacialAnimation
LogPluginManager: Mounting plugin GameplayTagsEditor
LogPluginManager: Mounting plugin MacGraphicsSwitching
LogPluginManager: Mounting plugin MeshEditor
LogPluginManager: Mounting plugin MobileLauncherProfileWizard
LogPluginManager: Mounting plugin PluginBrowser
LogPluginManager: Mounting plugin SpeedTreeImporter
LogPluginManager: Mounting plugin DatasmithContent
LogPluginManager: Mounting plugin AlembicImporter
LogPluginManager: Mounting plugin AppleImageUtils
LogPluginManager: Mounting plugin AppleVision
LogPluginManager: Mounting plugin BackChannel
LogPluginManager: Mounting plugin CharacterAI
LogPluginManager: Mounting plugin GeometryCache
LogPluginManager: Mounting plugin HTML5Networking
LogPluginManager: Mounting plugin ProxyLODPlugin
LogPluginManager: Mounting plugin MagicLeap
LogPluginManager: Mounting plugin MagicLeapEmulator
LogPluginManager: Mounting plugin MagicLeapMedia
LogPluginManager: Mounting plugin AndroidMedia
LogPluginManager: Mounting plugin AvfMedia
LogPluginManager: Mounting plugin ImgMedia
LogPluginManager: Mounting plugin LinearTimecode
LogPluginManager: Mounting plugin MediaCompositing
LogPluginManager: Mounting plugin MediaPlayerEditor
LogPluginManager: Mounting plugin WmfMedia
LogPluginManager: Mounting plugin TcpMessaging
LogPluginManager: Mounting plugin UdpMessaging
LogPluginManager: Mounting plugin ActorSequence
LogPluginManager: Mounting plugin LevelSequenceEditor
LogPluginManager: Mounting plugin MatineeToLevelSequence
LogPluginManager: Mounting plugin NetcodeUnitTest
LogPluginManager: Mounting plugin NUTUnrealEngine4
LogPluginManager: Mounting plugin OnlineSubsystemGooglePlay
LogPluginManager: Mounting plugin OnlineSubsystemIOS
LogPluginManager: Mounting plugin OnlineSubsystem
LogPluginManager: Mounting plugin OnlineSubsystemNull
LogPluginManager: Mounting plugin OnlineSubsystemUtils
LogPluginManager: Mounting plugin LauncherChunkInstaller
LogPluginManager: Mounting plugin AndroidDeviceProfileSelector
LogPluginManager: Mounting plugin AndroidMoviePlayer
LogPluginManager: Mounting plugin AndroidPermission
LogPluginManager: Mounting plugin AppleMoviePlayer
LogPluginManager: Mounting plugin ArchVisCharacter
LogPluginManager: Mounting plugin AudioCapture
LogPluginManager: Mounting plugin CableComponent
LogPluginManager: Mounting plugin CustomMeshComponent
LogPluginManager: Mounting plugin EditableMesh
LogPluginManager: Mounting plugin ExampleDeviceProfileSelector
LogPluginManager: Mounting plugin GoogleCloudMessaging
LogPluginManager: Mounting plugin HoudiniEngine
LogPluginManager: Mounting plugin ImmediatePhysics
LogPluginManager: Mounting plugin IOSDeviceProfileSelector
LogPluginManager: Mounting plugin LinuxDeviceProfileSelector
LogPluginManager: Mounting plugin LocationServicesBPLibrary
LogPluginManager: Mounting plugin MobilePatchingUtils
LogPluginManager: Mounting plugin OculusVR
LogPluginManager: Plugin shader directory ../../../Engine/Plugins/Runtime/Oculus/OculusVR/Shaders found
LogPluginManager: Mapping shader source directory ../../../Engine/Plugins/Runtime/Oculus/OculusVR/Shaders to virtual directory /Plugin/OculusVR
LogPluginManager: Mounting plugin PhysXVehicles
LogPluginManager: Mounting plugin ProceduralMeshComponent
LogPluginManager: Mounting plugin RuntimePhysXCooking
LogPluginManager: Mounting plugin SteamVR
LogPluginManager: Mounting plugin WindowsMoviePlayer
LogStreaming: Display: Took  0.199s to configure plugins.
LogInit: Using libcurl 7.55.1-DEV
LogInit:  - built for x86_64-pc-win32
LogInit:  - supports SSL with OpenSSL/1.0.2h
LogInit:  - supports HTTP deflate (compression) using libz 1.2.8
LogInit:  - other features:
LogInit:      CURL_VERSION_SSL
LogInit:      CURL_VERSION_LIBZ
LogInit:      CURL_VERSION_IPV6
LogInit:      CURL_VERSION_ASYNCHDNS
LogInit:      CURL_VERSION_LARGEFILE
LogInit:      CURL_VERSION_IDN
LogInit:  CurlRequestOptions (configurable via config and command line):
LogInit:  - bVerifyPeer = false  - Libcurl will NOT verify peer certificate
LogInit:  - bUseHttpProxy = false  - Libcurl will NOT use HTTP proxy
LogInit:  - bDontReuseConnections = false  - Libcurl will reuse connections
LogInit:  - CertBundlePath = nullptr  - Libcurl will use whatever was configured at build time.
LogInit:  - MaxHostConnections = 16  - Libcurl will limit the number of connections to a host
LogInit:  - LocalHostAddr = Default
LogInit:  - BufferSize = 65536
LogInit: WinSock: version 1.1 (2.2), MaxSocks=32767, MaxUdp=65467
LogInit: Build: ++UE4+Release-4.20-CL-4233996
LogInit: Engine Version: 4.20.2-4233996+++UE4+Release-4.20
LogInit: Compatible Engine Version: 4.20.0-4212847+++UE4+Release-4.20
LogInit: Net CL: 4212847
LogInit: OS: Windows 10 (), CPU: Intel(R) Core(TM) i7-4770 CPU @ 3.40GHz, GPU: NVIDIA GeForce GTX 1070
LogInit: Compiled (64-bit): Jul 26 2018 10:07:30
LogInit: Compiled with Visual C++: 19.13.26129.00
LogInit: Build Configuration: Development
LogInit: Branch Name: ++UE4+Release-4.20
LogInit: Command Line: 
LogInit: Base Directory: C:/Program Files/Epic Games/UE_4.20/Engine/Binaries/Win64/
LogInit: Installed Engine Build: 1
LogDevObjectVersion: Number of dev versions registered: 20
LogDevObjectVersion:   Dev-Blueprints (B0D832E4-1F89-4F0D-ACCF-7EB736FD4AA2): 10
LogDevObjectVersion:   Dev-Build (E1C64328-A22C-4D53-A36C-8E866417BD8C): 0
LogDevObjectVersion:   Dev-Core (375EC13C-06E4-48FB-B500-84F0262A717E): 2
LogDevObjectVersion:   Dev-Editor (E4B068ED-F494-42E9-A231-DA0B2E46BB41): 24
LogDevObjectVersion:   Dev-Framework (CFFC743F-43B0-4480-9391-14DF171D2073): 34
LogDevObjectVersion:   Dev-Mobile (B02B49B5-BB20-44E9-A304-32B752E40360): 2
LogDevObjectVersion:   Dev-Networking (A4E4105C-59A1-49B5-A7C5-40C4547EDFEE): 0
LogDevObjectVersion:   Dev-Online (39C831C9-5AE6-47DC-9A44-9C173E1C8E7C): 0
LogDevObjectVersion:   Dev-Physics (78F01B33-EBEA-4F98-B9B4-84EACCB95AA2): 0
LogDevObjectVersion:   Dev-Platform (6631380F-2D4D-43E0-8009-CF276956A95A): 0
LogDevObjectVersion:   Dev-Rendering (12F88B9F-8875-4AFC-A67C-D90C383ABD29): 26
LogDevObjectVersion:   Dev-Sequencer (7B5AE74C-D270-4C10-A958-57980B212A5A): 9
LogDevObjectVersion:   Dev-VR (D7296918-1DD6-4BDD-9DE2-64A83CC13884): 2
LogDevObjectVersion:   Dev-LoadTimes (C2A15278-BFE7-4AFE-6C17-90FF531DF755): 1
LogDevObjectVersion:   Private-Geometry (6EACA3D4-40EC-4CC1-B786-8BED09428FC5): 3
LogDevObjectVersion:   Dev-AnimPhys (29E575DD-E0A3-4627-9D10-D276232CDCEA): 17
LogDevObjectVersion:   Dev-ReflectionCapture (6B266CEC-1EC7-4B8F-A30B-E4D90942FC07): 1
LogDevObjectVersion:   Dev-Automation (0DF73D61-A23F-47EA-B727-89E90C41499A): 1
LogDevObjectVersion:   FortniteMain (601D1886-AC64-4F84-AA16-D3DE0DEAC7D6): 12
LogDevObjectVersion:   Dev-Enterprise (9DFFBCD6-494F-0158-E221-12823C92A888): 1
LogStreaming: Display: Took  0.005s to delete old logs.
LogInit: Presizing for max 8388607 objects, including 0 objects not considered by GC, pre-allocating 0 bytes for permanent pool.
LogInit: Object subsystem initialized
[2018.12.17-21.28.56:384][  0]LogInit: Selected Device Profile: [Windows]
[2018.12.17-21.28.56:384][  0]LogInit: Applying CVar settings loaded from the selected device profile: [Windows]
[2018.12.17-21.28.56:408][  0]LogHAL: Display: Platform has ~ 32 GB [34297425920 / 34359738368 / 32], which maps to Largest [LargestMinGB=32, LargerMinGB=12, DefaultMinGB=8, SmallerMinGB=6, SmallestMinGB=0)
[2018.12.17-21.28.56:409][  0]LogInit: Setting Device Profile CVar: [[r.Vulkan.UseRealUBs:1]]
[2018.12.17-21.28.56:409][  0]LogInit: Going up to parent DeviceProfile []
[2018.12.17-21.28.56:409][  0]LogInit: Computer: eae-d-136
[2018.12.17-21.28.56:409][  0]LogInit: User: u0723839
[2018.12.17-21.28.56:409][  0]LogInit: CPU Page size=4096, Cores=4
[2018.12.17-21.28.56:409][  0]LogInit: High frequency timer resolution =3.318387 MHz
[2018.12.17-21.28.56:409][  0]LogMemory: Memory total: Physical=31.9GB (32GB approx)
[2018.12.17-21.28.56:409][  0]LogMemory: Platform Memory Stats for Windows
[2018.12.17-21.28.56:409][  0]LogMemory: Process Physical Memory: 100.74 MB used, 100.74 MB peak
[2018.12.17-21.28.56:409][  0]LogMemory: Process Virtual Memory: 89.52 MB used, 89.52 MB peak
[2018.12.17-21.28.56:409][  0]LogMemory: Physical Memory: 14116.44 MB used,  18592.13 MB free, 32708.57 MB total
[2018.12.17-21.28.56:409][  0]LogMemory: Virtual Memory: 4638.88 MB used,  18592.13 MB free, 134217728.00 MB total
[2018.12.17-21.28.56:436][  0]LogInit: Using OS detected language (en-US).
[2018.12.17-21.28.56:436][  0]LogInit: Using OS detected locale (en-US).
[2018.12.17-21.28.56:438][  0]LogTextLocalizationManager: No specific localization for 'en-US' exists, so the 'en' localization will be used.
[2018.12.17-21.28.56:931][  0]LogStreaming: Display: Took  0.495s to InitEngineTextLocalization.
[2018.12.17-21.28.56:931][  0]LogInit: Setting process to per monitor DPI aware
[2018.12.17-21.28.56:979][  0]LogSlate: New Slate User Created.  User Index 0, Is Virtual User: 0
[2018.12.17-21.28.56:979][  0]LogSlate: Slate User Registered.  User Index 0, Is Virtual User: 0
[2018.12.17-21.28.57:253][  0]LogHMD: Failed to initialize OpenVR with code 110
[2018.12.17-21.28.57:253][  0]LogD3D11RHI: D3D11 adapters:
[2018.12.17-21.28.57:351][  0]LogD3D11RHI:    0. 'NVIDIA GeForce GTX 1070' (Feature Level 11_0)
[2018.12.17-21.28.57:351][  0]LogD3D11RHI:       8088/0/16354 MB DedicatedVideo/DedicatedSystem/SharedSystem, Outputs:2, VendorId:0x10de
[2018.12.17-21.28.57:354][  0]LogD3D11RHI:    1. 'Microsoft Basic Render Driver' (Feature Level 11_0)
[2018.12.17-21.28.57:354][  0]LogD3D11RHI:       0/0/16354 MB DedicatedVideo/DedicatedSystem/SharedSystem, Outputs:0, VendorId:0x1414
[2018.12.17-21.28.57:354][  0]LogD3D11RHI: Chosen D3D11 Adapter: 0
[2018.12.17-21.28.57:374][  0]LogD3D11RHI: Creating new Direct3DDevice
[2018.12.17-21.28.57:374][  0]LogD3D11RHI:     GPU DeviceId: 0x1b81 (for the marketing name, search the web for "GPU Device Id")
[2018.12.17-21.28.57:374][  0]LogWindows: EnumDisplayDevices:
[2018.12.17-21.28.57:374][  0]LogWindows:    0. 'NVIDIA GeForce GTX 1070' (P:1 D:1)
[2018.12.17-21.28.57:374][  0]LogWindows:    1. 'NVIDIA GeForce GTX 1070' (P:0 D:1)
[2018.12.17-21.28.57:375][  0]LogWindows:    2. 'NVIDIA GeForce GTX 1070' (P:0 D:0)
[2018.12.17-21.28.57:375][  0]LogWindows:    3. 'NVIDIA GeForce GTX 1070' (P:0 D:0)
[2018.12.17-21.28.57:375][  0]LogWindows: DebugString: FoundDriverCount:4 
[2018.12.17-21.28.57:375][  0]LogD3D11RHI:     Adapter Name: NVIDIA GeForce GTX 1070
[2018.12.17-21.28.57:375][  0]LogD3D11RHI:   Driver Version: 398.36 (internal:24.21.13.9836, unified:398.36)
[2018.12.17-21.28.57:375][  0]LogD3D11RHI:      Driver Date: 6-24-2018
[2018.12.17-21.28.57:375][  0]LogRHI: Texture pool is 5661 MB (70% of 8088 MB)
[2018.12.17-21.28.57:439][  0]LogD3D11RHI: Async texture creation enabled
[2018.12.17-21.28.57:458][  0]LogD3D11RHI: GPU Timing Frequency: 1000.000000 (Debug: 2 2)
[2018.12.17-21.28.57:545][  0]LogShaderCompilers: Guid format shader working directory is -39 characters bigger than the processId version (../../../../../../Users/u0723839/Documents/GitHub/AssetPipeMaster01/APsec1LargeCityBase/Intermediate/Shaders/WorkingDirectory/21372/).
[2018.12.17-21.28.57:545][  0]LogShaderCompilers: Cleaned the shader compiler working directory 'C:/Users/u0723839/AppData/Local/Temp/UnrealShaderWorkingDir/CB4CE2F14AFC50758D1D458272BE487A/'.
[2018.12.17-21.28.57:921][  0]LogTemp: Display: Loaded TP AllDesktopTargetPlatform
[2018.12.17-21.28.57:937][  0]LogTemp: Display: Loaded TP MacClientTargetPlatform
[2018.12.17-21.28.57:952][  0]LogTemp: Display: Loaded TP MacNoEditorTargetPlatform
[2018.12.17-21.28.57:971][  0]LogTemp: Display: Loaded TP MacServerTargetPlatform
[2018.12.17-21.28.57:992][  0]LogTemp: Display: Loaded TP MacTargetPlatform
[2018.12.17-21.28.58:009][  0]LogTemp: Display: Loaded TP WindowsClientTargetPlatform
[2018.12.17-21.28.58:024][  0]LogTemp: Display: Loaded TP WindowsNoEditorTargetPlatform
[2018.12.17-21.28.58:042][  0]LogTemp: Display: Loaded TP WindowsServerTargetPlatform
[2018.12.17-21.28.58:051][  0]LogTemp: Display: Loaded TP WindowsTargetPlatform
[2018.12.17-21.28.58:154][  0]LogTemp: Display: Loaded TP AndroidTargetPlatform
[2018.12.17-21.28.58:154][  0]LogTemp: Display: Loaded TP AndroidTargetPlatform
[2018.12.17-21.28.58:154][  0]LogTemp: Display: Loaded TP AndroidTargetPlatform
[2018.12.17-21.28.58:154][  0]LogTemp: Display: Loaded TP AndroidTargetPlatform
[2018.12.17-21.28.58:154][  0]LogTemp: Display: Loaded TP AndroidTargetPlatform
[2018.12.17-21.28.58:154][  0]LogTemp: Display: Loaded TP AndroidTargetPlatform
[2018.12.17-21.28.58:154][  0]LogTemp: Display: Loaded TP AndroidTargetPlatform
[2018.12.17-21.28.58:154][  0]LogTemp: Display: Loaded TP AndroidTargetPlatform
[2018.12.17-21.28.58:154][  0]LogTemp: Display: Loaded TP AndroidTargetPlatform
[2018.12.17-21.28.58:155][  0]LogTemp: Display: Loaded TP AndroidTargetPlatform
[2018.12.17-21.28.58:155][  0]LogTemp: Display: Loaded TP AndroidTargetPlatform
[2018.12.17-21.28.58:155][  0]LogTemp: Display: Loaded TP AndroidTargetPlatform
[2018.12.17-21.28.58:155][  0]LogTemp: Display: Loaded TP AndroidTargetPlatform
[2018.12.17-21.28.58:155][  0]LogTemp: Display: Loaded TP AndroidTargetPlatform
[2018.12.17-21.28.58:155][  0]LogTemp: Display: Loaded TP AndroidTargetPlatform
[2018.12.17-21.28.58:155][  0]LogTemp: Display: Loaded TP AndroidTargetPlatform
[2018.12.17-21.28.58:155][  0]LogTemp: Display: Loaded TP AndroidTargetPlatform
[2018.12.17-21.28.58:155][  0]LogTemp: Display: Loaded TP AndroidTargetPlatform
[2018.12.17-21.28.58:157][  0]LogTemp: Display: Loaded TP HTML5TargetPlatform
[2018.12.17-21.28.58:237][  0]LogTemp: Display: Loaded TP IOSTargetPlatform
[2018.12.17-21.28.58:237][  0]LogTemp: Display: Loaded TP IOSTargetPlatform
[2018.12.17-21.28.58:274][  0]LogTemp: Display: Loaded TP TVOSTargetPlatform
[2018.12.17-21.28.58:274][  0]LogTemp: Display: Loaded TP TVOSTargetPlatform
[2018.12.17-21.28.58:293][  0]LogTemp: Display: Loaded TP LinuxClientTargetPlatform
[2018.12.17-21.28.58:312][  0]LogTemp: Display: Loaded TP LinuxNoEditorTargetPlatform
[2018.12.17-21.28.58:331][  0]LogTemp: Display: Loaded TP LinuxServerTargetPlatform
[2018.12.17-21.28.58:354][  0]LogTemp: Display: Loaded TP LinuxTargetPlatform
[2018.12.17-21.28.58:369][  0]LogTemp: Display: Loaded TP LuminTargetPlatform
[2018.12.17-21.28.58:370][  0]LogTargetPlatformManager: Display: Building Assets For Windows
[2018.12.17-21.28.58:502][  0]LogXGEController: Cannot use XGE Controller as Incredibuild is not installed on this machine.
[2018.12.17-21.28.58:502][  0]LogShaderCompilers: Cannot use XGE Shader Compiler as Incredibuild is not installed on this machine.
[2018.12.17-21.28.58:502][  0]LogShaderCompilers: Display: Using Local Shader Compiler.
[2018.12.17-21.28.59:549][  0]LogDerivedDataCache: Display: Max Cache Size: 512 MB
[2018.12.17-21.28.59:640][  0]LogDerivedDataCache: Loaded boot cache 0.09s 71MB C:/Users/u0723839/AppData/Local/UnrealEngine/4.20/DerivedDataCache/Boot.ddc.
[2018.12.17-21.28.59:641][  0]LogDerivedDataCache: Display: Loaded Boot cache: C:/Users/u0723839/AppData/Local/UnrealEngine/4.20/DerivedDataCache/Boot.ddc
[2018.12.17-21.28.59:641][  0]LogDerivedDataCache: FDerivedDataBackendGraph:  Pak pak cache file ../../../../../../Users/u0723839/Documents/GitHub/AssetPipeMaster01/APsec1LargeCityBase/DerivedDataCache/DDC.ddp not found, will not use a pak cache.
[2018.12.17-21.28.59:641][  0]LogDerivedDataCache: Unable to find inner node Pak for hierarchical cache Hierarchy.
[2018.12.17-21.28.59:641][  0]LogDerivedDataCache: FDerivedDataBackendGraph:  CompressedPak pak cache file ../../../../../../Users/u0723839/Documents/GitHub/AssetPipeMaster01/APsec1LargeCityBase/DerivedDataCache/Compressed.ddp not found, will not use a pak cache.
[2018.12.17-21.28.59:641][  0]LogDerivedDataCache: Unable to find inner node CompressedPak for hierarchical cache Hierarchy.
[2018.12.17-21.28.59:656][  0]LogDerivedDataCache: Display: Pak cache opened for reading ../../../Engine/DerivedDataCache/Compressed.ddp.
[2018.12.17-21.28.59:669][  0]LogDerivedDataCache: Using Local data cache path C:/Users/u0723839/AppData/Local/UnrealEngine/Common/DerivedDataCache: Writable
[2018.12.17-21.28.59:669][  0]LogDerivedDataCache: Shared data cache path not found in *engine.ini, will not use an Shared cache.
[2018.12.17-21.28.59:669][  0]LogDerivedDataCache: Unable to find inner node Shared for hierarchical cache Hierarchy.
[2018.12.17-21.28.59:695][  0]LogMaterial: Verifying Global Shaders for PCD3D_SM5
[2018.12.17-21.28.59:697][  0]LogSlate: Using FreeType 2.6.0
[2018.12.17-21.28.59:698][  0]LogSlate: SlateFontServices - WITH_FREETYPE: 1, WITH_HARFBUZZ: 1
[2018.12.17-21.28.59:789][  0]LogAssetRegistry: FAssetRegistry took 0.0268 seconds to start up
[2018.12.17-21.29.00:265][  0]LogInit: Selected Device Profile: [Windows]
[2018.12.17-21.29.00:454][  0]LogSimplygon: Simplygon DLL not present - disabling.
[2018.12.17-21.29.00:462][  0]LogMeshReduction: Using SimplygonSwarm for distributed automatic mesh merging
[2018.12.17-21.29.00:462][  0]LogMeshReduction: Using ProxyLODMeshReduction for automatic mesh merging
[2018.12.17-21.29.00:462][  0]LogMeshReduction: Using QuadricMeshReduction for automatic static mesh reduction
[2018.12.17-21.29.00:462][  0]LogMeshReduction: No automatic skeletal mesh reduction module available
[2018.12.17-21.29.00:483][  0]LogNetVersion: APsec1LargeCityBase 1.0.0, NetCL: 4212847, EngineNetVer: 5, GameNetVer: 0 (Checksum: 1121110827)
[2018.12.17-21.29.01:248][  0]LogPackageLocalizationCache: Processed 12 localized package path(s) for 2 prioritized culture(s) in 0.193949 seconds
[2018.12.17-21.29.01:255][  0]LogUObjectArray: 38425 objects as part of root set at end of initial load.
[2018.12.17-21.29.01:255][  0]LogUObjectAllocator: 6690872 out of 0 bytes used by permanent object pool.
[2018.12.17-21.29.01:255][  0]LogUObjectArray: CloseDisregardForGC: 0/0 objects in disregard for GC pool
[2018.12.17-21.29.02:350][  0]LogTcpMessaging: Initializing TcpMessaging bridge
[2018.12.17-21.29.02:365][  0]LogUdpMessaging: Initializing bridge on interface 0.0.0.0:0 to multicast group 230.0.0.1:6666.
[2018.12.17-21.29.02:537][  0]SourceControl: Source control is disabled
[2018.12.17-21.29.02:537][  0]SourceControl: Source control is disabled
[2018.12.17-21.29.02:539][  0]SourceControl: Source control is disabled
[2018.12.17-21.29.02:540][  0]SourceControl: Source control is disabled
[2018.12.17-21.29.02:727][  0]LogAndroidPermission: UAndroidPermissionCallbackProxy::GetInstance
[2018.12.17-21.29.02:864][  0]LogHoudiniEngine: Starting the Houdini Engine module.
[2018.12.17-21.29.02:865][  0]LogHoudiniEngine: Loaded libHAPIL.dll from Registry path C:/Program Files/Side Effects Software/Houdini 17.0.352/bin
[2018.12.17-21.29.02:865][  0]LogLinker: Warning: Asset '../../Plugins/Runtime/HoudiniEngine/Content/houdini_logo.uasset' has been saved with empty engine version. The asset will be loaded but may be incompatible.
[2018.12.17-21.29.02:868][  0]LogLinker: Warning: Asset '../../Plugins/Runtime/HoudiniEngine/Content/houdini_default_material.uasset' has been saved with empty engine version. The asset will be loaded but may be incompatible.
[2018.12.17-21.29.02:875][  0]LogLinker: Warning: Asset '../../Plugins/Runtime/HoudiniEngine/Content/houdini_bgeo_import.uasset' has been saved with empty engine version. The asset will be loaded but may be incompatible.
[2018.12.17-21.29.05:885][  0]LogHoudiniEngine: Starting up the Houdini Engine API module failed: Already Initialized
[2018.12.17-21.29.05:901][  0]LogOcInput: OculusInput pre-init called
[2018.12.17-21.29.05:978][  0]LogEngine: Initializing Engine...
[2018.12.17-21.29.05:979][  0]LogHMD: Failed to initialize OpenVR with code 110
[2018.12.17-21.29.05:980][  0]LogStats: UGameplayTagsManager::ConstructGameplayTagTree: ImportINI prefixes -  0.000 s
[2018.12.17-21.29.05:980][  0]LogStats: UGameplayTagsManager::ConstructGameplayTagTree: Construct from data asset -  0.000 s
[2018.12.17-21.29.05:980][  0]LogStats: UGameplayTagsManager::ConstructGameplayTagTree: ImportINI -  0.000 s
[2018.12.17-21.29.05:980][  0]LogStats: UGameplayTagsManager::ConstructGameplayTagTree: GameplayTagTreeChangedEvent.Broadcast -  0.000 s
[2018.12.17-21.29.06:252][  0]LogInit: Initializing FReadOnlyCVARCache
[2018.12.17-21.29.06:278][  0]LogAIModule: Creating AISystem for world Untitled
[2018.12.17-21.29.06:411][  0]LogInit: XAudio2 using 'Headphones (3- High Definition Audio Device)' : 2 channels at 48 kHz using 16 bits per sample (channel mask 0x3)
[2018.12.17-21.29.06:429][  0]LogInit: FAudioDevice initialized.
[2018.12.17-21.29.06:429][  0]LogNetVersion: Set ProjectVersion to 1.0.0.0. Version Checksum will be recalculated on next use.
[2018.12.17-21.29.06:962][  0]LogDerivedDataCache: Saved boot cache 0.53s 71MB C:/Users/u0723839/AppData/Local/UnrealEngine/4.20/DerivedDataCache/Boot.ddc.
[2018.12.17-21.29.06:966][  0]LogInit: Texture streaming: Enabled
[2018.12.17-21.29.06:999][  0]LogEngineSessionManager: EngineSessionManager initialized
[2018.12.17-21.29.07:030][  0]LogInit: Transaction tracking system initialized
[2018.12.17-21.29.07:076][  0]BlueprintLog: New page: Editor Load
[2018.12.17-21.29.07:234][  0]LocalizationService: Localization service is disabled
[2018.12.17-21.29.07:570][  0]LogCook: Display: Max memory allowance for cook 16384mb min free memory 0mb
[2018.12.17-21.29.07:570][  0]LogCook: Display: Mobile HDR setting 1
[2018.12.17-21.29.07:570][  0]LogGameplayTags: Display: UGameplayTagsManager::DoneAddingNativeTags. DelegateIsBound: 0
[2018.12.17-21.29.07:570][  0]LogStats: UGameplayTagsManager::ConstructGameplayTagTree: ImportINI prefixes -  0.000 s
[2018.12.17-21.29.07:570][  0]LogStats: UGameplayTagsManager::ConstructGameplayTagTree: Construct from data asset -  0.000 s
[2018.12.17-21.29.07:571][  0]LogStats: UGameplayTagsManager::ConstructGameplayTagTree: ImportINI -  0.000 s
[2018.12.17-21.29.07:571][  0]LogStats: UGameplayTagsManager::ConstructGameplayTagTree: GameplayTagTreeChangedEvent.Broadcast -  0.000 s
[2018.12.17-21.29.07:674][  0]LogFileCache: Scanning file cache for directory 'C:/Users/u0723839/Documents/GitHub/AssetPipeMaster01/APsec1LargeCityBase/Content/' took 0.03s
[2018.12.17-21.29.07:674][  0]LogHoudiniEngineEditor: Starting the Houdini Engine Editor module.
[2018.12.17-21.29.07:678][  0]LogLinker: Warning: Can't find file '/Game/HoudiniEngine/Tools/Default/he_boolean'
[2018.12.17-21.29.07:678][  0]LogLinker: Warning: Can't find file '/Game/HoudiniEngine/Tools/Default/he_boolean'
[2018.12.17-21.29.07:678][  0]LogUObjectGlobals: Warning: Failed to find object 'Object /Game/HoudiniEngine/Tools/Default/he_boolean.he_boolean'
[2018.12.17-21.29.07:685][  0]LogFactory: FactoryCreateFile: HoudiniAsset with HoudiniAssetFactory (0 0 C:/Program Files/Side Effects Software/Houdini 17.0.352/engine/tools/he_boolean.hda)
[2018.12.17-21.29.07:705][  0]LogSavePackage: Moving '../../../../../../Users/u0723839/Documents/GitHub/AssetPipeMaster01/APsec1LargeCityBase/Saved/he_boolean5EA1C8FF42C65C57363644BC0F66C1E9.tmp' to '../../../../../../Users/u0723839/Documents/GitHub/AssetPipeMaster01/APsec1LargeCityBase/Content/HoudiniEngine/Tools/Default/he_boolean.uasset'
[2018.12.17-21.29.07:715][  0]LogLinker: Warning: Can't find file '/Game/HoudiniEngine/Tools/Default/he_calculate_occlusion'
[2018.12.17-21.29.07:716][  0]LogLinker: Warning: Can't find file '/Game/HoudiniEngine/Tools/Default/he_calculate_occlusion'
[2018.12.17-21.29.07:716][  0]LogUObjectGlobals: Warning: Failed to find object 'Object /Game/HoudiniEngine/Tools/Default/he_calculate_occlusion.he_calculate_occlusion'
[2018.12.17-21.29.07:728][  0]LogFactory: FactoryCreateFile: HoudiniAsset with HoudiniAssetFactory (0 0 C:/Program Files/Side Effects Software/Houdini 17.0.352/engine/tools/he_calculate_occlusion.hda)
[2018.12.17-21.29.07:740][  0]LogSavePackage: Moving '../../../../../../Users/u0723839/Documents/GitHub/AssetPipeMaster01/APsec1LargeCityBase/Saved/he_calculate_occlusion0EE28A7E45A6CA5F6ACEC2886D266F27.tmp' to '../../../../../../Users/u0723839/Documents/GitHub/AssetPipeMaster01/APsec1LargeCityBase/Content/HoudiniEngine/Tools/Default/he_calculate_occlusion.uasset'
[2018.12.17-21.29.07:745][  0]LogLinker: Warning: Can't find file '/Game/HoudiniEngine/Tools/Default/he_curve_instancer'
[2018.12.17-21.29.07:745][  0]LogLinker: Warning: Can't find file '/Game/HoudiniEngine/Tools/Default/he_curve_instancer'
[2018.12.17-21.29.07:746][  0]LogUObjectGlobals: Warning: Failed to find object 'Object /Game/HoudiniEngine/Tools/Default/he_curve_instancer.he_curve_instancer'
[2018.12.17-21.29.07:752][  0]LogFactory: FactoryCreateFile: HoudiniAsset with HoudiniAssetFactory (0 0 C:/Program Files/Side Effects Software/Houdini 17.0.352/engine/tools/he_curve_instancer.hda)
[2018.12.17-21.29.07:766][  0]LogSavePackage: Moving '../../../../../../Users/u0723839/Documents/GitHub/AssetPipeMaster01/APsec1LargeCityBase/Saved/he_curve_instancerB18BEC494A20326994DF6DA961B81547.tmp' to '../../../../../../Users/u0723839/Documents/GitHub/AssetPipeMaster01/APsec1LargeCityBase/Content/HoudiniEngine/Tools/Default/he_curve_instancer.uasset'
[2018.12.17-21.29.07:774][  0]LogLinker: Warning: Can't find file '/Game/HoudiniEngine/Tools/Default/he_delete_small_parts'
[2018.12.17-21.29.07:774][  0]LogLinker: Warning: Can't find file '/Game/HoudiniEngine/Tools/Default/he_delete_small_parts'
[2018.12.17-21.29.07:774][  0]LogUObjectGlobals: Warning: Failed to find object 'Object /Game/HoudiniEngine/Tools/Default/he_delete_small_parts.he_delete_small_parts'
[2018.12.17-21.29.07:782][  0]LogFactory: FactoryCreateFile: HoudiniAsset with HoudiniAssetFactory (0 0 C:/Program Files/Side Effects Software/Houdini 17.0.352/engine/tools/he_delete_small_parts.hda)
[2018.12.17-21.29.07:797][  0]LogSavePackage: Moving '../../../../../../Users/u0723839/Documents/GitHub/AssetPipeMaster01/APsec1LargeCityBase/Saved/he_delete_small_partsA125EE1C4E06122AC1D6738D325389FF.tmp' to '../../../../../../Users/u0723839/Documents/GitHub/AssetPipeMaster01/APsec1LargeCityBase/Content/HoudiniEngine/Tools/Default/he_delete_small_parts.uasset'
[2018.12.17-21.29.07:803][  0]LogLinker: Warning: Can't find file '/Game/HoudiniEngine/Tools/Default/he_polyreduce'
[2018.12.17-21.29.07:804][  0]LogLinker: Warning: Can't find file '/Game/HoudiniEngine/Tools/Default/he_polyreduce'
[2018.12.17-21.29.07:804][  0]LogUObjectGlobals: Warning: Failed to find object 'Object /Game/HoudiniEngine/Tools/Default/he_polyreduce.he_polyreduce'
[2018.12.17-21.29.07:812][  0]LogFactory: FactoryCreateFile: HoudiniAsset with HoudiniAssetFactory (0 0 C:/Program Files/Side Effects Software/Houdini 17.0.352/engine/tools/he_polyreduce.hda)
[2018.12.17-21.29.07:824][  0]LogSavePackage: Moving '../../../../../../Users/u0723839/Documents/GitHub/AssetPipeMaster01/APsec1LargeCityBase/Saved/he_polyreduce3D8AE139464B409255767A8E961B1565.tmp' to '../../../../../../Users/u0723839/Documents/GitHub/AssetPipeMaster01/APsec1LargeCityBase/Content/HoudiniEngine/Tools/Default/he_polyreduce.uasset'
[2018.12.17-21.29.07:829][  0]LogLinker: Warning: Can't find file '/Game/HoudiniEngine/Tools/Default/he_set_pivot'
[2018.12.17-21.29.07:829][  0]LogLinker: Warning: Can't find file '/Game/HoudiniEngine/Tools/Default/he_set_pivot'
[2018.12.17-21.29.07:829][  0]LogUObjectGlobals: Warning: Failed to find object 'Object /Game/HoudiniEngine/Tools/Default/he_set_pivot.he_set_pivot'
[2018.12.17-21.29.07:835][  0]LogFactory: FactoryCreateFile: HoudiniAsset with HoudiniAssetFactory (0 0 C:/Program Files/Side Effects Software/Houdini 17.0.352/engine/tools/he_set_pivot.hda)
[2018.12.17-21.29.07:845][  0]LogSavePackage: Moving '../../../../../../Users/u0723839/Documents/GitHub/AssetPipeMaster01/APsec1LargeCityBase/Saved/he_set_pivot3AC6586D4AB5845568478E877CFC95D5.tmp' to '../../../../../../Users/u0723839/Documents/GitHub/AssetPipeMaster01/APsec1LargeCityBase/Content/HoudiniEngine/Tools/Default/he_set_pivot.uasset'
[2018.12.17-21.29.07:852][  0]LogLinker: Warning: Can't find file '/Game/HoudiniEngine/Tools/Default/he_surface_instancer'
[2018.12.17-21.29.07:852][  0]LogLinker: Warning: Can't find file '/Game/HoudiniEngine/Tools/Default/he_surface_instancer'
[2018.12.17-21.29.07:852][  0]LogUObjectGlobals: Warning: Failed to find object 'Object /Game/HoudiniEngine/Tools/Default/he_surface_instancer.he_surface_instancer'
[2018.12.17-21.29.07:858][  0]LogFactory: FactoryCreateFile: HoudiniAsset with HoudiniAssetFactory (0 0 C:/Program Files/Side Effects Software/Houdini 17.0.352/engine/tools/he_surface_instancer.hda)
[2018.12.17-21.29.07:870][  0]LogSavePackage: Moving '../../../../../../Users/u0723839/Documents/GitHub/AssetPipeMaster01/APsec1LargeCityBase/Saved/he_surface_instancer64E9D49648D26AE9F58BF99767737610.tmp' to '../../../../../../Users/u0723839/Documents/GitHub/AssetPipeMaster01/APsec1LargeCityBase/Content/HoudiniEngine/Tools/Default/he_surface_instancer.uasset'
[2018.12.17-21.29.07:875][  0]LogHoudiniEngineEditor: Houdini Engine Editor module startup complete.
[2018.12.17-21.29.07:960][  0]SourceControl: Source control is disabled
[2018.12.17-21.29.07:960][  0]Cmd: MAP LOAD FILE="../../../Engine/Content/Maps/Templates/Template_Default.umap" TEMPLATE=1 SHOWPROGRESS=1 FEATURELEVEL=3
[2018.12.17-21.29.07:961][  0]LightingResults: New page: Lighting Build
[2018.12.17-21.29.07:965][  0]MapCheck: New page: Map Check
[2018.12.17-21.29.07:965][  0]LightingResults: New page: Lighting Build
[2018.12.17-21.29.08:042][  0]LogLinker: Warning: Can't find file '/Game/VFX/Environment_VFX/Source/M_CloudSprite_VFX'
[2018.12.17-21.29.08:042][  0]LogLinker: Warning: Can't find file for asset '/Game/VFX/Environment_VFX/Source/M_CloudSprite_VFX' while loading ../../../Engine/Content/EngineSky/BP_Sky_Sphere.uasset.
[2018.12.17-21.29.08:042][  0]LoadErrors: Error: /Engine/EngineSky/BP_Sky_Sphere : Can't find file for asset. /Game/VFX/Environment_VFX/Source/M_CloudSprite_VFX
[2018.12.17-21.29.08:045][  0]LogLinker: Warning: Can't find file '/Game/Prototype/ColemanBrcko/M_SkyboxClouds'
[2018.12.17-21.29.08:045][  0]LogLinker: Warning: Can't find file for asset '/Game/Prototype/ColemanBrcko/M_SkyboxClouds' while loading ../../../Engine/Content/EngineSky/SM_SkySphere.uasset.
[2018.12.17-21.29.08:045][  0]LoadErrors: Error: /Engine/EngineSky/SM_SkySphere : Can't find file for asset. /Game/Prototype/ColemanBrcko/M_SkyboxClouds
[2018.12.17-21.29.08:045][  0]LogLinker: Warning: Can't find file '/Game/Prototype/ColemanBrcko/M_SkyboxClouds'
[2018.12.17-21.29.08:045][  0]LogLinker: Warning: Can't find file for asset '/Game/Prototype/ColemanBrcko/M_SkyboxClouds' while loading ../../../Engine/Content/EngineSky/SM_SkySphere.uasset.
[2018.12.17-21.29.08:045][  0]LoadErrors: Error: /Engine/EngineSky/SM_SkySphere : Can't find file for asset. /Game/Prototype/ColemanBrcko/M_SkyboxClouds
[2018.12.17-21.29.08:046][  0]LogLinker: Warning: Can't find file '/Game/VFX/Environment_VFX/Source/M_CloudSprite_VFX'
[2018.12.17-21.29.08:046][  0]LogLinker: Warning: Can't find file for asset '/Game/VFX/Environment_VFX/Source/M_CloudSprite_VFX' while loading ../../../Engine/Content/EngineSky/BP_Sky_Sphere.uasset.
[2018.12.17-21.29.08:046][  0]LoadErrors: Error: /Engine/EngineSky/BP_Sky_Sphere : Can't find file for asset. /Game/VFX/Environment_VFX/Source/M_CloudSprite_VFX
[2018.12.17-21.29.08:049][  0]LogLinker: Warning: Can't find file '/Game/VFX/Environment_VFX/Source/M_CloudSprite_VFX'
[2018.12.17-21.29.08:049][  0]LogLinker: Warning: Can't find file for asset '/Game/VFX/Environment_VFX/Source/M_CloudSprite_VFX' while loading ../../../Engine/Content/Maps/Templates/Template_Default.umap.
[2018.12.17-21.29.08:049][  0]LoadErrors: Error: /Engine/Maps/Templates/Template_Default : Can't find file for asset. /Game/VFX/Environment_VFX/Source/M_CloudSprite_VFX
[2018.12.17-21.29.08:049][  0]LogLinker: Warning: Can't find file '/Game/VFX/Environment_VFX/Source/M_CloudSprite_VFX'
[2018.12.17-21.29.08:049][  0]LogLinker: Warning: Can't find file for asset '/Game/VFX/Environment_VFX/Source/M_CloudSprite_VFX' while loading ../../../Engine/Content/Maps/Templates/Template_Default.umap.
[2018.12.17-21.29.08:049][  0]LoadErrors: Error: /Engine/Maps/Templates/Template_Default : Can't find file for asset. /Game/VFX/Environment_VFX/Source/M_CloudSprite_VFX
[2018.12.17-21.29.08:059][  0]LogLinker: Warning: Can't find file '/Game/VFX/Environment_VFX/Source/M_CloudSprite_VFX'
[2018.12.17-21.29.08:059][  0]LoadErrors: Failed to load /Game/VFX/Environment_VFX/Source/M_CloudSprite_VFX.M_CloudSprite_VFX Referenced by StaticMeshComponent_12
[2018.12.17-21.29.08:059][  0]LogLinker: Warning: Can't find file for asset '/Game/VFX/Environment_VFX/Source/M_CloudSprite_VFX' while loading ../../../Engine/Content/Maps/Templates/Template_Default.umap.
[2018.12.17-21.29.08:059][  0]LoadErrors: Failed to load /Game/VFX/Environment_VFX/Source/M_CloudSprite_VFX.M_CloudSprite_VFX Referenced by StaticMeshComponent_12
[2018.12.17-21.29.08:059][  0]LoadErrors: Error: /Engine/Maps/Templates/Template_Default : Can't find file for asset. /Game/VFX/Environment_VFX/Source/M_CloudSprite_VFX
[2018.12.17-21.29.08:100][  0]LogLinker: Warning: Can't find file '/Game/Prototype/ColemanBrcko/M_SkyboxClouds'
[2018.12.17-21.29.08:100][  0]LoadErrors: Failed to load /Game/Prototype/ColemanBrcko/M_SkyboxClouds.M_SkyboxClouds Referenced by SM_SkySphere
[2018.12.17-21.29.08:101][  0]LogLinker: Warning: Can't find file for asset '/Game/Prototype/ColemanBrcko/M_SkyboxClouds' while loading NULL.
[2018.12.17-21.29.08:101][  0]LoadErrors: Failed to load /Game/Prototype/ColemanBrcko/M_SkyboxClouds.M_SkyboxClouds Referenced by SM_SkySphere
[2018.12.17-21.29.08:101][  0]LogLinker: Warning: Can't find file '/Game/Prototype/ColemanBrcko/M_SkyboxClouds'
[2018.12.17-21.29.08:101][  0]LoadErrors: Failed to load /Game/Prototype/ColemanBrcko/M_SkyboxClouds.M_SkyboxClouds Referenced by SM_SkySphere
[2018.12.17-21.29.08:101][  0]LogLinker: Warning: Can't find file for asset '/Game/Prototype/ColemanBrcko/M_SkyboxClouds' while loading NULL.
[2018.12.17-21.29.08:101][  0]LoadErrors: Failed to load /Game/Prototype/ColemanBrcko/M_SkyboxClouds.M_SkyboxClouds Referenced by SM_SkySphere
[2018.12.17-21.29.08:187][  0]LogAIModule: Creating AISystem for world Untitled_1
[2018.12.17-21.29.08:196][  0]LogEditorServer: Finished looking for orphan Actors (0.000 secs)
[2018.12.17-21.29.08:221][  0]Cmd: MAP CHECKDEP NOCLEARLOG
[2018.12.17-21.29.08:350][  0]MapCheck: Map check complete: 0 Error(s), 0 Warning(s), took 128.483ms to complete.
[2018.12.17-21.29.08:350][  0]LogFileHelpers: Loading map 'Template_Default' took 0.389
[2018.12.17-21.29.08:485][  0]LogSlate: Updating window title bar state: overlay mode, drag disabled, window buttons hidden, title bar hidden
[2018.12.17-21.29.08:494][  0]LogSlate: Updating window title bar state: overlay mode, drag disabled, window buttons hidden, title bar hidden
[2018.12.17-21.29.08:504][  0]LogSlate: Updating window title bar state: overlay mode, drag disabled, window buttons hidden, title bar hidden
[2018.12.17-21.29.08:516][  0]LogSlate: Updating window title bar state: overlay mode, drag disabled, window buttons hidden, title bar hidden
[2018.12.17-21.29.08:532][  0]LogCollectionManager: Loaded 0 collections in 0.004604 seconds
[2018.12.17-21.29.08:581][  0]LogFileCache: Scanning file cache for directory 'C:/Users/u0723839/Documents/GitHub/AssetPipeMaster01/APsec1LargeCityBase/Saved/Collections/' took 0.01s
[2018.12.17-21.29.08:581][  0]LogFileCache: Scanning file cache for directory 'C:/Users/u0723839/Documents/GitHub/AssetPipeMaster01/APsec1LargeCityBase/Content/Developers/u0723839/Collections/' took 0.01s
[2018.12.17-21.29.08:582][  0]LogFileCache: Scanning file cache for directory 'C:/Users/u0723839/Documents/GitHub/AssetPipeMaster01/APsec1LargeCityBase/Content/Collections/' took 0.01s
[2018.12.17-21.29.08:582][  0]LogCollectionManager: Rebuilt the GUID cache for 0 collections in 0.000001 seconds
[2018.12.17-21.29.08:598][  0]LogContentBrowser: Native class hierarchy populated in 0.0158 seconds. Added 2610 classes and 610 folders.
[2018.12.17-21.29.08:609][  0]LogContentBrowser: Native class hierarchy updated for 'WidgetCarousel' in 0.0003 seconds. Added 0 classes and 0 folders.
[2018.12.17-21.29.09:038][  0]LogContentBrowser: Native class hierarchy updated for 'AddContentDialog' in 0.0005 seconds. Added 0 classes and 0 folders.
[2018.12.17-21.29.09:050][  0]LogContentBrowser: Native class hierarchy updated for 'SceneOutliner' in 0.0004 seconds. Added 1 classes and 2 folders.
[2018.12.17-21.29.09:149][  0]LogSlate: Took 0.000241 seconds to synchronously load lazily loaded font '../../../Engine/Content/Slate/Fonts/Roboto-Regular.ttf' (155K)
[2018.12.17-21.29.09:153][  0]LogSlate: Took 0.000317 seconds to synchronously load lazily loaded font '../../../Engine/Content/Slate/Fonts/Roboto-Bold.ttf' (160K)
[2018.12.17-21.29.09:165][  0]LogSlate: Took 0.004094 seconds to synchronously load lazily loaded font '../../../Engine/Content/Editor/Slate/Fonts/FontAwesome.ttf' (139K)
[2018.12.17-21.29.09:271][  0]LogRenderer: Reallocating scene render targets to support 1272x540 Format 10 NumSamples 1 (Frame:1).
[2018.12.17-21.29.09:332][  0]LogSlate: Took 0.005006 seconds to synchronously load lazily loaded font '../../../Engine/Content/Slate/Fonts/Roboto-Light.ttf' (167K)
[2018.12.17-21.29.09:493][  0]LogContentBrowser: Native class hierarchy updated for 'HierarchicalLODOutliner' in 0.0003 seconds. Added 0 classes and 0 folders.
[2018.12.17-21.29.09:493][  0]LogLoad: (Engine Initialization) Total time: 16.18 seconds
[2018.12.17-21.29.09:493][  0]LogLoad: (Engine Initialization) Total Blueprint compile time: 0.00 seconds
[2018.12.17-21.29.09:546][  0]LogContentStreaming: Texture pool size now 1000 MB
[2018.12.17-21.29.09:556][  0]LogSlate: FSceneViewport::OnFocusLost() reason 2
[2018.12.17-21.29.09:635][  1]LogFileCache: Retrieving MD5 hashes for directory 'C:/Users/u0723839/Documents/GitHub/AssetPipeMaster01/APsec1LargeCityBase/Content/' took 0.12s
[2018.12.17-21.29.12:825][252]LogFileManager: Error: Error writing to file: ../../../../../../Users/u0723839/Documents/GitHub/AssetPipeMaster01/APsec1LargeCityBase/Intermediate/CachedAssetRegistry.bin.tmp (There is not enough space on the disk.)
[2018.12.17-21.29.12:830][252]LogFileManager: Error: Error flushing file: ../../../../../../Users/u0723839/Documents/GitHub/AssetPipeMaster01/APsec1LargeCityBase/Intermediate/CachedAssetRegistry.bin.tmp (There is not enough space on the disk.)
[2018.12.17-21.29.12:830][252]LogFileManager: Error: Error flushing file: ../../../../../../Users/u0723839/Documents/GitHub/AssetPipeMaster01/APsec1LargeCityBase/Intermediate/CachedAssetRegistry.bin.tmp (There is not enough space on the disk.)
[2018.12.17-21.29.12:830][252]LogFileManager: Error: Error flushing file: ../../../../../../Users/u0723839/Documents/GitHub/AssetPipeMaster01/APsec1LargeCityBase/Intermediate/CachedAssetRegistry.bin.tmp (There is not enough space on the disk.)
[2018.12.17-21.29.12:830][252]LogFileManager: Error: Error flushing file: ../../../../../../Users/u0723839/Documents/GitHub/AssetPipeMaster01/APsec1LargeCityBase/Intermediate/CachedAssetRegistry.bin.tmp (There is not enough space on the disk.)
[2018.12.17-21.29.12:830][252]LogFileManager: Error: Error flushing file: ../../../../../../Users/u0723839/Documents/GitHub/AssetPipeMaster01/APsec1LargeCityBase/Intermediate/CachedAssetRegistry.bin.tmp (There is not enough space on the disk.)
[2018.12.17-21.29.12:830][252]LogFileManager: Error: Error flushing file: ../../../../../../Users/u0723839/Documents/GitHub/AssetPipeMaster01/APsec1LargeCityBase/Intermediate/CachedAssetRegistry.bin.tmp (There is not enough space on the disk.)
[2018.12.17-21.29.12:830][252]LogFileManager: Error: Error flushing file: ../../../../../../Users/u0723839/Documents/GitHub/AssetPipeMaster01/APsec1LargeCityBase/Intermediate/CachedAssetRegistry.bin.tmp (There is not enough space on the disk.)
[2018.12.17-21.29.12:830][252]LogFileManager: Error: Error flushing file: ../../../../../../Users/u0723839/Documents/GitHub/AssetPipeMaster01/APsec1LargeCityBase/Intermediate/CachedAssetRegistry.bin.tmp (There is not enough space on the disk.)
[2018.12.17-21.29.12:830][252]LogFileManager: Error: Error flushing file: ../../../../../../Users/u0723839/Documents/GitHub/AssetPipeMaster01/APsec1LargeCityBase/Intermediate/CachedAssetRegistry.bin.tmp (There is not enough space on the disk.)
[2018.12.17-21.29.12:830][252]LogFileManager: Error: Error flushing file: ../../../../../../Users/u0723839/Documents/GitHub/AssetPipeMaster01/APsec1LargeCityBase/Intermediate/CachedAssetRegistry.bin.tmp (There is not enough space on the disk.)
[2018.12.17-21.29.12:830][252]LogFileManager: Error: Error flushing file: ../../../../../../Users/u0723839/Documents/GitHub/AssetPipeMaster01/APsec1LargeCityBase/Intermediate/CachedAssetRegistry.bin.tmp (There is not enough space on the disk.)
[2018.12.17-21.29.12:830][252]LogFileManager: Error: Error flushing file: ../../../../../../Users/u0723839/Documents/GitHub/AssetPipeMaster01/APsec1LargeCityBase/Intermediate/CachedAssetRegistry.bin.tmp (There is not enough space on the disk.)
[2018.12.17-21.29.12:830][252]LogFileManager: Error: Error flushing file: ../../../../../../Users/u0723839/Documents/GitHub/AssetPipeMaster01/APsec1LargeCityBase/Intermediate/CachedAssetRegistry.bin.tmp (There is not enough space on the disk.)
[2018.12.17-21.29.12:830][252]LogFileManager: Error: Error flushing file: ../../../../../../Users/u0723839/Documents/GitHub/AssetPipeMaster01/APsec1LargeCityBase/Intermediate/CachedAssetRegistry.bin.tmp (There is not enough space on the disk.)
[2018.12.17-21.29.12:830][252]LogFileManager: Error: Error flushing file: ../../../../../../Users/u0723839/Documents/GitHub/AssetPipeMaster01/APsec1LargeCityBase/Intermediate/CachedAssetRegistry.bin.tmp (There is not enough space on the disk.)
[2018.12.17-21.29.12:830][252]LogFileManager: Error: Error flushing file: ../../../../../../Users/u0723839/Documents/GitHub/AssetPipeMaster01/APsec1LargeCityBase/Intermediate/CachedAssetRegistry.bin.tmp (There is not enough space on the disk.)
[2018.12.17-21.29.12:830][252]LogFileManager: Error: Error flushing file: ../../../../../../Users/u0723839/Documents/GitHub/AssetPipeMaster01/APsec1LargeCityBase/Intermediate/CachedAssetRegistry.bin.tmp (There is not enough space on the disk.)
[2018.12.17-21.29.12:830][252]LogFileManager: Error: Error flushing file: ../../../../../../Users/u0723839/Documents/GitHub/AssetPipeMaster01/APsec1LargeCityBase/Intermediate/CachedAssetRegistry.bin.tmp (There is not enough space on the disk.)
[2018.12.17-21.29.12:830][252]LogFileManager: Error: Error flushing file: ../../../../../../Users/u0723839/Documents/GitHub/AssetPipeMaster01/APsec1LargeCityBase/Intermediate/CachedAssetRegistry.bin.tmp (There is not enough space on the disk.)
[2018.12.17-21.29.12:830][252]LogFileManager: Error: Error flushing file: ../../../../../../Users/u0723839/Documents/GitHub/AssetPipeMaster01/APsec1LargeCityBase/Intermediate/CachedAssetRegistry.bin.tmp (There is not enough space on the disk.)
[2018.12.17-21.29.12:830][252]LogFileManager: Error: Error flushing file: ../../../../../../Users/u0723839/Documents/GitHub/AssetPipeMaster01/APsec1LargeCityBase/Intermediate/CachedAssetRegistry.bin.tmp (There is not enough space on the disk.)
[2018.12.17-21.29.12:830][252]LogFileManager: Error: Error flushing file: ../../../../../../Users/u0723839/Documents/GitHub/AssetPipeMaster01/APsec1LargeCityBase/Intermediate/CachedAssetRegistry.bin.tmp (There is not enough space on the disk.)
[2018.12.17-21.29.12:830][252]LogFileManager: Error: Error flushing file: ../../../../../../Users/u0723839/Documents/GitHub/AssetPipeMaster01/APsec1LargeCityBase/Intermediate/CachedAssetRegistry.bin.tmp (There is not enough space on the disk.)
[2018.12.17-21.29.12:831][252]LogFileManager: Error: Error flushing file: ../../../../../../Users/u0723839/Documents/GitHub/AssetPipeMaster01/APsec1LargeCityBase/Intermediate/CachedAssetRegistry.bin.tmp (There is not enough space on the disk.)
[2018.12.17-21.29.12:831][252]LogFileManager: Error: Error flushing file: ../../../../../../Users/u0723839/Documents/GitHub/AssetPipeMaster01/APsec1LargeCityBase/Intermediate/CachedAssetRegistry.bin.tmp (There is not enough space on the disk.)
[2018.12.17-21.29.12:831][252]LogFileManager: Error: Error flushing file: ../../../../../../Users/u0723839/Documents/GitHub/AssetPipeMaster01/APsec1LargeCityBase/Intermediate/CachedAssetRegistry.bin.tmp (There is not enough space on the disk.)
[2018.12.17-21.29.12:831][252]LogFileManager: Error: Error flushing file: ../../../../../../Users/u0723839/Documents/GitHub/AssetPipeMaster01/APsec1LargeCityBase/Intermediate/CachedAssetRegistry.bin.tmp (There is not enough space on the disk.)
[2018.12.17-21.29.12:831][252]LogFileManager: Error: Error flushing file: ../../../../../../Users/u0723839/Documents/GitHub/AssetPipeMaster01/APsec1LargeCityBase/Intermediate/CachedAssetRegistry.bin.tmp (There is not enough space on the disk.)
[2018.12.17-21.29.12:831][252]LogFileManager: Error: Error flushing file: ../../../../../../Users/u0723839/Documents/GitHub/AssetPipeMaster01/APsec1LargeCityBase/Intermediate/CachedAssetRegistry.bin.tmp (There is not enough space on the disk.)
[2018.12.17-21.29.12:831][252]LogFileManager: Error: Error flushing file: ../../../../../../Users/u0723839/Documents/GitHub/AssetPipeMaster01/APsec1LargeCityBase/Intermediate/CachedAssetRegistry.bin.tmp (There is not enough space on the disk.)
[2018.12.17-21.29.12:831][252]LogFileManager: Error: Error flushing file: ../../../../../../Users/u0723839/Documents/GitHub/AssetPipeMaster01/APsec1LargeCityBase/Intermediate/CachedAssetRegistry.bin.tmp (There is not enough space on the disk.)
[2018.12.17-21.29.12:831][252]LogFileManager: Error: Error flushing file: ../../../../../../Users/u0723839/Documents/GitHub/AssetPipeMaster01/APsec1LargeCityBase/Intermediate/CachedAssetRegistry.bin.tmp (There is not enough space on the disk.)
[2018.12.17-21.29.12:831][252]LogFileManager: Error: Error flushing file: ../../../../../../Users/u0723839/Documents/GitHub/AssetPipeMaster01/APsec1LargeCityBase/Intermediate/CachedAssetRegistry.bin.tmp (There is not enough space on the disk.)
[2018.12.17-21.29.12:831][252]LogFileManager: Error: Error flushing file: ../../../../../../Users/u0723839/Documents/GitHub/AssetPipeMaster01/APsec1LargeCityBase/Intermediate/CachedAssetRegistry.bin.tmp (There is not enough space on the disk.)
[2018.12.17-21.29.12:831][252]LogFileManager: Error: Error flushing file: ../../../../../../Users/u0723839/Documents/GitHub/AssetPipeMaster01/APsec1LargeCityBase/Intermediate/CachedAssetRegistry.bin.tmp (There is not enough space on the disk.)
[2018.12.17-21.29.12:831][252]LogFileManager: Error: Error flushing file: ../../../../../../Users/u0723839/Documents/GitHub/AssetPipeMaster01/APsec1LargeCityBase/Intermediate/CachedAssetRegistry.bin.tmp (There is not enough space on the disk.)
[2018.12.17-21.29.12:831][252]LogFileManager: Error: Error flushing file: ../../../../../../Users/u0723839/Documents/GitHub/AssetPipeMaster01/APsec1LargeCityBase/Intermediate/CachedAssetRegistry.bin.tmp (There is not enough space on the disk.)
[2018.12.17-21.29.12:831][252]LogFileManager: Error: Error flushing file: ../../../../../../Users/u0723839/Documents/GitHub/AssetPipeMaster01/APsec1LargeCityBase/Intermediate/CachedAssetRegistry.bin.tmp (There is not enough space on the disk.)
[2018.12.17-21.29.12:831][252]LogFileManager: Error: Error flushing file: ../../../../../../Users/u0723839/Documents/GitHub/AssetPipeMaster01/APsec1LargeCityBase/Intermediate/CachedAssetRegistry.bin.tmp (There is not enough space on the disk.)
[2018.12.17-21.29.12:831][252]LogFileManager: Error: Error flushing file: ../../../../../../Users/u0723839/Documents/GitHub/AssetPipeMaster01/APsec1LargeCityBase/Intermediate/CachedAssetRegistry.bin.tmp (There is not enough space on the disk.)
[2018.12.17-21.29.12:831][252]LogFileManager: Error: Error flushing file: ../../../../../../Users/u0723839/Documents/GitHub/AssetPipeMaster01/APsec1LargeCityBase/Intermediate/CachedAssetRegistry.bin.tmp (There is not enough space on the disk.)
[2018.12.17-21.29.12:831][252]LogFileManager: Error: Error flushing file: ../../../../../../Users/u0723839/Documents/GitHub/AssetPipeMaster01/APsec1LargeCityBase/Intermediate/CachedAssetRegistry.bin.tmp (There is not enough space on the disk.)
[2018.12.17-21.29.12:831][252]LogFileManager: Error: Error flushing file: ../../../../../../Users/u0723839/Documents/GitHub/AssetPipeMaster01/APsec1LargeCityBase/Intermediate/CachedAssetRegistry.bin.tmp (There is not enough space on the disk.)
[2018.12.17-21.29.12:832][252]LogFileManager: Error: Error flushing file: ../../../../../../Users/u0723839/Documents/GitHub/AssetPipeMaster01/APsec1LargeCityBase/Intermediate/CachedAssetRegistry.bin.tmp (There is not enough space on the disk.)
