Log file open, 10/17/18 21:19:06
LogWindows: Failed to load 'aqProf.dll' (GetLastError=126)
LogWindows: File 'aqProf.dll' does not exist
LogWindows: Failed to load 'VSPerf140.dll' (GetLastError=126)
LogWindows: File 'VSPerf140.dll' does not exist
LogWindows: Failed to load 'VtuneApi.dll' (GetLastError=126)
LogWindows: File 'VtuneApi.dll' does not exist
LogWindows: Failed to load 'VtuneApi32e.dll' (GetLastError=126)
LogWindows: File 'VtuneApi32e.dll' does not exist
LogInit: Display: Running engine for game: APsec1LargeCityBase
LogPlatformFile: Not using cached read wrapper
LogTaskGraph: Started task graph with 5 named threads and 20 total threads with 3 sets of task threads.
LogStats: Stats thread started at 0.238543
LogD3D11RHI: Loaded GFSDK_Aftermath_Lib.x64.dll
LogICUInternationalization: Display: ICU TimeZone Detection - Raw Offset: -7:00, Platform Override: ''
LogPluginManager: Mounting plugin Paper2D
LogPluginManager: Mounting plugin AISupport
LogPluginManager: Mounting plugin LightPropagationVolume
LogPluginManager: Mounting plugin CLionSourceCodeAccess
LogPluginManager: Mounting plugin CodeLiteSourceCodeAccess
LogPluginManager: Mounting plugin GitSourceControl
LogPluginManager: Mounting plugin KDevelopSourceCodeAccess
LogPluginManager: Mounting plugin NullSourceCodeAccess
LogPluginManager: Mounting plugin PerforceSourceControl
LogPluginManager: Mounting plugin SubversionSourceControl
LogPluginManager: Mounting plugin UObjectPlugin
LogPluginManager: Mounting plugin VisualStudioCodeSourceCodeAccess
LogPluginManager: Mounting plugin VisualStudioSourceCodeAccess
LogPluginManager: Mounting plugin XCodeSourceCodeAccess
LogPluginManager: Mounting plugin AssetManagerEditor
LogPluginManager: Mounting plugin CryptoKeys
LogPluginManager: Mounting plugin DataValidation
LogPluginManager: Mounting plugin FacialAnimation
LogPluginManager: Mounting plugin GameplayTagsEditor
LogPluginManager: Mounting plugin MacGraphicsSwitching
LogPluginManager: Mounting plugin MeshEditor
LogPluginManager: Mounting plugin MobileLauncherProfileWizard
LogPluginManager: Mounting plugin PluginBrowser
LogPluginManager: Mounting plugin SpeedTreeImporter
LogPluginManager: Mounting plugin DatasmithContent
LogPluginManager: Mounting plugin AlembicImporter
LogPluginManager: Mounting plugin AppleImageUtils
LogPluginManager: Mounting plugin AppleVision
LogPluginManager: Mounting plugin BackChannel
LogPluginManager: Mounting plugin CharacterAI
LogPluginManager: Mounting plugin GeometryCache
LogPluginManager: Mounting plugin HTML5Networking
LogPluginManager: Mounting plugin ProxyLODPlugin
LogPluginManager: Mounting plugin MagicLeap
LogPluginManager: Mounting plugin MagicLeapEmulator
LogPluginManager: Mounting plugin MagicLeapMedia
LogPluginManager: Mounting plugin AndroidMedia
LogPluginManager: Mounting plugin AvfMedia
LogPluginManager: Mounting plugin ImgMedia
LogPluginManager: Mounting plugin LinearTimecode
LogPluginManager: Mounting plugin MediaCompositing
LogPluginManager: Mounting plugin MediaPlayerEditor
LogPluginManager: Mounting plugin WmfMedia
LogPluginManager: Mounting plugin TcpMessaging
LogPluginManager: Mounting plugin UdpMessaging
LogPluginManager: Mounting plugin ActorSequence
LogPluginManager: Mounting plugin LevelSequenceEditor
LogPluginManager: Mounting plugin MatineeToLevelSequence
LogPluginManager: Mounting plugin NetcodeUnitTest
LogPluginManager: Mounting plugin NUTUnrealEngine4
LogPluginManager: Mounting plugin OnlineSubsystemGooglePlay
LogPluginManager: Mounting plugin OnlineSubsystemIOS
LogPluginManager: Mounting plugin OnlineSubsystem
LogPluginManager: Mounting plugin OnlineSubsystemNull
LogPluginManager: Mounting plugin OnlineSubsystemUtils
LogPluginManager: Mounting plugin LauncherChunkInstaller
LogPluginManager: Mounting plugin AndroidDeviceProfileSelector
LogPluginManager: Mounting plugin AndroidMoviePlayer
LogPluginManager: Mounting plugin AndroidPermission
LogPluginManager: Mounting plugin AppleMoviePlayer
LogPluginManager: Mounting plugin ArchVisCharacter
LogPluginManager: Mounting plugin AudioCapture
LogPluginManager: Mounting plugin CableComponent
LogPluginManager: Mounting plugin CustomMeshComponent
LogPluginManager: Mounting plugin EditableMesh
LogPluginManager: Mounting plugin ExampleDeviceProfileSelector
LogPluginManager: Mounting plugin GoogleCloudMessaging
LogPluginManager: Mounting plugin ImmediatePhysics
LogPluginManager: Mounting plugin IOSDeviceProfileSelector
LogPluginManager: Mounting plugin LinuxDeviceProfileSelector
LogPluginManager: Mounting plugin LocationServicesBPLibrary
LogPluginManager: Mounting plugin MobilePatchingUtils
LogPluginManager: Mounting plugin OculusVR
LogPluginManager: Plugin shader directory ../../../Engine/Plugins/Runtime/Oculus/OculusVR/Shaders found
LogPluginManager: Mapping shader source directory ../../../Engine/Plugins/Runtime/Oculus/OculusVR/Shaders to virtual directory /Plugin/OculusVR
LogPluginManager: Mounting plugin PhysXVehicles
LogPluginManager: Mounting plugin ProceduralMeshComponent
LogPluginManager: Mounting plugin RuntimePhysXCooking
LogPluginManager: Mounting plugin SteamVR
LogPluginManager: Mounting plugin WindowsMoviePlayer
LogStreaming: Display: Took  0.202s to configure plugins.
LogInit: Using libcurl 7.55.1-DEV
LogInit:  - built for x86_64-pc-win32
LogInit:  - supports SSL with OpenSSL/1.0.2h
LogInit:  - supports HTTP deflate (compression) using libz 1.2.8
LogInit:  - other features:
LogInit:      CURL_VERSION_SSL
LogInit:      CURL_VERSION_LIBZ
LogInit:      CURL_VERSION_IPV6
LogInit:      CURL_VERSION_ASYNCHDNS
LogInit:      CURL_VERSION_LARGEFILE
LogInit:      CURL_VERSION_IDN
LogInit:  CurlRequestOptions (configurable via config and command line):
LogInit:  - bVerifyPeer = false  - Libcurl will NOT verify peer certificate
LogInit:  - bUseHttpProxy = false  - Libcurl will NOT use HTTP proxy
LogInit:  - bDontReuseConnections = false  - Libcurl will reuse connections
LogInit:  - CertBundlePath = nullptr  - Libcurl will use whatever was configured at build time.
LogInit:  - MaxHostConnections = 16  - Libcurl will limit the number of connections to a host
LogInit:  - LocalHostAddr = Default
LogInit:  - BufferSize = 65536
LogInit: WinSock: version 1.1 (2.2), MaxSocks=32767, MaxUdp=65467
LogInit: Build: ++UE4+Release-4.20-CL-4369336
LogInit: Engine Version: 4.20.3-4369336+++UE4+Release-4.20
LogInit: Compatible Engine Version: 4.20.0-4212847+++UE4+Release-4.20
LogInit: Net CL: 4212847
LogInit: OS: Windows 10 (), CPU: Intel(R) Core(TM) i5-8600K CPU @ 3.60GHz, GPU: NVIDIA GeForce GTX 1070
LogInit: Compiled (64-bit): Sep 17 2018 12:26:19
LogInit: Compiled with Visual C++: 19.13.26129.00
LogInit: Build Configuration: Development
LogInit: Branch Name: ++UE4+Release-4.20
LogInit: Command Line:  
LogInit: Base Directory: C:/Program Files/Epic Games/UE_4.20/Engine/Binaries/Win64/
LogInit: Installed Engine Build: 1
LogDevObjectVersion: Number of dev versions registered: 20
LogDevObjectVersion:   Dev-Blueprints (B0D832E4-1F89-4F0D-ACCF-7EB736FD4AA2): 10
LogDevObjectVersion:   Dev-Build (E1C64328-A22C-4D53-A36C-8E866417BD8C): 0
LogDevObjectVersion:   Dev-Core (375EC13C-06E4-48FB-B500-84F0262A717E): 2
LogDevObjectVersion:   Dev-Editor (E4B068ED-F494-42E9-A231-DA0B2E46BB41): 24
LogDevObjectVersion:   Dev-Framework (CFFC743F-43B0-4480-9391-14DF171D2073): 34
LogDevObjectVersion:   Dev-Mobile (B02B49B5-BB20-44E9-A304-32B752E40360): 2
LogDevObjectVersion:   Dev-Networking (A4E4105C-59A1-49B5-A7C5-40C4547EDFEE): 0
LogDevObjectVersion:   Dev-Online (39C831C9-5AE6-47DC-9A44-9C173E1C8E7C): 0
LogDevObjectVersion:   Dev-Physics (78F01B33-EBEA-4F98-B9B4-84EACCB95AA2): 0
LogDevObjectVersion:   Dev-Platform (6631380F-2D4D-43E0-8009-CF276956A95A): 0
LogDevObjectVersion:   Dev-Rendering (12F88B9F-8875-4AFC-A67C-D90C383ABD29): 26
LogDevObjectVersion:   Dev-Sequencer (7B5AE74C-D270-4C10-A958-57980B212A5A): 9
LogDevObjectVersion:   Dev-VR (D7296918-1DD6-4BDD-9DE2-64A83CC13884): 2
LogDevObjectVersion:   Dev-LoadTimes (C2A15278-BFE7-4AFE-6C17-90FF531DF755): 1
LogDevObjectVersion:   Private-Geometry (6EACA3D4-40EC-4CC1-B786-8BED09428FC5): 3
LogDevObjectVersion:   Dev-AnimPhys (29E575DD-E0A3-4627-9D10-D276232CDCEA): 17
LogDevObjectVersion:   Dev-ReflectionCapture (6B266CEC-1EC7-4B8F-A30B-E4D90942FC07): 1
LogDevObjectVersion:   Dev-Automation (0DF73D61-A23F-47EA-B727-89E90C41499A): 1
LogDevObjectVersion:   FortniteMain (601D1886-AC64-4F84-AA16-D3DE0DEAC7D6): 12
LogDevObjectVersion:   Dev-Enterprise (9DFFBCD6-494F-0158-E221-12823C92A888): 1
LogStreaming: Display: Took  0.004s to delete old logs.
LogInit: Presizing for max 8388607 objects, including 0 objects not considered by GC, pre-allocating 0 bytes for permanent pool.
LogInit: Object subsystem initialized
[2018.10.18-03.19.07:385][  0]LogInit: Selected Device Profile: [Windows]
[2018.10.18-03.19.07:385][  0]LogInit: Applying CVar settings loaded from the selected device profile: [Windows]
[2018.10.18-03.19.07:394][  0]LogHAL: Display: Platform has ~ 16 GB [17110630400 / 17179869184 / 16], which maps to Larger [LargestMinGB=32, LargerMinGB=12, DefaultMinGB=8, SmallerMinGB=6, SmallestMinGB=0)
[2018.10.18-03.19.07:394][  0]LogInit: Setting Device Profile CVar: [[r.Vulkan.UseRealUBs:1]]
[2018.10.18-03.19.07:394][  0]LogInit: Going up to parent DeviceProfile []
[2018.10.18-03.19.07:394][  0]LogInit: Computer: DESKTOP-2B
[2018.10.18-03.19.07:394][  0]LogInit: User: Richard
[2018.10.18-03.19.07:394][  0]LogInit: CPU Page size=4096, Cores=6
[2018.10.18-03.19.07:394][  0]LogInit: High frequency timer resolution =3.515623 MHz
[2018.10.18-03.19.07:395][  0]LogMemory: Memory total: Physical=15.9GB (16GB approx)
[2018.10.18-03.19.07:395][  0]LogMemory: Platform Memory Stats for Windows
[2018.10.18-03.19.07:395][  0]LogMemory: Process Physical Memory: 100.30 MB used, 100.30 MB peak
[2018.10.18-03.19.07:395][  0]LogMemory: Process Virtual Memory: 84.86 MB used, 84.86 MB peak
[2018.10.18-03.19.07:395][  0]LogMemory: Physical Memory: 4233.01 MB used,  12084.96 MB free, 16317.97 MB total
[2018.10.18-03.19.07:395][  0]LogMemory: Virtual Memory: 4615.73 MB used,  12084.96 MB free, 134217728.00 MB total
[2018.10.18-03.19.07:416][  0]LogInit: Using OS detected language (en-US).
[2018.10.18-03.19.07:416][  0]LogInit: Using OS detected locale (en-US).
[2018.10.18-03.19.07:417][  0]LogTextLocalizationManager: No specific localization for 'en-US' exists, so the 'en' localization will be used.
[2018.10.18-03.19.07:684][  0]LogStreaming: Display: Took  0.267s to InitEngineTextLocalization.
[2018.10.18-03.19.07:684][  0]LogInit: Setting process to per monitor DPI aware
[2018.10.18-03.19.07:704][  0]LogSlate: New Slate User Created.  User Index 0, Is Virtual User: 0
[2018.10.18-03.19.07:704][  0]LogSlate: Slate User Registered.  User Index 0, Is Virtual User: 0
[2018.10.18-03.19.07:887][  0]LogHMD: Failed to initialize OpenVR with code 110
[2018.10.18-03.19.07:887][  0]LogD3D11RHI: D3D11 adapters:
[2018.10.18-03.19.07:946][  0]LogD3D11RHI:    0. 'NVIDIA GeForce GTX 1070' (Feature Level 11_0)
[2018.10.18-03.19.07:946][  0]LogD3D11RHI:       8088/0/8158 MB DedicatedVideo/DedicatedSystem/SharedSystem, Outputs:1, VendorId:0x10de
[2018.10.18-03.19.07:948][  0]LogD3D11RHI:    1. 'Microsoft Basic Render Driver' (Feature Level 11_0)
[2018.10.18-03.19.07:948][  0]LogD3D11RHI:       0/0/8158 MB DedicatedVideo/DedicatedSystem/SharedSystem, Outputs:0, VendorId:0x1414
[2018.10.18-03.19.07:948][  0]LogD3D11RHI: Chosen D3D11 Adapter: 0
[2018.10.18-03.19.07:953][  0]LogD3D11RHI: Creating new Direct3DDevice
[2018.10.18-03.19.07:953][  0]LogD3D11RHI:     GPU DeviceId: 0x1b81 (for the marketing name, search the web for "GPU Device Id")
[2018.10.18-03.19.07:953][  0]LogWindows: EnumDisplayDevices:
[2018.10.18-03.19.07:953][  0]LogWindows:    0. 'NVIDIA GeForce GTX 1070' (P:1 D:1)
[2018.10.18-03.19.07:953][  0]LogWindows:    1. 'NVIDIA GeForce GTX 1070' (P:0 D:0)
[2018.10.18-03.19.07:953][  0]LogWindows:    2. 'NVIDIA GeForce GTX 1070' (P:0 D:0)
[2018.10.18-03.19.07:954][  0]LogWindows:    3. 'NVIDIA GeForce GTX 1070' (P:0 D:0)
[2018.10.18-03.19.07:954][  0]LogWindows: DebugString: FoundDriverCount:4 
[2018.10.18-03.19.07:954][  0]LogD3D11RHI:     Adapter Name: NVIDIA GeForce GTX 1070
[2018.10.18-03.19.07:954][  0]LogD3D11RHI:   Driver Version: 416.34 (internal:25.21.14.1634, unified:416.34)
[2018.10.18-03.19.07:954][  0]LogD3D11RHI:      Driver Date: 10-10-2018
[2018.10.18-03.19.07:954][  0]LogRHI: Texture pool is 5661 MB (70% of 8088 MB)
[2018.10.18-03.19.07:985][  0]LogD3D11RHI: Async texture creation enabled
[2018.10.18-03.19.08:001][  0]LogD3D11RHI: GPU Timing Frequency: 1000.000000 (Debug: 2 2)
[2018.10.18-03.19.08:056][  0]LogShaderCompilers: Guid format shader working directory is -38 characters bigger than the processId version (../../../../../../Users/Richard/Documents/GitHub/AssetPipeMaster01/APsec1LargeCityBase/Intermediate/Shaders/WorkingDirectory/7836/).
[2018.10.18-03.19.08:057][  0]LogShaderCompilers: Cleaned the shader compiler working directory 'C:/Users/Richard/AppData/Local/Temp/UnrealShaderWorkingDir/A2443A4A4D4679BBFA0A30ADC9DAB002/'.
[2018.10.18-03.19.08:295][  0]LogTemp: Display: Loaded TP AllDesktopTargetPlatform
[2018.10.18-03.19.08:305][  0]LogTemp: Display: Loaded TP MacClientTargetPlatform
[2018.10.18-03.19.08:315][  0]LogTemp: Display: Loaded TP MacNoEditorTargetPlatform
[2018.10.18-03.19.08:325][  0]LogTemp: Display: Loaded TP MacServerTargetPlatform
[2018.10.18-03.19.08:336][  0]LogTemp: Display: Loaded TP MacTargetPlatform
[2018.10.18-03.19.08:346][  0]LogTemp: Display: Loaded TP WindowsClientTargetPlatform
[2018.10.18-03.19.08:356][  0]LogTemp: Display: Loaded TP WindowsNoEditorTargetPlatform
[2018.10.18-03.19.08:366][  0]LogTemp: Display: Loaded TP WindowsServerTargetPlatform
[2018.10.18-03.19.08:371][  0]LogTemp: Display: Loaded TP WindowsTargetPlatform
[2018.10.18-03.19.08:432][  0]LogTemp: Display: Loaded TP AndroidTargetPlatform
[2018.10.18-03.19.08:432][  0]LogTemp: Display: Loaded TP AndroidTargetPlatform
[2018.10.18-03.19.08:432][  0]LogTemp: Display: Loaded TP AndroidTargetPlatform
[2018.10.18-03.19.08:432][  0]LogTemp: Display: Loaded TP AndroidTargetPlatform
[2018.10.18-03.19.08:432][  0]LogTemp: Display: Loaded TP AndroidTargetPlatform
[2018.10.18-03.19.08:432][  0]LogTemp: Display: Loaded TP AndroidTargetPlatform
[2018.10.18-03.19.08:432][  0]LogTemp: Display: Loaded TP AndroidTargetPlatform
[2018.10.18-03.19.08:432][  0]LogTemp: Display: Loaded TP AndroidTargetPlatform
[2018.10.18-03.19.08:432][  0]LogTemp: Display: Loaded TP AndroidTargetPlatform
[2018.10.18-03.19.08:432][  0]LogTemp: Display: Loaded TP AndroidTargetPlatform
[2018.10.18-03.19.08:432][  0]LogTemp: Display: Loaded TP AndroidTargetPlatform
[2018.10.18-03.19.08:432][  0]LogTemp: Display: Loaded TP AndroidTargetPlatform
[2018.10.18-03.19.08:432][  0]LogTemp: Display: Loaded TP AndroidTargetPlatform
[2018.10.18-03.19.08:432][  0]LogTemp: Display: Loaded TP AndroidTargetPlatform
[2018.10.18-03.19.08:432][  0]LogTemp: Display: Loaded TP AndroidTargetPlatform
[2018.10.18-03.19.08:432][  0]LogTemp: Display: Loaded TP AndroidTargetPlatform
[2018.10.18-03.19.08:432][  0]LogTemp: Display: Loaded TP AndroidTargetPlatform
[2018.10.18-03.19.08:432][  0]LogTemp: Display: Loaded TP AndroidTargetPlatform
[2018.10.18-03.19.08:434][  0]LogTemp: Display: Loaded TP HTML5TargetPlatform
[2018.10.18-03.19.08:487][  0]LogTemp: Display: Loaded TP IOSTargetPlatform
[2018.10.18-03.19.08:487][  0]LogTemp: Display: Loaded TP IOSTargetPlatform
[2018.10.18-03.19.08:505][  0]LogTemp: Display: Loaded TP TVOSTargetPlatform
[2018.10.18-03.19.08:505][  0]LogTemp: Display: Loaded TP TVOSTargetPlatform
[2018.10.18-03.19.08:515][  0]LogTemp: Display: Loaded TP LinuxClientTargetPlatform
[2018.10.18-03.19.08:525][  0]LogTemp: Display: Loaded TP LinuxNoEditorTargetPlatform
[2018.10.18-03.19.08:534][  0]LogTemp: Display: Loaded TP LinuxServerTargetPlatform
[2018.10.18-03.19.08:545][  0]LogTemp: Display: Loaded TP LinuxTargetPlatform
[2018.10.18-03.19.08:552][  0]LogTemp: Display: Loaded TP LuminTargetPlatform
[2018.10.18-03.19.08:552][  0]LogTargetPlatformManager: Display: Building Assets For Windows
[2018.10.18-03.19.08:601][  0]LogXGEController: Cleaning working directory: C:/Users/Richard/AppData/Local/Temp/UnrealXGEWorkingDir/
[2018.10.18-03.19.08:601][  0]LogXGEController: Cannot use XGE Controller as Incredibuild is not installed on this machine.
[2018.10.18-03.19.08:601][  0]LogShaderCompilers: Cannot use XGE Shader Compiler as Incredibuild is not installed on this machine.
[2018.10.18-03.19.08:601][  0]LogShaderCompilers: Display: Using Local Shader Compiler.
[2018.10.18-03.19.09:193][  0]LogDerivedDataCache: Display: Max Cache Size: 512 MB
[2018.10.18-03.19.09:235][  0]LogDerivedDataCache: Loaded boot cache 0.04s 71MB C:/Users/Richard/AppData/Local/UnrealEngine/4.20/DerivedDataCache/Boot.ddc.
[2018.10.18-03.19.09:235][  0]LogDerivedDataCache: Display: Loaded Boot cache: C:/Users/Richard/AppData/Local/UnrealEngine/4.20/DerivedDataCache/Boot.ddc
[2018.10.18-03.19.09:235][  0]LogDerivedDataCache: FDerivedDataBackendGraph:  Pak pak cache file ../../../../../../Users/Richard/Documents/GitHub/AssetPipeMaster01/APsec1LargeCityBase/DerivedDataCache/DDC.ddp not found, will not use a pak cache.
[2018.10.18-03.19.09:235][  0]LogDerivedDataCache: Unable to find inner node Pak for hierarchical cache Hierarchy.
[2018.10.18-03.19.09:235][  0]LogDerivedDataCache: FDerivedDataBackendGraph:  CompressedPak pak cache file ../../../../../../Users/Richard/Documents/GitHub/AssetPipeMaster01/APsec1LargeCityBase/DerivedDataCache/Compressed.ddp not found, will not use a pak cache.
[2018.10.18-03.19.09:235][  0]LogDerivedDataCache: Unable to find inner node CompressedPak for hierarchical cache Hierarchy.
[2018.10.18-03.19.09:245][  0]LogDerivedDataCache: Display: Pak cache opened for reading ../../../Engine/DerivedDataCache/Compressed.ddp.
[2018.10.18-03.19.09:258][  0]LogDerivedDataCache: Using Local data cache path C:/Users/Richard/AppData/Local/UnrealEngine/Common/DerivedDataCache: Writable
[2018.10.18-03.19.09:258][  0]LogDerivedDataCache: Shared data cache path not found in *engine.ini, will not use an Shared cache.
[2018.10.18-03.19.09:258][  0]LogDerivedDataCache: Unable to find inner node Shared for hierarchical cache Hierarchy.
[2018.10.18-03.19.09:272][  0]LogMaterial: Verifying Global Shaders for PCD3D_SM5
[2018.10.18-03.19.09:273][  0]LogSlate: Using FreeType 2.6.0
[2018.10.18-03.19.09:274][  0]LogSlate: SlateFontServices - WITH_FREETYPE: 1, WITH_HARFBUZZ: 1
[2018.10.18-03.19.09:345][  0]LogAssetRegistry: FAssetRegistry took 0.0249 seconds to start up
[2018.10.18-03.19.09:592][  0]LogInit: Selected Device Profile: [Windows]
[2018.10.18-03.19.09:695][  0]LogSimplygon: Simplygon DLL not present - disabling.
[2018.10.18-03.19.09:699][  0]LogMeshReduction: Using SimplygonSwarm for distributed automatic mesh merging
[2018.10.18-03.19.09:699][  0]LogMeshReduction: Using ProxyLODMeshReduction for automatic mesh merging
[2018.10.18-03.19.09:699][  0]LogMeshReduction: Using QuadricMeshReduction for automatic static mesh reduction
[2018.10.18-03.19.09:699][  0]LogMeshReduction: No automatic skeletal mesh reduction module available
[2018.10.18-03.19.09:714][  0]LogNetVersion: APsec1LargeCityBase 1.0.0, NetCL: 4212847, EngineNetVer: 5, GameNetVer: 0 (Checksum: 1121110827)
[2018.10.18-03.19.10:178][  0]LogPackageLocalizationCache: Processed 11 localized package path(s) for 2 prioritized culture(s) in 0.132678 seconds
[2018.10.18-03.19.10:184][  0]LogUObjectArray: 38425 objects as part of root set at end of initial load.
[2018.10.18-03.19.10:184][  0]LogUObjectAllocator: 6690864 out of 0 bytes used by permanent object pool.
[2018.10.18-03.19.10:184][  0]LogUObjectArray: CloseDisregardForGC: 0/0 objects in disregard for GC pool
[2018.10.18-03.19.10:968][  0]LogTcpMessaging: Initializing TcpMessaging bridge
[2018.10.18-03.19.10:986][  0]LogUdpMessaging: Initializing bridge on interface 0.0.0.0:0 to multicast group 230.0.0.1:6666.
[2018.10.18-03.19.11:131][  0]SourceControl: Source control is disabled
[2018.10.18-03.19.11:131][  0]SourceControl: Source control is disabled
[2018.10.18-03.19.11:133][  0]SourceControl: Source control is disabled
[2018.10.18-03.19.11:134][  0]SourceControl: Source control is disabled
[2018.10.18-03.19.11:303][  0]LogAndroidPermission: UAndroidPermissionCallbackProxy::GetInstance
[2018.10.18-03.19.11:353][  0]LogOcInput: OculusInput pre-init called
[2018.10.18-03.19.11:403][  0]LogEngine: Initializing Engine...
[2018.10.18-03.19.11:405][  0]LogHMD: Failed to initialize OpenVR with code 110
[2018.10.18-03.19.11:405][  0]LogStats: UGameplayTagsManager::ConstructGameplayTagTree: ImportINI prefixes -  0.000 s
[2018.10.18-03.19.11:405][  0]LogStats: UGameplayTagsManager::ConstructGameplayTagTree: Construct from data asset -  0.000 s
[2018.10.18-03.19.11:406][  0]LogStats: UGameplayTagsManager::ConstructGameplayTagTree: ImportINI -  0.000 s
[2018.10.18-03.19.11:406][  0]LogStats: UGameplayTagsManager::ConstructGameplayTagTree: GameplayTagTreeChangedEvent.Broadcast -  0.000 s
[2018.10.18-03.19.11:564][  0]LogInit: Initializing FReadOnlyCVARCache
[2018.10.18-03.19.11:576][  0]LogAIModule: Creating AISystem for world Untitled
[2018.10.18-03.19.11:585][  0]LogInit: XAudio2 using 'Speakers (Realtek High Definition Audio)' : 2 channels at 48 kHz using 32 bits per sample (channel mask 0x3)
[2018.10.18-03.19.11:631][  0]LogInit: FAudioDevice initialized.
[2018.10.18-03.19.11:631][  0]LogNetVersion: Set ProjectVersion to 1.0.0.0. Version Checksum will be recalculated on next use.
[2018.10.18-03.19.11:701][  0]LogDerivedDataCache: Saved boot cache 0.07s 71MB C:/Users/Richard/AppData/Local/UnrealEngine/4.20/DerivedDataCache/Boot.ddc.
[2018.10.18-03.19.11:705][  0]LogInit: Texture streaming: Enabled
[2018.10.18-03.19.11:720][  0]LogEngineSessionManager: EngineSessionManager initialized
[2018.10.18-03.19.11:731][  0]LogInit: Transaction tracking system initialized
[2018.10.18-03.19.11:749][  0]BlueprintLog: New page: Editor Load
[2018.10.18-03.19.11:816][  0]LocalizationService: Localization service is disabled
[2018.10.18-03.19.12:053][  0]LogCook: Display: Max memory allowance for cook 16384mb min free memory 0mb
[2018.10.18-03.19.12:053][  0]LogCook: Display: Mobile HDR setting 1
[2018.10.18-03.19.12:053][  0]LogGameplayTags: Display: UGameplayTagsManager::DoneAddingNativeTags. DelegateIsBound: 0
[2018.10.18-03.19.12:053][  0]LogStats: UGameplayTagsManager::ConstructGameplayTagTree: ImportINI prefixes -  0.000 s
[2018.10.18-03.19.12:053][  0]LogStats: UGameplayTagsManager::ConstructGameplayTagTree: Construct from data asset -  0.000 s
[2018.10.18-03.19.12:053][  0]LogStats: UGameplayTagsManager::ConstructGameplayTagTree: ImportINI -  0.000 s
[2018.10.18-03.19.12:053][  0]LogStats: UGameplayTagsManager::ConstructGameplayTagTree: GameplayTagTreeChangedEvent.Broadcast -  0.000 s
[2018.10.18-03.19.12:152][  0]LogFileCache: Scanning file cache for directory 'C:/Users/Richard/Documents/GitHub/AssetPipeMaster01/APsec1LargeCityBase/Content/' took 0.01s
[2018.10.18-03.19.12:152][  0]SourceControl: Source control is disabled
[2018.10.18-03.19.12:153][  0]Cmd: MAP LOAD FILE="../../../Engine/Content/Maps/Templates/Template_Default.umap" TEMPLATE=1 SHOWPROGRESS=1 FEATURELEVEL=3
[2018.10.18-03.19.12:153][  0]LightingResults: New page: Lighting Build
[2018.10.18-03.19.12:155][  0]MapCheck: New page: Map Check
[2018.10.18-03.19.12:155][  0]LightingResults: New page: Lighting Build
[2018.10.18-03.19.12:315][  0]LogAIModule: Creating AISystem for world Untitled_1
[2018.10.18-03.19.12:320][  0]LogEditorServer: Finished looking for orphan Actors (0.000 secs)
[2018.10.18-03.19.12:339][  0]Cmd: MAP CHECKDEP NOCLEARLOG
[2018.10.18-03.19.12:425][  0]MapCheck: Map check complete: 0 Error(s), 0 Warning(s), took 85.471ms to complete.
[2018.10.18-03.19.12:425][  0]LogFileHelpers: Loading map 'Template_Default' took 0.272
[2018.10.18-03.19.12:509][  0]LogSlate: Updating window title bar state: overlay mode, drag disabled, window buttons hidden, title bar hidden
[2018.10.18-03.19.12:515][  0]LogSlate: Updating window title bar state: overlay mode, drag disabled, window buttons hidden, title bar hidden
[2018.10.18-03.19.12:520][  0]LogSlate: Updating window title bar state: overlay mode, drag disabled, window buttons hidden, title bar hidden
[2018.10.18-03.19.12:526][  0]LogSlate: Updating window title bar state: overlay mode, drag disabled, window buttons hidden, title bar hidden
[2018.10.18-03.19.12:531][  0]LogCollectionManager: Loaded 0 collections in 0.000947 seconds
[2018.10.18-03.19.12:587][  0]LogFileCache: Scanning file cache for directory 'C:/Users/Richard/Documents/GitHub/AssetPipeMaster01/APsec1LargeCityBase/Saved/Collections/' took 0.01s
[2018.10.18-03.19.12:587][  0]LogFileCache: Scanning file cache for directory 'C:/Users/Richard/Documents/GitHub/AssetPipeMaster01/APsec1LargeCityBase/Content/Developers/Richard/Collections/' took 0.01s
[2018.10.18-03.19.12:587][  0]LogFileCache: Scanning file cache for directory 'C:/Users/Richard/Documents/GitHub/AssetPipeMaster01/APsec1LargeCityBase/Content/Collections/' took 0.01s
[2018.10.18-03.19.12:587][  0]LogCollectionManager: Rebuilt the GUID cache for 0 collections in 0.000001 seconds
[2018.10.18-03.19.12:600][  0]LogContentBrowser: Native class hierarchy populated in 0.0131 seconds. Added 2572 classes and 603 folders.
[2018.10.18-03.19.12:605][  0]LogContentBrowser: Native class hierarchy updated for 'WidgetCarousel' in 0.0002 seconds. Added 0 classes and 0 folders.
[2018.10.18-03.19.12:661][  0]LogContentBrowser: Native class hierarchy updated for 'AddContentDialog' in 0.0002 seconds. Added 0 classes and 0 folders.
[2018.10.18-03.19.12:665][  0]LogContentBrowser: Native class hierarchy updated for 'SceneOutliner' in 0.0002 seconds. Added 1 classes and 2 folders.
[2018.10.18-03.19.12:676][  0]LogSlate: Took 0.000227 seconds to synchronously load lazily loaded font '../../../Engine/Content/Slate/Fonts/Roboto-Regular.ttf' (155K)
[2018.10.18-03.19.12:677][  0]LogSlate: Took 0.000194 seconds to synchronously load lazily loaded font '../../../Engine/Content/Slate/Fonts/Roboto-Bold.ttf' (160K)
[2018.10.18-03.19.12:681][  0]LogSlate: Took 0.000205 seconds to synchronously load lazily loaded font '../../../Engine/Content/Editor/Slate/Fonts/FontAwesome.ttf' (139K)
[2018.10.18-03.19.12:748][  0]LogRenderer: Reallocating scene render targets to support 1456x684 Format 10 NumSamples 1 (Frame:1).
[2018.10.18-03.19.12:832][  0]LogContentBrowser: Native class hierarchy updated for 'HierarchicalLODOutliner' in 0.0002 seconds. Added 0 classes and 0 folders.
[2018.10.18-03.19.12:832][  0]LogLoad: (Engine Initialization) Total time: 7.35 seconds
[2018.10.18-03.19.12:832][  0]LogLoad: (Engine Initialization) Total Blueprint compile time: 0.00 seconds
[2018.10.18-03.19.12:847][  0]LogWindowsTextInputMethodSystem: Display: IME system now deactivated.
[2018.10.18-03.19.12:862][  0]LogAssetRegistry: Asset discovery search completed in 3.5393 seconds
[2018.10.18-03.19.12:863][  0]LogCollectionManager: Rebuilt the object cache for 0 collections in 0.000000 seconds (found 0 objects)
[2018.10.18-03.19.12:863][  0]LogCollectionManager: Fixed up redirectors for 0 collections in 0.000037 seconds (updated 0 objects)
[2018.10.18-03.19.12:864][  0]LogContentStreaming: Texture pool size now 1000 MB
[2018.10.18-03.19.12:877][  0]LogSlate: Took 0.000211 seconds to synchronously load lazily loaded font '../../../Engine/Content/Slate/Fonts/Roboto-Light.ttf' (167K)
[2018.10.18-03.19.19:808][819]LogSlate: FSceneViewport::OnFocusLost() reason 0
[2018.10.18-03.19.19:940][834]LogSlate: Took 0.000225 seconds to synchronously load lazily loaded font '../../../Engine/Content/Slate/Fonts/Roboto-Light.ttf' (167K)
[2018.10.18-03.19.20:183][834]LogAIModule: Creating AISystem for world StreetSceneLarge
[2018.10.18-03.19.37:243][848]LogAIModule: Creating AISystem for world StreetSceneLarge_RichardTendean
[2018.10.18-03.19.43:584][605]LogAssetEditorManager: Opening Asset editor for World /Game/StreetSceneLarge_RichardTendean.StreetSceneLarge_RichardTendean
[2018.10.18-03.19.48:724][605]LogSlate: Window 'Save Content' being destroyed
[2018.10.18-03.19.49:035][605]LogSavePackage: Moving '../../../../../../Users/Richard/Documents/GitHub/AssetPipeMaster01/APsec1LargeCityBase/Saved/StreetSceneLarge_RichardTendean6B74993F46CC07772B92D8B3943243DE.tmp' to '../../../../../../Users/Richard/Documents/GitHub/AssetPipeMaster01/APsec1LargeCityBase/Content/StreetSceneLarge_RichardTendean.umap'
[2018.10.18-03.19.49:048][605]LogFileHelpers: Saving map 'StreetSceneLarge_RichardTendean' took 0.319
[2018.10.18-03.19.49:085][605]LogSavePackage: Moving '../../../../../../Users/Richard/Documents/GitHub/AssetPipeMaster01/APsec1LargeCityBase/Saved/StreetSceneLarge_RichardTendean_41063098479A7249BA6DA09E3C418648.tmp' to '../../../../../../Users/Richard/Documents/GitHub/AssetPipeMaster01/APsec1LargeCityBase/Content/StreetSceneLarge_RichardTendean_BuiltData.uasset'
[2018.10.18-03.19.49:093][605]Cmd: MAP LOAD FILE="../../../../../../Users/Richard/Documents/GitHub/AssetPipeMaster01/APsec1LargeCityBase/Content/StreetSceneLarge_RichardTendean.umap" TEMPLATE=0 SHOWPROGRESS=1 FEATURELEVEL=3
[2018.10.18-03.19.49:094][605]LightingResults: New page: Lighting Build
[2018.10.18-03.19.49:094][605]LoadErrors: New page: Loading map: StreetSceneLarge_RichardTendean.umap
[2018.10.18-03.19.49:094][605]MapCheck: New page: Map Check
[2018.10.18-03.19.49:094][605]LightingResults: New page: Lighting Build
[2018.10.18-03.19.49:156][605]LogEditorServer: Finished looking for orphan Actors (0.000 secs)
[2018.10.18-03.19.49:188][605]Cmd: MAP CHECKDEP NOCLEARLOG
[2018.10.18-03.19.49:277][605]MapCheck: Map check complete: 0 Error(s), 0 Warning(s), took 88.647ms to complete.
[2018.10.18-03.19.49:277][605]LogFileHelpers: Loading map 'StreetSceneLarge_RichardTendean' took 0.185
[2018.10.18-03.20.06:738][686]Cmd: CAMERA ALIGN ACTIVEVIEWPORTONLY
[2018.10.18-03.20.21:055][336]LogEditorViewport: Clicking on Actor (LMB): StaticMeshActor (tractor001)
[2018.10.18-03.20.21:504][383]Cmd: CAMERA ALIGN ACTIVEVIEWPORTONLY
[2018.10.18-03.20.46:929][409]LogSlate: FSceneViewport::OnFocusLost() reason 2
[2018.10.18-03.21.04:059][453]LogSlate: FSceneViewport::OnFocusLost() reason 2
[2018.10.18-03.21.05:601][636]Cmd: EDIT COPY
[2018.10.18-03.21.08:225][931]Cmd: EDIT PASTE
[2018.10.18-03.21.08:469][931]LogNavigationPoint: PostEditMove Clear paths rebuilt
[2018.10.18-03.21.11:746][137]LogSlate: FSceneViewport::OnFocusLost() reason 2
[2018.10.18-03.21.17:175][776]LogNavigationPoint: PostEditMove Clear paths rebuilt
[2018.10.18-03.21.27:411][990]LogSlate: FSceneViewport::OnFocusLost() reason 0
[2018.10.18-03.21.31:526][478]LogNavigationPoint: PostEditMove Clear paths rebuilt
[2018.10.18-03.21.36:079][ 13]LogSlate: FSceneViewport::OnFocusLost() reason 2
[2018.10.18-03.21.38:664][213]LogSlate: FSceneViewport::OnFocusLost() reason 2
[2018.10.18-03.21.39:864][320]LogSlate: FSceneViewport::OnFocusLost() reason 2
[2018.10.18-03.21.41:348][497]LogSlate: FSceneViewport::OnFocusLost() reason 2
[2018.10.18-03.21.57:675][451]LogEditorViewport: Clicking on Actor (LMB): StaticMeshActor (SidewalkCorner8)
[2018.10.18-03.22.00:456][780]LogEditorViewport: Clicking on Actor (LMB): StaticMeshActor (streetBlockBase42)
[2018.10.18-03.23.01:887][718]LogEditorViewport: Clicking on Actor (LMB): StaticMeshActor (streetBlockBase49)
[2018.10.18-03.23.04:798][ 64]LogEditorViewport: Clicking on Actor (LMB): StaticMeshActor (streetBlockIntersect4)
[2018.10.18-03.23.13:878][147]LogEditorViewport: Clicking on Actor (LMB): StaticMeshActor (streetBlockIntersect5)
[2018.10.18-03.23.16:940][510]LogEditorViewport: Clicking on Actor (LMB): StaticMeshActor (streetBlockBase50)
[2018.10.18-03.23.19:238][780]LogEditorViewport: Clicking on Actor (LMB): StaticMeshActor (streetBlockBase49)
[2018.10.18-03.23.22:384][153]LogEditorViewport: Clicking on Actor (LMB): StaticMeshActor (streetBlockBase48)
[2018.10.18-03.24.20:567][615]LogSlate: FSceneViewport::OnFocusLost() reason 2
[2018.10.18-03.24.22:935][858]LogSavePackage: Moving '../../../../../../Users/Richard/Documents/GitHub/AssetPipeMaster01/APsec1LargeCityBase/Saved/StreetSceneLarge_RichardTendeanC7C778134A91BBF171B6E4A88012569A.tmp' to '../../../../../../Users/Richard/Documents/GitHub/AssetPipeMaster01/APsec1LargeCityBase/Content/StreetSceneLarge_RichardTendean.umap'
[2018.10.18-03.24.23:013][858]LogSavePackage: Moving '../../../../../../Users/Richard/Documents/GitHub/AssetPipeMaster01/APsec1LargeCityBase/Saved/StreetSceneLarge_RichardTendean_159CEC0B4AE7B1C0C4787E9E06CC3924.tmp' to '../../../../../../Users/Richard/Documents/GitHub/AssetPipeMaster01/APsec1LargeCityBase/Content/StreetSceneLarge_RichardTendean_BuiltData.uasset'
[2018.10.18-03.24.24:280][999]LogSlate: FSceneViewport::OnFocusLost() reason 2
[2018.10.18-03.24.27:637][400]LogSlate: FSceneViewport::OnFocusLost() reason 0
[2018.10.18-03.24.27:932][419]LogAIModule: Creating AISystem for world StreetSceneLarge_SCB
[2018.10.18-03.24.27:940][419]LogAssetEditorManager: Opening Asset editor for World /Game/StreetSceneLarge_SCB.StreetSceneLarge_SCB
[2018.10.18-03.24.27:959][419]Cmd: MAP LOAD FILE="../../../../../../Users/Richard/Documents/GitHub/AssetPipeMaster01/APsec1LargeCityBase/Content/StreetSceneLarge_SCB.umap" TEMPLATE=0 SHOWPROGRESS=1 FEATURELEVEL=3
[2018.10.18-03.24.27:959][419]LightingResults: New page: Lighting Build
[2018.10.18-03.24.27:960][419]LoadErrors: New page: Loading map: StreetSceneLarge_SCB.umap
[2018.10.18-03.24.27:962][419]MapCheck: New page: Map Check
[2018.10.18-03.24.27:962][419]LightingResults: New page: Lighting Build
[2018.10.18-03.24.27:995][419]LogEditorServer: Finished looking for orphan Actors (0.000 secs)
[2018.10.18-03.24.28:028][419]Cmd: MAP CHECKDEP NOCLEARLOG
[2018.10.18-03.24.28:121][419]MapCheck: Map check complete: 0 Error(s), 0 Warning(s), took 92.859ms to complete.
[2018.10.18-03.24.28:121][419]LogFileHelpers: Loading map 'StreetSceneLarge_SCB' took 0.162
[2018.10.18-03.24.41:638][ 33]LogSlate: FSceneViewport::OnFocusLost() reason 0
[2018.10.18-03.24.41:941][ 54]LogAIModule: Creating AISystem for world StreetSceneLarge_MMM
[2018.10.18-03.24.41:949][ 54]LogAssetEditorManager: Opening Asset editor for World /Game/StreetSceneLarge_MMM.StreetSceneLarge_MMM
[2018.10.18-03.24.41:969][ 54]Cmd: MAP LOAD FILE="../../../../../../Users/Richard/Documents/GitHub/AssetPipeMaster01/APsec1LargeCityBase/Content/StreetSceneLarge_MMM.umap" TEMPLATE=0 SHOWPROGRESS=1 FEATURELEVEL=3
[2018.10.18-03.24.41:969][ 54]LightingResults: New page: Lighting Build
[2018.10.18-03.24.41:969][ 54]LoadErrors: New page: Loading map: StreetSceneLarge_MMM.umap
[2018.10.18-03.24.41:971][ 54]MapCheck: New page: Map Check
[2018.10.18-03.24.41:971][ 54]LightingResults: New page: Lighting Build
[2018.10.18-03.24.42:003][ 54]LogEditorServer: Finished looking for orphan Actors (0.000 secs)
[2018.10.18-03.24.42:036][ 54]Cmd: MAP CHECKDEP NOCLEARLOG
[2018.10.18-03.24.42:126][ 54]MapCheck: Map check complete: 0 Error(s), 0 Warning(s), took 89.892ms to complete.
[2018.10.18-03.24.42:126][ 54]LogFileHelpers: Loading map 'StreetSceneLarge_MMM' took 0.157
[2018.10.18-03.25.08:892][643]LogSlate: FSceneViewport::OnFocusLost() reason 2
[2018.10.18-03.25.15:289][229]LogSlate: FSceneViewport::OnFocusLost() reason 2
[2018.10.18-03.25.23:225][180]LogSlate: FSceneViewport::OnFocusLost() reason 2
[2018.10.18-03.25.29:387][837]LogSlate: FSceneViewport::OnFocusLost() reason 2
[2018.10.18-03.25.55:704][105]LogSlate: FSceneViewport::OnFocusLost() reason 0
[2018.10.18-03.25.56:009][126]LogAIModule: Creating AISystem for world StreetSceneLarge_SCB
[2018.10.18-03.25.56:017][126]LogAssetEditorManager: Opening Asset editor for World /Game/StreetSceneLarge_SCB.StreetSceneLarge_SCB
[2018.10.18-03.25.56:037][126]Cmd: MAP LOAD FILE="../../../../../../Users/Richard/Documents/GitHub/AssetPipeMaster01/APsec1LargeCityBase/Content/StreetSceneLarge_SCB.umap" TEMPLATE=0 SHOWPROGRESS=1 FEATURELEVEL=3
[2018.10.18-03.25.56:037][126]LightingResults: New page: Lighting Build
[2018.10.18-03.25.56:038][126]LoadErrors: New page: Loading map: StreetSceneLarge_SCB.umap
[2018.10.18-03.25.56:040][126]MapCheck: New page: Map Check
[2018.10.18-03.25.56:040][126]LightingResults: New page: Lighting Build
[2018.10.18-03.25.56:072][126]LogEditorServer: Finished looking for orphan Actors (0.000 secs)
[2018.10.18-03.25.56:104][126]Cmd: MAP CHECKDEP NOCLEARLOG
[2018.10.18-03.25.56:195][126]MapCheck: Map check complete: 0 Error(s), 0 Warning(s), took 91.551ms to complete.
[2018.10.18-03.25.56:195][126]LogFileHelpers: Loading map 'StreetSceneLarge_SCB' took 0.159
[2018.10.18-03.26.19:383][594]LogSlate: FSceneViewport::OnFocusLost() reason 2
[2018.10.18-03.26.25:833][243]LogSlate: FSceneViewport::OnFocusLost() reason 0
[2018.10.18-03.26.26:070][262]LogAIModule: Creating AISystem for world StreetSceneLarge_AlexCarpentieri
[2018.10.18-03.26.26:075][262]LogAssetEditorManager: Opening Asset editor for World /Game/StreetSceneLarge_AlexCarpentieri.StreetSceneLarge_AlexCarpentieri
[2018.10.18-03.26.26:094][262]Cmd: MAP LOAD FILE="../../../../../../Users/Richard/Documents/GitHub/AssetPipeMaster01/APsec1LargeCityBase/Content/StreetSceneLarge_AlexCarpentieri.umap" TEMPLATE=0 SHOWPROGRESS=1 FEATURELEVEL=3
[2018.10.18-03.26.26:094][262]LightingResults: New page: Lighting Build
[2018.10.18-03.26.26:095][262]LoadErrors: New page: Loading map: StreetSceneLarge_AlexCarpentieri.umap
[2018.10.18-03.26.26:097][262]MapCheck: New page: Map Check
[2018.10.18-03.26.26:097][262]LightingResults: New page: Lighting Build
[2018.10.18-03.26.26:124][262]LogEditorServer: Finished looking for orphan Actors (0.000 secs)
[2018.10.18-03.26.26:155][262]Cmd: MAP CHECKDEP NOCLEARLOG
[2018.10.18-03.26.26:245][262]MapCheck: Map check complete: 0 Error(s), 0 Warning(s), took 90.173ms to complete.
[2018.10.18-03.26.26:245][262]LogFileHelpers: Loading map 'StreetSceneLarge_AlexCarpentieri' took 0.152
[2018.10.18-03.26.38:923][574]LogSlate: FSceneViewport::OnFocusLost() reason 0
[2018.10.18-03.26.39:217][594]LogAIModule: Creating AISystem for world StreetSceneLarge_MMM
[2018.10.18-03.26.39:224][594]LogAssetEditorManager: Opening Asset editor for World /Game/StreetSceneLarge_MMM.StreetSceneLarge_MMM
[2018.10.18-03.26.39:244][594]Cmd: MAP LOAD FILE="../../../../../../Users/Richard/Documents/GitHub/AssetPipeMaster01/APsec1LargeCityBase/Content/StreetSceneLarge_MMM.umap" TEMPLATE=0 SHOWPROGRESS=1 FEATURELEVEL=3
[2018.10.18-03.26.39:244][594]LightingResults: New page: Lighting Build
[2018.10.18-03.26.39:245][594]LoadErrors: New page: Loading map: StreetSceneLarge_MMM.umap
[2018.10.18-03.26.39:246][594]MapCheck: New page: Map Check
[2018.10.18-03.26.39:246][594]LightingResults: New page: Lighting Build
[2018.10.18-03.26.39:276][594]LogEditorServer: Finished looking for orphan Actors (0.000 secs)
[2018.10.18-03.26.39:309][594]Cmd: MAP CHECKDEP NOCLEARLOG
[2018.10.18-03.26.39:401][594]MapCheck: Map check complete: 0 Error(s), 0 Warning(s), took 91.067ms to complete.
[2018.10.18-03.26.39:401][594]LogFileHelpers: Loading map 'StreetSceneLarge_MMM' took 0.157
[2018.10.18-03.26.40:779][754]LogSlate: FSceneViewport::OnFocusLost() reason 0
[2018.10.18-03.26.40:996][771]LogAIModule: Creating AISystem for world StreetSceneLarge
[2018.10.18-03.26.41:000][771]LogAssetEditorManager: Opening Asset editor for World /Game/StreetSceneLarge.StreetSceneLarge
[2018.10.18-03.26.41:019][771]Cmd: MAP LOAD FILE="../../../../../../Users/Richard/Documents/GitHub/AssetPipeMaster01/APsec1LargeCityBase/Content/StreetSceneLarge.umap" TEMPLATE=0 SHOWPROGRESS=1 FEATURELEVEL=3
[2018.10.18-03.26.41:020][771]LightingResults: New page: Lighting Build
[2018.10.18-03.26.41:020][771]LoadErrors: New page: Loading map: StreetSceneLarge.umap
[2018.10.18-03.26.41:022][771]MapCheck: New page: Map Check
[2018.10.18-03.26.41:022][771]LightingResults: New page: Lighting Build
[2018.10.18-03.26.41:049][771]LogEditorServer: Finished looking for orphan Actors (0.000 secs)
[2018.10.18-03.26.41:080][771]Cmd: MAP CHECKDEP NOCLEARLOG
[2018.10.18-03.26.41:175][771]MapCheck: Map check complete: 0 Error(s), 0 Warning(s), took 94.827ms to complete.
[2018.10.18-03.26.41:175][771]LogFileHelpers: Loading map 'StreetSceneLarge' took 0.156
[2018.10.18-03.26.43:488][ 43]LogSlate: FSceneViewport::OnFocusLost() reason 0
[2018.10.18-03.26.43:780][ 62]LogAIModule: Creating AISystem for world StreetSceneLarge_RichardTendean
[2018.10.18-03.26.43:788][ 62]LogAssetEditorManager: Opening Asset editor for World /Game/StreetSceneLarge_RichardTendean.StreetSceneLarge_RichardTendean
[2018.10.18-03.26.43:808][ 62]Cmd: MAP LOAD FILE="../../../../../../Users/Richard/Documents/GitHub/AssetPipeMaster01/APsec1LargeCityBase/Content/StreetSceneLarge_RichardTendean.umap" TEMPLATE=0 SHOWPROGRESS=1 FEATURELEVEL=3
[2018.10.18-03.26.43:808][ 62]LightingResults: New page: Lighting Build
[2018.10.18-03.26.43:809][ 62]LoadErrors: New page: Loading map: StreetSceneLarge_RichardTendean.umap
[2018.10.18-03.26.43:810][ 62]MapCheck: New page: Map Check
[2018.10.18-03.26.43:810][ 62]LightingResults: New page: Lighting Build
[2018.10.18-03.26.43:842][ 62]LogEditorServer: Finished looking for orphan Actors (0.000 secs)
[2018.10.18-03.26.43:874][ 62]Cmd: MAP CHECKDEP NOCLEARLOG
[2018.10.18-03.26.43:963][ 62]MapCheck: Map check complete: 0 Error(s), 0 Warning(s), took 89.416ms to complete.
[2018.10.18-03.26.43:963][ 62]LogFileHelpers: Loading map 'StreetSceneLarge_RichardTendean' took 0.156
[2018.10.18-03.26.46:024][302]LogSlate: FSceneViewport::OnFocusLost() reason 0
[2018.10.18-03.26.46:311][321]LogAIModule: Creating AISystem for world StreetSceneLarge_SCB
[2018.10.18-03.26.46:319][321]LogAssetEditorManager: Opening Asset editor for World /Game/StreetSceneLarge_SCB.StreetSceneLarge_SCB
[2018.10.18-03.26.46:339][321]Cmd: MAP LOAD FILE="../../../../../../Users/Richard/Documents/GitHub/AssetPipeMaster01/APsec1LargeCityBase/Content/StreetSceneLarge_SCB.umap" TEMPLATE=0 SHOWPROGRESS=1 FEATURELEVEL=3
[2018.10.18-03.26.46:339][321]LightingResults: New page: Lighting Build
[2018.10.18-03.26.46:340][321]LoadErrors: New page: Loading map: StreetSceneLarge_SCB.umap
[2018.10.18-03.26.46:342][321]MapCheck: New page: Map Check
[2018.10.18-03.26.46:342][321]LightingResults: New page: Lighting Build
[2018.10.18-03.26.46:374][321]LogEditorServer: Finished looking for orphan Actors (0.000 secs)
[2018.10.18-03.26.46:407][321]Cmd: MAP CHECKDEP NOCLEARLOG
[2018.10.18-03.26.46:497][321]MapCheck: Map check complete: 0 Error(s), 0 Warning(s), took 90.36ms to complete.
[2018.10.18-03.26.46:497][321]LogFileHelpers: Loading map 'StreetSceneLarge_SCB' took 0.159
[2018.10.18-03.26.59:794][  0]LogSlate: FSceneViewport::OnFocusLost() reason 2
[2018.10.18-03.27.16:459][  3]LogSlate: FSceneViewport::OnFocusLost() reason 2
[2018.10.18-03.27.17:147][ 85]LogSlate: FSceneViewport::OnFocusLost() reason 2
[2018.10.18-03.27.26:429][803]LogSlate: FSceneViewport::OnFocusLost() reason 0
[2018.10.18-03.27.26:708][820]LogAIModule: Creating AISystem for world StreetSceneLarge_RichardTendean
[2018.10.18-03.27.26:716][820]LogAssetEditorManager: Opening Asset editor for World /Game/StreetSceneLarge_RichardTendean.StreetSceneLarge_RichardTendean
[2018.10.18-03.27.26:737][820]Cmd: MAP LOAD FILE="../../../../../../Users/Richard/Documents/GitHub/AssetPipeMaster01/APsec1LargeCityBase/Content/StreetSceneLarge_RichardTendean.umap" TEMPLATE=0 SHOWPROGRESS=1 FEATURELEVEL=3
[2018.10.18-03.27.26:737][820]LightingResults: New page: Lighting Build
[2018.10.18-03.27.26:737][820]LoadErrors: New page: Loading map: StreetSceneLarge_RichardTendean.umap
[2018.10.18-03.27.26:739][820]MapCheck: New page: Map Check
[2018.10.18-03.27.26:739][820]LightingResults: New page: Lighting Build
[2018.10.18-03.27.26:771][820]LogEditorServer: Finished looking for orphan Actors (0.000 secs)
[2018.10.18-03.27.26:804][820]Cmd: MAP CHECKDEP NOCLEARLOG
[2018.10.18-03.27.26:894][820]MapCheck: Map check complete: 0 Error(s), 0 Warning(s), took 89.82ms to complete.
[2018.10.18-03.27.26:894][820]LogFileHelpers: Loading map 'StreetSceneLarge_RichardTendean' took 0.157
[2018.10.18-03.27.28:603][ 19]LogSlate: FSceneViewport::OnFocusLost() reason 0
[2018.10.18-03.27.28:897][ 39]LogAIModule: Creating AISystem for world StreetSceneLarge_MMM
[2018.10.18-03.27.28:904][ 39]LogAssetEditorManager: Opening Asset editor for World /Game/StreetSceneLarge_MMM.StreetSceneLarge_MMM
[2018.10.18-03.27.28:924][ 39]Cmd: MAP LOAD FILE="../../../../../../Users/Richard/Documents/GitHub/AssetPipeMaster01/APsec1LargeCityBase/Content/StreetSceneLarge_MMM.umap" TEMPLATE=0 SHOWPROGRESS=1 FEATURELEVEL=3
[2018.10.18-03.27.28:924][ 39]LightingResults: New page: Lighting Build
[2018.10.18-03.27.28:925][ 39]LoadErrors: New page: Loading map: StreetSceneLarge_MMM.umap
[2018.10.18-03.27.28:927][ 39]MapCheck: New page: Map Check
[2018.10.18-03.27.28:927][ 39]LightingResults: New page: Lighting Build
[2018.10.18-03.27.28:960][ 39]LogEditorServer: Finished looking for orphan Actors (0.000 secs)
[2018.10.18-03.27.28:992][ 39]Cmd: MAP CHECKDEP NOCLEARLOG
[2018.10.18-03.27.29:082][ 39]MapCheck: Map check complete: 0 Error(s), 0 Warning(s), took 90.649ms to complete.
[2018.10.18-03.27.29:082][ 39]LogFileHelpers: Loading map 'StreetSceneLarge_MMM' took 0.159
[2018.10.18-03.27.48:907][492]LogSlate: FSceneViewport::OnFocusLost() reason 2
[2018.10.18-03.27.49:738][591]LogSlate: FSceneViewport::OnFocusLost() reason 2
[2018.10.18-03.27.49:859][605]LogSlate: FSceneViewport::OnFocusLost() reason 2
[2018.10.18-03.28.11:064][883]LogSlate: FSceneViewport::OnFocusLost() reason 0
[2018.10.18-03.28.11:369][903]LogAIModule: Creating AISystem for world StreetSceneLarge_RichardTendean
[2018.10.18-03.28.11:377][903]LogAssetEditorManager: Opening Asset editor for World /Game/StreetSceneLarge_RichardTendean.StreetSceneLarge_RichardTendean
[2018.10.18-03.28.11:397][903]Cmd: MAP LOAD FILE="../../../../../../Users/Richard/Documents/GitHub/AssetPipeMaster01/APsec1LargeCityBase/Content/StreetSceneLarge_RichardTendean.umap" TEMPLATE=0 SHOWPROGRESS=1 FEATURELEVEL=3
[2018.10.18-03.28.11:397][903]LightingResults: New page: Lighting Build
[2018.10.18-03.28.11:397][903]LoadErrors: New page: Loading map: StreetSceneLarge_RichardTendean.umap
[2018.10.18-03.28.11:399][903]MapCheck: New page: Map Check
[2018.10.18-03.28.11:399][903]LightingResults: New page: Lighting Build
[2018.10.18-03.28.11:431][903]LogEditorServer: Finished looking for orphan Actors (0.000 secs)
[2018.10.18-03.28.11:463][903]Cmd: MAP CHECKDEP NOCLEARLOG
[2018.10.18-03.28.11:555][903]MapCheck: Map check complete: 0 Error(s), 0 Warning(s), took 91.417ms to complete.
[2018.10.18-03.28.11:555][903]LogFileHelpers: Loading map 'StreetSceneLarge_RichardTendean' took 0.159
[2018.10.18-03.28.16:725][448]LogAIModule: Creating AISystem for world StreetSceneLarge_SCB
[2018.10.18-03.28.16:733][448]LogAssetEditorManager: Opening Asset editor for World /Game/StreetSceneLarge_SCB.StreetSceneLarge_SCB
[2018.10.18-03.28.16:753][448]Cmd: MAP LOAD FILE="../../../../../../Users/Richard/Documents/GitHub/AssetPipeMaster01/APsec1LargeCityBase/Content/StreetSceneLarge_SCB.umap" TEMPLATE=0 SHOWPROGRESS=1 FEATURELEVEL=3
[2018.10.18-03.28.16:753][448]LightingResults: New page: Lighting Build
[2018.10.18-03.28.16:754][448]LoadErrors: New page: Loading map: StreetSceneLarge_SCB.umap
[2018.10.18-03.28.16:756][448]MapCheck: New page: Map Check
[2018.10.18-03.28.16:756][448]LightingResults: New page: Lighting Build
[2018.10.18-03.28.16:788][448]LogEditorServer: Finished looking for orphan Actors (0.000 secs)
[2018.10.18-03.28.16:821][448]Cmd: MAP CHECKDEP NOCLEARLOG
[2018.10.18-03.28.16:911][448]MapCheck: Map check complete: 0 Error(s), 0 Warning(s), took 90.116ms to complete.
[2018.10.18-03.28.16:911][448]LogFileHelpers: Loading map 'StreetSceneLarge_SCB' took 0.158
[2018.10.18-03.28.20:129][813]LogAIModule: Creating AISystem for world StreetSceneLarge_MMM
[2018.10.18-03.28.20:136][813]LogAssetEditorManager: Opening Asset editor for World /Game/StreetSceneLarge_MMM.StreetSceneLarge_MMM
[2018.10.18-03.28.20:156][813]Cmd: MAP LOAD FILE="../../../../../../Users/Richard/Documents/GitHub/AssetPipeMaster01/APsec1LargeCityBase/Content/StreetSceneLarge_MMM.umap" TEMPLATE=0 SHOWPROGRESS=1 FEATURELEVEL=3
[2018.10.18-03.28.20:156][813]LightingResults: New page: Lighting Build
[2018.10.18-03.28.20:157][813]LoadErrors: New page: Loading map: StreetSceneLarge_MMM.umap
[2018.10.18-03.28.20:159][813]MapCheck: New page: Map Check
[2018.10.18-03.28.20:159][813]LightingResults: New page: Lighting Build
[2018.10.18-03.28.20:189][813]LogEditorServer: Finished looking for orphan Actors (0.000 secs)
[2018.10.18-03.28.20:223][813]Cmd: MAP CHECKDEP NOCLEARLOG
[2018.10.18-03.28.20:313][813]MapCheck: Map check complete: 0 Error(s), 0 Warning(s), took 89.75ms to complete.
[2018.10.18-03.28.20:313][813]LogFileHelpers: Loading map 'StreetSceneLarge_MMM' took 0.158
[2018.10.18-03.28.34:393][892]LogAIModule: Creating AISystem for world StreetSceneLarge_AlexCarpentieri
[2018.10.18-03.28.34:398][892]LogAssetEditorManager: Opening Asset editor for World /Game/StreetSceneLarge_AlexCarpentieri.StreetSceneLarge_AlexCarpentieri
[2018.10.18-03.28.34:417][892]Cmd: MAP LOAD FILE="../../../../../../Users/Richard/Documents/GitHub/AssetPipeMaster01/APsec1LargeCityBase/Content/StreetSceneLarge_AlexCarpentieri.umap" TEMPLATE=0 SHOWPROGRESS=1 FEATURELEVEL=3
[2018.10.18-03.28.34:418][892]LightingResults: New page: Lighting Build
[2018.10.18-03.28.34:418][892]LoadErrors: New page: Loading map: StreetSceneLarge_AlexCarpentieri.umap
[2018.10.18-03.28.34:420][892]MapCheck: New page: Map Check
[2018.10.18-03.28.34:420][892]LightingResults: New page: Lighting Build
[2018.10.18-03.28.34:447][892]LogEditorServer: Finished looking for orphan Actors (0.000 secs)
[2018.10.18-03.28.34:479][892]Cmd: MAP CHECKDEP NOCLEARLOG
[2018.10.18-03.28.34:568][892]MapCheck: Map check complete: 0 Error(s), 0 Warning(s), took 89.83ms to complete.
[2018.10.18-03.28.34:568][892]LogFileHelpers: Loading map 'StreetSceneLarge_AlexCarpentieri' took 0.152
[2018.10.18-03.28.44:397][887]LogAIModule: Creating AISystem for world StreetSceneLarge_MMM
[2018.10.18-03.28.44:404][887]LogAssetEditorManager: Opening Asset editor for World /Game/StreetSceneLarge_MMM.StreetSceneLarge_MMM
[2018.10.18-03.28.44:424][887]Cmd: MAP LOAD FILE="../../../../../../Users/Richard/Documents/GitHub/AssetPipeMaster01/APsec1LargeCityBase/Content/StreetSceneLarge_MMM.umap" TEMPLATE=0 SHOWPROGRESS=1 FEATURELEVEL=3
[2018.10.18-03.28.44:424][887]LightingResults: New page: Lighting Build
[2018.10.18-03.28.44:425][887]LoadErrors: New page: Loading map: StreetSceneLarge_MMM.umap
[2018.10.18-03.28.44:426][887]MapCheck: New page: Map Check
[2018.10.18-03.28.44:426][887]LightingResults: New page: Lighting Build
[2018.10.18-03.28.44:457][887]LogEditorServer: Finished looking for orphan Actors (0.000 secs)
[2018.10.18-03.28.44:489][887]Cmd: MAP CHECKDEP NOCLEARLOG
[2018.10.18-03.28.44:580][887]MapCheck: Map check complete: 0 Error(s), 0 Warning(s), took 91.849ms to complete.
[2018.10.18-03.28.44:580][887]LogFileHelpers: Loading map 'StreetSceneLarge_MMM' took 0.157
[2018.10.18-03.28.46:888][142]LogAIModule: Creating AISystem for world StreetSceneLarge_RichardTendean
[2018.10.18-03.28.46:896][142]LogAssetEditorManager: Opening Asset editor for World /Game/StreetSceneLarge_RichardTendean.StreetSceneLarge_RichardTendean
[2018.10.18-03.28.46:916][142]Cmd: MAP LOAD FILE="../../../../../../Users/Richard/Documents/GitHub/AssetPipeMaster01/APsec1LargeCityBase/Content/StreetSceneLarge_RichardTendean.umap" TEMPLATE=0 SHOWPROGRESS=1 FEATURELEVEL=3
[2018.10.18-03.28.46:916][142]LightingResults: New page: Lighting Build
[2018.10.18-03.28.46:917][142]LoadErrors: New page: Loading map: StreetSceneLarge_RichardTendean.umap
[2018.10.18-03.28.46:919][142]MapCheck: New page: Map Check
[2018.10.18-03.28.46:919][142]LightingResults: New page: Lighting Build
[2018.10.18-03.28.46:952][142]LogEditorServer: Finished looking for orphan Actors (0.000 secs)
[2018.10.18-03.28.46:984][142]Cmd: MAP CHECKDEP NOCLEARLOG
[2018.10.18-03.28.47:075][142]MapCheck: Map check complete: 0 Error(s), 0 Warning(s), took 90.82ms to complete.
[2018.10.18-03.28.47:075][142]LogFileHelpers: Loading map 'StreetSceneLarge_RichardTendean' took 0.159
[2018.10.18-03.28.49:038][355]LogAIModule: Creating AISystem for world StreetSceneLarge_SCB
[2018.10.18-03.28.49:045][355]LogAssetEditorManager: Opening Asset editor for World /Game/StreetSceneLarge_SCB.StreetSceneLarge_SCB
[2018.10.18-03.28.49:066][355]Cmd: MAP LOAD FILE="../../../../../../Users/Richard/Documents/GitHub/AssetPipeMaster01/APsec1LargeCityBase/Content/StreetSceneLarge_SCB.umap" TEMPLATE=0 SHOWPROGRESS=1 FEATURELEVEL=3
[2018.10.18-03.28.49:066][355]LightingResults: New page: Lighting Build
[2018.10.18-03.28.49:066][355]LoadErrors: New page: Loading map: StreetSceneLarge_SCB.umap
[2018.10.18-03.28.49:068][355]MapCheck: New page: Map Check
[2018.10.18-03.28.49:069][355]LightingResults: New page: Lighting Build
[2018.10.18-03.28.49:101][355]LogEditorServer: Finished looking for orphan Actors (0.000 secs)
[2018.10.18-03.28.49:134][355]Cmd: MAP CHECKDEP NOCLEARLOG
[2018.10.18-03.28.49:224][355]MapCheck: Map check complete: 0 Error(s), 0 Warning(s), took 89.503ms to complete.
[2018.10.18-03.28.49:224][355]LogFileHelpers: Loading map 'StreetSceneLarge_SCB' took 0.158
[2018.10.18-03.28.52:013][667]LogAIModule: Creating AISystem for world StreetSceneLarge_RichardTendean
[2018.10.18-03.28.52:021][667]LogAssetEditorManager: Opening Asset editor for World /Game/StreetSceneLarge_RichardTendean.StreetSceneLarge_RichardTendean
[2018.10.18-03.28.52:042][667]Cmd: MAP LOAD FILE="../../../../../../Users/Richard/Documents/GitHub/AssetPipeMaster01/APsec1LargeCityBase/Content/StreetSceneLarge_RichardTendean.umap" TEMPLATE=0 SHOWPROGRESS=1 FEATURELEVEL=3
[2018.10.18-03.28.52:042][667]LightingResults: New page: Lighting Build
[2018.10.18-03.28.52:042][667]LoadErrors: New page: Loading map: StreetSceneLarge_RichardTendean.umap
[2018.10.18-03.28.52:044][667]MapCheck: New page: Map Check
[2018.10.18-03.28.52:044][667]LightingResults: New page: Lighting Build
[2018.10.18-03.28.52:076][667]LogEditorServer: Finished looking for orphan Actors (0.000 secs)
[2018.10.18-03.28.52:109][667]Cmd: MAP CHECKDEP NOCLEARLOG
[2018.10.18-03.28.52:197][667]MapCheck: Map check complete: 0 Error(s), 0 Warning(s), took 88.988ms to complete.
[2018.10.18-03.28.52:197][667]LogFileHelpers: Loading map 'StreetSceneLarge_RichardTendean' took 0.157
[2018.10.18-03.28.53:431][810]LogEditorViewport: Clicking on Actor (LMB): StaticMeshActor (streetBlockBase49)
[2018.10.18-03.28.58:928][463]LogEditorViewport: Clicking on Actor (LMB): StaticMeshActor (streetBlockIntersect4)
[2018.10.18-03.28.59:599][539]LogEditorViewport: Clicking on Actor (LMB): StaticMeshActor (streetBlockBase49)
[2018.10.18-03.29.00:890][688]LogEditorViewport: Clicking on Actor (LMB): StaticMeshActor (streetBlockIntersect4)
[2018.10.18-03.29.04:088][ 66]LogEditorViewport: Clicking on Actor (LMB): StaticMeshActor (streetBlockBase48)
[2018.10.18-03.29.05:034][175]LogEditorViewport: Clicking on Actor (LMB): StaticMeshActor (streetBlockIntersect5)
[2018.10.18-03.29.08:119][539]LogEditorViewport: Clicking on Actor (LMB): StaticMeshActor (streetBlockBase48)
[2018.10.18-03.29.12:101][ 11]LogEditorViewport: Clicking on Actor (LMB): StaticMeshActor (streetBlockBase50)
[2018.10.18-03.29.15:288][389]LogEditorViewport: Clicking on Actor (LMB): StaticMeshActor (streetBlockBase49)
[2018.10.18-03.29.19:768][921]LogSlate: FSceneViewport::OnFocusLost() reason 2
[2018.10.18-03.29.21:143][ 45]LogSavePackage: Moving '../../../../../../Users/Richard/Documents/GitHub/AssetPipeMaster01/APsec1LargeCityBase/Saved/StreetSceneLarge_RichardTendean0ADFB79F45EA2BFCD09DBF953D1295CC.tmp' to '../../../../../../Users/Richard/Documents/GitHub/AssetPipeMaster01/APsec1LargeCityBase/Content/StreetSceneLarge_RichardTendean.umap'
[2018.10.18-03.29.21:233][ 45]LogSavePackage: Moving '../../../../../../Users/Richard/Documents/GitHub/AssetPipeMaster01/APsec1LargeCityBase/Saved/StreetSceneLarge_RichardTendean_C43B7784429B057592BDF7A8FB2F143C.tmp' to '../../../../../../Users/Richard/Documents/GitHub/AssetPipeMaster01/APsec1LargeCityBase/Content/StreetSceneLarge_RichardTendean_BuiltData.uasset'
[2018.10.18-03.29.21:772][100]LogSlate: FSceneViewport::OnFocusLost() reason 2
[2018.10.18-03.29.23:820][345]LogSlate: FSceneViewport::OnFocusLost() reason 2
[2018.10.18-03.29.26:347][646]LogSlate: FSceneViewport::OnFocusLost() reason 0
[2018.10.18-03.29.26:775][681]LogAIModule: Creating AISystem for world StreetSceneLarge_SCB
[2018.10.18-03.29.26:782][681]LogAssetEditorManager: Opening Asset editor for World /Game/StreetSceneLarge_SCB.StreetSceneLarge_SCB
[2018.10.18-03.29.26:802][681]Cmd: MAP LOAD FILE="../../../../../../Users/Richard/Documents/GitHub/AssetPipeMaster01/APsec1LargeCityBase/Content/StreetSceneLarge_SCB.umap" TEMPLATE=0 SHOWPROGRESS=1 FEATURELEVEL=3
[2018.10.18-03.29.26:802][681]LightingResults: New page: Lighting Build
[2018.10.18-03.29.26:803][681]LoadErrors: New page: Loading map: StreetSceneLarge_SCB.umap
[2018.10.18-03.29.26:805][681]MapCheck: New page: Map Check
[2018.10.18-03.29.26:805][681]LightingResults: New page: Lighting Build
[2018.10.18-03.29.26:838][681]LogEditorServer: Finished looking for orphan Actors (0.000 secs)
[2018.10.18-03.29.26:871][681]Cmd: MAP CHECKDEP NOCLEARLOG
[2018.10.18-03.29.26:961][681]MapCheck: Map check complete: 0 Error(s), 0 Warning(s), took 90.259ms to complete.
[2018.10.18-03.29.26:961][681]LogFileHelpers: Loading map 'StreetSceneLarge_SCB' took 0.159
[2018.10.18-03.29.30:158][ 57]LogSlate: FSceneViewport::OnFocusLost() reason 0
[2018.10.18-03.29.30:482][ 80]LogAIModule: Creating AISystem for world StreetSceneLarge_RichardTendean
[2018.10.18-03.29.30:490][ 80]LogAssetEditorManager: Opening Asset editor for World /Game/StreetSceneLarge_RichardTendean.StreetSceneLarge_RichardTendean
[2018.10.18-03.29.30:510][ 80]Cmd: MAP LOAD FILE="../../../../../../Users/Richard/Documents/GitHub/AssetPipeMaster01/APsec1LargeCityBase/Content/StreetSceneLarge_RichardTendean.umap" TEMPLATE=0 SHOWPROGRESS=1 FEATURELEVEL=3
[2018.10.18-03.29.30:510][ 80]LightingResults: New page: Lighting Build
[2018.10.18-03.29.30:511][ 80]LoadErrors: New page: Loading map: StreetSceneLarge_RichardTendean.umap
[2018.10.18-03.29.30:513][ 80]MapCheck: New page: Map Check
[2018.10.18-03.29.30:513][ 80]LightingResults: New page: Lighting Build
[2018.10.18-03.29.30:546][ 80]LogEditorServer: Finished looking for orphan Actors (0.000 secs)
[2018.10.18-03.29.30:579][ 80]Cmd: MAP CHECKDEP NOCLEARLOG
[2018.10.18-03.29.30:671][ 80]MapCheck: Map check complete: 0 Error(s), 0 Warning(s), took 92.827ms to complete.
[2018.10.18-03.29.30:671][ 80]LogFileHelpers: Loading map 'StreetSceneLarge_RichardTendean' took 0.162
[2018.10.18-03.29.52:149][649]LogSlate: FSceneViewport::OnFocusLost() reason 0
[2018.10.18-03.29.52:924][700]LogSavePackage: Moving '../../../../../../Users/Richard/Documents/GitHub/AssetPipeMaster01/APsec1LargeCityBase/Saved/StreetSceneLarge_RichardTendean1685BDB64E607BAC494841A9C2296C8D.tmp' to '../../../../../../Users/Richard/Documents/GitHub/AssetPipeMaster01/APsec1LargeCityBase/Content/StreetSceneLarge_RichardTendean.umap'
[2018.10.18-03.29.53:015][700]LogSavePackage: Moving '../../../../../../Users/Richard/Documents/GitHub/AssetPipeMaster01/APsec1LargeCityBase/Saved/StreetSceneLarge_RichardTendean_7B1BA8D14C7C9CBF0A7395AFC373AF1C.tmp' to '../../../../../../Users/Richard/Documents/GitHub/AssetPipeMaster01/APsec1LargeCityBase/Content/StreetSceneLarge_RichardTendean_BuiltData.uasset'
[2018.10.18-03.29.53:294][729]LogSlate: FSceneViewport::OnFocusLost() reason 2
[2018.10.18-03.29.54:215][839]LogSlate: FSceneViewport::OnFocusLost() reason 2
[2018.10.18-03.29.54:554][839]LogSavePackage: Moving '../../../../../../Users/Richard/Documents/GitHub/AssetPipeMaster01/APsec1LargeCityBase/Saved/StreetSceneLarge_RichardTendeanA063DBA84C92ED51A8D4178ABB2B6E47.tmp' to '../../../../../../Users/Richard/Documents/GitHub/AssetPipeMaster01/APsec1LargeCityBase/Content/StreetSceneLarge_RichardTendean.umap'
[2018.10.18-03.29.54:624][839]LogSavePackage: Moving '../../../../../../Users/Richard/Documents/GitHub/AssetPipeMaster01/APsec1LargeCityBase/Saved/StreetSceneLarge_RichardTendean_4EA40B4848B57A3459E09792AADB58D3.tmp' to '../../../../../../Users/Richard/Documents/GitHub/AssetPipeMaster01/APsec1LargeCityBase/Content/StreetSceneLarge_RichardTendean_BuiltData.uasset'
[2018.10.18-03.29.54:921][865]LogSlate: FSceneViewport::OnFocusLost() reason 2
[2018.10.18-03.29.55:909][983]LogSlate: FSceneViewport::OnFocusLost() reason 2
[2018.10.18-03.29.58:135][983]LogSlate: Window 'Save Level As' being destroyed
[2018.10.18-03.29.59:195][109]LogSlate: FSceneViewport::OnFocusLost() reason 2
[2018.10.18-03.30.01:551][391]LogSlate: FSceneViewport::OnFocusLost() reason 2
