Log file open, 11/12/18 10:27:27
LogWindows: Failed to load 'aqProf.dll' (GetLastError=126)
LogWindows: File 'aqProf.dll' does not exist
LogWindows: Failed to load 'VSPerf140.dll' (GetLastError=126)
LogWindows: File 'VSPerf140.dll' does not exist
LogWindows: Failed to load 'VtuneApi.dll' (GetLastError=126)
LogWindows: File 'VtuneApi.dll' does not exist
LogWindows: Failed to load 'VtuneApi32e.dll' (GetLastError=126)
LogWindows: File 'VtuneApi32e.dll' does not exist
LogInit: Display: Running engine for game: APsec1LargeCityBase
LogPlatformFile: Not using cached read wrapper
LogTaskGraph: Started task graph with 5 named threads and 11 total threads with 3 sets of task threads.
LogStats: Stats thread started at 0.195860
LogD3D11RHI: Loaded GFSDK_Aftermath_Lib.x64.dll
LogICUInternationalization: Display: ICU TimeZone Detection - Raw Offset: -7:00, Platform Override: ''
LogPluginManager: Mounting plugin Paper2D
LogPluginManager: Mounting plugin AISupport
LogPluginManager: Mounting plugin LightPropagationVolume
LogPluginManager: Mounting plugin CLionSourceCodeAccess
LogPluginManager: Mounting plugin CodeLiteSourceCodeAccess
LogPluginManager: Mounting plugin GitSourceControl
LogPluginManager: Mounting plugin KDevelopSourceCodeAccess
LogPluginManager: Mounting plugin NullSourceCodeAccess
LogPluginManager: Mounting plugin PerforceSourceControl
LogPluginManager: Mounting plugin SubversionSourceControl
LogPluginManager: Mounting plugin UObjectPlugin
LogPluginManager: Mounting plugin VisualStudioCodeSourceCodeAccess
LogPluginManager: Mounting plugin VisualStudioSourceCodeAccess
LogPluginManager: Mounting plugin XCodeSourceCodeAccess
LogPluginManager: Mounting plugin AssetManagerEditor
LogPluginManager: Mounting plugin CryptoKeys
LogPluginManager: Mounting plugin DataValidation
LogPluginManager: Mounting plugin FacialAnimation
LogPluginManager: Mounting plugin GameplayTagsEditor
LogPluginManager: Mounting plugin MacGraphicsSwitching
LogPluginManager: Mounting plugin MeshEditor
LogPluginManager: Mounting plugin MobileLauncherProfileWizard
LogPluginManager: Mounting plugin PluginBrowser
LogPluginManager: Mounting plugin SpeedTreeImporter
LogPluginManager: Mounting plugin DatasmithContent
LogPluginManager: Mounting plugin AlembicImporter
LogPluginManager: Mounting plugin AppleImageUtils
LogPluginManager: Mounting plugin AppleVision
LogPluginManager: Mounting plugin BackChannel
LogPluginManager: Mounting plugin CharacterAI
LogPluginManager: Mounting plugin GeometryCache
LogPluginManager: Mounting plugin HTML5Networking
LogPluginManager: Mounting plugin ProxyLODPlugin
LogPluginManager: Mounting plugin MagicLeap
LogPluginManager: Mounting plugin MagicLeapEmulator
LogPluginManager: Mounting plugin MagicLeapMedia
LogPluginManager: Mounting plugin AndroidMedia
LogPluginManager: Mounting plugin AvfMedia
LogPluginManager: Mounting plugin ImgMedia
LogPluginManager: Mounting plugin LinearTimecode
LogPluginManager: Mounting plugin MediaCompositing
LogPluginManager: Mounting plugin MediaPlayerEditor
LogPluginManager: Mounting plugin WmfMedia
LogPluginManager: Mounting plugin TcpMessaging
LogPluginManager: Mounting plugin UdpMessaging
LogPluginManager: Mounting plugin ActorSequence
LogPluginManager: Mounting plugin LevelSequenceEditor
LogPluginManager: Mounting plugin MatineeToLevelSequence
LogPluginManager: Mounting plugin NetcodeUnitTest
LogPluginManager: Mounting plugin NUTUnrealEngine4
LogPluginManager: Mounting plugin OnlineSubsystemGooglePlay
LogPluginManager: Mounting plugin OnlineSubsystemIOS
LogPluginManager: Mounting plugin OnlineSubsystem
LogPluginManager: Mounting plugin OnlineSubsystemNull
LogPluginManager: Mounting plugin OnlineSubsystemUtils
LogPluginManager: Mounting plugin LauncherChunkInstaller
LogPluginManager: Mounting plugin AndroidDeviceProfileSelector
LogPluginManager: Mounting plugin AndroidMoviePlayer
LogPluginManager: Mounting plugin AndroidPermission
LogPluginManager: Mounting plugin AppleMoviePlayer
LogPluginManager: Mounting plugin ArchVisCharacter
LogPluginManager: Mounting plugin AudioCapture
LogPluginManager: Mounting plugin CableComponent
LogPluginManager: Mounting plugin CustomMeshComponent
LogPluginManager: Mounting plugin EditableMesh
LogPluginManager: Mounting plugin ExampleDeviceProfileSelector
LogPluginManager: Mounting plugin GoogleCloudMessaging
LogPluginManager: Mounting plugin ImmediatePhysics
LogPluginManager: Mounting plugin IOSDeviceProfileSelector
LogPluginManager: Mounting plugin LinuxDeviceProfileSelector
LogPluginManager: Mounting plugin LocationServicesBPLibrary
LogPluginManager: Mounting plugin MobilePatchingUtils
LogPluginManager: Mounting plugin OculusVR
LogPluginManager: Plugin shader directory ../../../Engine/Plugins/Runtime/Oculus/OculusVR/Shaders found
LogPluginManager: Mapping shader source directory ../../../Engine/Plugins/Runtime/Oculus/OculusVR/Shaders to virtual directory /Plugin/OculusVR
LogPluginManager: Mounting plugin PhysXVehicles
LogPluginManager: Mounting plugin ProceduralMeshComponent
LogPluginManager: Mounting plugin RuntimePhysXCooking
LogPluginManager: Mounting plugin SteamVR
LogPluginManager: Mounting plugin WindowsMoviePlayer
LogStreaming: Display: Took  0.246s to configure plugins.
LogInit: Using libcurl 7.55.1-DEV
LogInit:  - built for x86_64-pc-win32
LogInit:  - supports SSL with OpenSSL/1.0.2h
LogInit:  - supports HTTP deflate (compression) using libz 1.2.8
LogInit:  - other features:
LogInit:      CURL_VERSION_SSL
LogInit:      CURL_VERSION_LIBZ
LogInit:      CURL_VERSION_IPV6
LogInit:      CURL_VERSION_ASYNCHDNS
LogInit:      CURL_VERSION_LARGEFILE
LogInit:      CURL_VERSION_IDN
LogInit:  CurlRequestOptions (configurable via config and command line):
LogInit:  - bVerifyPeer = false  - Libcurl will NOT verify peer certificate
LogInit:  - bUseHttpProxy = false  - Libcurl will NOT use HTTP proxy
LogInit:  - bDontReuseConnections = false  - Libcurl will reuse connections
LogInit:  - CertBundlePath = nullptr  - Libcurl will use whatever was configured at build time.
LogInit:  - MaxHostConnections = 16  - Libcurl will limit the number of connections to a host
LogInit:  - LocalHostAddr = Default
LogInit:  - BufferSize = 65536
LogInit: WinSock: version 1.1 (2.2), MaxSocks=32767, MaxUdp=65467
LogInit: Build: ++UE4+Release-4.20-CL-4369336
LogInit: Engine Version: 4.20.3-4369336+++UE4+Release-4.20
LogInit: Compatible Engine Version: 4.20.0-4212847+++UE4+Release-4.20
LogInit: Net CL: 4212847
LogInit: OS: Windows 10 (), CPU: Intel(R) Core(TM) i5-7200U CPU @ 2.50GHz, GPU: Intel(R) HD Graphics 620
LogInit: Compiled (64-bit): Sep 17 2018 12:26:19
LogInit: Compiled with Visual C++: 19.13.26129.00
LogInit: Build Configuration: Development
LogInit: Branch Name: ++UE4+Release-4.20
LogInit: Command Line: 
LogInit: Base Directory: C:/Program Files/Epic Games/UE_4.20/Engine/Binaries/Win64/
LogInit: Installed Engine Build: 1
LogDevObjectVersion: Number of dev versions registered: 20
LogDevObjectVersion:   Dev-Blueprints (B0D832E4-1F89-4F0D-ACCF-7EB736FD4AA2): 10
LogDevObjectVersion:   Dev-Build (E1C64328-A22C-4D53-A36C-8E866417BD8C): 0
LogDevObjectVersion:   Dev-Core (375EC13C-06E4-48FB-B500-84F0262A717E): 2
LogDevObjectVersion:   Dev-Editor (E4B068ED-F494-42E9-A231-DA0B2E46BB41): 24
LogDevObjectVersion:   Dev-Framework (CFFC743F-43B0-4480-9391-14DF171D2073): 34
LogDevObjectVersion:   Dev-Mobile (B02B49B5-BB20-44E9-A304-32B752E40360): 2
LogDevObjectVersion:   Dev-Networking (A4E4105C-59A1-49B5-A7C5-40C4547EDFEE): 0
LogDevObjectVersion:   Dev-Online (39C831C9-5AE6-47DC-9A44-9C173E1C8E7C): 0
LogDevObjectVersion:   Dev-Physics (78F01B33-EBEA-4F98-B9B4-84EACCB95AA2): 0
LogDevObjectVersion:   Dev-Platform (6631380F-2D4D-43E0-8009-CF276956A95A): 0
LogDevObjectVersion:   Dev-Rendering (12F88B9F-8875-4AFC-A67C-D90C383ABD29): 26
LogDevObjectVersion:   Dev-Sequencer (7B5AE74C-D270-4C10-A958-57980B212A5A): 9
LogDevObjectVersion:   Dev-VR (D7296918-1DD6-4BDD-9DE2-64A83CC13884): 2
LogDevObjectVersion:   Dev-LoadTimes (C2A15278-BFE7-4AFE-6C17-90FF531DF755): 1
LogDevObjectVersion:   Private-Geometry (6EACA3D4-40EC-4CC1-B786-8BED09428FC5): 3
LogDevObjectVersion:   Dev-AnimPhys (29E575DD-E0A3-4627-9D10-D276232CDCEA): 17
LogDevObjectVersion:   Dev-ReflectionCapture (6B266CEC-1EC7-4B8F-A30B-E4D90942FC07): 1
LogDevObjectVersion:   Dev-Automation (0DF73D61-A23F-47EA-B727-89E90C41499A): 1
LogDevObjectVersion:   FortniteMain (601D1886-AC64-4F84-AA16-D3DE0DEAC7D6): 12
LogDevObjectVersion:   Dev-Enterprise (9DFFBCD6-494F-0158-E221-12823C92A888): 1
LogStreaming: Display: Took  0.013s to delete old logs.
LogInit: Presizing for max 8388607 objects, including 0 objects not considered by GC, pre-allocating 0 bytes for permanent pool.
LogInit: Object subsystem initialized
[2018.11.12-17.27.27:683][  0]LogInit: Selected Device Profile: [Windows]
[2018.11.12-17.27.27:683][  0]LogInit: Applying CVar settings loaded from the selected device profile: [Windows]
[2018.11.12-17.27.27:700][  0]LogHAL: Display: Platform has ~ 8 GB [8451760128 / 8589934592 / 8], which maps to Default [LargestMinGB=32, LargerMinGB=12, DefaultMinGB=8, SmallerMinGB=6, SmallestMinGB=0)
[2018.11.12-17.27.27:700][  0]LogInit: Setting Device Profile CVar: [[r.Vulkan.UseRealUBs:1]]
[2018.11.12-17.27.27:700][  0]LogInit: Going up to parent DeviceProfile []
[2018.11.12-17.27.27:701][  0]LogInit: Computer: LAPTOP-S2247MRA
[2018.11.12-17.27.27:701][  0]LogInit: User: tommy
[2018.11.12-17.27.27:701][  0]LogInit: CPU Page size=4096, Cores=2
[2018.11.12-17.27.27:701][  0]LogInit: High frequency timer resolution =2.648444 MHz
[2018.11.12-17.27.27:701][  0]LogMemory: Memory total: Physical=7.9GB (8GB approx)
[2018.11.12-17.27.27:701][  0]LogMemory: Platform Memory Stats for Windows
[2018.11.12-17.27.27:701][  0]LogMemory: Process Physical Memory: 100.23 MB used, 100.23 MB peak
[2018.11.12-17.27.27:701][  0]LogMemory: Process Virtual Memory: 84.09 MB used, 84.09 MB peak
[2018.11.12-17.27.27:701][  0]LogMemory: Physical Memory: 4351.02 MB used,  3709.21 MB free, 8060.23 MB total
[2018.11.12-17.27.27:701][  0]LogMemory: Virtual Memory: 4606.88 MB used,  3709.21 MB free, 134217728.00 MB total
[2018.11.12-17.27.27:730][  0]LogInit: Using OS detected language (en-US).
[2018.11.12-17.27.27:730][  0]LogInit: Using OS detected locale (en-US).
[2018.11.12-17.27.27:732][  0]LogTextLocalizationManager: No specific localization for 'en-US' exists, so the 'en' localization will be used.
[2018.11.12-17.27.28:252][  0]LogStreaming: Display: Took  0.522s to InitEngineTextLocalization.
[2018.11.12-17.27.28:252][  0]LogInit: Setting process to per monitor DPI aware
[2018.11.12-17.27.28:302][  0]LogSlate: New Slate User Created.  User Index 0, Is Virtual User: 0
[2018.11.12-17.27.28:303][  0]LogSlate: Slate User Registered.  User Index 0, Is Virtual User: 0
[2018.11.12-17.27.28:688][  0]LogHMD: Failed to initialize OpenVR with code 110
[2018.11.12-17.27.28:688][  0]LogD3D11RHI: D3D11 adapters:
[2018.11.12-17.27.28:701][  0]LogD3D11RHI:    0. 'Intel(R) HD Graphics 620' (Feature Level 11_0)
[2018.11.12-17.27.28:702][  0]LogD3D11RHI:       128/0/4030 MB DedicatedVideo/DedicatedSystem/SharedSystem, Outputs:1, VendorId:0x8086
[2018.11.12-17.27.28:705][  0]LogD3D11RHI:    1. 'Microsoft Basic Render Driver' (Feature Level 11_0)
[2018.11.12-17.27.28:705][  0]LogD3D11RHI:       0/0/4030 MB DedicatedVideo/DedicatedSystem/SharedSystem, Outputs:0, VendorId:0x1414
[2018.11.12-17.27.28:705][  0]LogD3D11RHI: Chosen D3D11 Adapter: 0
[2018.11.12-17.27.28:752][  0]LogD3D11RHI: Creating new Direct3DDevice
[2018.11.12-17.27.28:752][  0]LogD3D11RHI:     GPU DeviceId: 0x5916 (for the marketing name, search the web for "GPU Device Id")
[2018.11.12-17.27.28:752][  0]LogWindows: EnumDisplayDevices:
[2018.11.12-17.27.28:752][  0]LogWindows:    0. 'Intel(R) HD Graphics 620' (P:1 D:1)
[2018.11.12-17.27.28:753][  0]LogWindows:    1. 'Intel(R) HD Graphics 620' (P:0 D:0)
[2018.11.12-17.27.28:753][  0]LogWindows:    2. 'Intel(R) HD Graphics 620' (P:0 D:0)
[2018.11.12-17.27.28:754][  0]LogWindows: DebugString: FoundDriverCount:3 
[2018.11.12-17.27.28:754][  0]LogD3D11RHI:     Adapter Name: Intel(R) HD Graphics 620
[2018.11.12-17.27.28:754][  0]LogD3D11RHI:   Driver Version: 22.20.16.4691 (internal:22.20.16.4691, unified:22.20.16.4691)
[2018.11.12-17.27.28:754][  0]LogD3D11RHI:      Driver Date: 6-2-2017
[2018.11.12-17.27.28:754][  0]LogRHI: Texture pool is 1500 MB (70% of 2143 MB)
[2018.11.12-17.27.28:763][  0]LogD3D11RHI: Async texture creation enabled
[2018.11.12-17.27.28:774][  0]LogD3D11RHI: GPU Timing Frequency: 12.000000 (Debug: 2 0)
[2018.11.12-17.27.28:776][  0]LogShaderCompilers: Guid format shader working directory is -49 characters bigger than the processId version (../../../../../../Users/tommy/OneDrive/Documents/GitHub/AssetPipeMaster01/APsec1LargeCityBase/Intermediate/Shaders/WorkingDirectory/192344/).
[2018.11.12-17.27.28:776][  0]LogShaderCompilers: Cleaned the shader compiler working directory 'C:/Users/tommy/AppData/Local/Temp/UnrealShaderWorkingDir/C9A278BB464522BAAFA77EAA3BF59A70/'.
[2018.11.12-17.27.29:299][  0]LogTemp: Display: Loaded TP AllDesktopTargetPlatform
[2018.11.12-17.27.29:320][  0]LogTemp: Display: Loaded TP MacClientTargetPlatform
[2018.11.12-17.27.29:340][  0]LogTemp: Display: Loaded TP MacNoEditorTargetPlatform
[2018.11.12-17.27.29:363][  0]LogTemp: Display: Loaded TP MacServerTargetPlatform
[2018.11.12-17.27.29:390][  0]LogTemp: Display: Loaded TP MacTargetPlatform
[2018.11.12-17.27.29:416][  0]LogTemp: Display: Loaded TP WindowsClientTargetPlatform
[2018.11.12-17.27.29:441][  0]LogTemp: Display: Loaded TP WindowsNoEditorTargetPlatform
[2018.11.12-17.27.29:465][  0]LogTemp: Display: Loaded TP WindowsServerTargetPlatform
[2018.11.12-17.27.29:477][  0]LogTemp: Display: Loaded TP WindowsTargetPlatform
[2018.11.12-17.27.29:616][  0]LogTemp: Display: Loaded TP AndroidTargetPlatform
[2018.11.12-17.27.29:616][  0]LogTemp: Display: Loaded TP AndroidTargetPlatform
[2018.11.12-17.27.29:616][  0]LogTemp: Display: Loaded TP AndroidTargetPlatform
[2018.11.12-17.27.29:616][  0]LogTemp: Display: Loaded TP AndroidTargetPlatform
[2018.11.12-17.27.29:616][  0]LogTemp: Display: Loaded TP AndroidTargetPlatform
[2018.11.12-17.27.29:616][  0]LogTemp: Display: Loaded TP AndroidTargetPlatform
[2018.11.12-17.27.29:616][  0]LogTemp: Display: Loaded TP AndroidTargetPlatform
[2018.11.12-17.27.29:616][  0]LogTemp: Display: Loaded TP AndroidTargetPlatform
[2018.11.12-17.27.29:616][  0]LogTemp: Display: Loaded TP AndroidTargetPlatform
[2018.11.12-17.27.29:616][  0]LogTemp: Display: Loaded TP AndroidTargetPlatform
[2018.11.12-17.27.29:616][  0]LogTemp: Display: Loaded TP AndroidTargetPlatform
[2018.11.12-17.27.29:617][  0]LogTemp: Display: Loaded TP AndroidTargetPlatform
[2018.11.12-17.27.29:617][  0]LogTemp: Display: Loaded TP AndroidTargetPlatform
[2018.11.12-17.27.29:617][  0]LogTemp: Display: Loaded TP AndroidTargetPlatform
[2018.11.12-17.27.29:617][  0]LogTemp: Display: Loaded TP AndroidTargetPlatform
[2018.11.12-17.27.29:617][  0]LogTemp: Display: Loaded TP AndroidTargetPlatform
[2018.11.12-17.27.29:617][  0]LogTemp: Display: Loaded TP AndroidTargetPlatform
[2018.11.12-17.27.29:617][  0]LogTemp: Display: Loaded TP AndroidTargetPlatform
[2018.11.12-17.27.29:619][  0]LogTemp: Display: Loaded TP HTML5TargetPlatform
[2018.11.12-17.27.29:704][  0]LogTemp: Display: Loaded TP IOSTargetPlatform
[2018.11.12-17.27.29:704][  0]LogTemp: Display: Loaded TP IOSTargetPlatform
[2018.11.12-17.27.29:751][  0]LogTemp: Display: Loaded TP TVOSTargetPlatform
[2018.11.12-17.27.29:751][  0]LogTemp: Display: Loaded TP TVOSTargetPlatform
[2018.11.12-17.27.29:775][  0]LogTemp: Display: Loaded TP LinuxClientTargetPlatform
[2018.11.12-17.27.29:799][  0]LogTemp: Display: Loaded TP LinuxNoEditorTargetPlatform
[2018.11.12-17.27.29:824][  0]LogTemp: Display: Loaded TP LinuxServerTargetPlatform
[2018.11.12-17.27.29:848][  0]LogTemp: Display: Loaded TP LinuxTargetPlatform
[2018.11.12-17.27.29:863][  0]LogTemp: Display: Loaded TP LuminTargetPlatform
[2018.11.12-17.27.29:863][  0]LogTargetPlatformManager: Display: Building Assets For Windows
[2018.11.12-17.27.29:963][  0]LogXGEController: Cannot use XGE Controller as Incredibuild is not installed on this machine.
[2018.11.12-17.27.29:963][  0]LogShaderCompilers: Cannot use XGE Shader Compiler as Incredibuild is not installed on this machine.
[2018.11.12-17.27.29:963][  0]LogShaderCompilers: Display: Using Local Shader Compiler.
[2018.11.12-17.27.31:164][  0]LogDerivedDataCache: Display: Max Cache Size: 512 MB
[2018.11.12-17.27.31:238][  0]LogDerivedDataCache: Loaded boot cache 0.07s 71MB C:/Users/tommy/AppData/Local/UnrealEngine/4.20/DerivedDataCache/Boot.ddc.
[2018.11.12-17.27.31:238][  0]LogDerivedDataCache: Display: Loaded Boot cache: C:/Users/tommy/AppData/Local/UnrealEngine/4.20/DerivedDataCache/Boot.ddc
[2018.11.12-17.27.31:238][  0]LogDerivedDataCache: FDerivedDataBackendGraph:  Pak pak cache file ../../../../../../Users/tommy/OneDrive/Documents/GitHub/AssetPipeMaster01/APsec1LargeCityBase/DerivedDataCache/DDC.ddp not found, will not use a pak cache.
[2018.11.12-17.27.31:238][  0]LogDerivedDataCache: Unable to find inner node Pak for hierarchical cache Hierarchy.
[2018.11.12-17.27.31:238][  0]LogDerivedDataCache: FDerivedDataBackendGraph:  CompressedPak pak cache file ../../../../../../Users/tommy/OneDrive/Documents/GitHub/AssetPipeMaster01/APsec1LargeCityBase/DerivedDataCache/Compressed.ddp not found, will not use a pak cache.
[2018.11.12-17.27.31:238][  0]LogDerivedDataCache: Unable to find inner node CompressedPak for hierarchical cache Hierarchy.
[2018.11.12-17.27.31:257][  0]LogDerivedDataCache: Display: Pak cache opened for reading ../../../Engine/DerivedDataCache/Compressed.ddp.
[2018.11.12-17.27.31:269][  0]LogDerivedDataCache: Using Local data cache path C:/Users/tommy/AppData/Local/UnrealEngine/Common/DerivedDataCache: Writable
[2018.11.12-17.27.31:269][  0]LogDerivedDataCache: Shared data cache path not found in *engine.ini, will not use an Shared cache.
[2018.11.12-17.27.31:269][  0]LogDerivedDataCache: Unable to find inner node Shared for hierarchical cache Hierarchy.
[2018.11.12-17.27.31:293][  0]LogMaterial: Verifying Global Shaders for PCD3D_SM5
[2018.11.12-17.27.31:294][  0]LogSlate: Using FreeType 2.6.0
[2018.11.12-17.27.31:295][  0]LogSlate: SlateFontServices - WITH_FREETYPE: 1, WITH_HARFBUZZ: 1
[2018.11.12-17.27.31:401][  0]LogAssetRegistry: FAssetRegistry took 0.0283 seconds to start up
[2018.11.12-17.27.31:863][  0]LogInit: Selected Device Profile: [Windows]
[2018.11.12-17.27.32:036][  0]LogSimplygon: Simplygon DLL not present - disabling.
[2018.11.12-17.27.32:045][  0]LogMeshReduction: Using SimplygonSwarm for distributed automatic mesh merging
[2018.11.12-17.27.32:045][  0]LogMeshReduction: Using ProxyLODMeshReduction for automatic mesh merging
[2018.11.12-17.27.32:045][  0]LogMeshReduction: Using QuadricMeshReduction for automatic static mesh reduction
[2018.11.12-17.27.32:046][  0]LogMeshReduction: No automatic skeletal mesh reduction module available
[2018.11.12-17.27.32:066][  0]LogNetVersion: APsec1LargeCityBase 1.0.0, NetCL: 4212847, EngineNetVer: 5, GameNetVer: 0 (Checksum: 1121110827)
[2018.11.12-17.27.32:891][  0]LogPackageLocalizationCache: Processed 11 localized package path(s) for 2 prioritized culture(s) in 0.195363 seconds
[2018.11.12-17.27.32:900][  0]LogUObjectArray: 38425 objects as part of root set at end of initial load.
[2018.11.12-17.27.32:901][  0]LogUObjectAllocator: 6690872 out of 0 bytes used by permanent object pool.
[2018.11.12-17.27.32:901][  0]LogUObjectArray: CloseDisregardForGC: 0/0 objects in disregard for GC pool
[2018.11.12-17.27.34:315][  0]LogTcpMessaging: Initializing TcpMessaging bridge
[2018.11.12-17.27.34:329][  0]LogUdpMessaging: Initializing bridge on interface 0.0.0.0:0 to multicast group 230.0.0.1:6666.
[2018.11.12-17.27.34:514][  0]SourceControl: Source control is disabled
[2018.11.12-17.27.34:514][  0]SourceControl: Source control is disabled
[2018.11.12-17.27.34:516][  0]SourceControl: Source control is disabled
[2018.11.12-17.27.34:517][  0]SourceControl: Source control is disabled
[2018.11.12-17.27.34:755][  0]LogAndroidPermission: UAndroidPermissionCallbackProxy::GetInstance
[2018.11.12-17.27.34:856][  0]LogOcInput: OculusInput pre-init called
[2018.11.12-17.27.34:944][  0]LogEngine: Initializing Engine...
[2018.11.12-17.27.34:945][  0]LogHMD: Failed to initialize OpenVR with code 110
[2018.11.12-17.27.34:947][  0]LogStats: UGameplayTagsManager::ConstructGameplayTagTree: ImportINI prefixes -  0.000 s
[2018.11.12-17.27.34:947][  0]LogStats: UGameplayTagsManager::ConstructGameplayTagTree: Construct from data asset -  0.000 s
[2018.11.12-17.27.34:948][  0]LogStats: UGameplayTagsManager::ConstructGameplayTagTree: ImportINI -  0.000 s
[2018.11.12-17.27.34:948][  0]LogStats: UGameplayTagsManager::ConstructGameplayTagTree: GameplayTagTreeChangedEvent.Broadcast -  0.000 s
[2018.11.12-17.27.35:208][  0]LogInit: Initializing FReadOnlyCVARCache
[2018.11.12-17.27.35:229][  0]LogAIModule: Creating AISystem for world Untitled
[2018.11.12-17.27.35:244][  0]LogInit: XAudio2 using 'Speakers (Realtek High Definition Audio)' : 2 channels at 48 kHz using 32 bits per sample (channel mask 0x3)
[2018.11.12-17.27.35:404][  0]LogInit: FAudioDevice initialized.
[2018.11.12-17.27.35:404][  0]LogNetVersion: Set ProjectVersion to 1.0.0.0. Version Checksum will be recalculated on next use.
[2018.11.12-17.27.35:507][  0]LogDerivedDataCache: Saved boot cache 0.10s 71MB C:/Users/tommy/AppData/Local/UnrealEngine/4.20/DerivedDataCache/Boot.ddc.
[2018.11.12-17.27.35:523][  0]LogInit: Texture streaming: Enabled
[2018.11.12-17.27.35:551][  0]LogEngineSessionManager: EngineSessionManager initialized
[2018.11.12-17.27.35:606][  0]LogInit: Transaction tracking system initialized
[2018.11.12-17.27.35:647][  0]BlueprintLog: New page: Editor Load
[2018.11.12-17.27.35:783][  0]LocalizationService: Localization service is disabled
[2018.11.12-17.27.36:217][  0]LogCook: Display: Max memory allowance for cook 16384mb min free memory 0mb
[2018.11.12-17.27.36:217][  0]LogCook: Display: Mobile HDR setting 1
[2018.11.12-17.27.36:217][  0]LogGameplayTags: Display: UGameplayTagsManager::DoneAddingNativeTags. DelegateIsBound: 0
[2018.11.12-17.27.36:217][  0]LogStats: UGameplayTagsManager::ConstructGameplayTagTree: ImportINI prefixes -  0.000 s
[2018.11.12-17.27.36:217][  0]LogStats: UGameplayTagsManager::ConstructGameplayTagTree: Construct from data asset -  0.000 s
[2018.11.12-17.27.36:217][  0]LogStats: UGameplayTagsManager::ConstructGameplayTagTree: ImportINI -  0.000 s
[2018.11.12-17.27.36:217][  0]LogStats: UGameplayTagsManager::ConstructGameplayTagTree: GameplayTagTreeChangedEvent.Broadcast -  0.000 s
[2018.11.12-17.27.36:413][  0]LogFileCache: Scanning file cache for directory 'C:/Users/tommy/OneDrive/Documents/GitHub/AssetPipeMaster01/APsec1LargeCityBase/Content/' took 0.02s
[2018.11.12-17.27.36:414][  0]SourceControl: Source control is disabled
[2018.11.12-17.27.36:414][  0]Cmd: MAP LOAD FILE="../../../Engine/Content/Maps/Templates/Template_Default.umap" TEMPLATE=1 SHOWPROGRESS=1 FEATURELEVEL=3
[2018.11.12-17.27.36:415][  0]LightingResults: New page: Lighting Build
[2018.11.12-17.27.36:420][  0]MapCheck: New page: Map Check
[2018.11.12-17.27.36:420][  0]LightingResults: New page: Lighting Build
[2018.11.12-17.27.36:768][  0]LogAIModule: Creating AISystem for world Untitled_1
[2018.11.12-17.27.36:780][  0]LogEditorServer: Finished looking for orphan Actors (0.000 secs)
[2018.11.12-17.27.36:810][  0]Cmd: MAP CHECKDEP NOCLEARLOG
[2018.11.12-17.27.36:947][  0]MapCheck: Map check complete: 0 Error(s), 0 Warning(s), took 137.645ms to complete.
[2018.11.12-17.27.36:947][  0]LogFileHelpers: Loading map 'Template_Default' took 0.533
[2018.11.12-17.27.37:083][  0]LogSlate: Updating window title bar state: overlay mode, drag disabled, window buttons hidden, title bar hidden
[2018.11.12-17.27.37:096][  0]LogSlate: Updating window title bar state: overlay mode, drag disabled, window buttons hidden, title bar hidden
[2018.11.12-17.27.37:110][  0]LogSlate: Updating window title bar state: overlay mode, drag disabled, window buttons hidden, title bar hidden
[2018.11.12-17.27.37:123][  0]LogSlate: Updating window title bar state: overlay mode, drag disabled, window buttons hidden, title bar hidden
[2018.11.12-17.27.37:134][  0]LogCollectionManager: Loaded 0 collections in 0.003621 seconds
[2018.11.12-17.27.37:180][  0]LogFileCache: Scanning file cache for directory 'C:/Users/tommy/OneDrive/Documents/GitHub/AssetPipeMaster01/APsec1LargeCityBase/Saved/Collections/' took 0.01s
[2018.11.12-17.27.37:180][  0]LogFileCache: Scanning file cache for directory 'C:/Users/tommy/OneDrive/Documents/GitHub/AssetPipeMaster01/APsec1LargeCityBase/Content/Developers/tommy/Collections/' took 0.01s
[2018.11.12-17.27.37:181][  0]LogFileCache: Scanning file cache for directory 'C:/Users/tommy/OneDrive/Documents/GitHub/AssetPipeMaster01/APsec1LargeCityBase/Content/Collections/' took 0.01s
[2018.11.12-17.27.37:181][  0]LogCollectionManager: Rebuilt the GUID cache for 0 collections in 0.000000 seconds
[2018.11.12-17.27.37:195][  0]LogContentBrowser: Native class hierarchy populated in 0.0140 seconds. Added 2572 classes and 603 folders.
[2018.11.12-17.27.37:204][  0]LogContentBrowser: Native class hierarchy updated for 'WidgetCarousel' in 0.0004 seconds. Added 0 classes and 0 folders.
[2018.11.12-17.27.37:301][  0]LogContentBrowser: Native class hierarchy updated for 'AddContentDialog' in 0.0003 seconds. Added 0 classes and 0 folders.
[2018.11.12-17.27.37:308][  0]LogContentBrowser: Native class hierarchy updated for 'SceneOutliner' in 0.0005 seconds. Added 1 classes and 2 folders.
[2018.11.12-17.27.37:324][  0]LogSlate: Took 0.000344 seconds to synchronously load lazily loaded font '../../../Engine/Content/Slate/Fonts/Roboto-Regular.ttf' (155K)
[2018.11.12-17.27.37:328][  0]LogSlate: Took 0.000466 seconds to synchronously load lazily loaded font '../../../Engine/Content/Slate/Fonts/Roboto-Bold.ttf' (160K)
[2018.11.12-17.27.37:338][  0]LogSlate: Took 0.000388 seconds to synchronously load lazily loaded font '../../../Engine/Content/Editor/Slate/Fonts/FontAwesome.ttf' (139K)
[2018.11.12-17.27.37:458][  0]LogRenderer: Reallocating scene render targets to support 804x368 Format 10 NumSamples 1 (Frame:1).
[2018.11.12-17.27.38:838][  0]LogContentBrowser: Native class hierarchy updated for 'HierarchicalLODOutliner' in 0.0003 seconds. Added 0 classes and 0 folders.
[2018.11.12-17.27.38:838][  0]LogLoad: (Engine Initialization) Total time: 13.97 seconds
[2018.11.12-17.27.38:838][  0]LogLoad: (Engine Initialization) Total Blueprint compile time: 0.00 seconds
[2018.11.12-17.27.38:849][  0]LogWindowsTextInputMethodSystem: Display: IME system now deactivated.
[2018.11.12-17.27.38:873][  0]LogContentStreaming: Texture pool size now 1000 MB
[2018.11.12-17.27.38:922][  1]LogAssetRegistry: Asset discovery search completed in 7.5441 seconds
[2018.11.12-17.27.38:924][  1]LogCollectionManager: Rebuilt the object cache for 0 collections in 0.000001 seconds (found 0 objects)
[2018.11.12-17.27.38:924][  1]LogCollectionManager: Fixed up redirectors for 0 collections in 0.000070 seconds (updated 0 objects)
[2018.11.12-17.27.42:906][117]LogSlate: Took 0.001314 seconds to synchronously load lazily loaded font '../../../Engine/Content/Slate/Fonts/Roboto-Light.ttf' (167K)
[2018.11.12-17.27.45:389][199]LogSlate: FSceneViewport::OnFocusLost() reason 0
[2018.11.12-17.27.49:765][355]LogSlate: Took 0.001909 seconds to synchronously load lazily loaded font '../../../Engine/Content/Slate/Fonts/Roboto-Light.ttf' (167K)
[2018.11.12-17.27.49:850][355]LogLinker: Warning: Asset '../../../../../../Users/tommy/OneDrive/Documents/GitHub/AssetPipeMaster01/APsec1LargeCityBase/Content/Car_DJW/BatmobileTexture_DJW.uasset' has been saved with empty engine version. The asset will be loaded but may be incompatible.
[2018.11.12-17.27.49:852][355]LogLinker: Warning: Asset '../../../../../../Users/tommy/OneDrive/Documents/GitHub/AssetPipeMaster01/APsec1LargeCityBase/Content/Car_DJW/M_MasterWoodBlock_AP_DJW.uasset' has been saved with empty engine version. The asset will be loaded but may be incompatible.
[2018.11.12-17.27.49:854][355]LogLinker: Warning: Asset '../../../../../../Users/tommy/OneDrive/Documents/GitHub/AssetPipeMaster01/APsec1LargeCityBase/Content/Car_DJW/WoodTexture004_DJW.uasset' has been saved with empty engine version. The asset will be loaded but may be incompatible.
[2018.11.12-17.27.49:856][355]LogLinker: Warning: Asset '../../../../../../Users/tommy/OneDrive/Documents/GitHub/AssetPipeMaster01/APsec1LargeCityBase/Content/Car_DJW/WoodTexture004Norm_DJW.uasset' has been saved with empty engine version. The asset will be loaded but may be incompatible.
[2018.11.12-17.27.49:860][355]LogLinker: Warning: Asset '../../../../../../Users/tommy/OneDrive/Documents/GitHub/AssetPipeMaster01/APsec1LargeCityBase/Content/Car_DJW/M_MasterWoodBlock_AP_WHeel_DJW.uasset' has been saved with empty engine version. The asset will be loaded but may be incompatible.
[2018.11.12-17.27.49:981][355]LogLinker: Warning: Asset '../../../../../../Users/tommy/OneDrive/Documents/GitHub/AssetPipeMaster01/APsec1LargeCityBase/Content/Car_DJW/BatmobileProperUnwrapped_pCube3_DJW.uasset' has been saved with empty engine version. The asset will be loaded but may be incompatible.
[2018.11.12-17.27.49:983][355]LogLinker: Warning: Asset '../../../../../../Users/tommy/OneDrive/Documents/GitHub/AssetPipeMaster01/APsec1LargeCityBase/Content/Car_DJW/BatmobileProperUnwrapped_pCylinder8_DJW.uasset' has been saved with empty engine version. The asset will be loaded but may be incompatible.
[2018.11.12-17.27.49:986][355]LogLinker: Warning: Asset '../../../../../../Users/tommy/OneDrive/Documents/GitHub/AssetPipeMaster01/APsec1LargeCityBase/Content/Car_DJW/BatmobileProperUnwrapped_pCylinder9_DJW.uasset' has been saved with empty engine version. The asset will be loaded but may be incompatible.
[2018.11.12-17.27.49:992][355]LogLinker: Warning: Can't find file '/Game/wood/blinn2'
[2018.11.12-17.27.49:992][355]LogLinker: Warning: Can't find file for asset '/Game/wood/blinn2' while loading ../../../../../../Users/tommy/OneDrive/Documents/GitHub/AssetPipeMaster01/APsec1LargeCityBase/Content/Car_XH/wood/car.uasset.
[2018.11.12-17.27.49:992][355]LoadErrors: Error: /Game/Car_XH/wood/car : Can't find file for asset. /Game/wood/blinn2
[2018.11.12-17.27.49:994][355]LogLinker: Warning: Can't find file '/Game/wood/blinn3'
[2018.11.12-17.27.49:995][355]LogLinker: Warning: Can't find file for asset '/Game/wood/blinn3' while loading ../../../../../../Users/tommy/OneDrive/Documents/GitHub/AssetPipeMaster01/APsec1LargeCityBase/Content/Car_XH/wood/car.uasset.
[2018.11.12-17.27.49:995][355]LoadErrors: Error: /Game/Car_XH/wood/car : Can't find file for asset. /Game/wood/blinn3
[2018.11.12-17.27.49:995][355]LogLinker: Warning: Can't find file '/Game/wood/blinn2'
[2018.11.12-17.27.49:995][355]LogLinker: Warning: Can't find file for asset '/Game/wood/blinn2' while loading ../../../../../../Users/tommy/OneDrive/Documents/GitHub/AssetPipeMaster01/APsec1LargeCityBase/Content/Car_XH/wood/car.uasset.
[2018.11.12-17.27.49:995][355]LogLinker: Warning: Can't find file '/Game/wood/blinn3'
[2018.11.12-17.27.49:996][355]LogLinker: Warning: Can't find file for asset '/Game/wood/blinn3' while loading ../../../../../../Users/tommy/OneDrive/Documents/GitHub/AssetPipeMaster01/APsec1LargeCityBase/Content/Car_XH/wood/car.uasset.
[2018.11.12-17.27.50:087][355]LogLinker: Warning: Can't find file '/Game/phong3SG'
[2018.11.12-17.27.50:087][355]LogLinker: Warning: Can't find file for asset '/Game/phong3SG' while loading ../../../../../../Users/tommy/OneDrive/Documents/GitHub/AssetPipeMaster01/APsec1LargeCityBase/Content/Resources_TA/SmartCarUVObj_pCube1.uasset.
[2018.11.12-17.27.50:087][355]LoadErrors: Error: /Game/Resources_TA/SmartCarUVObj_pCube1 : Can't find file for asset. /Game/phong3SG
[2018.11.12-17.27.50:087][355]LogLinker: Warning: Can't find file '/Game/phong3SG'
[2018.11.12-17.27.50:088][355]LogLinker: Warning: Can't find file for asset '/Game/phong3SG' while loading ../../../../../../Users/tommy/OneDrive/Documents/GitHub/AssetPipeMaster01/APsec1LargeCityBase/Content/Resources_TA/SmartCarUVObj_pCube1.uasset.
[2018.11.12-17.27.50:091][355]LogLinker: Warning: Can't find file '/Game/phong1SG'
[2018.11.12-17.27.50:091][355]LogLinker: Warning: Can't find file for asset '/Game/phong1SG' while loading ../../../../../../Users/tommy/OneDrive/Documents/GitHub/AssetPipeMaster01/APsec1LargeCityBase/Content/Resources_TA/SmartCarUVObj_pCylinder10.uasset.
[2018.11.12-17.27.50:091][355]LoadErrors: Error: /Game/Resources_TA/SmartCarUVObj_pCylinder10 : Can't find file for asset. /Game/phong1SG
[2018.11.12-17.27.50:091][355]LogLinker: Warning: Can't find file '/Game/phong1SG'
[2018.11.12-17.27.50:091][355]LogLinker: Warning: Can't find file for asset '/Game/phong1SG' while loading ../../../../../../Users/tommy/OneDrive/Documents/GitHub/AssetPipeMaster01/APsec1LargeCityBase/Content/Resources_TA/SmartCarUVObj_pCylinder10.uasset.
[2018.11.12-17.27.50:095][355]LogLinker: Warning: Can't find file '/Game/phong2SG'
[2018.11.12-17.27.50:095][355]LogLinker: Warning: Can't find file for asset '/Game/phong2SG' while loading ../../../../../../Users/tommy/OneDrive/Documents/GitHub/AssetPipeMaster01/APsec1LargeCityBase/Content/Resources_TA/SmartCarUVObj_pCylinder8.uasset.
[2018.11.12-17.27.50:095][355]LoadErrors: Error: /Game/Resources_TA/SmartCarUVObj_pCylinder8 : Can't find file for asset. /Game/phong2SG
[2018.11.12-17.27.50:095][355]LogLinker: Warning: Can't find file '/Game/phong2SG'
[2018.11.12-17.27.50:095][355]LogLinker: Warning: Can't find file for asset '/Game/phong2SG' while loading ../../../../../../Users/tommy/OneDrive/Documents/GitHub/AssetPipeMaster01/APsec1LargeCityBase/Content/Resources_TA/SmartCarUVObj_pCylinder8.uasset.
[2018.11.12-17.27.50:098][355]LogLinker: Warning: Can't find file '/Game/woodBlocksContent/M_WoodBlock001'
[2018.11.12-17.27.50:098][355]LogLinker: Warning: Can't find file for asset '/Game/woodBlocksContent/M_WoodBlock001' while loading ../../../../../../Users/tommy/OneDrive/Documents/GitHub/AssetPipeMaster01/APsec1LargeCityBase/Content/Resources_TA/woodBlocksContent/halfSphereTAdy.uasset.
[2018.11.12-17.27.50:098][355]LoadErrors: Error: /Game/Resources_TA/woodBlocksContent/halfSphereTAdy : Can't find file for asset. /Game/woodBlocksContent/M_WoodBlock001
[2018.11.12-17.27.50:098][355]LogLinker: Warning: Can't find file '/Game/woodBlocksContent/M_WoodBlock001'
[2018.11.12-17.27.50:098][355]LogLinker: Warning: Can't find file for asset '/Game/woodBlocksContent/M_WoodBlock001' while loading ../../../../../../Users/tommy/OneDrive/Documents/GitHub/AssetPipeMaster01/APsec1LargeCityBase/Content/Resources_TA/woodBlocksContent/halfSphereTAdy.uasset.
[2018.11.12-17.27.50:100][355]LogLinker: Warning: Can't find file '/Game/woodBlocksContent/M_BarkNormal'
[2018.11.12-17.27.50:100][355]LogLinker: Warning: Can't find file for asset '/Game/woodBlocksContent/M_BarkNormal' while loading ../../../../../../Users/tommy/OneDrive/Documents/GitHub/AssetPipeMaster01/APsec1LargeCityBase/Content/Resources_TA/woodBlocksContent/hangingBrickTAdyREDO.uasset.
[2018.11.12-17.27.50:100][355]LoadErrors: Error: /Game/Resources_TA/woodBlocksContent/hangingBrickTAdyREDO : Can't find file for asset. /Game/woodBlocksContent/M_BarkNormal
[2018.11.12-17.27.50:101][355]LogLinker: Warning: Can't find file '/Game/woodBlocksContent/M_BarkNormal'
[2018.11.12-17.27.50:101][355]LogLinker: Warning: Can't find file for asset '/Game/woodBlocksContent/M_BarkNormal' while loading ../../../../../../Users/tommy/OneDrive/Documents/GitHub/AssetPipeMaster01/APsec1LargeCityBase/Content/Resources_TA/woodBlocksContent/hangingBrickTAdyREDO.uasset.
[2018.11.12-17.27.50:104][355]LogLinker: Warning: Can't find file '/Game/woodBlocksContent/M_BarkBurned'
[2018.11.12-17.27.50:104][355]LogLinker: Warning: Can't find file for asset '/Game/woodBlocksContent/M_BarkBurned' while loading ../../../../../../Users/tommy/OneDrive/Documents/GitHub/AssetPipeMaster01/APsec1LargeCityBase/Content/Resources_TA/woodBlocksContent/tubeTAdy.uasset.
[2018.11.12-17.27.50:104][355]LoadErrors: Error: /Game/Resources_TA/woodBlocksContent/tubeTAdy : Can't find file for asset. /Game/woodBlocksContent/M_BarkBurned
[2018.11.12-17.27.50:104][355]LogLinker: Warning: Can't find file '/Game/woodBlocksContent/M_BarkBurned'
[2018.11.12-17.27.50:104][355]LogLinker: Warning: Can't find file for asset '/Game/woodBlocksContent/M_BarkBurned' while loading ../../../../../../Users/tommy/OneDrive/Documents/GitHub/AssetPipeMaster01/APsec1LargeCityBase/Content/Resources_TA/woodBlocksContent/tubeTAdy.uasset.
[2018.11.12-17.27.51:256][355]LogLinker: Warning: Can't find file '/Game/phong3SG'
[2018.11.12-17.27.51:256][355]LoadErrors: Failed to load /Game/phong3SG.phong3SG Referenced by SmartCarUVObj_pCube1
[2018.11.12-17.27.51:257][355]LogLinker: Warning: Can't find file for asset '/Game/phong3SG' while loading NULL.
[2018.11.12-17.27.51:257][355]LogLinker: Warning: Can't find file '/Game/phong3SG'
[2018.11.12-17.27.51:257][355]LogLinker: Warning: Can't find file for asset '/Game/phong3SG' while loading NULL.
[2018.11.12-17.27.51:418][355]LogLinker: Warning: Can't find file '/Game/woodBlocksContent/M_BarkBurned'
[2018.11.12-17.27.51:419][355]LoadErrors: Failed to load /Game/woodBlocksContent/M_BarkBurned.M_BarkBurned Referenced by tubeTAdy
[2018.11.12-17.27.51:419][355]LogLinker: Warning: Can't find file for asset '/Game/woodBlocksContent/M_BarkBurned' while loading NULL.
[2018.11.12-17.27.51:419][355]LogLinker: Warning: Can't find file '/Game/woodBlocksContent/M_BarkBurned'
[2018.11.12-17.27.51:419][355]LogLinker: Warning: Can't find file for asset '/Game/woodBlocksContent/M_BarkBurned' while loading NULL.
[2018.11.12-17.27.51:426][355]LogLinker: Warning: Can't find file '/Game/phong2SG'
[2018.11.12-17.27.51:426][355]LoadErrors: Failed to load /Game/phong2SG.phong2SG Referenced by SmartCarUVObj_pCylinder8
[2018.11.12-17.27.51:427][355]LogLinker: Warning: Can't find file for asset '/Game/phong2SG' while loading NULL.
[2018.11.12-17.27.51:427][355]LogLinker: Warning: Can't find file '/Game/phong2SG'
[2018.11.12-17.27.51:427][355]LogLinker: Warning: Can't find file for asset '/Game/phong2SG' while loading NULL.
[2018.11.12-17.27.51:428][355]LogLinker: Warning: Can't find file '/Game/phong1SG'
[2018.11.12-17.27.51:428][355]LoadErrors: Failed to load /Game/phong1SG.phong1SG Referenced by SmartCarUVObj_pCylinder10
[2018.11.12-17.27.51:428][355]LogLinker: Warning: Can't find file for asset '/Game/phong1SG' while loading NULL.
[2018.11.12-17.27.51:429][355]LogLinker: Warning: Can't find file '/Game/phong1SG'
[2018.11.12-17.27.51:429][355]LogLinker: Warning: Can't find file for asset '/Game/phong1SG' while loading NULL.
[2018.11.12-17.27.51:430][355]LogLinker: Warning: Can't find file '/Game/woodBlocksContent/M_BarkNormal'
[2018.11.12-17.27.51:430][355]LoadErrors: Failed to load /Game/woodBlocksContent/M_BarkNormal.M_BarkNormal Referenced by hangingBrickTAdyREDO
[2018.11.12-17.27.51:430][355]LogLinker: Warning: Can't find file for asset '/Game/woodBlocksContent/M_BarkNormal' while loading NULL.
[2018.11.12-17.27.51:430][355]LogLinker: Warning: Can't find file '/Game/woodBlocksContent/M_BarkNormal'
[2018.11.12-17.27.51:431][355]LogLinker: Warning: Can't find file for asset '/Game/woodBlocksContent/M_BarkNormal' while loading NULL.
[2018.11.12-17.27.51:432][355]LogLinker: Warning: Can't find file '/Game/woodBlocksContent/M_WoodBlock001'
[2018.11.12-17.27.51:432][355]LoadErrors: Failed to load /Game/woodBlocksContent/M_WoodBlock001.M_WoodBlock001 Referenced by halfSphereTAdy
[2018.11.12-17.27.51:432][355]LogLinker: Warning: Can't find file for asset '/Game/woodBlocksContent/M_WoodBlock001' while loading NULL.
[2018.11.12-17.27.51:432][355]LogLinker: Warning: Can't find file '/Game/woodBlocksContent/M_WoodBlock001'
[2018.11.12-17.27.51:433][355]LogLinker: Warning: Can't find file for asset '/Game/woodBlocksContent/M_WoodBlock001' while loading NULL.
[2018.11.12-17.27.51:464][355]LogLinker: Warning: Can't find file '/Game/wood/blinn2'
[2018.11.12-17.27.51:464][355]LoadErrors: Failed to load /Game/wood/blinn2.blinn2 Referenced by car
[2018.11.12-17.27.51:464][355]LogLinker: Warning: Can't find file for asset '/Game/wood/blinn2' while loading NULL.
[2018.11.12-17.27.51:465][355]LogLinker: Warning: Can't find file '/Game/wood/blinn3'
[2018.11.12-17.27.51:465][355]LoadErrors: Failed to load /Game/wood/blinn3.blinn3 Referenced by car
[2018.11.12-17.27.51:465][355]LogLinker: Warning: Can't find file for asset '/Game/wood/blinn3' while loading NULL.
[2018.11.12-17.27.51:466][355]LogLinker: Warning: Can't find file '/Game/wood/blinn2'
[2018.11.12-17.27.51:466][355]LogLinker: Warning: Can't find file for asset '/Game/wood/blinn2' while loading NULL.
[2018.11.12-17.27.51:466][355]LogLinker: Warning: Can't find file '/Game/wood/blinn3'
[2018.11.12-17.27.51:467][355]LogLinker: Warning: Can't find file for asset '/Game/wood/blinn3' while loading NULL.
[2018.11.12-17.27.51:977][355]LogAIModule: Creating AISystem for world StreetSceneLarge
[2018.11.12-17.27.52:117][355]LogAssetEditorManager: Opening Asset editor for World /Game/StreetSceneLarge.StreetSceneLarge
[2018.11.12-17.27.52:193][355]Cmd: MAP LOAD FILE="../../../../../../Users/tommy/OneDrive/Documents/GitHub/AssetPipeMaster01/APsec1LargeCityBase/Content/StreetSceneLarge.umap" TEMPLATE=0 SHOWPROGRESS=1 FEATURELEVEL=3
[2018.11.12-17.27.52:193][355]LightingResults: New page: Lighting Build
[2018.11.12-17.27.52:194][355]LoadErrors: New page: Loading map: StreetSceneLarge.umap
[2018.11.12-17.27.52:196][355]MapCheck: New page: Map Check
[2018.11.12-17.27.52:196][355]LightingResults: New page: Lighting Build
[2018.11.12-17.27.52:418][355]LogEditorServer: Finished looking for orphan Actors (0.001 secs)
[2018.11.12-17.27.52:529][355]Cmd: MAP CHECKDEP NOCLEARLOG
[2018.11.12-17.27.52:760][355]MapCheck: Map check complete: 0 Error(s), 0 Warning(s), took 231.442ms to complete.
[2018.11.12-17.27.52:763][355]LogFileHelpers: Loading map 'StreetSceneLarge' took 0.571
[2018.11.12-17.28.03:892][374]LogEditorViewport: Clicking on Actor (LMB): StaticMeshActor (hangingBrickTAdyREDO)
[2018.11.12-17.28.06:417][386]LogSlate: FSceneViewport::OnFocusLost() reason 0
[2018.11.12-17.28.23:360][132]LogLinker: Warning: Can't find file '/Game/woodBlocksContent/black'
[2018.11.12-17.28.23:360][132]LogLinker: Warning: Can't find file for asset '/Game/woodBlocksContent/black' while loading ../../../../../../Users/tommy/OneDrive/Documents/GitHub/AssetPipeMaster01/APsec1LargeCityBase/Content/Resources_TA/woodBlocksContent/M_MasterWoodBlock_AP.uasset.
[2018.11.12-17.28.23:360][132]LoadErrors: Error: /Game/Resources_TA/woodBlocksContent/M_MasterWoodBlock_AP : Can't find file for asset. /Game/woodBlocksContent/black
[2018.11.12-17.28.23:361][132]LogLinker: Warning: Can't find file '/Game/woodBlocksContent/WoodTexture004Norm'
[2018.11.12-17.28.23:361][132]LogLinker: Warning: Can't find file for asset '/Game/woodBlocksContent/WoodTexture004Norm' while loading ../../../../../../Users/tommy/OneDrive/Documents/GitHub/AssetPipeMaster01/APsec1LargeCityBase/Content/Resources_TA/woodBlocksContent/M_MasterWoodBlock_AP.uasset.
[2018.11.12-17.28.23:361][132]LoadErrors: Error: /Game/Resources_TA/woodBlocksContent/M_MasterWoodBlock_AP : Can't find file for asset. /Game/woodBlocksContent/WoodTexture004Norm
[2018.11.12-17.28.23:362][132]LogLinker: Warning: Can't find file '/Game/woodBlocksContent/black'
[2018.11.12-17.28.23:362][132]LogLinker: Warning: Can't find file for asset '/Game/woodBlocksContent/black' while loading ../../../../../../Users/tommy/OneDrive/Documents/GitHub/AssetPipeMaster01/APsec1LargeCityBase/Content/Resources_TA/woodBlocksContent/M_MasterWoodBlock_AP.uasset.
[2018.11.12-17.28.23:363][132]LogLinker: Warning: Can't find file '/Game/woodBlocksContent/WoodTexture004Norm'
[2018.11.12-17.28.23:363][132]LogLinker: Warning: Can't find file for asset '/Game/woodBlocksContent/WoodTexture004Norm' while loading ../../../../../../Users/tommy/OneDrive/Documents/GitHub/AssetPipeMaster01/APsec1LargeCityBase/Content/Resources_TA/woodBlocksContent/M_MasterWoodBlock_AP.uasset.
[2018.11.12-17.28.23:365][132]LogLinker: Warning: Can't find file '/Game/woodBlocksContent/black'
[2018.11.12-17.28.23:365][132]LoadErrors: Failed to load /Game/woodBlocksContent/black.black Referenced by MaterialExpressionTextureSampleParameter2D_0
[2018.11.12-17.28.23:365][132]LogLinker: Warning: Can't find file for asset '/Game/woodBlocksContent/black' while loading NULL.
[2018.11.12-17.28.23:366][132]LogLinker: Warning: Can't find file '/Game/woodBlocksContent/WoodTexture004Norm'
[2018.11.12-17.28.23:366][132]LoadErrors: Failed to load /Game/woodBlocksContent/WoodTexture004Norm.WoodTexture004Norm Referenced by MaterialExpressionTextureSampleParameter2D_2
[2018.11.12-17.28.23:366][132]LogLinker: Warning: Can't find file for asset '/Game/woodBlocksContent/WoodTexture004Norm' while loading NULL.
[2018.11.12-17.28.23:368][132]LogMaterial: Display: Missing cached shader map for material M_MasterWoodBlock_AP, compiling. 
[2018.11.12-17.28.23:376][132]LogMaterial: Warning: C:\Users\tommy\OneDrive\Documents\GitHub\AssetPipeMaster01\APsec1LargeCityBase\Content\Resources_TA\woodBlocksContent\M_MasterWoodBlock_AP.uasset: Failed to compile Material for platform PCD3D_SM5, Default Material will be used in game.
[2018.11.12-17.28.23:376][132]LogMaterial: 	(Node TextureSampleParameter2D) Param2D> Requires Texture2D
[2018.11.12-17.29.00:725][840]LogEditorViewport: Clicking on Actor (LMB): StaticMeshActor (tubeTAdy)
[2018.11.12-17.29.03:104][854]LogSlate: FSceneViewport::OnFocusLost() reason 2
[2018.11.12-17.29.09:635][141]LogSlate: FSceneViewport::OnFocusLost() reason 0
[2018.11.12-17.29.20:843][265]LogSavePackage: Moving '../../../../../../Users/tommy/OneDrive/Documents/GitHub/AssetPipeMaster01/APsec1LargeCityBase/Saved/StreetSceneLarge4E709131435F7A0AD763118CAD79DA08.tmp' to '../../../../../../Users/tommy/OneDrive/Documents/GitHub/AssetPipeMaster01/APsec1LargeCityBase/Content/StreetSceneLarge.umap'
[2018.11.12-17.29.20:883][265]LogFileHelpers: Saving map 'StreetSceneLarge' took 5.389
[2018.11.12-17.29.24:711][289]LogSlate: Window 'APsec1LargeCityBase - Unreal Editor' being destroyed
[2018.11.12-17.29.24:713][289]LogWindowsTextInputMethodSystem: Display: IME system now deactivated.
[2018.11.12-17.29.24:963][290]Cmd: QUIT_EDITOR
[2018.11.12-17.29.25:012][290]LogExit: Preparing to exit.
[2018.11.12-17.29.25:665][290]LogExit: Editor shut down
[2018.11.12-17.29.25:665][290]LogExit: Transaction tracking system shut down
[2018.11.12-17.29.25:991][290]LogExit: Object subsystem successfully closed.
[2018.11.12-17.29.26:016][290]LogShaderCompilers: Display: Shaders left to compile 0
[2018.11.12-17.29.26:021][290]LogD3D11RHI: Shutdown
[2018.11.12-17.29.26:021][290]LogD3D11RHI: CleanupD3DDevice
[2018.11.12-17.29.26:086][290]LogD3D11RHI: ~FD3D11DynamicRHI
[2018.11.12-17.29.26:124][290]LogModuleManager: Shutting down and abandoning module HierarchicalLODOutliner (612)
[2018.11.12-17.29.26:124][290]LogModuleManager: Shutting down and abandoning module SceneOutliner (610)
[2018.11.12-17.29.26:124][290]LogModuleManager: Shutting down and abandoning module AddContentDialog (608)
[2018.11.12-17.29.26:124][290]LogModuleManager: Shutting down and abandoning module WidgetCarousel (607)
[2018.11.12-17.29.26:124][290]LogModuleManager: Shutting down and abandoning module EditorWidgets (604)
[2018.11.12-17.29.26:124][290]LogModuleManager: Shutting down and abandoning module CollectionManager (602)
[2018.11.12-17.29.26:125][290]LogModuleManager: Shutting down and abandoning module HierarchicalLODUtilities (600)
[2018.11.12-17.29.26:125][290]LogModuleManager: Shutting down and abandoning module StatsViewer (598)
[2018.11.12-17.29.26:125][290]LogModuleManager: Shutting down and abandoning module FoliageEdit (596)
[2018.11.12-17.29.26:125][290]LogModuleManager: Shutting down and abandoning module LandscapeEditor (594)
[2018.11.12-17.29.26:125][290]LogModuleManager: Shutting down and abandoning module MeshPaintMode (592)
[2018.11.12-17.29.26:125][290]LogModuleManager: Shutting down and abandoning module SceneDepthPickerMode (590)
[2018.11.12-17.29.26:125][290]LogModuleManager: Shutting down and abandoning module ActorPickerMode (588)
[2018.11.12-17.29.26:125][290]LogModuleManager: Shutting down and abandoning module GeometryMode (586)
[2018.11.12-17.29.26:125][290]LogModuleManager: Shutting down and abandoning module TextureAlignMode (584)
[2018.11.12-17.29.26:125][290]LogModuleManager: Shutting down and abandoning module BspMode (582)
[2018.11.12-17.29.26:125][290]LogModuleManager: Shutting down and abandoning module PIEPreviewDeviceProfileSelector (580)
[2018.11.12-17.29.26:125][290]LogModuleManager: Shutting down and abandoning module SequenceRecorderSections (578)
[2018.11.12-17.29.26:125][290]LogModuleManager: Shutting down and abandoning module AutomationWorker (576)
[2018.11.12-17.29.26:125][290]LogModuleManager: Shutting down and abandoning module AudioCaptureEditor (574)
[2018.11.12-17.29.26:125][290]LogModuleManager: Shutting down and abandoning module SequenceRecorder (573)
[2018.11.12-17.29.26:125][290]LogModuleManager: Shutting down and abandoning module MatineeToLevelSequence (570)
[2018.11.12-17.29.26:125][290]LogModuleManager: Shutting down and abandoning module LevelSequenceEditor (568)
[2018.11.12-17.29.26:125][290]LogModuleManager: Shutting down and abandoning module PlacementMode (567)
[2018.11.12-17.29.26:125][290]LogModuleManager: Shutting down and abandoning module MaterialEditor (566)
[2018.11.12-17.29.26:125][290]LogModuleManager: Shutting down and abandoning module WmfMediaFactory (562)
[2018.11.12-17.29.26:125][290]LogModuleManager: Shutting down and abandoning module WmfMediaEditor (560)
[2018.11.12-17.29.26:125][290]LogModuleManager: Shutting down and abandoning module MediaPlayerEditor (558)
[2018.11.12-17.29.26:126][290]LogModuleManager: Shutting down and abandoning module OpenExrWrapper (556)
[2018.11.12-17.29.26:126][290]LogModuleManager: Shutting down and abandoning module ImgMediaFactory (554)
[2018.11.12-17.29.26:126][290]LogModuleManager: Shutting down and abandoning module ImgMediaEditor (552)
[2018.11.12-17.29.26:126][290]LogModuleManager: Shutting down and abandoning module AvfMediaFactory (550)
[2018.11.12-17.29.26:126][290]LogModuleManager: Shutting down and abandoning module AvfMediaEditor (548)
[2018.11.12-17.29.26:126][290]LogModuleManager: Shutting down and abandoning module AndroidMediaFactory (546)
[2018.11.12-17.29.26:126][290]LogModuleManager: Shutting down and abandoning module AndroidMediaEditor (544)
[2018.11.12-17.29.26:126][290]LogModuleManager: Shutting down and abandoning module MagicLeapCameraPreviewFactory (542)
[2018.11.12-17.29.26:126][290]LogModuleManager: Shutting down and abandoning module MagicLeapMediaFactory (540)
[2018.11.12-17.29.26:126][290]LogModuleManager: Shutting down and abandoning module MagicLeapMediaEditor (538)
[2018.11.12-17.29.26:126][290]LogModuleManager: Shutting down and abandoning module CharacterAI (536)
[2018.11.12-17.29.26:126][290]LogModuleManager: Shutting down and abandoning module SmartSnapping (534)
[2018.11.12-17.29.26:126][290]LogModuleManager: Shutting down and abandoning module SessionServices (532)
[2018.11.12-17.29.26:126][290]LogModuleManager: Shutting down and abandoning module ViewportSnapping (530)
[2018.11.12-17.29.26:126][290]LogModuleManager: Shutting down and abandoning module ViewportInteraction (528)
[2018.11.12-17.29.26:126][290]LogModuleManager: Shutting down and abandoning module ClothPainter (526)
[2018.11.12-17.29.26:126][290]LogModuleManager: Shutting down and abandoning module SkeletalMeshEditor (525)
[2018.11.12-17.29.26:126][290]LogModuleManager: Shutting down and abandoning module LogVisualizer (522)
[2018.11.12-17.29.26:126][290]LogModuleManager: Shutting down and abandoning module IntroTutorials (520)
[2018.11.12-17.29.26:126][290]LogModuleManager: Shutting down and abandoning module GameProjectGeneration (519)
[2018.11.12-17.29.26:126][290]LogModuleManager: Shutting down and abandoning module LuminPlatformEditor (516)
[2018.11.12-17.29.26:126][290]LogModuleManager: Shutting down and abandoning module IOSPlatformEditor (514)
[2018.11.12-17.29.26:126][290]LogModuleManager: Shutting down and abandoning module HTML5PlatformEditor (512)
[2018.11.12-17.29.26:126][290]LogModuleManager: Shutting down and abandoning module AndroidPlatformEditor (510)
[2018.11.12-17.29.26:126][290]LogModuleManager: Shutting down and abandoning module AndroidDeviceDetection (509)
[2018.11.12-17.29.27:011][290]LogModuleManager: Shutting down and abandoning module WindowsPlatformEditor (506)
[2018.11.12-17.29.27:011][290]LogModuleManager: Shutting down and abandoning module LuminRuntimeSettings (504)
[2018.11.12-17.29.27:011][290]LogModuleManager: Shutting down and abandoning module IOSRuntimeSettings (502)
[2018.11.12-17.29.27:011][290]LogModuleManager: Shutting down and abandoning module AndroidRuntimeSettings (500)
[2018.11.12-17.29.27:011][290]LogModuleManager: Shutting down and abandoning module InputBindingEditor (498)
[2018.11.12-17.29.27:011][290]LogModuleManager: Shutting down and abandoning module MergeActors (496)
[2018.11.12-17.29.27:011][290]LogModuleManager: Shutting down and abandoning module LocalizationDashboard (494)
[2018.11.12-17.29.27:011][290]LogModuleManager: Shutting down and abandoning module LocalizationService (493)
[2018.11.12-17.29.27:012][290]LogModuleManager: Shutting down and abandoning module HardwareTargeting (490)
[2018.11.12-17.29.27:012][290]LogModuleManager: Shutting down and abandoning module DeviceProfileEditor (488)
[2018.11.12-17.29.27:012][290]LogModuleManager: Shutting down and abandoning module UndoHistory (486)
[2018.11.12-17.29.27:012][290]LogModuleManager: Shutting down and abandoning module XmlParser (484)
[2018.11.12-17.29.27:012][290]LogModuleManager: Shutting down and abandoning module Blutility (482)
[2018.11.12-17.29.27:012][290]LogModuleManager: Shutting down and abandoning module ProjectSettingsViewer (480)
[2018.11.12-17.29.27:012][290]LogModuleManager: Shutting down and abandoning module ProjectTargetPlatformEditor (479)
[2018.11.12-17.29.27:012][290]LogModuleManager: Shutting down and abandoning module EditorSettingsViewer (476)
[2018.11.12-17.29.27:012][290]LogModuleManager: Shutting down and abandoning module SettingsEditor (474)
[2018.11.12-17.29.27:012][290]LogModuleManager: Shutting down and abandoning module ProjectLauncher (472)
[2018.11.12-17.29.27:012][290]LogModuleManager: Shutting down and abandoning module SessionFrontend (470)
[2018.11.12-17.29.27:012][290]LogModuleManager: Shutting down and abandoning module ProfilerClient (468)
[2018.11.12-17.29.27:012][290]LogModuleManager: Shutting down and abandoning module DeviceManager (466)
[2018.11.12-17.29.27:013][290]LogModuleManager: Shutting down and abandoning module TargetDeviceServices (465)
[2018.11.12-17.29.27:345][290]LogModuleManager: Shutting down and abandoning module AutomationController (462)
[2018.11.12-17.29.27:345][290]LogModuleManager: Shutting down and abandoning module AutomationWindow (460)
[2018.11.12-17.29.27:345][290]LogModuleManager: Shutting down and abandoning module Layers (458)
[2018.11.12-17.29.27:345][290]LogModuleManager: Shutting down and abandoning module ComponentVisualizers (456)
[2018.11.12-17.29.27:345][290]LogModuleManager: Shutting down and abandoning module DetailCustomizations (454)
[2018.11.12-17.29.27:345][290]LogModuleManager: Shutting down and abandoning module PackagesDialog (452)
[2018.11.12-17.29.27:345][290]LogModuleManager: Shutting down and abandoning module Persona (450)
[2018.11.12-17.29.27:345][290]LogModuleManager: Shutting down and abandoning module AdvancedPreviewScene (449)
[2018.11.12-17.29.27:345][290]LogModuleManager: Shutting down and abandoning module AnimGraph (447)
[2018.11.12-17.29.27:345][290]LogModuleManager: Shutting down and abandoning module Kismet (444)
[2018.11.12-17.29.27:346][290]LogModuleManager: Shutting down and abandoning module GraphEditor (442)
[2018.11.12-17.29.27:346][290]LogModuleManager: Shutting down and abandoning module ClassViewer (440)
[2018.11.12-17.29.27:346][290]LogModuleManager: Shutting down and abandoning module Toolbox (438)
[2018.11.12-17.29.27:346][290]LogModuleManager: Shutting down and abandoning module ModuleUI (436)
[2018.11.12-17.29.27:346][290]LogModuleManager: Shutting down and abandoning module MovieSceneTools (434)
[2018.11.12-17.29.27:346][290]LogModuleManager: Shutting down and abandoning module OutputLog (432)
[2018.11.12-17.29.27:346][290]LogModuleManager: Shutting down and abandoning module GammaUI (430)
[2018.11.12-17.29.27:346][290]LogModuleManager: Shutting down and abandoning module Documentation (428)
[2018.11.12-17.29.27:347][290]LogModuleManager: Shutting down and abandoning module MovieSceneTracks (426)
[2018.11.12-17.29.27:358][290]LogModuleManager: Shutting down and abandoning module MovieScene (424)
[2018.11.12-17.29.27:358][290]LogModuleManager: Shutting down and abandoning module StreamingPauseRendering (422)
[2018.11.12-17.29.27:358][290]LogModuleManager: Shutting down and abandoning module LauncherPlatform (420)
[2018.11.12-17.29.27:358][290]LogModuleManager: Shutting down and abandoning module AnalyticsET (418)
[2018.11.12-17.29.27:358][290]LogModuleManager: Shutting down and abandoning module PortalServices (416)
[2018.11.12-17.29.27:358][290]LogModuleManager: Shutting down and abandoning module PortalRpc (414)
[2018.11.12-17.29.27:358][290]LogModuleManager: Shutting down and abandoning module MessagingRpc (412)
[2018.11.12-17.29.27:358][290]LogModuleManager: Shutting down and abandoning module AIModule (410)
[2018.11.12-17.29.27:358][290]LogModuleManager: Shutting down and abandoning module GameplayDebugger (409)
[2018.11.12-17.29.27:358][290]LogModuleManager: Shutting down and abandoning module AITestSuite (407)
[2018.11.12-17.29.27:358][290]LogModuleManager: Shutting down and abandoning module NavigationSystem (405)
[2018.11.12-17.29.27:358][290]LogModuleManager: Shutting down and abandoning module DesktopPlatform (402)
[2018.11.12-17.29.27:358][290]LogModuleManager: Shutting down and abandoning module ProfilerService (400)
[2018.11.12-17.29.27:599][290]LogModuleManager: Shutting down and abandoning module TaskGraph (398)
[2018.11.12-17.29.27:599][290]LogModuleManager: Shutting down and abandoning module SteamVRController (396)
[2018.11.12-17.29.27:599][290]LogModuleManager: Shutting down and abandoning module ProceduralMeshComponentEditor (394)
[2018.11.12-17.29.27:600][290]LogModuleManager: Shutting down and abandoning module ProceduralMeshComponent (392)
[2018.11.12-17.29.27:600][290]LogModuleManager: Shutting down and abandoning module OculusInput (390)
[2018.11.12-17.29.27:600][290]LogModuleManager: Shutting down and abandoning module MobilePatchingUtils (388)
[2018.11.12-17.29.27:600][290]LogModuleManager: Shutting down and abandoning module EditableMesh (386)
[2018.11.12-17.29.27:602][290]LogModuleManager: Shutting down and abandoning module CustomMeshComponent (384)
[2018.11.12-17.29.27:602][290]LogModuleManager: Shutting down and abandoning module CableComponent (382)
[2018.11.12-17.29.27:603][290]LogModuleManager: Shutting down and abandoning module AudioCapture (380)
[2018.11.12-17.29.27:603][290]LogModuleManager: Shutting down and abandoning module ArchVisCharacter (378)
[2018.11.12-17.29.27:603][290]LogModuleManager: Shutting down and abandoning module AndroidPermission (376)
[2018.11.12-17.29.27:603][290]LogModuleManager: Shutting down and abandoning module NUTUnrealEngine4 (374)
[2018.11.12-17.29.27:603][290]LogModuleManager: Shutting down and abandoning module NetcodeUnitTest (372)
[2018.11.12-17.29.27:603][290]LogModuleManager: Shutting down and abandoning module MediaCompositingEditor (370)
[2018.11.12-17.29.27:603][290]LogModuleManager: Shutting down and abandoning module MediaCompositing (368)
[2018.11.12-17.29.27:603][290]LogModuleManager: Shutting down and abandoning module LinearTimecode (366)
[2018.11.12-17.29.27:603][290]LogModuleManager: Shutting down and abandoning module ImgMedia (364)
[2018.11.12-17.29.27:620][290]LogModuleManager: Shutting down and abandoning module HTML5Networking (362)
[2018.11.12-17.29.27:620][290]LogModuleManager: Shutting down and abandoning module GeometryCacheTracks (360)
[2018.11.12-17.29.27:620][290]LogModuleManager: Shutting down and abandoning module GeometryCacheSequencer (358)
[2018.11.12-17.29.27:620][290]LogModuleManager: Shutting down and abandoning module BackChannel (356)
[2018.11.12-17.29.27:620][290]LogModuleManager: Shutting down and abandoning module AppleVision (354)
[2018.11.12-17.29.27:620][290]LogModuleManager: Shutting down and abandoning module AppleImageUtils (352)
[2018.11.12-17.29.27:620][290]LogModuleManager: Shutting down and abandoning module AlembicImporter (350)
[2018.11.12-17.29.27:621][290]LogModuleManager: Shutting down and abandoning module AlembicLibrary (349)
[2018.11.12-17.29.27:621][290]LogModuleManager: Shutting down and abandoning module GeometryCache (348)
[2018.11.12-17.29.27:621][290]LogModuleManager: Shutting down and abandoning module GeometryCacheEd (347)
[2018.11.12-17.29.27:621][290]LogModuleManager: Shutting down and abandoning module DatasmithContentEditor (342)
[2018.11.12-17.29.27:621][290]LogModuleManager: Shutting down and abandoning module DatasmithContent (340)
[2018.11.12-17.29.27:641][290]LogModuleManager: Shutting down and abandoning module SpeedTreeImporter (338)
[2018.11.12-17.29.27:641][290]LogModuleManager: Shutting down and abandoning module PluginBrowser (336)
[2018.11.12-17.29.27:642][290]LogModuleManager: Shutting down and abandoning module MobileLauncherProfileWizard (334)
[2018.11.12-17.29.27:642][290]LogModuleManager: Shutting down and abandoning module PolygonModeling (332)
[2018.11.12-17.29.27:642][290]LogModuleManager: Shutting down and abandoning module MeshEditor (330)
[2018.11.12-17.29.27:643][290]LogModuleManager: Shutting down and abandoning module CryptoKeysOpenSSL (328)
[2018.11.12-17.29.27:643][290]LogModuleManager: Shutting down and abandoning module CryptoKeys (326)
[2018.11.12-17.29.27:643][290]LogModuleManager: Shutting down and abandoning module VisualStudioSourceCodeAccess (324)
[2018.11.12-17.29.27:643][290]LogModuleManager: Shutting down and abandoning module VisualStudioCodeSourceCodeAccess (322)
[2018.11.12-17.29.27:643][290]LogModuleManager: Shutting down and abandoning module UObjectPlugin (320)
[2018.11.12-17.29.27:643][290]LogModuleManager: Shutting down and abandoning module SubversionSourceControl (318)
[2018.11.12-17.29.27:643][290]LogModuleManager: Shutting down and abandoning module PerforceSourceControl (316)
[2018.11.12-17.29.27:643][290]LogModuleManager: Shutting down and abandoning module GitSourceControl (314)
[2018.11.12-17.29.27:643][290]LogModuleManager: Shutting down and abandoning module SourceControl (313)
[2018.11.12-17.29.27:643][290]LogModuleManager: Shutting down and abandoning module CLionSourceCodeAccess (310)
[2018.11.12-17.29.27:643][290]LogModuleManager: Shutting down and abandoning module LightPropagationVolumeEditor (308)
[2018.11.12-17.29.27:643][290]LogModuleManager: Shutting down and abandoning module PaperTiledImporter (306)
[2018.11.12-17.29.27:643][290]LogModuleManager: Shutting down and abandoning module PaperSpriteSheetImporter (304)
[2018.11.12-17.29.27:643][290]LogModuleManager: Shutting down and abandoning module Paper2DEditor (302)
[2018.11.12-17.29.27:644][290]LogModuleManager: Shutting down and abandoning module MeshPaint (301)
[2018.11.12-17.29.27:644][290]LogModuleManager: Shutting down and abandoning module RuntimePhysXCooking (298)
[2018.11.12-17.29.27:645][290]LogModuleManager: Shutting down and abandoning module PhysXVehiclesEditor (296)
[2018.11.12-17.29.27:645][290]LogModuleManager: Shutting down and abandoning module PhysXVehicles (294)
[2018.11.12-17.29.27:645][290]LogModuleManager: Shutting down and abandoning module OculusEditor (292)
[2018.11.12-17.29.27:645][290]LogModuleManager: Shutting down and abandoning module LocationServicesBPLibrary (290)
[2018.11.12-17.29.27:645][290]LogModuleManager: Shutting down and abandoning module ImmediatePhysicsEditor (288)
[2018.11.12-17.29.27:645][290]LogModuleManager: Shutting down and abandoning module ImmediatePhysics (286)
[2018.11.12-17.29.27:645][290]LogModuleManager: Shutting down and abandoning module ActorSequence (284)
[2018.11.12-17.29.27:645][290]LogModuleManager: Shutting down and abandoning module UdpMessaging (282)
[2018.11.12-17.29.27:746][290]LogModuleManager: Shutting down and abandoning module TcpMessaging (280)
[2018.11.12-17.29.27:847][290]LogModuleManager: Shutting down and abandoning module MagicLeapAudio (278)
[2018.11.12-17.29.27:847][290]LogModuleManager: Shutting down and abandoning module GameplayTagsEditor (276)
[2018.11.12-17.29.27:847][290]LogModuleManager: Shutting down and abandoning module FacialAnimationEditor (274)
[2018.11.12-17.29.27:847][290]LogModuleManager: Shutting down and abandoning module FacialAnimation (272)
[2018.11.12-17.29.27:847][290]LogModuleManager: Shutting down and abandoning module DataValidation (270)
[2018.11.12-17.29.27:847][290]LogModuleManager: Shutting down and abandoning module AssetManagerEditor (268)
[2018.11.12-17.29.27:847][290]LogModuleManager: Shutting down and abandoning module LevelEditor (267)
[2018.11.12-17.29.27:848][290]LogModuleManager: Shutting down and abandoning module PixelInspectorModule (266)
[2018.11.12-17.29.27:848][290]LogModuleManager: Shutting down and abandoning module CommonMenuExtensions (264)
[2018.11.12-17.29.27:849][290]LogModuleManager: Shutting down and abandoning module MainFrame (262)
[2018.11.12-17.29.27:849][290]LogModuleManager: Shutting down and abandoning module HotReload (261)
[2018.11.12-17.29.27:854][290]LogModuleManager: Shutting down and abandoning module ContentBrowser (257)
[2018.11.12-17.29.27:857][290]LogModuleManager: Shutting down and abandoning module TreeMap (255)
[2018.11.12-17.29.27:857][290]LogModuleManager: Shutting down and abandoning module LightPropagationVolumeRuntime (252)
[2018.11.12-17.29.27:857][290]LogModuleManager: Shutting down and abandoning module AISupportModule (250)
[2018.11.12-17.29.27:857][290]LogModuleManager: Shutting down and abandoning module Paper2D (248)
[2018.11.12-17.29.27:857][290]LogModuleManager: Shutting down and abandoning module WindowsMoviePlayer (246)
[2018.11.12-17.29.27:857][290]LogModuleManager: Shutting down and abandoning module WmfMedia (244)
[2018.11.12-17.29.27:859][290]LogModuleManager: Shutting down and abandoning module Media (243)
[2018.11.12-17.29.27:866][290]LogModuleManager: Shutting down and abandoning module PacketHandler (240)
[2018.11.12-17.29.27:866][290]LogModuleManager: Shutting down and abandoning module ClothingSystemEditor (238)
[2018.11.12-17.29.27:866][290]LogModuleManager: Shutting down and abandoning module ClothingSystemRuntime (236)
[2018.11.12-17.29.27:866][290]LogModuleManager: Shutting down and abandoning module MediaAssets (234)
[2018.11.12-17.29.27:866][290]LogModuleManager: Shutting down and abandoning module Overlay (232)
[2018.11.12-17.29.27:866][290]LogModuleManager: Shutting down and abandoning module OverlayEditor (231)
[2018.11.12-17.29.27:866][290]LogModuleManager: Shutting down and abandoning module VREditor (228)
[2018.11.12-17.29.27:866][290]LogModuleManager: Shutting down and abandoning module StringTableEditor (226)
[2018.11.12-17.29.27:866][290]LogModuleManager: Shutting down and abandoning module GameplayTasksEditor (224)
[2018.11.12-17.29.27:866][290]LogModuleManager: Shutting down and abandoning module BehaviorTreeEditor (222)
[2018.11.12-17.29.27:866][290]LogModuleManager: Shutting down and abandoning module FunctionalTesting (220)
[2018.11.12-17.29.27:866][290]LogModuleManager: Shutting down and abandoning module CollisionAnalyzer (218)
[2018.11.12-17.29.27:866][290]LogModuleManager: Shutting down and abandoning module WorkspaceMenuStructure (217)
[2018.11.12-17.29.27:866][290]LogModuleManager: Shutting down and abandoning module UMG (214)
[2018.11.12-17.29.27:866][290]LogModuleManager: Shutting down and abandoning module UMGEditor (213)
[2018.11.12-17.29.27:866][290]LogModuleManager: Shutting down and abandoning module Sequencer (212)
[2018.11.12-17.29.27:867][290]LogModuleManager: Shutting down and abandoning module MessageLog (209)
[2018.11.12-17.29.27:867][290]LogModuleManager: Shutting down and abandoning module SlateReflector (204)
[2018.11.12-17.29.27:867][290]LogModuleManager: Shutting down and abandoning module Slate (202)
[2018.11.12-17.29.27:872][290]LogModuleManager: Shutting down and abandoning module EditorStyle (200)
[2018.11.12-17.29.27:876][290]LogModuleManager: Shutting down and abandoning module MRMesh (198)
[2018.11.12-17.29.27:876][290]LogModuleManager: Shutting down and abandoning module SourceCodeAccess (196)
[2018.11.12-17.29.27:876][290]LogModuleManager: Shutting down and abandoning module HeadMountedDisplay (194)
[2018.11.12-17.29.27:876][290]LogModuleManager: Shutting down and abandoning module XAudio2 (192)
[2018.11.12-17.29.27:876][290]LogModuleManager: Shutting down and abandoning module Networking (190)
[2018.11.12-17.29.27:876][290]LogModuleManager: Shutting down and abandoning module Core (188)
[2018.11.12-17.29.27:876][290]LogModuleManager: Shutting down and abandoning module LevelSequence (186)
[2018.11.12-17.29.27:876][290]LogModuleManager: Shutting down and abandoning module KismetCompiler (184)
[2018.11.12-17.29.27:876][290]LogModuleManager: Shutting down and abandoning module MeshUtilities (182)
[2018.11.12-17.29.27:876][290]LogModuleManager: Shutting down and abandoning module MeshMergeUtilities (181)
[2018.11.12-17.29.27:876][290]LogModuleManager: Shutting down and abandoning module MeshReductionInterface (180)
[2018.11.12-17.29.27:876][290]LogModuleManager: Shutting down and abandoning module SimplygonSwarm (179)
[2018.11.12-17.29.27:876][290]LogModuleManager: Shutting down and abandoning module ProxyLODMeshReduction (177)
[2018.11.12-17.29.27:876][290]LogModuleManager: Shutting down and abandoning module SimplygonMeshReduction (175)
[2018.11.12-17.29.27:876][290]LogModuleManager: Shutting down and abandoning module QuadricMeshReduction (173)
[2018.11.12-17.29.27:876][290]LogModuleManager: Shutting down and abandoning module MaterialBaking (169)
[2018.11.12-17.29.27:876][290]LogModuleManager: Shutting down and abandoning module DirectoryWatcher (165)
[2018.11.12-17.29.27:876][290]LogModuleManager: Shutting down and abandoning module DerivedDataCache (162)
[2018.11.12-17.29.28:334][290]LogDerivedDataCache: Shutdown
[2018.11.12-17.29.28:334][290]LogModuleManager: Shutting down and abandoning module XGEController (160)
[2018.11.12-17.29.28:334][290]LogModuleManager: Shutting down and abandoning module TargetPlatform (158)
[2018.11.12-17.29.28:334][290]LogModuleManager: Shutting down and abandoning module VulkanShaderFormat (157)
[2018.11.12-17.29.28:334][290]LogModuleManager: Shutting down and abandoning module ShaderFormatVectorVM (155)
[2018.11.12-17.29.28:334][290]LogModuleManager: Shutting down and abandoning module ShaderFormatOpenGL (153)
[2018.11.12-17.29.28:335][290]LogModuleManager: Shutting down and abandoning module ShaderFormatD3D (151)
[2018.11.12-17.29.28:335][290]LogModuleManager: Shutting down and abandoning module MetalShaderFormat (149)
[2018.11.12-17.29.28:335][290]LogModuleManager: Shutting down and abandoning module TextureFormatUncompressed (147)
[2018.11.12-17.29.28:335][290]LogModuleManager: Shutting down and abandoning module TextureFormatPVR (145)
[2018.11.12-17.29.28:335][290]LogModuleManager: Shutting down and abandoning module TextureFormatDXT (143)
[2018.11.12-17.29.28:335][290]LogModuleManager: Shutting down and abandoning module TextureFormatIntelISPCTexComp (141)
[2018.11.12-17.29.28:335][290]LogModuleManager: Shutting down and abandoning module TextureFormatASTC (139)
[2018.11.12-17.29.28:335][290]LogModuleManager: Shutting down and abandoning module ImageWrapper (138)
[2018.11.12-17.29.28:335][290]LogModuleManager: Shutting down and abandoning module TextureFormatAndroid (135)
[2018.11.12-17.29.28:335][290]LogModuleManager: Shutting down and abandoning module AudioFormatOpus (133)
[2018.11.12-17.29.28:335][290]LogModuleManager: Shutting down and abandoning module AudioFormatOgg (131)
[2018.11.12-17.29.28:335][290]LogModuleManager: Shutting down and abandoning module AudioFormatADPCM (129)
[2018.11.12-17.29.28:335][290]LogModuleManager: Shutting down and abandoning module LuminTargetPlatform (127)
[2018.11.12-17.29.28:335][290]LogModuleManager: Shutting down and abandoning module LinuxTargetPlatform (125)
[2018.11.12-17.29.28:335][290]LogModuleManager: Shutting down and abandoning module LinuxServerTargetPlatform (123)
[2018.11.12-17.29.28:335][290]LogModuleManager: Shutting down and abandoning module LinuxNoEditorTargetPlatform (121)
[2018.11.12-17.29.28:335][290]LogModuleManager: Shutting down and abandoning module LinuxClientTargetPlatform (119)
[2018.11.12-17.29.28:335][290]LogModuleManager: Shutting down and abandoning module TVOSTargetPlatform (117)
[2018.11.12-17.29.28:336][290]LogModuleManager: Shutting down and abandoning module Messaging (115)
[2018.11.12-17.29.28:336][290]LogModuleManager: Shutting down and abandoning module IOSTargetPlatform (113)
[2018.11.12-17.29.28:337][290]LogModuleManager: Shutting down and abandoning module HTML5TargetPlatform (111)
[2018.11.12-17.29.28:337][290]LogModuleManager: Shutting down and abandoning module AndroidTargetPlatform (109)
[2018.11.12-17.29.28:346][290]LogModuleManager: Shutting down and abandoning module WindowsTargetPlatform (107)
[2018.11.12-17.29.28:346][290]LogModuleManager: Shutting down and abandoning module WindowsServerTargetPlatform (105)
[2018.11.12-17.29.28:346][290]LogModuleManager: Shutting down and abandoning module WindowsNoEditorTargetPlatform (103)
[2018.11.12-17.29.28:346][290]LogModuleManager: Shutting down and abandoning module WindowsClientTargetPlatform (101)
[2018.11.12-17.29.28:346][290]LogModuleManager: Shutting down and abandoning module MacTargetPlatform (99)
[2018.11.12-17.29.28:346][290]LogModuleManager: Shutting down and abandoning module MacServerTargetPlatform (97)
[2018.11.12-17.29.28:346][290]LogModuleManager: Shutting down and abandoning module MacNoEditorTargetPlatform (95)
[2018.11.12-17.29.28:346][290]LogModuleManager: Shutting down and abandoning module MacClientTargetPlatform (93)
[2018.11.12-17.29.28:346][290]LogModuleManager: Shutting down and abandoning module AllDesktopTargetPlatform (91)
[2018.11.12-17.29.28:346][290]LogModuleManager: Shutting down and abandoning module InputCore (88)
[2018.11.12-17.29.28:346][290]LogModuleManager: Shutting down and abandoning module Settings (86)
[2018.11.12-17.29.28:346][290]LogModuleManager: Shutting down and abandoning module PhysXCooking (84)
[2018.11.12-17.29.28:346][290]LogModuleManager: Shutting down and abandoning module SteamVR (82)
[2018.11.12-17.29.28:346][290]LogModuleManager: Shutting down and abandoning module OculusHMD (80)
[2018.11.12-17.29.28:346][290]LogModuleManager: Shutting down and abandoning module ExampleDeviceProfileSelector (78)
[2018.11.12-17.29.28:346][290]LogModuleManager: Shutting down and abandoning module LauncherChunkInstaller (76)
[2018.11.12-17.29.28:346][290]LogModuleManager: Shutting down and abandoning module OnlineBlueprintSupport (74)
[2018.11.12-17.29.28:346][290]LogModuleManager: Shutting down and abandoning module OnlineSubsystem (70)
[2018.11.12-17.29.28:347][290]LogModuleManager: Shutting down and abandoning module XMPP (65)
[2018.11.12-17.29.28:347][290]LogModuleManager: Shutting down and abandoning module WebSockets (64)
[2018.11.12-17.29.28:380][290]LogModuleManager: Shutting down and abandoning module HTTP (61)
[2018.11.12-17.29.28:380][290]LogHttp: Display: Http module shutting down, but needs to wait on 1 outstanding Http requests:
[2018.11.12-17.29.28:380][290]LogHttp: Display: 	verb=[POST] url=[https://datarouter.ol.epicgames.com/datarouter/api/v1/public/data?SessionID=%7BE4F2AECF-494D-0D80-3A47-979538BF5DEC%7D&AppID=UEEditor.Rocket.Release&AppVersion=4.20.3-4369336%2B%2B%2BUE4%2BRelease-4.20&UserID=43c126c24f15198c947cdfb1db13fad8%7Cb2f7e9518cdd486ab4b0a629bbfdf936%7Cb97122b6-9b47-46b3-b37f-04cecf73e2e0&AppEnvironment=datacollector-binary&UploadType=eteventstream] status=Processing
[2018.11.12-17.29.28:414][290]LogModuleManager: Shutting down and abandoning module SSL (60)
[2018.11.12-17.29.28:415][290]LogModuleManager: Shutting down and abandoning module MagicLeapEmulator (56)
[2018.11.12-17.29.28:415][290]LogModuleManager: Shutting down and abandoning module MagicLeapPrivileges (54)
[2018.11.12-17.29.28:415][290]LogModuleManager: Shutting down and abandoning module MagicLeapIdentity (52)
[2018.11.12-17.29.28:415][290]LogModuleManager: Shutting down and abandoning module MagicLeapHelperVulkan (50)
[2018.11.12-17.29.28:415][290]LogModuleManager: Shutting down and abandoning module MagicLeapHelperOpenGL (48)
[2018.11.12-17.29.28:415][290]LogModuleManager: Shutting down and abandoning module MagicLeapSecureStorage (46)
[2018.11.12-17.29.28:415][290]LogModuleManager: Shutting down and abandoning module MagicLeapGestures (44)
[2018.11.12-17.29.28:415][290]LogModuleManager: Shutting down and abandoning module MagicLeapEyeTracker (42)
[2018.11.12-17.29.28:415][290]LogModuleManager: Shutting down and abandoning module MagicLeapController (40)
[2018.11.12-17.29.28:415][290]LogSlate: Slate User Destroyed.  User Index 0, Is Virtual User: 0
[2018.11.12-17.29.28:415][290]LogModuleManager: Shutting down and abandoning module MagicLeap (38)
[2018.11.12-17.29.28:415][290]LogModuleManager: Shutting down and abandoning module AnimationModifiers (36)
[2018.11.12-17.29.28:415][290]LogModuleManager: Shutting down and abandoning module PropertyEditor (35)
[2018.11.12-17.29.28:415][290]LogModuleManager: Shutting down and abandoning module AudioEditor (32)
[2018.11.12-17.29.28:415][290]LogModuleManager: Shutting down and abandoning module TextureCompressor (30)
[2018.11.12-17.29.28:416][290]LogModuleManager: Shutting down and abandoning module ShaderCore (28)
[2018.11.12-17.29.28:416][290]LogModuleManager: Shutting down and abandoning module Landscape (26)
[2018.11.12-17.29.28:416][290]LogModuleManager: Shutting down and abandoning module SlateRHIRenderer (24)
[2018.11.12-17.29.28:416][290]LogModuleManager: Shutting down and abandoning module OpenGLDrv (22)
[2018.11.12-17.29.28:416][290]LogModuleManager: Shutting down and abandoning module D3D11RHI (20)
[2018.11.12-17.29.28:416][290]LogModuleManager: Shutting down and abandoning module AnimGraphRuntime (18)
[2018.11.12-17.29.28:416][290]LogModuleManager: Shutting down and abandoning module Renderer (16)
[2018.11.12-17.29.28:416][290]LogModuleManager: Shutting down and abandoning module Engine (14)
[2018.11.12-17.29.28:416][290]LogModuleManager: Shutting down and abandoning module CoreUObject (12)
[2018.11.12-17.29.28:416][290]LogModuleManager: Shutting down and abandoning module NetworkFile (10)
[2018.11.12-17.29.28:416][290]LogModuleManager: Shutting down and abandoning module CookedIterativeFile (8)
[2018.11.12-17.29.28:416][290]LogModuleManager: Shutting down and abandoning module StreamingFile (6)
[2018.11.12-17.29.28:416][290]LogModuleManager: Shutting down and abandoning module SandboxFile (4)
[2018.11.12-17.29.28:416][290]LogModuleManager: Shutting down and abandoning module PakFile (2)
[2018.11.12-17.29.28:420][290]LogExit: Exiting.
[2018.11.12-17.29.28:423][290]Log file closed, 11/12/18 10:29:28
