Log file open, 12/17/18 14:31:32
LogWindows: Failed to load 'aqProf.dll' (GetLastError=126)
LogWindows: File 'aqProf.dll' does not exist
LogWindows: Failed to load 'VtuneApi.dll' (GetLastError=126)
LogWindows: File 'VtuneApi.dll' does not exist
LogWindows: Failed to load 'VtuneApi32e.dll' (GetLastError=126)
LogWindows: File 'VtuneApi32e.dll' does not exist
LogInit: Display: Running engine for game: APsec1LargeCityBase
LogPlatformFile: Not using cached read wrapper
LogTaskGraph: Started task graph with 5 named threads and 23 total threads with 3 sets of task threads.
LogStats: Stats thread started at 0.310260
LogD3D11RHI: Loaded GFSDK_Aftermath_Lib.x64.dll
LogICUInternationalization: Display: ICU TimeZone Detection - Raw Offset: -7:00, Platform Override: ''
LogPluginManager: Mounting plugin Paper2D
LogPluginManager: Mounting plugin AISupport
LogPluginManager: Mounting plugin LightPropagationVolume
LogPluginManager: Mounting plugin CLionSourceCodeAccess
LogPluginManager: Mounting plugin CodeLiteSourceCodeAccess
LogPluginManager: Mounting plugin GitSourceControl
LogPluginManager: Mounting plugin KDevelopSourceCodeAccess
LogPluginManager: Mounting plugin NullSourceCodeAccess
LogPluginManager: Mounting plugin PerforceSourceControl
LogPluginManager: Mounting plugin SubversionSourceControl
LogPluginManager: Mounting plugin UObjectPlugin
LogPluginManager: Mounting plugin VisualStudioCodeSourceCodeAccess
LogPluginManager: Mounting plugin VisualStudioSourceCodeAccess
LogPluginManager: Mounting plugin XCodeSourceCodeAccess
LogPluginManager: Mounting plugin AssetManagerEditor
LogPluginManager: Mounting plugin CryptoKeys
LogPluginManager: Mounting plugin DataValidation
LogPluginManager: Mounting plugin FacialAnimation
LogPluginManager: Mounting plugin GameplayTagsEditor
LogPluginManager: Mounting plugin MacGraphicsSwitching
LogPluginManager: Mounting plugin MeshEditor
LogPluginManager: Mounting plugin MobileLauncherProfileWizard
LogPluginManager: Mounting plugin PluginBrowser
LogPluginManager: Mounting plugin SpeedTreeImporter
LogPluginManager: Mounting plugin DatasmithContent
LogPluginManager: Mounting plugin AlembicImporter
LogPluginManager: Mounting plugin AppleImageUtils
LogPluginManager: Mounting plugin AppleVision
LogPluginManager: Mounting plugin BackChannel
LogPluginManager: Mounting plugin CharacterAI
LogPluginManager: Mounting plugin GeometryCache
LogPluginManager: Mounting plugin HTML5Networking
LogPluginManager: Mounting plugin ProxyLODPlugin
LogPluginManager: Mounting plugin MagicLeap
LogPluginManager: Mounting plugin MagicLeapEmulator
LogPluginManager: Mounting plugin MagicLeapMedia
LogPluginManager: Mounting plugin AndroidMedia
LogPluginManager: Mounting plugin AvfMedia
LogPluginManager: Mounting plugin ImgMedia
LogPluginManager: Mounting plugin LinearTimecode
LogPluginManager: Mounting plugin MediaCompositing
LogPluginManager: Mounting plugin MediaPlayerEditor
LogPluginManager: Mounting plugin WmfMedia
LogPluginManager: Mounting plugin TcpMessaging
LogPluginManager: Mounting plugin UdpMessaging
LogPluginManager: Mounting plugin ActorSequence
LogPluginManager: Mounting plugin LevelSequenceEditor
LogPluginManager: Mounting plugin MatineeToLevelSequence
LogPluginManager: Mounting plugin NetcodeUnitTest
LogPluginManager: Mounting plugin NUTUnrealEngine4
LogPluginManager: Mounting plugin OnlineSubsystemGooglePlay
LogPluginManager: Mounting plugin OnlineSubsystemIOS
LogPluginManager: Mounting plugin OnlineSubsystem
LogPluginManager: Mounting plugin OnlineSubsystemNull
LogPluginManager: Mounting plugin OnlineSubsystemUtils
LogPluginManager: Mounting plugin LauncherChunkInstaller
LogPluginManager: Mounting plugin AndroidDeviceProfileSelector
LogPluginManager: Mounting plugin AndroidMoviePlayer
LogPluginManager: Mounting plugin AndroidPermission
LogPluginManager: Mounting plugin AppleMoviePlayer
LogPluginManager: Mounting plugin ArchVisCharacter
LogPluginManager: Mounting plugin AudioCapture
LogPluginManager: Mounting plugin CableComponent
LogPluginManager: Mounting plugin CustomMeshComponent
LogPluginManager: Mounting plugin EditableMesh
LogPluginManager: Mounting plugin ExampleDeviceProfileSelector
LogPluginManager: Mounting plugin GoogleCloudMessaging
LogPluginManager: Mounting plugin HoudiniEngine
LogPluginManager: Mounting plugin ImmediatePhysics
LogPluginManager: Mounting plugin IOSDeviceProfileSelector
LogPluginManager: Mounting plugin LinuxDeviceProfileSelector
LogPluginManager: Mounting plugin LocationServicesBPLibrary
LogPluginManager: Mounting plugin MobilePatchingUtils
LogPluginManager: Mounting plugin OculusVR
LogPluginManager: Plugin shader directory ../../../Engine/Plugins/Runtime/Oculus/OculusVR/Shaders found
LogPluginManager: Mapping shader source directory ../../../Engine/Plugins/Runtime/Oculus/OculusVR/Shaders to virtual directory /Plugin/OculusVR
LogPluginManager: Mounting plugin PhysXVehicles
LogPluginManager: Mounting plugin ProceduralMeshComponent
LogPluginManager: Mounting plugin RuntimePhysXCooking
LogPluginManager: Mounting plugin SteamVR
LogPluginManager: Mounting plugin WindowsMoviePlayer
LogStreaming: Display: Took  0.139s to configure plugins.
LogInit: Using libcurl 7.55.1-DEV
LogInit:  - built for x86_64-pc-win32
LogInit:  - supports SSL with OpenSSL/1.0.2h
LogInit:  - supports HTTP deflate (compression) using libz 1.2.8
LogInit:  - other features:
LogInit:      CURL_VERSION_SSL
LogInit:      CURL_VERSION_LIBZ
LogInit:      CURL_VERSION_IPV6
LogInit:      CURL_VERSION_ASYNCHDNS
LogInit:      CURL_VERSION_LARGEFILE
LogInit:      CURL_VERSION_IDN
LogInit:  CurlRequestOptions (configurable via config and command line):
LogInit:  - bVerifyPeer = false  - Libcurl will NOT verify peer certificate
LogInit:  - bUseHttpProxy = false  - Libcurl will NOT use HTTP proxy
LogInit:  - bDontReuseConnections = false  - Libcurl will reuse connections
LogInit:  - CertBundlePath = nullptr  - Libcurl will use whatever was configured at build time.
LogInit:  - MaxHostConnections = 16  - Libcurl will limit the number of connections to a host
LogInit:  - LocalHostAddr = Default
LogInit:  - BufferSize = 65536
LogInit: WinSock: version 1.1 (2.2), MaxSocks=32767, MaxUdp=65467
LogInit: Build: ++UE4+Release-4.20-CL-4233996
LogInit: Engine Version: 4.20.2-4233996+++UE4+Release-4.20
LogInit: Compatible Engine Version: 4.20.0-4212847+++UE4+Release-4.20
LogInit: Net CL: 4212847
LogInit: OS: Windows 10 (), CPU: Intel(R) Core(TM) i7-4770 CPU @ 3.40GHz, GPU: NVIDIA GeForce GTX 1070
LogInit: Compiled (64-bit): Jul 26 2018 10:07:30
LogInit: Compiled with Visual C++: 19.13.26129.00
LogInit: Build Configuration: Development
LogInit: Branch Name: ++UE4+Release-4.20
LogInit: Command Line:  
LogInit: Base Directory: C:/Program Files/Epic Games/UE_4.20/Engine/Binaries/Win64/
LogInit: Installed Engine Build: 1
LogDevObjectVersion: Number of dev versions registered: 20
LogDevObjectVersion:   Dev-Blueprints (B0D832E4-1F89-4F0D-ACCF-7EB736FD4AA2): 10
LogDevObjectVersion:   Dev-Build (E1C64328-A22C-4D53-A36C-8E866417BD8C): 0
LogDevObjectVersion:   Dev-Core (375EC13C-06E4-48FB-B500-84F0262A717E): 2
LogDevObjectVersion:   Dev-Editor (E4B068ED-F494-42E9-A231-DA0B2E46BB41): 24
LogDevObjectVersion:   Dev-Framework (CFFC743F-43B0-4480-9391-14DF171D2073): 34
LogDevObjectVersion:   Dev-Mobile (B02B49B5-BB20-44E9-A304-32B752E40360): 2
LogDevObjectVersion:   Dev-Networking (A4E4105C-59A1-49B5-A7C5-40C4547EDFEE): 0
LogDevObjectVersion:   Dev-Online (39C831C9-5AE6-47DC-9A44-9C173E1C8E7C): 0
LogDevObjectVersion:   Dev-Physics (78F01B33-EBEA-4F98-B9B4-84EACCB95AA2): 0
LogDevObjectVersion:   Dev-Platform (6631380F-2D4D-43E0-8009-CF276956A95A): 0
LogDevObjectVersion:   Dev-Rendering (12F88B9F-8875-4AFC-A67C-D90C383ABD29): 26
LogDevObjectVersion:   Dev-Sequencer (7B5AE74C-D270-4C10-A958-57980B212A5A): 9
LogDevObjectVersion:   Dev-VR (D7296918-1DD6-4BDD-9DE2-64A83CC13884): 2
LogDevObjectVersion:   Dev-LoadTimes (C2A15278-BFE7-4AFE-6C17-90FF531DF755): 1
LogDevObjectVersion:   Private-Geometry (6EACA3D4-40EC-4CC1-B786-8BED09428FC5): 3
LogDevObjectVersion:   Dev-AnimPhys (29E575DD-E0A3-4627-9D10-D276232CDCEA): 17
LogDevObjectVersion:   Dev-ReflectionCapture (6B266CEC-1EC7-4B8F-A30B-E4D90942FC07): 1
LogDevObjectVersion:   Dev-Automation (0DF73D61-A23F-47EA-B727-89E90C41499A): 1
LogDevObjectVersion:   FortniteMain (601D1886-AC64-4F84-AA16-D3DE0DEAC7D6): 12
LogDevObjectVersion:   Dev-Enterprise (9DFFBCD6-494F-0158-E221-12823C92A888): 1
LogStreaming: Display: Took  0.003s to delete old logs.
LogInit: Presizing for max 8388607 objects, including 0 objects not considered by GC, pre-allocating 0 bytes for permanent pool.
LogInit: Object subsystem initialized
[2018.12.17-21.31.32:519][  0]LogInit: Selected Device Profile: [Windows]
[2018.12.17-21.31.32:519][  0]LogInit: Applying CVar settings loaded from the selected device profile: [Windows]
[2018.12.17-21.31.32:533][  0]LogHAL: Display: Platform has ~ 32 GB [34297425920 / 34359738368 / 32], which maps to Largest [LargestMinGB=32, LargerMinGB=12, DefaultMinGB=8, SmallerMinGB=6, SmallestMinGB=0)
[2018.12.17-21.31.32:533][  0]LogInit: Setting Device Profile CVar: [[r.Vulkan.UseRealUBs:1]]
[2018.12.17-21.31.32:533][  0]LogInit: Going up to parent DeviceProfile []
[2018.12.17-21.31.32:534][  0]LogInit: Computer: eae-d-136
[2018.12.17-21.31.32:534][  0]LogInit: User: u0723839
[2018.12.17-21.31.32:534][  0]LogInit: CPU Page size=4096, Cores=4
[2018.12.17-21.31.32:534][  0]LogInit: High frequency timer resolution =3.318387 MHz
[2018.12.17-21.31.32:534][  0]LogMemory: Memory total: Physical=31.9GB (32GB approx)
[2018.12.17-21.31.32:534][  0]LogMemory: Platform Memory Stats for Windows
[2018.12.17-21.31.32:534][  0]LogMemory: Process Physical Memory: 100.70 MB used, 100.70 MB peak
[2018.12.17-21.31.32:534][  0]LogMemory: Process Virtual Memory: 89.63 MB used, 89.63 MB peak
[2018.12.17-21.31.32:534][  0]LogMemory: Physical Memory: 11361.64 MB used,  21346.93 MB free, 32708.57 MB total
[2018.12.17-21.31.32:534][  0]LogMemory: Virtual Memory: 4638.75 MB used,  21346.93 MB free, 134217728.00 MB total
[2018.12.17-21.31.32:560][  0]LogInit: Using OS detected language (en-US).
[2018.12.17-21.31.32:560][  0]LogInit: Using OS detected locale (en-US).
[2018.12.17-21.31.32:561][  0]LogTextLocalizationManager: No specific localization for 'en-US' exists, so the 'en' localization will be used.
[2018.12.17-21.31.32:950][  0]LogStreaming: Display: Took  0.389s to InitEngineTextLocalization.
[2018.12.17-21.31.32:950][  0]LogInit: Setting process to per monitor DPI aware
[2018.12.17-21.31.32:988][  0]LogSlate: New Slate User Created.  User Index 0, Is Virtual User: 0
[2018.12.17-21.31.32:988][  0]LogSlate: Slate User Registered.  User Index 0, Is Virtual User: 0
[2018.12.17-21.31.33:208][  0]LogHMD: Failed to initialize OpenVR with code 110
[2018.12.17-21.31.33:208][  0]LogD3D11RHI: D3D11 adapters:
[2018.12.17-21.31.33:277][  0]LogD3D11RHI:    0. 'NVIDIA GeForce GTX 1070' (Feature Level 11_0)
[2018.12.17-21.31.33:277][  0]LogD3D11RHI:       8088/0/16354 MB DedicatedVideo/DedicatedSystem/SharedSystem, Outputs:2, VendorId:0x10de
[2018.12.17-21.31.33:279][  0]LogD3D11RHI:    1. 'Microsoft Basic Render Driver' (Feature Level 11_0)
[2018.12.17-21.31.33:279][  0]LogD3D11RHI:       0/0/16354 MB DedicatedVideo/DedicatedSystem/SharedSystem, Outputs:0, VendorId:0x1414
[2018.12.17-21.31.33:279][  0]LogD3D11RHI: Chosen D3D11 Adapter: 0
[2018.12.17-21.31.33:289][  0]LogD3D11RHI: Creating new Direct3DDevice
[2018.12.17-21.31.33:289][  0]LogD3D11RHI:     GPU DeviceId: 0x1b81 (for the marketing name, search the web for "GPU Device Id")
[2018.12.17-21.31.33:289][  0]LogWindows: EnumDisplayDevices:
[2018.12.17-21.31.33:290][  0]LogWindows:    0. 'NVIDIA GeForce GTX 1070' (P:1 D:1)
[2018.12.17-21.31.33:290][  0]LogWindows:    1. 'NVIDIA GeForce GTX 1070' (P:0 D:1)
[2018.12.17-21.31.33:291][  0]LogWindows:    2. 'NVIDIA GeForce GTX 1070' (P:0 D:0)
[2018.12.17-21.31.33:291][  0]LogWindows:    3. 'NVIDIA GeForce GTX 1070' (P:0 D:0)
[2018.12.17-21.31.33:291][  0]LogWindows: DebugString: FoundDriverCount:4 
[2018.12.17-21.31.33:291][  0]LogD3D11RHI:     Adapter Name: NVIDIA GeForce GTX 1070
[2018.12.17-21.31.33:291][  0]LogD3D11RHI:   Driver Version: 398.36 (internal:24.21.13.9836, unified:398.36)
[2018.12.17-21.31.33:291][  0]LogD3D11RHI:      Driver Date: 6-24-2018
[2018.12.17-21.31.33:291][  0]LogRHI: Texture pool is 5661 MB (70% of 8088 MB)
[2018.12.17-21.31.33:337][  0]LogD3D11RHI: Async texture creation enabled
[2018.12.17-21.31.33:354][  0]LogD3D11RHI: GPU Timing Frequency: 1000.000000 (Debug: 2 2)
[2018.12.17-21.31.33:440][  0]LogShaderCompilers: Guid format shader working directory is -39 characters bigger than the processId version (../../../../../../Users/u0723839/Documents/GitHub/AssetPipeMaster01/APsec1LargeCityBase/Intermediate/Shaders/WorkingDirectory/23280/).
[2018.12.17-21.31.33:440][  0]LogShaderCompilers: Cleaned the shader compiler working directory 'C:/Users/u0723839/AppData/Local/Temp/UnrealShaderWorkingDir/24FC2B8642C2A94A3FAAFCB7BD8690AC/'.
[2018.12.17-21.31.33:736][  0]LogTemp: Display: Loaded TP AllDesktopTargetPlatform
[2018.12.17-21.31.33:752][  0]LogTemp: Display: Loaded TP MacClientTargetPlatform
[2018.12.17-21.31.33:766][  0]LogTemp: Display: Loaded TP MacNoEditorTargetPlatform
[2018.12.17-21.31.33:781][  0]LogTemp: Display: Loaded TP MacServerTargetPlatform
[2018.12.17-21.31.33:796][  0]LogTemp: Display: Loaded TP MacTargetPlatform
[2018.12.17-21.31.33:810][  0]LogTemp: Display: Loaded TP WindowsClientTargetPlatform
[2018.12.17-21.31.33:825][  0]LogTemp: Display: Loaded TP WindowsNoEditorTargetPlatform
[2018.12.17-21.31.33:840][  0]LogTemp: Display: Loaded TP WindowsServerTargetPlatform
[2018.12.17-21.31.33:848][  0]LogTemp: Display: Loaded TP WindowsTargetPlatform
[2018.12.17-21.31.33:926][  0]LogTemp: Display: Loaded TP AndroidTargetPlatform
[2018.12.17-21.31.33:926][  0]LogTemp: Display: Loaded TP AndroidTargetPlatform
[2018.12.17-21.31.33:926][  0]LogTemp: Display: Loaded TP AndroidTargetPlatform
[2018.12.17-21.31.33:926][  0]LogTemp: Display: Loaded TP AndroidTargetPlatform
[2018.12.17-21.31.33:926][  0]LogTemp: Display: Loaded TP AndroidTargetPlatform
[2018.12.17-21.31.33:926][  0]LogTemp: Display: Loaded TP AndroidTargetPlatform
[2018.12.17-21.31.33:926][  0]LogTemp: Display: Loaded TP AndroidTargetPlatform
[2018.12.17-21.31.33:926][  0]LogTemp: Display: Loaded TP AndroidTargetPlatform
[2018.12.17-21.31.33:926][  0]LogTemp: Display: Loaded TP AndroidTargetPlatform
[2018.12.17-21.31.33:926][  0]LogTemp: Display: Loaded TP AndroidTargetPlatform
[2018.12.17-21.31.33:926][  0]LogTemp: Display: Loaded TP AndroidTargetPlatform
[2018.12.17-21.31.33:926][  0]LogTemp: Display: Loaded TP AndroidTargetPlatform
[2018.12.17-21.31.33:926][  0]LogTemp: Display: Loaded TP AndroidTargetPlatform
[2018.12.17-21.31.33:926][  0]LogTemp: Display: Loaded TP AndroidTargetPlatform
[2018.12.17-21.31.33:926][  0]LogTemp: Display: Loaded TP AndroidTargetPlatform
[2018.12.17-21.31.33:926][  0]LogTemp: Display: Loaded TP AndroidTargetPlatform
[2018.12.17-21.31.33:926][  0]LogTemp: Display: Loaded TP AndroidTargetPlatform
[2018.12.17-21.31.33:926][  0]LogTemp: Display: Loaded TP AndroidTargetPlatform
[2018.12.17-21.31.33:928][  0]LogTemp: Display: Loaded TP HTML5TargetPlatform
[2018.12.17-21.31.33:991][  0]LogTemp: Display: Loaded TP IOSTargetPlatform
[2018.12.17-21.31.33:991][  0]LogTemp: Display: Loaded TP IOSTargetPlatform
[2018.12.17-21.31.34:014][  0]LogTemp: Display: Loaded TP TVOSTargetPlatform
[2018.12.17-21.31.34:014][  0]LogTemp: Display: Loaded TP TVOSTargetPlatform
[2018.12.17-21.31.34:027][  0]LogTemp: Display: Loaded TP LinuxClientTargetPlatform
[2018.12.17-21.31.34:040][  0]LogTemp: Display: Loaded TP LinuxNoEditorTargetPlatform
[2018.12.17-21.31.34:052][  0]LogTemp: Display: Loaded TP LinuxServerTargetPlatform
[2018.12.17-21.31.34:065][  0]LogTemp: Display: Loaded TP LinuxTargetPlatform
[2018.12.17-21.31.34:075][  0]LogTemp: Display: Loaded TP LuminTargetPlatform
[2018.12.17-21.31.34:075][  0]LogTargetPlatformManager: Display: Building Assets For Windows
[2018.12.17-21.31.34:164][  0]LogXGEController: Cleaning working directory: C:/Users/u0723839/AppData/Local/Temp/UnrealXGEWorkingDir/
[2018.12.17-21.31.34:164][  0]LogXGEController: Cannot use XGE Controller as Incredibuild is not installed on this machine.
[2018.12.17-21.31.34:164][  0]LogShaderCompilers: Cannot use XGE Shader Compiler as Incredibuild is not installed on this machine.
[2018.12.17-21.31.34:164][  0]LogShaderCompilers: Display: Using Local Shader Compiler.
[2018.12.17-21.31.34:934][  0]LogDerivedDataCache: Display: Max Cache Size: 512 MB
[2018.12.17-21.31.35:020][  0]LogDerivedDataCache: Loaded boot cache 0.09s 71MB C:/Users/u0723839/AppData/Local/UnrealEngine/4.20/DerivedDataCache/Boot.ddc.
[2018.12.17-21.31.35:021][  0]LogDerivedDataCache: Display: Loaded Boot cache: C:/Users/u0723839/AppData/Local/UnrealEngine/4.20/DerivedDataCache/Boot.ddc
[2018.12.17-21.31.35:021][  0]LogDerivedDataCache: FDerivedDataBackendGraph:  Pak pak cache file ../../../../../../Users/u0723839/Documents/GitHub/AssetPipeMaster01/APsec1LargeCityBase/DerivedDataCache/DDC.ddp not found, will not use a pak cache.
[2018.12.17-21.31.35:021][  0]LogDerivedDataCache: Unable to find inner node Pak for hierarchical cache Hierarchy.
[2018.12.17-21.31.35:021][  0]LogDerivedDataCache: FDerivedDataBackendGraph:  CompressedPak pak cache file ../../../../../../Users/u0723839/Documents/GitHub/AssetPipeMaster01/APsec1LargeCityBase/DerivedDataCache/Compressed.ddp not found, will not use a pak cache.
[2018.12.17-21.31.35:021][  0]LogDerivedDataCache: Unable to find inner node CompressedPak for hierarchical cache Hierarchy.
[2018.12.17-21.31.35:034][  0]LogDerivedDataCache: Display: Pak cache opened for reading ../../../Engine/DerivedDataCache/Compressed.ddp.
[2018.12.17-21.31.35:047][  0]LogDerivedDataCache: Using Local data cache path C:/Users/u0723839/AppData/Local/UnrealEngine/Common/DerivedDataCache: Writable
[2018.12.17-21.31.35:047][  0]LogDerivedDataCache: Shared data cache path not found in *engine.ini, will not use an Shared cache.
[2018.12.17-21.31.35:047][  0]LogDerivedDataCache: Unable to find inner node Shared for hierarchical cache Hierarchy.
[2018.12.17-21.31.35:068][  0]LogMaterial: Verifying Global Shaders for PCD3D_SM5
[2018.12.17-21.31.35:070][  0]LogSlate: Using FreeType 2.6.0
[2018.12.17-21.31.35:070][  0]LogSlate: SlateFontServices - WITH_FREETYPE: 1, WITH_HARFBUZZ: 1
[2018.12.17-21.31.35:150][  0]LogAssetRegistry: FAssetRegistry took 0.0265 seconds to start up
[2018.12.17-21.31.35:582][  0]LogInit: Selected Device Profile: [Windows]
[2018.12.17-21.31.35:759][  0]LogSimplygon: Simplygon DLL not present - disabling.
[2018.12.17-21.31.35:764][  0]LogMeshReduction: Using SimplygonSwarm for distributed automatic mesh merging
[2018.12.17-21.31.35:764][  0]LogMeshReduction: Using ProxyLODMeshReduction for automatic mesh merging
[2018.12.17-21.31.35:764][  0]LogMeshReduction: Using QuadricMeshReduction for automatic static mesh reduction
[2018.12.17-21.31.35:764][  0]LogMeshReduction: No automatic skeletal mesh reduction module available
[2018.12.17-21.31.35:784][  0]LogNetVersion: APsec1LargeCityBase 1.0.0, NetCL: 4212847, EngineNetVer: 5, GameNetVer: 0 (Checksum: 1121110827)
[2018.12.17-21.31.36:347][  0]LogPackageLocalizationCache: Processed 12 localized package path(s) for 2 prioritized culture(s) in 0.129198 seconds
[2018.12.17-21.31.36:354][  0]LogUObjectArray: 38425 objects as part of root set at end of initial load.
[2018.12.17-21.31.36:354][  0]LogUObjectAllocator: 6690872 out of 0 bytes used by permanent object pool.
[2018.12.17-21.31.36:354][  0]LogUObjectArray: CloseDisregardForGC: 0/0 objects in disregard for GC pool
[2018.12.17-21.31.37:313][  0]LogTcpMessaging: Initializing TcpMessaging bridge
[2018.12.17-21.31.37:329][  0]LogUdpMessaging: Initializing bridge on interface 0.0.0.0:0 to multicast group 230.0.0.1:6666.
[2018.12.17-21.31.37:490][  0]SourceControl: Source control is disabled
[2018.12.17-21.31.37:490][  0]SourceControl: Source control is disabled
[2018.12.17-21.31.37:493][  0]SourceControl: Source control is disabled
[2018.12.17-21.31.37:494][  0]SourceControl: Source control is disabled
[2018.12.17-21.31.37:673][  0]LogAndroidPermission: UAndroidPermissionCallbackProxy::GetInstance
[2018.12.17-21.31.37:804][  0]LogHoudiniEngine: Starting the Houdini Engine module.
[2018.12.17-21.31.37:805][  0]LogHoudiniEngine: Loaded libHAPIL.dll from Registry path C:/Program Files/Side Effects Software/Houdini 17.0.352/bin
[2018.12.17-21.31.37:806][  0]LogLinker: Warning: Asset '../../Plugins/Runtime/HoudiniEngine/Content/houdini_logo.uasset' has been saved with empty engine version. The asset will be loaded but may be incompatible.
[2018.12.17-21.31.37:809][  0]LogLinker: Warning: Asset '../../Plugins/Runtime/HoudiniEngine/Content/houdini_default_material.uasset' has been saved with empty engine version. The asset will be loaded but may be incompatible.
[2018.12.17-21.31.37:815][  0]LogLinker: Warning: Asset '../../Plugins/Runtime/HoudiniEngine/Content/houdini_bgeo_import.uasset' has been saved with empty engine version. The asset will be loaded but may be incompatible.
[2018.12.17-21.31.41:864][  0]LogHoudiniEngine: Successfully intialized the Houdini Engine API module.
[2018.12.17-21.31.41:883][  0]LogOcInput: OculusInput pre-init called
[2018.12.17-21.31.41:950][  0]LogEngine: Initializing Engine...
[2018.12.17-21.31.41:951][  0]LogHMD: Failed to initialize OpenVR with code 110
[2018.12.17-21.31.41:952][  0]LogStats: UGameplayTagsManager::ConstructGameplayTagTree: ImportINI prefixes -  0.000 s
[2018.12.17-21.31.41:952][  0]LogStats: UGameplayTagsManager::ConstructGameplayTagTree: Construct from data asset -  0.000 s
[2018.12.17-21.31.41:952][  0]LogStats: UGameplayTagsManager::ConstructGameplayTagTree: ImportINI -  0.000 s
[2018.12.17-21.31.41:952][  0]LogStats: UGameplayTagsManager::ConstructGameplayTagTree: GameplayTagTreeChangedEvent.Broadcast -  0.000 s
[2018.12.17-21.31.42:216][  0]LogInit: Initializing FReadOnlyCVARCache
[2018.12.17-21.31.42:238][  0]LogAIModule: Creating AISystem for world Untitled
[2018.12.17-21.31.42:347][  0]LogInit: XAudio2 using 'Headphones (3- High Definition Audio Device)' : 2 channels at 48 kHz using 16 bits per sample (channel mask 0x3)
[2018.12.17-21.31.42:368][  0]LogInit: FAudioDevice initialized.
[2018.12.17-21.31.42:368][  0]LogNetVersion: Set ProjectVersion to 1.0.0.0. Version Checksum will be recalculated on next use.
[2018.12.17-21.31.42:601][  0]LogDerivedDataCache: Saved boot cache 0.23s 71MB C:/Users/u0723839/AppData/Local/UnrealEngine/4.20/DerivedDataCache/Boot.ddc.
[2018.12.17-21.31.42:630][  0]LogInit: Texture streaming: Enabled
[2018.12.17-21.31.42:658][  0]LogEngineSessionManager: EngineSessionManager initialized
[2018.12.17-21.31.42:684][  0]LogInit: Transaction tracking system initialized
[2018.12.17-21.31.42:729][  0]BlueprintLog: New page: Editor Load
[2018.12.17-21.31.42:861][  0]LocalizationService: Localization service is disabled
[2018.12.17-21.31.43:166][  0]LogCook: Display: Max memory allowance for cook 16384mb min free memory 0mb
[2018.12.17-21.31.43:166][  0]LogCook: Display: Mobile HDR setting 1
[2018.12.17-21.31.43:166][  0]LogGameplayTags: Display: UGameplayTagsManager::DoneAddingNativeTags. DelegateIsBound: 0
[2018.12.17-21.31.43:166][  0]LogStats: UGameplayTagsManager::ConstructGameplayTagTree: ImportINI prefixes -  0.000 s
[2018.12.17-21.31.43:166][  0]LogStats: UGameplayTagsManager::ConstructGameplayTagTree: Construct from data asset -  0.000 s
[2018.12.17-21.31.43:166][  0]LogStats: UGameplayTagsManager::ConstructGameplayTagTree: ImportINI -  0.000 s
[2018.12.17-21.31.43:166][  0]LogStats: UGameplayTagsManager::ConstructGameplayTagTree: GameplayTagTreeChangedEvent.Broadcast -  0.000 s
[2018.12.17-21.31.43:282][  0]LogFileCache: Scanning file cache for directory 'C:/Users/u0723839/Documents/GitHub/AssetPipeMaster01/APsec1LargeCityBase/Content/' took 0.03s
[2018.12.17-21.31.43:282][  0]LogHoudiniEngineEditor: Starting the Houdini Engine Editor module.
[2018.12.17-21.31.43:294][  0]LogHoudiniEngineEditor: Houdini Engine Editor module startup complete.
[2018.12.17-21.31.43:364][  0]SourceControl: Source control is disabled
[2018.12.17-21.31.43:364][  0]Cmd: MAP LOAD FILE="../../../Engine/Content/Maps/Templates/Template_Default.umap" TEMPLATE=1 SHOWPROGRESS=1 FEATURELEVEL=3
[2018.12.17-21.31.43:365][  0]LightingResults: New page: Lighting Build
[2018.12.17-21.31.43:369][  0]MapCheck: New page: Map Check
[2018.12.17-21.31.43:369][  0]LightingResults: New page: Lighting Build
[2018.12.17-21.31.43:434][  0]LogLinker: Warning: Can't find file '/Game/VFX/Environment_VFX/Source/M_CloudSprite_VFX'
[2018.12.17-21.31.43:434][  0]LogLinker: Warning: Can't find file for asset '/Game/VFX/Environment_VFX/Source/M_CloudSprite_VFX' while loading ../../../Engine/Content/EngineSky/BP_Sky_Sphere.uasset.
[2018.12.17-21.31.43:434][  0]LoadErrors: Error: /Engine/EngineSky/BP_Sky_Sphere : Can't find file for asset. /Game/VFX/Environment_VFX/Source/M_CloudSprite_VFX
[2018.12.17-21.31.43:437][  0]LogLinker: Warning: Can't find file '/Game/Prototype/ColemanBrcko/M_SkyboxClouds'
[2018.12.17-21.31.43:437][  0]LogLinker: Warning: Can't find file for asset '/Game/Prototype/ColemanBrcko/M_SkyboxClouds' while loading ../../../Engine/Content/EngineSky/SM_SkySphere.uasset.
[2018.12.17-21.31.43:438][  0]LoadErrors: Error: /Engine/EngineSky/SM_SkySphere : Can't find file for asset. /Game/Prototype/ColemanBrcko/M_SkyboxClouds
[2018.12.17-21.31.43:438][  0]LogLinker: Warning: Can't find file '/Game/Prototype/ColemanBrcko/M_SkyboxClouds'
[2018.12.17-21.31.43:438][  0]LogLinker: Warning: Can't find file for asset '/Game/Prototype/ColemanBrcko/M_SkyboxClouds' while loading ../../../Engine/Content/EngineSky/SM_SkySphere.uasset.
[2018.12.17-21.31.43:438][  0]LoadErrors: Error: /Engine/EngineSky/SM_SkySphere : Can't find file for asset. /Game/Prototype/ColemanBrcko/M_SkyboxClouds
[2018.12.17-21.31.43:438][  0]LogLinker: Warning: Can't find file '/Game/VFX/Environment_VFX/Source/M_CloudSprite_VFX'
[2018.12.17-21.31.43:439][  0]LogLinker: Warning: Can't find file for asset '/Game/VFX/Environment_VFX/Source/M_CloudSprite_VFX' while loading ../../../Engine/Content/EngineSky/BP_Sky_Sphere.uasset.
[2018.12.17-21.31.43:439][  0]LoadErrors: Error: /Engine/EngineSky/BP_Sky_Sphere : Can't find file for asset. /Game/VFX/Environment_VFX/Source/M_CloudSprite_VFX
[2018.12.17-21.31.43:441][  0]LogLinker: Warning: Can't find file '/Game/VFX/Environment_VFX/Source/M_CloudSprite_VFX'
[2018.12.17-21.31.43:441][  0]LogLinker: Warning: Can't find file for asset '/Game/VFX/Environment_VFX/Source/M_CloudSprite_VFX' while loading ../../../Engine/Content/Maps/Templates/Template_Default.umap.
[2018.12.17-21.31.43:441][  0]LoadErrors: Error: /Engine/Maps/Templates/Template_Default : Can't find file for asset. /Game/VFX/Environment_VFX/Source/M_CloudSprite_VFX
[2018.12.17-21.31.43:442][  0]LogLinker: Warning: Can't find file '/Game/VFX/Environment_VFX/Source/M_CloudSprite_VFX'
[2018.12.17-21.31.43:442][  0]LogLinker: Warning: Can't find file for asset '/Game/VFX/Environment_VFX/Source/M_CloudSprite_VFX' while loading ../../../Engine/Content/Maps/Templates/Template_Default.umap.
[2018.12.17-21.31.43:442][  0]LoadErrors: Error: /Engine/Maps/Templates/Template_Default : Can't find file for asset. /Game/VFX/Environment_VFX/Source/M_CloudSprite_VFX
[2018.12.17-21.31.43:453][  0]LogLinker: Warning: Can't find file '/Game/VFX/Environment_VFX/Source/M_CloudSprite_VFX'
[2018.12.17-21.31.43:453][  0]LoadErrors: Failed to load /Game/VFX/Environment_VFX/Source/M_CloudSprite_VFX.M_CloudSprite_VFX Referenced by StaticMeshComponent_12
[2018.12.17-21.31.43:453][  0]LogLinker: Warning: Can't find file for asset '/Game/VFX/Environment_VFX/Source/M_CloudSprite_VFX' while loading ../../../Engine/Content/Maps/Templates/Template_Default.umap.
[2018.12.17-21.31.43:453][  0]LoadErrors: Failed to load /Game/VFX/Environment_VFX/Source/M_CloudSprite_VFX.M_CloudSprite_VFX Referenced by StaticMeshComponent_12
[2018.12.17-21.31.43:453][  0]LoadErrors: Error: /Engine/Maps/Templates/Template_Default : Can't find file for asset. /Game/VFX/Environment_VFX/Source/M_CloudSprite_VFX
[2018.12.17-21.31.43:489][  0]LogLinker: Warning: Can't find file '/Game/Prototype/ColemanBrcko/M_SkyboxClouds'
[2018.12.17-21.31.43:490][  0]LoadErrors: Failed to load /Game/Prototype/ColemanBrcko/M_SkyboxClouds.M_SkyboxClouds Referenced by SM_SkySphere
[2018.12.17-21.31.43:490][  0]LogLinker: Warning: Can't find file for asset '/Game/Prototype/ColemanBrcko/M_SkyboxClouds' while loading NULL.
[2018.12.17-21.31.43:490][  0]LoadErrors: Failed to load /Game/Prototype/ColemanBrcko/M_SkyboxClouds.M_SkyboxClouds Referenced by SM_SkySphere
[2018.12.17-21.31.43:490][  0]LogLinker: Warning: Can't find file '/Game/Prototype/ColemanBrcko/M_SkyboxClouds'
[2018.12.17-21.31.43:490][  0]LoadErrors: Failed to load /Game/Prototype/ColemanBrcko/M_SkyboxClouds.M_SkyboxClouds Referenced by SM_SkySphere
[2018.12.17-21.31.43:490][  0]LogLinker: Warning: Can't find file for asset '/Game/Prototype/ColemanBrcko/M_SkyboxClouds' while loading NULL.
[2018.12.17-21.31.43:490][  0]LoadErrors: Failed to load /Game/Prototype/ColemanBrcko/M_SkyboxClouds.M_SkyboxClouds Referenced by SM_SkySphere
[2018.12.17-21.31.43:565][  0]LogAIModule: Creating AISystem for world Untitled_1
[2018.12.17-21.31.43:572][  0]LogEditorServer: Finished looking for orphan Actors (0.000 secs)
[2018.12.17-21.31.43:596][  0]Cmd: MAP CHECKDEP NOCLEARLOG
[2018.12.17-21.31.43:694][  0]MapCheck: Map check complete: 0 Error(s), 0 Warning(s), took 97.278ms to complete.
[2018.12.17-21.31.43:694][  0]LogFileHelpers: Loading map 'Template_Default' took 0.329
[2018.12.17-21.31.43:822][  0]LogSlate: Updating window title bar state: overlay mode, drag disabled, window buttons hidden, title bar hidden
[2018.12.17-21.31.43:830][  0]LogSlate: Updating window title bar state: overlay mode, drag disabled, window buttons hidden, title bar hidden
[2018.12.17-21.31.43:839][  0]LogSlate: Updating window title bar state: overlay mode, drag disabled, window buttons hidden, title bar hidden
[2018.12.17-21.31.43:847][  0]LogSlate: Updating window title bar state: overlay mode, drag disabled, window buttons hidden, title bar hidden
[2018.12.17-21.31.43:857][  0]LogCollectionManager: Loaded 0 collections in 0.003191 seconds
[2018.12.17-21.31.43:905][  0]LogFileCache: Scanning file cache for directory 'C:/Users/u0723839/Documents/GitHub/AssetPipeMaster01/APsec1LargeCityBase/Saved/Collections/' took 0.01s
[2018.12.17-21.31.43:905][  0]LogFileCache: Scanning file cache for directory 'C:/Users/u0723839/Documents/GitHub/AssetPipeMaster01/APsec1LargeCityBase/Content/Developers/u0723839/Collections/' took 0.01s
[2018.12.17-21.31.43:905][  0]LogFileCache: Scanning file cache for directory 'C:/Users/u0723839/Documents/GitHub/AssetPipeMaster01/APsec1LargeCityBase/Content/Collections/' took 0.01s
[2018.12.17-21.31.43:905][  0]LogCollectionManager: Rebuilt the GUID cache for 0 collections in 0.000000 seconds
[2018.12.17-21.31.43:915][  0]LogContentBrowser: Native class hierarchy populated in 0.0090 seconds. Added 2610 classes and 610 folders.
[2018.12.17-21.31.43:925][  0]LogContentBrowser: Native class hierarchy updated for 'WidgetCarousel' in 0.0003 seconds. Added 0 classes and 0 folders.
[2018.12.17-21.31.44:000][  0]LogContentBrowser: Native class hierarchy updated for 'AddContentDialog' in 0.0002 seconds. Added 0 classes and 0 folders.
[2018.12.17-21.31.44:011][  0]LogContentBrowser: Native class hierarchy updated for 'SceneOutliner' in 0.0003 seconds. Added 1 classes and 2 folders.
[2018.12.17-21.31.44:072][  0]LogSlate: Took 0.000203 seconds to synchronously load lazily loaded font '../../../Engine/Content/Slate/Fonts/Roboto-Regular.ttf' (155K)
[2018.12.17-21.31.44:075][  0]LogSlate: Took 0.000241 seconds to synchronously load lazily loaded font '../../../Engine/Content/Slate/Fonts/Roboto-Bold.ttf' (160K)
[2018.12.17-21.31.44:081][  0]LogSlate: Took 0.000205 seconds to synchronously load lazily loaded font '../../../Engine/Content/Editor/Slate/Fonts/FontAwesome.ttf' (139K)
[2018.12.17-21.31.44:141][  0]LogRenderer: Reallocating scene render targets to support 1272x540 Format 10 NumSamples 1 (Frame:1).
[2018.12.17-21.31.44:321][  0]LogContentBrowser: Native class hierarchy updated for 'HierarchicalLODOutliner' in 0.0003 seconds. Added 0 classes and 0 folders.
[2018.12.17-21.31.44:321][  0]LogLoad: (Engine Initialization) Total time: 14.23 seconds
[2018.12.17-21.31.44:321][  0]LogLoad: (Engine Initialization) Total Blueprint compile time: 0.00 seconds
[2018.12.17-21.31.44:333][  0]LogWindowsTextInputMethodSystem: Display: IME system now deactivated.
[2018.12.17-21.31.44:363][  0]LogContentStreaming: Texture pool size now 1000 MB
[2018.12.17-21.31.44:373][  0]LogSlate: FSceneViewport::OnFocusLost() reason 2
[2018.12.17-21.31.44:413][  0]LogSlate: Took 0.000351 seconds to synchronously load lazily loaded font '../../../Engine/Content/Slate/Fonts/Roboto-Light.ttf' (167K)
[2018.12.17-21.31.44:473][  1]LogFileCache: Retrieving MD5 hashes for directory 'C:/Users/u0723839/Documents/GitHub/AssetPipeMaster01/APsec1LargeCityBase/Content/' took 0.13s
[2018.12.17-21.31.44:493][  1]LogAssetRegistry: Asset discovery search completed in 9.3651 seconds
[2018.12.17-21.31.44:495][  1]LogCollectionManager: Rebuilt the object cache for 0 collections in 0.000000 seconds (found 0 objects)
[2018.12.17-21.31.44:495][  1]LogCollectionManager: Fixed up redirectors for 0 collections in 0.000051 seconds (updated 0 objects)
[2018.12.17-21.31.46:596][231]LogSlate: Window 'Message Log' being destroyed
[2018.12.17-21.31.46:601][231]LogSlate: Window 'Message Log' being destroyed
[2018.12.17-21.31.48:523][457]LogSlate: FSceneViewport::OnFocusLost() reason 0
[2018.12.17-21.32.07:310][756]LogSlate: Took 0.000358 seconds to synchronously load lazily loaded font '../../../Engine/Content/Slate/Fonts/Roboto-Light.ttf' (167K)
[2018.12.17-21.32.07:364][756]LogLinker: Warning: Can't find file '/Game/AE86_JustinNguyen/Car_UV'
[2018.12.17-21.32.07:364][756]LogLinker: Warning: Can't find file for asset '/Game/AE86_JustinNguyen/Car_UV' while loading ../../../../../../Users/u0723839/Documents/GitHub/AssetPipeMaster01/APsec1LargeCityBase/Content/StreetSceneLarge_JustinNguyen.umap.
[2018.12.17-21.32.07:364][756]LoadErrors: Error: /Game/StreetSceneLarge_JustinNguyen : Can't find file for asset. /Game/AE86_JustinNguyen/Car_UV
[2018.12.17-21.32.07:397][756]LogLinker: Warning: Can't find file '/Game/AE86_JustinNguyen/Car_UV'
[2018.12.17-21.32.07:398][756]LogLinker: Warning: Can't find file for asset '/Game/AE86_JustinNguyen/Car_UV' while loading ../../../../../../Users/u0723839/Documents/GitHub/AssetPipeMaster01/APsec1LargeCityBase/Content/StreetSceneLarge_JustinNguyen.umap.
[2018.12.17-21.32.07:548][756]LogLinker: Warning: Can't find file '/Game/AE86_JustinNguyen/Car_UV'
[2018.12.17-21.32.07:549][756]LoadErrors: Failed to load /Game/AE86_JustinNguyen/Car_UV.Car_UV Referenced by Car_UV_2
[2018.12.17-21.32.07:549][756]LogLinker: Warning: Can't find file for asset '/Game/AE86_JustinNguyen/Car_UV' while loading NULL.
[2018.12.17-21.32.07:872][756]LogAIModule: Creating AISystem for world StreetSceneLarge_JustinNguyen
[2018.12.17-21.32.07:891][756]LogAssetEditorManager: Opening Asset editor for World /Game/StreetSceneLarge_JustinNguyen.StreetSceneLarge_JustinNguyen
[2018.12.17-21.32.07:918][756]Cmd: MAP LOAD FILE="../../../../../../Users/u0723839/Documents/GitHub/AssetPipeMaster01/APsec1LargeCityBase/Content/StreetSceneLarge_JustinNguyen.umap" TEMPLATE=0 SHOWPROGRESS=1 FEATURELEVEL=3
[2018.12.17-21.32.07:918][756]LightingResults: New page: Lighting Build
[2018.12.17-21.32.07:919][756]LoadErrors: New page: Loading map: StreetSceneLarge_JustinNguyen.umap
[2018.12.17-21.32.07:919][756]MapCheck: New page: Map Check
[2018.12.17-21.32.07:919][756]LightingResults: New page: Lighting Build
[2018.12.17-21.32.08:020][756]LogEditorServer: Finished looking for orphan Actors (0.000 secs)
[2018.12.17-21.32.08:082][756]Cmd: MAP CHECKDEP NOCLEARLOG
[2018.12.17-21.32.08:187][756]MapCheck: Map check complete: 0 Error(s), 0 Warning(s), took 106.212ms to complete.
[2018.12.17-21.32.08:190][756]LogFileHelpers: Loading map 'StreetSceneLarge_JustinNguyen' took 0.273
[2018.12.17-21.32.41:551][518]LogSlate: FSceneViewport::OnFocusLost() reason 0
[2018.12.17-21.32.43:694][767]LogLinker: Warning: Can't find file '/Game/lambert1'
[2018.12.17-21.32.43:694][767]LogLinker: Warning: Can't find file for asset '/Game/lambert1' while loading ../../../../../../Users/u0723839/Documents/GitHub/AssetPipeMaster01/APsec1LargeCityBase/Content/Justin_Nguyen/AE86_JustinNguyen/AE86_JustinNguyen.uasset.
[2018.12.17-21.32.43:694][767]LoadErrors: Error: /Game/Justin_Nguyen/AE86_JustinNguyen/AE86_JustinNguyen : Can't find file for asset. /Game/lambert1
[2018.12.17-21.32.43:694][767]LogLinker: Warning: Can't find file '/Game/lambert1'
[2018.12.17-21.32.43:694][767]LogLinker: Warning: Can't find file for asset '/Game/lambert1' while loading ../../../../../../Users/u0723839/Documents/GitHub/AssetPipeMaster01/APsec1LargeCityBase/Content/Justin_Nguyen/AE86_JustinNguyen/AE86_JustinNguyen.uasset.
[2018.12.17-21.32.43:986][767]LogLinker: Warning: Can't find file '/Game/lambert1'
[2018.12.17-21.32.43:986][767]LoadErrors: Failed to load /Game/lambert1.lambert1 Referenced by AE86_JustinNguyen
[2018.12.17-21.32.43:986][767]LogLinker: Warning: Can't find file for asset '/Game/lambert1' while loading NULL.
[2018.12.17-21.32.43:987][767]LogLinker: Warning: Can't find file '/Game/lambert1'
[2018.12.17-21.32.43:987][767]LogLinker: Warning: Can't find file for asset '/Game/lambert1' while loading NULL.
[2018.12.17-21.32.44:032][767]LogStaticMesh: Building static mesh Ring...
[2018.12.17-21.32.44:072][767]LogStaticMesh: Built static mesh [0.04s] /Game/Justin_Nguyen/AE86_JustinNguyen/Ring.Ring
[2018.12.17-21.32.44:089][767]LogStaticMesh: Building static mesh Scaffolding_Box...
[2018.12.17-21.32.44:128][767]LogStaticMesh: Built static mesh [0.04s] /Game/Justin_Nguyen/AE86_JustinNguyen/Scaffolding_Box.Scaffolding_Box
[2018.12.17-21.32.44:144][767]LogStaticMesh: Building static mesh AE86_JustinNguyen...
[2018.12.17-21.32.44:194][767]LogStaticMesh: Built static mesh [0.05s] /Game/Justin_Nguyen/AE86_JustinNguyen/AE86_JustinNguyen.AE86_JustinNguyen
[2018.12.17-21.32.44:199][767]LogStaticMesh: Building static mesh rectangular_prism...
[2018.12.17-21.32.44:202][767]LogStaticMesh: Built static mesh [0.00s] /Game/Justin_Nguyen/AE86_JustinNguyen/rectangular_prism.rectangular_prism
[2018.12.17-21.32.44:220][767]LogAIModule: Creating AISystem for world StreetSceneLarge_JustinNguyen
[2018.12.17-21.32.44:245][767]LogAssetEditorManager: Opening Asset editor for World /Game/Justin_Nguyen/StreetSceneLarge_JustinNguyen.StreetSceneLarge_JustinNguyen
[2018.12.17-21.32.44:272][767]LightingResults: New page: Lighting Build
[2018.12.17-21.32.44:273][767]LoadErrors: New page: Loading map: StreetSceneLarge_JustinNguyen.umap
[2018.12.17-21.32.44:275][767]MapCheck: New page: Map Check
[2018.12.17-21.32.44:276][767]LightingResults: New page: Lighting Build
[2018.12.17-21.32.44:416][767]LogEditorServer: Finished looking for orphan Actors (0.000 secs)
[2018.12.17-21.32.44:478][767]Cmd: MAP CHECKDEP NOCLEARLOG
[2018.12.17-21.32.44:587][767]MapCheck: Map check complete: 0 Error(s), 0 Warning(s), took 108.212ms to complete.
[2018.12.17-21.32.44:587][767]LogFileHelpers: Loading map 'StreetSceneLarge_JustinNguyen' took 0.316
[2018.12.17-21.33.21:433][ 72]LogSlate: FSceneViewport::OnFocusLost() reason 0
[2018.12.17-21.33.25:550][540]LogLinker: Warning: Can't find file '/Game/AE86_JustinNguyen/Elbow_RMat'
[2018.12.17-21.33.25:551][540]LogLinker: Warning: Can't find file for asset '/Game/AE86_JustinNguyen/Elbow_RMat' while loading ../../../../../../Users/u0723839/Documents/GitHub/AssetPipeMaster01/APsec1LargeCityBase/Content/Justin_Nguyen/AE86_JustinNguyen/Mannequin_Combined.uasset.
[2018.12.17-21.33.25:551][540]LoadErrors: Error: /Game/Justin_Nguyen/AE86_JustinNguyen/Mannequin_Combined : Can't find file for asset. /Game/AE86_JustinNguyen/Elbow_RMat
[2018.12.17-21.33.25:551][540]LogLinker: Warning: Can't find file '/Game/AE86_JustinNguyen/Elbow_RMat'
[2018.12.17-21.33.25:551][540]LogLinker: Warning: Can't find file for asset '/Game/AE86_JustinNguyen/Elbow_RMat' while loading ../../../../../../Users/u0723839/Documents/GitHub/AssetPipeMaster01/APsec1LargeCityBase/Content/Justin_Nguyen/AE86_JustinNguyen/Mannequin_Combined.uasset.
[2018.12.17-21.33.25:552][540]LogLinker: Warning: Can't find file '/Game/AE86_JustinNguyen/Elbow_RMat'
[2018.12.17-21.33.25:552][540]LoadErrors: Failed to load /Game/AE86_JustinNguyen/Elbow_RMat.Elbow_RMat Referenced by Mannequin_Combined
[2018.12.17-21.33.25:553][540]LogLinker: Warning: Can't find file for asset '/Game/AE86_JustinNguyen/Elbow_RMat' while loading NULL.
[2018.12.17-21.33.25:553][540]LogLinker: Warning: Can't find file '/Game/AE86_JustinNguyen/Elbow_RMat'
[2018.12.17-21.33.25:553][540]LogLinker: Warning: Can't find file for asset '/Game/AE86_JustinNguyen/Elbow_RMat' while loading NULL.
[2018.12.17-21.33.25:604][540]LogStaticMesh: Building static mesh Mannequin_Combined...
[2018.12.17-21.33.25:849][540]LogStaticMesh: Built static mesh [0.24s] /Game/Justin_Nguyen/AE86_JustinNguyen/Mannequin_Combined.Mannequin_Combined
[2018.12.17-21.33.25:894][540]LogActorFactory: Actor Factory created Mannequin_Combined
[2018.12.17-21.33.26:530][614]LogActorFactory: Actor Factory created Mannequin_Combined
[2018.12.17-21.33.26:963][654]Cmd: CAMERA ALIGN ACTIVEVIEWPORTONLY
[2018.12.17-21.33.37:106][828]Cmd: CAMERA ALIGN ACTIVEVIEWPORTONLY
[2018.12.17-21.33.39:741][125]LogSlate: FSceneViewport::OnFocusLost() reason 0
[2018.12.17-21.33.40:647][225]Cmd: CAMERA ALIGN ACTIVEVIEWPORTONLY
[2018.12.17-21.33.50:471][334]Cmd: CAMERA ALIGN ACTIVEVIEWPORTONLY
[2018.12.17-21.33.58:789][275]LogSlate: FSceneViewport::OnFocusLost() reason 0
[2018.12.17-21.33.59:500][320]LogTexture: Display: Building textures: Mannequin (AutoDXT, 2048X2048)
[2018.12.17-21.34.01:233][511]LogMaterial: Display: Missing cached shader map for material Mannequin_Mat, compiling. 
[2018.12.17-21.34.01:289][511]LogShaderCompilers: Display: Shaders left to compile 22
[2018.12.17-21.34.01:289][511]LogShaderCompilers: Display: Shaders left to compile 12
[2018.12.17-21.34.01:289][511]LogShaderCompilers: Display: Shaders left to compile 2
[2018.12.17-21.37.24:678][916]LogSlate: FSceneViewport::OnFocusLost() reason 0
[2018.12.17-21.37.34:312][887]LogAssetEditorManager: Opening Asset editor for StaticMesh /Game/Resources_TA/m_Core1.m_Core1
[2018.12.17-21.37.34:898][887]LogRenderer: Reallocating scene render targets to support 1432x924 Format 10 NumSamples 1 (Frame:1).
[2018.12.17-21.37.34:898][887]LogSlate: Took 0.000315 seconds to synchronously load lazily loaded font '../../../Engine/Content/Slate/Fonts/Roboto-Italic.ttf' (157K)
[2018.12.17-21.37.44:488][670]LogSlate: FSceneViewport::OnFocusLost() reason 0
[2018.12.17-21.37.44:590][681]LogSlate: Window 'm_Core1' being destroyed
[2018.12.17-21.37.44:596][681]LogSlate: Window 'm_Core1' being destroyed
[2018.12.17-21.37.54:387][346]LogAssetEditorManager: Opening Asset editor for StaticMesh /Game/Beecroft_Car/Beecroft_Character.Beecroft_Character
[2018.12.17-21.38.05:465][266]LogSlate: FSceneViewport::OnFocusLost() reason 0
[2018.12.17-21.38.05:543][275]LogSlate: Window 'Beecroft_Character*' being destroyed
[2018.12.17-21.38.05:547][275]LogSlate: Window 'Beecroft_Character*' being destroyed
[2018.12.17-21.38.14:454][956]LogStaticMesh: Building static mesh MQ_1...
[2018.12.17-21.38.15:383][956]LogStaticMesh: Built static mesh [0.93s] /Game/ButlerM/MQ_1.MQ_1
[2018.12.17-21.38.15:581][956]LogAssetEditorManager: Opening Asset editor for StaticMesh /Game/ButlerM/MQ_1.MQ_1
[2018.12.17-21.38.17:936][  5]LogTexture: Display: Building textures: MQ_UVs (AutoDXT, 4096X4096)
[2018.12.17-21.38.17:936][  5]LogMaterial: Display: Missing cached shader map for material MQ_UVs_Mat, compiling. 
[2018.12.17-21.38.17:961][  5]LogShaderCompilers: Display: Shaders left to compile 22
[2018.12.17-21.38.17:961][  5]LogShaderCompilers: Display: Shaders left to compile 12
[2018.12.17-21.38.17:961][  5]LogShaderCompilers: Display: Shaders left to compile 2
[2018.12.17-21.38.27:703][671]LogSlate: FSceneViewport::OnFocusLost() reason 0
[2018.12.17-21.39.17:305][772]LogFileManager: Error: Error writing to file: C:/Users/u0723839/AppData/Local/UnrealEngine/Common/DerivedDataCache/4/2/2/temp.E250A41E4A2895C055A2F58E01B03922 (There is not enough space on the disk.)
[2018.12.17-21.39.17:306][772]LogDerivedDataCache: Warning: FFileSystemDerivedDataBackend: Temp file is short C:/Users/u0723839/AppData/Local/UnrealEngine/Common/DerivedDataCache/4/2/2/temp.E250A41E4A2895C055A2F58E01B03922!
[2018.12.17-21.39.17:306][772]LogFileManager: Error: Error writing to file: C:/Users/u0723839/AppData/Local/UnrealEngine/Common/DerivedDataCache/4/2/2/temp.5D33422C453129DAC4FE29A992220849 (There is not enough space on the disk.)
[2018.12.17-21.39.17:306][772]LogDerivedDataCache: Warning: FFileSystemDerivedDataBackend: Temp file is short C:/Users/u0723839/AppData/Local/UnrealEngine/Common/DerivedDataCache/4/2/2/temp.5D33422C453129DAC4FE29A992220849!
[2018.12.17-21.39.17:306][772]LogDerivedDataCache: FDerivedDataBackendAsyncPutWrapper: Put failed, keeping in memory copy PhysX_A08609EF508D460CBB6710540B03AACF_PhysXPC_504F9142459B022065A1D0B230EB99E__DF3293FAD6F31E1E4FEE962ADE1137A79BBC6EFE.
[2018.12.17-21.39.20:144][951]LogFileManager: Error: Error writing to file: C:/Users/u0723839/AppData/Local/UnrealEngine/Common/DerivedDataCache/3/1/7/temp.0BE9288340C3F3AD1034EA9DE4D20062 (There is not enough space on the disk.)
[2018.12.17-21.39.20:144][951]LogDerivedDataCache: Warning: FFileSystemDerivedDataBackend: Temp file is short C:/Users/u0723839/AppData/Local/UnrealEngine/Common/DerivedDataCache/3/1/7/temp.0BE9288340C3F3AD1034EA9DE4D20062!
[2018.12.17-21.39.20:144][951]LogFileManager: Error: Error writing to file: C:/Users/u0723839/AppData/Local/UnrealEngine/Common/DerivedDataCache/3/1/7/temp.42AD47684026E1CE8C27E5BF8781A5B3 (There is not enough space on the disk.)
[2018.12.17-21.39.20:144][951]LogDerivedDataCache: Warning: FFileSystemDerivedDataBackend: Temp file is short C:/Users/u0723839/AppData/Local/UnrealEngine/Common/DerivedDataCache/3/1/7/temp.42AD47684026E1CE8C27E5BF8781A5B3!
[2018.12.17-21.39.20:144][951]LogDerivedDataCache: FDerivedDataBackendAsyncPutWrapper: Put failed, keeping in memory copy PhysX_A08609EF508D460CBB6710540B03AACF_PhysXPC_BEF4FB6E46FFC5283CFFDCB9D329F3D__8C249BEAB4CDE4E2B86FAC112330634D14EB8814.
[2018.12.17-21.39.21:693][ 33]LogFileManager: Error: Error writing to file: C:/Users/u0723839/AppData/Local/UnrealEngine/Common/DerivedDataCache/5/5/2/temp.3EE3628B4218CF0D96557A88BF2BA42A (There is not enough space on the disk.)
[2018.12.17-21.39.21:693][ 33]LogDerivedDataCache: Warning: FFileSystemDerivedDataBackend: Temp file is short C:/Users/u0723839/AppData/Local/UnrealEngine/Common/DerivedDataCache/5/5/2/temp.3EE3628B4218CF0D96557A88BF2BA42A!
[2018.12.17-21.39.21:693][ 33]LogFileManager: Error: Error writing to file: C:/Users/u0723839/AppData/Local/UnrealEngine/Common/DerivedDataCache/5/5/2/temp.91275137491837D0483040A0C6205E7A (There is not enough space on the disk.)
[2018.12.17-21.39.21:693][ 33]LogDerivedDataCache: Warning: FFileSystemDerivedDataBackend: Temp file is short C:/Users/u0723839/AppData/Local/UnrealEngine/Common/DerivedDataCache/5/5/2/temp.91275137491837D0483040A0C6205E7A!
[2018.12.17-21.39.21:693][ 33]LogDerivedDataCache: FDerivedDataBackendAsyncPutWrapper: Put failed, keeping in memory copy PhysX_A08609EF508D460CBB6710540B03AACF_PhysXPC_62186F204B10676536D404821A4482E__2EDB4B6C0B94390DE5F64157633128B9A9C634BA.
[2018.12.17-21.39.23:481][125]LogFileManager: Error: Error writing to file: C:/Users/u0723839/AppData/Local/UnrealEngine/Common/DerivedDataCache/5/2/7/temp.FC7DCDF84E7851D6DBD5A0BDC32FE087 (There is not enough space on the disk.)
[2018.12.17-21.39.23:481][125]LogDerivedDataCache: Warning: FFileSystemDerivedDataBackend: Temp file is short C:/Users/u0723839/AppData/Local/UnrealEngine/Common/DerivedDataCache/5/2/7/temp.FC7DCDF84E7851D6DBD5A0BDC32FE087!
[2018.12.17-21.39.23:482][125]LogFileManager: Error: Error writing to file: C:/Users/u0723839/AppData/Local/UnrealEngine/Common/DerivedDataCache/5/2/7/temp.45BB7AEB4420D5B3DCA1F183351F0029 (There is not enough space on the disk.)
[2018.12.17-21.39.23:482][125]LogDerivedDataCache: Warning: FFileSystemDerivedDataBackend: Temp file is short C:/Users/u0723839/AppData/Local/UnrealEngine/Common/DerivedDataCache/5/2/7/temp.45BB7AEB4420D5B3DCA1F183351F0029!
[2018.12.17-21.39.23:482][125]LogDerivedDataCache: FDerivedDataBackendAsyncPutWrapper: Put failed, keeping in memory copy PhysX_A08609EF508D460CBB6710540B03AACF_PhysXPC_3071D32D4CAB9B66DBA33ABC08691EB__105BC2FCD57FFC9EBEBDC4512FC9B2AD796A81AC.
[2018.12.17-21.39.25:023][210]LogFileManager: Error: Error writing to file: C:/Users/u0723839/AppData/Local/UnrealEngine/Common/DerivedDataCache/8/3/7/temp.D4CD1DA9436B333CAAC89992F7548020 (There is not enough space on the disk.)
[2018.12.17-21.39.25:023][210]LogDerivedDataCache: Warning: FFileSystemDerivedDataBackend: Temp file is short C:/Users/u0723839/AppData/Local/UnrealEngine/Common/DerivedDataCache/8/3/7/temp.D4CD1DA9436B333CAAC89992F7548020!
[2018.12.17-21.39.25:023][210]LogFileManager: Error: Error writing to file: C:/Users/u0723839/AppData/Local/UnrealEngine/Common/DerivedDataCache/8/3/7/temp.4E2D931A4B04C0503DA8609C973B8B0A (There is not enough space on the disk.)
[2018.12.17-21.39.25:023][210]LogDerivedDataCache: Warning: FFileSystemDerivedDataBackend: Temp file is short C:/Users/u0723839/AppData/Local/UnrealEngine/Common/DerivedDataCache/8/3/7/temp.4E2D931A4B04C0503DA8609C973B8B0A!
[2018.12.17-21.39.25:023][210]LogDerivedDataCache: FDerivedDataBackendAsyncPutWrapper: Put failed, keeping in memory copy PhysX_A08609EF508D460CBB6710540B03AACF_PhysXPC_BFD6F6CB42D8AFED630A38B4675CE4F__68DE67FAB39D56F6E4E5AB175E054684AFC819F4.
[2018.12.17-21.39.28:582][449]LogFileManager: Error: Error writing to file: C:/Users/u0723839/AppData/Local/UnrealEngine/Common/DerivedDataCache/3/8/6/temp.2A8A0A46416976146F175DAE71CFB547 (There is not enough space on the disk.)
[2018.12.17-21.39.28:582][449]LogDerivedDataCache: Warning: FFileSystemDerivedDataBackend: Temp file is short C:/Users/u0723839/AppData/Local/UnrealEngine/Common/DerivedDataCache/3/8/6/temp.2A8A0A46416976146F175DAE71CFB547!
[2018.12.17-21.39.28:582][449]LogFileManager: Error: Error writing to file: C:/Users/u0723839/AppData/Local/UnrealEngine/Common/DerivedDataCache/3/8/6/temp.40DD64924E1380CDF05535BC2BC35C5E (There is not enough space on the disk.)
[2018.12.17-21.39.28:582][449]LogDerivedDataCache: Warning: FFileSystemDerivedDataBackend: Temp file is short C:/Users/u0723839/AppData/Local/UnrealEngine/Common/DerivedDataCache/3/8/6/temp.40DD64924E1380CDF05535BC2BC35C5E!
[2018.12.17-21.39.28:582][449]LogDerivedDataCache: FDerivedDataBackendAsyncPutWrapper: Put failed, keeping in memory copy PhysX_A08609EF508D460CBB6710540B03AACF_PhysXPC_F10F6A534EF25A18A29D43B2042B90B__2DE00AE5F0892E9067D5012210E4F2DAF7BE01D7.
[2018.12.17-21.39.30:262][539]LogFileManager: Error: Error writing to file: C:/Users/u0723839/AppData/Local/UnrealEngine/Common/DerivedDataCache/1/6/6/temp.604F855C43FB2308776622B5222B3051 (There is not enough space on the disk.)
[2018.12.17-21.39.30:262][539]LogDerivedDataCache: Warning: FFileSystemDerivedDataBackend: Temp file is short C:/Users/u0723839/AppData/Local/UnrealEngine/Common/DerivedDataCache/1/6/6/temp.604F855C43FB2308776622B5222B3051!
[2018.12.17-21.39.30:262][539]LogFileManager: Error: Error writing to file: C:/Users/u0723839/AppData/Local/UnrealEngine/Common/DerivedDataCache/1/6/6/temp.7F3AD376408A89EC7F0F10B71F1EB48A (There is not enough space on the disk.)
[2018.12.17-21.39.30:262][539]LogDerivedDataCache: Warning: FFileSystemDerivedDataBackend: Temp file is short C:/Users/u0723839/AppData/Local/UnrealEngine/Common/DerivedDataCache/1/6/6/temp.7F3AD376408A89EC7F0F10B71F1EB48A!
[2018.12.17-21.39.30:262][539]LogDerivedDataCache: FDerivedDataBackendAsyncPutWrapper: Put failed, keeping in memory copy PhysX_A08609EF508D460CBB6710540B03AACF_PhysXPC_029EE65547D855F2ABECD193A60FD14__A594AC9A7E1B6E6EFF1E16BF64BC875E3599FFF2.
[2018.12.17-21.39.32:364][667]LogFileManager: Error: Error writing to file: C:/Users/u0723839/AppData/Local/UnrealEngine/Common/DerivedDataCache/0/1/1/temp.F33889524A5D30CFC383F0900AD2D536 (There is not enough space on the disk.)
[2018.12.17-21.39.32:364][667]LogDerivedDataCache: Warning: FFileSystemDerivedDataBackend: Temp file is short C:/Users/u0723839/AppData/Local/UnrealEngine/Common/DerivedDataCache/0/1/1/temp.F33889524A5D30CFC383F0900AD2D536!
[2018.12.17-21.39.32:364][667]LogFileManager: Error: Error writing to file: C:/Users/u0723839/AppData/Local/UnrealEngine/Common/DerivedDataCache/0/1/1/temp.881A4B274DFAE68FD0D1C3A96B9158D8 (There is not enough space on the disk.)
[2018.12.17-21.39.32:364][667]LogDerivedDataCache: Warning: FFileSystemDerivedDataBackend: Temp file is short C:/Users/u0723839/AppData/Local/UnrealEngine/Common/DerivedDataCache/0/1/1/temp.881A4B274DFAE68FD0D1C3A96B9158D8!
[2018.12.17-21.39.32:364][667]LogDerivedDataCache: FDerivedDataBackendAsyncPutWrapper: Put failed, keeping in memory copy PhysX_A08609EF508D460CBB6710540B03AACF_PhysXPC_A37E8AF84E0DB3F89F4B6589A2B0609__0714CC2011A0248CC85240C31C8B99F2BB9A81E2.
[2018.12.17-21.39.34:348][784]LogFileManager: Error: Error writing to file: C:/Users/u0723839/AppData/Local/UnrealEngine/Common/DerivedDataCache/3/2/9/temp.12DD04794C871A7FA8A357B040E16D21 (There is not enough space on the disk.)
[2018.12.17-21.39.34:348][784]LogDerivedDataCache: Warning: FFileSystemDerivedDataBackend: Temp file is short C:/Users/u0723839/AppData/Local/UnrealEngine/Common/DerivedDataCache/3/2/9/temp.12DD04794C871A7FA8A357B040E16D21!
[2018.12.17-21.39.34:348][784]LogFileManager: Error: Error writing to file: C:/Users/u0723839/AppData/Local/UnrealEngine/Common/DerivedDataCache/3/2/9/temp.DACFD3FE4DE869917FFFD3BC1290EA8D (There is not enough space on the disk.)
[2018.12.17-21.39.34:348][784]LogDerivedDataCache: Warning: FFileSystemDerivedDataBackend: Temp file is short C:/Users/u0723839/AppData/Local/UnrealEngine/Common/DerivedDataCache/3/2/9/temp.DACFD3FE4DE869917FFFD3BC1290EA8D!
[2018.12.17-21.39.34:348][784]LogDerivedDataCache: FDerivedDataBackendAsyncPutWrapper: Put failed, keeping in memory copy PhysX_A08609EF508D460CBB6710540B03AACF_PhysXPC_84B3221640CD967C45BF8CB22D7BAA9__0B1131DDF23CC0D7DA07B305A9C62B0A3735773A.
[2018.12.17-21.39.46:321][710]LogSlate: FSceneViewport::OnFocusLost() reason 0
[2018.12.17-21.39.46:410][718]LogSlate: Window 'MQ_1*' being destroyed
[2018.12.17-21.39.46:416][718]LogSlate: Window 'MQ_1*' being destroyed
[2018.12.17-21.40.08:492][218]LogTexture: Display: Building textures: Man_UV_Joints1 (AutoDXT, 2048X2048)
[2018.12.17-21.40.08:492][218]LogFileManager: Error: Error writing to file: C:/Users/u0723839/AppData/Local/UnrealEngine/Common/DerivedDataCache/4/3/2/temp.EF1133EA41C216B1FF764A9E254E8B3B (There is not enough space on the disk.)
[2018.12.17-21.40.08:492][218]LogDerivedDataCache: Warning: FFileSystemDerivedDataBackend: Temp file is short C:/Users/u0723839/AppData/Local/UnrealEngine/Common/DerivedDataCache/4/3/2/temp.EF1133EA41C216B1FF764A9E254E8B3B!
[2018.12.17-21.40.08:492][218]LogMaterial: Display: Missing cached shader map for material defaultMat, compiling. 
[2018.12.17-21.40.08:518][218]LogFileManager: Error: Error writing to file: C:/Users/u0723839/AppData/Local/UnrealEngine/Common/DerivedDataCache/4/3/2/temp.8964A40D410D9486A047A28C85A66C8E (There is not enough space on the disk.)
[2018.12.17-21.40.08:518][218]LogDerivedDataCache: Warning: FFileSystemDerivedDataBackend: Temp file is short C:/Users/u0723839/AppData/Local/UnrealEngine/Common/DerivedDataCache/4/3/2/temp.8964A40D410D9486A047A28C85A66C8E!
[2018.12.17-21.40.08:518][218]LogDerivedDataCache: FDerivedDataBackendAsyncPutWrapper: Put failed, keeping in memory copy TEXTURE_68A083899C6F4316B8CE0E2958EDE2C2_AutoDXT_514B39F5497675DFCDA0D8923B470__D09CB614970EB90CF31B3016CD0634E4EBCFF768.
[2018.12.17-21.40.08:518][218]LogShaderCompilers: Display: Shaders left to compile 22
[2018.12.17-21.40.08:518][218]LogShaderCompilers: Display: Shaders left to compile 12
[2018.12.17-21.40.08:518][218]LogShaderCompilers: Display: Shaders left to compile 2
[2018.12.17-21.40.08:518][218]LogFileManager: Error: Error writing to file: C:/Users/u0723839/AppData/Local/Temp/UnrealShaderWorkingDir/24FC2B8642C2A94A3FAAFCB7BD8690AC/094753FE14C2D876A90AE20B695A163E2 (There is not enough space on the disk.)
[2018.12.17-21.40.08:518][218]LogFileManager: Error: Error flushing file: C:/Users/u0723839/AppData/Local/Temp/UnrealShaderWorkingDir/24FC2B8642C2A94A3FAAFCB7BD8690AC/094753FE14C2D876A90AE20B695A163E2 (There is not enough space on the disk.)
[2018.12.17-21.40.08:518][218]LogFileManager: Error: Error flushing file: C:/Users/u0723839/AppData/Local/Temp/UnrealShaderWorkingDir/24FC2B8642C2A94A3FAAFCB7BD8690AC/094753FE14C2D876A90AE20B695A163E2 (There is not enough space on the disk.)
[2018.12.17-21.40.08:518][218]LogFileManager: Error: Error flushing file: C:/Users/u0723839/AppData/Local/Temp/UnrealShaderWorkingDir/24FC2B8642C2A94A3FAAFCB7BD8690AC/094753FE14C2D876A90AE20B695A163E2 (There is not enough space on the disk.)
[2018.12.17-21.40.08:518][218]LogFileManager: Error: Error flushing file: C:/Users/u0723839/AppData/Local/Temp/UnrealShaderWorkingDir/24FC2B8642C2A94A3FAAFCB7BD8690AC/094753FE14C2D876A90AE20B695A163E2 (There is not enough space on the disk.)
[2018.12.17-21.40.08:518][218]LogFileManager: Error: Error flushing file: C:/Users/u0723839/AppData/Local/Temp/UnrealShaderWorkingDir/24FC2B8642C2A94A3FAAFCB7BD8690AC/094753FE14C2D876A90AE20B695A163E2 (There is not enough space on the disk.)
[2018.12.17-21.40.08:518][218]LogFileManager: Error: Error flushing file: C:/Users/u0723839/AppData/Local/Temp/UnrealShaderWorkingDir/24FC2B8642C2A94A3FAAFCB7BD8690AC/094753FE14C2D876A90AE20B695A163E2 (There is not enough space on the disk.)
[2018.12.17-21.40.08:518][218]LogFileManager: Error: Error flushing file: C:/Users/u0723839/AppData/Local/Temp/UnrealShaderWorkingDir/24FC2B8642C2A94A3FAAFCB7BD8690AC/094753FE14C2D876A90AE20B695A163E2 (There is not enough space on the disk.)
[2018.12.17-21.40.08:518][218]LogFileManager: Error: Error flushing file: C:/Users/u0723839/AppData/Local/Temp/UnrealShaderWorkingDir/24FC2B8642C2A94A3FAAFCB7BD8690AC/094753FE14C2D876A90AE20B695A163E2 (There is not enough space on the disk.)
[2018.12.17-21.40.08:518][218]LogFileManager: Error: Error flushing file: C:/Users/u0723839/AppData/Local/Temp/UnrealShaderWorkingDir/24FC2B8642C2A94A3FAAFCB7BD8690AC/094753FE14C2D876A90AE20B695A163E2 (There is not enough space on the disk.)
[2018.12.17-21.40.08:518][218]LogFileManager: Error: Error flushing file: C:/Users/u0723839/AppData/Local/Temp/UnrealShaderWorkingDir/24FC2B8642C2A94A3FAAFCB7BD8690AC/094753FE14C2D876A90AE20B695A163E2 (There is not enough space on the disk.)
[2018.12.17-21.40.08:518][218]LogFileManager: Error: Error flushing file: C:/Users/u0723839/AppData/Local/Temp/UnrealShaderWorkingDir/24FC2B8642C2A94A3FAAFCB7BD8690AC/094753FE14C2D876A90AE20B695A163E2 (There is not enough space on the disk.)
[2018.12.17-21.40.08:518][218]LogFileManager: Error: Error flushing file: C:/Users/u0723839/AppData/Local/Temp/UnrealShaderWorkingDir/24FC2B8642C2A94A3FAAFCB7BD8690AC/094753FE14C2D876A90AE20B695A163E2 (There is not enough space on the disk.)
[2018.12.17-21.40.08:518][218]LogFileManager: Error: Error flushing file: C:/Users/u0723839/AppData/Local/Temp/UnrealShaderWorkingDir/24FC2B8642C2A94A3FAAFCB7BD8690AC/094753FE14C2D876A90AE20B695A163E2 (There is not enough space on the disk.)
[2018.12.17-21.40.08:518][218]LogFileManager: Error: Error flushing file: C:/Users/u0723839/AppData/Local/Temp/UnrealShaderWorkingDir/24FC2B8642C2A94A3FAAFCB7BD8690AC/094753FE14C2D876A90AE20B695A163E2 (There is not enough space on the disk.)
[2018.12.17-21.40.08:518][218]LogFileManager: Error: Error flushing file: C:/Users/u0723839/AppData/Local/Temp/UnrealShaderWorkingDir/24FC2B8642C2A94A3FAAFCB7BD8690AC/094753FE14C2D876A90AE20B695A163E2 (There is not enough space on the disk.)
[2018.12.17-21.40.08:518][218]LogFileManager: Error: Error flushing file: C:/Users/u0723839/AppData/Local/Temp/UnrealShaderWorkingDir/24FC2B8642C2A94A3FAAFCB7BD8690AC/094753FE14C2D876A90AE20B695A163E2 (There is not enough space on the disk.)
[2018.12.17-21.40.08:518][218]LogWindows: Windows GetLastError: The operation completed successfully. (0)
[2018.12.17-21.40.08:614][218]LogStaticMesh: Building static mesh Man_UV_Joints...
[2018.12.17-21.40.09:305][218]LogFileManager: Error: Error writing to file: C:/Users/u0723839/AppData/Local/UnrealEngine/Common/DerivedDataCache/0/3/1/temp.F5A13DDB4D70AC513A8A94974A18613C (There is not enough space on the disk.)
[2018.12.17-21.40.09:305][218]LogDerivedDataCache: Warning: FFileSystemDerivedDataBackend: Temp file is short C:/Users/u0723839/AppData/Local/UnrealEngine/Common/DerivedDataCache/0/3/1/temp.F5A13DDB4D70AC513A8A94974A18613C!
[2018.12.17-21.40.09:305][218]LogFileManager: Error: Error writing to file: C:/Users/u0723839/AppData/Local/UnrealEngine/Common/DerivedDataCache/0/3/1/temp.3FEA27B840D1BCB9245A75A8AE1C3D48 (There is not enough space on the disk.)
[2018.12.17-21.40.09:305][218]LogDerivedDataCache: Warning: FFileSystemDerivedDataBackend: Temp file is short C:/Users/u0723839/AppData/Local/UnrealEngine/Common/DerivedDataCache/0/3/1/temp.3FEA27B840D1BCB9245A75A8AE1C3D48!
[2018.12.17-21.40.09:305][218]LogDerivedDataCache: FDerivedDataBackendAsyncPutWrapper: Put failed, keeping in memory copy MESHDATAKEY_STATICMESH_42190ADE250046AC958045C7DA930FECA3E9E442F5784050BCAF878E4E80EE44_84226726B41478398BB784CA0E0A4BB6.
[2018.12.17-21.40.09:305][218]LogStaticMesh: Built static mesh [0.69s] /Game/MACBocks/Man_UV_Joints.Man_UV_Joints
[2018.12.17-21.40.09:576][218]LogFileManager: Error: Error flushing file: ../../../../../../Users/u0723839/Documents/GitHub/AssetPipeMaster01/APsec1LargeCityBase/Saved/Logs/APsec1LargeCityBase.log (There is not enough space on the disk.)
[2018.12.17-21.40.09:576][218]LogFileManager: Error: Error writing to file: C:/Users/u0723839/Documents/GitHub/AssetPipeMaster01/APsec1LargeCityBase/Saved/Config/Windows/EditorPerProjectUserSettings.ini (There is not enough space on the disk.)
[2018.12.17-21.40.09:588][218]LogFileManager: Error: Error writing to file: C:/Users/u0723839/Documents/GitHub/AssetPipeMaster01/APsec1LargeCityBase/Saved/Config/Windows/EditorPerProjectUserSettings.ini (There is not enough space on the disk.)
[2018.12.17-21.40.09:604][218]LogFileManager: Error: Error writing to file: C:/Users/u0723839/Documents/GitHub/AssetPipeMaster01/APsec1LargeCityBase/Saved/Config/Windows/EditorPerProjectUserSettings.ini (There is not enough space on the disk.)
[2018.12.17-21.40.10:224][222]LogShaderCompilers: Display: Shaders left to compile 0
[2018.12.17-21.40.10:225][222]LogWindows: Windows GetLastError: The operation completed successfully. (0)
[2018.12.17-21.40.10:231][222]LogWindows: Error: === Critical error: ===
[2018.12.17-21.40.10:231][222]LogWindows: Error: 
[2018.12.17-21.40.10:231][222]LogWindows: Error: Fatal error: [File:D:\Build\++UE4\Sync\Engine\Source\Runtime\Engine\Private\ShaderCompiler\ShaderCompiler.cpp] [Line: 1003] 
[2018.12.17-21.40.10:231][222]LogWindows: Error: Shader Compiling thread exception:
[2018.12.17-21.40.10:231][222]LogWindows: Error: Fatal error: [File:D:\Build\++UE4\Sync\Engine\Source\Runtime\Engine\Private\ShaderCompiler\ShaderCompiler.cpp] [Line: 1168] 
[2018.12.17-21.40.10:231][222]LogWindows: Error: Could not write the shader compiler transfer filename to 'C:/Users/u0723839/AppData/Local/Temp/UnrealShaderWorkingDir/24FC2B8642C2A94A3FAAFCB7BD8690AC/094753FE14C2D876A90AE20B695A163E2' (Free Disk Space: 0.
[2018.12.17-21.40.10:231][222]LogWindows: Error: 
[2018.12.17-21.40.10:231][222]LogWindows: Error: 
[2018.12.17-21.40.10:231][222]LogWindows: Error: [Callstack] 0x00007ffae0a4a388 KERNELBASE.dll!UnknownFunction []
[2018.12.17-21.40.10:231][222]LogWindows: Error: [Callstack] 0x00007ffab58b6850 UE4Editor-ApplicationCore.dll!UnknownFunction []
[2018.12.17-21.40.10:231][222]LogWindows: Error: [Callstack] 0x00007ffa955962ec UE4Editor-Core.dll!UnknownFunction []
[2018.12.17-21.40.10:231][222]LogWindows: Error: [Callstack] 0x00007ffa955251cb UE4Editor-Core.dll!UnknownFunction []
[2018.12.17-21.40.10:231][222]LogWindows: Error: [Callstack] 0x00007ffa860f8caa UE4Editor-Engine.dll!UnknownFunction []
[2018.12.17-21.40.10:231][222]LogWindows: Error: [Callstack] 0x00007ffa860a5897 UE4Editor-Engine.dll!UnknownFunction []
[2018.12.17-21.40.10:231][222]LogWindows: Error: [Callstack] 0x00007ffa860e8208 UE4Editor-Engine.dll!UnknownFunction []
[2018.12.17-21.40.10:231][222]LogWindows: Error: [Callstack] 0x00007ffa957f6b6c UE4Editor-Core.dll!UnknownFunction []
[2018.12.17-21.40.10:231][222]LogWindows: Error: [Callstack] 0x00007ffa957f17b7 UE4Editor-Core.dll!UnknownFunction []
[2018.12.17-21.40.10:231][222]LogWindows: Error: [Callstack] 0x00007ffae3bc3034 KERNEL32.DLL!UnknownFunction []
[2018.12.17-21.40.10:231][222]LogWindows: Error: [Callstack] 0x00007ffae3df1471 ntdll.dll!UnknownFunction []
[2018.12.17-21.40.10:231][222]LogWindows: Error: 
[2018.12.17-21.40.10:231][222]LogWindows: Error: 
[2018.12.17-21.40.10:231][222]LogWindows: Error: 
[2018.12.17-21.40.10:231][222]LogWindows: Error: 
[2018.12.17-21.40.10:253][222]LogFileManager: Error: Error flushing file: C:/Users/u0723839/Documents/GitHub/AssetPipeMaster01/APsec1LargeCityBase/Saved/Config/Windows/Engine.ini (There is not enough space on the disk.)
[2018.12.17-21.40.10:254][222]LogExit: Executing StaticShutdownAfterError
[2018.12.17-21.40.10:261][222]LogWindows: FPlatformMisc::RequestExit(1)
[2018.12.17-21.40.10:271][222]Log file closed, 12/17/18 14:40:10
