Log file open, 11/21/18 20:15:50
LogWindows: Failed to load 'aqProf.dll' (GetLastError=126)
LogWindows: File 'aqProf.dll' does not exist
LogWindows: Failed to load 'VSPerf140.dll' (GetLastError=126)
LogWindows: File 'VSPerf140.dll' does not exist
LogWindows: Failed to load 'VtuneApi.dll' (GetLastError=126)
LogWindows: File 'VtuneApi.dll' does not exist
LogWindows: Failed to load 'VtuneApi32e.dll' (GetLastError=126)
LogWindows: File 'VtuneApi32e.dll' does not exist
LogInit: Display: Running engine for game: APsec1LargeCityBase
LogPlatformFile: Not using cached read wrapper
LogTaskGraph: Started task graph with 5 named threads and 35 total threads with 3 sets of task threads.
LogStats: Stats thread started at 0.451058
LogD3D11RHI: Loaded GFSDK_Aftermath_Lib.x64.dll
LogICUInternationalization: Display: ICU TimeZone Detection - Raw Offset: -7:00, Platform Override: ''
LogPluginManager: Mounting plugin Paper2D
LogPluginManager: Mounting plugin AISupport
LogPluginManager: Mounting plugin LightPropagationVolume
LogPluginManager: Mounting plugin CLionSourceCodeAccess
LogPluginManager: Mounting plugin CodeLiteSourceCodeAccess
LogPluginManager: Mounting plugin GitSourceControl
LogPluginManager: Mounting plugin KDevelopSourceCodeAccess
LogPluginManager: Mounting plugin NullSourceCodeAccess
LogPluginManager: Mounting plugin PerforceSourceControl
LogPluginManager: Mounting plugin SubversionSourceControl
LogPluginManager: Mounting plugin UObjectPlugin
LogPluginManager: Mounting plugin VisualStudioCodeSourceCodeAccess
LogPluginManager: Mounting plugin VisualStudioSourceCodeAccess
LogPluginManager: Mounting plugin XCodeSourceCodeAccess
LogPluginManager: Mounting plugin AssetManagerEditor
LogPluginManager: Mounting plugin CryptoKeys
LogPluginManager: Mounting plugin DataValidation
LogPluginManager: Mounting plugin FacialAnimation
LogPluginManager: Mounting plugin GameplayTagsEditor
LogPluginManager: Mounting plugin MacGraphicsSwitching
LogPluginManager: Mounting plugin MeshEditor
LogPluginManager: Mounting plugin MobileLauncherProfileWizard
LogPluginManager: Mounting plugin PluginBrowser
LogPluginManager: Mounting plugin SpeedTreeImporter
LogPluginManager: Mounting plugin DatasmithContent
LogPluginManager: Mounting plugin AlembicImporter
LogPluginManager: Mounting plugin AppleImageUtils
LogPluginManager: Mounting plugin AppleVision
LogPluginManager: Mounting plugin BackChannel
LogPluginManager: Mounting plugin CharacterAI
LogPluginManager: Mounting plugin GeometryCache
LogPluginManager: Mounting plugin HTML5Networking
LogPluginManager: Mounting plugin ProxyLODPlugin
LogPluginManager: Mounting plugin MagicLeap
LogPluginManager: Mounting plugin MagicLeapEmulator
LogPluginManager: Mounting plugin MagicLeapMedia
LogPluginManager: Mounting plugin AndroidMedia
LogPluginManager: Mounting plugin AvfMedia
LogPluginManager: Mounting plugin ImgMedia
LogPluginManager: Mounting plugin LinearTimecode
LogPluginManager: Mounting plugin MediaCompositing
LogPluginManager: Mounting plugin MediaPlayerEditor
LogPluginManager: Mounting plugin WmfMedia
LogPluginManager: Mounting plugin TcpMessaging
LogPluginManager: Mounting plugin UdpMessaging
LogPluginManager: Mounting plugin ActorSequence
LogPluginManager: Mounting plugin LevelSequenceEditor
LogPluginManager: Mounting plugin MatineeToLevelSequence
LogPluginManager: Mounting plugin NetcodeUnitTest
LogPluginManager: Mounting plugin NUTUnrealEngine4
LogPluginManager: Mounting plugin OnlineSubsystemGooglePlay
LogPluginManager: Mounting plugin OnlineSubsystemIOS
LogPluginManager: Mounting plugin OnlineSubsystem
LogPluginManager: Mounting plugin OnlineSubsystemNull
LogPluginManager: Mounting plugin OnlineSubsystemUtils
LogPluginManager: Mounting plugin LauncherChunkInstaller
LogPluginManager: Mounting plugin AndroidDeviceProfileSelector
LogPluginManager: Mounting plugin AndroidMoviePlayer
LogPluginManager: Mounting plugin AndroidPermission
LogPluginManager: Mounting plugin AppleMoviePlayer
LogPluginManager: Mounting plugin ArchVisCharacter
LogPluginManager: Mounting plugin AudioCapture
LogPluginManager: Mounting plugin CableComponent
LogPluginManager: Mounting plugin CustomMeshComponent
LogPluginManager: Mounting plugin EditableMesh
LogPluginManager: Mounting plugin ExampleDeviceProfileSelector
LogPluginManager: Mounting plugin GoogleCloudMessaging
LogPluginManager: Mounting plugin ImmediatePhysics
LogPluginManager: Mounting plugin IOSDeviceProfileSelector
LogPluginManager: Mounting plugin LinuxDeviceProfileSelector
LogPluginManager: Mounting plugin LocationServicesBPLibrary
LogPluginManager: Mounting plugin MobilePatchingUtils
LogPluginManager: Mounting plugin OculusVR
LogPluginManager: Plugin shader directory ../../../Engine/Plugins/Runtime/Oculus/OculusVR/Shaders found
LogPluginManager: Mapping shader source directory ../../../Engine/Plugins/Runtime/Oculus/OculusVR/Shaders to virtual directory /Plugin/OculusVR
LogPluginManager: Mounting plugin PhysXVehicles
LogPluginManager: Mounting plugin ProceduralMeshComponent
LogPluginManager: Mounting plugin RuntimePhysXCooking
LogPluginManager: Mounting plugin SteamVR
LogPluginManager: Mounting plugin WindowsMoviePlayer
LogStreaming: Display: Took  0.128s to configure plugins.
LogInit: Using libcurl 7.55.1-DEV
LogInit:  - built for x86_64-pc-win32
LogInit:  - supports SSL with OpenSSL/1.0.2h
LogInit:  - supports HTTP deflate (compression) using libz 1.2.8
LogInit:  - other features:
LogInit:      CURL_VERSION_SSL
LogInit:      CURL_VERSION_LIBZ
LogInit:      CURL_VERSION_IPV6
LogInit:      CURL_VERSION_ASYNCHDNS
LogInit:      CURL_VERSION_LARGEFILE
LogInit:      CURL_VERSION_IDN
LogInit:  CurlRequestOptions (configurable via config and command line):
LogInit:  - bVerifyPeer = false  - Libcurl will NOT verify peer certificate
LogInit:  - bUseHttpProxy = false  - Libcurl will NOT use HTTP proxy
LogInit:  - bDontReuseConnections = false  - Libcurl will reuse connections
LogInit:  - CertBundlePath = nullptr  - Libcurl will use whatever was configured at build time.
LogInit:  - MaxHostConnections = 16  - Libcurl will limit the number of connections to a host
LogInit:  - LocalHostAddr = Default
LogInit:  - BufferSize = 65536
LogInit: WinSock: version 1.1 (2.2), MaxSocks=32767, MaxUdp=65467
LogInit: Build: ++UE4+Release-4.20-CL-4369336
LogInit: Engine Version: 4.20.3-4369336+++UE4+Release-4.20
LogInit: Compatible Engine Version: 4.20.0-4212847+++UE4+Release-4.20
LogInit: Net CL: 4212847
LogInit: OS: Windows 10 (), CPU:        Intel(R) Core(TM) i7-4960X CPU @ 3.60GHz, GPU: NVIDIA GeForce GTX 980 Ti
LogInit: Compiled (64-bit): Sep 17 2018 12:26:19
LogInit: Compiled with Visual C++: 19.13.26129.00
LogInit: Build Configuration: Development
LogInit: Branch Name: ++UE4+Release-4.20
LogInit: Command Line:  
LogInit: Base Directory: E:/Program Files/Epic Games/UE_4.20/Engine/Binaries/Win64/
LogInit: Installed Engine Build: 1
LogDevObjectVersion: Number of dev versions registered: 20
LogDevObjectVersion:   Dev-Blueprints (B0D832E4-1F89-4F0D-ACCF-7EB736FD4AA2): 10
LogDevObjectVersion:   Dev-Build (E1C64328-A22C-4D53-A36C-8E866417BD8C): 0
LogDevObjectVersion:   Dev-Core (375EC13C-06E4-48FB-B500-84F0262A717E): 2
LogDevObjectVersion:   Dev-Editor (E4B068ED-F494-42E9-A231-DA0B2E46BB41): 24
LogDevObjectVersion:   Dev-Framework (CFFC743F-43B0-4480-9391-14DF171D2073): 34
LogDevObjectVersion:   Dev-Mobile (B02B49B5-BB20-44E9-A304-32B752E40360): 2
LogDevObjectVersion:   Dev-Networking (A4E4105C-59A1-49B5-A7C5-40C4547EDFEE): 0
LogDevObjectVersion:   Dev-Online (39C831C9-5AE6-47DC-9A44-9C173E1C8E7C): 0
LogDevObjectVersion:   Dev-Physics (78F01B33-EBEA-4F98-B9B4-84EACCB95AA2): 0
LogDevObjectVersion:   Dev-Platform (6631380F-2D4D-43E0-8009-CF276956A95A): 0
LogDevObjectVersion:   Dev-Rendering (12F88B9F-8875-4AFC-A67C-D90C383ABD29): 26
LogDevObjectVersion:   Dev-Sequencer (7B5AE74C-D270-4C10-A958-57980B212A5A): 9
LogDevObjectVersion:   Dev-VR (D7296918-1DD6-4BDD-9DE2-64A83CC13884): 2
LogDevObjectVersion:   Dev-LoadTimes (C2A15278-BFE7-4AFE-6C17-90FF531DF755): 1
LogDevObjectVersion:   Private-Geometry (6EACA3D4-40EC-4CC1-B786-8BED09428FC5): 3
LogDevObjectVersion:   Dev-AnimPhys (29E575DD-E0A3-4627-9D10-D276232CDCEA): 17
LogDevObjectVersion:   Dev-ReflectionCapture (6B266CEC-1EC7-4B8F-A30B-E4D90942FC07): 1
LogDevObjectVersion:   Dev-Automation (0DF73D61-A23F-47EA-B727-89E90C41499A): 1
LogDevObjectVersion:   FortniteMain (601D1886-AC64-4F84-AA16-D3DE0DEAC7D6): 12
LogDevObjectVersion:   Dev-Enterprise (9DFFBCD6-494F-0158-E221-12823C92A888): 1
LogStreaming: Display: Took  0.007s to delete old logs.
LogInit: Presizing for max 8388607 objects, including 0 objects not considered by GC, pre-allocating 0 bytes for permanent pool.
LogInit: Object subsystem initialized
[2018.11.22-03.15.50:939][  0]LogInit: Selected Device Profile: [Windows]
[2018.11.22-03.15.50:939][  0]LogInit: Applying CVar settings loaded from the selected device profile: [Windows]
[2018.11.22-03.15.50:953][  0]LogHAL: Display: Platform has ~ 16 GB [17097175040 / 17179869184 / 16], which maps to Larger [LargestMinGB=32, LargerMinGB=12, DefaultMinGB=8, SmallerMinGB=6, SmallestMinGB=0)
[2018.11.22-03.15.50:953][  0]LogInit: Setting Device Profile CVar: [[r.Vulkan.UseRealUBs:1]]
[2018.11.22-03.15.50:953][  0]LogInit: Going up to parent DeviceProfile []
[2018.11.22-03.15.50:953][  0]LogInit: Computer: NANO
[2018.11.22-03.15.50:953][  0]LogInit: User: Marcellano
[2018.11.22-03.15.50:953][  0]LogInit: CPU Page size=4096, Cores=6
[2018.11.22-03.15.50:953][  0]LogInit: High frequency timer resolution =3.515646 MHz
[2018.11.22-03.15.50:954][  0]LogMemory: Memory total: Physical=15.9GB (16GB approx)
[2018.11.22-03.15.50:954][  0]LogMemory: Platform Memory Stats for Windows
[2018.11.22-03.15.50:954][  0]LogMemory: Process Physical Memory: 101.63 MB used, 101.63 MB peak
[2018.11.22-03.15.50:954][  0]LogMemory: Process Virtual Memory: 86.39 MB used, 86.39 MB peak
[2018.11.22-03.15.50:954][  0]LogMemory: Physical Memory: 6498.03 MB used,  9807.11 MB free, 16305.14 MB total
[2018.11.22-03.15.50:954][  0]LogMemory: Virtual Memory: 4657.21 MB used,  9807.11 MB free, 134217728.00 MB total
[2018.11.22-03.15.50:984][  0]LogInit: Using OS detected language (en-US).
[2018.11.22-03.15.50:984][  0]LogInit: Using OS detected locale (en-US).
[2018.11.22-03.15.50:986][  0]LogTextLocalizationManager: No specific localization for 'en-US' exists, so the 'en' localization will be used.
[2018.11.22-03.15.51:372][  0]LogStreaming: Display: Took  0.387s to InitEngineTextLocalization.
[2018.11.22-03.15.51:372][  0]LogInit: Setting process to per monitor DPI aware
[2018.11.22-03.15.51:414][  0]LogSlate: New Slate User Created.  User Index 0, Is Virtual User: 0
[2018.11.22-03.15.51:414][  0]LogSlate: Slate User Registered.  User Index 0, Is Virtual User: 0
[2018.11.22-03.15.51:859][  0]LogHMD: Failed to initialize OpenVR with code 100
[2018.11.22-03.15.51:859][  0]LogD3D11RHI: D3D11 adapters:
[2018.11.22-03.15.51:941][  0]LogD3D11RHI:    0. 'NVIDIA GeForce GTX 980 Ti' (Feature Level 11_0)
[2018.11.22-03.15.51:941][  0]LogD3D11RHI:       6097/0/8152 MB DedicatedVideo/DedicatedSystem/SharedSystem, Outputs:1, VendorId:0x10de
[2018.11.22-03.15.51:944][  0]LogD3D11RHI:    1. 'Microsoft Basic Render Driver' (Feature Level 11_0)
[2018.11.22-03.15.51:944][  0]LogD3D11RHI:       0/0/8152 MB DedicatedVideo/DedicatedSystem/SharedSystem, Outputs:0, VendorId:0x1414
[2018.11.22-03.15.51:944][  0]LogD3D11RHI: Chosen D3D11 Adapter: 0
[2018.11.22-03.15.51:953][  0]LogD3D11RHI: Creating new Direct3DDevice
[2018.11.22-03.15.51:953][  0]LogD3D11RHI:     GPU DeviceId: 0x17c8 (for the marketing name, search the web for "GPU Device Id")
[2018.11.22-03.15.51:953][  0]LogWindows: EnumDisplayDevices:
[2018.11.22-03.15.51:953][  0]LogWindows:    0. 'NVIDIA GeForce GTX 980 Ti' (P:1 D:1)
[2018.11.22-03.15.51:953][  0]LogWindows:    1. 'NVIDIA GeForce GTX 980 Ti' (P:0 D:0)
[2018.11.22-03.15.51:954][  0]LogWindows:    2. 'NVIDIA GeForce GTX 980 Ti' (P:0 D:0)
[2018.11.22-03.15.51:954][  0]LogWindows:    3. 'NVIDIA GeForce GTX 980 Ti' (P:0 D:0)
[2018.11.22-03.15.51:954][  0]LogWindows: DebugString: FoundDriverCount:4 
[2018.11.22-03.15.51:954][  0]LogD3D11RHI:     Adapter Name: NVIDIA GeForce GTX 980 Ti
[2018.11.22-03.15.51:954][  0]LogD3D11RHI:   Driver Version: 416.81 (internal:25.21.14.1681, unified:416.81)
[2018.11.22-03.15.51:954][  0]LogD3D11RHI:      Driver Date: 11-2-2018
[2018.11.22-03.15.51:954][  0]LogRHI: Texture pool is 4268 MB (70% of 6097 MB)
[2018.11.22-03.15.52:014][  0]LogD3D11RHI: Async texture creation enabled
[2018.11.22-03.15.52:046][  0]LogD3D11RHI: GPU Timing Frequency: 1000.000000 (Debug: 2 2)
[2018.11.22-03.15.52:048][  0]LogShaderCompilers: Guid format shader working directory is -14 characters bigger than the processId version (C:/Users/Marcellano/Desktop/AssetPipeMaster01/APsec1LargeCityBase/Intermediate/Shaders/WorkingDirectory/8052/).
[2018.11.22-03.15.52:048][  0]LogShaderCompilers: Cleaned the shader compiler working directory 'C:/Users/Marcellano/AppData/Local/Temp/UnrealShaderWorkingDir/2AF09ED24211CB0381CC05A2BECCA7BB/'.
[2018.11.22-03.15.52:383][  0]LogTemp: Display: Loaded TP AllDesktopTargetPlatform
[2018.11.22-03.15.52:399][  0]LogTemp: Display: Loaded TP MacClientTargetPlatform
[2018.11.22-03.15.52:414][  0]LogTemp: Display: Loaded TP MacNoEditorTargetPlatform
[2018.11.22-03.15.52:430][  0]LogTemp: Display: Loaded TP MacServerTargetPlatform
[2018.11.22-03.15.52:445][  0]LogTemp: Display: Loaded TP MacTargetPlatform
[2018.11.22-03.15.52:461][  0]LogTemp: Display: Loaded TP WindowsClientTargetPlatform
[2018.11.22-03.15.52:476][  0]LogTemp: Display: Loaded TP WindowsNoEditorTargetPlatform
[2018.11.22-03.15.52:491][  0]LogTemp: Display: Loaded TP WindowsServerTargetPlatform
[2018.11.22-03.15.52:499][  0]LogTemp: Display: Loaded TP WindowsTargetPlatform
[2018.11.22-03.15.52:584][  0]LogTemp: Display: Loaded TP AndroidTargetPlatform
[2018.11.22-03.15.52:584][  0]LogTemp: Display: Loaded TP AndroidTargetPlatform
[2018.11.22-03.15.52:584][  0]LogTemp: Display: Loaded TP AndroidTargetPlatform
[2018.11.22-03.15.52:584][  0]LogTemp: Display: Loaded TP AndroidTargetPlatform
[2018.11.22-03.15.52:584][  0]LogTemp: Display: Loaded TP AndroidTargetPlatform
[2018.11.22-03.15.52:584][  0]LogTemp: Display: Loaded TP AndroidTargetPlatform
[2018.11.22-03.15.52:584][  0]LogTemp: Display: Loaded TP AndroidTargetPlatform
[2018.11.22-03.15.52:584][  0]LogTemp: Display: Loaded TP AndroidTargetPlatform
[2018.11.22-03.15.52:584][  0]LogTemp: Display: Loaded TP AndroidTargetPlatform
[2018.11.22-03.15.52:584][  0]LogTemp: Display: Loaded TP AndroidTargetPlatform
[2018.11.22-03.15.52:584][  0]LogTemp: Display: Loaded TP AndroidTargetPlatform
[2018.11.22-03.15.52:584][  0]LogTemp: Display: Loaded TP AndroidTargetPlatform
[2018.11.22-03.15.52:584][  0]LogTemp: Display: Loaded TP AndroidTargetPlatform
[2018.11.22-03.15.52:584][  0]LogTemp: Display: Loaded TP AndroidTargetPlatform
[2018.11.22-03.15.52:584][  0]LogTemp: Display: Loaded TP AndroidTargetPlatform
[2018.11.22-03.15.52:584][  0]LogTemp: Display: Loaded TP AndroidTargetPlatform
[2018.11.22-03.15.52:584][  0]LogTemp: Display: Loaded TP AndroidTargetPlatform
[2018.11.22-03.15.52:584][  0]LogTemp: Display: Loaded TP AndroidTargetPlatform
[2018.11.22-03.15.52:586][  0]LogTemp: Display: Loaded TP HTML5TargetPlatform
[2018.11.22-03.15.52:651][  0]LogTemp: Display: Loaded TP IOSTargetPlatform
[2018.11.22-03.15.52:651][  0]LogTemp: Display: Loaded TP IOSTargetPlatform
[2018.11.22-03.15.52:677][  0]LogTemp: Display: Loaded TP TVOSTargetPlatform
[2018.11.22-03.15.52:677][  0]LogTemp: Display: Loaded TP TVOSTargetPlatform
[2018.11.22-03.15.52:691][  0]LogTemp: Display: Loaded TP LinuxClientTargetPlatform
[2018.11.22-03.15.52:705][  0]LogTemp: Display: Loaded TP LinuxNoEditorTargetPlatform
[2018.11.22-03.15.52:720][  0]LogTemp: Display: Loaded TP LinuxServerTargetPlatform
[2018.11.22-03.15.52:735][  0]LogTemp: Display: Loaded TP LinuxTargetPlatform
[2018.11.22-03.15.52:746][  0]LogTemp: Display: Loaded TP LuminTargetPlatform
[2018.11.22-03.15.52:746][  0]LogTargetPlatformManager: Display: Building Assets For Windows
[2018.11.22-03.15.52:827][  0]LogXGEController: Cleaning working directory: C:/Users/Marcellano/AppData/Local/Temp/UnrealXGEWorkingDir/
[2018.11.22-03.15.52:827][  0]LogXGEController: Cannot use XGE Controller as Incredibuild is not installed on this machine.
[2018.11.22-03.15.52:827][  0]LogShaderCompilers: Cannot use XGE Shader Compiler as Incredibuild is not installed on this machine.
[2018.11.22-03.15.52:828][  0]LogShaderCompilers: Display: Using Local Shader Compiler.
[2018.11.22-03.15.53:669][  0]LogDerivedDataCache: Display: Max Cache Size: 512 MB
[2018.11.22-03.15.53:765][  0]LogDerivedDataCache: Loaded boot cache 0.10s 71MB C:/Users/Marcellano/AppData/Local/UnrealEngine/4.20/DerivedDataCache/Boot.ddc.
[2018.11.22-03.15.53:766][  0]LogDerivedDataCache: Display: Loaded Boot cache: C:/Users/Marcellano/AppData/Local/UnrealEngine/4.20/DerivedDataCache/Boot.ddc
[2018.11.22-03.15.53:767][  0]LogDerivedDataCache: FDerivedDataBackendGraph:  Pak pak cache file C:/Users/Marcellano/Desktop/AssetPipeMaster01/APsec1LargeCityBase/DerivedDataCache/DDC.ddp not found, will not use a pak cache.
[2018.11.22-03.15.53:767][  0]LogDerivedDataCache: Unable to find inner node Pak for hierarchical cache Hierarchy.
[2018.11.22-03.15.53:767][  0]LogDerivedDataCache: FDerivedDataBackendGraph:  CompressedPak pak cache file C:/Users/Marcellano/Desktop/AssetPipeMaster01/APsec1LargeCityBase/DerivedDataCache/Compressed.ddp not found, will not use a pak cache.
[2018.11.22-03.15.53:767][  0]LogDerivedDataCache: Unable to find inner node CompressedPak for hierarchical cache Hierarchy.
[2018.11.22-03.15.53:780][  0]LogDerivedDataCache: Display: Pak cache opened for reading ../../../Engine/DerivedDataCache/Compressed.ddp.
[2018.11.22-03.15.53:793][  0]LogDerivedDataCache: Using Local data cache path C:/Users/Marcellano/AppData/Local/UnrealEngine/Common/DerivedDataCache: Writable
[2018.11.22-03.15.53:793][  0]LogDerivedDataCache: Shared data cache path not found in *engine.ini, will not use an Shared cache.
[2018.11.22-03.15.53:793][  0]LogDerivedDataCache: Unable to find inner node Shared for hierarchical cache Hierarchy.
[2018.11.22-03.15.53:814][  0]LogMaterial: Verifying Global Shaders for PCD3D_SM5
[2018.11.22-03.15.53:815][  0]LogSlate: Using FreeType 2.6.0
[2018.11.22-03.15.53:817][  0]LogSlate: SlateFontServices - WITH_FREETYPE: 1, WITH_HARFBUZZ: 1
[2018.11.22-03.15.53:919][  0]LogAssetRegistry: FAssetRegistry took 0.0272 seconds to start up
[2018.11.22-03.15.54:352][  0]LogInit: Selected Device Profile: [Windows]
[2018.11.22-03.15.54:511][  0]LogSimplygon: Simplygon DLL not present - disabling.
[2018.11.22-03.15.54:517][  0]LogMeshReduction: Using SimplygonSwarm for distributed automatic mesh merging
[2018.11.22-03.15.54:517][  0]LogMeshReduction: Using ProxyLODMeshReduction for automatic mesh merging
[2018.11.22-03.15.54:517][  0]LogMeshReduction: Using QuadricMeshReduction for automatic static mesh reduction
[2018.11.22-03.15.54:517][  0]LogMeshReduction: No automatic skeletal mesh reduction module available
[2018.11.22-03.15.54:535][  0]LogNetVersion: APsec1LargeCityBase 1.0.0, NetCL: 4212847, EngineNetVer: 5, GameNetVer: 0 (Checksum: 1121110827)
[2018.11.22-03.15.55:122][  0]LogPackageLocalizationCache: Processed 11 localized package path(s) for 2 prioritized culture(s) in 0.098124 seconds
[2018.11.22-03.15.55:128][  0]LogUObjectArray: 38425 objects as part of root set at end of initial load.
[2018.11.22-03.15.55:128][  0]LogUObjectAllocator: 6690864 out of 0 bytes used by permanent object pool.
[2018.11.22-03.15.55:128][  0]LogUObjectArray: CloseDisregardForGC: 0/0 objects in disregard for GC pool
[2018.11.22-03.15.56:296][  0]LogTcpMessaging: Initializing TcpMessaging bridge
[2018.11.22-03.15.56:310][  0]LogUdpMessaging: Initializing bridge on interface 0.0.0.0:0 to multicast group 230.0.0.1:6666.
[2018.11.22-03.15.56:470][  0]SourceControl: Source control is disabled
[2018.11.22-03.15.56:470][  0]SourceControl: Source control is disabled
[2018.11.22-03.15.56:473][  0]SourceControl: Source control is disabled
[2018.11.22-03.15.56:474][  0]SourceControl: Source control is disabled
[2018.11.22-03.15.56:662][  0]LogAndroidPermission: UAndroidPermissionCallbackProxy::GetInstance
[2018.11.22-03.15.56:871][  0]LogOcInput: OculusInput pre-init called
[2018.11.22-03.15.56:942][  0]LogEngine: Initializing Engine...
[2018.11.22-03.15.56:943][  0]LogHMD: Failed to initialize OpenVR with code 100
[2018.11.22-03.15.56:945][  0]LogStats: UGameplayTagsManager::ConstructGameplayTagTree: ImportINI prefixes -  0.000 s
[2018.11.22-03.15.56:945][  0]LogStats: UGameplayTagsManager::ConstructGameplayTagTree: Construct from data asset -  0.000 s
[2018.11.22-03.15.56:945][  0]LogStats: UGameplayTagsManager::ConstructGameplayTagTree: ImportINI -  0.000 s
[2018.11.22-03.15.56:945][  0]LogStats: UGameplayTagsManager::ConstructGameplayTagTree: GameplayTagTreeChangedEvent.Broadcast -  0.000 s
[2018.11.22-03.15.57:179][  0]LogInit: Initializing FReadOnlyCVARCache
[2018.11.22-03.15.57:197][  0]LogAIModule: Creating AISystem for world Untitled
[2018.11.22-03.15.57:247][  0]LogInit: XAudio2 using 'Headset Earphone (HyperX 7.1 Audio)' : 2 channels at 48 kHz using 16 bits per sample (channel mask 0x3)
[2018.11.22-03.15.57:263][  0]LogInit: FAudioDevice initialized.
[2018.11.22-03.15.57:263][  0]LogNetVersion: Set ProjectVersion to 1.0.0.0. Version Checksum will be recalculated on next use.
[2018.11.22-03.15.57:394][  0]LogDerivedDataCache: Saved boot cache 0.13s 71MB C:/Users/Marcellano/AppData/Local/UnrealEngine/4.20/DerivedDataCache/Boot.ddc.
[2018.11.22-03.15.57:415][  0]LogInit: Texture streaming: Enabled
[2018.11.22-03.15.57:442][  0]LogEngineSessionManager: EngineSessionManager initialized
[2018.11.22-03.15.57:463][  0]LogInit: Transaction tracking system initialized
[2018.11.22-03.15.57:494][  0]BlueprintLog: New page: Editor Load
[2018.11.22-03.15.57:602][  0]LocalizationService: Localization service is disabled
[2018.11.22-03.15.57:888][  0]LogCook: Display: Max memory allowance for cook 16384mb min free memory 0mb
[2018.11.22-03.15.57:888][  0]LogCook: Display: Mobile HDR setting 1
[2018.11.22-03.15.57:888][  0]LogGameplayTags: Display: UGameplayTagsManager::DoneAddingNativeTags. DelegateIsBound: 0
[2018.11.22-03.15.57:888][  0]LogStats: UGameplayTagsManager::ConstructGameplayTagTree: ImportINI prefixes -  0.000 s
[2018.11.22-03.15.57:888][  0]LogStats: UGameplayTagsManager::ConstructGameplayTagTree: Construct from data asset -  0.000 s
[2018.11.22-03.15.57:888][  0]LogStats: UGameplayTagsManager::ConstructGameplayTagTree: ImportINI -  0.000 s
[2018.11.22-03.15.57:888][  0]LogStats: UGameplayTagsManager::ConstructGameplayTagTree: GameplayTagTreeChangedEvent.Broadcast -  0.000 s
[2018.11.22-03.15.58:039][  0]LogFileCache: Scanning file cache for directory 'C:/Users/Marcellano/Desktop/AssetPipeMaster01/APsec1LargeCityBase/Content/' took 0.02s
[2018.11.22-03.15.58:039][  0]SourceControl: Source control is disabled
[2018.11.22-03.15.58:039][  0]Cmd: MAP LOAD FILE="../../../Engine/Content/Maps/Templates/Template_Default.umap" TEMPLATE=1 SHOWPROGRESS=1 FEATURELEVEL=3
[2018.11.22-03.15.58:040][  0]LightingResults: New page: Lighting Build
[2018.11.22-03.15.58:043][  0]MapCheck: New page: Map Check
[2018.11.22-03.15.58:043][  0]LightingResults: New page: Lighting Build
[2018.11.22-03.15.58:315][  0]LogAIModule: Creating AISystem for world Untitled_1
[2018.11.22-03.15.58:323][  0]LogEditorServer: Finished looking for orphan Actors (0.000 secs)
[2018.11.22-03.15.58:350][  0]Cmd: MAP CHECKDEP NOCLEARLOG
[2018.11.22-03.15.58:451][  0]MapCheck: Map check complete: 0 Error(s), 0 Warning(s), took 100.524ms to complete.
[2018.11.22-03.15.58:451][  0]LogFileHelpers: Loading map 'Template_Default' took 0.412
[2018.11.22-03.15.58:554][  0]LogSlate: Updating window title bar state: overlay mode, drag disabled, window buttons hidden, title bar hidden
[2018.11.22-03.15.58:562][  0]LogSlate: Updating window title bar state: overlay mode, drag disabled, window buttons hidden, title bar hidden
[2018.11.22-03.15.58:571][  0]LogSlate: Updating window title bar state: overlay mode, drag disabled, window buttons hidden, title bar hidden
[2018.11.22-03.15.58:579][  0]LogSlate: Updating window title bar state: overlay mode, drag disabled, window buttons hidden, title bar hidden
[2018.11.22-03.15.58:588][  0]LogCollectionManager: Loaded 0 collections in 0.002602 seconds
[2018.11.22-03.15.58:630][  0]LogFileCache: Scanning file cache for directory 'C:/Users/Marcellano/Desktop/AssetPipeMaster01/APsec1LargeCityBase/Saved/Collections/' took 0.01s
[2018.11.22-03.15.58:630][  0]LogFileCache: Scanning file cache for directory 'C:/Users/Marcellano/Desktop/AssetPipeMaster01/APsec1LargeCityBase/Content/Developers/Marcellano/Collections/' took 0.01s
[2018.11.22-03.15.58:630][  0]LogFileCache: Scanning file cache for directory 'C:/Users/Marcellano/Desktop/AssetPipeMaster01/APsec1LargeCityBase/Content/Collections/' took 0.01s
[2018.11.22-03.15.58:630][  0]LogCollectionManager: Rebuilt the GUID cache for 0 collections in 0.000001 seconds
[2018.11.22-03.15.58:641][  0]LogContentBrowser: Native class hierarchy populated in 0.0105 seconds. Added 2572 classes and 603 folders.
[2018.11.22-03.15.58:649][  0]LogContentBrowser: Native class hierarchy updated for 'WidgetCarousel' in 0.0002 seconds. Added 0 classes and 0 folders.
[2018.11.22-03.15.58:747][  0]LogContentBrowser: Native class hierarchy updated for 'AddContentDialog' in 0.0003 seconds. Added 0 classes and 0 folders.
[2018.11.22-03.15.58:754][  0]LogContentBrowser: Native class hierarchy updated for 'SceneOutliner' in 0.0003 seconds. Added 1 classes and 2 folders.
[2018.11.22-03.15.58:775][  0]LogSlate: Took 0.000332 seconds to synchronously load lazily loaded font '../../../Engine/Content/Slate/Fonts/Roboto-Regular.ttf' (155K)
[2018.11.22-03.15.58:778][  0]LogSlate: Took 0.000280 seconds to synchronously load lazily loaded font '../../../Engine/Content/Slate/Fonts/Roboto-Bold.ttf' (160K)
[2018.11.22-03.15.58:783][  0]LogSlate: Took 0.000359 seconds to synchronously load lazily loaded font '../../../Engine/Content/Editor/Slate/Fonts/FontAwesome.ttf' (139K)
[2018.11.22-03.15.58:868][  0]LogRenderer: Reallocating scene render targets to support 1208x340 Format 10 NumSamples 1 (Frame:1).
[2018.11.22-03.15.59:004][  0]LogContentBrowser: Native class hierarchy updated for 'HierarchicalLODOutliner' in 0.0003 seconds. Added 0 classes and 0 folders.
[2018.11.22-03.15.59:004][  0]LogLoad: (Engine Initialization) Total time: 11.21 seconds
[2018.11.22-03.15.59:004][  0]LogLoad: (Engine Initialization) Total Blueprint compile time: 0.00 seconds
[2018.11.22-03.15.59:015][  0]LogWindowsTextInputMethodSystem: Display: IME system now deactivated.
[2018.11.22-03.15.59:048][  0]LogContentStreaming: Texture pool size now 1000 MB
[2018.11.22-03.15.59:085][  1]LogFileCache: Retrieving MD5 hashes for directory 'C:/Users/Marcellano/Desktop/AssetPipeMaster01/APsec1LargeCityBase/Content/' took 0.06s
[2018.11.22-03.15.59:103][  1]LogAssetRegistry: Asset discovery search completed in 5.2067 seconds
[2018.11.22-03.15.59:105][  1]LogCollectionManager: Rebuilt the object cache for 0 collections in 0.000001 seconds (found 0 objects)
[2018.11.22-03.15.59:105][  1]LogCollectionManager: Fixed up redirectors for 0 collections in 0.000049 seconds (updated 0 objects)
[2018.11.22-03.16.03:080][473]LogSlate: Took 0.000449 seconds to synchronously load lazily loaded font '../../../Engine/Content/Slate/Fonts/Roboto-Light.ttf' (167K)
[2018.11.22-03.16.05:575][770]LogSlate: FSceneViewport::OnFocusLost() reason 0
[2018.11.22-03.16.13:452][618]LogSlate: Took 0.000468 seconds to synchronously load lazily loaded font '../../../Engine/Content/Slate/Fonts/Roboto-Light.ttf' (167K)
[2018.11.22-03.16.13:557][618]LogLinker: Warning: Can't find file '/Game/Textured_Blocks_Level/Wooden_Texture_01'
[2018.11.22-03.16.13:557][618]LogLinker: Warning: Can't find file for asset '/Game/Textured_Blocks_Level/Wooden_Texture_01' while loading C:/Users/Marcellano/Desktop/AssetPipeMaster01/APsec1LargeCityBase/Content/Marcellano_Mascarenas/Block_01_textured.uasset.
[2018.11.22-03.16.13:557][618]LoadErrors: Error: /Game/Marcellano_Mascarenas/Block_01_textured : Can't find file for asset. /Game/Textured_Blocks_Level/Wooden_Texture_01
[2018.11.22-03.16.13:557][618]LogLinker: Warning: Can't find file '/Game/Textured_Blocks_Level/Wooden_Texture_01'
[2018.11.22-03.16.13:558][618]LogLinker: Warning: Can't find file for asset '/Game/Textured_Blocks_Level/Wooden_Texture_01' while loading C:/Users/Marcellano/Desktop/AssetPipeMaster01/APsec1LargeCityBase/Content/Marcellano_Mascarenas/Block_01_textured.uasset.
[2018.11.22-03.16.13:564][618]LogLinker: Warning: Can't find file '/Game/Car/blinn3SG'
[2018.11.22-03.16.13:564][618]LogLinker: Warning: Can't find file for asset '/Game/Car/blinn3SG' while loading C:/Users/Marcellano/Desktop/AssetPipeMaster01/APsec1LargeCityBase/Content/Marcellano_Mascarenas/Car/Car_Parts_pCube2.uasset.
[2018.11.22-03.16.13:564][618]LoadErrors: Error: /Game/Marcellano_Mascarenas/Car/Car_Parts_pCube2 : Can't find file for asset. /Game/Car/blinn3SG
[2018.11.22-03.16.13:564][618]LogLinker: Warning: Can't find file '/Game/Car/blinn3SG'
[2018.11.22-03.16.13:564][618]LogLinker: Warning: Can't find file for asset '/Game/Car/blinn3SG' while loading C:/Users/Marcellano/Desktop/AssetPipeMaster01/APsec1LargeCityBase/Content/Marcellano_Mascarenas/Car/Car_Parts_pCube2.uasset.
[2018.11.22-03.16.13:565][618]LogLinker: Warning: Can't find file '/Game/Car/blinn4SG'
[2018.11.22-03.16.13:565][618]LogLinker: Warning: Can't find file for asset '/Game/Car/blinn4SG' while loading C:/Users/Marcellano/Desktop/AssetPipeMaster01/APsec1LargeCityBase/Content/Marcellano_Mascarenas/Car/Car_Parts_polySurface1.uasset.
[2018.11.22-03.16.13:565][618]LoadErrors: Error: /Game/Marcellano_Mascarenas/Car/Car_Parts_polySurface1 : Can't find file for asset. /Game/Car/blinn4SG
[2018.11.22-03.16.13:566][618]LogLinker: Warning: Can't find file '/Game/Car/blinn4SG'
[2018.11.22-03.16.13:566][618]LogLinker: Warning: Can't find file for asset '/Game/Car/blinn4SG' while loading C:/Users/Marcellano/Desktop/AssetPipeMaster01/APsec1LargeCityBase/Content/Marcellano_Mascarenas/Car/Car_Parts_polySurface1.uasset.
[2018.11.22-03.16.13:568][618]LogLinker: Warning: Can't find file '/Game/Car/blinn4SG'
[2018.11.22-03.16.13:568][618]LogLinker: Warning: Can't find file for asset '/Game/Car/blinn4SG' while loading C:/Users/Marcellano/Desktop/AssetPipeMaster01/APsec1LargeCityBase/Content/Marcellano_Mascarenas/Car/Car_Parts_polySurface2.uasset.
[2018.11.22-03.16.13:568][618]LoadErrors: Error: /Game/Marcellano_Mascarenas/Car/Car_Parts_polySurface2 : Can't find file for asset. /Game/Car/blinn4SG
[2018.11.22-03.16.13:568][618]LogLinker: Warning: Can't find file '/Game/Car/blinn4SG'
[2018.11.22-03.16.13:568][618]LogLinker: Warning: Can't find file for asset '/Game/Car/blinn4SG' while loading C:/Users/Marcellano/Desktop/AssetPipeMaster01/APsec1LargeCityBase/Content/Marcellano_Mascarenas/Car/Car_Parts_polySurface2.uasset.
[2018.11.22-03.16.13:798][618]LogLinker: Warning: Can't find file '/Game/Car/blinn4SG'
[2018.11.22-03.16.13:798][618]LoadErrors: Failed to load /Game/Car/blinn4SG.blinn4SG Referenced by Car_Parts_polySurface2
[2018.11.22-03.16.13:799][618]LogLinker: Warning: Can't find file for asset '/Game/Car/blinn4SG' while loading NULL.
[2018.11.22-03.16.13:799][618]LogLinker: Warning: Can't find file '/Game/Car/blinn4SG'
[2018.11.22-03.16.13:799][618]LogLinker: Warning: Can't find file for asset '/Game/Car/blinn4SG' while loading NULL.
[2018.11.22-03.16.13:800][618]LogLinker: Warning: Can't find file '/Game/Car/blinn4SG'
[2018.11.22-03.16.13:800][618]LoadErrors: Failed to load /Game/Car/blinn4SG.blinn4SG Referenced by Car_Parts_polySurface1
[2018.11.22-03.16.13:800][618]LogLinker: Warning: Can't find file for asset '/Game/Car/blinn4SG' while loading NULL.
[2018.11.22-03.16.13:800][618]LogLinker: Warning: Can't find file '/Game/Car/blinn4SG'
[2018.11.22-03.16.13:800][618]LogLinker: Warning: Can't find file for asset '/Game/Car/blinn4SG' while loading NULL.
[2018.11.22-03.16.13:801][618]LogLinker: Warning: Can't find file '/Game/Car/blinn3SG'
[2018.11.22-03.16.13:801][618]LoadErrors: Failed to load /Game/Car/blinn3SG.blinn3SG Referenced by Car_Parts_pCube2
[2018.11.22-03.16.13:801][618]LogLinker: Warning: Can't find file for asset '/Game/Car/blinn3SG' while loading NULL.
[2018.11.22-03.16.13:801][618]LogLinker: Warning: Can't find file '/Game/Car/blinn3SG'
[2018.11.22-03.16.13:802][618]LogLinker: Warning: Can't find file for asset '/Game/Car/blinn3SG' while loading NULL.
[2018.11.22-03.16.13:803][618]LogLinker: Warning: Can't find file '/Game/Textured_Blocks_Level/Wooden_Texture_01'
[2018.11.22-03.16.13:803][618]LoadErrors: Failed to load /Game/Textured_Blocks_Level/Wooden_Texture_01.Wooden_Texture_01 Referenced by Block_01_textured
[2018.11.22-03.16.13:803][618]LogLinker: Warning: Can't find file for asset '/Game/Textured_Blocks_Level/Wooden_Texture_01' while loading NULL.
[2018.11.22-03.16.13:803][618]LogLinker: Warning: Can't find file '/Game/Textured_Blocks_Level/Wooden_Texture_01'
[2018.11.22-03.16.13:803][618]LogLinker: Warning: Can't find file for asset '/Game/Textured_Blocks_Level/Wooden_Texture_01' while loading NULL.
[2018.11.22-03.16.14:029][618]LogAIModule: Creating AISystem for world StreetSceneLarge_MMM_01
[2018.11.22-03.16.14:061][618]LogAssetEditorManager: Opening Asset editor for World /Game/StreetSceneLarge_MMM_01.StreetSceneLarge_MMM_01
[2018.11.22-03.16.14:099][618]Cmd: MAP LOAD FILE="C:/Users/Marcellano/Desktop/AssetPipeMaster01/APsec1LargeCityBase/Content/StreetSceneLarge_MMM_01.umap" TEMPLATE=0 SHOWPROGRESS=1 FEATURELEVEL=3
[2018.11.22-03.16.14:099][618]LightingResults: New page: Lighting Build
[2018.11.22-03.16.14:099][618]LoadErrors: New page: Loading map: StreetSceneLarge_MMM_01.umap
[2018.11.22-03.16.14:100][618]MapCheck: New page: Map Check
[2018.11.22-03.16.14:100][618]LightingResults: New page: Lighting Build
[2018.11.22-03.16.14:162][618]LogEditorServer: Finished looking for orphan Actors (0.000 secs)
[2018.11.22-03.16.14:219][618]Cmd: MAP CHECKDEP NOCLEARLOG
[2018.11.22-03.16.14:348][618]MapCheck: Map check complete: 0 Error(s), 0 Warning(s), took 128.583ms to complete.
[2018.11.22-03.16.14:349][618]LogFileHelpers: Loading map 'StreetSceneLarge_MMM_01' took 0.251
[2018.11.22-03.16.21:776][397]LogSlate: FSceneViewport::OnFocusLost() reason 2
[2018.11.22-03.16.22:920][520]MapCheck: New page: Map Check
[2018.11.22-03.16.22:929][520]LogSlate: FSceneViewport::OnFocusLost() reason 2
[2018.11.22-03.16.22:932][520]LightingResults: New page: Lighting Build - Nov 21, 2018, 1:16:22 PM
[2018.11.22-03.16.22:986][520]LogSwarmInterface: [OpenConnection] Registering TCP channel ...
[2018.11.22-03.16.23:110][520]LogSwarmInterface: [OpenConnection] Connecting to agent ...
[2018.11.22-03.16.23:125][520]LogSwarmInterface: [TryOpenConnection] Testing the Agent
[2018.11.22-03.16.23:635][520]LogSwarmInterface: [TryOpenConnection] Opening Connection to Agent
[2018.11.22-03.16.23:636][520]LogSwarmInterface: [TryOpenConnection] Local Process ID is 8052
[2018.11.22-03.16.28:184][520]LogStaticLightingSystem: Warning: No importance volume found, so the scene bounding box was used.  You can optimize your scene's quality and lighting build times by adding importance volumes.
[2018.11.22-03.16.28:185][520]LogStaticLightingSystem: Running Lightmass w/ ImmediateImport mode ENABLED
[2018.11.22-03.16.28:185][520]LogStaticLightingSystem: Running Lightmass w/ ImmediateProcess mode ENABLED
[2018.11.22-03.16.28:185][520]LogStaticLightingSystem: Running Lightmass w/ Sorting mode ENABLED
[2018.11.22-03.16.28:185][520]LogStaticLightingSystem: Running Lightmass w/ Mapping paddings ENABLED
[2018.11.22-03.16.28:185][520]LogStaticLightingSystem: Running Lightmass w/ Mapping debug paddings DISABLED
[2018.11.22-03.16.28:376][520]LogEditorBuildUtils: Build time 0:05
[2018.11.22-03.17.15:135][669]LightingResults: Warning: EP_Arch Object has overlapping UVs.
[2018.11.22-03.17.15:135][669]LightingResults: EP_Arch Lightmap UV are overlapping by 52.3%. Please adjust content - Enable Error Coloring to visualize.
[2018.11.22-03.17.26:079][167]LightingResults: Warning: newUvModel Object has overlapping UVs.
[2018.11.22-03.17.26:079][167]LightingResults: newUvModel Lightmap UV are overlapping by 50.0%. Please adjust content - Enable Error Coloring to visualize.
[2018.11.22-03.17.50:041][252]LightingResults: Warning: EP_Arch Object has overlapping UVs.
[2018.11.22-03.17.50:041][252]LightingResults: EP_Arch Lightmap UV are overlapping by 52.3%. Please adjust content - Enable Error Coloring to visualize.
[2018.11.22-03.18.17:756][ 10]Job is a success!
[2018.11.22-03.18.18:175][ 11]LogVolumetricLightmapImport: Imported Volumetric Lightmap in 0.046s
[2018.11.22-03.18.18:175][ 11]LogVolumetricLightmapImport:      Indirection Texture 16x16x16 = 0.0Mb
[2018.11.22-03.18.18:175][ 11]LogVolumetricLightmapImport:      BrickData 1280x10x5 = 2.3Mb (trimmed 0.0Mb due to 0.010000 MinBrickError)
[2018.11.22-03.18.18:175][ 11]LogVolumetricLightmapImport:      Bricks at Level
[2018.11.22-03.18.18:175][ 11]LogVolumetricLightmapImport:          0: 0.4% covering 100.0% of volume
[2018.11.22-03.18.18:175][ 11]LogVolumetricLightmapImport:          1: 3.1% covering 12.5% of volume
[2018.11.22-03.18.18:175][ 11]LogVolumetricLightmapImport:          2: 96.5% covering 6.1% of volume
[2018.11.22-03.18.18:523][ 11]LogMaterial: Warning: Material /Game/Human4Size/M_WBchar_MACH.M_WBchar_MACH needed to have new flag set bUsedWithStaticLighting !
[2018.11.22-03.18.18:528][ 11]LogMaterial: Display: Missing cached shader map for material M_WBchar_MACH, compiling. 
[2018.11.22-03.18.18:610][ 11]LogShaderCompilers: Display: Shaders left to compile 31
[2018.11.22-03.18.18:610][ 11]LogShaderCompilers: Display: Shaders left to compile 21
[2018.11.22-03.18.18:610][ 11]LogShaderCompilers: Display: Shaders left to compile 11
[2018.11.22-03.18.18:610][ 11]LogShaderCompilers: Display: Shaders left to compile 1
[2018.11.22-03.18.20:368][ 11]LogTexture: Display: Building textures: HQ_Lightmap0_1 (AutoDXT, 1024X1024)
[2018.11.22-03.18.20:369][ 11]LogTexture: Display: Building textures: LQ_Lightmap_0_1 (DXT1, 1024X1024)
[2018.11.22-03.18.20:369][ 11]LogTexture: Display: Building textures: HQ_Lightmap0_2 (AutoDXT, 1024X1024)
[2018.11.22-03.18.20:369][ 11]LogTexture: Display: Building textures: LQ_Lightmap_0_2 (DXT1, 1024X1024)
[2018.11.22-03.18.20:369][ 11]LogTexture: Display: Building textures: HQ_Lightmap0_3 (AutoDXT, 1024X1024)
[2018.11.22-03.18.20:369][ 11]LogTexture: Display: Building textures: LQ_Lightmap_0_3 (DXT1, 1024X1024)
[2018.11.22-03.18.20:369][ 11]LogTexture: Display: Building textures: HQ_Lightmap0_4 (AutoDXT, 1024X1024)
[2018.11.22-03.18.20:369][ 11]LogTexture: Display: Building textures: LQ_Lightmap_0_4 (DXT1, 1024X1024)
[2018.11.22-03.18.20:369][ 11]LogTexture: Display: Building textures: HQ_Lightmap0_5 (AutoDXT, 1024X1024)
[2018.11.22-03.18.20:369][ 11]LogTexture: Display: Building textures: LQ_Lightmap_0_5 (DXT1, 1024X1024)
[2018.11.22-03.18.20:369][ 11]LogTexture: Display: Building textures: HQ_Lightmap0_6 (AutoDXT, 1024X1024)
[2018.11.22-03.18.20:369][ 11]LogTexture: Display: Building textures: LQ_Lightmap_0_6 (DXT1, 1024X1024)
[2018.11.22-03.18.20:369][ 11]LogTexture: Display: Building textures: HQ_Lightmap0_7 (AutoDXT, 64X64)
[2018.11.22-03.18.20:369][ 11]LogTexture: Display: Building textures: LQ_Lightmap_0_7 (DXT1, 64X64)
[2018.11.22-03.18.20:569][ 11]LogTexture: Display: Building textures: ShadowMapTexture2D_3 (G8, 32X32)
[2018.11.22-03.18.20:774][ 11]LogTexture: Display: Building textures: ShadowMapTexture2D_1 (BGRA8, 1024X1024)
[2018.11.22-03.18.20:774][ 11]LogTexture: Display: Building textures: ShadowMapTexture2D_0 (G8, 1024X1024)
[2018.11.22-03.18.20:774][ 11]LogTexture: Display: Building textures: ShadowMapTexture2D_2 (BGRA8, 1024X1024)
[2018.11.22-03.18.20:832][ 11]Lightmass on NANO: 1:51 min total, 249 ms importing, 166 ms setup, 6.63 sec photons, 1:44 min processing, 0 ms extra exporting [672/672 mappings]. Threads: 19:09 min total, 15:11 min processing.
[2018.11.22-03.18.20:901][ 11]LogStaticLightingSystem: Illumination: 1:57 min (1.75 sec encoding lightmaps, 405 ms encoding shadowmaps)
[2018.11.22-03.18.20:901][ 11]LogStaticLightingSystem: Lightmap texture memory:  12.0 MB (12.0 MB streaming, 0.0 MB non-streaming), 14 textures
[2018.11.22-03.18.20:901][ 11]LogStaticLightingSystem: Shadowmap texture memory: 12.0 MB (12.0 MB streaming, 0.0 MB non-streaming), 4 textures
[2018.11.22-03.18.21:256][ 11]DumpUnbuiltLightIteractions
[2018.11.22-03.18.21:257][ 11]Lights with unbuilt interactions: 0
[2018.11.22-03.18.21:257][ 11]
[2018.11.22-03.18.21:257][ 11]Primitives with unbuilt interactions: 0
[2018.11.22-03.18.23:696][ 12]Cmd: MAP CHECK NOTIFYRESULTS
[2018.11.22-03.18.23:696][ 12]MapCheck: New page: StreetSceneLarge_MMM_01 - Nov 21, 2018, 1:18:23 PM
[2018.11.22-03.18.23:710][ 12]MapCheck: Warning: newUvModel_5 Static mesh actor has NULL StaticMesh property 
[2018.11.22-03.18.23:710][ 12]MapCheck: Warning: newUvModel_5 Static mesh actor newUvModel_5 has NULL StaticMesh property 
[2018.11.22-03.18.23:847][ 12]MapCheck: Map check complete: 0 Error(s), 2 Warning(s), took 150.874ms to complete.
[2018.11.22-03.18.23:874][ 12]LogSlate: FSceneViewport::OnFocusLost() reason 2
[2018.11.22-03.18.26:553][263]LogSlate: Window 'Message Log' being destroyed
[2018.11.22-03.18.26:558][263]LogSlate: Window 'Message Log' being destroyed
[2018.11.22-03.18.27:287][334]LogSlate: FSceneViewport::OnFocusLost() reason 2
[2018.11.22-03.18.29:233][551]LogSlate: FSceneViewport::OnFocusLost() reason 2
[2018.11.22-03.18.30:261][551]LogSavePackage: Moving 'C:/Users/Marcellano/Desktop/AssetPipeMaster01/APsec1LargeCityBase/Saved/StreetSceneLarge_MMM_0162C7487D4AC7C313DDBDD893002204B4.tmp' to 'C:/Users/Marcellano/Desktop/AssetPipeMaster01/APsec1LargeCityBase/Content/StreetSceneLarge_MMM_01.umap'
[2018.11.22-03.18.30:298][551]Cmd: OBJ SAVEPACKAGE PACKAGE="/Game/StreetSceneLarge_MMM_01_BuiltData" FILE="C:/Users/Marcellano/Desktop/AssetPipeMaster01/APsec1LargeCityBase/Content/StreetSceneLarge_MMM_01_BuiltData.uasset" SILENT=true
[2018.11.22-03.18.30:794][551]LogSavePackage: Moving 'C:/Users/Marcellano/Desktop/AssetPipeMaster01/APsec1LargeCityBase/Saved/StreetSceneLarge_MMM_01_BuiltDat5B89CC8C4738C84EEFECAF9E021F1328.tmp' to 'C:/Users/Marcellano/Desktop/AssetPipeMaster01/APsec1LargeCityBase/Content/StreetSceneLarge_MMM_01_BuiltData.uasset'
[2018.11.22-03.18.33:090][791]LogSlate: FSceneViewport::OnFocusLost() reason 2
[2018.11.22-03.19.06:486][428]LogSlate: FSceneViewport::OnFocusLost() reason 0
