Log file open, 11/19/18 23:20:34
LogWindows: Failed to load 'aqProf.dll' (GetLastError=126)
LogWindows: File 'aqProf.dll' does not exist
LogWindows: Failed to load 'VSPerf140.dll' (GetLastError=126)
LogWindows: File 'VSPerf140.dll' does not exist
LogWindows: Failed to load 'VtuneApi.dll' (GetLastError=126)
LogWindows: File 'VtuneApi.dll' does not exist
LogWindows: Failed to load 'VtuneApi32e.dll' (GetLastError=126)
LogWindows: File 'VtuneApi32e.dll' does not exist
LogInit: Display: Running engine for game: APsec1LargeCityBase
LogPlatformFile: Not using cached read wrapper
LogTaskGraph: Started task graph with 5 named threads and 23 total threads with 3 sets of task threads.
LogStats: Stats thread started at 0.295816
LogD3D11RHI: Loaded GFSDK_Aftermath_Lib.x64.dll
LogICUInternationalization: Display: ICU TimeZone Detection - Raw Offset: -7:00, Platform Override: ''
LogPluginManager: Mounting plugin Paper2D
LogPluginManager: Mounting plugin AISupport
LogPluginManager: Mounting plugin LightPropagationVolume
LogPluginManager: Mounting plugin CLionSourceCodeAccess
LogPluginManager: Mounting plugin CodeLiteSourceCodeAccess
LogPluginManager: Mounting plugin GitSourceControl
LogPluginManager: Mounting plugin KDevelopSourceCodeAccess
LogPluginManager: Mounting plugin NullSourceCodeAccess
LogPluginManager: Mounting plugin PerforceSourceControl
LogPluginManager: Mounting plugin SubversionSourceControl
LogPluginManager: Mounting plugin UObjectPlugin
LogPluginManager: Mounting plugin VisualStudioCodeSourceCodeAccess
LogPluginManager: Mounting plugin VisualStudioSourceCodeAccess
LogPluginManager: Mounting plugin XCodeSourceCodeAccess
LogPluginManager: Mounting plugin AssetManagerEditor
LogPluginManager: Mounting plugin CryptoKeys
LogPluginManager: Mounting plugin DataValidation
LogPluginManager: Mounting plugin FacialAnimation
LogPluginManager: Mounting plugin GameplayTagsEditor
LogPluginManager: Mounting plugin MacGraphicsSwitching
LogPluginManager: Mounting plugin MeshEditor
LogPluginManager: Mounting plugin MobileLauncherProfileWizard
LogPluginManager: Mounting plugin PluginBrowser
LogPluginManager: Mounting plugin SpeedTreeImporter
LogPluginManager: Mounting plugin DatasmithContent
LogPluginManager: Mounting plugin AlembicImporter
LogPluginManager: Mounting plugin AppleImageUtils
LogPluginManager: Mounting plugin AppleVision
LogPluginManager: Mounting plugin BackChannel
LogPluginManager: Mounting plugin CharacterAI
LogPluginManager: Mounting plugin GeometryCache
LogPluginManager: Mounting plugin HTML5Networking
LogPluginManager: Mounting plugin ProxyLODPlugin
LogPluginManager: Mounting plugin MagicLeap
LogPluginManager: Mounting plugin MagicLeapEmulator
LogPluginManager: Mounting plugin MagicLeapMedia
LogPluginManager: Mounting plugin AndroidMedia
LogPluginManager: Mounting plugin AvfMedia
LogPluginManager: Mounting plugin ImgMedia
LogPluginManager: Mounting plugin LinearTimecode
LogPluginManager: Mounting plugin MediaCompositing
LogPluginManager: Mounting plugin MediaPlayerEditor
LogPluginManager: Mounting plugin WmfMedia
LogPluginManager: Mounting plugin TcpMessaging
LogPluginManager: Mounting plugin UdpMessaging
LogPluginManager: Mounting plugin ActorSequence
LogPluginManager: Mounting plugin LevelSequenceEditor
LogPluginManager: Mounting plugin MatineeToLevelSequence
LogPluginManager: Mounting plugin NetcodeUnitTest
LogPluginManager: Mounting plugin NUTUnrealEngine4
LogPluginManager: Mounting plugin OnlineSubsystemGooglePlay
LogPluginManager: Mounting plugin OnlineSubsystemIOS
LogPluginManager: Mounting plugin OnlineSubsystem
LogPluginManager: Mounting plugin OnlineSubsystemNull
LogPluginManager: Mounting plugin OnlineSubsystemUtils
LogPluginManager: Mounting plugin LauncherChunkInstaller
LogPluginManager: Mounting plugin AndroidDeviceProfileSelector
LogPluginManager: Mounting plugin AndroidMoviePlayer
LogPluginManager: Mounting plugin AndroidPermission
LogPluginManager: Mounting plugin AppleMoviePlayer
LogPluginManager: Mounting plugin ArchVisCharacter
LogPluginManager: Mounting plugin AudioCapture
LogPluginManager: Mounting plugin CableComponent
LogPluginManager: Mounting plugin CustomMeshComponent
LogPluginManager: Mounting plugin EditableMesh
LogPluginManager: Mounting plugin ExampleDeviceProfileSelector
LogPluginManager: Mounting plugin GoogleCloudMessaging
LogPluginManager: Mounting plugin ImmediatePhysics
LogPluginManager: Mounting plugin IOSDeviceProfileSelector
LogPluginManager: Mounting plugin LinuxDeviceProfileSelector
LogPluginManager: Mounting plugin LocationServicesBPLibrary
LogPluginManager: Mounting plugin MobilePatchingUtils
LogPluginManager: Mounting plugin OculusVR
LogPluginManager: Plugin shader directory ../../../Engine/Plugins/Runtime/Oculus/OculusVR/Shaders found
LogPluginManager: Mapping shader source directory ../../../Engine/Plugins/Runtime/Oculus/OculusVR/Shaders to virtual directory /Plugin/OculusVR
LogPluginManager: Mounting plugin PhysXVehicles
LogPluginManager: Mounting plugin ProceduralMeshComponent
LogPluginManager: Mounting plugin RuntimePhysXCooking
LogPluginManager: Mounting plugin SteamVR
LogPluginManager: Mounting plugin WindowsMoviePlayer
LogStreaming: Display: Took  0.114s to configure plugins.
LogInit: Using libcurl 7.55.1-DEV
LogInit:  - built for x86_64-pc-win32
LogInit:  - supports SSL with OpenSSL/1.0.2h
LogInit:  - supports HTTP deflate (compression) using libz 1.2.8
LogInit:  - other features:
LogInit:      CURL_VERSION_SSL
LogInit:      CURL_VERSION_LIBZ
LogInit:      CURL_VERSION_IPV6
LogInit:      CURL_VERSION_ASYNCHDNS
LogInit:      CURL_VERSION_LARGEFILE
LogInit:      CURL_VERSION_IDN
LogInit:  CurlRequestOptions (configurable via config and command line):
LogInit:  - bVerifyPeer = false  - Libcurl will NOT verify peer certificate
LogInit:  - bUseHttpProxy = false  - Libcurl will NOT use HTTP proxy
LogInit:  - bDontReuseConnections = false  - Libcurl will reuse connections
LogInit:  - CertBundlePath = nullptr  - Libcurl will use whatever was configured at build time.
LogInit:  - MaxHostConnections = 16  - Libcurl will limit the number of connections to a host
LogInit:  - LocalHostAddr = Default
LogInit:  - BufferSize = 65536
LogInit: WinSock: version 1.1 (2.2), MaxSocks=32767, MaxUdp=65467
LogInit: Build: ++UE4+Release-4.20-CL-4302132
LogInit: Engine Version: 4.20.2-4302132+++UE4+Release-4.20
LogInit: Compatible Engine Version: 4.20.0-4212847+++UE4+Release-4.20
LogInit: Net CL: 4212847
LogInit: OS: Windows 10 (), CPU: Intel(R) Core(TM) i7-6820HQ CPU @ 2.70GHz, GPU: Intel(R) HD Graphics 530
LogInit: Compiled (64-bit): Aug 21 2018 02:06:06
LogInit: Compiled with Visual C++: 19.13.26129.00
LogInit: Build Configuration: Development
LogInit: Branch Name: ++UE4+Release-4.20
LogInit: Command Line:  
LogInit: Base Directory: C:/Program Files/Epic Games/UE_4.20/Engine/Binaries/Win64/
LogInit: Installed Engine Build: 1
LogDevObjectVersion: Number of dev versions registered: 20
LogDevObjectVersion:   Dev-Blueprints (B0D832E4-1F89-4F0D-ACCF-7EB736FD4AA2): 10
LogDevObjectVersion:   Dev-Build (E1C64328-A22C-4D53-A36C-8E866417BD8C): 0
LogDevObjectVersion:   Dev-Core (375EC13C-06E4-48FB-B500-84F0262A717E): 2
LogDevObjectVersion:   Dev-Editor (E4B068ED-F494-42E9-A231-DA0B2E46BB41): 24
LogDevObjectVersion:   Dev-Framework (CFFC743F-43B0-4480-9391-14DF171D2073): 34
LogDevObjectVersion:   Dev-Mobile (B02B49B5-BB20-44E9-A304-32B752E40360): 2
LogDevObjectVersion:   Dev-Networking (A4E4105C-59A1-49B5-A7C5-40C4547EDFEE): 0
LogDevObjectVersion:   Dev-Online (39C831C9-5AE6-47DC-9A44-9C173E1C8E7C): 0
LogDevObjectVersion:   Dev-Physics (78F01B33-EBEA-4F98-B9B4-84EACCB95AA2): 0
LogDevObjectVersion:   Dev-Platform (6631380F-2D4D-43E0-8009-CF276956A95A): 0
LogDevObjectVersion:   Dev-Rendering (12F88B9F-8875-4AFC-A67C-D90C383ABD29): 26
LogDevObjectVersion:   Dev-Sequencer (7B5AE74C-D270-4C10-A958-57980B212A5A): 9
LogDevObjectVersion:   Dev-VR (D7296918-1DD6-4BDD-9DE2-64A83CC13884): 2
LogDevObjectVersion:   Dev-LoadTimes (C2A15278-BFE7-4AFE-6C17-90FF531DF755): 1
LogDevObjectVersion:   Private-Geometry (6EACA3D4-40EC-4CC1-B786-8BED09428FC5): 3
LogDevObjectVersion:   Dev-AnimPhys (29E575DD-E0A3-4627-9D10-D276232CDCEA): 17
LogDevObjectVersion:   Dev-ReflectionCapture (6B266CEC-1EC7-4B8F-A30B-E4D90942FC07): 1
LogDevObjectVersion:   Dev-Automation (0DF73D61-A23F-47EA-B727-89E90C41499A): 1
LogDevObjectVersion:   FortniteMain (601D1886-AC64-4F84-AA16-D3DE0DEAC7D6): 12
LogDevObjectVersion:   Dev-Enterprise (9DFFBCD6-494F-0158-E221-12823C92A888): 1
LogStreaming: Display: Took  0.007s to delete old logs.
LogInit: Presizing for max 8388607 objects, including 0 objects not considered by GC, pre-allocating 0 bytes for permanent pool.
LogInit: Object subsystem initialized
[2018.11.20-06.20.35:014][  0]LogInit: Selected Device Profile: [Windows]
[2018.11.20-06.20.35:014][  0]LogInit: Applying CVar settings loaded from the selected device profile: [Windows]
[2018.11.20-06.20.35:033][  0]LogHAL: Display: Platform has ~ 32 GB [34173624320 / 34359738368 / 32], which maps to Largest [LargestMinGB=32, LargerMinGB=12, DefaultMinGB=8, SmallerMinGB=6, SmallestMinGB=0)
[2018.11.20-06.20.35:033][  0]LogInit: Setting Device Profile CVar: [[r.Vulkan.UseRealUBs:1]]
[2018.11.20-06.20.35:033][  0]LogInit: Going up to parent DeviceProfile []
[2018.11.20-06.20.35:033][  0]LogInit: Computer: EVANPLAPTOP
[2018.11.20-06.20.35:033][  0]LogInit: User: bearl
[2018.11.20-06.20.35:033][  0]LogInit: CPU Page size=4096, Cores=4
[2018.11.20-06.20.35:033][  0]LogInit: High frequency timer resolution =2.648440 MHz
[2018.11.20-06.20.35:034][  0]LogMemory: Memory total: Physical=31.8GB (32GB approx)
[2018.11.20-06.20.35:034][  0]LogMemory: Platform Memory Stats for Windows
[2018.11.20-06.20.35:034][  0]LogMemory: Process Physical Memory: 99.93 MB used, 99.93 MB peak
[2018.11.20-06.20.35:034][  0]LogMemory: Process Virtual Memory: 90.95 MB used, 90.95 MB peak
[2018.11.20-06.20.35:034][  0]LogMemory: Physical Memory: 10148.96 MB used,  22441.55 MB free, 32590.51 MB total
[2018.11.20-06.20.35:034][  0]LogMemory: Virtual Memory: 4640.11 MB used,  22441.55 MB free, 134217728.00 MB total
[2018.11.20-06.20.35:149][  0]LogInit: Using OS detected language (en-US).
[2018.11.20-06.20.35:149][  0]LogInit: Using OS detected locale (en-US).
[2018.11.20-06.20.35:149][  0]LogTextLocalizationManager: No specific localization for 'en-US' exists, so the 'en' localization will be used.
[2018.11.20-06.20.35:567][  0]LogStreaming: Display: Took  0.418s to InitEngineTextLocalization.
[2018.11.20-06.20.35:567][  0]LogInit: Setting process to per monitor DPI aware
[2018.11.20-06.20.35:611][  0]LogSlate: New Slate User Created.  User Index 0, Is Virtual User: 0
[2018.11.20-06.20.35:611][  0]LogSlate: Slate User Registered.  User Index 0, Is Virtual User: 0
[2018.11.20-06.20.35:851][  0]LogHMD: Failed to initialize OpenVR with code 110
[2018.11.20-06.20.35:851][  0]LogD3D11RHI: D3D11 adapters:
[2018.11.20-06.20.35:912][  0]LogD3D11RHI:    0. 'NVIDIA Quadro M1000M' (Feature Level 11_0)
[2018.11.20-06.20.35:912][  0]LogD3D11RHI:       2017/0/16295 MB DedicatedVideo/DedicatedSystem/SharedSystem, Outputs:1, VendorId:0x10de
[2018.11.20-06.20.35:925][  0]LogD3D11RHI:    1. 'Intel(R) HD Graphics 530' (Feature Level 11_0)
[2018.11.20-06.20.35:925][  0]LogD3D11RHI:       128/0/16295 MB DedicatedVideo/DedicatedSystem/SharedSystem, Outputs:0, VendorId:0x8086
[2018.11.20-06.20.35:927][  0]LogD3D11RHI:    2. 'Microsoft Basic Render Driver' (Feature Level 11_0)
[2018.11.20-06.20.35:927][  0]LogD3D11RHI:       0/0/16295 MB DedicatedVideo/DedicatedSystem/SharedSystem, Outputs:0, VendorId:0x1414
[2018.11.20-06.20.35:927][  0]LogD3D11RHI: Chosen D3D11 Adapter: 0
[2018.11.20-06.20.35:964][  0]LogD3D11RHI: Creating new Direct3DDevice
[2018.11.20-06.20.35:965][  0]LogD3D11RHI:     GPU DeviceId: 0x13b1 (for the marketing name, search the web for "GPU Device Id")
[2018.11.20-06.20.35:965][  0]LogWindows: EnumDisplayDevices:
[2018.11.20-06.20.35:965][  0]LogWindows:    0. 'Intel(R) HD Graphics 530' (P:1 D:1)
[2018.11.20-06.20.35:965][  0]LogWindows:    1. 'Intel(R) HD Graphics 530' (P:0 D:0)
[2018.11.20-06.20.35:965][  0]LogWindows:    2. 'Intel(R) HD Graphics 530' (P:0 D:0)
[2018.11.20-06.20.35:966][  0]LogWindows:    3. 'NVIDIA Quadro M1000M' (P:0 D:0)
[2018.11.20-06.20.35:966][  0]LogWindows:    4. 'NVIDIA Quadro M1000M' (P:0 D:0)
[2018.11.20-06.20.35:966][  0]LogWindows:    5. 'NVIDIA Quadro M1000M' (P:0 D:0)
[2018.11.20-06.20.35:966][  0]LogWindows:    6. 'NVIDIA Quadro M1000M' (P:0 D:0)
[2018.11.20-06.20.35:966][  0]LogWindows: DebugString: PrimaryIsNotTheChoosenAdapter PrimaryIsNotTheChoosenAdapter PrimaryIsNotTheChoosenAdapter FoundDriverCount:4 
[2018.11.20-06.20.35:966][  0]LogD3D11RHI:     Adapter Name: NVIDIA Quadro M1000M
[2018.11.20-06.20.35:966][  0]LogD3D11RHI:   Driver Version: 389.08 (internal:23.21.13.8908, unified:389.08)
[2018.11.20-06.20.35:966][  0]LogD3D11RHI:      Driver Date: 2-27-2018
[2018.11.20-06.20.35:966][  0]LogRHI: Texture pool is 1412 MB (70% of 2017 MB)
[2018.11.20-06.20.36:004][  0]LogD3D11RHI: Async texture creation enabled
[2018.11.20-06.20.36:016][  0]LogD3D11RHI: GPU Timing Frequency: 1000.000000 (Debug: 2 1)
[2018.11.20-06.20.36:017][  0]LogShaderCompilers: Guid format shader working directory is -51 characters bigger than the processId version (../../../../../../Users/bearl/Documents/Fall 2018/EAE 3010/AssetPipeMaster01/APsec1LargeCityBase/Intermediate/Shaders/WorkingDirectory/15256/).
[2018.11.20-06.20.36:017][  0]LogShaderCompilers: Cleaned the shader compiler working directory 'C:/Users/bearl/AppData/Local/Temp/UnrealShaderWorkingDir/CCFFA61B4A53DA6A70A4EE917A2105FD/'.
[2018.11.20-06.20.36:314][  0]LogTemp: Display: Loaded TP AllDesktopTargetPlatform
[2018.11.20-06.20.36:328][  0]LogTemp: Display: Loaded TP MacClientTargetPlatform
[2018.11.20-06.20.36:341][  0]LogTemp: Display: Loaded TP MacNoEditorTargetPlatform
[2018.11.20-06.20.36:355][  0]LogTemp: Display: Loaded TP MacServerTargetPlatform
[2018.11.20-06.20.36:369][  0]LogTemp: Display: Loaded TP MacTargetPlatform
[2018.11.20-06.20.36:383][  0]LogTemp: Display: Loaded TP WindowsClientTargetPlatform
[2018.11.20-06.20.36:397][  0]LogTemp: Display: Loaded TP WindowsNoEditorTargetPlatform
[2018.11.20-06.20.36:413][  0]LogTemp: Display: Loaded TP WindowsServerTargetPlatform
[2018.11.20-06.20.36:420][  0]LogTemp: Display: Loaded TP WindowsTargetPlatform
[2018.11.20-06.20.36:510][  0]LogTemp: Display: Loaded TP AndroidTargetPlatform
[2018.11.20-06.20.36:510][  0]LogTemp: Display: Loaded TP AndroidTargetPlatform
[2018.11.20-06.20.36:510][  0]LogTemp: Display: Loaded TP AndroidTargetPlatform
[2018.11.20-06.20.36:510][  0]LogTemp: Display: Loaded TP AndroidTargetPlatform
[2018.11.20-06.20.36:511][  0]LogTemp: Display: Loaded TP AndroidTargetPlatform
[2018.11.20-06.20.36:511][  0]LogTemp: Display: Loaded TP AndroidTargetPlatform
[2018.11.20-06.20.36:511][  0]LogTemp: Display: Loaded TP AndroidTargetPlatform
[2018.11.20-06.20.36:511][  0]LogTemp: Display: Loaded TP AndroidTargetPlatform
[2018.11.20-06.20.36:511][  0]LogTemp: Display: Loaded TP AndroidTargetPlatform
[2018.11.20-06.20.36:511][  0]LogTemp: Display: Loaded TP AndroidTargetPlatform
[2018.11.20-06.20.36:511][  0]LogTemp: Display: Loaded TP AndroidTargetPlatform
[2018.11.20-06.20.36:511][  0]LogTemp: Display: Loaded TP AndroidTargetPlatform
[2018.11.20-06.20.36:511][  0]LogTemp: Display: Loaded TP AndroidTargetPlatform
[2018.11.20-06.20.36:511][  0]LogTemp: Display: Loaded TP AndroidTargetPlatform
[2018.11.20-06.20.36:511][  0]LogTemp: Display: Loaded TP AndroidTargetPlatform
[2018.11.20-06.20.36:511][  0]LogTemp: Display: Loaded TP AndroidTargetPlatform
[2018.11.20-06.20.36:511][  0]LogTemp: Display: Loaded TP AndroidTargetPlatform
[2018.11.20-06.20.36:511][  0]LogTemp: Display: Loaded TP AndroidTargetPlatform
[2018.11.20-06.20.36:512][  0]LogTemp: Display: Loaded TP HTML5TargetPlatform
[2018.11.20-06.20.36:586][  0]LogTemp: Display: Loaded TP IOSTargetPlatform
[2018.11.20-06.20.36:586][  0]LogTemp: Display: Loaded TP IOSTargetPlatform
[2018.11.20-06.20.36:621][  0]LogTemp: Display: Loaded TP TVOSTargetPlatform
[2018.11.20-06.20.36:621][  0]LogTemp: Display: Loaded TP TVOSTargetPlatform
[2018.11.20-06.20.36:636][  0]LogTemp: Display: Loaded TP LinuxClientTargetPlatform
[2018.11.20-06.20.36:649][  0]LogTemp: Display: Loaded TP LinuxNoEditorTargetPlatform
[2018.11.20-06.20.36:662][  0]LogTemp: Display: Loaded TP LinuxServerTargetPlatform
[2018.11.20-06.20.36:681][  0]LogTemp: Display: Loaded TP LinuxTargetPlatform
[2018.11.20-06.20.36:690][  0]LogTemp: Display: Loaded TP LuminTargetPlatform
[2018.11.20-06.20.36:690][  0]LogTargetPlatformManager: Display: Building Assets For Windows
[2018.11.20-06.20.36:751][  0]LogXGEController: Cleaning working directory: C:/Users/bearl/AppData/Local/Temp/UnrealXGEWorkingDir/
[2018.11.20-06.20.36:751][  0]LogXGEController: Cannot use XGE Controller as Incredibuild is not installed on this machine.
[2018.11.20-06.20.36:751][  0]LogShaderCompilers: Cannot use XGE Shader Compiler as Incredibuild is not installed on this machine.
[2018.11.20-06.20.36:751][  0]LogShaderCompilers: Display: Using Local Shader Compiler.
[2018.11.20-06.20.37:543][  0]LogDerivedDataCache: Display: Max Cache Size: 512 MB
[2018.11.20-06.20.37:601][  0]LogDerivedDataCache: Loaded boot cache 0.06s 71MB C:/Users/bearl/AppData/Local/UnrealEngine/4.20/DerivedDataCache/Boot.ddc.
[2018.11.20-06.20.37:601][  0]LogDerivedDataCache: Display: Loaded Boot cache: C:/Users/bearl/AppData/Local/UnrealEngine/4.20/DerivedDataCache/Boot.ddc
[2018.11.20-06.20.37:601][  0]LogDerivedDataCache: FDerivedDataBackendGraph:  Pak pak cache file ../../../../../../Users/bearl/Documents/Fall 2018/EAE 3010/AssetPipeMaster01/APsec1LargeCityBase/DerivedDataCache/DDC.ddp not found, will not use a pak cache.
[2018.11.20-06.20.37:602][  0]LogDerivedDataCache: Unable to find inner node Pak for hierarchical cache Hierarchy.
[2018.11.20-06.20.37:602][  0]LogDerivedDataCache: FDerivedDataBackendGraph:  CompressedPak pak cache file ../../../../../../Users/bearl/Documents/Fall 2018/EAE 3010/AssetPipeMaster01/APsec1LargeCityBase/DerivedDataCache/Compressed.ddp not found, will not use a pak cache.
[2018.11.20-06.20.37:602][  0]LogDerivedDataCache: Unable to find inner node CompressedPak for hierarchical cache Hierarchy.
[2018.11.20-06.20.37:615][  0]LogDerivedDataCache: Display: Pak cache opened for reading ../../../Engine/DerivedDataCache/Compressed.ddp.
[2018.11.20-06.20.37:628][  0]LogDerivedDataCache: Using Local data cache path C:/Users/bearl/AppData/Local/UnrealEngine/Common/DerivedDataCache: Writable
[2018.11.20-06.20.37:628][  0]LogDerivedDataCache: Shared data cache path not found in *engine.ini, will not use an Shared cache.
[2018.11.20-06.20.37:628][  0]LogDerivedDataCache: Unable to find inner node Shared for hierarchical cache Hierarchy.
[2018.11.20-06.20.37:649][  0]LogMaterial: Verifying Global Shaders for PCD3D_SM5
[2018.11.20-06.20.37:650][  0]LogSlate: Using FreeType 2.6.0
[2018.11.20-06.20.37:651][  0]LogSlate: SlateFontServices - WITH_FREETYPE: 1, WITH_HARFBUZZ: 1
[2018.11.20-06.20.37:730][  0]LogAssetRegistry: FAssetRegistry took 0.0261 seconds to start up
[2018.11.20-06.20.38:062][  0]LogInit: Selected Device Profile: [Windows]
[2018.11.20-06.20.38:209][  0]LogSimplygon: Simplygon DLL not present - disabling.
[2018.11.20-06.20.38:213][  0]LogMeshReduction: Using SimplygonSwarm for distributed automatic mesh merging
[2018.11.20-06.20.38:213][  0]LogMeshReduction: Using ProxyLODMeshReduction for automatic mesh merging
[2018.11.20-06.20.38:213][  0]LogMeshReduction: Using QuadricMeshReduction for automatic static mesh reduction
[2018.11.20-06.20.38:213][  0]LogMeshReduction: No automatic skeletal mesh reduction module available
[2018.11.20-06.20.38:230][  0]LogNetVersion: APsec1LargeCityBase 1.0.0, NetCL: 4212847, EngineNetVer: 5, GameNetVer: 0 (Checksum: 1121110827)
[2018.11.20-06.20.38:839][  0]LogPackageLocalizationCache: Processed 11 localized package path(s) for 2 prioritized culture(s) in 0.112026 seconds
[2018.11.20-06.20.38:846][  0]LogUObjectArray: 38425 objects as part of root set at end of initial load.
[2018.11.20-06.20.38:846][  0]LogUObjectAllocator: 6690872 out of 0 bytes used by permanent object pool.
[2018.11.20-06.20.38:846][  0]LogUObjectArray: CloseDisregardForGC: 0/0 objects in disregard for GC pool
[2018.11.20-06.20.39:770][  0]LogTcpMessaging: Initializing TcpMessaging bridge
[2018.11.20-06.20.39:784][  0]LogUdpMessaging: Initializing bridge on interface 0.0.0.0:0 to multicast group 230.0.0.1:6666.
[2018.11.20-06.20.39:942][  0]SourceControl: Source control is disabled
[2018.11.20-06.20.39:942][  0]SourceControl: Source control is disabled
[2018.11.20-06.20.39:944][  0]SourceControl: Source control is disabled
[2018.11.20-06.20.39:945][  0]SourceControl: Source control is disabled
[2018.11.20-06.20.40:115][  0]LogAndroidPermission: UAndroidPermissionCallbackProxy::GetInstance
[2018.11.20-06.20.40:161][  0]LogOcInput: OculusInput pre-init called
[2018.11.20-06.20.40:230][  0]LogEngine: Initializing Engine...
[2018.11.20-06.20.40:232][  0]LogHMD: Failed to initialize OpenVR with code 110
[2018.11.20-06.20.40:234][  0]LogStats: UGameplayTagsManager::ConstructGameplayTagTree: ImportINI prefixes -  0.000 s
[2018.11.20-06.20.40:234][  0]LogStats: UGameplayTagsManager::ConstructGameplayTagTree: Construct from data asset -  0.000 s
[2018.11.20-06.20.40:234][  0]LogStats: UGameplayTagsManager::ConstructGameplayTagTree: ImportINI -  0.000 s
[2018.11.20-06.20.40:234][  0]LogStats: UGameplayTagsManager::ConstructGameplayTagTree: GameplayTagTreeChangedEvent.Broadcast -  0.000 s
[2018.11.20-06.20.40:475][  0]LogInit: Initializing FReadOnlyCVARCache
[2018.11.20-06.20.40:489][  0]LogAIModule: Creating AISystem for world Untitled
[2018.11.20-06.20.40:506][  0]LogInit: XAudio2 using 'Speaker/HP (Realtek High Definition Audio)' : 2 channels at 48 kHz using 32 bits per sample (channel mask 0x3)
[2018.11.20-06.20.40:527][  0]LogInit: FAudioDevice initialized.
[2018.11.20-06.20.40:527][  0]LogNetVersion: Set ProjectVersion to 1.0.0.0. Version Checksum will be recalculated on next use.
[2018.11.20-06.20.40:574][  0]LogDerivedDataCache: Saved boot cache 0.05s 71MB C:/Users/bearl/AppData/Local/UnrealEngine/4.20/DerivedDataCache/Boot.ddc.
[2018.11.20-06.20.40:591][  0]LogInit: Texture streaming: Enabled
[2018.11.20-06.20.40:610][  0]LogEngineSessionManager: EngineSessionManager initialized
[2018.11.20-06.20.40:628][  0]LogInit: Transaction tracking system initialized
[2018.11.20-06.20.40:650][  0]BlueprintLog: New page: Editor Load
[2018.11.20-06.20.40:729][  0]LocalizationService: Localization service is disabled
[2018.11.20-06.20.41:024][  0]LogCook: Display: Max memory allowance for cook 16384mb min free memory 0mb
[2018.11.20-06.20.41:024][  0]LogCook: Display: Mobile HDR setting 1
[2018.11.20-06.20.41:024][  0]LogGameplayTags: Display: UGameplayTagsManager::DoneAddingNativeTags. DelegateIsBound: 0
[2018.11.20-06.20.41:024][  0]LogStats: UGameplayTagsManager::ConstructGameplayTagTree: ImportINI prefixes -  0.000 s
[2018.11.20-06.20.41:024][  0]LogStats: UGameplayTagsManager::ConstructGameplayTagTree: Construct from data asset -  0.000 s
[2018.11.20-06.20.41:024][  0]LogStats: UGameplayTagsManager::ConstructGameplayTagTree: ImportINI -  0.000 s
[2018.11.20-06.20.41:024][  0]LogStats: UGameplayTagsManager::ConstructGameplayTagTree: GameplayTagTreeChangedEvent.Broadcast -  0.000 s
[2018.11.20-06.20.41:155][  0]LogFileCache: Scanning file cache for directory 'C:/Users/bearl/Documents/Fall 2018/EAE 3010/AssetPipeMaster01/APsec1LargeCityBase/Content/' took 0.02s
[2018.11.20-06.20.41:155][  0]SourceControl: Source control is disabled
[2018.11.20-06.20.41:155][  0]Cmd: MAP LOAD FILE="../../../Engine/Content/Maps/Templates/Template_Default.umap" TEMPLATE=1 SHOWPROGRESS=1 FEATURELEVEL=3
[2018.11.20-06.20.41:155][  0]LightingResults: New page: Lighting Build
[2018.11.20-06.20.41:158][  0]MapCheck: New page: Map Check
[2018.11.20-06.20.41:158][  0]LightingResults: New page: Lighting Build
[2018.11.20-06.20.41:403][  0]LogAIModule: Creating AISystem for world Untitled_1
[2018.11.20-06.20.41:413][  0]LogEditorServer: Finished looking for orphan Actors (0.000 secs)
[2018.11.20-06.20.41:438][  0]Cmd: MAP CHECKDEP NOCLEARLOG
[2018.11.20-06.20.41:518][  0]MapCheck: Map check complete: 0 Error(s), 0 Warning(s), took 80.757ms to complete.
[2018.11.20-06.20.41:519][  0]LogFileHelpers: Loading map 'Template_Default' took 0.364
[2018.11.20-06.20.41:634][  0]LogSlate: Updating window title bar state: overlay mode, drag disabled, window buttons hidden, title bar hidden
[2018.11.20-06.20.41:646][  0]LogSlate: Updating window title bar state: overlay mode, drag disabled, window buttons hidden, title bar hidden
[2018.11.20-06.20.41:658][  0]LogSlate: Updating window title bar state: overlay mode, drag disabled, window buttons hidden, title bar hidden
[2018.11.20-06.20.41:667][  0]LogSlate: Updating window title bar state: overlay mode, drag disabled, window buttons hidden, title bar hidden
[2018.11.20-06.20.41:673][  0]LogCollectionManager: Loaded 0 collections in 0.001721 seconds
[2018.11.20-06.20.41:731][  0]LogFileCache: Scanning file cache for directory 'C:/Users/bearl/Documents/Fall 2018/EAE 3010/AssetPipeMaster01/APsec1LargeCityBase/Saved/Collections/' took 0.01s
[2018.11.20-06.20.41:731][  0]LogFileCache: Scanning file cache for directory 'C:/Users/bearl/Documents/Fall 2018/EAE 3010/AssetPipeMaster01/APsec1LargeCityBase/Content/Developers/bearl/Collections/' took 0.01s
[2018.11.20-06.20.41:731][  0]LogFileCache: Scanning file cache for directory 'C:/Users/bearl/Documents/Fall 2018/EAE 3010/AssetPipeMaster01/APsec1LargeCityBase/Content/Collections/' took 0.01s
[2018.11.20-06.20.41:731][  0]LogCollectionManager: Rebuilt the GUID cache for 0 collections in 0.000001 seconds
[2018.11.20-06.20.41:746][  0]LogContentBrowser: Native class hierarchy populated in 0.0142 seconds. Added 2572 classes and 603 folders.
[2018.11.20-06.20.41:753][  0]LogContentBrowser: Native class hierarchy updated for 'WidgetCarousel' in 0.0002 seconds. Added 0 classes and 0 folders.
[2018.11.20-06.20.41:796][  0]LogContentBrowser: Native class hierarchy updated for 'AddContentDialog' in 0.0002 seconds. Added 0 classes and 0 folders.
[2018.11.20-06.20.41:802][  0]LogContentBrowser: Native class hierarchy updated for 'SceneOutliner' in 0.0002 seconds. Added 1 classes and 2 folders.
[2018.11.20-06.20.41:823][  0]LogSlate: Took 0.000242 seconds to synchronously load lazily loaded font '../../../Engine/Content/Slate/Fonts/Roboto-Regular.ttf' (155K)
[2018.11.20-06.20.41:825][  0]LogSlate: Took 0.000214 seconds to synchronously load lazily loaded font '../../../Engine/Content/Slate/Fonts/Roboto-Bold.ttf' (160K)
[2018.11.20-06.20.41:830][  0]LogSlate: Took 0.000157 seconds to synchronously load lazily loaded font '../../../Engine/Content/Editor/Slate/Fonts/FontAwesome.ttf' (139K)
[2018.11.20-06.20.41:932][  0]LogRenderer: Reallocating scene render targets to support 964x164 Format 10 NumSamples 1 (Frame:1).
[2018.11.20-06.20.42:104][  0]LogContentBrowser: Native class hierarchy updated for 'HierarchicalLODOutliner' in 0.0004 seconds. Added 0 classes and 0 folders.
[2018.11.20-06.20.42:104][  0]LogLoad: (Engine Initialization) Total time: 8.92 seconds
[2018.11.20-06.20.42:104][  0]LogLoad: (Engine Initialization) Total Blueprint compile time: 0.00 seconds
[2018.11.20-06.20.42:152][  0]LogContentStreaming: Texture pool size now 1000 MB
[2018.11.20-06.20.42:418][  2]LogAssetRegistry: Asset discovery search completed in 4.7100 seconds
[2018.11.20-06.20.42:420][  2]LogCollectionManager: Rebuilt the object cache for 0 collections in 0.000000 seconds (found 0 objects)
[2018.11.20-06.20.42:420][  2]LogCollectionManager: Fixed up redirectors for 0 collections in 0.000060 seconds (updated 0 objects)
[2018.11.20-06.20.46:434][ 14]LogSlate: Took 0.000184 seconds to synchronously load lazily loaded font '../../../Engine/Content/Slate/Fonts/Roboto-Light.ttf' (167K)
[2018.11.20-06.21.16:092][170]LogSlate: FSceneViewport::OnFocusLost() reason 0
[2018.11.20-06.21.40:736][631]LogSlate: Took 0.000308 seconds to synchronously load lazily loaded font '../../../Engine/Content/Slate/Fonts/Roboto-Light.ttf' (167K)
[2018.11.20-06.21.40:943][631]LogLinker: Warning: Asset '../../../../../../Users/bearl/Documents/Fall 2018/EAE 3010/AssetPipeMaster01/APsec1LargeCityBase/Content/Car_DJW/BatmobileTexture_DJW.uasset' has been saved with empty engine version. The asset will be loaded but may be incompatible.
[2018.11.20-06.21.40:952][631]LogLinker: Warning: Asset '../../../../../../Users/bearl/Documents/Fall 2018/EAE 3010/AssetPipeMaster01/APsec1LargeCityBase/Content/Car_DJW/M_MasterWoodBlock_AP_DJW.uasset' has been saved with empty engine version. The asset will be loaded but may be incompatible.
[2018.11.20-06.21.40:959][631]LogLinker: Warning: Asset '../../../../../../Users/bearl/Documents/Fall 2018/EAE 3010/AssetPipeMaster01/APsec1LargeCityBase/Content/Car_DJW/WoodTexture004_DJW.uasset' has been saved with empty engine version. The asset will be loaded but may be incompatible.
[2018.11.20-06.21.40:965][631]LogLinker: Warning: Asset '../../../../../../Users/bearl/Documents/Fall 2018/EAE 3010/AssetPipeMaster01/APsec1LargeCityBase/Content/Car_DJW/WoodTexture004Norm_DJW.uasset' has been saved with empty engine version. The asset will be loaded but may be incompatible.
[2018.11.20-06.21.40:976][631]LogLinker: Warning: Asset '../../../../../../Users/bearl/Documents/Fall 2018/EAE 3010/AssetPipeMaster01/APsec1LargeCityBase/Content/Car_DJW/M_MasterWoodBlock_AP_WHeel_DJW.uasset' has been saved with empty engine version. The asset will be loaded but may be incompatible.
[2018.11.20-06.21.41:295][631]LogLinker: Warning: Asset '../../../../../../Users/bearl/Documents/Fall 2018/EAE 3010/AssetPipeMaster01/APsec1LargeCityBase/Content/Car_DJW/BatmobileProperUnwrapped_pCube3_DJW.uasset' has been saved with empty engine version. The asset will be loaded but may be incompatible.
[2018.11.20-06.21.41:302][631]LogLinker: Warning: Asset '../../../../../../Users/bearl/Documents/Fall 2018/EAE 3010/AssetPipeMaster01/APsec1LargeCityBase/Content/Car_DJW/BatmobileProperUnwrapped_pCylinder8_DJW.uasset' has been saved with empty engine version. The asset will be loaded but may be incompatible.
[2018.11.20-06.21.41:309][631]LogLinker: Warning: Asset '../../../../../../Users/bearl/Documents/Fall 2018/EAE 3010/AssetPipeMaster01/APsec1LargeCityBase/Content/Car_DJW/BatmobileProperUnwrapped_pCylinder9_DJW.uasset' has been saved with empty engine version. The asset will be loaded but may be incompatible.
[2018.11.20-06.21.41:317][631]LogLinker: Warning: Can't find file '/Game/wood/blinn2'
[2018.11.20-06.21.41:317][631]LogLinker: Warning: Can't find file for asset '/Game/wood/blinn2' while loading ../../../../../../Users/bearl/Documents/Fall 2018/EAE 3010/AssetPipeMaster01/APsec1LargeCityBase/Content/Car_XH/wood/car.uasset.
[2018.11.20-06.21.41:317][631]LoadErrors: Error: /Game/Car_XH/wood/car : Can't find file for asset. /Game/wood/blinn2
[2018.11.20-06.21.41:317][631]LogLinker: Warning: Can't find file '/Game/wood/blinn3'
[2018.11.20-06.21.41:317][631]LogLinker: Warning: Can't find file for asset '/Game/wood/blinn3' while loading ../../../../../../Users/bearl/Documents/Fall 2018/EAE 3010/AssetPipeMaster01/APsec1LargeCityBase/Content/Car_XH/wood/car.uasset.
[2018.11.20-06.21.41:317][631]LoadErrors: Error: /Game/Car_XH/wood/car : Can't find file for asset. /Game/wood/blinn3
[2018.11.20-06.21.41:318][631]LogLinker: Warning: Can't find file '/Game/wood/blinn2'
[2018.11.20-06.21.41:318][631]LogLinker: Warning: Can't find file for asset '/Game/wood/blinn2' while loading ../../../../../../Users/bearl/Documents/Fall 2018/EAE 3010/AssetPipeMaster01/APsec1LargeCityBase/Content/Car_XH/wood/car.uasset.
[2018.11.20-06.21.41:318][631]LogLinker: Warning: Can't find file '/Game/wood/blinn3'
[2018.11.20-06.21.41:318][631]LogLinker: Warning: Can't find file for asset '/Game/wood/blinn3' while loading ../../../../../../Users/bearl/Documents/Fall 2018/EAE 3010/AssetPipeMaster01/APsec1LargeCityBase/Content/Car_XH/wood/car.uasset.
[2018.11.20-06.21.41:616][631]LogLinker: Warning: Can't find file '/Game/phong3SG'
[2018.11.20-06.21.41:617][631]LogLinker: Warning: Can't find file for asset '/Game/phong3SG' while loading ../../../../../../Users/bearl/Documents/Fall 2018/EAE 3010/AssetPipeMaster01/APsec1LargeCityBase/Content/Resources_TA/SmartCarUVObj_pCube1.uasset.
[2018.11.20-06.21.41:617][631]LoadErrors: Error: /Game/Resources_TA/SmartCarUVObj_pCube1 : Can't find file for asset. /Game/phong3SG
[2018.11.20-06.21.41:617][631]LogLinker: Warning: Can't find file '/Game/phong3SG'
[2018.11.20-06.21.41:617][631]LogLinker: Warning: Can't find file for asset '/Game/phong3SG' while loading ../../../../../../Users/bearl/Documents/Fall 2018/EAE 3010/AssetPipeMaster01/APsec1LargeCityBase/Content/Resources_TA/SmartCarUVObj_pCube1.uasset.
[2018.11.20-06.21.41:623][631]LogLinker: Warning: Can't find file '/Game/phong1SG'
[2018.11.20-06.21.41:623][631]LogLinker: Warning: Can't find file for asset '/Game/phong1SG' while loading ../../../../../../Users/bearl/Documents/Fall 2018/EAE 3010/AssetPipeMaster01/APsec1LargeCityBase/Content/Resources_TA/SmartCarUVObj_pCylinder10.uasset.
[2018.11.20-06.21.41:623][631]LoadErrors: Error: /Game/Resources_TA/SmartCarUVObj_pCylinder10 : Can't find file for asset. /Game/phong1SG
[2018.11.20-06.21.41:623][631]LogLinker: Warning: Can't find file '/Game/phong1SG'
[2018.11.20-06.21.41:623][631]LogLinker: Warning: Can't find file for asset '/Game/phong1SG' while loading ../../../../../../Users/bearl/Documents/Fall 2018/EAE 3010/AssetPipeMaster01/APsec1LargeCityBase/Content/Resources_TA/SmartCarUVObj_pCylinder10.uasset.
[2018.11.20-06.21.41:631][631]LogLinker: Warning: Can't find file '/Game/phong2SG'
[2018.11.20-06.21.41:631][631]LogLinker: Warning: Can't find file for asset '/Game/phong2SG' while loading ../../../../../../Users/bearl/Documents/Fall 2018/EAE 3010/AssetPipeMaster01/APsec1LargeCityBase/Content/Resources_TA/SmartCarUVObj_pCylinder8.uasset.
[2018.11.20-06.21.41:631][631]LoadErrors: Error: /Game/Resources_TA/SmartCarUVObj_pCylinder8 : Can't find file for asset. /Game/phong2SG
[2018.11.20-06.21.41:631][631]LogLinker: Warning: Can't find file '/Game/phong2SG'
[2018.11.20-06.21.41:631][631]LogLinker: Warning: Can't find file for asset '/Game/phong2SG' while loading ../../../../../../Users/bearl/Documents/Fall 2018/EAE 3010/AssetPipeMaster01/APsec1LargeCityBase/Content/Resources_TA/SmartCarUVObj_pCylinder8.uasset.
[2018.11.20-06.21.41:638][631]LogLinker: Warning: Can't find file '/Game/woodBlocksContent/M_WoodBlock001'
[2018.11.20-06.21.41:639][631]LogLinker: Warning: Can't find file for asset '/Game/woodBlocksContent/M_WoodBlock001' while loading ../../../../../../Users/bearl/Documents/Fall 2018/EAE 3010/AssetPipeMaster01/APsec1LargeCityBase/Content/Resources_TA/woodBlocksContent/halfSphereTAdy.uasset.
[2018.11.20-06.21.41:639][631]LoadErrors: Error: /Game/Resources_TA/woodBlocksContent/halfSphereTAdy : Can't find file for asset. /Game/woodBlocksContent/M_WoodBlock001
[2018.11.20-06.21.41:639][631]LogLinker: Warning: Can't find file '/Game/woodBlocksContent/M_WoodBlock001'
[2018.11.20-06.21.41:639][631]LogLinker: Warning: Can't find file for asset '/Game/woodBlocksContent/M_WoodBlock001' while loading ../../../../../../Users/bearl/Documents/Fall 2018/EAE 3010/AssetPipeMaster01/APsec1LargeCityBase/Content/Resources_TA/woodBlocksContent/halfSphereTAdy.uasset.
[2018.11.20-06.21.41:646][631]LogLinker: Warning: Can't find file '/Game/woodBlocksContent/M_BarkNormal'
[2018.11.20-06.21.41:646][631]LogLinker: Warning: Can't find file for asset '/Game/woodBlocksContent/M_BarkNormal' while loading ../../../../../../Users/bearl/Documents/Fall 2018/EAE 3010/AssetPipeMaster01/APsec1LargeCityBase/Content/Resources_TA/woodBlocksContent/hangingBrickTAdyREDO.uasset.
[2018.11.20-06.21.41:647][631]LoadErrors: Error: /Game/Resources_TA/woodBlocksContent/hangingBrickTAdyREDO : Can't find file for asset. /Game/woodBlocksContent/M_BarkNormal
[2018.11.20-06.21.41:647][631]LogLinker: Warning: Can't find file '/Game/woodBlocksContent/M_BarkNormal'
[2018.11.20-06.21.41:647][631]LogLinker: Warning: Can't find file for asset '/Game/woodBlocksContent/M_BarkNormal' while loading ../../../../../../Users/bearl/Documents/Fall 2018/EAE 3010/AssetPipeMaster01/APsec1LargeCityBase/Content/Resources_TA/woodBlocksContent/hangingBrickTAdyREDO.uasset.
[2018.11.20-06.21.41:655][631]LogLinker: Warning: Can't find file '/Game/woodBlocksContent/M_BarkBurned'
[2018.11.20-06.21.41:655][631]LogLinker: Warning: Can't find file for asset '/Game/woodBlocksContent/M_BarkBurned' while loading ../../../../../../Users/bearl/Documents/Fall 2018/EAE 3010/AssetPipeMaster01/APsec1LargeCityBase/Content/Resources_TA/woodBlocksContent/tubeTAdy.uasset.
[2018.11.20-06.21.41:655][631]LoadErrors: Error: /Game/Resources_TA/woodBlocksContent/tubeTAdy : Can't find file for asset. /Game/woodBlocksContent/M_BarkBurned
[2018.11.20-06.21.41:655][631]LogLinker: Warning: Can't find file '/Game/woodBlocksContent/M_BarkBurned'
[2018.11.20-06.21.41:655][631]LogLinker: Warning: Can't find file for asset '/Game/woodBlocksContent/M_BarkBurned' while loading ../../../../../../Users/bearl/Documents/Fall 2018/EAE 3010/AssetPipeMaster01/APsec1LargeCityBase/Content/Resources_TA/woodBlocksContent/tubeTAdy.uasset.
[2018.11.20-06.21.42:682][631]LogLinker: Warning: Can't find file '/Game/wood/blinn2'
[2018.11.20-06.21.42:683][631]LoadErrors: Failed to load /Game/wood/blinn2.blinn2 Referenced by car
[2018.11.20-06.21.42:683][631]LogLinker: Warning: Can't find file for asset '/Game/wood/blinn2' while loading NULL.
[2018.11.20-06.21.42:683][631]LogLinker: Warning: Can't find file '/Game/wood/blinn3'
[2018.11.20-06.21.42:683][631]LoadErrors: Failed to load /Game/wood/blinn3.blinn3 Referenced by car
[2018.11.20-06.21.42:683][631]LogLinker: Warning: Can't find file for asset '/Game/wood/blinn3' while loading NULL.
[2018.11.20-06.21.42:684][631]LogLinker: Warning: Can't find file '/Game/wood/blinn2'
[2018.11.20-06.21.42:684][631]LogLinker: Warning: Can't find file for asset '/Game/wood/blinn2' while loading NULL.
[2018.11.20-06.21.42:684][631]LogLinker: Warning: Can't find file '/Game/wood/blinn3'
[2018.11.20-06.21.42:684][631]LogLinker: Warning: Can't find file for asset '/Game/wood/blinn3' while loading NULL.
[2018.11.20-06.21.42:859][631]LogLinker: Warning: Can't find file '/Game/woodBlocksContent/M_BarkBurned'
[2018.11.20-06.21.42:860][631]LoadErrors: Failed to load /Game/woodBlocksContent/M_BarkBurned.M_BarkBurned Referenced by tubeTAdy
[2018.11.20-06.21.42:860][631]LogLinker: Warning: Can't find file for asset '/Game/woodBlocksContent/M_BarkBurned' while loading NULL.
[2018.11.20-06.21.42:860][631]LogLinker: Warning: Can't find file '/Game/woodBlocksContent/M_BarkBurned'
[2018.11.20-06.21.42:860][631]LogLinker: Warning: Can't find file for asset '/Game/woodBlocksContent/M_BarkBurned' while loading NULL.
[2018.11.20-06.21.42:861][631]LogLinker: Warning: Can't find file '/Game/woodBlocksContent/M_BarkNormal'
[2018.11.20-06.21.42:861][631]LoadErrors: Failed to load /Game/woodBlocksContent/M_BarkNormal.M_BarkNormal Referenced by hangingBrickTAdyREDO
[2018.11.20-06.21.42:861][631]LogLinker: Warning: Can't find file for asset '/Game/woodBlocksContent/M_BarkNormal' while loading NULL.
[2018.11.20-06.21.42:861][631]LogLinker: Warning: Can't find file '/Game/woodBlocksContent/M_BarkNormal'
[2018.11.20-06.21.42:862][631]LogLinker: Warning: Can't find file for asset '/Game/woodBlocksContent/M_BarkNormal' while loading NULL.
[2018.11.20-06.21.42:862][631]LogLinker: Warning: Can't find file '/Game/woodBlocksContent/M_WoodBlock001'
[2018.11.20-06.21.42:862][631]LoadErrors: Failed to load /Game/woodBlocksContent/M_WoodBlock001.M_WoodBlock001 Referenced by halfSphereTAdy
[2018.11.20-06.21.42:862][631]LogLinker: Warning: Can't find file for asset '/Game/woodBlocksContent/M_WoodBlock001' while loading NULL.
[2018.11.20-06.21.42:863][631]LogLinker: Warning: Can't find file '/Game/woodBlocksContent/M_WoodBlock001'
[2018.11.20-06.21.42:863][631]LogLinker: Warning: Can't find file for asset '/Game/woodBlocksContent/M_WoodBlock001' while loading NULL.
[2018.11.20-06.21.42:863][631]LogLinker: Warning: Can't find file '/Game/phong2SG'
[2018.11.20-06.21.42:863][631]LoadErrors: Failed to load /Game/phong2SG.phong2SG Referenced by SmartCarUVObj_pCylinder8
[2018.11.20-06.21.42:863][631]LogLinker: Warning: Can't find file for asset '/Game/phong2SG' while loading NULL.
[2018.11.20-06.21.42:864][631]LogLinker: Warning: Can't find file '/Game/phong2SG'
[2018.11.20-06.21.42:864][631]LogLinker: Warning: Can't find file for asset '/Game/phong2SG' while loading NULL.
[2018.11.20-06.21.42:864][631]LogLinker: Warning: Can't find file '/Game/phong1SG'
[2018.11.20-06.21.42:864][631]LoadErrors: Failed to load /Game/phong1SG.phong1SG Referenced by SmartCarUVObj_pCylinder10
[2018.11.20-06.21.42:865][631]LogLinker: Warning: Can't find file for asset '/Game/phong1SG' while loading NULL.
[2018.11.20-06.21.42:865][631]LogLinker: Warning: Can't find file '/Game/phong1SG'
[2018.11.20-06.21.42:865][631]LogLinker: Warning: Can't find file for asset '/Game/phong1SG' while loading NULL.
[2018.11.20-06.21.42:866][631]LogLinker: Warning: Can't find file '/Game/phong3SG'
[2018.11.20-06.21.42:866][631]LoadErrors: Failed to load /Game/phong3SG.phong3SG Referenced by SmartCarUVObj_pCube1
[2018.11.20-06.21.42:866][631]LogLinker: Warning: Can't find file for asset '/Game/phong3SG' while loading NULL.
[2018.11.20-06.21.42:866][631]LogLinker: Warning: Can't find file '/Game/phong3SG'
[2018.11.20-06.21.42:866][631]LogLinker: Warning: Can't find file for asset '/Game/phong3SG' while loading NULL.
[2018.11.20-06.21.45:254][631]LogAIModule: Creating AISystem for world StreetSceneLarge
[2018.11.20-06.21.45:327][631]LogAssetEditorManager: Opening Asset editor for World /Game/StreetSceneLarge.StreetSceneLarge
[2018.11.20-06.21.45:386][631]Cmd: MAP LOAD FILE="../../../../../../Users/bearl/Documents/Fall 2018/EAE 3010/AssetPipeMaster01/APsec1LargeCityBase/Content/StreetSceneLarge.umap" TEMPLATE=0 SHOWPROGRESS=1 FEATURELEVEL=3
[2018.11.20-06.21.45:386][631]LightingResults: New page: Lighting Build
[2018.11.20-06.21.45:387][631]LoadErrors: New page: Loading map: StreetSceneLarge.umap
[2018.11.20-06.21.45:388][631]MapCheck: New page: Map Check
[2018.11.20-06.21.45:388][631]LightingResults: New page: Lighting Build
[2018.11.20-06.21.45:528][631]LogEditorServer: Finished looking for orphan Actors (0.000 secs)
[2018.11.20-06.21.45:617][631]Cmd: MAP CHECKDEP NOCLEARLOG
[2018.11.20-06.21.45:727][631]MapCheck: Map check complete: 0 Error(s), 0 Warning(s), took 110.806ms to complete.
[2018.11.20-06.21.45:729][631]LogFileHelpers: Loading map 'StreetSceneLarge' took 0.345
[2018.11.20-06.21.45:833][632]LogRenderer: Reallocating scene render targets to support 964x244 Format 10 NumSamples 1 (Frame:1).
[2018.11.20-06.21.45:833][632]LogRenderer: Reallocating scene render targets to support 964x256 Format 10 NumSamples 1 (Frame:2).
[2018.11.20-06.21.48:787][717]LogRenderer: Reallocating scene render targets to support 964x268 Format 10 NumSamples 1 (Frame:89).
[2018.11.20-06.21.48:851][718]LogRenderer: Reallocating scene render targets to support 964x284 Format 10 NumSamples 1 (Frame:91).
[2018.11.20-06.21.48:941][719]LogRenderer: Reallocating scene render targets to support 964x304 Format 10 NumSamples 1 (Frame:93).
[2018.11.20-06.21.49:016][720]LogRenderer: Reallocating scene render targets to support 964x336 Format 10 NumSamples 1 (Frame:95).
[2018.11.20-06.21.49:090][721]LogRenderer: Reallocating scene render targets to support 964x368 Format 10 NumSamples 1 (Frame:97).
[2018.11.20-06.21.49:170][722]LogRenderer: Reallocating scene render targets to support 964x400 Format 10 NumSamples 1 (Frame:99).
[2018.11.20-06.21.49:252][723]LogRenderer: Reallocating scene render targets to support 964x440 Format 10 NumSamples 1 (Frame:101).
[2018.11.20-06.21.49:341][724]LogRenderer: Reallocating scene render targets to support 964x476 Format 10 NumSamples 1 (Frame:103).
[2018.11.20-06.21.49:439][725]LogRenderer: Reallocating scene render targets to support 964x516 Format 10 NumSamples 1 (Frame:105).
[2018.11.20-06.21.49:533][726]LogRenderer: Reallocating scene render targets to support 964x528 Format 10 NumSamples 1 (Frame:107).
[2018.11.20-06.21.49:628][727]LogRenderer: Reallocating scene render targets to support 964x536 Format 10 NumSamples 1 (Frame:109).
[2018.11.20-06.21.58:648][136]LogSlate: FSceneViewport::OnFocusLost() reason 0
[2018.11.20-06.22.07:673][611]LogLinker: Warning: Can't find file '/Game/woodblockContent/myWoodBlocksContent/textureEditorIsolateSelectSet_Pelvis2Mat'
[2018.11.20-06.22.07:673][611]LogLinker: Warning: Can't find file for asset '/Game/woodblockContent/myWoodBlocksContent/textureEditorIsolateSelectSet_Pelvis2Mat' while loading ../../../../../../Users/bearl/Documents/Fall 2018/EAE 3010/AssetPipeMaster01/APsec1LargeCityBase/Content/ERPCarContent/woodblockContent/myWoodBlocksContent/ERPMannequinAssets/MannequinResizedCombinedMesh.uasset.
[2018.11.20-06.22.07:673][611]LoadErrors: Error: /Game/ERPCarContent/woodblockContent/myWoodBlocksContent/ERPMannequinAssets/MannequinResizedCombinedMesh : Can't find file for asset. /Game/woodblockContent/myWoodBlocksContent/textureEditorIsolateSelectSet_Pelvis2Mat
[2018.11.20-06.22.07:673][611]LogLinker: Warning: Can't find file '/Game/woodblockContent/myWoodBlocksContent/textureEditorIsolateSelectSet_Pelvis2Mat'
[2018.11.20-06.22.07:673][611]LogLinker: Warning: Can't find file for asset '/Game/woodblockContent/myWoodBlocksContent/textureEditorIsolateSelectSet_Pelvis2Mat' while loading ../../../../../../Users/bearl/Documents/Fall 2018/EAE 3010/AssetPipeMaster01/APsec1LargeCityBase/Content/ERPCarContent/woodblockContent/myWoodBlocksContent/ERPMannequinAssets/MannequinResizedCombinedMesh.uasset.
[2018.11.20-06.22.07:674][611]LogLinker: Warning: Can't find file '/Game/woodblockContent/myWoodBlocksContent/textureEditorIsolateSelectSet_Pelvis2Mat'
[2018.11.20-06.22.07:674][611]LoadErrors: Failed to load /Game/woodblockContent/myWoodBlocksContent/textureEditorIsolateSelectSet_Pelvis2Mat.textureEditorIsolateSelectSet_Pelvis2Mat Referenced by MannequinResizedCombinedMesh
[2018.11.20-06.22.07:675][611]LogLinker: Warning: Can't find file for asset '/Game/woodblockContent/myWoodBlocksContent/textureEditorIsolateSelectSet_Pelvis2Mat' while loading NULL.
[2018.11.20-06.22.07:675][611]LogLinker: Warning: Can't find file '/Game/woodblockContent/myWoodBlocksContent/textureEditorIsolateSelectSet_Pelvis2Mat'
[2018.11.20-06.22.07:675][611]LogLinker: Warning: Can't find file for asset '/Game/woodblockContent/myWoodBlocksContent/textureEditorIsolateSelectSet_Pelvis2Mat' while loading NULL.
[2018.11.20-06.22.07:854][621]LogActorFactory: Actor Factory created MannequinResizedCombinedMesh
[2018.11.20-06.22.08:581][664]LogActorFactory: Actor Factory created MannequinResizedCombinedMesh
[2018.11.20-06.22.15:095][ 50]LogSlate: FSceneViewport::OnFocusLost() reason 0
[2018.11.20-06.22.15:188][ 54]LogLinker: Warning: Can't find file '/Game/woodblockContent/myWoodBlocksContent/ERPMannequinAssets/A6ExportV2_EPNoShoulderDecal'
[2018.11.20-06.22.15:188][ 54]LogLinker: Warning: Can't find file for asset '/Game/woodblockContent/myWoodBlocksContent/ERPMannequinAssets/A6ExportV2_EPNoShoulderDecal' while loading ../../../../../../Users/bearl/Documents/Fall 2018/EAE 3010/AssetPipeMaster01/APsec1LargeCityBase/Content/ERPCarContent/woodblockContent/myWoodBlocksContent/ERPMannequinAssets/M_WoodBlock_BodyPaint.uasset.
[2018.11.20-06.22.15:188][ 54]LoadErrors: Error: /Game/ERPCarContent/woodblockContent/myWoodBlocksContent/ERPMannequinAssets/M_WoodBlock_BodyPaint : Can't find file for asset. /Game/woodblockContent/myWoodBlocksContent/ERPMannequinAssets/A6ExportV2_EPNoShoulderDecal
[2018.11.20-06.22.15:188][ 54]LogLinker: Warning: Can't find file '/Game/woodblockContent/myWoodBlocksContent/ERPMannequinAssets/A6ExportV2_EPNoShoulderDecal'
[2018.11.20-06.22.15:189][ 54]LogLinker: Warning: Can't find file for asset '/Game/woodblockContent/myWoodBlocksContent/ERPMannequinAssets/A6ExportV2_EPNoShoulderDecal' while loading ../../../../../../Users/bearl/Documents/Fall 2018/EAE 3010/AssetPipeMaster01/APsec1LargeCityBase/Content/ERPCarContent/woodblockContent/myWoodBlocksContent/ERPMannequinAssets/M_WoodBlock_BodyPaint.uasset.
[2018.11.20-06.22.15:189][ 54]LogLinker: Warning: Can't find file '/Game/woodblockContent/myWoodBlocksContent/ERPMannequinAssets/A6ExportV2_EPNoShoulderDecal'
[2018.11.20-06.22.15:189][ 54]LoadErrors: Failed to load /Game/woodblockContent/myWoodBlocksContent/ERPMannequinAssets/A6ExportV2_EPNoShoulderDecal.A6ExportV2_EPNoShoulderDecal Referenced by M_WoodBlock_BodyPaint
[2018.11.20-06.22.15:190][ 54]LogLinker: Warning: Can't find file for asset '/Game/woodblockContent/myWoodBlocksContent/ERPMannequinAssets/A6ExportV2_EPNoShoulderDecal' while loading NULL.
[2018.11.20-06.22.28:360][833]LogSlate: FSceneViewport::OnFocusLost() reason 0
[2018.11.20-06.22.28:557][843]LogAssetEditorManager: Opening Asset editor for MaterialInstanceConstant /Game/ERPCarContent/woodblockContent/myWoodBlocksContent/ERPMannequinAssets/M_WoodBlock_BodyPaint.M_WoodBlock_BodyPaint
[2018.11.20-06.22.35:340][213]LogMaterial: Display: Missing cached shader map for material FDebugViewModeMaterialProxy M_WoodBlock_BodyPaint, compiling. 
[2018.11.20-06.22.35:886][213]LogShaderCompilers: Display: Shaders left to compile 1
[2018.11.20-06.22.35:887][213]TextureStreamingBuild: Display: Compiling optional shaders took 0.553 seconds.
[2018.11.20-06.22.35:979][213]LogSavePackage: Moving '../../../../../../Users/bearl/Documents/Fall 2018/EAE 3010/AssetPipeMaster01/APsec1LargeCityBase/Saved/M_WoodBlock_BodyPaint845E86D1436FBE36CC6B15A82539B47D.tmp' to '../../../../../../Users/bearl/Documents/Fall 2018/EAE 3010/AssetPipeMaster01/APsec1LargeCityBase/Content/ERPCarContent/woodblockContent/myWoodBlocksContent/ERPMannequinAssets/M_WoodBlock_BodyPaint.uasset'
[2018.11.20-06.22.37:007][274]LogSlate: Window 'M_WoodBlock_BodyPaint' being destroyed
[2018.11.20-06.22.37:013][274]LogSlate: Window 'M_WoodBlock_BodyPaint' being destroyed
[2018.11.20-06.22.53:703][258]Cmd: CAMERA ALIGN ACTIVEVIEWPORTONLY
[2018.11.20-06.22.56:909][448]Cmd: TRANSACTION UNDO
[2018.11.20-06.22.56:909][448]LogEditorTransaction: Undo Scale Actors
[2018.11.20-06.23.35:383][180]Cmd: CAMERA ALIGN ACTIVEVIEWPORTONLY
[2018.11.20-06.24.16:211][199]Cmd: CAMERA ALIGN ACTIVEVIEWPORTONLY
[2018.11.20-06.24.23:041][410]Cmd: TRANSACTION UNDO
[2018.11.20-06.24.23:041][410]LogEditorTransaction: Undo Move Actors
[2018.11.20-06.24.26:772][545]Cmd: TRANSACTION UNDO
[2018.11.20-06.24.26:772][545]LogEditorTransaction: Undo Move Actors
[2018.11.20-06.24.47:553][366]Cmd: CAMERA ALIGN ACTIVEVIEWPORTONLY
[2018.11.20-06.25.17:857][749]LogSlate: FSceneViewport::OnFocusLost() reason 0
[2018.11.20-06.25.35:186][661]Cmd: CAMERA ALIGN ACTIVEVIEWPORTONLY
[2018.11.20-06.26.09:829][358]LogEditorViewport: Clicking on Actor (LMB): StaticMeshActor (sideWalkBlock523)
[2018.11.20-06.26.11:172][410]LogEditorViewport: Clicking Background
[2018.11.20-06.26.13:746][516]LogEditorViewport: Clicking on Actor (LMB): StaticMeshActor (MACHicAssign004WBsize5)
[2018.11.20-06.26.15:598][588]Cmd: CAMERA ALIGN ACTIVEVIEWPORTONLY
[2018.11.20-06.26.17:485][679]LogEditorViewport: Clicking on Actor (LMB): StaticMeshActor (MannequinResizedCombinedMesh2)
[2018.11.20-06.26.25:130][993]Cmd: CAMERA ALIGN ACTIVEVIEWPORTONLY
[2018.11.20-06.26.32:830][429]LogEditorViewport: Clicking on Actor (LMB): StaticMeshActor (MannequinResizedCombinedMesh)
[2018.11.20-06.26.34:236][510]Cmd: DELETE
[2018.11.20-06.26.34:236][510]Cmd: ACTOR DELETE
[2018.11.20-06.26.34:291][510]LogEditorActor: Deleted Actor: StaticMeshActor
[2018.11.20-06.26.34:317][510]LogEditorActor: Deleted 1 Actors (0.080 secs)
[2018.11.20-06.26.38:837][737]Cmd: CAMERA ALIGN ACTIVEVIEWPORTONLY
[2018.11.20-06.26.38:837][737]Can't find target actor or component.
[2018.11.20-06.26.40:714][802]LogEditorViewport: Clicking on Actor (LMB): StaticMeshActor (MannequinResizedCombinedMesh2)
[2018.11.20-06.26.40:996][809]LogEditorViewport: Clicking on Component (LMB): StaticMeshComponent (StaticMeshComponent0)
[2018.11.20-06.26.55:539][595]LogSlate: FSceneViewport::OnFocusLost() reason 2
[2018.11.20-06.26.58:919][595]LogSavePackage: Moving '../../../../../../Users/bearl/Documents/Fall 2018/EAE 3010/AssetPipeMaster01/APsec1LargeCityBase/Saved/StreetSceneLargeF7CAA1AA4C645D7BC45FBB90D21D27FC.tmp' to '../../../../../../Users/bearl/Documents/Fall 2018/EAE 3010/AssetPipeMaster01/APsec1LargeCityBase/Content/StreetSceneLarge.umap'
[2018.11.20-06.27.02:754][815]LogSlate: Window 'APsec1LargeCityBase - Unreal Editor' being destroyed
[2018.11.20-06.27.02:979][816]Cmd: QUIT_EDITOR
[2018.11.20-06.27.03:000][816]LogWindowsTextInputMethodSystem: Display: IME system now deactivated.
[2018.11.20-06.27.03:022][816]LogExit: Preparing to exit.
[2018.11.20-06.27.04:045][816]LogExit: Editor shut down
[2018.11.20-06.27.04:046][816]LogExit: Transaction tracking system shut down
[2018.11.20-06.27.04:688][816]LogExit: Object subsystem successfully closed.
[2018.11.20-06.27.04:706][816]LogShaderCompilers: Display: Shaders left to compile 0
[2018.11.20-06.27.04:710][816]LogD3D11RHI: Shutdown
[2018.11.20-06.27.04:710][816]LogD3D11RHI: CleanupD3DDevice
[2018.11.20-06.27.04:713][816]LogD3D11RHI: ~FD3D11DynamicRHI
[2018.11.20-06.27.04:735][816]LogModuleManager: Shutting down and abandoning module HierarchicalLODOutliner (612)
[2018.11.20-06.27.04:735][816]LogModuleManager: Shutting down and abandoning module SceneOutliner (610)
[2018.11.20-06.27.04:735][816]LogModuleManager: Shutting down and abandoning module AddContentDialog (608)
[2018.11.20-06.27.04:736][816]LogModuleManager: Shutting down and abandoning module WidgetCarousel (607)
[2018.11.20-06.27.04:736][816]LogModuleManager: Shutting down and abandoning module EditorWidgets (604)
[2018.11.20-06.27.04:736][816]LogModuleManager: Shutting down and abandoning module CollectionManager (602)
[2018.11.20-06.27.04:736][816]LogModuleManager: Shutting down and abandoning module HierarchicalLODUtilities (600)
[2018.11.20-06.27.04:736][816]LogModuleManager: Shutting down and abandoning module StatsViewer (598)
[2018.11.20-06.27.04:736][816]LogModuleManager: Shutting down and abandoning module FoliageEdit (596)
[2018.11.20-06.27.04:736][816]LogModuleManager: Shutting down and abandoning module LandscapeEditor (594)
[2018.11.20-06.27.04:736][816]LogModuleManager: Shutting down and abandoning module MeshPaintMode (592)
[2018.11.20-06.27.04:736][816]LogModuleManager: Shutting down and abandoning module SceneDepthPickerMode (590)
[2018.11.20-06.27.04:736][816]LogModuleManager: Shutting down and abandoning module ActorPickerMode (588)
[2018.11.20-06.27.04:736][816]LogModuleManager: Shutting down and abandoning module GeometryMode (586)
[2018.11.20-06.27.04:736][816]LogModuleManager: Shutting down and abandoning module TextureAlignMode (584)
[2018.11.20-06.27.04:736][816]LogModuleManager: Shutting down and abandoning module BspMode (582)
[2018.11.20-06.27.04:736][816]LogModuleManager: Shutting down and abandoning module PIEPreviewDeviceProfileSelector (580)
[2018.11.20-06.27.04:736][816]LogModuleManager: Shutting down and abandoning module SequenceRecorderSections (578)
[2018.11.20-06.27.04:736][816]LogModuleManager: Shutting down and abandoning module AutomationWorker (576)
[2018.11.20-06.27.04:736][816]LogModuleManager: Shutting down and abandoning module AudioCaptureEditor (574)
[2018.11.20-06.27.04:736][816]LogModuleManager: Shutting down and abandoning module SequenceRecorder (573)
[2018.11.20-06.27.04:736][816]LogModuleManager: Shutting down and abandoning module MatineeToLevelSequence (570)
[2018.11.20-06.27.04:736][816]LogModuleManager: Shutting down and abandoning module LevelSequenceEditor (568)
[2018.11.20-06.27.04:737][816]LogModuleManager: Shutting down and abandoning module PlacementMode (567)
[2018.11.20-06.27.04:737][816]LogModuleManager: Shutting down and abandoning module MaterialEditor (566)
[2018.11.20-06.27.04:737][816]LogModuleManager: Shutting down and abandoning module WmfMediaFactory (562)
[2018.11.20-06.27.04:737][816]LogModuleManager: Shutting down and abandoning module WmfMediaEditor (560)
[2018.11.20-06.27.04:737][816]LogModuleManager: Shutting down and abandoning module MediaPlayerEditor (558)
[2018.11.20-06.27.04:737][816]LogModuleManager: Shutting down and abandoning module OpenExrWrapper (556)
[2018.11.20-06.27.04:737][816]LogModuleManager: Shutting down and abandoning module ImgMediaFactory (554)
[2018.11.20-06.27.04:737][816]LogModuleManager: Shutting down and abandoning module ImgMediaEditor (552)
[2018.11.20-06.27.04:737][816]LogModuleManager: Shutting down and abandoning module AvfMediaFactory (550)
[2018.11.20-06.27.04:737][816]LogModuleManager: Shutting down and abandoning module AvfMediaEditor (548)
[2018.11.20-06.27.04:737][816]LogModuleManager: Shutting down and abandoning module AndroidMediaFactory (546)
[2018.11.20-06.27.04:737][816]LogModuleManager: Shutting down and abandoning module AndroidMediaEditor (544)
[2018.11.20-06.27.04:737][816]LogModuleManager: Shutting down and abandoning module MagicLeapCameraPreviewFactory (542)
[2018.11.20-06.27.04:737][816]LogModuleManager: Shutting down and abandoning module MagicLeapMediaFactory (540)
[2018.11.20-06.27.04:737][816]LogModuleManager: Shutting down and abandoning module MagicLeapMediaEditor (538)
[2018.11.20-06.27.04:737][816]LogModuleManager: Shutting down and abandoning module CharacterAI (536)
[2018.11.20-06.27.04:737][816]LogModuleManager: Shutting down and abandoning module SmartSnapping (534)
[2018.11.20-06.27.04:737][816]LogModuleManager: Shutting down and abandoning module SessionServices (532)
[2018.11.20-06.27.04:737][816]LogModuleManager: Shutting down and abandoning module ViewportSnapping (530)
[2018.11.20-06.27.04:737][816]LogModuleManager: Shutting down and abandoning module ViewportInteraction (528)
[2018.11.20-06.27.04:737][816]LogModuleManager: Shutting down and abandoning module ClothPainter (526)
[2018.11.20-06.27.04:737][816]LogModuleManager: Shutting down and abandoning module SkeletalMeshEditor (525)
[2018.11.20-06.27.04:737][816]LogModuleManager: Shutting down and abandoning module LogVisualizer (522)
[2018.11.20-06.27.04:737][816]LogModuleManager: Shutting down and abandoning module IntroTutorials (520)
[2018.11.20-06.27.04:737][816]LogModuleManager: Shutting down and abandoning module GameProjectGeneration (519)
[2018.11.20-06.27.04:737][816]LogModuleManager: Shutting down and abandoning module LuminPlatformEditor (516)
[2018.11.20-06.27.04:737][816]LogModuleManager: Shutting down and abandoning module IOSPlatformEditor (514)
[2018.11.20-06.27.04:737][816]LogModuleManager: Shutting down and abandoning module HTML5PlatformEditor (512)
[2018.11.20-06.27.04:737][816]LogModuleManager: Shutting down and abandoning module AndroidPlatformEditor (510)
[2018.11.20-06.27.04:738][816]LogModuleManager: Shutting down and abandoning module AndroidDeviceDetection (509)
[2018.11.20-06.27.04:974][816]LogModuleManager: Shutting down and abandoning module WindowsPlatformEditor (506)
[2018.11.20-06.27.04:974][816]LogModuleManager: Shutting down and abandoning module LuminRuntimeSettings (504)
[2018.11.20-06.27.04:974][816]LogModuleManager: Shutting down and abandoning module IOSRuntimeSettings (502)
[2018.11.20-06.27.04:974][816]LogModuleManager: Shutting down and abandoning module AndroidRuntimeSettings (500)
[2018.11.20-06.27.04:974][816]LogModuleManager: Shutting down and abandoning module InputBindingEditor (498)
[2018.11.20-06.27.04:974][816]LogModuleManager: Shutting down and abandoning module MergeActors (496)
[2018.11.20-06.27.04:974][816]LogModuleManager: Shutting down and abandoning module LocalizationDashboard (494)
[2018.11.20-06.27.04:974][816]LogModuleManager: Shutting down and abandoning module LocalizationService (493)
[2018.11.20-06.27.04:974][816]LogModuleManager: Shutting down and abandoning module HardwareTargeting (490)
[2018.11.20-06.27.04:975][816]LogModuleManager: Shutting down and abandoning module DeviceProfileEditor (488)
[2018.11.20-06.27.04:975][816]LogModuleManager: Shutting down and abandoning module UndoHistory (486)
[2018.11.20-06.27.04:975][816]LogModuleManager: Shutting down and abandoning module XmlParser (484)
[2018.11.20-06.27.04:975][816]LogModuleManager: Shutting down and abandoning module Blutility (482)
[2018.11.20-06.27.04:975][816]LogModuleManager: Shutting down and abandoning module ProjectSettingsViewer (480)
[2018.11.20-06.27.04:975][816]LogModuleManager: Shutting down and abandoning module ProjectTargetPlatformEditor (479)
[2018.11.20-06.27.04:975][816]LogModuleManager: Shutting down and abandoning module EditorSettingsViewer (476)
[2018.11.20-06.27.04:975][816]LogModuleManager: Shutting down and abandoning module SettingsEditor (474)
[2018.11.20-06.27.04:975][816]LogModuleManager: Shutting down and abandoning module ProjectLauncher (472)
[2018.11.20-06.27.04:975][816]LogModuleManager: Shutting down and abandoning module SessionFrontend (470)
[2018.11.20-06.27.04:975][816]LogModuleManager: Shutting down and abandoning module ProfilerClient (468)
[2018.11.20-06.27.04:975][816]LogModuleManager: Shutting down and abandoning module DeviceManager (466)
[2018.11.20-06.27.04:975][816]LogModuleManager: Shutting down and abandoning module TargetDeviceServices (465)
[2018.11.20-06.27.05:041][816]LogModuleManager: Shutting down and abandoning module AutomationController (462)
[2018.11.20-06.27.05:041][816]LogModuleManager: Shutting down and abandoning module AutomationWindow (460)
[2018.11.20-06.27.05:041][816]LogModuleManager: Shutting down and abandoning module Layers (458)
[2018.11.20-06.27.05:041][816]LogModuleManager: Shutting down and abandoning module ComponentVisualizers (456)
[2018.11.20-06.27.05:041][816]LogModuleManager: Shutting down and abandoning module DetailCustomizations (454)
[2018.11.20-06.27.05:041][816]LogModuleManager: Shutting down and abandoning module PackagesDialog (452)
[2018.11.20-06.27.05:041][816]LogModuleManager: Shutting down and abandoning module Persona (450)
[2018.11.20-06.27.05:041][816]LogModuleManager: Shutting down and abandoning module AdvancedPreviewScene (449)
[2018.11.20-06.27.05:041][816]LogModuleManager: Shutting down and abandoning module AnimGraph (447)
[2018.11.20-06.27.05:041][816]LogModuleManager: Shutting down and abandoning module Kismet (444)
[2018.11.20-06.27.05:041][816]LogModuleManager: Shutting down and abandoning module GraphEditor (442)
[2018.11.20-06.27.05:041][816]LogModuleManager: Shutting down and abandoning module ClassViewer (440)
[2018.11.20-06.27.05:041][816]LogModuleManager: Shutting down and abandoning module Toolbox (438)
[2018.11.20-06.27.05:041][816]LogModuleManager: Shutting down and abandoning module ModuleUI (436)
[2018.11.20-06.27.05:041][816]LogModuleManager: Shutting down and abandoning module MovieSceneTools (434)
[2018.11.20-06.27.05:041][816]LogModuleManager: Shutting down and abandoning module OutputLog (432)
[2018.11.20-06.27.05:041][816]LogModuleManager: Shutting down and abandoning module GammaUI (430)
[2018.11.20-06.27.05:041][816]LogModuleManager: Shutting down and abandoning module Documentation (428)
[2018.11.20-06.27.05:042][816]LogModuleManager: Shutting down and abandoning module MovieSceneTracks (426)
[2018.11.20-06.27.05:042][816]LogModuleManager: Shutting down and abandoning module MovieScene (424)
[2018.11.20-06.27.05:042][816]LogModuleManager: Shutting down and abandoning module StreamingPauseRendering (422)
[2018.11.20-06.27.05:042][816]LogModuleManager: Shutting down and abandoning module LauncherPlatform (420)
[2018.11.20-06.27.05:042][816]LogModuleManager: Shutting down and abandoning module AnalyticsET (418)
[2018.11.20-06.27.05:042][816]LogModuleManager: Shutting down and abandoning module PortalServices (416)
[2018.11.20-06.27.05:042][816]LogModuleManager: Shutting down and abandoning module PortalRpc (414)
[2018.11.20-06.27.05:042][816]LogModuleManager: Shutting down and abandoning module MessagingRpc (412)
[2018.11.20-06.27.05:042][816]LogModuleManager: Shutting down and abandoning module AIModule (410)
[2018.11.20-06.27.05:042][816]LogModuleManager: Shutting down and abandoning module GameplayDebugger (409)
[2018.11.20-06.27.05:042][816]LogModuleManager: Shutting down and abandoning module AITestSuite (407)
[2018.11.20-06.27.05:042][816]LogModuleManager: Shutting down and abandoning module NavigationSystem (405)
[2018.11.20-06.27.05:042][816]LogModuleManager: Shutting down and abandoning module DesktopPlatform (402)
[2018.11.20-06.27.05:042][816]LogModuleManager: Shutting down and abandoning module ProfilerService (400)
[2018.11.20-06.27.05:151][816]LogModuleManager: Shutting down and abandoning module TaskGraph (398)
[2018.11.20-06.27.05:151][816]LogModuleManager: Shutting down and abandoning module SteamVRController (396)
[2018.11.20-06.27.05:151][816]LogModuleManager: Shutting down and abandoning module ProceduralMeshComponentEditor (394)
[2018.11.20-06.27.05:151][816]LogModuleManager: Shutting down and abandoning module ProceduralMeshComponent (392)
[2018.11.20-06.27.05:151][816]LogModuleManager: Shutting down and abandoning module OculusInput (390)
[2018.11.20-06.27.05:151][816]LogModuleManager: Shutting down and abandoning module MobilePatchingUtils (388)
[2018.11.20-06.27.05:151][816]LogModuleManager: Shutting down and abandoning module EditableMesh (386)
[2018.11.20-06.27.05:151][816]LogModuleManager: Shutting down and abandoning module CustomMeshComponent (384)
[2018.11.20-06.27.05:151][816]LogModuleManager: Shutting down and abandoning module CableComponent (382)
[2018.11.20-06.27.05:151][816]LogModuleManager: Shutting down and abandoning module AudioCapture (380)
[2018.11.20-06.27.05:151][816]LogModuleManager: Shutting down and abandoning module ArchVisCharacter (378)
[2018.11.20-06.27.05:151][816]LogModuleManager: Shutting down and abandoning module AndroidPermission (376)
[2018.11.20-06.27.05:151][816]LogModuleManager: Shutting down and abandoning module NUTUnrealEngine4 (374)
[2018.11.20-06.27.05:151][816]LogModuleManager: Shutting down and abandoning module NetcodeUnitTest (372)
[2018.11.20-06.27.05:151][816]LogModuleManager: Shutting down and abandoning module MediaCompositingEditor (370)
[2018.11.20-06.27.05:151][816]LogModuleManager: Shutting down and abandoning module MediaCompositing (368)
[2018.11.20-06.27.05:151][816]LogModuleManager: Shutting down and abandoning module LinearTimecode (366)
[2018.11.20-06.27.05:151][816]LogModuleManager: Shutting down and abandoning module ImgMedia (364)
[2018.11.20-06.27.05:155][816]LogModuleManager: Shutting down and abandoning module HTML5Networking (362)
[2018.11.20-06.27.05:155][816]LogModuleManager: Shutting down and abandoning module GeometryCacheTracks (360)
[2018.11.20-06.27.05:155][816]LogModuleManager: Shutting down and abandoning module GeometryCacheSequencer (358)
[2018.11.20-06.27.05:155][816]LogModuleManager: Shutting down and abandoning module BackChannel (356)
[2018.11.20-06.27.05:155][816]LogModuleManager: Shutting down and abandoning module AppleVision (354)
[2018.11.20-06.27.05:155][816]LogModuleManager: Shutting down and abandoning module AppleImageUtils (352)
[2018.11.20-06.27.05:155][816]LogModuleManager: Shutting down and abandoning module AlembicImporter (350)
[2018.11.20-06.27.05:155][816]LogModuleManager: Shutting down and abandoning module AlembicLibrary (349)
[2018.11.20-06.27.05:155][816]LogModuleManager: Shutting down and abandoning module GeometryCache (348)
[2018.11.20-06.27.05:155][816]LogModuleManager: Shutting down and abandoning module GeometryCacheEd (347)
[2018.11.20-06.27.05:155][816]LogModuleManager: Shutting down and abandoning module DatasmithContentEditor (342)
[2018.11.20-06.27.05:155][816]LogModuleManager: Shutting down and abandoning module DatasmithContent (340)
[2018.11.20-06.27.05:156][816]LogModuleManager: Shutting down and abandoning module SpeedTreeImporter (338)
[2018.11.20-06.27.05:156][816]LogModuleManager: Shutting down and abandoning module PluginBrowser (336)
[2018.11.20-06.27.05:156][816]LogModuleManager: Shutting down and abandoning module MobileLauncherProfileWizard (334)
[2018.11.20-06.27.05:156][816]LogModuleManager: Shutting down and abandoning module PolygonModeling (332)
[2018.11.20-06.27.05:156][816]LogModuleManager: Shutting down and abandoning module MeshEditor (330)
[2018.11.20-06.27.05:156][816]LogModuleManager: Shutting down and abandoning module CryptoKeysOpenSSL (328)
[2018.11.20-06.27.05:156][816]LogModuleManager: Shutting down and abandoning module CryptoKeys (326)
[2018.11.20-06.27.05:156][816]LogModuleManager: Shutting down and abandoning module VisualStudioSourceCodeAccess (324)
[2018.11.20-06.27.05:156][816]LogModuleManager: Shutting down and abandoning module VisualStudioCodeSourceCodeAccess (322)
[2018.11.20-06.27.05:156][816]LogModuleManager: Shutting down and abandoning module UObjectPlugin (320)
[2018.11.20-06.27.05:156][816]LogModuleManager: Shutting down and abandoning module SubversionSourceControl (318)
[2018.11.20-06.27.05:156][816]LogModuleManager: Shutting down and abandoning module PerforceSourceControl (316)
[2018.11.20-06.27.05:156][816]LogModuleManager: Shutting down and abandoning module GitSourceControl (314)
[2018.11.20-06.27.05:156][816]LogModuleManager: Shutting down and abandoning module SourceControl (313)
[2018.11.20-06.27.05:156][816]LogModuleManager: Shutting down and abandoning module CLionSourceCodeAccess (310)
[2018.11.20-06.27.05:156][816]LogModuleManager: Shutting down and abandoning module LightPropagationVolumeEditor (308)
[2018.11.20-06.27.05:156][816]LogModuleManager: Shutting down and abandoning module PaperTiledImporter (306)
[2018.11.20-06.27.05:156][816]LogModuleManager: Shutting down and abandoning module PaperSpriteSheetImporter (304)
[2018.11.20-06.27.05:156][816]LogModuleManager: Shutting down and abandoning module Paper2DEditor (302)
[2018.11.20-06.27.05:156][816]LogModuleManager: Shutting down and abandoning module MeshPaint (301)
[2018.11.20-06.27.05:156][816]LogModuleManager: Shutting down and abandoning module RuntimePhysXCooking (298)
[2018.11.20-06.27.05:156][816]LogModuleManager: Shutting down and abandoning module PhysXVehiclesEditor (296)
[2018.11.20-06.27.05:156][816]LogModuleManager: Shutting down and abandoning module PhysXVehicles (294)
[2018.11.20-06.27.05:156][816]LogModuleManager: Shutting down and abandoning module OculusEditor (292)
[2018.11.20-06.27.05:156][816]LogModuleManager: Shutting down and abandoning module LocationServicesBPLibrary (290)
[2018.11.20-06.27.05:156][816]LogModuleManager: Shutting down and abandoning module ImmediatePhysicsEditor (288)
[2018.11.20-06.27.05:156][816]LogModuleManager: Shutting down and abandoning module ImmediatePhysics (286)
[2018.11.20-06.27.05:156][816]LogModuleManager: Shutting down and abandoning module ActorSequence (284)
[2018.11.20-06.27.05:156][816]LogModuleManager: Shutting down and abandoning module UdpMessaging (282)
[2018.11.20-06.27.05:257][816]LogModuleManager: Shutting down and abandoning module TcpMessaging (280)
[2018.11.20-06.27.05:358][816]LogModuleManager: Shutting down and abandoning module MagicLeapAudio (278)
[2018.11.20-06.27.05:358][816]LogModuleManager: Shutting down and abandoning module GameplayTagsEditor (276)
[2018.11.20-06.27.05:358][816]LogModuleManager: Shutting down and abandoning module FacialAnimationEditor (274)
[2018.11.20-06.27.05:358][816]LogModuleManager: Shutting down and abandoning module FacialAnimation (272)
[2018.11.20-06.27.05:358][816]LogModuleManager: Shutting down and abandoning module DataValidation (270)
[2018.11.20-06.27.05:358][816]LogModuleManager: Shutting down and abandoning module AssetManagerEditor (268)
[2018.11.20-06.27.05:358][816]LogModuleManager: Shutting down and abandoning module LevelEditor (267)
[2018.11.20-06.27.05:359][816]LogModuleManager: Shutting down and abandoning module PixelInspectorModule (266)
[2018.11.20-06.27.05:359][816]LogModuleManager: Shutting down and abandoning module CommonMenuExtensions (264)
[2018.11.20-06.27.05:359][816]LogModuleManager: Shutting down and abandoning module MainFrame (262)
[2018.11.20-06.27.05:359][816]LogModuleManager: Shutting down and abandoning module HotReload (261)
[2018.11.20-06.27.05:359][816]LogModuleManager: Shutting down and abandoning module ContentBrowser (257)
[2018.11.20-06.27.05:360][816]LogModuleManager: Shutting down and abandoning module TreeMap (255)
[2018.11.20-06.27.05:360][816]LogModuleManager: Shutting down and abandoning module LightPropagationVolumeRuntime (252)
[2018.11.20-06.27.05:360][816]LogModuleManager: Shutting down and abandoning module AISupportModule (250)
[2018.11.20-06.27.05:360][816]LogModuleManager: Shutting down and abandoning module Paper2D (248)
[2018.11.20-06.27.05:360][816]LogModuleManager: Shutting down and abandoning module WindowsMoviePlayer (246)
[2018.11.20-06.27.05:360][816]LogModuleManager: Shutting down and abandoning module WmfMedia (244)
[2018.11.20-06.27.05:362][816]LogModuleManager: Shutting down and abandoning module Media (243)
[2018.11.20-06.27.05:368][816]LogModuleManager: Shutting down and abandoning module PacketHandler (240)
[2018.11.20-06.27.05:368][816]LogModuleManager: Shutting down and abandoning module ClothingSystemEditor (238)
[2018.11.20-06.27.05:368][816]LogModuleManager: Shutting down and abandoning module ClothingSystemRuntime (236)
[2018.11.20-06.27.05:368][816]LogModuleManager: Shutting down and abandoning module MediaAssets (234)
[2018.11.20-06.27.05:368][816]LogModuleManager: Shutting down and abandoning module Overlay (232)
[2018.11.20-06.27.05:368][816]LogModuleManager: Shutting down and abandoning module OverlayEditor (231)
[2018.11.20-06.27.05:368][816]LogModuleManager: Shutting down and abandoning module VREditor (228)
[2018.11.20-06.27.05:368][816]LogModuleManager: Shutting down and abandoning module StringTableEditor (226)
[2018.11.20-06.27.05:368][816]LogModuleManager: Shutting down and abandoning module GameplayTasksEditor (224)
[2018.11.20-06.27.05:368][816]LogModuleManager: Shutting down and abandoning module BehaviorTreeEditor (222)
[2018.11.20-06.27.05:368][816]LogModuleManager: Shutting down and abandoning module FunctionalTesting (220)
[2018.11.20-06.27.05:368][816]LogModuleManager: Shutting down and abandoning module CollisionAnalyzer (218)
[2018.11.20-06.27.05:368][816]LogModuleManager: Shutting down and abandoning module WorkspaceMenuStructure (217)
[2018.11.20-06.27.05:368][816]LogModuleManager: Shutting down and abandoning module UMG (214)
[2018.11.20-06.27.05:368][816]LogModuleManager: Shutting down and abandoning module UMGEditor (213)
[2018.11.20-06.27.05:368][816]LogModuleManager: Shutting down and abandoning module Sequencer (212)
[2018.11.20-06.27.05:368][816]LogModuleManager: Shutting down and abandoning module MessageLog (209)
[2018.11.20-06.27.05:368][816]LogModuleManager: Shutting down and abandoning module SlateReflector (204)
[2018.11.20-06.27.05:369][816]LogModuleManager: Shutting down and abandoning module Slate (202)
[2018.11.20-06.27.05:369][816]LogModuleManager: Shutting down and abandoning module EditorStyle (200)
[2018.11.20-06.27.05:370][816]LogModuleManager: Shutting down and abandoning module MRMesh (198)
[2018.11.20-06.27.05:370][816]LogModuleManager: Shutting down and abandoning module SourceCodeAccess (196)
[2018.11.20-06.27.05:370][816]LogModuleManager: Shutting down and abandoning module HeadMountedDisplay (194)
[2018.11.20-06.27.05:370][816]LogModuleManager: Shutting down and abandoning module XAudio2 (192)
[2018.11.20-06.27.05:370][816]LogModuleManager: Shutting down and abandoning module Networking (190)
[2018.11.20-06.27.05:370][816]LogModuleManager: Shutting down and abandoning module Core (188)
[2018.11.20-06.27.05:370][816]LogModuleManager: Shutting down and abandoning module LevelSequence (186)
[2018.11.20-06.27.05:370][816]LogModuleManager: Shutting down and abandoning module KismetCompiler (184)
[2018.11.20-06.27.05:370][816]LogModuleManager: Shutting down and abandoning module MeshUtilities (182)
[2018.11.20-06.27.05:370][816]LogModuleManager: Shutting down and abandoning module MeshMergeUtilities (181)
[2018.11.20-06.27.05:370][816]LogModuleManager: Shutting down and abandoning module MeshReductionInterface (180)
[2018.11.20-06.27.05:370][816]LogModuleManager: Shutting down and abandoning module SimplygonSwarm (179)
[2018.11.20-06.27.05:370][816]LogModuleManager: Shutting down and abandoning module ProxyLODMeshReduction (177)
[2018.11.20-06.27.05:370][816]LogModuleManager: Shutting down and abandoning module SimplygonMeshReduction (175)
[2018.11.20-06.27.05:370][816]LogModuleManager: Shutting down and abandoning module QuadricMeshReduction (173)
[2018.11.20-06.27.05:370][816]LogModuleManager: Shutting down and abandoning module MaterialBaking (169)
[2018.11.20-06.27.05:370][816]LogModuleManager: Shutting down and abandoning module DirectoryWatcher (165)
[2018.11.20-06.27.05:371][816]LogModuleManager: Shutting down and abandoning module DerivedDataCache (162)
[2018.11.20-06.27.05:397][816]LogDerivedDataCache: Shutdown
[2018.11.20-06.27.05:397][816]LogModuleManager: Shutting down and abandoning module XGEController (160)
[2018.11.20-06.27.05:397][816]LogXGEController: Cleaning working directory: C:/Users/bearl/AppData/Local/Temp/UnrealXGEWorkingDir/
[2018.11.20-06.27.05:397][816]LogModuleManager: Shutting down and abandoning module TargetPlatform (158)
[2018.11.20-06.27.05:397][816]LogModuleManager: Shutting down and abandoning module VulkanShaderFormat (157)
[2018.11.20-06.27.05:397][816]LogModuleManager: Shutting down and abandoning module ShaderFormatVectorVM (155)
[2018.11.20-06.27.05:397][816]LogModuleManager: Shutting down and abandoning module ShaderFormatOpenGL (153)
[2018.11.20-06.27.05:397][816]LogModuleManager: Shutting down and abandoning module ShaderFormatD3D (151)
[2018.11.20-06.27.05:397][816]LogModuleManager: Shutting down and abandoning module MetalShaderFormat (149)
[2018.11.20-06.27.05:397][816]LogModuleManager: Shutting down and abandoning module TextureFormatUncompressed (147)
[2018.11.20-06.27.05:397][816]LogModuleManager: Shutting down and abandoning module TextureFormatPVR (145)
[2018.11.20-06.27.05:398][816]LogModuleManager: Shutting down and abandoning module TextureFormatDXT (143)
[2018.11.20-06.27.05:398][816]LogModuleManager: Shutting down and abandoning module TextureFormatIntelISPCTexComp (141)
[2018.11.20-06.27.05:398][816]LogModuleManager: Shutting down and abandoning module TextureFormatASTC (139)
[2018.11.20-06.27.05:398][816]LogModuleManager: Shutting down and abandoning module ImageWrapper (138)
[2018.11.20-06.27.05:398][816]LogModuleManager: Shutting down and abandoning module TextureFormatAndroid (135)
[2018.11.20-06.27.05:398][816]LogModuleManager: Shutting down and abandoning module AudioFormatOpus (133)
[2018.11.20-06.27.05:398][816]LogModuleManager: Shutting down and abandoning module AudioFormatOgg (131)
[2018.11.20-06.27.05:398][816]LogModuleManager: Shutting down and abandoning module AudioFormatADPCM (129)
[2018.11.20-06.27.05:398][816]LogModuleManager: Shutting down and abandoning module LuminTargetPlatform (127)
[2018.11.20-06.27.05:398][816]LogModuleManager: Shutting down and abandoning module LinuxTargetPlatform (125)
[2018.11.20-06.27.05:398][816]LogModuleManager: Shutting down and abandoning module LinuxServerTargetPlatform (123)
[2018.11.20-06.27.05:398][816]LogModuleManager: Shutting down and abandoning module LinuxNoEditorTargetPlatform (121)
[2018.11.20-06.27.05:398][816]LogModuleManager: Shutting down and abandoning module LinuxClientTargetPlatform (119)
[2018.11.20-06.27.05:398][816]LogModuleManager: Shutting down and abandoning module TVOSTargetPlatform (117)
[2018.11.20-06.27.05:399][816]LogModuleManager: Shutting down and abandoning module Messaging (115)
[2018.11.20-06.27.05:399][816]LogModuleManager: Shutting down and abandoning module IOSTargetPlatform (113)
[2018.11.20-06.27.05:399][816]LogModuleManager: Shutting down and abandoning module HTML5TargetPlatform (111)
[2018.11.20-06.27.05:399][816]LogModuleManager: Shutting down and abandoning module AndroidTargetPlatform (109)
[2018.11.20-06.27.05:404][816]LogModuleManager: Shutting down and abandoning module WindowsTargetPlatform (107)
[2018.11.20-06.27.05:404][816]LogModuleManager: Shutting down and abandoning module WindowsServerTargetPlatform (105)
[2018.11.20-06.27.05:405][816]LogModuleManager: Shutting down and abandoning module WindowsNoEditorTargetPlatform (103)
[2018.11.20-06.27.05:405][816]LogModuleManager: Shutting down and abandoning module WindowsClientTargetPlatform (101)
[2018.11.20-06.27.05:405][816]LogModuleManager: Shutting down and abandoning module MacTargetPlatform (99)
[2018.11.20-06.27.05:405][816]LogModuleManager: Shutting down and abandoning module MacServerTargetPlatform (97)
[2018.11.20-06.27.05:405][816]LogModuleManager: Shutting down and abandoning module MacNoEditorTargetPlatform (95)
[2018.11.20-06.27.05:405][816]LogModuleManager: Shutting down and abandoning module MacClientTargetPlatform (93)
[2018.11.20-06.27.05:405][816]LogModuleManager: Shutting down and abandoning module AllDesktopTargetPlatform (91)
[2018.11.20-06.27.05:405][816]LogModuleManager: Shutting down and abandoning module InputCore (88)
[2018.11.20-06.27.05:405][816]LogModuleManager: Shutting down and abandoning module Settings (86)
[2018.11.20-06.27.05:405][816]LogModuleManager: Shutting down and abandoning module PhysXCooking (84)
[2018.11.20-06.27.05:405][816]LogModuleManager: Shutting down and abandoning module SteamVR (82)
[2018.11.20-06.27.05:405][816]LogModuleManager: Shutting down and abandoning module OculusHMD (80)
[2018.11.20-06.27.05:405][816]LogModuleManager: Shutting down and abandoning module ExampleDeviceProfileSelector (78)
[2018.11.20-06.27.05:405][816]LogModuleManager: Shutting down and abandoning module LauncherChunkInstaller (76)
[2018.11.20-06.27.05:405][816]LogModuleManager: Shutting down and abandoning module OnlineBlueprintSupport (74)
[2018.11.20-06.27.05:405][816]LogModuleManager: Shutting down and abandoning module OnlineSubsystem (70)
[2018.11.20-06.27.05:406][816]LogModuleManager: Shutting down and abandoning module XMPP (65)
[2018.11.20-06.27.05:406][816]LogModuleManager: Shutting down and abandoning module WebSockets (64)
[2018.11.20-06.27.05:430][816]LogModuleManager: Shutting down and abandoning module HTTP (61)
[2018.11.20-06.27.05:430][816]LogHttp: Display: Http module shutting down, but needs to wait on 1 outstanding Http requests:
[2018.11.20-06.27.05:430][816]LogHttp: Display: 	verb=[POST] url=[https://datarouter.ol.epicgames.com/datarouter/api/v1/public/data?SessionID=%7B5B07157A-4FB9-B92E-719C-CB940C0DFE80%7D&AppID=UEEditor.Rocket.Release&AppVersion=4.20.2-4302132%2B%2B%2BUE4%2BRelease-4.20&UserID=4fb36cb84760df75664fd3ac2e8d2874%7C4b688a7245dc4c7c90b367aaffc9d70c%7C1ba0ed0f-bd7a-46fc-8258-6a7b538ef414&AppEnvironment=datacollector-binary&UploadType=eteventstream] status=Processing
[2018.11.20-06.27.05:432][816]LogModuleManager: Shutting down and abandoning module SSL (60)
[2018.11.20-06.27.05:433][816]LogModuleManager: Shutting down and abandoning module MagicLeapEmulator (56)
[2018.11.20-06.27.05:433][816]LogModuleManager: Shutting down and abandoning module MagicLeapPrivileges (54)
[2018.11.20-06.27.05:433][816]LogModuleManager: Shutting down and abandoning module MagicLeapIdentity (52)
[2018.11.20-06.27.05:433][816]LogModuleManager: Shutting down and abandoning module MagicLeapHelperVulkan (50)
[2018.11.20-06.27.05:434][816]LogModuleManager: Shutting down and abandoning module MagicLeapHelperOpenGL (48)
[2018.11.20-06.27.05:434][816]LogModuleManager: Shutting down and abandoning module MagicLeapSecureStorage (46)
[2018.11.20-06.27.05:434][816]LogModuleManager: Shutting down and abandoning module MagicLeapGestures (44)
[2018.11.20-06.27.05:434][816]LogModuleManager: Shutting down and abandoning module MagicLeapEyeTracker (42)
[2018.11.20-06.27.05:434][816]LogModuleManager: Shutting down and abandoning module MagicLeapController (40)
[2018.11.20-06.27.05:434][816]LogSlate: Slate User Destroyed.  User Index 0, Is Virtual User: 0
[2018.11.20-06.27.05:434][816]LogModuleManager: Shutting down and abandoning module MagicLeap (38)
[2018.11.20-06.27.05:434][816]LogModuleManager: Shutting down and abandoning module AnimationModifiers (36)
[2018.11.20-06.27.05:434][816]LogModuleManager: Shutting down and abandoning module PropertyEditor (35)
[2018.11.20-06.27.05:434][816]LogModuleManager: Shutting down and abandoning module AudioEditor (32)
[2018.11.20-06.27.05:434][816]LogModuleManager: Shutting down and abandoning module TextureCompressor (30)
[2018.11.20-06.27.05:434][816]LogModuleManager: Shutting down and abandoning module ShaderCore (28)
[2018.11.20-06.27.05:434][816]LogModuleManager: Shutting down and abandoning module Landscape (26)
[2018.11.20-06.27.05:434][816]LogModuleManager: Shutting down and abandoning module SlateRHIRenderer (24)
[2018.11.20-06.27.05:435][816]LogModuleManager: Shutting down and abandoning module OpenGLDrv (22)
[2018.11.20-06.27.05:435][816]LogModuleManager: Shutting down and abandoning module D3D11RHI (20)
[2018.11.20-06.27.05:435][816]LogModuleManager: Shutting down and abandoning module AnimGraphRuntime (18)
[2018.11.20-06.27.05:435][816]LogModuleManager: Shutting down and abandoning module Renderer (16)
[2018.11.20-06.27.05:435][816]LogModuleManager: Shutting down and abandoning module Engine (14)
[2018.11.20-06.27.05:435][816]LogModuleManager: Shutting down and abandoning module CoreUObject (12)
[2018.11.20-06.27.05:435][816]LogModuleManager: Shutting down and abandoning module NetworkFile (10)
[2018.11.20-06.27.05:435][816]LogModuleManager: Shutting down and abandoning module CookedIterativeFile (8)
[2018.11.20-06.27.05:435][816]LogModuleManager: Shutting down and abandoning module StreamingFile (6)
[2018.11.20-06.27.05:435][816]LogModuleManager: Shutting down and abandoning module SandboxFile (4)
[2018.11.20-06.27.05:435][816]LogModuleManager: Shutting down and abandoning module PakFile (2)
[2018.11.20-06.27.05:441][816]LogExit: Exiting.
[2018.11.20-06.27.05:452][816]Log file closed, 11/19/18 23:27:05
