Log file open, 10/17/18 12:55:57
LogWindows: Failed to load 'aqProf.dll' (GetLastError=126)
LogWindows: File 'aqProf.dll' does not exist
LogWindows: Failed to load 'VtuneApi.dll' (GetLastError=126)
LogWindows: File 'VtuneApi.dll' does not exist
LogWindows: Failed to load 'VtuneApi32e.dll' (GetLastError=126)
LogWindows: File 'VtuneApi32e.dll' does not exist
LogInit: Display: Running engine for game: APsec1LargeCityBase
LogPlatformFile: Not using cached read wrapper
LogTaskGraph: Started task graph with 5 named threads and 23 total threads with 3 sets of task threads.
LogStats: Stats thread started at 0.275850
LogD3D11RHI: Loaded GFSDK_Aftermath_Lib.x64.dll
LogICUInternationalization: Display: ICU TimeZone Detection - Raw Offset: -7:00, Platform Override: ''
LogPluginManager: Mounting plugin Paper2D
LogPluginManager: Mounting plugin AISupport
LogPluginManager: Mounting plugin LightPropagationVolume
LogPluginManager: Mounting plugin CLionSourceCodeAccess
LogPluginManager: Mounting plugin CodeLiteSourceCodeAccess
LogPluginManager: Mounting plugin GitSourceControl
LogPluginManager: Mounting plugin KDevelopSourceCodeAccess
LogPluginManager: Mounting plugin NullSourceCodeAccess
LogPluginManager: Mounting plugin PerforceSourceControl
LogPluginManager: Mounting plugin SubversionSourceControl
LogPluginManager: Mounting plugin UObjectPlugin
LogPluginManager: Mounting plugin VisualStudioCodeSourceCodeAccess
LogPluginManager: Mounting plugin VisualStudioSourceCodeAccess
LogPluginManager: Mounting plugin XCodeSourceCodeAccess
LogPluginManager: Mounting plugin AssetManagerEditor
LogPluginManager: Mounting plugin CryptoKeys
LogPluginManager: Mounting plugin DataValidation
LogPluginManager: Mounting plugin FacialAnimation
LogPluginManager: Mounting plugin GameplayTagsEditor
LogPluginManager: Mounting plugin MacGraphicsSwitching
LogPluginManager: Mounting plugin MeshEditor
LogPluginManager: Mounting plugin MobileLauncherProfileWizard
LogPluginManager: Mounting plugin PluginBrowser
LogPluginManager: Mounting plugin SpeedTreeImporter
LogPluginManager: Mounting plugin DatasmithContent
LogPluginManager: Mounting plugin AlembicImporter
LogPluginManager: Mounting plugin AppleImageUtils
LogPluginManager: Mounting plugin AppleVision
LogPluginManager: Mounting plugin BackChannel
LogPluginManager: Mounting plugin CharacterAI
LogPluginManager: Mounting plugin GeometryCache
LogPluginManager: Mounting plugin HTML5Networking
LogPluginManager: Mounting plugin ProxyLODPlugin
LogPluginManager: Mounting plugin MagicLeap
LogPluginManager: Mounting plugin MagicLeapEmulator
LogPluginManager: Mounting plugin MagicLeapMedia
LogPluginManager: Mounting plugin AndroidMedia
LogPluginManager: Mounting plugin AvfMedia
LogPluginManager: Mounting plugin ImgMedia
LogPluginManager: Mounting plugin LinearTimecode
LogPluginManager: Mounting plugin MediaCompositing
LogPluginManager: Mounting plugin MediaPlayerEditor
LogPluginManager: Mounting plugin WmfMedia
LogPluginManager: Mounting plugin TcpMessaging
LogPluginManager: Mounting plugin UdpMessaging
LogPluginManager: Mounting plugin ActorSequence
LogPluginManager: Mounting plugin LevelSequenceEditor
LogPluginManager: Mounting plugin MatineeToLevelSequence
LogPluginManager: Mounting plugin NetcodeUnitTest
LogPluginManager: Mounting plugin NUTUnrealEngine4
LogPluginManager: Mounting plugin OnlineSubsystemGooglePlay
LogPluginManager: Mounting plugin OnlineSubsystemIOS
LogPluginManager: Mounting plugin OnlineSubsystem
LogPluginManager: Mounting plugin OnlineSubsystemNull
LogPluginManager: Mounting plugin OnlineSubsystemUtils
LogPluginManager: Mounting plugin LauncherChunkInstaller
LogPluginManager: Mounting plugin AndroidDeviceProfileSelector
LogPluginManager: Mounting plugin AndroidMoviePlayer
LogPluginManager: Mounting plugin AndroidPermission
LogPluginManager: Mounting plugin AppleMoviePlayer
LogPluginManager: Mounting plugin ArchVisCharacter
LogPluginManager: Mounting plugin AudioCapture
LogPluginManager: Mounting plugin CableComponent
LogPluginManager: Mounting plugin CustomMeshComponent
LogPluginManager: Mounting plugin EditableMesh
LogPluginManager: Mounting plugin ExampleDeviceProfileSelector
LogPluginManager: Mounting plugin GoogleCloudMessaging
LogPluginManager: Mounting plugin ImmediatePhysics
LogPluginManager: Mounting plugin IOSDeviceProfileSelector
LogPluginManager: Mounting plugin LinuxDeviceProfileSelector
LogPluginManager: Mounting plugin LocationServicesBPLibrary
LogPluginManager: Mounting plugin MobilePatchingUtils
LogPluginManager: Mounting plugin OculusVR
LogPluginManager: Plugin shader directory ../../../Engine/Plugins/Runtime/Oculus/OculusVR/Shaders found
LogPluginManager: Mapping shader source directory ../../../Engine/Plugins/Runtime/Oculus/OculusVR/Shaders to virtual directory /Plugin/OculusVR
LogPluginManager: Mounting plugin PhysXVehicles
LogPluginManager: Mounting plugin ProceduralMeshComponent
LogPluginManager: Mounting plugin RuntimePhysXCooking
LogPluginManager: Mounting plugin SteamVR
LogPluginManager: Mounting plugin WindowsMoviePlayer
LogStreaming: Display: Took  0.091s to configure plugins.
LogInit: Using libcurl 7.55.1-DEV
LogInit:  - built for x86_64-pc-win32
LogInit:  - supports SSL with OpenSSL/1.0.2h
LogInit:  - supports HTTP deflate (compression) using libz 1.2.8
LogInit:  - other features:
LogInit:      CURL_VERSION_SSL
LogInit:      CURL_VERSION_LIBZ
LogInit:      CURL_VERSION_IPV6
LogInit:      CURL_VERSION_ASYNCHDNS
LogInit:      CURL_VERSION_LARGEFILE
LogInit:      CURL_VERSION_IDN
LogInit:  CurlRequestOptions (configurable via config and command line):
LogInit:  - bVerifyPeer = false  - Libcurl will NOT verify peer certificate
LogInit:  - bUseHttpProxy = false  - Libcurl will NOT use HTTP proxy
LogInit:  - bDontReuseConnections = false  - Libcurl will reuse connections
LogInit:  - CertBundlePath = nullptr  - Libcurl will use whatever was configured at build time.
LogInit:  - MaxHostConnections = 16  - Libcurl will limit the number of connections to a host
LogInit:  - LocalHostAddr = Default
LogInit:  - BufferSize = 65536
LogInit: WinSock: version 1.1 (2.2), MaxSocks=32767, MaxUdp=65467
LogInit: Build: ++UE4+Release-4.20-CL-4212847
LogInit: Engine Version: 4.20.2-4212847+++UE4+Release-4.20
LogInit: Compatible Engine Version: 4.20.0-4212847+++UE4+Release-4.20
LogInit: Net CL: 4212847
LogInit: OS: Windows 10 (), CPU: Intel(R) Core(TM) i7-8809G CPU @ 3.10GHz, GPU: Radeon RX Vega M GH Graphics
LogInit: Compiled (64-bit): Jul 14 2018 09:51:14
LogInit: Compiled with Visual C++: 19.13.26129.00
LogInit: Build Configuration: Development
LogInit: Branch Name: ++UE4+Release-4.20
LogInit: Command Line: -EpicPortal  -epicusername="Tost1" -epicuserid=de3ab30855db49149dd205fd7ad5a4eb -epiclocale=en-US
LogInit: Base Directory: C:/Program Files/Epic Games/UE_4.20/Engine/Binaries/Win64/
LogInit: Installed Engine Build: 1
LogDevObjectVersion: Number of dev versions registered: 20
LogDevObjectVersion:   Dev-Blueprints (B0D832E4-1F89-4F0D-ACCF-7EB736FD4AA2): 10
LogDevObjectVersion:   Dev-Build (E1C64328-A22C-4D53-A36C-8E866417BD8C): 0
LogDevObjectVersion:   Dev-Core (375EC13C-06E4-48FB-B500-84F0262A717E): 2
LogDevObjectVersion:   Dev-Editor (E4B068ED-F494-42E9-A231-DA0B2E46BB41): 24
LogDevObjectVersion:   Dev-Framework (CFFC743F-43B0-4480-9391-14DF171D2073): 34
LogDevObjectVersion:   Dev-Mobile (B02B49B5-BB20-44E9-A304-32B752E40360): 2
LogDevObjectVersion:   Dev-Networking (A4E4105C-59A1-49B5-A7C5-40C4547EDFEE): 0
LogDevObjectVersion:   Dev-Online (39C831C9-5AE6-47DC-9A44-9C173E1C8E7C): 0
LogDevObjectVersion:   Dev-Physics (78F01B33-EBEA-4F98-B9B4-84EACCB95AA2): 0
LogDevObjectVersion:   Dev-Platform (6631380F-2D4D-43E0-8009-CF276956A95A): 0
LogDevObjectVersion:   Dev-Rendering (12F88B9F-8875-4AFC-A67C-D90C383ABD29): 26
LogDevObjectVersion:   Dev-Sequencer (7B5AE74C-D270-4C10-A958-57980B212A5A): 9
LogDevObjectVersion:   Dev-VR (D7296918-1DD6-4BDD-9DE2-64A83CC13884): 2
LogDevObjectVersion:   Dev-LoadTimes (C2A15278-BFE7-4AFE-6C17-90FF531DF755): 1
LogDevObjectVersion:   Private-Geometry (6EACA3D4-40EC-4CC1-B786-8BED09428FC5): 3
LogDevObjectVersion:   Dev-AnimPhys (29E575DD-E0A3-4627-9D10-D276232CDCEA): 17
LogDevObjectVersion:   Dev-ReflectionCapture (6B266CEC-1EC7-4B8F-A30B-E4D90942FC07): 1
LogDevObjectVersion:   Dev-Automation (0DF73D61-A23F-47EA-B727-89E90C41499A): 1
LogDevObjectVersion:   FortniteMain (601D1886-AC64-4F84-AA16-D3DE0DEAC7D6): 12
LogDevObjectVersion:   Dev-Enterprise (9DFFBCD6-494F-0158-E221-12823C92A888): 1
LogStreaming: Display: Took  0.002s to delete old logs.
LogInit: Presizing for max 8388607 objects, including 0 objects not considered by GC, pre-allocating 0 bytes for permanent pool.
LogInit: Object subsystem initialized
[2018.10.17-18.55.57:618][  0]LogInit: Selected Device Profile: [Windows]
[2018.10.17-18.55.57:618][  0]LogInit: Applying CVar settings loaded from the selected device profile: [Windows]
[2018.10.17-18.55.57:629][  0]LogHAL: Display: Platform has ~ 16 GB [17094848512 / 17179869184 / 16], which maps to Larger [LargestMinGB=32, LargerMinGB=12, DefaultMinGB=8, SmallerMinGB=6, SmallestMinGB=0)
[2018.10.17-18.55.57:629][  0]LogInit: Setting Device Profile CVar: [[r.Vulkan.UseRealUBs:1]]
[2018.10.17-18.55.57:629][  0]LogInit: Going up to parent DeviceProfile []
[2018.10.17-18.55.57:630][  0]LogInit: Computer: eae-n-020
[2018.10.17-18.55.57:630][  0]LogInit: User: u0905990
[2018.10.17-18.55.57:630][  0]LogInit: CPU Page size=4096, Cores=4
[2018.10.17-18.55.57:630][  0]LogInit: High frequency timer resolution =3.023440 MHz
[2018.10.17-18.55.57:630][  0]LogMemory: Memory total: Physical=15.9GB (16GB approx)
[2018.10.17-18.55.57:630][  0]LogMemory: Platform Memory Stats for Windows
[2018.10.17-18.55.57:630][  0]LogMemory: Process Physical Memory: 99.95 MB used, 99.95 MB peak
[2018.10.17-18.55.57:630][  0]LogMemory: Process Virtual Memory: 91.10 MB used, 91.10 MB peak
[2018.10.17-18.55.57:630][  0]LogMemory: Physical Memory: 8107.73 MB used,  8195.19 MB free, 16302.92 MB total
[2018.10.17-18.55.57:630][  0]LogMemory: Virtual Memory: 4640.45 MB used,  8195.19 MB free, 134217728.00 MB total
[2018.10.17-18.55.57:645][  0]LogInit: Using OS detected language (en-US).
[2018.10.17-18.55.57:645][  0]LogInit: Using OS detected locale (en-US).
[2018.10.17-18.55.57:646][  0]LogTextLocalizationManager: No specific localization for 'en-US' exists, so the 'en' localization will be used.
[2018.10.17-18.55.57:993][  0]LogStreaming: Display: Took  0.349s to InitEngineTextLocalization.
[2018.10.17-18.55.57:994][  0]LogInit: Setting process to per monitor DPI aware
[2018.10.17-18.55.58:023][  0]LogSlate: New Slate User Created.  User Index 0, Is Virtual User: 0
[2018.10.17-18.55.58:023][  0]LogSlate: Slate User Registered.  User Index 0, Is Virtual User: 0
[2018.10.17-18.55.58:227][  0]LogHMD: Failed to initialize OpenVR with code 110
[2018.10.17-18.55.58:227][  0]LogD3D11RHI: D3D11 adapters:
[2018.10.17-18.55.58:256][  0]LogD3D11RHI:    0. 'Radeon RX Vega M GH Graphics' (Feature Level 11_0)
[2018.10.17-18.55.58:256][  0]LogD3D11RHI:       4042/0/8151 MB DedicatedVideo/DedicatedSystem/SharedSystem, Outputs:1, VendorId:0x1002
[2018.10.17-18.55.58:279][  0]LogD3D11RHI:    1. 'Intel(R) HD Graphics 630' (Feature Level 11_0)
[2018.10.17-18.55.58:279][  0]LogD3D11RHI:       128/0/8151 MB DedicatedVideo/DedicatedSystem/SharedSystem, Outputs:0, VendorId:0x8086
[2018.10.17-18.55.58:280][  0]LogD3D11RHI:    2. 'Microsoft Basic Render Driver' (Feature Level 11_0)
[2018.10.17-18.55.58:280][  0]LogD3D11RHI:       0/0/8151 MB DedicatedVideo/DedicatedSystem/SharedSystem, Outputs:0, VendorId:0x1414
[2018.10.17-18.55.58:280][  0]LogD3D11RHI: Chosen D3D11 Adapter: 0
[2018.10.17-18.55.58:290][  0]LogD3D11RHI: Creating new Direct3DDevice
[2018.10.17-18.55.58:290][  0]LogD3D11RHI:     GPU DeviceId: 0x694c (for the marketing name, search the web for "GPU Device Id")
[2018.10.17-18.55.58:290][  0]LogWindows: EnumDisplayDevices:
[2018.10.17-18.55.58:290][  0]LogWindows:    0. 'Radeon RX Vega M GH Graphics' (P:1 D:1)
[2018.10.17-18.55.58:291][  0]LogWindows:    1. 'Radeon RX Vega M GH Graphics' (P:0 D:0)
[2018.10.17-18.55.58:291][  0]LogWindows:    2. 'Radeon RX Vega M GH Graphics' (P:0 D:0)
[2018.10.17-18.55.58:291][  0]LogWindows:    3. 'Radeon RX Vega M GH Graphics' (P:0 D:0)
[2018.10.17-18.55.58:292][  0]LogWindows:    4. 'Radeon RX Vega M GH Graphics' (P:0 D:0)
[2018.10.17-18.55.58:292][  0]LogWindows:    5. 'Radeon RX Vega M GH Graphics' (P:0 D:0)
[2018.10.17-18.55.58:292][  0]LogWindows:    6. 'Radeon RX Vega M GH Graphics' (P:0 D:0)
[2018.10.17-18.55.58:292][  0]LogWindows:    7. 'Radeon RX Vega M GH Graphics' (P:0 D:0)
[2018.10.17-18.55.58:293][  0]LogWindows:    8. 'Radeon RX Vega M GH Graphics' (P:0 D:0)
[2018.10.17-18.55.58:293][  0]LogWindows:    9. 'Radeon RX Vega M GH Graphics' (P:0 D:0)
[2018.10.17-18.55.58:293][  0]LogWindows:    10. 'Radeon RX Vega M GH Graphics' (P:0 D:0)
[2018.10.17-18.55.58:293][  0]LogWindows:    11. 'Radeon RX Vega M GH Graphics' (P:0 D:0)
[2018.10.17-18.55.58:293][  0]LogWindows:    12. 'Radeon RX Vega M GH Graphics' (P:0 D:0)
[2018.10.17-18.55.58:294][  0]LogWindows:    13. 'Radeon RX Vega M GH Graphics' (P:0 D:0)
[2018.10.17-18.55.58:294][  0]LogWindows:    14. 'Radeon RX Vega M GH Graphics' (P:0 D:0)
[2018.10.17-18.55.58:294][  0]LogWindows:    15. 'Radeon RX Vega M GH Graphics' (P:0 D:0)
[2018.10.17-18.55.58:294][  0]LogWindows:    16. 'Intel(R) HD Graphics 630' (P:0 D:0)
[2018.10.17-18.55.58:295][  0]LogWindows:    17. 'Intel(R) HD Graphics 630' (P:0 D:0)
[2018.10.17-18.55.58:295][  0]LogWindows: DebugString: PrimaryIsNotTheChoosenAdapter PrimaryIsNotTheChoosenAdapter FoundDriverCount:16 
[2018.10.17-18.55.58:295][  0]LogD3D11RHI:     Adapter Name: Radeon RX Vega M GH Graphics
[2018.10.17-18.55.58:295][  0]LogD3D11RHI:   Driver Version: Adrenalin 18.5.1 (internal:24.20.11016.4, unified:24.20.11016.4)
[2018.10.17-18.55.58:295][  0]LogD3D11RHI:      Driver Date: 5-16-2018
[2018.10.17-18.55.58:295][  0]LogRHI: Texture pool is 2829 MB (70% of 4042 MB)
[2018.10.17-18.55.58:453][  0]LogD3D11RHI: Async texture creation enabled
[2018.10.17-18.55.58:463][  0]LogD3D11RHI: GPU Timing Frequency: 25.000000 (Debug: 2 1)
[2018.10.17-18.55.58:464][  0]LogShaderCompilers: Guid format shader working directory is -39 characters bigger than the processId version (../../../../../../Users/u0905990/Documents/GitHub/AssetPipeMaster01/APsec1LargeCityBase/Intermediate/Shaders/WorkingDirectory/17576/).
[2018.10.17-18.55.58:464][  0]LogShaderCompilers: Cleaned the shader compiler working directory 'C:/Users/u0905990/AppData/Local/Temp/UnrealShaderWorkingDir/C8E39C9149FB0ACB594DE292E100941C/'.
[2018.10.17-18.55.58:692][  0]LogTemp: Display: Loaded TP AllDesktopTargetPlatform
[2018.10.17-18.55.58:704][  0]LogTemp: Display: Loaded TP MacClientTargetPlatform
[2018.10.17-18.55.58:715][  0]LogTemp: Display: Loaded TP MacNoEditorTargetPlatform
[2018.10.17-18.55.58:726][  0]LogTemp: Display: Loaded TP MacServerTargetPlatform
[2018.10.17-18.55.58:738][  0]LogTemp: Display: Loaded TP MacTargetPlatform
[2018.10.17-18.55.58:749][  0]LogTemp: Display: Loaded TP WindowsClientTargetPlatform
[2018.10.17-18.55.58:761][  0]LogTemp: Display: Loaded TP WindowsNoEditorTargetPlatform
[2018.10.17-18.55.58:772][  0]LogTemp: Display: Loaded TP WindowsServerTargetPlatform
[2018.10.17-18.55.58:778][  0]LogTemp: Display: Loaded TP WindowsTargetPlatform
[2018.10.17-18.55.58:844][  0]LogTemp: Display: Loaded TP AndroidTargetPlatform
[2018.10.17-18.55.58:844][  0]LogTemp: Display: Loaded TP AndroidTargetPlatform
[2018.10.17-18.55.58:844][  0]LogTemp: Display: Loaded TP AndroidTargetPlatform
[2018.10.17-18.55.58:844][  0]LogTemp: Display: Loaded TP AndroidTargetPlatform
[2018.10.17-18.55.58:844][  0]LogTemp: Display: Loaded TP AndroidTargetPlatform
[2018.10.17-18.55.58:844][  0]LogTemp: Display: Loaded TP AndroidTargetPlatform
[2018.10.17-18.55.58:844][  0]LogTemp: Display: Loaded TP AndroidTargetPlatform
[2018.10.17-18.55.58:844][  0]LogTemp: Display: Loaded TP AndroidTargetPlatform
[2018.10.17-18.55.58:844][  0]LogTemp: Display: Loaded TP AndroidTargetPlatform
[2018.10.17-18.55.58:844][  0]LogTemp: Display: Loaded TP AndroidTargetPlatform
[2018.10.17-18.55.58:844][  0]LogTemp: Display: Loaded TP AndroidTargetPlatform
[2018.10.17-18.55.58:844][  0]LogTemp: Display: Loaded TP AndroidTargetPlatform
[2018.10.17-18.55.58:844][  0]LogTemp: Display: Loaded TP AndroidTargetPlatform
[2018.10.17-18.55.58:844][  0]LogTemp: Display: Loaded TP AndroidTargetPlatform
[2018.10.17-18.55.58:844][  0]LogTemp: Display: Loaded TP AndroidTargetPlatform
[2018.10.17-18.55.58:844][  0]LogTemp: Display: Loaded TP AndroidTargetPlatform
[2018.10.17-18.55.58:844][  0]LogTemp: Display: Loaded TP AndroidTargetPlatform
[2018.10.17-18.55.58:844][  0]LogTemp: Display: Loaded TP AndroidTargetPlatform
[2018.10.17-18.55.58:845][  0]LogTemp: Display: Loaded TP HTML5TargetPlatform
[2018.10.17-18.55.58:902][  0]LogTemp: Display: Loaded TP IOSTargetPlatform
[2018.10.17-18.55.58:902][  0]LogTemp: Display: Loaded TP IOSTargetPlatform
[2018.10.17-18.55.58:922][  0]LogTemp: Display: Loaded TP TVOSTargetPlatform
[2018.10.17-18.55.58:922][  0]LogTemp: Display: Loaded TP TVOSTargetPlatform
[2018.10.17-18.55.58:932][  0]LogTemp: Display: Loaded TP LinuxClientTargetPlatform
[2018.10.17-18.55.58:942][  0]LogTemp: Display: Loaded TP LinuxNoEditorTargetPlatform
[2018.10.17-18.55.58:952][  0]LogTemp: Display: Loaded TP LinuxServerTargetPlatform
[2018.10.17-18.55.58:963][  0]LogTemp: Display: Loaded TP LinuxTargetPlatform
[2018.10.17-18.55.58:971][  0]LogTemp: Display: Loaded TP LuminTargetPlatform
[2018.10.17-18.55.58:971][  0]LogTargetPlatformManager: Display: Building Assets For Windows
[2018.10.17-18.55.59:026][  0]LogXGEController: Cannot use XGE Controller as Incredibuild is not installed on this machine.
[2018.10.17-18.55.59:026][  0]LogShaderCompilers: Cannot use XGE Shader Compiler as Incredibuild is not installed on this machine.
[2018.10.17-18.55.59:026][  0]LogShaderCompilers: Display: Using Local Shader Compiler.
[2018.10.17-18.55.59:667][  0]LogDerivedDataCache: Display: Max Cache Size: 512 MB
[2018.10.17-18.55.59:721][  0]LogDerivedDataCache: Loaded boot cache 0.05s 71MB C:/Users/u0905990/AppData/Local/UnrealEngine/4.20/DerivedDataCache/Boot.ddc.
[2018.10.17-18.55.59:721][  0]LogDerivedDataCache: Display: Loaded Boot cache: C:/Users/u0905990/AppData/Local/UnrealEngine/4.20/DerivedDataCache/Boot.ddc
[2018.10.17-18.55.59:721][  0]LogDerivedDataCache: FDerivedDataBackendGraph:  Pak pak cache file ../../../../../../Users/u0905990/Documents/GitHub/AssetPipeMaster01/APsec1LargeCityBase/DerivedDataCache/DDC.ddp not found, will not use a pak cache.
[2018.10.17-18.55.59:721][  0]LogDerivedDataCache: Unable to find inner node Pak for hierarchical cache Hierarchy.
[2018.10.17-18.55.59:721][  0]LogDerivedDataCache: FDerivedDataBackendGraph:  CompressedPak pak cache file ../../../../../../Users/u0905990/Documents/GitHub/AssetPipeMaster01/APsec1LargeCityBase/DerivedDataCache/Compressed.ddp not found, will not use a pak cache.
[2018.10.17-18.55.59:721][  0]LogDerivedDataCache: Unable to find inner node CompressedPak for hierarchical cache Hierarchy.
[2018.10.17-18.55.59:733][  0]LogDerivedDataCache: Display: Pak cache opened for reading ../../../Engine/DerivedDataCache/Compressed.ddp.
[2018.10.17-18.55.59:745][  0]LogDerivedDataCache: Using Local data cache path C:/Users/u0905990/AppData/Local/UnrealEngine/Common/DerivedDataCache: Writable
[2018.10.17-18.55.59:745][  0]LogDerivedDataCache: Shared data cache path not found in *engine.ini, will not use an Shared cache.
[2018.10.17-18.55.59:745][  0]LogDerivedDataCache: Unable to find inner node Shared for hierarchical cache Hierarchy.
[2018.10.17-18.55.59:761][  0]LogMaterial: Verifying Global Shaders for PCD3D_SM5
[2018.10.17-18.55.59:762][  0]LogSlate: Using FreeType 2.6.0
[2018.10.17-18.55.59:762][  0]LogSlate: SlateFontServices - WITH_FREETYPE: 1, WITH_HARFBUZZ: 1
[2018.10.17-18.55.59:827][  0]LogAssetRegistry: FAssetRegistry took 0.0253 seconds to start up
[2018.10.17-18.56.00:143][  0]LogInit: Selected Device Profile: [Windows]
[2018.10.17-18.56.00:268][  0]LogSimplygon: Simplygon DLL not present - disabling.
[2018.10.17-18.56.00:273][  0]LogMeshReduction: Using SimplygonSwarm for distributed automatic mesh merging
[2018.10.17-18.56.00:273][  0]LogMeshReduction: Using ProxyLODMeshReduction for automatic mesh merging
[2018.10.17-18.56.00:273][  0]LogMeshReduction: Using QuadricMeshReduction for automatic static mesh reduction
[2018.10.17-18.56.00:273][  0]LogMeshReduction: No automatic skeletal mesh reduction module available
[2018.10.17-18.56.00:288][  0]LogNetVersion: APsec1LargeCityBase 1.0.0, NetCL: 4212847, EngineNetVer: 5, GameNetVer: 0 (Checksum: 1121110827)
[2018.10.17-18.56.00:778][  0]LogPackageLocalizationCache: Processed 11 localized package path(s) for 2 prioritized culture(s) in 0.106025 seconds
[2018.10.17-18.56.00:783][  0]LogUObjectArray: 38425 objects as part of root set at end of initial load.
[2018.10.17-18.56.00:783][  0]LogUObjectAllocator: 6690872 out of 0 bytes used by permanent object pool.
[2018.10.17-18.56.00:783][  0]LogUObjectArray: CloseDisregardForGC: 0/0 objects in disregard for GC pool
[2018.10.17-18.56.01:565][  0]LogTcpMessaging: Initializing TcpMessaging bridge
[2018.10.17-18.56.01:578][  0]LogUdpMessaging: Initializing bridge on interface 0.0.0.0:0 to multicast group 230.0.0.1:6666.
[2018.10.17-18.56.01:711][  0]SourceControl: Source control is disabled
[2018.10.17-18.56.01:711][  0]SourceControl: Source control is disabled
[2018.10.17-18.56.01:712][  0]SourceControl: Source control is disabled
[2018.10.17-18.56.01:713][  0]SourceControl: Source control is disabled
[2018.10.17-18.56.01:864][  0]LogAndroidPermission: UAndroidPermissionCallbackProxy::GetInstance
[2018.10.17-18.56.01:931][  0]LogOcInput: OculusInput pre-init called
[2018.10.17-18.56.01:988][  0]LogEngine: Initializing Engine...
[2018.10.17-18.56.01:988][  0]LogHMD: Failed to initialize OpenVR with code 110
[2018.10.17-18.56.01:989][  0]LogStats: UGameplayTagsManager::ConstructGameplayTagTree: ImportINI prefixes -  0.000 s
[2018.10.17-18.56.01:989][  0]LogStats: UGameplayTagsManager::ConstructGameplayTagTree: Construct from data asset -  0.000 s
[2018.10.17-18.56.01:989][  0]LogStats: UGameplayTagsManager::ConstructGameplayTagTree: ImportINI -  0.000 s
[2018.10.17-18.56.01:989][  0]LogStats: UGameplayTagsManager::ConstructGameplayTagTree: GameplayTagTreeChangedEvent.Broadcast -  0.000 s
[2018.10.17-18.56.02:172][  0]LogInit: Initializing FReadOnlyCVARCache
[2018.10.17-18.56.02:187][  0]LogAIModule: Creating AISystem for world Untitled
[2018.10.17-18.56.02:211][  0]LogInit: XAudio2 using '5 - DELL UZ2315H (AMD High Definition Audio Device)' : 2 channels at 48 kHz using 16 bits per sample (channel mask 0x3)
[2018.10.17-18.56.02:223][  0]LogInit: FAudioDevice initialized.
[2018.10.17-18.56.02:224][  0]LogNetVersion: Set ProjectVersion to 1.0.0.0. Version Checksum will be recalculated on next use.
[2018.10.17-18.56.02:298][  0]LogDerivedDataCache: Saved boot cache 0.07s 71MB C:/Users/u0905990/AppData/Local/UnrealEngine/4.20/DerivedDataCache/Boot.ddc.
[2018.10.17-18.56.02:307][  0]LogInit: Texture streaming: Enabled
[2018.10.17-18.56.02:323][  0]LogEngineSessionManager: EngineSessionManager initialized
[2018.10.17-18.56.02:340][  0]LogInit: Transaction tracking system initialized
[2018.10.17-18.56.02:362][  0]BlueprintLog: New page: Editor Load
[2018.10.17-18.56.02:438][  0]LocalizationService: Localization service is disabled
[2018.10.17-18.56.02:686][  0]LogCook: Display: Max memory allowance for cook 16384mb min free memory 0mb
[2018.10.17-18.56.02:686][  0]LogCook: Display: Mobile HDR setting 1
[2018.10.17-18.56.02:686][  0]LogFileCache: Scanning file cache for directory 'C:/Users/u0905990/Documents/GitHub/AssetPipeMaster01/APsec1LargeCityBase/Content/' took 0.02s
[2018.10.17-18.56.02:686][  0]LogGameplayTags: Display: UGameplayTagsManager::DoneAddingNativeTags. DelegateIsBound: 0
[2018.10.17-18.56.02:686][  0]LogStats: UGameplayTagsManager::ConstructGameplayTagTree: ImportINI prefixes -  0.000 s
[2018.10.17-18.56.02:686][  0]LogStats: UGameplayTagsManager::ConstructGameplayTagTree: Construct from data asset -  0.000 s
[2018.10.17-18.56.02:686][  0]LogStats: UGameplayTagsManager::ConstructGameplayTagTree: ImportINI -  0.000 s
[2018.10.17-18.56.02:686][  0]LogStats: UGameplayTagsManager::ConstructGameplayTagTree: GameplayTagTreeChangedEvent.Broadcast -  0.000 s
[2018.10.17-18.56.02:812][  0]SourceControl: Source control is disabled
[2018.10.17-18.56.02:812][  0]Cmd: MAP LOAD FILE="../../../Engine/Content/Maps/Templates/Template_Default.umap" TEMPLATE=1 SHOWPROGRESS=1 FEATURELEVEL=3
[2018.10.17-18.56.02:813][  0]LightingResults: New page: Lighting Build
[2018.10.17-18.56.02:815][  0]MapCheck: New page: Map Check
[2018.10.17-18.56.02:816][  0]LightingResults: New page: Lighting Build
[2018.10.17-18.56.03:003][  0]LogAIModule: Creating AISystem for world Untitled_1
[2018.10.17-18.56.03:010][  0]LogEditorServer: Finished looking for orphan Actors (0.000 secs)
[2018.10.17-18.56.03:032][  0]Cmd: MAP CHECKDEP NOCLEARLOG
[2018.10.17-18.56.03:090][  0]MapCheck: Map check complete: 0 Error(s), 0 Warning(s), took 58.199ms to complete.
[2018.10.17-18.56.03:090][  0]LogFileHelpers: Loading map 'Template_Default' took 0.279
[2018.10.17-18.56.03:182][  0]LogSlate: Updating window title bar state: overlay mode, drag disabled, window buttons hidden, title bar hidden
[2018.10.17-18.56.03:188][  0]LogSlate: Updating window title bar state: overlay mode, drag disabled, window buttons hidden, title bar hidden
[2018.10.17-18.56.03:194][  0]LogSlate: Updating window title bar state: overlay mode, drag disabled, window buttons hidden, title bar hidden
[2018.10.17-18.56.03:200][  0]LogSlate: Updating window title bar state: overlay mode, drag disabled, window buttons hidden, title bar hidden
[2018.10.17-18.56.03:206][  0]LogCollectionManager: Loaded 0 collections in 0.001641 seconds
[2018.10.17-18.56.03:249][  0]LogFileCache: Scanning file cache for directory 'C:/Users/u0905990/Documents/GitHub/AssetPipeMaster01/APsec1LargeCityBase/Saved/Collections/' took 0.01s
[2018.10.17-18.56.03:250][  0]LogFileCache: Scanning file cache for directory 'C:/Users/u0905990/Documents/GitHub/AssetPipeMaster01/APsec1LargeCityBase/Content/Developers/u0905990/Collections/' took 0.01s
[2018.10.17-18.56.03:250][  0]LogFileCache: Scanning file cache for directory 'C:/Users/u0905990/Documents/GitHub/AssetPipeMaster01/APsec1LargeCityBase/Content/Collections/' took 0.01s
[2018.10.17-18.56.03:250][  0]LogCollectionManager: Rebuilt the GUID cache for 0 collections in 0.000000 seconds
[2018.10.17-18.56.03:257][  0]LogContentBrowser: Native class hierarchy populated in 0.0076 seconds. Added 2572 classes and 603 folders.
[2018.10.17-18.56.03:264][  0]LogContentBrowser: Native class hierarchy updated for 'WidgetCarousel' in 0.0004 seconds. Added 0 classes and 0 folders.
[2018.10.17-18.56.03:304][  0]LogContentBrowser: Native class hierarchy updated for 'AddContentDialog' in 0.0002 seconds. Added 0 classes and 0 folders.
[2018.10.17-18.56.03:309][  0]LogContentBrowser: Native class hierarchy updated for 'SceneOutliner' in 0.0002 seconds. Added 1 classes and 2 folders.
[2018.10.17-18.56.03:321][  0]LogSlate: Took 0.000251 seconds to synchronously load lazily loaded font '../../../Engine/Content/Slate/Fonts/Roboto-Regular.ttf' (155K)
[2018.10.17-18.56.03:323][  0]LogSlate: Took 0.000169 seconds to synchronously load lazily loaded font '../../../Engine/Content/Slate/Fonts/Roboto-Bold.ttf' (160K)
[2018.10.17-18.56.03:328][  0]LogSlate: Took 0.000274 seconds to synchronously load lazily loaded font '../../../Engine/Content/Editor/Slate/Fonts/FontAwesome.ttf' (139K)
[2018.10.17-18.56.03:401][  0]LogRenderer: Reallocating scene render targets to support 1208x576 Format 10 NumSamples 1 (Frame:1).
[2018.10.17-18.56.03:526][  0]LogContentBrowser: Native class hierarchy updated for 'HierarchicalLODOutliner' in 0.0002 seconds. Added 0 classes and 0 folders.
[2018.10.17-18.56.03:527][  0]LogLoad: (Engine Initialization) Total time: 7.60 seconds
[2018.10.17-18.56.03:527][  0]LogLoad: (Engine Initialization) Total Blueprint compile time: 0.00 seconds
[2018.10.17-18.56.03:537][  0]LogWindowsTextInputMethodSystem: Display: IME system now deactivated.
[2018.10.17-18.56.03:555][  0]LogAssetRegistry: Asset discovery search completed in 3.7505 seconds
[2018.10.17-18.56.03:556][  0]LogCollectionManager: Rebuilt the object cache for 0 collections in 0.000000 seconds (found 0 objects)
[2018.10.17-18.56.03:556][  0]LogCollectionManager: Fixed up redirectors for 0 collections in 0.000057 seconds (updated 0 objects)
[2018.10.17-18.56.03:558][  0]LogContentStreaming: Texture pool size now 1000 MB
[2018.10.17-18.56.03:591][  0]LogSlate: Took 0.000195 seconds to synchronously load lazily loaded font '../../../Engine/Content/Slate/Fonts/Roboto-Light.ttf' (167K)
[2018.10.17-18.56.09:462][699]LogSlate: FSceneViewport::OnFocusLost() reason 0
[2018.10.17-18.56.09:918][753]LogSlate: Took 0.000156 seconds to synchronously load lazily loaded font '../../../Engine/Content/Slate/Fonts/Roboto-Light.ttf' (167K)
[2018.10.17-18.56.11:099][753]LogTexture: Display: Building textures: HQ_Lightmap1_2 (AutoDXT, 64X64)
[2018.10.17-18.56.11:099][753]LogTexture: Display: Building textures: LQ_Lightmap_1_2 (DXT1, 64X64)
[2018.10.17-18.56.11:099][753]LogTexture: Display: Building textures: streetLines001 (AutoDXT, 2048X2048)
[2018.10.17-18.56.11:099][753]LogTexture: Display: Building textures: ShadowMapTexture2D_14 (G8, 1024X256)
[2018.10.17-18.56.11:099][753]LogTexture: Display: Building textures: HQ_Lightmap1_1 (AutoDXT, 1024X1024)
[2018.10.17-18.56.11:099][753]LogTexture: Display: Building textures: LQ_Lightmap_1_1 (DXT1, 1024X1024)
[2018.10.17-18.56.11:099][753]LogTexture: Display: Building textures: ShadowMapTexture2D_15 (G8, 32X32)
[2018.10.17-18.56.11:099][753]LogTexture: Display: Building textures: WoodTexture004 (AutoDXT, 2048X2048)
[2018.10.17-18.56.11:099][753]LogTexture: Display: Building textures: N_WoodTexture001_AP (BGRA8, 2299X2299)
[2018.10.17-18.56.11:099][753]LogMaterial: Display: Missing cached shader map for material M_MasterWoodBlock_AP, compiling. 
[2018.10.17-18.56.11:412][753]LogShaderCompilers: Display: Shaders left to compile 31
[2018.10.17-18.56.11:412][753]LogShaderCompilers: Display: Shaders left to compile 21
[2018.10.17-18.56.11:412][753]LogShaderCompilers: Display: Shaders left to compile 11
[2018.10.17-18.56.11:412][753]LogShaderCompilers: Display: Shaders left to compile 1
[2018.10.17-18.56.11:412][753]LogStaticMesh: Building static mesh MACHicAssign004WBsize...
[2018.10.17-18.56.12:024][753]LogStaticMesh: Built static mesh [0.61s] /Game/Human4Size/MACHicAssign004WBsize.MACHicAssign004WBsize
[2018.10.17-18.56.12:122][753]LogMaterial: Display: Missing cached shader map for material M_WBchar_MACH, compiling. 
[2018.10.17-18.56.12:138][753]LogShaderCompilers: Display: Shaders left to compile 22
[2018.10.17-18.56.12:141][753]LogStaticMesh: Building static mesh streetBlocks100X100X30...
[2018.10.17-18.56.12:144][753]LogStaticMesh: Built static mesh [0.00s] /Game/StreetBlocks/streetBlocks100X100X30.streetBlocks100X100X30
[2018.10.17-18.56.12:147][753]LogStaticMesh: Building static mesh streetBlocks100X50X30...
[2018.10.17-18.56.12:153][753]LogStaticMesh: Built static mesh [0.01s] /Game/StreetBlocks/streetBlocks100X50X30.streetBlocks100X50X30
[2018.10.17-18.56.12:157][753]LogStaticMesh: Building static mesh streetBlocks50RCorner...
[2018.10.17-18.56.12:165][753]LogStaticMesh: Built static mesh [0.01s] /Game/StreetBlocks/streetBlocks50RCorner.streetBlocks50RCorner
[2018.10.17-18.56.12:167][753]LogStaticMesh: Building static mesh streetBlocks100X50X20...
[2018.10.17-18.56.12:173][753]LogStaticMesh: Built static mesh [0.01s] /Game/StreetBlocks/streetBlocks100X50X20.streetBlocks100X50X20
[2018.10.17-18.56.12:177][753]LogStaticMesh: Building static mesh streetBlocks100X100X20...
[2018.10.17-18.56.12:185][753]LogStaticMesh: Built static mesh [0.01s] /Game/StreetBlocks/streetBlocks100X100X20.streetBlocks100X100X20
[2018.10.17-18.56.12:187][753]LogStaticMesh: Building static mesh streetBlocks50X50X20...
[2018.10.17-18.56.12:190][753]LogStaticMesh: Built static mesh [0.00s] /Game/StreetBlocks/streetBlocks50X50X20.streetBlocks50X50X20
[2018.10.17-18.56.12:273][753]LogStaticMesh: Building static mesh SM_MERGED_tractorBase...
[2018.10.17-18.56.12:749][753]LogStaticMesh: Built static mesh [0.48s] /Game/Tractor/SM_MERGED_tractorBase.SM_MERGED_tractorBase
[2018.10.17-18.56.12:777][753]LogAIModule: Creating AISystem for world StreetSceneLarge
[2018.10.17-18.56.13:392][818]LogShaderCompilers: Display: Shaders left to compile 12
[2018.10.17-18.56.13:906][875]LogShaderCompilers: Display: Shaders left to compile 2
[2018.10.17-18.56.23:226][958]LogAIModule: Creating AISystem for world StreetSceneLarge_MMM
[2018.10.17-18.56.25:558][234]LogAssetEditorManager: Opening Asset editor for World /Game/StreetSceneLarge_MMM.StreetSceneLarge_MMM
[2018.10.17-18.56.29:910][234]LogSlate: Window 'Save Content' being destroyed
[2018.10.17-18.56.30:228][234]LogSavePackage: Moving '../../../../../../Users/u0905990/Documents/GitHub/AssetPipeMaster01/APsec1LargeCityBase/Saved/StreetSceneLarge_MMM9A68B0774C7D755EBDEB40ACA5644044.tmp' to '../../../../../../Users/u0905990/Documents/GitHub/AssetPipeMaster01/APsec1LargeCityBase/Content/StreetSceneLarge_MMM.umap'
[2018.10.17-18.56.30:238][234]LogFileHelpers: Saving map 'StreetSceneLarge_MMM' took 0.318
[2018.10.17-18.56.30:298][234]LogSavePackage: Moving '../../../../../../Users/u0905990/Documents/GitHub/AssetPipeMaster01/APsec1LargeCityBase/Saved/StreetSceneLarge_MMM_BuiltDataE32530674AD601B86327FD90BC6C82E6.tmp' to '../../../../../../Users/u0905990/Documents/GitHub/AssetPipeMaster01/APsec1LargeCityBase/Content/StreetSceneLarge_MMM_BuiltData.uasset'
[2018.10.17-18.56.30:305][234]Cmd: MAP LOAD FILE="../../../../../../Users/u0905990/Documents/GitHub/AssetPipeMaster01/APsec1LargeCityBase/Content/StreetSceneLarge_MMM.umap" TEMPLATE=0 SHOWPROGRESS=1 FEATURELEVEL=3
[2018.10.17-18.56.30:305][234]LightingResults: New page: Lighting Build
[2018.10.17-18.56.30:306][234]LoadErrors: New page: Loading map: StreetSceneLarge_MMM.umap
[2018.10.17-18.56.30:306][234]MapCheck: New page: Map Check
[2018.10.17-18.56.30:306][234]LightingResults: New page: Lighting Build
[2018.10.17-18.56.30:380][234]LogEditorServer: Finished looking for orphan Actors (0.000 secs)
[2018.10.17-18.56.30:429][234]Cmd: MAP CHECKDEP NOCLEARLOG
[2018.10.17-18.56.30:495][234]MapCheck: Map check complete: 0 Error(s), 0 Warning(s), took 65.721ms to complete.
[2018.10.17-18.56.30:496][234]LogFileHelpers: Loading map 'StreetSceneLarge_MMM' took 0.192
[2018.10.17-18.56.35:712][837]LogEditorViewport: Clicking on Actor (LMB): StaticMeshActor (streetBlockBase27)
[2018.10.17-18.56.44:807][899]LogEditorViewport: Clicking on Actor (LMB): BP_Sky_Sphere_C (Sky Sphere)
[2018.10.17-18.56.46:525][ 92]LogEditorViewport: Clicking on Actor (LMB): StaticMeshActor (GroundBase73)
[2018.10.17-18.56.46:692][105]Cmd: CAMERA ALIGN ACTIVEVIEWPORTONLY
[2018.10.17-18.57.08:703][ 48]LogSlate: FSceneViewport::OnFocusLost() reason 0
[2018.10.17-18.57.19:604][ 12]LogEditorViewport: Clicking on Actor (LMB): StaticMeshActor (streetBlockBase42)
[2018.10.17-18.57.20:614][100]Cmd: DELETE
[2018.10.17-18.57.20:614][100]Cmd: ACTOR DELETE
[2018.10.17-18.57.20:633][100]LogEditorActor: Deleted Actor: StaticMeshActor
[2018.10.17-18.57.20:653][100]LogEditorActor: Deleted 1 Actors (0.030 secs)
[2018.10.17-18.57.21:199][152]LogEditorViewport: Clicking on Actor (LMB): StaticMeshActor (SidewalkCorner8)
[2018.10.17-18.57.21:312][157]Cmd: DELETE
[2018.10.17-18.57.21:312][157]Cmd: ACTOR DELETE
[2018.10.17-18.57.21:317][157]LogEditorActor: Deleted Actor: StaticMeshActor
[2018.10.17-18.57.21:339][157]LogEditorActor: Deleted 1 Actors (0.027 secs)
[2018.10.17-18.57.21:764][196]LogEditorViewport: Clicking on Actor (LMB): StaticMeshActor (SidewalkCorner7)
[2018.10.17-18.57.21:944][208]Cmd: DELETE
[2018.10.17-18.57.21:944][208]Cmd: ACTOR DELETE
[2018.10.17-18.57.21:949][208]LogEditorActor: Deleted Actor: StaticMeshActor
[2018.10.17-18.57.21:969][208]LogEditorActor: Deleted 1 Actors (0.025 secs)
[2018.10.17-18.57.22:328][242]LogEditorViewport: Clicking on Actor (LMB): StaticMeshActor (sidewalkBlock37)
[2018.10.17-18.57.22:413][245]Cmd: DELETE
[2018.10.17-18.57.22:413][245]Cmd: ACTOR DELETE
[2018.10.17-18.57.22:419][245]LogEditorActor: Deleted Actor: StaticMeshActor
[2018.10.17-18.57.22:439][245]LogEditorActor: Deleted 1 Actors (0.025 secs)
[2018.10.17-18.57.22:693][269]LogEditorViewport: Clicking on Actor (LMB): StaticMeshActor (sidewalkBlock38)
[2018.10.17-18.57.22:793][274]Cmd: DELETE
[2018.10.17-18.57.22:793][274]Cmd: ACTOR DELETE
[2018.10.17-18.57.22:798][274]LogEditorActor: Deleted Actor: StaticMeshActor
[2018.10.17-18.57.22:821][274]LogEditorActor: Deleted 1 Actors (0.028 secs)
[2018.10.17-18.57.23:096][299]LogEditorViewport: Clicking on Actor (LMB): StaticMeshActor (sidewalkBlock39)
[2018.10.17-18.57.23:238][308]Cmd: DELETE
[2018.10.17-18.57.23:239][308]Cmd: ACTOR DELETE
[2018.10.17-18.57.23:244][308]LogEditorActor: Deleted Actor: StaticMeshActor
[2018.10.17-18.57.23:265][308]LogEditorActor: Deleted 1 Actors (0.027 secs)
[2018.10.17-18.57.23:490][329]LogEditorViewport: Clicking on Actor (LMB): StaticMeshActor (sidewalkBlock40)
[2018.10.17-18.57.23:641][339]Cmd: DELETE
[2018.10.17-18.57.23:641][339]Cmd: ACTOR DELETE
[2018.10.17-18.57.23:645][339]LogEditorActor: Deleted Actor: StaticMeshActor
[2018.10.17-18.57.23:667][339]LogEditorActor: Deleted 1 Actors (0.026 secs)
[2018.10.17-18.57.23:921][363]LogEditorViewport: Clicking on Actor (LMB): StaticMeshActor (sidewalkBlock41)
[2018.10.17-18.57.24:095][375]Cmd: DELETE
[2018.10.17-18.57.24:095][375]Cmd: ACTOR DELETE
[2018.10.17-18.57.24:100][375]LogEditorActor: Deleted Actor: StaticMeshActor
[2018.10.17-18.57.24:119][375]LogEditorActor: Deleted 1 Actors (0.024 secs)
[2018.10.17-18.57.24:324][394]LogEditorViewport: Clicking on Actor (LMB): StaticMeshActor (sidewalkBlock42)
[2018.10.17-18.57.24:486][405]Cmd: DELETE
[2018.10.17-18.57.24:486][405]Cmd: ACTOR DELETE
[2018.10.17-18.57.24:490][405]LogEditorActor: Deleted Actor: StaticMeshActor
[2018.10.17-18.57.24:510][405]LogEditorActor: Deleted 1 Actors (0.024 secs)
[2018.10.17-18.57.24:722][425]LogEditorViewport: Clicking on Actor (LMB): StaticMeshActor (sidewalkBlock43)
[2018.10.17-18.57.24:871][435]Cmd: DELETE
[2018.10.17-18.57.24:871][435]Cmd: ACTOR DELETE
[2018.10.17-18.57.24:878][435]LogEditorActor: Deleted Actor: StaticMeshActor
[2018.10.17-18.57.24:899][435]LogEditorActor: Deleted 1 Actors (0.029 secs)
[2018.10.17-18.57.25:130][457]LogEditorViewport: Clicking on Actor (LMB): StaticMeshActor (sidewalkBlock44)
[2018.10.17-18.57.25:247][464]Cmd: DELETE
[2018.10.17-18.57.25:247][464]Cmd: ACTOR DELETE
[2018.10.17-18.57.25:252][464]LogEditorActor: Deleted Actor: StaticMeshActor
[2018.10.17-18.57.25:272][464]LogEditorActor: Deleted 1 Actors (0.026 secs)
[2018.10.17-18.57.25:508][487]LogEditorViewport: Clicking on Actor (LMB): StaticMeshActor (streetBlockBase43)
[2018.10.17-18.57.25:639][495]Cmd: DELETE
[2018.10.17-18.57.25:639][495]Cmd: ACTOR DELETE
[2018.10.17-18.57.25:643][495]LogEditorActor: Deleted Actor: StaticMeshActor
[2018.10.17-18.57.25:663][495]LogEditorActor: Deleted 1 Actors (0.024 secs)
[2018.10.17-18.57.25:939][522]LogEditorViewport: Clicking on Actor (LMB): StaticMeshActor (SidewalkCorner9)
[2018.10.17-18.57.26:059][529]Cmd: DELETE
[2018.10.17-18.57.26:059][529]Cmd: ACTOR DELETE
[2018.10.17-18.57.26:063][529]LogEditorActor: Deleted Actor: StaticMeshActor
[2018.10.17-18.57.26:082][529]LogEditorActor: Deleted 1 Actors (0.023 secs)
[2018.10.17-18.57.28:362][763]LogEditorViewport: Clicking on Actor (LMB): StaticMeshActor (sideWalkBlock36)
[2018.10.17-18.57.31:194][ 32]Cmd: DELETE
[2018.10.17-18.57.31:194][ 32]Cmd: ACTOR DELETE
[2018.10.17-18.57.31:198][ 32]LogEditorActor: Deleted Actor: StaticMeshActor
[2018.10.17-18.57.31:218][ 32]LogEditorActor: Deleted 1 Actors (0.024 secs)
[2018.10.17-18.57.31:901][100]LogEditorViewport: Clicking on Actor (LMB): StaticMeshActor (GroundBase89)
[2018.10.17-18.57.32:017][105]Cmd: DELETE
[2018.10.17-18.57.32:017][105]Cmd: ACTOR DELETE
[2018.10.17-18.57.32:023][105]LogEditorActor: Deleted Actor: StaticMeshActor
[2018.10.17-18.57.32:044][105]LogEditorActor: Deleted 1 Actors (0.027 secs)
[2018.10.17-18.57.32:327][133]LogEditorViewport: Clicking on Actor (LMB): StaticMeshActor (GroundBase79)
[2018.10.17-18.57.32:409][136]Cmd: DELETE
[2018.10.17-18.57.32:409][136]Cmd: ACTOR DELETE
[2018.10.17-18.57.32:414][136]LogEditorActor: Deleted Actor: StaticMeshActor
[2018.10.17-18.57.32:436][136]LogEditorActor: Deleted 1 Actors (0.027 secs)
[2018.10.17-18.57.32:701][162]LogEditorViewport: Clicking on Actor (LMB): StaticMeshActor (GroundBase78)
[2018.10.17-18.57.32:791][166]Cmd: DELETE
[2018.10.17-18.57.32:791][166]Cmd: ACTOR DELETE
[2018.10.17-18.57.32:796][166]LogEditorActor: Deleted Actor: StaticMeshActor
[2018.10.17-18.57.32:817][166]LogEditorActor: Deleted 1 Actors (0.026 secs)
[2018.10.17-18.57.33:083][192]LogEditorViewport: Clicking on Actor (LMB): StaticMeshActor (GroundBase77)
[2018.10.17-18.57.33:189][198]Cmd: DELETE
[2018.10.17-18.57.33:189][198]Cmd: ACTOR DELETE
[2018.10.17-18.57.33:193][198]LogEditorActor: Deleted Actor: StaticMeshActor
[2018.10.17-18.57.33:215][198]LogEditorActor: Deleted 1 Actors (0.026 secs)
[2018.10.17-18.57.33:436][219]LogEditorViewport: Clicking on Actor (LMB): StaticMeshActor (GroundBase76)
[2018.10.17-18.57.35:263][397]Cmd: TRANSACTION UNDO
[2018.10.17-18.57.35:263][397]LogEditorTransaction: Undo Clicking on Actors
[2018.10.17-18.57.35:459][416]Cmd: TRANSACTION UNDO
[2018.10.17-18.57.35:460][416]LogEditorTransaction: Undo Delete Actors
[2018.10.17-18.57.35:660][425]Cmd: TRANSACTION UNDO
[2018.10.17-18.57.35:660][425]LogEditorTransaction: Undo Clicking on Actors
[2018.10.17-18.57.35:858][439]Cmd: TRANSACTION UNDO
[2018.10.17-18.57.35:858][439]LogEditorTransaction: Undo Delete Actors
[2018.10.17-18.57.36:033][448]Cmd: TRANSACTION UNDO
[2018.10.17-18.57.36:033][448]LogEditorTransaction: Undo Clicking on Actors
[2018.10.17-18.57.36:206][461]Cmd: TRANSACTION UNDO
[2018.10.17-18.57.36:206][461]LogEditorTransaction: Undo Delete Actors
[2018.10.17-18.57.36:396][472]Cmd: TRANSACTION UNDO
[2018.10.17-18.57.36:396][472]LogEditorTransaction: Undo Clicking on Actors
[2018.10.17-18.57.36:580][486]Cmd: TRANSACTION UNDO
[2018.10.17-18.57.36:580][486]LogEditorTransaction: Undo Delete Actors
[2018.10.17-18.57.36:945][509]Cmd: TRANSACTION UNDO
[2018.10.17-18.57.36:945][509]LogEditorTransaction: Undo Clicking on Actors
[2018.10.17-18.57.37:284][534]Cmd: TRANSACTION UNDO
[2018.10.17-18.57.37:284][534]LogEditorTransaction: Undo Delete Actors
[2018.10.17-18.58.18:971][669]LogSlate: FSceneViewport::OnFocusLost() reason 0
[2018.10.17-18.58.26:223][424]Cmd: CAMERA ALIGN ACTIVEVIEWPORTONLY
[2018.10.17-18.58.32:084][958]LogSlate: FSceneViewport::OnFocusLost() reason 0
[2018.10.17-18.59.05:210][558]Cmd: EDIT COPY
[2018.10.17-18.59.05:410][573]Cmd: EDIT PASTE
[2018.10.17-18.59.08:170][664]Cmd: CAMERA ALIGN ACTIVEVIEWPORTONLY
[2018.10.17-18.59.13:037][918]Cmd: TRANSACTION UNDO
[2018.10.17-18.59.13:037][918]LogEditorTransaction: Undo Move Actors
[2018.10.17-18.59.13:119][918]LogActorComponent: ~FComponentReregisterContext: (/Game/StreetSceneLarge_MMM.StreetSceneLarge_MMM:PersistentLevel.GroundBase106.StaticMeshComponent0) Component already registered.
[2018.10.17-18.59.13:120][918]LogActorComponent: ~FComponentReregisterContext: (/Game/StreetSceneLarge_MMM.StreetSceneLarge_MMM:PersistentLevel.sideWalkBlock52.StaticMeshComponent0) Component already registered.
[2018.10.17-18.59.13:120][918]LogActorComponent: ~FComponentReregisterContext: (/Game/StreetSceneLarge_MMM.StreetSceneLarge_MMM:PersistentLevel.GroundBase108.StaticMeshComponent0) Component already registered.
[2018.10.17-18.59.13:121][918]LogActorComponent: ~FComponentReregisterContext: (/Game/StreetSceneLarge_MMM.StreetSceneLarge_MMM:PersistentLevel.GroundBase110.StaticMeshComponent0) Component already registered.
[2018.10.17-18.59.13:122][918]LogActorComponent: ~FComponentReregisterContext: (/Game/StreetSceneLarge_MMM.StreetSceneLarge_MMM:PersistentLevel.sidewalkBlock49.StaticMeshComponent0) Component already registered.
[2018.10.17-18.59.13:122][918]LogActorComponent: ~FComponentReregisterContext: (/Game/StreetSceneLarge_MMM.StreetSceneLarge_MMM:PersistentLevel.streetBlockBase69.StaticMeshComponent0) Component already registered.
[2018.10.17-18.59.13:122][918]LogActorComponent: ~FComponentReregisterContext: (/Game/StreetSceneLarge_MMM.StreetSceneLarge_MMM:PersistentLevel.sidewalkBlock51.StaticMeshComponent0) Component already registered.
[2018.10.17-18.59.13:123][918]LogActorComponent: ~FComponentReregisterContext: (/Game/StreetSceneLarge_MMM.StreetSceneLarge_MMM:PersistentLevel.streetBlockBase81.StaticMeshComponent0) Component already registered.
[2018.10.17-18.59.13:123][918]LogActorComponent: ~FComponentReregisterContext: (/Game/StreetSceneLarge_MMM.StreetSceneLarge_MMM:PersistentLevel.sidewalkBlock59.StaticMeshComponent0) Component already registered.
[2018.10.17-18.59.13:124][918]LogActorComponent: ~FComponentReregisterContext: (/Game/StreetSceneLarge_MMM.StreetSceneLarge_MMM:PersistentLevel.GroundBase121.StaticMeshComponent0) Component already registered.
[2018.10.17-18.59.13:124][918]LogActorComponent: ~FComponentReregisterContext: (/Game/StreetSceneLarge_MMM.StreetSceneLarge_MMM:PersistentLevel.sidewalkBlock55.StaticMeshComponent0) Component already registered.
[2018.10.17-18.59.13:124][918]LogActorComponent: ~FComponentReregisterContext: (/Game/StreetSceneLarge_MMM.StreetSceneLarge_MMM:PersistentLevel.GroundBase112.StaticMeshComponent0) Component already registered.
[2018.10.17-18.59.13:125][918]LogActorComponent: ~FComponentReregisterContext: (/Game/StreetSceneLarge_MMM.StreetSceneLarge_MMM:PersistentLevel.streetBlockBase79.StaticMeshComponent0) Component already registered.
[2018.10.17-18.59.13:126][918]LogActorComponent: ~FComponentReregisterContext: (/Game/StreetSceneLarge_MMM.StreetSceneLarge_MMM:PersistentLevel.sidewalkBlock38_231.StaticMeshComponent0) Component already registered.
[2018.10.17-18.59.13:126][918]LogActorComponent: ~FComponentReregisterContext: (/Game/StreetSceneLarge_MMM.StreetSceneLarge_MMM:PersistentLevel.streetBlockBase47.StaticMeshComponent0) Component already registered.
[2018.10.17-18.59.13:127][918]LogActorComponent: ~FComponentReregisterContext: (/Game/StreetSceneLarge_MMM.StreetSceneLarge_MMM:PersistentLevel.streetBlockBase51.StaticMeshComponent0) Component already registered.
[2018.10.17-18.59.13:127][918]LogActorComponent: ~FComponentReregisterContext: (/Game/StreetSceneLarge_MMM.StreetSceneLarge_MMM:PersistentLevel.streetBlockBase5.StaticMeshComponent0) Component already registered.
[2018.10.17-18.59.13:127][918]LogActorComponent: ~FComponentReregisterContext: (/Game/StreetSceneLarge_MMM.StreetSceneLarge_MMM:PersistentLevel.streetBlockIntersect3.StaticMeshComponent0) Component already registered.
[2018.10.17-18.59.13:128][918]LogActorComponent: ~FComponentReregisterContext: (/Game/StreetSceneLarge_MMM.StreetSceneLarge_MMM:PersistentLevel.SidewalkCorner8_227.StaticMeshComponent0) Component already registered.
[2018.10.17-18.59.13:129][918]LogActorComponent: ~FComponentReregisterContext: (/Game/StreetSceneLarge_MMM.StreetSceneLarge_MMM:PersistentLevel.GroundBase90.StaticMeshComponent0) Component already registered.
[2018.10.17-18.59.13:129][918]LogActorComponent: ~FComponentReregisterContext: (/Game/StreetSceneLarge_MMM.StreetSceneLarge_MMM:PersistentLevel.GroundBase95.StaticMeshComponent0) Component already registered.
[2018.10.17-18.59.13:130][918]LogActorComponent: ~FComponentReregisterContext: (/Game/StreetSceneLarge_MMM.StreetSceneLarge_MMM:PersistentLevel.sideWalkBlock40_233.StaticMeshComponent0) Component already registered.
[2018.10.17-18.59.13:130][918]LogActorComponent: ~FComponentReregisterContext: (/Game/StreetSceneLarge_MMM.StreetSceneLarge_MMM:PersistentLevel.streetBlockBase56.StaticMeshComponent0) Component already registered.
[2018.10.17-18.59.13:130][918]LogActorComponent: ~FComponentReregisterContext: (/Game/StreetSceneLarge_MMM.StreetSceneLarge_MMM:PersistentLevel.streetBlockBase55.StaticMeshComponent0) Component already registered.
[2018.10.17-18.59.13:131][918]LogActorComponent: ~FComponentReregisterContext: (/Game/StreetSceneLarge_MMM.StreetSceneLarge_MMM:PersistentLevel.streetBlockBase59.StaticMeshComponent0) Component already registered.
[2018.10.17-18.59.13:132][918]LogActorComponent: ~FComponentReregisterContext: (/Game/StreetSceneLarge_MMM.StreetSceneLarge_MMM:PersistentLevel.sideWalkBlock70.StaticMeshComponent0) Component already registered.
[2018.10.17-18.59.13:132][918]LogActorComponent: ~FComponentReregisterContext: (/Game/StreetSceneLarge_MMM.StreetSceneLarge_MMM:PersistentLevel.GroundBase171.StaticMeshComponent0) Component already registered.
[2018.10.17-18.59.13:132][918]LogActorComponent: ~FComponentReregisterContext: (/Game/StreetSceneLarge_MMM.StreetSceneLarge_MMM:PersistentLevel.GroundBase176.StaticMeshComponent0) Component already registered.
[2018.10.17-18.59.13:133][918]LogActorComponent: ~FComponentReregisterContext: (/Game/StreetSceneLarge_MMM.StreetSceneLarge_MMM:PersistentLevel.streetBlockBase97.StaticMeshComponent0) Component already registered.
[2018.10.17-18.59.13:133][918]LogActorComponent: ~FComponentReregisterContext: (/Game/StreetSceneLarge_MMM.StreetSceneLarge_MMM:PersistentLevel.GroundBase162.StaticMeshComponent0) Component already registered.
[2018.10.17-18.59.13:134][918]LogActorComponent: ~FComponentReregisterContext: (/Game/StreetSceneLarge_MMM.StreetSceneLarge_MMM:PersistentLevel.GroundBase167.StaticMeshComponent0) Component already registered.
[2018.10.17-18.59.13:135][918]LogActorComponent: ~FComponentReregisterContext: (/Game/StreetSceneLarge_MMM.StreetSceneLarge_MMM:PersistentLevel.sidewalkBlock78.StaticMeshComponent0) Component already registered.
[2018.10.17-18.59.13:135][918]LogActorComponent: ~FComponentReregisterContext: (/Game/StreetSceneLarge_MMM.StreetSceneLarge_MMM:PersistentLevel.SidewalkCorner11.StaticMeshComponent0) Component already registered.
[2018.10.17-18.59.13:136][918]LogActorComponent: ~FComponentReregisterContext: (/Game/StreetSceneLarge_MMM.StreetSceneLarge_MMM:PersistentLevel.streetBlockBase103.StaticMeshComponent0) Component already registered.
[2018.10.17-18.59.13:136][918]LogActorComponent: ~FComponentReregisterContext: (/Game/StreetSceneLarge_MMM.StreetSceneLarge_MMM:PersistentLevel.GroundBase180.StaticMeshComponent0) Component already registered.
[2018.10.17-18.59.13:136][918]LogActorComponent: ~FComponentReregisterContext: (/Game/StreetSceneLarge_MMM.StreetSceneLarge_MMM:PersistentLevel.streetBlockBase101.StaticMeshComponent0) Component already registered.
[2018.10.17-18.59.13:136][918]LogActorComponent: ~FComponentReregisterContext: (/Game/StreetSceneLarge_MMM.StreetSceneLarge_MMM:PersistentLevel.GroundBase185.StaticMeshComponent0) Component already registered.
[2018.10.17-18.59.13:137][918]LogActorComponent: ~FComponentReregisterContext: (/Game/StreetSceneLarge_MMM.StreetSceneLarge_MMM:PersistentLevel.streetBlockBase87.StaticMeshComponent0) Component already registered.
[2018.10.17-18.59.13:137][918]LogActorComponent: ~FComponentReregisterContext: (/Game/StreetSceneLarge_MMM.StreetSceneLarge_MMM:PersistentLevel.sidewalkBlock63.StaticMeshComponent0) Component already registered.
[2018.10.17-18.59.13:138][918]LogActorComponent: ~FComponentReregisterContext: (/Game/StreetSceneLarge_MMM.StreetSceneLarge_MMM:PersistentLevel.GroundBase139.StaticMeshComponent0) Component already registered.
[2018.10.17-18.59.13:139][918]LogActorComponent: ~FComponentReregisterContext: (/Game/StreetSceneLarge_MMM.StreetSceneLarge_MMM:PersistentLevel.streetBlockBase84.StaticMeshComponent0) Component already registered.
[2018.10.17-18.59.13:139][918]LogActorComponent: ~FComponentReregisterContext: (/Game/StreetSceneLarge_MMM.StreetSceneLarge_MMM:PersistentLevel.sidewalkBlock61.StaticMeshComponent0) Component already registered.
[2018.10.17-18.59.13:139][918]LogActorComponent: ~FComponentReregisterContext: (/Game/StreetSceneLarge_MMM.StreetSceneLarge_MMM:PersistentLevel.GroundBase125.StaticMeshComponent0) Component already registered.
[2018.10.17-18.59.13:139][918]LogActorComponent: ~FComponentReregisterContext: (/Game/StreetSceneLarge_MMM.StreetSceneLarge_MMM:PersistentLevel.GroundBase130.StaticMeshComponent0) Component already registered.
[2018.10.17-18.59.13:140][918]LogActorComponent: ~FComponentReregisterContext: (/Game/StreetSceneLarge_MMM.StreetSceneLarge_MMM:PersistentLevel.GroundBase153.StaticMeshComponent0) Component already registered.
[2018.10.17-18.59.13:141][918]LogActorComponent: ~FComponentReregisterContext: (/Game/StreetSceneLarge_MMM.StreetSceneLarge_MMM:PersistentLevel.GroundBase158.StaticMeshComponent0) Component already registered.
[2018.10.17-18.59.13:141][918]LogActorComponent: ~FComponentReregisterContext: (/Game/StreetSceneLarge_MMM.StreetSceneLarge_MMM:PersistentLevel.streetBlockBase90.StaticMeshComponent0) Component already registered.
[2018.10.17-18.59.13:141][918]LogActorComponent: ~FComponentReregisterContext: (/Game/StreetSceneLarge_MMM.StreetSceneLarge_MMM:PersistentLevel.sidewalkBlock65.StaticMeshComponent0) Component already registered.
[2018.10.17-18.59.13:142][918]LogActorComponent: ~FComponentReregisterContext: (/Game/StreetSceneLarge_MMM.StreetSceneLarge_MMM:PersistentLevel.GroundBase143.StaticMeshComponent0) Component already registered.
[2018.10.17-18.59.13:142][918]LogActorComponent: ~FComponentReregisterContext: (/Game/StreetSceneLarge_MMM.StreetSceneLarge_MMM:PersistentLevel.GroundBase148.StaticMeshComponent0) Component already registered.
[2018.10.17-18.59.15:742][ 64]LogSlate: FSceneViewport::OnFocusLost() reason 0
[2018.10.17-18.59.21:830][452]Cmd: CAMERA ALIGN ACTIVEVIEWPORTONLY
[2018.10.17-19.00.03:118][955]LogEditorViewport: Clicking on Actor (LMB): StaticMeshActor (GroundBase107)
[2018.10.17-19.00.04:548][ 40]LogSlate: FSceneViewport::OnFocusLost() reason 2
[2018.10.17-19.00.10:308][572]LogSlate: FSceneViewport::OnFocusLost() reason 2
[2018.10.17-19.00.10:876][572]LogSavePackage: Moving '../../../../../../Users/u0905990/Documents/GitHub/AssetPipeMaster01/APsec1LargeCityBase/Saved/StreetSceneLarge_MMM3F05D9274D2B834418B392BC6EEEC353.tmp' to '../../../../../../Users/u0905990/Documents/GitHub/AssetPipeMaster01/APsec1LargeCityBase/Content/StreetSceneLarge_MMM.umap'
[2018.10.17-19.00.10:908][572]LogFileHelpers: Saving map 'StreetSceneLarge_MMM' took 0.593
[2018.10.17-19.00.12:134][649]LogSlate: FSceneViewport::OnFocusLost() reason 2
[2018.10.17-19.00.14:496][869]LogSlate: FSceneViewport::OnFocusLost() reason 2
[2018.10.17-19.00.14:992][869]LogSavePackage: Moving '../../../../../../Users/u0905990/Documents/GitHub/AssetPipeMaster01/APsec1LargeCityBase/Saved/StreetSceneLarge_MMMC387D9D04A6DCB385019C69C87453DAC.tmp' to '../../../../../../Users/u0905990/Documents/GitHub/AssetPipeMaster01/APsec1LargeCityBase/Content/StreetSceneLarge_MMM.umap'
[2018.10.17-19.00.15:090][869]LogSavePackage: Moving '../../../../../../Users/u0905990/Documents/GitHub/AssetPipeMaster01/APsec1LargeCityBase/Saved/StreetSceneLarge_MMM_BuiltDataCE59491A4006FE0946785A96CDE65468.tmp' to '../../../../../../Users/u0905990/Documents/GitHub/AssetPipeMaster01/APsec1LargeCityBase/Content/StreetSceneLarge_MMM_BuiltData.uasset'
[2018.10.17-19.00.15:970][923]LogSlate: FSceneViewport::OnFocusLost() reason 2
