Log file open, 11/14/18 22:26:45
LogWindows: Failed to load 'aqProf.dll' (GetLastError=126)
LogWindows: File 'aqProf.dll' does not exist
LogWindows: Failed to load 'VSPerf140.dll' (GetLastError=126)
LogWindows: File 'VSPerf140.dll' does not exist
LogWindows: Failed to load 'VtuneApi.dll' (GetLastError=126)
LogWindows: File 'VtuneApi.dll' does not exist
LogWindows: Failed to load 'VtuneApi32e.dll' (GetLastError=126)
LogWindows: File 'VtuneApi32e.dll' does not exist
LogInit: Display: Running engine for game: APsec1LargeCityBase
LogPlatformFile: Not using cached read wrapper
LogTaskGraph: Started task graph with 5 named threads and 23 total threads with 3 sets of task threads.
LogStats: Stats thread started at 0.289365
LogD3D11RHI: Loaded GFSDK_Aftermath_Lib.x64.dll
LogICUInternationalization: Display: ICU TimeZone Detection - Raw Offset: -7:00, Platform Override: ''
LogPluginManager: Mounting plugin Paper2D
LogPluginManager: Mounting plugin AISupport
LogPluginManager: Mounting plugin LightPropagationVolume
LogPluginManager: Mounting plugin CLionSourceCodeAccess
LogPluginManager: Mounting plugin CodeLiteSourceCodeAccess
LogPluginManager: Mounting plugin GitSourceControl
LogPluginManager: Mounting plugin KDevelopSourceCodeAccess
LogPluginManager: Mounting plugin NullSourceCodeAccess
LogPluginManager: Mounting plugin PerforceSourceControl
LogPluginManager: Mounting plugin SubversionSourceControl
LogPluginManager: Mounting plugin UObjectPlugin
LogPluginManager: Mounting plugin VisualStudioCodeSourceCodeAccess
LogPluginManager: Mounting plugin VisualStudioSourceCodeAccess
LogPluginManager: Mounting plugin XCodeSourceCodeAccess
LogPluginManager: Mounting plugin AssetManagerEditor
LogPluginManager: Mounting plugin CryptoKeys
LogPluginManager: Mounting plugin DataValidation
LogPluginManager: Mounting plugin FacialAnimation
LogPluginManager: Mounting plugin GameplayTagsEditor
LogPluginManager: Mounting plugin MacGraphicsSwitching
LogPluginManager: Mounting plugin MeshEditor
LogPluginManager: Mounting plugin MobileLauncherProfileWizard
LogPluginManager: Mounting plugin PluginBrowser
LogPluginManager: Mounting plugin SpeedTreeImporter
LogPluginManager: Mounting plugin DatasmithContent
LogPluginManager: Mounting plugin AlembicImporter
LogPluginManager: Mounting plugin AppleImageUtils
LogPluginManager: Mounting plugin AppleVision
LogPluginManager: Mounting plugin BackChannel
LogPluginManager: Mounting plugin CharacterAI
LogPluginManager: Mounting plugin GeometryCache
LogPluginManager: Mounting plugin HTML5Networking
LogPluginManager: Mounting plugin ProxyLODPlugin
LogPluginManager: Mounting plugin MagicLeap
LogPluginManager: Mounting plugin MagicLeapEmulator
LogPluginManager: Mounting plugin MagicLeapMedia
LogPluginManager: Mounting plugin AndroidMedia
LogPluginManager: Mounting plugin AvfMedia
LogPluginManager: Mounting plugin ImgMedia
LogPluginManager: Mounting plugin LinearTimecode
LogPluginManager: Mounting plugin MediaCompositing
LogPluginManager: Mounting plugin MediaPlayerEditor
LogPluginManager: Mounting plugin WmfMedia
LogPluginManager: Mounting plugin TcpMessaging
LogPluginManager: Mounting plugin UdpMessaging
LogPluginManager: Mounting plugin ActorSequence
LogPluginManager: Mounting plugin LevelSequenceEditor
LogPluginManager: Mounting plugin MatineeToLevelSequence
LogPluginManager: Mounting plugin NetcodeUnitTest
LogPluginManager: Mounting plugin NUTUnrealEngine4
LogPluginManager: Mounting plugin OnlineSubsystemGooglePlay
LogPluginManager: Mounting plugin OnlineSubsystemIOS
LogPluginManager: Mounting plugin OnlineSubsystem
LogPluginManager: Mounting plugin OnlineSubsystemNull
LogPluginManager: Mounting plugin OnlineSubsystemUtils
LogPluginManager: Mounting plugin LauncherChunkInstaller
LogPluginManager: Mounting plugin AndroidDeviceProfileSelector
LogPluginManager: Mounting plugin AndroidMoviePlayer
LogPluginManager: Mounting plugin AndroidPermission
LogPluginManager: Mounting plugin AppleMoviePlayer
LogPluginManager: Mounting plugin ArchVisCharacter
LogPluginManager: Mounting plugin AudioCapture
LogPluginManager: Mounting plugin CableComponent
LogPluginManager: Mounting plugin CustomMeshComponent
LogPluginManager: Mounting plugin EditableMesh
LogPluginManager: Mounting plugin ExampleDeviceProfileSelector
LogPluginManager: Mounting plugin GoogleCloudMessaging
LogPluginManager: Mounting plugin ImmediatePhysics
LogPluginManager: Mounting plugin IOSDeviceProfileSelector
LogPluginManager: Mounting plugin LinuxDeviceProfileSelector
LogPluginManager: Mounting plugin LocationServicesBPLibrary
LogPluginManager: Mounting plugin MobilePatchingUtils
LogPluginManager: Mounting plugin OculusVR
LogPluginManager: Plugin shader directory ../../../Engine/Plugins/Runtime/Oculus/OculusVR/Shaders found
LogPluginManager: Mapping shader source directory ../../../Engine/Plugins/Runtime/Oculus/OculusVR/Shaders to virtual directory /Plugin/OculusVR
LogPluginManager: Mounting plugin PhysXVehicles
LogPluginManager: Mounting plugin ProceduralMeshComponent
LogPluginManager: Mounting plugin RuntimePhysXCooking
LogPluginManager: Mounting plugin SteamVR
LogPluginManager: Mounting plugin WindowsMoviePlayer
LogStreaming: Display: Took  0.109s to configure plugins.
LogInit: Using libcurl 7.55.1-DEV
LogInit:  - built for x86_64-pc-win32
LogInit:  - supports SSL with OpenSSL/1.0.2h
LogInit:  - supports HTTP deflate (compression) using libz 1.2.8
LogInit:  - other features:
LogInit:      CURL_VERSION_SSL
LogInit:      CURL_VERSION_LIBZ
LogInit:      CURL_VERSION_IPV6
LogInit:      CURL_VERSION_ASYNCHDNS
LogInit:      CURL_VERSION_LARGEFILE
LogInit:      CURL_VERSION_IDN
LogInit:  CurlRequestOptions (configurable via config and command line):
LogInit:  - bVerifyPeer = false  - Libcurl will NOT verify peer certificate
LogInit:  - bUseHttpProxy = false  - Libcurl will NOT use HTTP proxy
LogInit:  - bDontReuseConnections = false  - Libcurl will reuse connections
LogInit:  - CertBundlePath = nullptr  - Libcurl will use whatever was configured at build time.
LogInit:  - MaxHostConnections = 16  - Libcurl will limit the number of connections to a host
LogInit:  - LocalHostAddr = Default
LogInit:  - BufferSize = 65536
LogInit: WinSock: version 1.1 (2.2), MaxSocks=32767, MaxUdp=65467
LogInit: Build: ++UE4+Release-4.20-CL-4302132
LogInit: Engine Version: 4.20.2-4302132+++UE4+Release-4.20
LogInit: Compatible Engine Version: 4.20.0-4212847+++UE4+Release-4.20
LogInit: Net CL: 4212847
LogInit: OS: Windows 10 (), CPU: Intel(R) Core(TM) i7-6820HQ CPU @ 2.70GHz, GPU: Intel(R) HD Graphics 530
LogInit: Compiled (64-bit): Aug 21 2018 02:06:06
LogInit: Compiled with Visual C++: 19.13.26129.00
LogInit: Build Configuration: Development
LogInit: Branch Name: ++UE4+Release-4.20
LogInit: Command Line:  
LogInit: Base Directory: C:/Program Files/Epic Games/UE_4.20/Engine/Binaries/Win64/
LogInit: Installed Engine Build: 1
LogDevObjectVersion: Number of dev versions registered: 20
LogDevObjectVersion:   Dev-Blueprints (B0D832E4-1F89-4F0D-ACCF-7EB736FD4AA2): 10
LogDevObjectVersion:   Dev-Build (E1C64328-A22C-4D53-A36C-8E866417BD8C): 0
LogDevObjectVersion:   Dev-Core (375EC13C-06E4-48FB-B500-84F0262A717E): 2
LogDevObjectVersion:   Dev-Editor (E4B068ED-F494-42E9-A231-DA0B2E46BB41): 24
LogDevObjectVersion:   Dev-Framework (CFFC743F-43B0-4480-9391-14DF171D2073): 34
LogDevObjectVersion:   Dev-Mobile (B02B49B5-BB20-44E9-A304-32B752E40360): 2
LogDevObjectVersion:   Dev-Networking (A4E4105C-59A1-49B5-A7C5-40C4547EDFEE): 0
LogDevObjectVersion:   Dev-Online (39C831C9-5AE6-47DC-9A44-9C173E1C8E7C): 0
LogDevObjectVersion:   Dev-Physics (78F01B33-EBEA-4F98-B9B4-84EACCB95AA2): 0
LogDevObjectVersion:   Dev-Platform (6631380F-2D4D-43E0-8009-CF276956A95A): 0
LogDevObjectVersion:   Dev-Rendering (12F88B9F-8875-4AFC-A67C-D90C383ABD29): 26
LogDevObjectVersion:   Dev-Sequencer (7B5AE74C-D270-4C10-A958-57980B212A5A): 9
LogDevObjectVersion:   Dev-VR (D7296918-1DD6-4BDD-9DE2-64A83CC13884): 2
LogDevObjectVersion:   Dev-LoadTimes (C2A15278-BFE7-4AFE-6C17-90FF531DF755): 1
LogDevObjectVersion:   Private-Geometry (6EACA3D4-40EC-4CC1-B786-8BED09428FC5): 3
LogDevObjectVersion:   Dev-AnimPhys (29E575DD-E0A3-4627-9D10-D276232CDCEA): 17
LogDevObjectVersion:   Dev-ReflectionCapture (6B266CEC-1EC7-4B8F-A30B-E4D90942FC07): 1
LogDevObjectVersion:   Dev-Automation (0DF73D61-A23F-47EA-B727-89E90C41499A): 1
LogDevObjectVersion:   FortniteMain (601D1886-AC64-4F84-AA16-D3DE0DEAC7D6): 12
LogDevObjectVersion:   Dev-Enterprise (9DFFBCD6-494F-0158-E221-12823C92A888): 1
LogStreaming: Display: Took  0.002s to delete old logs.
LogInit: Presizing for max 8388607 objects, including 0 objects not considered by GC, pre-allocating 0 bytes for permanent pool.
LogInit: Object subsystem initialized
[2018.11.15-05.26.45:369][  0]LogInit: Selected Device Profile: [Windows]
[2018.11.15-05.26.45:369][  0]LogInit: Applying CVar settings loaded from the selected device profile: [Windows]
[2018.11.15-05.26.45:386][  0]LogHAL: Display: Platform has ~ 32 GB [34173624320 / 34359738368 / 32], which maps to Largest [LargestMinGB=32, LargerMinGB=12, DefaultMinGB=8, SmallerMinGB=6, SmallestMinGB=0)
[2018.11.15-05.26.45:386][  0]LogInit: Setting Device Profile CVar: [[r.Vulkan.UseRealUBs:1]]
[2018.11.15-05.26.45:386][  0]LogInit: Going up to parent DeviceProfile []
[2018.11.15-05.26.45:387][  0]LogInit: Computer: EVANPLAPTOP
[2018.11.15-05.26.45:387][  0]LogInit: User: bearl
[2018.11.15-05.26.45:387][  0]LogInit: CPU Page size=4096, Cores=4
[2018.11.15-05.26.45:387][  0]LogInit: High frequency timer resolution =2.648448 MHz
[2018.11.15-05.26.45:387][  0]LogMemory: Memory total: Physical=31.8GB (32GB approx)
[2018.11.15-05.26.45:387][  0]LogMemory: Platform Memory Stats for Windows
[2018.11.15-05.26.45:387][  0]LogMemory: Process Physical Memory: 99.18 MB used, 99.18 MB peak
[2018.11.15-05.26.45:387][  0]LogMemory: Process Virtual Memory: 90.98 MB used, 90.98 MB peak
[2018.11.15-05.26.45:387][  0]LogMemory: Physical Memory: 11199.27 MB used,  21391.24 MB free, 32590.51 MB total
[2018.11.15-05.26.45:387][  0]LogMemory: Virtual Memory: 4640.12 MB used,  21391.24 MB free, 134217728.00 MB total
[2018.11.15-05.26.45:412][  0]LogInit: Using OS detected language (en-US).
[2018.11.15-05.26.45:412][  0]LogInit: Using OS detected locale (en-US).
[2018.11.15-05.26.45:413][  0]LogTextLocalizationManager: No specific localization for 'en-US' exists, so the 'en' localization will be used.
[2018.11.15-05.26.45:856][  0]LogStreaming: Display: Took  0.444s to InitEngineTextLocalization.
[2018.11.15-05.26.45:857][  0]LogInit: Setting process to per monitor DPI aware
[2018.11.15-05.26.45:889][  0]LogSlate: New Slate User Created.  User Index 0, Is Virtual User: 0
[2018.11.15-05.26.45:889][  0]LogSlate: Slate User Registered.  User Index 0, Is Virtual User: 0
[2018.11.15-05.26.46:134][  0]LogHMD: Failed to initialize OpenVR with code 110
[2018.11.15-05.26.46:134][  0]LogD3D11RHI: D3D11 adapters:
[2018.11.15-05.26.46:181][  0]LogD3D11RHI:    0. 'NVIDIA Quadro M1000M' (Feature Level 11_0)
[2018.11.15-05.26.46:181][  0]LogD3D11RHI:       2017/0/16295 MB DedicatedVideo/DedicatedSystem/SharedSystem, Outputs:1, VendorId:0x10de
[2018.11.15-05.26.46:193][  0]LogD3D11RHI:    1. 'Intel(R) HD Graphics 530' (Feature Level 11_0)
[2018.11.15-05.26.46:193][  0]LogD3D11RHI:       128/0/16295 MB DedicatedVideo/DedicatedSystem/SharedSystem, Outputs:0, VendorId:0x8086
[2018.11.15-05.26.46:194][  0]LogD3D11RHI:    2. 'Microsoft Basic Render Driver' (Feature Level 11_0)
[2018.11.15-05.26.46:195][  0]LogD3D11RHI:       0/0/16295 MB DedicatedVideo/DedicatedSystem/SharedSystem, Outputs:0, VendorId:0x1414
[2018.11.15-05.26.46:195][  0]LogD3D11RHI: Chosen D3D11 Adapter: 0
[2018.11.15-05.26.46:235][  0]LogD3D11RHI: Creating new Direct3DDevice
[2018.11.15-05.26.46:235][  0]LogD3D11RHI:     GPU DeviceId: 0x13b1 (for the marketing name, search the web for "GPU Device Id")
[2018.11.15-05.26.46:235][  0]LogWindows: EnumDisplayDevices:
[2018.11.15-05.26.46:235][  0]LogWindows:    0. 'Intel(R) HD Graphics 530' (P:1 D:1)
[2018.11.15-05.26.46:235][  0]LogWindows:    1. 'Intel(R) HD Graphics 530' (P:0 D:0)
[2018.11.15-05.26.46:235][  0]LogWindows:    2. 'Intel(R) HD Graphics 530' (P:0 D:0)
[2018.11.15-05.26.46:236][  0]LogWindows:    3. 'NVIDIA Quadro M1000M' (P:0 D:0)
[2018.11.15-05.26.46:236][  0]LogWindows:    4. 'NVIDIA Quadro M1000M' (P:0 D:0)
[2018.11.15-05.26.46:236][  0]LogWindows:    5. 'NVIDIA Quadro M1000M' (P:0 D:0)
[2018.11.15-05.26.46:236][  0]LogWindows:    6. 'NVIDIA Quadro M1000M' (P:0 D:0)
[2018.11.15-05.26.46:236][  0]LogWindows: DebugString: PrimaryIsNotTheChoosenAdapter PrimaryIsNotTheChoosenAdapter PrimaryIsNotTheChoosenAdapter FoundDriverCount:4 
[2018.11.15-05.26.46:236][  0]LogD3D11RHI:     Adapter Name: NVIDIA Quadro M1000M
[2018.11.15-05.26.46:236][  0]LogD3D11RHI:   Driver Version: 389.08 (internal:23.21.13.8908, unified:389.08)
[2018.11.15-05.26.46:236][  0]LogD3D11RHI:      Driver Date: 2-27-2018
[2018.11.15-05.26.46:236][  0]LogRHI: Texture pool is 1412 MB (70% of 2017 MB)
[2018.11.15-05.26.46:273][  0]LogD3D11RHI: Async texture creation enabled
[2018.11.15-05.26.46:284][  0]LogD3D11RHI: GPU Timing Frequency: 1000.000000 (Debug: 2 1)
[2018.11.15-05.26.46:286][  0]LogShaderCompilers: Guid format shader working directory is -30 characters bigger than the processId version (../../../../../../Users/bearl/Documents/Fall 2018/EAE 3010/AssetPipeMaster01/Intermediate/Shaders/WorkingDirectory/2240/).
[2018.11.15-05.26.46:286][  0]LogShaderCompilers: Cleaned the shader compiler working directory 'C:/Users/bearl/AppData/Local/Temp/UnrealShaderWorkingDir/00294FEA4939284BC4DB9581C21A8AFF/'.
[2018.11.15-05.26.46:591][  0]LogTemp: Display: Loaded TP AllDesktopTargetPlatform
[2018.11.15-05.26.46:605][  0]LogTemp: Display: Loaded TP MacClientTargetPlatform
[2018.11.15-05.26.46:620][  0]LogTemp: Display: Loaded TP MacNoEditorTargetPlatform
[2018.11.15-05.26.46:634][  0]LogTemp: Display: Loaded TP MacServerTargetPlatform
[2018.11.15-05.26.46:649][  0]LogTemp: Display: Loaded TP MacTargetPlatform
[2018.11.15-05.26.46:664][  0]LogTemp: Display: Loaded TP WindowsClientTargetPlatform
[2018.11.15-05.26.46:679][  0]LogTemp: Display: Loaded TP WindowsNoEditorTargetPlatform
[2018.11.15-05.26.46:695][  0]LogTemp: Display: Loaded TP WindowsServerTargetPlatform
[2018.11.15-05.26.46:704][  0]LogTemp: Display: Loaded TP WindowsTargetPlatform
[2018.11.15-05.26.46:811][  0]LogTemp: Display: Loaded TP AndroidTargetPlatform
[2018.11.15-05.26.46:811][  0]LogTemp: Display: Loaded TP AndroidTargetPlatform
[2018.11.15-05.26.46:811][  0]LogTemp: Display: Loaded TP AndroidTargetPlatform
[2018.11.15-05.26.46:811][  0]LogTemp: Display: Loaded TP AndroidTargetPlatform
[2018.11.15-05.26.46:811][  0]LogTemp: Display: Loaded TP AndroidTargetPlatform
[2018.11.15-05.26.46:811][  0]LogTemp: Display: Loaded TP AndroidTargetPlatform
[2018.11.15-05.26.46:811][  0]LogTemp: Display: Loaded TP AndroidTargetPlatform
[2018.11.15-05.26.46:811][  0]LogTemp: Display: Loaded TP AndroidTargetPlatform
[2018.11.15-05.26.46:811][  0]LogTemp: Display: Loaded TP AndroidTargetPlatform
[2018.11.15-05.26.46:811][  0]LogTemp: Display: Loaded TP AndroidTargetPlatform
[2018.11.15-05.26.46:811][  0]LogTemp: Display: Loaded TP AndroidTargetPlatform
[2018.11.15-05.26.46:811][  0]LogTemp: Display: Loaded TP AndroidTargetPlatform
[2018.11.15-05.26.46:811][  0]LogTemp: Display: Loaded TP AndroidTargetPlatform
[2018.11.15-05.26.46:811][  0]LogTemp: Display: Loaded TP AndroidTargetPlatform
[2018.11.15-05.26.46:811][  0]LogTemp: Display: Loaded TP AndroidTargetPlatform
[2018.11.15-05.26.46:811][  0]LogTemp: Display: Loaded TP AndroidTargetPlatform
[2018.11.15-05.26.46:811][  0]LogTemp: Display: Loaded TP AndroidTargetPlatform
[2018.11.15-05.26.46:811][  0]LogTemp: Display: Loaded TP AndroidTargetPlatform
[2018.11.15-05.26.46:813][  0]LogTemp: Display: Loaded TP HTML5TargetPlatform
[2018.11.15-05.26.46:879][  0]LogTemp: Display: Loaded TP IOSTargetPlatform
[2018.11.15-05.26.46:879][  0]LogTemp: Display: Loaded TP IOSTargetPlatform
[2018.11.15-05.26.46:910][  0]LogTemp: Display: Loaded TP TVOSTargetPlatform
[2018.11.15-05.26.46:910][  0]LogTemp: Display: Loaded TP TVOSTargetPlatform
[2018.11.15-05.26.46:928][  0]LogTemp: Display: Loaded TP LinuxClientTargetPlatform
[2018.11.15-05.26.46:945][  0]LogTemp: Display: Loaded TP LinuxNoEditorTargetPlatform
[2018.11.15-05.26.46:962][  0]LogTemp: Display: Loaded TP LinuxServerTargetPlatform
[2018.11.15-05.26.46:975][  0]LogTemp: Display: Loaded TP LinuxTargetPlatform
[2018.11.15-05.26.46:988][  0]LogTemp: Display: Loaded TP LuminTargetPlatform
[2018.11.15-05.26.46:988][  0]LogTargetPlatformManager: Display: Building Assets For Windows
[2018.11.15-05.26.47:052][  0]LogXGEController: Cannot use XGE Controller as Incredibuild is not installed on this machine.
[2018.11.15-05.26.47:052][  0]LogShaderCompilers: Cannot use XGE Shader Compiler as Incredibuild is not installed on this machine.
[2018.11.15-05.26.47:052][  0]LogShaderCompilers: Display: Using Local Shader Compiler.
[2018.11.15-05.26.47:869][  0]LogDerivedDataCache: Display: Max Cache Size: 512 MB
[2018.11.15-05.26.47:929][  0]LogDerivedDataCache: Loaded boot cache 0.06s 71MB C:/Users/bearl/AppData/Local/UnrealEngine/4.20/DerivedDataCache/Boot.ddc.
[2018.11.15-05.26.47:929][  0]LogDerivedDataCache: Display: Loaded Boot cache: C:/Users/bearl/AppData/Local/UnrealEngine/4.20/DerivedDataCache/Boot.ddc
[2018.11.15-05.26.47:929][  0]LogDerivedDataCache: FDerivedDataBackendGraph:  Pak pak cache file ../../../../../../Users/bearl/Documents/Fall 2018/EAE 3010/AssetPipeMaster01/DerivedDataCache/DDC.ddp not found, will not use a pak cache.
[2018.11.15-05.26.47:929][  0]LogDerivedDataCache: Unable to find inner node Pak for hierarchical cache Hierarchy.
[2018.11.15-05.26.47:929][  0]LogDerivedDataCache: FDerivedDataBackendGraph:  CompressedPak pak cache file ../../../../../../Users/bearl/Documents/Fall 2018/EAE 3010/AssetPipeMaster01/DerivedDataCache/Compressed.ddp not found, will not use a pak cache.
[2018.11.15-05.26.47:929][  0]LogDerivedDataCache: Unable to find inner node CompressedPak for hierarchical cache Hierarchy.
[2018.11.15-05.26.47:943][  0]LogDerivedDataCache: Display: Pak cache opened for reading ../../../Engine/DerivedDataCache/Compressed.ddp.
[2018.11.15-05.26.47:956][  0]LogDerivedDataCache: Using Local data cache path C:/Users/bearl/AppData/Local/UnrealEngine/Common/DerivedDataCache: Writable
[2018.11.15-05.26.47:956][  0]LogDerivedDataCache: Shared data cache path not found in *engine.ini, will not use an Shared cache.
[2018.11.15-05.26.47:956][  0]LogDerivedDataCache: Unable to find inner node Shared for hierarchical cache Hierarchy.
[2018.11.15-05.26.47:976][  0]LogMaterial: Verifying Global Shaders for PCD3D_SM5
[2018.11.15-05.26.47:977][  0]LogSlate: Using FreeType 2.6.0
[2018.11.15-05.26.47:978][  0]LogSlate: SlateFontServices - WITH_FREETYPE: 1, WITH_HARFBUZZ: 1
[2018.11.15-05.26.48:058][  0]LogAssetRegistry: FAssetRegistry took 0.0268 seconds to start up
[2018.11.15-05.26.48:404][  0]LogInit: Selected Device Profile: [Windows]
[2018.11.15-05.26.48:557][  0]LogSimplygon: Simplygon DLL not present - disabling.
[2018.11.15-05.26.48:560][  0]LogMeshReduction: Using SimplygonSwarm for distributed automatic mesh merging
[2018.11.15-05.26.48:560][  0]LogMeshReduction: Using ProxyLODMeshReduction for automatic mesh merging
[2018.11.15-05.26.48:560][  0]LogMeshReduction: Using QuadricMeshReduction for automatic static mesh reduction
[2018.11.15-05.26.48:560][  0]LogMeshReduction: No automatic skeletal mesh reduction module available
[2018.11.15-05.26.48:577][  0]LogNetVersion: APsec1LargeCityBase 1.0.0, NetCL: 4212847, EngineNetVer: 5, GameNetVer: 0 (Checksum: 1121110827)
[2018.11.15-05.26.49:141][  0]LogPackageLocalizationCache: Processed 11 localized package path(s) for 2 prioritized culture(s) in 0.114839 seconds
[2018.11.15-05.26.49:147][  0]LogUObjectArray: 38425 objects as part of root set at end of initial load.
[2018.11.15-05.26.49:147][  0]LogUObjectAllocator: 6690864 out of 0 bytes used by permanent object pool.
[2018.11.15-05.26.49:147][  0]LogUObjectArray: CloseDisregardForGC: 0/0 objects in disregard for GC pool
[2018.11.15-05.26.50:075][  0]LogTcpMessaging: Initializing TcpMessaging bridge
[2018.11.15-05.26.50:091][  0]LogUdpMessaging: Initializing bridge on interface 0.0.0.0:0 to multicast group 230.0.0.1:6666.
[2018.11.15-05.26.50:243][  0]SourceControl: Source control is disabled
[2018.11.15-05.26.50:243][  0]SourceControl: Source control is disabled
[2018.11.15-05.26.50:244][  0]SourceControl: Source control is disabled
[2018.11.15-05.26.50:245][  0]SourceControl: Source control is disabled
[2018.11.15-05.26.50:420][  0]LogAndroidPermission: UAndroidPermissionCallbackProxy::GetInstance
[2018.11.15-05.26.50:465][  0]LogOcInput: OculusInput pre-init called
[2018.11.15-05.26.50:531][  0]LogEngine: Initializing Engine...
[2018.11.15-05.26.50:531][  0]LogHMD: Failed to initialize OpenVR with code 110
[2018.11.15-05.26.50:532][  0]LogStats: UGameplayTagsManager::ConstructGameplayTagTree: ImportINI prefixes -  0.000 s
[2018.11.15-05.26.50:532][  0]LogStats: UGameplayTagsManager::ConstructGameplayTagTree: Construct from data asset -  0.000 s
[2018.11.15-05.26.50:533][  0]LogStats: UGameplayTagsManager::ConstructGameplayTagTree: ImportINI -  0.000 s
[2018.11.15-05.26.50:533][  0]LogStats: UGameplayTagsManager::ConstructGameplayTagTree: GameplayTagTreeChangedEvent.Broadcast -  0.000 s
[2018.11.15-05.26.50:795][  0]LogInit: Initializing FReadOnlyCVARCache
[2018.11.15-05.26.50:810][  0]LogAIModule: Creating AISystem for world Untitled
[2018.11.15-05.26.50:816][  0]LogInit: XAudio2 using 'Speaker/HP (Realtek High Definition Audio)' : 2 channels at 48 kHz using 32 bits per sample (channel mask 0x3)
[2018.11.15-05.26.50:836][  0]LogInit: FAudioDevice initialized.
[2018.11.15-05.26.50:837][  0]LogNetVersion: Set ProjectVersion to 1.0.0.0. Version Checksum will be recalculated on next use.
[2018.11.15-05.26.50:901][  0]LogDerivedDataCache: Saved boot cache 0.06s 71MB C:/Users/bearl/AppData/Local/UnrealEngine/4.20/DerivedDataCache/Boot.ddc.
[2018.11.15-05.26.50:919][  0]LogInit: Texture streaming: Enabled
[2018.11.15-05.26.50:936][  0]LogEngineSessionManager: EngineSessionManager initialized
[2018.11.15-05.26.50:953][  0]LogInit: Transaction tracking system initialized
[2018.11.15-05.26.50:975][  0]BlueprintLog: New page: Editor Load
[2018.11.15-05.26.51:057][  0]LocalizationService: Localization service is disabled
[2018.11.15-05.26.51:332][  0]LogCook: Display: Max memory allowance for cook 16384mb min free memory 0mb
[2018.11.15-05.26.51:332][  0]LogFileCache: Scanning file cache for directory 'C:/Users/bearl/Documents/Fall 2018/EAE 3010/AssetPipeMaster01/Content/' took 0.01s
[2018.11.15-05.26.51:332][  0]LogCook: Display: Mobile HDR setting 1
[2018.11.15-05.26.51:332][  0]LogGameplayTags: Display: UGameplayTagsManager::DoneAddingNativeTags. DelegateIsBound: 0
[2018.11.15-05.26.51:332][  0]LogStats: UGameplayTagsManager::ConstructGameplayTagTree: ImportINI prefixes -  0.000 s
[2018.11.15-05.26.51:332][  0]LogStats: UGameplayTagsManager::ConstructGameplayTagTree: Construct from data asset -  0.000 s
[2018.11.15-05.26.51:333][  0]LogStats: UGameplayTagsManager::ConstructGameplayTagTree: ImportINI -  0.000 s
[2018.11.15-05.26.51:333][  0]LogStats: UGameplayTagsManager::ConstructGameplayTagTree: GameplayTagTreeChangedEvent.Broadcast -  0.000 s
[2018.11.15-05.26.51:467][  0]SourceControl: Source control is disabled
[2018.11.15-05.26.51:467][  0]Cmd: MAP LOAD FILE="../../../Engine/Content/Maps/Templates/Template_Default.umap" TEMPLATE=1 SHOWPROGRESS=1 FEATURELEVEL=3
[2018.11.15-05.26.51:468][  0]LightingResults: New page: Lighting Build
[2018.11.15-05.26.51:471][  0]MapCheck: New page: Map Check
[2018.11.15-05.26.51:471][  0]LightingResults: New page: Lighting Build
[2018.11.15-05.26.51:704][  0]LogAIModule: Creating AISystem for world Untitled_1
[2018.11.15-05.26.51:713][  0]LogEditorServer: Finished looking for orphan Actors (0.000 secs)
[2018.11.15-05.26.51:738][  0]Cmd: MAP CHECKDEP NOCLEARLOG
[2018.11.15-05.26.51:813][  0]MapCheck: Map check complete: 0 Error(s), 0 Warning(s), took 74.623ms to complete.
[2018.11.15-05.26.51:813][  0]LogFileHelpers: Loading map 'Template_Default' took 0.345
[2018.11.15-05.26.51:929][  0]LogSlate: Updating window title bar state: overlay mode, drag disabled, window buttons hidden, title bar hidden
[2018.11.15-05.26.51:939][  0]LogSlate: Updating window title bar state: overlay mode, drag disabled, window buttons hidden, title bar hidden
[2018.11.15-05.26.51:947][  0]LogSlate: Updating window title bar state: overlay mode, drag disabled, window buttons hidden, title bar hidden
[2018.11.15-05.26.51:957][  0]LogSlate: Updating window title bar state: overlay mode, drag disabled, window buttons hidden, title bar hidden
[2018.11.15-05.26.51:964][  0]LogCollectionManager: Loaded 0 collections in 0.001543 seconds
[2018.11.15-05.26.52:006][  0]LogFileCache: Scanning file cache for directory 'C:/Users/bearl/Documents/Fall 2018/EAE 3010/AssetPipeMaster01/Saved/Collections/' took 0.01s
[2018.11.15-05.26.52:006][  0]LogFileCache: Scanning file cache for directory 'C:/Users/bearl/Documents/Fall 2018/EAE 3010/AssetPipeMaster01/Content/Developers/bearl/Collections/' took 0.01s
[2018.11.15-05.26.52:006][  0]LogFileCache: Scanning file cache for directory 'C:/Users/bearl/Documents/Fall 2018/EAE 3010/AssetPipeMaster01/Content/Collections/' took 0.01s
[2018.11.15-05.26.52:006][  0]LogCollectionManager: Rebuilt the GUID cache for 0 collections in 0.000000 seconds
[2018.11.15-05.26.52:016][  0]LogContentBrowser: Native class hierarchy populated in 0.0096 seconds. Added 2572 classes and 603 folders.
[2018.11.15-05.26.52:023][  0]LogContentBrowser: Native class hierarchy updated for 'WidgetCarousel' in 0.0002 seconds. Added 0 classes and 0 folders.
[2018.11.15-05.26.52:068][  0]LogContentBrowser: Native class hierarchy updated for 'AddContentDialog' in 0.0002 seconds. Added 0 classes and 0 folders.
[2018.11.15-05.26.52:073][  0]LogContentBrowser: Native class hierarchy updated for 'SceneOutliner' in 0.0002 seconds. Added 1 classes and 2 folders.
[2018.11.15-05.26.52:090][  0]LogSlate: Took 0.000222 seconds to synchronously load lazily loaded font '../../../Engine/Content/Slate/Fonts/Roboto-Regular.ttf' (155K)
[2018.11.15-05.26.52:093][  0]LogSlate: Took 0.000255 seconds to synchronously load lazily loaded font '../../../Engine/Content/Slate/Fonts/Roboto-Bold.ttf' (160K)
[2018.11.15-05.26.52:099][  0]LogSlate: Took 0.000264 seconds to synchronously load lazily loaded font '../../../Engine/Content/Editor/Slate/Fonts/FontAwesome.ttf' (139K)
[2018.11.15-05.26.52:184][  0]LogRenderer: Reallocating scene render targets to support 964x172 Format 10 NumSamples 1 (Frame:1).
[2018.11.15-05.26.52:331][  0]LogContentBrowser: Native class hierarchy updated for 'HierarchicalLODOutliner' in 0.0003 seconds. Added 0 classes and 0 folders.
[2018.11.15-05.26.52:331][  0]LogLoad: (Engine Initialization) Total time: 8.69 seconds
[2018.11.15-05.26.52:331][  0]LogLoad: (Engine Initialization) Total Blueprint compile time: 0.00 seconds
[2018.11.15-05.26.52:350][  0]LogWindowsTextInputMethodSystem: Display: IME system now deactivated.
[2018.11.15-05.26.52:374][  0]LogContentStreaming: Texture pool size now 1000 MB
[2018.11.15-05.26.52:404][  1]LogAssetRegistry: Asset discovery search completed in 4.3693 seconds
[2018.11.15-05.26.52:406][  1]LogCollectionManager: Rebuilt the object cache for 0 collections in 0.000000 seconds (found 0 objects)
[2018.11.15-05.26.52:406][  1]LogCollectionManager: Fixed up redirectors for 0 collections in 0.000049 seconds (updated 0 objects)
