Log file open, 11/15/18 00:10:22
LogWindows: Failed to load 'aqProf.dll' (GetLastError=126)
LogWindows: File 'aqProf.dll' does not exist
LogWindows: Failed to load 'VSPerf140.dll' (GetLastError=126)
LogWindows: File 'VSPerf140.dll' does not exist
LogWindows: Failed to load 'VtuneApi.dll' (GetLastError=126)
LogWindows: File 'VtuneApi.dll' does not exist
LogWindows: Failed to load 'VtuneApi32e.dll' (GetLastError=126)
LogWindows: File 'VtuneApi32e.dll' does not exist
LogInit: Display: Running engine for game: APsec1LargeCityBase
LogPlatformFile: Not using cached read wrapper
LogTaskGraph: Started task graph with 5 named threads and 23 total threads with 3 sets of task threads.
LogStats: Stats thread started at 0.311267
LogD3D11RHI: Loaded GFSDK_Aftermath_Lib.x64.dll
LogICUInternationalization: Display: ICU TimeZone Detection - Raw Offset: -7:00, Platform Override: ''
LogPluginManager: Mounting plugin Paper2D
LogPluginManager: Mounting plugin AISupport
LogPluginManager: Mounting plugin LightPropagationVolume
LogPluginManager: Mounting plugin CLionSourceCodeAccess
LogPluginManager: Mounting plugin CodeLiteSourceCodeAccess
LogPluginManager: Mounting plugin GitSourceControl
LogPluginManager: Mounting plugin KDevelopSourceCodeAccess
LogPluginManager: Mounting plugin NullSourceCodeAccess
LogPluginManager: Mounting plugin PerforceSourceControl
LogPluginManager: Mounting plugin SubversionSourceControl
LogPluginManager: Mounting plugin UObjectPlugin
LogPluginManager: Mounting plugin VisualStudioCodeSourceCodeAccess
LogPluginManager: Mounting plugin VisualStudioSourceCodeAccess
LogPluginManager: Mounting plugin XCodeSourceCodeAccess
LogPluginManager: Mounting plugin AssetManagerEditor
LogPluginManager: Mounting plugin CryptoKeys
LogPluginManager: Mounting plugin DataValidation
LogPluginManager: Mounting plugin FacialAnimation
LogPluginManager: Mounting plugin GameplayTagsEditor
LogPluginManager: Mounting plugin MacGraphicsSwitching
LogPluginManager: Mounting plugin MeshEditor
LogPluginManager: Mounting plugin MobileLauncherProfileWizard
LogPluginManager: Mounting plugin PluginBrowser
LogPluginManager: Mounting plugin SpeedTreeImporter
LogPluginManager: Mounting plugin DatasmithContent
LogPluginManager: Mounting plugin AlembicImporter
LogPluginManager: Mounting plugin AppleImageUtils
LogPluginManager: Mounting plugin AppleVision
LogPluginManager: Mounting plugin BackChannel
LogPluginManager: Mounting plugin CharacterAI
LogPluginManager: Mounting plugin GeometryCache
LogPluginManager: Mounting plugin HTML5Networking
LogPluginManager: Mounting plugin ProxyLODPlugin
LogPluginManager: Mounting plugin MagicLeap
LogPluginManager: Mounting plugin MagicLeapEmulator
LogPluginManager: Mounting plugin MagicLeapMedia
LogPluginManager: Mounting plugin AndroidMedia
LogPluginManager: Mounting plugin AvfMedia
LogPluginManager: Mounting plugin ImgMedia
LogPluginManager: Mounting plugin LinearTimecode
LogPluginManager: Mounting plugin MediaCompositing
LogPluginManager: Mounting plugin MediaPlayerEditor
LogPluginManager: Mounting plugin WmfMedia
LogPluginManager: Mounting plugin TcpMessaging
LogPluginManager: Mounting plugin UdpMessaging
LogPluginManager: Mounting plugin ActorSequence
LogPluginManager: Mounting plugin LevelSequenceEditor
LogPluginManager: Mounting plugin MatineeToLevelSequence
LogPluginManager: Mounting plugin NetcodeUnitTest
LogPluginManager: Mounting plugin NUTUnrealEngine4
LogPluginManager: Mounting plugin OnlineSubsystemGooglePlay
LogPluginManager: Mounting plugin OnlineSubsystemIOS
LogPluginManager: Mounting plugin OnlineSubsystem
LogPluginManager: Mounting plugin OnlineSubsystemNull
LogPluginManager: Mounting plugin OnlineSubsystemUtils
LogPluginManager: Mounting plugin LauncherChunkInstaller
LogPluginManager: Mounting plugin AndroidDeviceProfileSelector
LogPluginManager: Mounting plugin AndroidMoviePlayer
LogPluginManager: Mounting plugin AndroidPermission
LogPluginManager: Mounting plugin AppleMoviePlayer
LogPluginManager: Mounting plugin ArchVisCharacter
LogPluginManager: Mounting plugin AudioCapture
LogPluginManager: Mounting plugin CableComponent
LogPluginManager: Mounting plugin CustomMeshComponent
LogPluginManager: Mounting plugin EditableMesh
LogPluginManager: Mounting plugin ExampleDeviceProfileSelector
LogPluginManager: Mounting plugin GoogleCloudMessaging
LogPluginManager: Mounting plugin ImmediatePhysics
LogPluginManager: Mounting plugin IOSDeviceProfileSelector
LogPluginManager: Mounting plugin LinuxDeviceProfileSelector
LogPluginManager: Mounting plugin LocationServicesBPLibrary
LogPluginManager: Mounting plugin MobilePatchingUtils
LogPluginManager: Mounting plugin OculusVR
LogPluginManager: Plugin shader directory ../../../Engine/Plugins/Runtime/Oculus/OculusVR/Shaders found
LogPluginManager: Mapping shader source directory ../../../Engine/Plugins/Runtime/Oculus/OculusVR/Shaders to virtual directory /Plugin/OculusVR
LogPluginManager: Mounting plugin PhysXVehicles
LogPluginManager: Mounting plugin ProceduralMeshComponent
LogPluginManager: Mounting plugin RuntimePhysXCooking
LogPluginManager: Mounting plugin SteamVR
LogPluginManager: Mounting plugin WindowsMoviePlayer
LogStreaming: Display: Took  0.153s to configure plugins.
LogInit: Using libcurl 7.55.1-DEV
LogInit:  - built for x86_64-pc-win32
LogInit:  - supports SSL with OpenSSL/1.0.2h
LogInit:  - supports HTTP deflate (compression) using libz 1.2.8
LogInit:  - other features:
LogInit:      CURL_VERSION_SSL
LogInit:      CURL_VERSION_LIBZ
LogInit:      CURL_VERSION_IPV6
LogInit:      CURL_VERSION_ASYNCHDNS
LogInit:      CURL_VERSION_LARGEFILE
LogInit:      CURL_VERSION_IDN
LogInit:  CurlRequestOptions (configurable via config and command line):
LogInit:  - bVerifyPeer = false  - Libcurl will NOT verify peer certificate
LogInit:  - bUseHttpProxy = false  - Libcurl will NOT use HTTP proxy
LogInit:  - bDontReuseConnections = false  - Libcurl will reuse connections
LogInit:  - CertBundlePath = nullptr  - Libcurl will use whatever was configured at build time.
LogInit:  - MaxHostConnections = 16  - Libcurl will limit the number of connections to a host
LogInit:  - LocalHostAddr = Default
LogInit:  - BufferSize = 65536
LogInit: WinSock: version 1.1 (2.2), MaxSocks=32767, MaxUdp=65467
LogInit: Build: ++UE4+Release-4.20-CL-4302132
LogInit: Engine Version: 4.20.2-4302132+++UE4+Release-4.20
LogInit: Compatible Engine Version: 4.20.0-4212847+++UE4+Release-4.20
LogInit: Net CL: 4212847
LogInit: OS: Windows 10 (), CPU: Intel(R) Core(TM) i7-6700HQ CPU @ 2.60GHz, GPU: Intel(R) HD Graphics 530
LogInit: Compiled (64-bit): Aug 21 2018 02:06:06
LogInit: Compiled with Visual C++: 19.13.26129.00
LogInit: Build Configuration: Development
LogInit: Branch Name: ++UE4+Release-4.20
LogInit: Command Line:  
LogInit: Base Directory: d:/Program Files/Epic Games/UE_4.20/Engine/Binaries/Win64/
LogInit: Installed Engine Build: 1
LogDevObjectVersion: Number of dev versions registered: 20
LogDevObjectVersion:   Dev-Blueprints (B0D832E4-1F89-4F0D-ACCF-7EB736FD4AA2): 10
LogDevObjectVersion:   Dev-Build (E1C64328-A22C-4D53-A36C-8E866417BD8C): 0
LogDevObjectVersion:   Dev-Core (375EC13C-06E4-48FB-B500-84F0262A717E): 2
LogDevObjectVersion:   Dev-Editor (E4B068ED-F494-42E9-A231-DA0B2E46BB41): 24
LogDevObjectVersion:   Dev-Framework (CFFC743F-43B0-4480-9391-14DF171D2073): 34
LogDevObjectVersion:   Dev-Mobile (B02B49B5-BB20-44E9-A304-32B752E40360): 2
LogDevObjectVersion:   Dev-Networking (A4E4105C-59A1-49B5-A7C5-40C4547EDFEE): 0
LogDevObjectVersion:   Dev-Online (39C831C9-5AE6-47DC-9A44-9C173E1C8E7C): 0
LogDevObjectVersion:   Dev-Physics (78F01B33-EBEA-4F98-B9B4-84EACCB95AA2): 0
LogDevObjectVersion:   Dev-Platform (6631380F-2D4D-43E0-8009-CF276956A95A): 0
LogDevObjectVersion:   Dev-Rendering (12F88B9F-8875-4AFC-A67C-D90C383ABD29): 26
LogDevObjectVersion:   Dev-Sequencer (7B5AE74C-D270-4C10-A958-57980B212A5A): 9
LogDevObjectVersion:   Dev-VR (D7296918-1DD6-4BDD-9DE2-64A83CC13884): 2
LogDevObjectVersion:   Dev-LoadTimes (C2A15278-BFE7-4AFE-6C17-90FF531DF755): 1
LogDevObjectVersion:   Private-Geometry (6EACA3D4-40EC-4CC1-B786-8BED09428FC5): 3
LogDevObjectVersion:   Dev-AnimPhys (29E575DD-E0A3-4627-9D10-D276232CDCEA): 17
LogDevObjectVersion:   Dev-ReflectionCapture (6B266CEC-1EC7-4B8F-A30B-E4D90942FC07): 1
LogDevObjectVersion:   Dev-Automation (0DF73D61-A23F-47EA-B727-89E90C41499A): 1
LogDevObjectVersion:   FortniteMain (601D1886-AC64-4F84-AA16-D3DE0DEAC7D6): 12
LogDevObjectVersion:   Dev-Enterprise (9DFFBCD6-494F-0158-E221-12823C92A888): 1
LogStreaming: Display: Took  0.003s to delete old logs.
LogInit: Presizing for max 8388607 objects, including 0 objects not considered by GC, pre-allocating 0 bytes for permanent pool.
LogInit: Object subsystem initialized
[2018.11.15-07.10.22:558][  0]LogInit: Selected Device Profile: [Windows]
[2018.11.15-07.10.22:558][  0]LogInit: Applying CVar settings loaded from the selected device profile: [Windows]
[2018.11.15-07.10.22:568][  0]LogHAL: Display: Platform has ~ 8 GB [8293462016 / 8589934592 / 8], which maps to Default [LargestMinGB=32, LargerMinGB=12, DefaultMinGB=8, SmallerMinGB=6, SmallestMinGB=0)
[2018.11.15-07.10.22:568][  0]LogInit: Setting Device Profile CVar: [[r.Vulkan.UseRealUBs:1]]
[2018.11.15-07.10.22:568][  0]LogInit: Going up to parent DeviceProfile []
[2018.11.15-07.10.22:570][  0]LogInit: Computer: DESKTOP-HNPEJEI
[2018.11.15-07.10.22:570][  0]LogInit: User: ziyul
[2018.11.15-07.10.22:570][  0]LogInit: CPU Page size=4096, Cores=4
[2018.11.15-07.10.22:570][  0]LogInit: High frequency timer resolution =2.531248 MHz
[2018.11.15-07.10.22:570][  0]LogMemory: Memory total: Physical=7.7GB (8GB approx)
[2018.11.15-07.10.22:570][  0]LogMemory: Platform Memory Stats for Windows
[2018.11.15-07.10.22:570][  0]LogMemory: Process Physical Memory: 99.58 MB used, 99.58 MB peak
[2018.11.15-07.10.22:570][  0]LogMemory: Process Virtual Memory: 90.98 MB used, 90.98 MB peak
[2018.11.15-07.10.22:570][  0]LogMemory: Physical Memory: 6167.81 MB used,  1741.45 MB free, 7909.26 MB total
[2018.11.15-07.10.22:570][  0]LogMemory: Virtual Memory: 4645.04 MB used,  1741.45 MB free, 134217728.00 MB total
[2018.11.15-07.10.22:916][  0]LogInit: Using OS detected language (zh-CN).
[2018.11.15-07.10.22:916][  0]LogInit: Using OS detected locale (zh-CN).
[2018.11.15-07.10.23:337][  0]LogStreaming: Display: Took  0.423s to InitEngineTextLocalization.
[2018.11.15-07.10.23:338][  0]LogInit: Setting process to per monitor DPI aware
[2018.11.15-07.10.23:401][  0]LogSlate: New Slate User Created.  User Index 0, Is Virtual User: 0
[2018.11.15-07.10.23:401][  0]LogSlate: Slate User Registered.  User Index 0, Is Virtual User: 0
[2018.11.15-07.10.23:891][  0]LogHMD: Failed to initialize OpenVR with code 110
[2018.11.15-07.10.23:891][  0]LogD3D11RHI: D3D11 adapters:
[2018.11.15-07.10.24:004][  0]LogD3D11RHI:    0. 'NVIDIA GeForce GTX 1060' (Feature Level 11_0)
[2018.11.15-07.10.24:004][  0]LogD3D11RHI:       6061/0/3954 MB DedicatedVideo/DedicatedSystem/SharedSystem, Outputs:1, VendorId:0x10de
[2018.11.15-07.10.24:023][  0]LogD3D11RHI:    1. 'Intel(R) HD Graphics 530' (Feature Level 11_0)
[2018.11.15-07.10.24:023][  0]LogD3D11RHI:       128/0/3954 MB DedicatedVideo/DedicatedSystem/SharedSystem, Outputs:0, VendorId:0x8086
[2018.11.15-07.10.24:027][  0]LogD3D11RHI:    2. 'Microsoft Basic Render Driver' (Feature Level 11_0)
[2018.11.15-07.10.24:027][  0]LogD3D11RHI:       0/0/3954 MB DedicatedVideo/DedicatedSystem/SharedSystem, Outputs:0, VendorId:0x1414
[2018.11.15-07.10.24:027][  0]LogD3D11RHI: Chosen D3D11 Adapter: 0
[2018.11.15-07.10.24:075][  0]LogD3D11RHI: Creating new Direct3DDevice
[2018.11.15-07.10.24:075][  0]LogD3D11RHI:     GPU DeviceId: 0x1c20 (for the marketing name, search the web for "GPU Device Id")
[2018.11.15-07.10.24:075][  0]LogWindows: EnumDisplayDevices:
[2018.11.15-07.10.24:076][  0]LogWindows:    0. 'Intel(R) HD Graphics 530' (P:1 D:1)
[2018.11.15-07.10.24:078][  0]LogWindows:    1. 'Intel(R) HD Graphics 530' (P:0 D:0)
[2018.11.15-07.10.24:079][  0]LogWindows:    2. 'Intel(R) HD Graphics 530' (P:0 D:0)
[2018.11.15-07.10.24:082][  0]LogWindows:    3. 'NVIDIA GeForce GTX 1060' (P:0 D:0)
[2018.11.15-07.10.24:084][  0]LogWindows:    4. 'NVIDIA GeForce GTX 1060' (P:0 D:0)
[2018.11.15-07.10.24:085][  0]LogWindows:    5. 'NVIDIA GeForce GTX 1060' (P:0 D:0)
[2018.11.15-07.10.24:087][  0]LogWindows:    6. 'NVIDIA GeForce GTX 1060' (P:0 D:0)
[2018.11.15-07.10.24:089][  0]LogWindows: DebugString: PrimaryIsNotTheChoosenAdapter PrimaryIsNotTheChoosenAdapter PrimaryIsNotTheChoosenAdapter FoundDriverCount:4 
[2018.11.15-07.10.24:089][  0]LogD3D11RHI:     Adapter Name: NVIDIA GeForce GTX 1060
[2018.11.15-07.10.24:089][  0]LogD3D11RHI:   Driver Version: 388.00 (internal:23.21.13.8800, unified:388.00)
[2018.11.15-07.10.24:089][  0]LogD3D11RHI:      Driver Date: 10-12-2017
[2018.11.15-07.10.24:089][  0]LogRHI: Texture pool is 4242 MB (70% of 6061 MB)
[2018.11.15-07.10.24:131][  0]LogD3D11RHI: Async texture creation enabled
[2018.11.15-07.10.24:150][  0]LogD3D11RHI: GPU Timing Frequency: 1000.000000 (Debug: 2 1)
[2018.11.15-07.10.24:153][  0]LogShaderCompilers: Guid format shader working directory is 6 characters bigger than the processId version (C:/Users/ziyul/Desktop/AssetPipeMaster01/Intermediate/Shaders/WorkingDirectory/1204/).
[2018.11.15-07.10.24:154][  0]LogShaderCompilers: Cleaned the shader compiler working directory 'C:/Users/ziyul/AppData/Local/Temp/UnrealShaderWorkingDir/1B82460C4199FE9D6796FC9341272E5F/'.
[2018.11.15-07.10.24:746][  0]LogTemp: Display: Loaded TP AllDesktopTargetPlatform
[2018.11.15-07.10.24:761][  0]LogTemp: Display: Loaded TP MacClientTargetPlatform
[2018.11.15-07.10.24:776][  0]LogTemp: Display: Loaded TP MacNoEditorTargetPlatform
[2018.11.15-07.10.24:792][  0]LogTemp: Display: Loaded TP MacServerTargetPlatform
[2018.11.15-07.10.24:805][  0]LogTemp: Display: Loaded TP MacTargetPlatform
[2018.11.15-07.10.24:821][  0]LogTemp: Display: Loaded TP WindowsClientTargetPlatform
[2018.11.15-07.10.24:838][  0]LogTemp: Display: Loaded TP WindowsNoEditorTargetPlatform
[2018.11.15-07.10.24:854][  0]LogTemp: Display: Loaded TP WindowsServerTargetPlatform
[2018.11.15-07.10.24:863][  0]LogTemp: Display: Loaded TP WindowsTargetPlatform
[2018.11.15-07.10.24:983][  0]LogTemp: Display: Loaded TP AndroidTargetPlatform
[2018.11.15-07.10.24:984][  0]LogTemp: Display: Loaded TP AndroidTargetPlatform
[2018.11.15-07.10.24:984][  0]LogTemp: Display: Loaded TP AndroidTargetPlatform
[2018.11.15-07.10.24:984][  0]LogTemp: Display: Loaded TP AndroidTargetPlatform
[2018.11.15-07.10.24:984][  0]LogTemp: Display: Loaded TP AndroidTargetPlatform
[2018.11.15-07.10.24:984][  0]LogTemp: Display: Loaded TP AndroidTargetPlatform
[2018.11.15-07.10.24:984][  0]LogTemp: Display: Loaded TP AndroidTargetPlatform
[2018.11.15-07.10.24:984][  0]LogTemp: Display: Loaded TP AndroidTargetPlatform
[2018.11.15-07.10.24:984][  0]LogTemp: Display: Loaded TP AndroidTargetPlatform
[2018.11.15-07.10.24:984][  0]LogTemp: Display: Loaded TP AndroidTargetPlatform
[2018.11.15-07.10.24:984][  0]LogTemp: Display: Loaded TP AndroidTargetPlatform
[2018.11.15-07.10.24:984][  0]LogTemp: Display: Loaded TP AndroidTargetPlatform
[2018.11.15-07.10.24:984][  0]LogTemp: Display: Loaded TP AndroidTargetPlatform
[2018.11.15-07.10.24:984][  0]LogTemp: Display: Loaded TP AndroidTargetPlatform
[2018.11.15-07.10.24:984][  0]LogTemp: Display: Loaded TP AndroidTargetPlatform
[2018.11.15-07.10.24:984][  0]LogTemp: Display: Loaded TP AndroidTargetPlatform
[2018.11.15-07.10.24:984][  0]LogTemp: Display: Loaded TP AndroidTargetPlatform
[2018.11.15-07.10.24:984][  0]LogTemp: Display: Loaded TP AndroidTargetPlatform
[2018.11.15-07.10.24:987][  0]LogTemp: Display: Loaded TP HTML5TargetPlatform
[2018.11.15-07.10.25:068][  0]LogTemp: Display: Loaded TP IOSTargetPlatform
[2018.11.15-07.10.25:068][  0]LogTemp: Display: Loaded TP IOSTargetPlatform
[2018.11.15-07.10.25:097][  0]LogTemp: Display: Loaded TP TVOSTargetPlatform
[2018.11.15-07.10.25:097][  0]LogTemp: Display: Loaded TP TVOSTargetPlatform
[2018.11.15-07.10.25:113][  0]LogTemp: Display: Loaded TP LinuxClientTargetPlatform
[2018.11.15-07.10.25:130][  0]LogTemp: Display: Loaded TP LinuxNoEditorTargetPlatform
[2018.11.15-07.10.25:146][  0]LogTemp: Display: Loaded TP LinuxServerTargetPlatform
[2018.11.15-07.10.25:163][  0]LogTemp: Display: Loaded TP LinuxTargetPlatform
[2018.11.15-07.10.25:175][  0]LogTemp: Display: Loaded TP LuminTargetPlatform
[2018.11.15-07.10.25:175][  0]LogTargetPlatformManager: Display: Building Assets For Windows
[2018.11.15-07.10.25:240][  0]LogXGEController: Cannot use XGE Controller as Incredibuild is not installed on this machine.
[2018.11.15-07.10.25:240][  0]LogShaderCompilers: Cannot use XGE Shader Compiler as Incredibuild is not installed on this machine.
[2018.11.15-07.10.25:240][  0]LogShaderCompilers: Display: Using Local Shader Compiler.
[2018.11.15-07.10.26:268][  0]LogDerivedDataCache: Display: Max Cache Size: 512 MB
[2018.11.15-07.10.26:370][  0]LogDerivedDataCache: Loaded boot cache 0.10s 71MB C:/Users/ziyul/AppData/Local/UnrealEngine/4.20/DerivedDataCache/Boot.ddc.
[2018.11.15-07.10.26:370][  0]LogDerivedDataCache: Display: Loaded Boot cache: C:/Users/ziyul/AppData/Local/UnrealEngine/4.20/DerivedDataCache/Boot.ddc
[2018.11.15-07.10.26:370][  0]LogDerivedDataCache: FDerivedDataBackendGraph:  Pak pak cache file C:/Users/ziyul/Desktop/AssetPipeMaster01/DerivedDataCache/DDC.ddp not found, will not use a pak cache.
[2018.11.15-07.10.26:370][  0]LogDerivedDataCache: Unable to find inner node Pak for hierarchical cache Hierarchy.
[2018.11.15-07.10.26:370][  0]LogDerivedDataCache: FDerivedDataBackendGraph:  CompressedPak pak cache file C:/Users/ziyul/Desktop/AssetPipeMaster01/DerivedDataCache/Compressed.ddp not found, will not use a pak cache.
[2018.11.15-07.10.26:370][  0]LogDerivedDataCache: Unable to find inner node CompressedPak for hierarchical cache Hierarchy.
[2018.11.15-07.10.26:387][  0]LogDerivedDataCache: Display: Pak cache opened for reading ../../../Engine/DerivedDataCache/Compressed.ddp.
[2018.11.15-07.10.26:407][  0]LogDerivedDataCache: Using Local data cache path C:/Users/ziyul/AppData/Local/UnrealEngine/Common/DerivedDataCache: Writable
[2018.11.15-07.10.26:407][  0]LogDerivedDataCache: Shared data cache path not found in *engine.ini, will not use an Shared cache.
[2018.11.15-07.10.26:407][  0]LogDerivedDataCache: Unable to find inner node Shared for hierarchical cache Hierarchy.
[2018.11.15-07.10.26:430][  0]LogMaterial: Verifying Global Shaders for PCD3D_SM5
[2018.11.15-07.10.26:432][  0]LogSlate: Using FreeType 2.6.0
[2018.11.15-07.10.26:434][  0]LogSlate: SlateFontServices - WITH_FREETYPE: 1, WITH_HARFBUZZ: 1
[2018.11.15-07.10.26:529][  0]LogAssetRegistry: FAssetRegistry took 0.0266 seconds to start up
[2018.11.15-07.10.27:019][  0]LogInit: Selected Device Profile: [Windows]
[2018.11.15-07.10.27:210][  0]LogSimplygon: Simplygon DLL not present - disabling.
[2018.11.15-07.10.27:214][  0]LogMeshReduction: Using SimplygonSwarm for distributed automatic mesh merging
[2018.11.15-07.10.27:214][  0]LogMeshReduction: Using ProxyLODMeshReduction for automatic mesh merging
[2018.11.15-07.10.27:214][  0]LogMeshReduction: Using QuadricMeshReduction for automatic static mesh reduction
[2018.11.15-07.10.27:214][  0]LogMeshReduction: No automatic skeletal mesh reduction module available
[2018.11.15-07.10.27:236][  0]LogUObjectGlobals: Warning: 寻找对象'Texture2D /Engine/EngineResources/Black.Black'失败
[2018.11.15-07.10.27:236][  0]Error: CDO Constructor (Console): Failed to find /Engine/EngineResources/Black

[2018.11.15-07.10.27:243][  0]LogNetVersion: APsec1LargeCityBase 1.0.0, NetCL: 4212847, EngineNetVer: 5, GameNetVer: 0 (Checksum: 1121110827)
[2018.11.15-07.10.27:924][  0]LogUObjectBase: Warning: -------------- Default Property warnings and errors:
[2018.11.15-07.10.27:924][  0]LogUObjectBase: Warning: Error: CDO Constructor (Console): Failed to find /Engine/EngineResources/Black

[2018.11.15-07.10.27:944][  0]LogWindowsTextInputMethodSystem: Display: IME system now deactivated.
[2018.11.15-07.10.32:475][  0]LogWindowsTextInputMethodSystem: Display: IME system now deactivated.
[2018.11.15-07.10.32:481][  0]LogWindowsTextInputMethodSystem: Display: IME system now deactivated.
[2018.11.15-07.10.32:733][  0]LogPackageLocalizationCache: Processed 11 localized package path(s) for 4 prioritized culture(s) in 0.249003 seconds
[2018.11.15-07.10.32:741][  0]LogUObjectArray: 38422 objects as part of root set at end of initial load.
[2018.11.15-07.10.32:741][  0]LogUObjectAllocator: 6689872 out of 0 bytes used by permanent object pool.
[2018.11.15-07.10.32:741][  0]LogUObjectArray: CloseDisregardForGC: 0/0 objects in disregard for GC pool
[2018.11.15-07.10.33:948][  0]LogTcpMessaging: Initializing TcpMessaging bridge
[2018.11.15-07.10.33:962][  0]LogUdpMessaging: Initializing bridge on interface 0.0.0.0:0 to multicast group 230.0.0.1:6666.
[2018.11.15-07.10.34:156][  0]SourceControl: 源码控制已禁用
[2018.11.15-07.10.34:156][  0]SourceControl: 源码控制已禁用
[2018.11.15-07.10.34:159][  0]SourceControl: 源码控制已禁用
[2018.11.15-07.10.34:161][  0]SourceControl: 源码控制已禁用
[2018.11.15-07.10.34:395][  0]LogAndroidPermission: UAndroidPermissionCallbackProxy::GetInstance
[2018.11.15-07.10.34:627][  0]LogOcInput: OculusInput pre-init called
[2018.11.15-07.10.34:705][  0]LogEngine: Initializing Engine...
[2018.11.15-07.10.34:706][  0]LogHMD: Failed to initialize OpenVR with code 110
[2018.11.15-07.10.34:708][  0]LogStats: UGameplayTagsManager::ConstructGameplayTagTree: ImportINI prefixes -  0.000 s
[2018.11.15-07.10.34:708][  0]LogStats: UGameplayTagsManager::ConstructGameplayTagTree: Construct from data asset -  0.000 s
[2018.11.15-07.10.34:708][  0]LogStats: UGameplayTagsManager::ConstructGameplayTagTree: ImportINI -  0.000 s
[2018.11.15-07.10.34:708][  0]LogStats: UGameplayTagsManager::ConstructGameplayTagTree: GameplayTagTreeChangedEvent.Broadcast -  0.000 s
[2018.11.15-07.10.35:099][  0]LogInit: Initializing FReadOnlyCVARCache
[2018.11.15-07.10.35:119][  0]LogAIModule: Creating AISystem for world Untitled
[2018.11.15-07.10.35:294][  0]LogInit: XAudio2 using '扬声器 (Realtek High Definition Audio)' : 2 channels at 48 kHz using 32 bits per sample (channel mask 0x3)
[2018.11.15-07.10.35:370][  0]LogInit: FAudioDevice initialized.
[2018.11.15-07.10.35:370][  0]LogNetVersion: Set ProjectVersion to 1.0.0.0. Version Checksum will be recalculated on next use.
[2018.11.15-07.10.35:481][  0]LogDerivedDataCache: Saved boot cache 0.11s 71MB C:/Users/ziyul/AppData/Local/UnrealEngine/4.20/DerivedDataCache/Boot.ddc.
[2018.11.15-07.10.35:488][  0]LogInit: Texture streaming: Enabled
[2018.11.15-07.10.35:518][  0]LogEngineSessionManager: EngineSessionManager initialized
[2018.11.15-07.10.35:534][  0]LogInit: Transaction tracking system initialized
[2018.11.15-07.10.35:562][  0]BlueprintLog: New page: 编辑器加载
[2018.11.15-07.10.35:764][  0]LocalizationService: 本地化服务已被禁用
[2018.11.15-07.10.41:005][  0]LogAutoReimportManager: Warning: Unable to watch directory C:/Users/ziyul/Desktop/AssetPipeMaster01/Content/ as it doesn't exist.
[2018.11.15-07.10.41:043][  0]LogCook: Display: Max memory allowance for cook 16384mb min free memory 0mb
[2018.11.15-07.10.41:043][  0]LogCook: Display: Mobile HDR setting 1
[2018.11.15-07.10.41:043][  0]LogGameplayTags: Display: UGameplayTagsManager::DoneAddingNativeTags. DelegateIsBound: 0
[2018.11.15-07.10.41:043][  0]LogStats: UGameplayTagsManager::ConstructGameplayTagTree: ImportINI prefixes -  0.000 s
[2018.11.15-07.10.41:043][  0]LogStats: UGameplayTagsManager::ConstructGameplayTagTree: Construct from data asset -  0.000 s
[2018.11.15-07.10.41:043][  0]LogStats: UGameplayTagsManager::ConstructGameplayTagTree: ImportINI -  0.000 s
[2018.11.15-07.10.41:043][  0]LogStats: UGameplayTagsManager::ConstructGameplayTagTree: GameplayTagTreeChangedEvent.Broadcast -  0.000 s
[2018.11.15-07.10.48:512][  0]SourceControl: 源码控制已禁用
[2018.11.15-07.10.48:594][  0]Cmd: MAP LOAD FILE="../../../Engine/Content/Maps/Templates/Template_Default.umap" TEMPLATE=1 SHOWPROGRESS=1 FEATURELEVEL=3
[2018.11.15-07.10.48:634][  0]LightingResults: New page: 光照构建
[2018.11.15-07.10.49:065][  0]MapCheck: New page: 地图检测
[2018.11.15-07.10.49:065][  0]LightingResults: New page: 光照构建
[2018.11.15-07.10.53:402][  0]LogAIModule: Creating AISystem for world Untitled_1
[2018.11.15-07.10.55:458][  0]LogEditorServer: Finished looking for orphan Actors (0.000 secs)
[2018.11.15-07.10.55:787][  0]Cmd: MAP CHECKDEP NOCLEARLOG
[2018.11.15-07.10.55:899][  0]MapCheck: 地图检测完成：0个错误，0 个警告，用时111.032毫秒完成。
[2018.11.15-07.10.55:919][  0]LogFileHelpers: Loading map 'Template_Default' took 7.379
[2018.11.15-07.10.59:533][  0]LogSlate: Updating window title bar state: overlay mode, drag disabled, window buttons hidden, title bar hidden
[2018.11.15-07.10.59:644][  0]LogSlate: Updating window title bar state: overlay mode, drag disabled, window buttons hidden, title bar hidden
[2018.11.15-07.10.59:655][  0]LogSlate: Updating window title bar state: overlay mode, drag disabled, window buttons hidden, title bar hidden
[2018.11.15-07.10.59:664][  0]LogSlate: Updating window title bar state: overlay mode, drag disabled, window buttons hidden, title bar hidden
[2018.11.15-07.10.59:866][  0]LogCollectionManager: Loaded 0 collections in 0.001124 seconds
[2018.11.15-07.11.00:197][  0]LogFileCache: Scanning file cache for directory 'C:/Users/ziyul/Desktop/AssetPipeMaster01/Saved/Collections/' took 0.01s
[2018.11.15-07.11.00:197][  0]LogFileCache: Scanning file cache for directory 'C:/Users/ziyul/Desktop/AssetPipeMaster01/Content/Developers/ziyul/Collections/' took 0.01s
[2018.11.15-07.11.00:197][  0]LogFileCache: Scanning file cache for directory 'C:/Users/ziyul/Desktop/AssetPipeMaster01/Content/Collections/' took 0.01s
[2018.11.15-07.11.00:198][  0]LogCollectionManager: Rebuilt the GUID cache for 0 collections in 0.000000 seconds
[2018.11.15-07.11.00:266][  0]LogContentBrowser: Native class hierarchy populated in 0.0192 seconds. Added 2572 classes and 603 folders.
[2018.11.15-07.11.00:479][  0]LogContentBrowser: Native class hierarchy updated for 'WidgetCarousel' in 0.0004 seconds. Added 0 classes and 0 folders.
[2018.11.15-07.11.03:621][  0]LogContentBrowser: Native class hierarchy updated for 'AddContentDialog' in 0.0003 seconds. Added 0 classes and 0 folders.
[2018.11.15-07.11.03:943][  0]LogContentBrowser: Native class hierarchy updated for 'SceneOutliner' in 0.0003 seconds. Added 1 classes and 2 folders.
[2018.11.15-07.11.05:620][  0]LogSlate: Took 0.053995 seconds to synchronously load lazily loaded font '../../../Engine/Content/Slate/Fonts/Roboto-Regular.ttf' (155K)
[2018.11.15-07.11.05:732][  0]LogSlate: Took 0.043567 seconds to synchronously load lazily loaded font '../../../Engine/Content/Slate/Fonts/DroidSansFallback.ttf' (3848K)
[2018.11.15-07.11.05:795][  0]LogSlate: Took 0.020921 seconds to synchronously load lazily loaded font '../../../Engine/Content/Slate/Fonts/Roboto-Bold.ttf' (160K)
[2018.11.15-07.11.05:997][  0]LogSlate: Took 0.019461 seconds to synchronously load lazily loaded font '../../../Engine/Content/Editor/Slate/Fonts/FontAwesome.ttf' (139K)
[2018.11.15-07.11.07:496][  0]LogRenderer: Reallocating scene render targets to support 1208x576 Format 10 NumSamples 1 (Frame:1).
[2018.11.15-07.11.11:292][  0]LogContentBrowser: Native class hierarchy updated for 'HierarchicalLODOutliner' in 0.0004 seconds. Added 0 classes and 0 folders.
[2018.11.15-07.11.11:292][  0]LogLoad: (Engine Initialization) Total time: 50.92 seconds
[2018.11.15-07.11.11:292][  0]LogLoad: (Engine Initialization) Total Blueprint compile time: 0.00 seconds
[2018.11.15-07.11.12:532][  0]LogContentStreaming: Texture pool size now 1000 MB
[2018.11.15-07.11.13:977][  4]LogAssetRegistry: Asset discovery search completed in 47.4708 seconds
[2018.11.15-07.11.14:067][  4]LogCollectionManager: Rebuilt the object cache for 0 collections in 0.000001 seconds (found 0 objects)
[2018.11.15-07.11.14:067][  4]LogCollectionManager: Fixed up redirectors for 0 collections in 0.043662 seconds (updated 0 objects)
